[01m[K/home/stardust/eng_ws/src/exchangestation_detector/src/detector_node.cpp:[m[K In constructor ‘[01m[Kexchangestation_detector_node::exchangestation_detector_node(const rclcpp::NodeOptions&)[m[K’:
[01m[K/home/stardust/eng_ws/src/exchangestation_detector/src/detector_node.cpp:25:40:[m[K [01;31m[Kerror: [m[K‘[01m[Kmsg_interfaces[m[K’ was not declared in this scope; did you mean ‘[01m[Kmsg_interface[m[K’?
   25 |     angle_pub = this->create_publisher<[01;31m[Kmsg_interfaces[m[K::msg::Angle>("angle", rclcpp::SensorDataQoS());
      |                                        [01;31m[K^~~~~~~~~~~~~~[m[K
      |                                        [32m[Kmsg_interface[m[K
[01m[K/home/stardust/eng_ws/src/exchangestation_detector/src/detector_node.cpp:25:23:[m[K [01;31m[Kerror: [m[Kparse error in template argument list
   25 |     angle_pub = this->[01;31m[Kcreate_publisher<msg_interfaces::msg::Angle>[m[K("angle", rclcpp::SensorDataQoS());
      |                       [01;31m[K^~~~~~~~~~~~~~~~~~~~~~~~~~~~~~~~~~~~~~~~~~~~[m[K
[01m[K/home/stardust/eng_ws/src/exchangestation_detector/src/detector_node.cpp:25:67:[m[K [01;31m[Kerror: [m[Kno matching function for call to ‘[01m[Kexchangestation_detector_node::create_publisher<<expression error> >(const char [6], rclcpp::SensorDataQoS)[m[K’
   25 |     angle_pub = [01;31m[Kthis->create_publisher<msg_interfaces::msg::Angle>("angle", rclcpp::SensorDataQoS())[m[K;
      |                 [01;31m[K~~~~~~~~~~~~~~~~~~~~~~~~~~~~~~~~~~~~~~~~~~~~~~~~~~^~~~~~~~~~~~~~~~~~~~~~~~~~~~~~~~~~[m[K
In file included from [01m[K/opt/ros/humble/include/rclcpp/rclcpp/executors/single_threaded_executor.hpp:28[m[K,
                 from [01m[K/opt/ros/humble/include/rclcpp/rclcpp/executors.hpp:22[m[K,
                 from [01m[K/opt/ros/humble/include/rclcpp/rclcpp/rclcpp.hpp:155[m[K,
                 from [01m[K/home/stardust/eng_ws/src/exchangestation_detector/include/exchangestation_detector/detector_node.hpp:3[m[K,
                 from [01m[K/home/stardust/eng_ws/src/exchangestation_detector/src/detector_node.cpp:14[m[K:
[01m[K/opt/ros/humble/include/rclcpp/rclcpp/node.hpp:195:3:[m[K [01;36m[Knote: [m[Kcandidate: ‘[01m[Ktemplate<class MessageT, class AllocatorT, class PublisherT> std::shared_ptr<PublisherT> rclcpp::Node::create_publisher(const string&, const rclcpp::QoS&, const rclcpp::PublisherOptionsWithAllocator<AllocatorT>&)[m[K’
  195 |   [01;36m[Kcreate_publisher[m[K(
      |   [01;36m[K^~~~~~~~~~~~~~~~[m[K
[01m[K/opt/ros/humble/include/rclcpp/rclcpp/node.hpp:195:3:[m[K [01;36m[Knote: [m[K  template argument deduction/substitution failed:
[01m[K/home/stardust/eng_ws/src/exchangestation_detector/src/detector_node.cpp:25:67:[m[K [01;31m[Kerror: [m[Ktemplate argument 1 is invalid
   25 |     angle_pub = [01;31m[Kthis->create_publisher<msg_interfaces::msg::Angle>("angle", rclcpp::SensorDataQoS())[m[K;
      |                 [01;31m[K~~~~~~~~~~~~~~~~~~~~~~~~~~~~~~~~~~~~~~~~~~~~~~~~~~^~~~~~~~~~~~~~~~~~~~~~~~~~~~~~~~~~[m[K
[01m[K/home/stardust/eng_ws/src/exchangestation_detector/src/detector_node.cpp:32:90:[m[K [01;31m[Kerror: [m[K‘[01m[KSensorDataQos[m[K’ is not a member of ‘[01m[Krclcpp[m[K’; did you mean ‘[01m[KSensorDataQoS[m[K’?
   32 |     image_sub = this->create_subscription<sensor_msgs::msg::Image>("/image_raw", rclcpp::[01;31m[KSensorDataQos[m[K(),
      |                                                                                          [01;31m[K^~~~~~~~~~~~~[m[K
      |                                                                                          [32m[KSensorDataQoS[m[K
[01m[K/home/stardust/eng_ws/src/exchangestation_detector/src/detector_node.cpp:[m[K At global scope:
[01m[K/home/stardust/eng_ws/src/exchangestation_detector/src/detector_node.cpp:34:6:[m[K [01;31m[Kerror: [m[Kexpected unqualified-id before ‘[01m[K)[m[K’ token
   34 |     }[01;31m[K)[m[K;
      |      [01;31m[K^[m[K
[01m[K/home/stardust/eng_ws/src/exchangestation_detector/src/detector_node.cpp:35:1:[m[K [01;31m[Kerror: [m[Kexpected declaration before ‘[01m[K}[m[K’ token
   35 | [01;31m[K}[m[K
      | [01;31m[K^[m[K
[01m[K/home/stardust/eng_ws/src/exchangestation_detector/src/detector_node.cpp:41:25:[m[K [01;31m[Kerror: [m[Kno declaration matches ‘[01m[KExchangeStationDetector exchangestation_detector_node::initDetector()[m[K’
   41 | ExchangeStationDetector [01;31m[Kexchangestation_detector_node[m[K::initDetector() {
      |                         [01;31m[K^~~~~~~~~~~~~~~~~~~~~~~~~~~~~[m[K
In file included from [01m[K/home/stardust/eng_ws/src/exchangestation_detector/src/detector_node.cpp:14[m[K:
[01m[K/home/stardust/eng_ws/src/exchangestation_detector/include/exchangestation_detector/detector_node.hpp:22:46:[m[K [01;36m[Knote: [m[Kcandidate is: ‘[01m[Kstd::unique_ptr<ExchangeStationDetector> exchangestation_detector_node::initDetector()[m[K’
   22 |     std::unique_ptr<ExchangeStationDetector> [01;36m[KinitDetector[m[K();
      |                                              [01;36m[K^~~~~~~~~~~~[m[K
[01m[K/home/stardust/eng_ws/src/exchangestation_detector/include/exchangestation_detector/detector_node.hpp:14:7:[m[K [01;36m[Knote: [m[K‘[01m[Kclass exchangestation_detector_node[m[K’ defined here
   14 | class [01;36m[Kexchangestation_detector_node[m[K : public rclcpp::Node {
      |       [01;36m[K^~~~~~~~~~~~~~~~~~~~~~~~~~~~~[m[K
[01m[K/home/stardust/eng_ws/src/exchangestation_detector/src/detector_node.cpp:61:6:[m[K [01;31m[Kerror: [m[Kno declaration matches ‘[01m[Kvoid ExchangeStationDetector::imageCallback(const SharedPtr&)[m[K’
   61 | void [01;31m[KExchangeStationDetector[m[K::imageCallback(const sensor_msgs::msg::Image::SharedPtr & msg) {
      |      [01;31m[K^~~~~~~~~~~~~~~~~~~~~~~[m[K
[01m[K/home/stardust/eng_ws/src/exchangestation_detector/src/detector_node.cpp:61:6:[m[K [01;36m[Knote: [m[Kno functions named ‘[01m[Kvoid ExchangeStationDetector::imageCallback(const SharedPtr&)[m[K’
In file included from [01m[K/home/stardust/eng_ws/src/exchangestation_detector/include/exchangestation_detector/detector_node.hpp:12[m[K,
                 from [01m[K/home/stardust/eng_ws/src/exchangestation_detector/src/detector_node.cpp:14[m[K:
[01m[K/home/stardust/eng_ws/src/exchangestation_detector/include/exchangestation_detector/exchangestation_detector.hpp:19:7:[m[K [01;36m[Knote: [m[K‘[01m[Kclass ExchangeStationDetector[m[K’ defined here
   19 | class [01;36m[KExchangeStationDetector[m[K {
      |       [01;36m[K^~~~~~~~~~~~~~~~~~~~~~~[m[K
gmake[2]: *** [CMakeFiles/exchangestation_detector.dir/build.make:90：CMakeFiles/exchangestation_detector.dir/src/detector_node.cpp.o] 错误 1
gmake[1]: *** [CMakeFiles/Makefile2:137：CMakeFiles/exchangestation_detector.dir/all] 错误 2
gmake: *** [Makefile:146：all] 错误 2
