[0.106s] DEBUG:colcon:Command line arguments: ['/usr/bin/colcon', 'build']
[0.106s] DEBUG:colcon:Parsed command line arguments: Namespace(log_base=None, log_level=None, verb_name='build', build_base='build', install_base='install', merge_install=False, symlink_install=False, test_result_base=None, continue_on_error=False, executor='parallel', parallel_workers=12, event_handlers=None, ignore_user_meta=False, metas=['./colcon.meta'], base_paths=['.'], packages_ignore=None, packages_ignore_regex=None, paths=None, packages_up_to=None, packages_up_to_regex=None, packages_above=None, packages_above_and_dependencies=None, packages_above_depth=None, packages_select_by_dep=None, packages_skip_by_dep=None, packages_skip_up_to=None, packages_select_build_failed=False, packages_skip_build_finished=False, packages_select_test_failures=False, packages_skip_test_passed=False, packages_select=None, packages_skip=None, packages_select_regex=None, packages_skip_regex=None, packages_start=None, packages_end=None, allow_overriding=[], cmake_args=None, cmake_target=None, cmake_target_skip_unavailable=False, cmake_clean_cache=False, cmake_clean_first=False, cmake_force_configure=False, ament_cmake_args=None, catkin_cmake_args=None, catkin_skip_building_tests=False, verb_parser=<colcon_defaults.argument_parser.defaults.DefaultArgumentsDecorator object at 0x7f7e4250d120>, verb_extension=<colcon_core.verb.build.BuildVerb object at 0x7f7e425f9d80>, main=<bound method BuildVerb.main of <colcon_core.verb.build.BuildVerb object at 0x7f7e425f9d80>>)
[0.380s] Level 1:colcon.colcon_core.package_discovery:discover_packages(colcon_meta) check parameters
[0.380s] Level 1:colcon.colcon_core.package_discovery:discover_packages(recursive) check parameters
[0.380s] Level 1:colcon.colcon_core.package_discovery:discover_packages(ignore) check parameters
[0.380s] Level 1:colcon.colcon_core.package_discovery:discover_packages(path) check parameters
[0.380s] Level 1:colcon.colcon_core.package_discovery:discover_packages(colcon_meta) discover
[0.380s] Level 1:colcon.colcon_core.package_discovery:discover_packages(recursive) discover
[0.380s] INFO:colcon.colcon_core.package_discovery:Crawling recursively for packages in '/home/jlurobovision/eng_ws'
[0.380s] Level 1:colcon.colcon_core.package_identification:_identify(.) by extensions ['ignore', 'ignore_ament_install']
[0.380s] Level 1:colcon.colcon_core.package_identification:_identify(.) by extension 'ignore'
[0.380s] Level 1:colcon.colcon_core.package_identification:_identify(.) by extension 'ignore_ament_install'
[0.380s] Level 1:colcon.colcon_core.package_identification:_identify(.) by extensions ['colcon_pkg']
[0.380s] Level 1:colcon.colcon_core.package_identification:_identify(.) by extension 'colcon_pkg'
[0.380s] Level 1:colcon.colcon_core.package_identification:_identify(.) by extensions ['colcon_meta']
[0.380s] Level 1:colcon.colcon_core.package_identification:_identify(.) by extension 'colcon_meta'
[0.380s] Level 1:colcon.colcon_core.package_identification:_identify(.) by extensions ['ros']
[0.380s] Level 1:colcon.colcon_core.package_identification:_identify(.) by extension 'ros'
[0.391s] Level 1:colcon.colcon_core.package_identification:_identify(.) by extensions ['cmake', 'python']
[0.391s] Level 1:colcon.colcon_core.package_identification:_identify(.) by extension 'cmake'
[0.391s] Level 1:colcon.colcon_core.package_identification:_identify(.) by extension 'python'
[0.391s] Level 1:colcon.colcon_core.package_identification:_identify(.) by extensions ['python_setup_py']
[0.391s] Level 1:colcon.colcon_core.package_identification:_identify(.) by extension 'python_setup_py'
[0.392s] Level 1:colcon.colcon_core.package_identification:_identify(build) by extensions ['ignore', 'ignore_ament_install']
[0.392s] Level 1:colcon.colcon_core.package_identification:_identify(build) by extension 'ignore'
[0.392s] Level 1:colcon.colcon_core.package_identification:_identify(build) ignored
[0.392s] Level 1:colcon.colcon_core.package_identification:_identify(install) by extensions ['ignore', 'ignore_ament_install']
[0.392s] Level 1:colcon.colcon_core.package_identification:_identify(install) by extension 'ignore'
[0.392s] Level 1:colcon.colcon_core.package_identification:_identify(install) ignored
[0.392s] Level 1:colcon.colcon_core.package_identification:_identify(log) by extensions ['ignore', 'ignore_ament_install']
[0.392s] Level 1:colcon.colcon_core.package_identification:_identify(log) by extension 'ignore'
[0.392s] Level 1:colcon.colcon_core.package_identification:_identify(log) ignored
[0.393s] Level 1:colcon.colcon_core.package_identification:_identify(src) by extensions ['ignore', 'ignore_ament_install']
[0.393s] Level 1:colcon.colcon_core.package_identification:_identify(src) by extension 'ignore'
[0.393s] Level 1:colcon.colcon_core.package_identification:_identify(src) by extension 'ignore_ament_install'
[0.393s] Level 1:colcon.colcon_core.package_identification:_identify(src) by extensions ['colcon_pkg']
[0.393s] Level 1:colcon.colcon_core.package_identification:_identify(src) by extension 'colcon_pkg'
[0.393s] Level 1:colcon.colcon_core.package_identification:_identify(src) by extensions ['colcon_meta']
[0.393s] Level 1:colcon.colcon_core.package_identification:_identify(src) by extension 'colcon_meta'
[0.393s] Level 1:colcon.colcon_core.package_identification:_identify(src) by extensions ['ros']
[0.393s] Level 1:colcon.colcon_core.package_identification:_identify(src) by extension 'ros'
[0.393s] Level 1:colcon.colcon_core.package_identification:_identify(src) by extensions ['cmake', 'python']
[0.393s] Level 1:colcon.colcon_core.package_identification:_identify(src) by extension 'cmake'
[0.393s] Level 1:colcon.colcon_core.package_identification:_identify(src) by extension 'python'
[0.393s] Level 1:colcon.colcon_core.package_identification:_identify(src) by extensions ['python_setup_py']
[0.393s] Level 1:colcon.colcon_core.package_identification:_identify(src) by extension 'python_setup_py'
[0.393s] Level 1:colcon.colcon_core.package_identification:_identify(src/camera_calibration) by extensions ['ignore', 'ignore_ament_install']
[0.393s] Level 1:colcon.colcon_core.package_identification:_identify(src/camera_calibration) by extension 'ignore'
[0.393s] Level 1:colcon.colcon_core.package_identification:_identify(src/camera_calibration) by extension 'ignore_ament_install'
[0.393s] Level 1:colcon.colcon_core.package_identification:_identify(src/camera_calibration) by extensions ['colcon_pkg']
[0.393s] Level 1:colcon.colcon_core.package_identification:_identify(src/camera_calibration) by extension 'colcon_pkg'
[0.393s] Level 1:colcon.colcon_core.package_identification:_identify(src/camera_calibration) by extensions ['colcon_meta']
[0.393s] Level 1:colcon.colcon_core.package_identification:_identify(src/camera_calibration) by extension 'colcon_meta'
[0.394s] Level 1:colcon.colcon_core.package_identification:_identify(src/camera_calibration) by extensions ['ros']
[0.394s] Level 1:colcon.colcon_core.package_identification:_identify(src/camera_calibration) by extension 'ros'
[0.396s] DEBUG:colcon.colcon_core.package_identification:Package 'src/camera_calibration' with type 'ros.ament_cmake' and name 'camera_calibration'
[0.396s] Level 1:colcon.colcon_core.package_identification:_identify(src/exchangestation_detector) by extensions ['ignore', 'ignore_ament_install']
[0.396s] Level 1:colcon.colcon_core.package_identification:_identify(src/exchangestation_detector) by extension 'ignore'
[0.396s] Level 1:colcon.colcon_core.package_identification:_identify(src/exchangestation_detector) by extension 'ignore_ament_install'
[0.396s] Level 1:colcon.colcon_core.package_identification:_identify(src/exchangestation_detector) by extensions ['colcon_pkg']
[0.396s] Level 1:colcon.colcon_core.package_identification:_identify(src/exchangestation_detector) by extension 'colcon_pkg'
[0.396s] Level 1:colcon.colcon_core.package_identification:_identify(src/exchangestation_detector) by extensions ['colcon_meta']
[0.396s] Level 1:colcon.colcon_core.package_identification:_identify(src/exchangestation_detector) by extension 'colcon_meta'
[0.397s] Level 1:colcon.colcon_core.package_identification:_identify(src/exchangestation_detector) by extensions ['ros']
[0.397s] Level 1:colcon.colcon_core.package_identification:_identify(src/exchangestation_detector) by extension 'ros'
[0.398s] DEBUG:colcon.colcon_core.package_identification:Package 'src/exchangestation_detector' with type 'ros.ament_cmake' and name 'exchangestation_detector'
[0.398s] Level 1:colcon.colcon_core.package_identification:_identify(src/galaxy_camera) by extensions ['ignore', 'ignore_ament_install']
[0.398s] Level 1:colcon.colcon_core.package_identification:_identify(src/galaxy_camera) by extension 'ignore'
[0.398s] Level 1:colcon.colcon_core.package_identification:_identify(src/galaxy_camera) by extension 'ignore_ament_install'
[0.398s] Level 1:colcon.colcon_core.package_identification:_identify(src/galaxy_camera) by extensions ['colcon_pkg']
[0.398s] Level 1:colcon.colcon_core.package_identification:_identify(src/galaxy_camera) by extension 'colcon_pkg'
[0.398s] Level 1:colcon.colcon_core.package_identification:_identify(src/galaxy_camera) by extensions ['colcon_meta']
[0.398s] Level 1:colcon.colcon_core.package_identification:_identify(src/galaxy_camera) by extension 'colcon_meta'
[0.398s] Level 1:colcon.colcon_core.package_identification:_identify(src/galaxy_camera) by extensions ['ros']
[0.398s] Level 1:colcon.colcon_core.package_identification:_identify(src/galaxy_camera) by extension 'ros'
[0.399s] DEBUG:colcon.colcon_core.package_identification:Package 'src/galaxy_camera' with type 'ros.ament_cmake' and name 'galaxy_camera'
[0.399s] Level 1:colcon.colcon_core.package_identification:_identify(src/global_launch) by extensions ['ignore', 'ignore_ament_install']
[0.399s] Level 1:colcon.colcon_core.package_identification:_identify(src/global_launch) by extension 'ignore'
[0.399s] Level 1:colcon.colcon_core.package_identification:_identify(src/global_launch) by extension 'ignore_ament_install'
[0.399s] Level 1:colcon.colcon_core.package_identification:_identify(src/global_launch) by extensions ['colcon_pkg']
[0.399s] Level 1:colcon.colcon_core.package_identification:_identify(src/global_launch) by extension 'colcon_pkg'
[0.399s] Level 1:colcon.colcon_core.package_identification:_identify(src/global_launch) by extensions ['colcon_meta']
[0.399s] Level 1:colcon.colcon_core.package_identification:_identify(src/global_launch) by extension 'colcon_meta'
[0.399s] Level 1:colcon.colcon_core.package_identification:_identify(src/global_launch) by extensions ['ros']
[0.399s] Level 1:colcon.colcon_core.package_identification:_identify(src/global_launch) by extension 'ros'
[0.400s] DEBUG:colcon.colcon_core.package_identification:Package 'src/global_launch' with type 'ros.ament_cmake' and name 'global_launch'
[0.400s] Level 1:colcon.colcon_core.package_identification:_identify(src/hik_camera) by extensions ['ignore', 'ignore_ament_install']
[0.400s] Level 1:colcon.colcon_core.package_identification:_identify(src/hik_camera) by extension 'ignore'
[0.400s] Level 1:colcon.colcon_core.package_identification:_identify(src/hik_camera) by extension 'ignore_ament_install'
[0.400s] Level 1:colcon.colcon_core.package_identification:_identify(src/hik_camera) by extensions ['colcon_pkg']
[0.400s] Level 1:colcon.colcon_core.package_identification:_identify(src/hik_camera) by extension 'colcon_pkg'
[0.400s] Level 1:colcon.colcon_core.package_identification:_identify(src/hik_camera) by extensions ['colcon_meta']
[0.400s] Level 1:colcon.colcon_core.package_identification:_identify(src/hik_camera) by extension 'colcon_meta'
[0.400s] Level 1:colcon.colcon_core.package_identification:_identify(src/hik_camera) by extensions ['ros']
[0.400s] Level 1:colcon.colcon_core.package_identification:_identify(src/hik_camera) by extension 'ros'
[0.401s] DEBUG:colcon.colcon_core.package_identification:Package 'src/hik_camera' with type 'ros.ament_cmake' and name 'hik_camera'
[0.401s] Level 1:colcon.colcon_core.package_identification:_identify(src/msg_interfaces) by extensions ['ignore', 'ignore_ament_install']
[0.401s] Level 1:colcon.colcon_core.package_identification:_identify(src/msg_interfaces) by extension 'ignore'
[0.401s] Level 1:colcon.colcon_core.package_identification:_identify(src/msg_interfaces) by extension 'ignore_ament_install'
[0.401s] Level 1:colcon.colcon_core.package_identification:_identify(src/msg_interfaces) by extensions ['colcon_pkg']
[0.401s] Level 1:colcon.colcon_core.package_identification:_identify(src/msg_interfaces) by extension 'colcon_pkg'
[0.401s] Level 1:colcon.colcon_core.package_identification:_identify(src/msg_interfaces) by extensions ['colcon_meta']
[0.401s] Level 1:colcon.colcon_core.package_identification:_identify(src/msg_interfaces) by extension 'colcon_meta'
[0.402s] Level 1:colcon.colcon_core.package_identification:_identify(src/msg_interfaces) by extensions ['ros']
[0.402s] Level 1:colcon.colcon_core.package_identification:_identify(src/msg_interfaces) by extension 'ros'
[0.402s] DEBUG:colcon.colcon_core.package_identification:Package 'src/msg_interfaces' with type 'ros.ament_cmake' and name 'msg_interfaces'
[0.402s] Level 1:colcon.colcon_core.package_identification:_identify(src/serial) by extensions ['ignore', 'ignore_ament_install']
[0.402s] Level 1:colcon.colcon_core.package_identification:_identify(src/serial) by extension 'ignore'
[0.402s] Level 1:colcon.colcon_core.package_identification:_identify(src/serial) by extension 'ignore_ament_install'
[0.402s] Level 1:colcon.colcon_core.package_identification:_identify(src/serial) by extensions ['colcon_pkg']
[0.402s] Level 1:colcon.colcon_core.package_identification:_identify(src/serial) by extension 'colcon_pkg'
[0.402s] Level 1:colcon.colcon_core.package_identification:_identify(src/serial) by extensions ['colcon_meta']
[0.402s] Level 1:colcon.colcon_core.package_identification:_identify(src/serial) by extension 'colcon_meta'
[0.402s] Level 1:colcon.colcon_core.package_identification:_identify(src/serial) by extensions ['ros']
[0.402s] Level 1:colcon.colcon_core.package_identification:_identify(src/serial) by extension 'ros'
[0.404s] DEBUG:colcon.colcon_core.package_identification:Package 'src/serial' with type 'ros.ament_cmake' and name 'serial'
[0.404s] Level 1:colcon.colcon_core.package_discovery:discover_packages(recursive) using defaults
[0.404s] Level 1:colcon.colcon_core.package_discovery:discover_packages(ignore) discover
[0.404s] Level 1:colcon.colcon_core.package_discovery:discover_packages(ignore) using defaults
[0.404s] Level 1:colcon.colcon_core.package_discovery:discover_packages(path) discover
[0.404s] Level 1:colcon.colcon_core.package_discovery:discover_packages(path) using defaults
[0.460s] Level 1:colcon.colcon_core.package_discovery:discover_packages(prefix_path) check parameters
[0.460s] Level 1:colcon.colcon_core.package_discovery:discover_packages(prefix_path) discover
[0.464s] DEBUG:colcon.colcon_installed_package_information.package_discovery:Found 7 installed packages in /home/jlurobovision/eng_ws/install
[0.466s] DEBUG:colcon.colcon_installed_package_information.package_discovery:Found 273 installed packages in /opt/ros/humble
[0.468s] Level 1:colcon.colcon_core.package_discovery:discover_packages(prefix_path) using defaults
[0.572s] Level 5:colcon.colcon_core.verb:set package 'camera_calibration' build argument 'cmake_args' from command line to 'None'
[0.572s] Level 5:colcon.colcon_core.verb:set package 'camera_calibration' build argument 'cmake_target' from command line to 'None'
[0.572s] Level 5:colcon.colcon_core.verb:set package 'camera_calibration' build argument 'cmake_target_skip_unavailable' from command line to 'False'
[0.572s] Level 5:colcon.colcon_core.verb:set package 'camera_calibration' build argument 'cmake_clean_cache' from command line to 'False'
[0.572s] Level 5:colcon.colcon_core.verb:set package 'camera_calibration' build argument 'cmake_clean_first' from command line to 'False'
[0.573s] Level 5:colcon.colcon_core.verb:set package 'camera_calibration' build argument 'cmake_force_configure' from command line to 'False'
[0.573s] Level 5:colcon.colcon_core.verb:set package 'camera_calibration' build argument 'ament_cmake_args' from command line to 'None'
[0.573s] Level 5:colcon.colcon_core.verb:set package 'camera_calibration' build argument 'catkin_cmake_args' from command line to 'None'
[0.573s] Level 5:colcon.colcon_core.verb:set package 'camera_calibration' build argument 'catkin_skip_building_tests' from command line to 'False'
[0.573s] DEBUG:colcon.colcon_core.verb:Building package 'camera_calibration' with the following arguments: {'ament_cmake_args': None, 'build_base': '/home/jlurobovision/eng_ws/build/camera_calibration', 'catkin_cmake_args': None, 'catkin_skip_building_tests': False, 'cmake_args': None, 'cmake_clean_cache': False, 'cmake_clean_first': False, 'cmake_force_configure': False, 'cmake_target': None, 'cmake_target_skip_unavailable': False, 'install_base': '/home/jlurobovision/eng_ws/install/camera_calibration', 'merge_install': False, 'path': '/home/jlurobovision/eng_ws/src/camera_calibration', 'symlink_install': False, 'test_result_base': None}
[0.575s] Level 5:colcon.colcon_core.verb:set package 'global_launch' build argument 'cmake_args' from command line to 'None'
[0.575s] Level 5:colcon.colcon_core.verb:set package 'global_launch' build argument 'cmake_target' from command line to 'None'
[0.576s] Level 5:colcon.colcon_core.verb:set package 'global_launch' build argument 'cmake_target_skip_unavailable' from command line to 'False'
[0.576s] Level 5:colcon.colcon_core.verb:set package 'global_launch' build argument 'cmake_clean_cache' from command line to 'False'
[0.576s] Level 5:colcon.colcon_core.verb:set package 'global_launch' build argument 'cmake_clean_first' from command line to 'False'
[0.576s] Level 5:colcon.colcon_core.verb:set package 'global_launch' build argument 'cmake_force_configure' from command line to 'False'
[0.576s] Level 5:colcon.colcon_core.verb:set package 'global_launch' build argument 'ament_cmake_args' from command line to 'None'
[0.576s] Level 5:colcon.colcon_core.verb:set package 'global_launch' build argument 'catkin_cmake_args' from command line to 'None'
[0.576s] Level 5:colcon.colcon_core.verb:set package 'global_launch' build argument 'catkin_skip_building_tests' from command line to 'False'
[0.576s] DEBUG:colcon.colcon_core.verb:Building package 'global_launch' with the following arguments: {'ament_cmake_args': None, 'build_base': '/home/jlurobovision/eng_ws/build/global_launch', 'catkin_cmake_args': None, 'catkin_skip_building_tests': False, 'cmake_args': None, 'cmake_clean_cache': False, 'cmake_clean_first': False, 'cmake_force_configure': False, 'cmake_target': None, 'cmake_target_skip_unavailable': False, 'install_base': '/home/jlurobovision/eng_ws/install/global_launch', 'merge_install': False, 'path': '/home/jlurobovision/eng_ws/src/global_launch', 'symlink_install': False, 'test_result_base': None}
[0.578s] Level 5:colcon.colcon_core.verb:set package 'msg_interfaces' build argument 'cmake_args' from command line to 'None'
[0.578s] Level 5:colcon.colcon_core.verb:set package 'msg_interfaces' build argument 'cmake_target' from command line to 'None'
[0.578s] Level 5:colcon.colcon_core.verb:set package 'msg_interfaces' build argument 'cmake_target_skip_unavailable' from command line to 'False'
[0.578s] Level 5:colcon.colcon_core.verb:set package 'msg_interfaces' build argument 'cmake_clean_cache' from command line to 'False'
[0.578s] Level 5:colcon.colcon_core.verb:set package 'msg_interfaces' build argument 'cmake_clean_first' from command line to 'False'
[0.578s] Level 5:colcon.colcon_core.verb:set package 'msg_interfaces' build argument 'cmake_force_configure' from command line to 'False'
[0.578s] Level 5:colcon.colcon_core.verb:set package 'msg_interfaces' build argument 'ament_cmake_args' from command line to 'None'
[0.578s] Level 5:colcon.colcon_core.verb:set package 'msg_interfaces' build argument 'catkin_cmake_args' from command line to 'None'
[0.578s] Level 5:colcon.colcon_core.verb:set package 'msg_interfaces' build argument 'catkin_skip_building_tests' from command line to 'False'
[0.578s] DEBUG:colcon.colcon_core.verb:Building package 'msg_interfaces' with the following arguments: {'ament_cmake_args': None, 'build_base': '/home/jlurobovision/eng_ws/build/msg_interfaces', 'catkin_cmake_args': None, 'catkin_skip_building_tests': False, 'cmake_args': None, 'cmake_clean_cache': False, 'cmake_clean_first': False, 'cmake_force_configure': False, 'cmake_target': None, 'cmake_target_skip_unavailable': False, 'install_base': '/home/jlurobovision/eng_ws/install/msg_interfaces', 'merge_install': False, 'path': '/home/jlurobovision/eng_ws/src/msg_interfaces', 'symlink_install': False, 'test_result_base': None}
[0.579s] Level 5:colcon.colcon_core.verb:set package 'galaxy_camera' build argument 'cmake_args' from command line to 'None'
[0.579s] Level 5:colcon.colcon_core.verb:set package 'galaxy_camera' build argument 'cmake_target' from command line to 'None'
[0.580s] Level 5:colcon.colcon_core.verb:set package 'galaxy_camera' build argument 'cmake_target_skip_unavailable' from command line to 'False'
[0.580s] Level 5:colcon.colcon_core.verb:set package 'galaxy_camera' build argument 'cmake_clean_cache' from command line to 'False'
[0.580s] Level 5:colcon.colcon_core.verb:set package 'galaxy_camera' build argument 'cmake_clean_first' from command line to 'False'
[0.580s] Level 5:colcon.colcon_core.verb:set package 'galaxy_camera' build argument 'cmake_force_configure' from command line to 'False'
[0.580s] Level 5:colcon.colcon_core.verb:set package 'galaxy_camera' build argument 'ament_cmake_args' from command line to 'None'
[0.580s] Level 5:colcon.colcon_core.verb:set package 'galaxy_camera' build argument 'catkin_cmake_args' from command line to 'None'
[0.580s] Level 5:colcon.colcon_core.verb:set package 'galaxy_camera' build argument 'catkin_skip_building_tests' from command line to 'False'
[0.580s] DEBUG:colcon.colcon_core.verb:Building package 'galaxy_camera' with the following arguments: {'ament_cmake_args': None, 'build_base': '/home/jlurobovision/eng_ws/build/galaxy_camera', 'catkin_cmake_args': None, 'catkin_skip_building_tests': False, 'cmake_args': None, 'cmake_clean_cache': False, 'cmake_clean_first': False, 'cmake_force_configure': False, 'cmake_target': None, 'cmake_target_skip_unavailable': False, 'install_base': '/home/jlurobovision/eng_ws/install/galaxy_camera', 'merge_install': False, 'path': '/home/jlurobovision/eng_ws/src/galaxy_camera', 'symlink_install': False, 'test_result_base': None}
[0.581s] Level 5:colcon.colcon_core.verb:set package 'hik_camera' build argument 'cmake_args' from command line to 'None'
[0.581s] Level 5:colcon.colcon_core.verb:set package 'hik_camera' build argument 'cmake_target' from command line to 'None'
[0.581s] Level 5:colcon.colcon_core.verb:set package 'hik_camera' build argument 'cmake_target_skip_unavailable' from command line to 'False'
[0.581s] Level 5:colcon.colcon_core.verb:set package 'hik_camera' build argument 'cmake_clean_cache' from command line to 'False'
[0.581s] Level 5:colcon.colcon_core.verb:set package 'hik_camera' build argument 'cmake_clean_first' from command line to 'False'
[0.581s] Level 5:colcon.colcon_core.verb:set package 'hik_camera' build argument 'cmake_force_configure' from command line to 'False'
[0.581s] Level 5:colcon.colcon_core.verb:set package 'hik_camera' build argument 'ament_cmake_args' from command line to 'None'
[0.581s] Level 5:colcon.colcon_core.verb:set package 'hik_camera' build argument 'catkin_cmake_args' from command line to 'None'
[0.581s] Level 5:colcon.colcon_core.verb:set package 'hik_camera' build argument 'catkin_skip_building_tests' from command line to 'False'
[0.581s] DEBUG:colcon.colcon_core.verb:Building package 'hik_camera' with the following arguments: {'ament_cmake_args': None, 'build_base': '/home/jlurobovision/eng_ws/build/hik_camera', 'catkin_cmake_args': None, 'catkin_skip_building_tests': False, 'cmake_args': None, 'cmake_clean_cache': False, 'cmake_clean_first': False, 'cmake_force_configure': False, 'cmake_target': None, 'cmake_target_skip_unavailable': False, 'install_base': '/home/jlurobovision/eng_ws/install/hik_camera', 'merge_install': False, 'path': '/home/jlurobovision/eng_ws/src/hik_camera', 'symlink_install': False, 'test_result_base': None}
[0.582s] Level 5:colcon.colcon_core.verb:set package 'serial' build argument 'cmake_args' from command line to 'None'
[0.582s] Level 5:colcon.colcon_core.verb:set package 'serial' build argument 'cmake_target' from command line to 'None'
[0.582s] Level 5:colcon.colcon_core.verb:set package 'serial' build argument 'cmake_target_skip_unavailable' from command line to 'False'
[0.582s] Level 5:colcon.colcon_core.verb:set package 'serial' build argument 'cmake_clean_cache' from command line to 'False'
[0.582s] Level 5:colcon.colcon_core.verb:set package 'serial' build argument 'cmake_clean_first' from command line to 'False'
[0.582s] Level 5:colcon.colcon_core.verb:set package 'serial' build argument 'cmake_force_configure' from command line to 'False'
[0.582s] Level 5:colcon.colcon_core.verb:set package 'serial' build argument 'ament_cmake_args' from command line to 'None'
[0.582s] Level 5:colcon.colcon_core.verb:set package 'serial' build argument 'catkin_cmake_args' from command line to 'None'
[0.582s] Level 5:colcon.colcon_core.verb:set package 'serial' build argument 'catkin_skip_building_tests' from command line to 'False'
[0.582s] DEBUG:colcon.colcon_core.verb:Building package 'serial' with the following arguments: {'ament_cmake_args': None, 'build_base': '/home/jlurobovision/eng_ws/build/serial', 'catkin_cmake_args': None, 'catkin_skip_building_tests': False, 'cmake_args': None, 'cmake_clean_cache': False, 'cmake_clean_first': False, 'cmake_force_configure': False, 'cmake_target': None, 'cmake_target_skip_unavailable': False, 'install_base': '/home/jlurobovision/eng_ws/install/serial', 'merge_install': False, 'path': '/home/jlurobovision/eng_ws/src/serial', 'symlink_install': False, 'test_result_base': None}
[0.583s] Level 5:colcon.colcon_core.verb:set package 'exchangestation_detector' build argument 'cmake_args' from command line to 'None'
[0.583s] Level 5:colcon.colcon_core.verb:set package 'exchangestation_detector' build argument 'cmake_target' from command line to 'None'
[0.583s] Level 5:colcon.colcon_core.verb:set package 'exchangestation_detector' build argument 'cmake_target_skip_unavailable' from command line to 'False'
[0.583s] Level 5:colcon.colcon_core.verb:set package 'exchangestation_detector' build argument 'cmake_clean_cache' from command line to 'False'
[0.583s] Level 5:colcon.colcon_core.verb:set package 'exchangestation_detector' build argument 'cmake_clean_first' from command line to 'False'
[0.583s] Level 5:colcon.colcon_core.verb:set package 'exchangestation_detector' build argument 'cmake_force_configure' from command line to 'False'
[0.583s] Level 5:colcon.colcon_core.verb:set package 'exchangestation_detector' build argument 'ament_cmake_args' from command line to 'None'
[0.584s] Level 5:colcon.colcon_core.verb:set package 'exchangestation_detector' build argument 'catkin_cmake_args' from command line to 'None'
[0.584s] Level 5:colcon.colcon_core.verb:set package 'exchangestation_detector' build argument 'catkin_skip_building_tests' from command line to 'False'
[0.584s] DEBUG:colcon.colcon_core.verb:Building package 'exchangestation_detector' with the following arguments: {'ament_cmake_args': None, 'build_base': '/home/jlurobovision/eng_ws/build/exchangestation_detector', 'catkin_cmake_args': None, 'catkin_skip_building_tests': False, 'cmake_args': None, 'cmake_clean_cache': False, 'cmake_clean_first': False, 'cmake_force_configure': False, 'cmake_target': None, 'cmake_target_skip_unavailable': False, 'install_base': '/home/jlurobovision/eng_ws/install/exchangestation_detector', 'merge_install': False, 'path': '/home/jlurobovision/eng_ws/src/exchangestation_detector', 'symlink_install': False, 'test_result_base': None}
[0.584s] INFO:colcon.colcon_core.executor:Executing jobs using 'parallel' executor
[0.586s] DEBUG:colcon.colcon_parallel_executor.executor.parallel:run_until_complete
[0.587s] INFO:colcon.colcon_ros.task.ament_cmake.build:Building ROS package in '/home/jlurobovision/eng_ws/src/camera_calibration' with build type 'ament_cmake'
[0.587s] INFO:colcon.colcon_cmake.task.cmake.build:Building CMake package in '/home/jlurobovision/eng_ws/src/camera_calibration'
[0.592s] INFO:colcon.colcon_core.plugin_system:Skipping extension 'colcon_core.shell.bat': Not used on non-Windows systems
[0.593s] INFO:colcon.colcon_core.shell:Skip shell extension 'powershell' for command environment: Not usable outside of PowerShell
[0.593s] DEBUG:colcon.colcon_core.shell:Skip shell extension 'dsv' for command environment
[0.602s] INFO:colcon.colcon_ros.task.ament_cmake.build:Building ROS package in '/home/jlurobovision/eng_ws/src/msg_interfaces' with build type 'ament_cmake'
[0.602s] INFO:colcon.colcon_cmake.task.cmake.build:Building CMake package in '/home/jlurobovision/eng_ws/src/msg_interfaces'
[0.603s] INFO:colcon.colcon_core.shell:Skip shell extension 'powershell' for command environment: Not usable outside of PowerShell
[0.603s] DEBUG:colcon.colcon_core.shell:Skip shell extension 'dsv' for command environment
[0.617s] INFO:colcon.colcon_ros.task.ament_cmake.build:Building ROS package in '/home/jlurobovision/eng_ws/src/global_launch' with build type 'ament_cmake'
[0.618s] INFO:colcon.colcon_cmake.task.cmake.build:Building CMake package in '/home/jlurobovision/eng_ws/src/global_launch'
[0.620s] INFO:colcon.colcon_core.shell:Skip shell extension 'powershell' for command environment: Not usable outside of PowerShell
[0.620s] DEBUG:colcon.colcon_core.shell:Skip shell extension 'dsv' for command environment
[0.650s] DEBUG:colcon.colcon_core.event_handler.log_command:Invoking command in '/home/jlurobovision/eng_ws/build/camera_calibration': CMAKE_PREFIX_PATH=${CMAKE_PREFIX_PATH}:/opt/ros/humble /usr/bin/cmake --build /home/jlurobovision/eng_ws/build/camera_calibration -- -j12 -l12
[0.669s] DEBUG:colcon.colcon_core.event_handler.log_command:Invoking command in '/home/jlurobovision/eng_ws/build/msg_interfaces': CMAKE_PREFIX_PATH=${CMAKE_PREFIX_PATH}:/opt/ros/humble /usr/bin/cmake --build /home/jlurobovision/eng_ws/build/msg_interfaces -- -j12 -l12
[0.685s] DEBUG:colcon.colcon_core.event_handler.log_command:Invoking command in '/home/jlurobovision/eng_ws/build/global_launch': CMAKE_PREFIX_PATH=${CMAKE_PREFIX_PATH}:/opt/ros/humble /usr/bin/cmake --build /home/jlurobovision/eng_ws/build/global_launch -- -j12 -l12
[0.799s] DEBUG:colcon.colcon_core.event_handler.log_command:Invoked command in '/home/jlurobovision/eng_ws/build/global_launch' returned '0': CMAKE_PREFIX_PATH=${CMAKE_PREFIX_PATH}:/opt/ros/humble /usr/bin/cmake --build /home/jlurobovision/eng_ws/build/global_launch -- -j12 -l12
[0.913s] DEBUG:colcon.colcon_core.event_handler.log_command:Invoking command in '/home/jlurobovision/eng_ws/build/global_launch': CMAKE_PREFIX_PATH=${CMAKE_PREFIX_PATH}:/opt/ros/humble /usr/bin/cmake --install /home/jlurobovision/eng_ws/build/global_launch
[0.918s] DEBUG:colcon.colcon_core.event_handler.log_command:Invoked command in '/home/jlurobovision/eng_ws/build/camera_calibration' returned '0': CMAKE_PREFIX_PATH=${CMAKE_PREFIX_PATH}:/opt/ros/humble /usr/bin/cmake --build /home/jlurobovision/eng_ws/build/camera_calibration -- -j12 -l12
[0.989s] Level 1:colcon.colcon_core.environment:create_environment_scripts_only(global_launch)
[0.994s] DEBUG:colcon.colcon_core.event_handler.log_command:Invoked command in '/home/jlurobovision/eng_ws/build/global_launch' returned '0': CMAKE_PREFIX_PATH=${CMAKE_PREFIX_PATH}:/opt/ros/humble /usr/bin/cmake --install /home/jlurobovision/eng_ws/build/global_launch
[1.006s] Level 1:colcon.colcon_core.environment:checking '/home/jlurobovision/eng_ws/install/global_launch' for CMake module files
[1.009s] Level 1:colcon.colcon_core.environment:checking '/home/jlurobovision/eng_ws/install/global_launch' for CMake config files
[1.010s] Level 1:colcon.colcon_core.shell:create_environment_hook('global_launch', 'cmake_prefix_path')
[1.011s] INFO:colcon.colcon_core.shell:Creating environment hook '/home/jlurobovision/eng_ws/install/global_launch/share/global_launch/hook/cmake_prefix_path.ps1'
[1.013s] INFO:colcon.colcon_core.shell:Creating environment descriptor '/home/jlurobovision/eng_ws/install/global_launch/share/global_launch/hook/cmake_prefix_path.dsv'
[1.014s] INFO:colcon.colcon_core.shell:Creating environment hook '/home/jlurobovision/eng_ws/install/global_launch/share/global_launch/hook/cmake_prefix_path.sh'
[1.018s] Level 1:colcon.colcon_core.environment:checking '/home/jlurobovision/eng_ws/install/global_launch/bin'
[1.019s] Level 1:colcon.colcon_core.environment:checking '/home/jlurobovision/eng_ws/install/global_launch/lib/pkgconfig/global_launch.pc'
[1.020s] Level 1:colcon.colcon_core.environment:checking '/home/jlurobovision/eng_ws/install/global_launch/lib/python3.10/site-packages'
[1.020s] Level 1:colcon.colcon_core.environment:checking '/home/jlurobovision/eng_ws/install/global_launch/bin'
[1.022s] INFO:colcon.colcon_core.shell:Creating package script '/home/jlurobovision/eng_ws/install/global_launch/share/global_launch/package.ps1'
[1.024s] INFO:colcon.colcon_core.shell:Creating package descriptor '/home/jlurobovision/eng_ws/install/global_launch/share/global_launch/package.dsv'
[1.026s] INFO:colcon.colcon_core.shell:Creating package script '/home/jlurobovision/eng_ws/install/global_launch/share/global_launch/package.sh'
[1.027s] INFO:colcon.colcon_core.shell:Creating package script '/home/jlurobovision/eng_ws/install/global_launch/share/global_launch/package.bash'
[1.028s] INFO:colcon.colcon_core.shell:Creating package script '/home/jlurobovision/eng_ws/install/global_launch/share/global_launch/package.zsh'
[1.030s] Level 1:colcon.colcon_core.environment:create_file_with_runtime_dependencies(/home/jlurobovision/eng_ws/install/global_launch/share/colcon-core/packages/global_launch)
[1.039s] DEBUG:colcon.colcon_core.event_handler.log_command:Invoking command in '/home/jlurobovision/eng_ws/build/camera_calibration': CMAKE_PREFIX_PATH=${CMAKE_PREFIX_PATH}:/opt/ros/humble /usr/bin/cmake --install /home/jlurobovision/eng_ws/build/camera_calibration
[1.075s] Level 1:colcon.colcon_core.environment:create_environment_scripts_only(camera_calibration)
[1.077s] Level 1:colcon.colcon_core.environment:checking '/home/jlurobovision/eng_ws/install/camera_calibration' for CMake module files
[1.079s] DEBUG:colcon.colcon_core.event_handler.log_command:Invoked command in '/home/jlurobovision/eng_ws/build/camera_calibration' returned '0': CMAKE_PREFIX_PATH=${CMAKE_PREFIX_PATH}:/opt/ros/humble /usr/bin/cmake --install /home/jlurobovision/eng_ws/build/camera_calibration
[1.081s] Level 1:colcon.colcon_core.environment:checking '/home/jlurobovision/eng_ws/install/camera_calibration' for CMake config files
[1.082s] Level 1:colcon.colcon_core.shell:create_environment_hook('camera_calibration', 'cmake_prefix_path')
[1.083s] INFO:colcon.colcon_core.shell:Creating environment hook '/home/jlurobovision/eng_ws/install/camera_calibration/share/camera_calibration/hook/cmake_prefix_path.ps1'
[1.087s] INFO:colcon.colcon_core.shell:Creating environment descriptor '/home/jlurobovision/eng_ws/install/camera_calibration/share/camera_calibration/hook/cmake_prefix_path.dsv'
[1.088s] INFO:colcon.colcon_core.shell:Creating environment hook '/home/jlurobovision/eng_ws/install/camera_calibration/share/camera_calibration/hook/cmake_prefix_path.sh'
[1.090s] Level 1:colcon.colcon_core.environment:checking '/home/jlurobovision/eng_ws/install/camera_calibration/lib'
[1.090s] Level 1:colcon.colcon_core.environment:checking '/home/jlurobovision/eng_ws/install/camera_calibration/bin'
[1.090s] Level 1:colcon.colcon_core.environment:checking '/home/jlurobovision/eng_ws/install/camera_calibration/lib/pkgconfig/camera_calibration.pc'
[1.091s] Level 1:colcon.colcon_core.environment:checking '/home/jlurobovision/eng_ws/install/camera_calibration/lib/python3.10/site-packages'
[1.092s] Level 1:colcon.colcon_core.environment:checking '/home/jlurobovision/eng_ws/install/camera_calibration/bin'
[1.093s] INFO:colcon.colcon_core.shell:Creating package script '/home/jlurobovision/eng_ws/install/camera_calibration/share/camera_calibration/package.ps1'
[1.093s] INFO:colcon.colcon_core.shell:Creating package descriptor '/home/jlurobovision/eng_ws/install/camera_calibration/share/camera_calibration/package.dsv'
[1.094s] INFO:colcon.colcon_core.shell:Creating package script '/home/jlurobovision/eng_ws/install/camera_calibration/share/camera_calibration/package.sh'
[1.095s] INFO:colcon.colcon_core.shell:Creating package script '/home/jlurobovision/eng_ws/install/camera_calibration/share/camera_calibration/package.bash'
[1.096s] INFO:colcon.colcon_core.shell:Creating package script '/home/jlurobovision/eng_ws/install/camera_calibration/share/camera_calibration/package.zsh'
[1.098s] Level 1:colcon.colcon_core.environment:create_file_with_runtime_dependencies(/home/jlurobovision/eng_ws/install/camera_calibration/share/colcon-core/packages/camera_calibration)
[1.104s] Level 1:colcon.colcon_core.environment:create_environment_scripts_only(global_launch)
[1.106s] Level 1:colcon.colcon_core.environment:checking '/home/jlurobovision/eng_ws/install/global_launch' for CMake module files
[1.107s] Level 1:colcon.colcon_core.environment:checking '/home/jlurobovision/eng_ws/install/global_launch' for CMake config files
[1.108s] Level 1:colcon.colcon_core.shell:create_environment_hook('global_launch', 'cmake_prefix_path')
[1.108s] INFO:colcon.colcon_core.shell:Creating environment hook '/home/jlurobovision/eng_ws/install/global_launch/share/global_launch/hook/cmake_prefix_path.ps1'
[1.110s] INFO:colcon.colcon_core.shell:Creating environment descriptor '/home/jlurobovision/eng_ws/install/global_launch/share/global_launch/hook/cmake_prefix_path.dsv'
[1.111s] INFO:colcon.colcon_core.shell:Creating environment hook '/home/jlurobovision/eng_ws/install/global_launch/share/global_launch/hook/cmake_prefix_path.sh'
[1.112s] Level 1:colcon.colcon_core.environment:checking '/home/jlurobovision/eng_ws/install/global_launch/bin'
[1.112s] Level 1:colcon.colcon_core.environment:checking '/home/jlurobovision/eng_ws/install/global_launch/lib/pkgconfig/global_launch.pc'
[1.112s] Level 1:colcon.colcon_core.environment:checking '/home/jlurobovision/eng_ws/install/global_launch/lib/python3.10/site-packages'
[1.113s] Level 1:colcon.colcon_core.environment:checking '/home/jlurobovision/eng_ws/install/global_launch/bin'
[1.113s] INFO:colcon.colcon_core.shell:Creating package script '/home/jlurobovision/eng_ws/install/global_launch/share/global_launch/package.ps1'
[1.114s] INFO:colcon.colcon_core.shell:Creating package descriptor '/home/jlurobovision/eng_ws/install/global_launch/share/global_launch/package.dsv'
[1.115s] INFO:colcon.colcon_core.shell:Creating package script '/home/jlurobovision/eng_ws/install/global_launch/share/global_launch/package.sh'
[1.116s] INFO:colcon.colcon_core.shell:Creating package script '/home/jlurobovision/eng_ws/install/global_launch/share/global_launch/package.bash'
[1.117s] INFO:colcon.colcon_core.shell:Creating package script '/home/jlurobovision/eng_ws/install/global_launch/share/global_launch/package.zsh'
[1.118s] Level 1:colcon.colcon_core.environment:create_file_with_runtime_dependencies(/home/jlurobovision/eng_ws/install/global_launch/share/colcon-core/packages/global_launch)
[1.167s] Level 1:colcon.colcon_core.environment:create_environment_scripts_only(camera_calibration)
[1.170s] Level 1:colcon.colcon_core.environment:checking '/home/jlurobovision/eng_ws/install/camera_calibration' for CMake module files
[1.172s] Level 1:colcon.colcon_core.environment:checking '/home/jlurobovision/eng_ws/install/camera_calibration' for CMake config files
[1.174s] Level 1:colcon.colcon_core.shell:create_environment_hook('camera_calibration', 'cmake_prefix_path')
[1.175s] INFO:colcon.colcon_core.shell:Creating environment hook '/home/jlurobovision/eng_ws/install/camera_calibration/share/camera_calibration/hook/cmake_prefix_path.ps1'
[1.177s] INFO:colcon.colcon_core.shell:Creating environment descriptor '/home/jlurobovision/eng_ws/install/camera_calibration/share/camera_calibration/hook/cmake_prefix_path.dsv'
[1.178s] INFO:colcon.colcon_core.shell:Creating environment hook '/home/jlurobovision/eng_ws/install/camera_calibration/share/camera_calibration/hook/cmake_prefix_path.sh'
[1.180s] Level 1:colcon.colcon_core.environment:checking '/home/jlurobovision/eng_ws/install/camera_calibration/lib'
[1.180s] Level 1:colcon.colcon_core.environment:checking '/home/jlurobovision/eng_ws/install/camera_calibration/bin'
[1.180s] Level 1:colcon.colcon_core.environment:checking '/home/jlurobovision/eng_ws/install/camera_calibration/lib/pkgconfig/camera_calibration.pc'
[1.181s] Level 1:colcon.colcon_core.environment:checking '/home/jlurobovision/eng_ws/install/camera_calibration/lib/python3.10/site-packages'
[1.182s] Level 1:colcon.colcon_core.environment:checking '/home/jlurobovision/eng_ws/install/camera_calibration/bin'
[1.183s] INFO:colcon.colcon_core.shell:Creating package script '/home/jlurobovision/eng_ws/install/camera_calibration/share/camera_calibration/package.ps1'
[1.184s] INFO:colcon.colcon_core.shell:Creating package descriptor '/home/jlurobovision/eng_ws/install/camera_calibration/share/camera_calibration/package.dsv'
[1.185s] INFO:colcon.colcon_core.shell:Creating package script '/home/jlurobovision/eng_ws/install/camera_calibration/share/camera_calibration/package.sh'
[1.185s] INFO:colcon.colcon_core.shell:Creating package script '/home/jlurobovision/eng_ws/install/camera_calibration/share/camera_calibration/package.bash'
[1.187s] INFO:colcon.colcon_core.shell:Creating package script '/home/jlurobovision/eng_ws/install/camera_calibration/share/camera_calibration/package.zsh'
[1.188s] Level 1:colcon.colcon_core.environment:create_file_with_runtime_dependencies(/home/jlurobovision/eng_ws/install/camera_calibration/share/colcon-core/packages/camera_calibration)
[1.190s] INFO:colcon.colcon_ros.task.ament_cmake.build:Building ROS package in '/home/jlurobovision/eng_ws/src/galaxy_camera' with build type 'ament_cmake'
[1.191s] INFO:colcon.colcon_cmake.task.cmake.build:Building CMake package in '/home/jlurobovision/eng_ws/src/galaxy_camera'
[1.193s] INFO:colcon.colcon_core.shell:Skip shell extension 'powershell' for command environment: Not usable outside of PowerShell
[1.193s] DEBUG:colcon.colcon_core.shell:Skip shell extension 'dsv' for command environment
[1.203s] INFO:colcon.colcon_ros.task.ament_cmake.build:Building ROS package in '/home/jlurobovision/eng_ws/src/hik_camera' with build type 'ament_cmake'
[1.203s] INFO:colcon.colcon_cmake.task.cmake.build:Building CMake package in '/home/jlurobovision/eng_ws/src/hik_camera'
[1.205s] INFO:colcon.colcon_core.shell:Skip shell extension 'powershell' for command environment: Not usable outside of PowerShell
[1.205s] DEBUG:colcon.colcon_core.shell:Skip shell extension 'dsv' for command environment
[1.228s] DEBUG:colcon.colcon_core.event_handler.log_command:Invoking command in '/home/jlurobovision/eng_ws/build/galaxy_camera': CMAKE_PREFIX_PATH=/home/jlurobovision/eng_ws/install/camera_calibration:/home/jlurobovision/eng_ws/install/exchangestation_detector:/home/jlurobovision/eng_ws/install/serial:/home/jlurobovision/eng_ws/install/msg_interfaces:/home/jlurobovision/eng_ws/install/hik_camera:/home/jlurobovision/eng_ws/install/global_launch:/home/jlurobovision/eng_ws/install/galaxy_camera:/opt/ros/humble /usr/bin/cmake --build /home/jlurobovision/eng_ws/build/galaxy_camera -- -j12 -l12
[1.241s] DEBUG:colcon.colcon_core.event_handler.log_command:Invoking command in '/home/jlurobovision/eng_ws/build/hik_camera': CMAKE_PREFIX_PATH=/home/jlurobovision/eng_ws/install/camera_calibration:/home/jlurobovision/eng_ws/install/exchangestation_detector:/home/jlurobovision/eng_ws/install/serial:/home/jlurobovision/eng_ws/install/msg_interfaces:/home/jlurobovision/eng_ws/install/hik_camera:/home/jlurobovision/eng_ws/install/global_launch:/home/jlurobovision/eng_ws/install/galaxy_camera:/opt/ros/humble /usr/bin/cmake --build /home/jlurobovision/eng_ws/build/hik_camera -- -j12 -l12
[1.405s] DEBUG:colcon.colcon_core.event_handler.log_command:Invoked command in '/home/jlurobovision/eng_ws/build/galaxy_camera' returned '0': CMAKE_PREFIX_PATH=/home/jlurobovision/eng_ws/install/camera_calibration:/home/jlurobovision/eng_ws/install/exchangestation_detector:/home/jlurobovision/eng_ws/install/serial:/home/jlurobovision/eng_ws/install/msg_interfaces:/home/jlurobovision/eng_ws/install/hik_camera:/home/jlurobovision/eng_ws/install/global_launch:/home/jlurobovision/eng_ws/install/galaxy_camera:/opt/ros/humble /usr/bin/cmake --build /home/jlurobovision/eng_ws/build/galaxy_camera -- -j12 -l12
[1.422s] DEBUG:colcon.colcon_core.event_handler.log_command:Invoked command in '/home/jlurobovision/eng_ws/build/hik_camera' returned '0': CMAKE_PREFIX_PATH=/home/jlurobovision/eng_ws/install/camera_calibration:/home/jlurobovision/eng_ws/install/exchangestation_detector:/home/jlurobovision/eng_ws/install/serial:/home/jlurobovision/eng_ws/install/msg_interfaces:/home/jlurobovision/eng_ws/install/hik_camera:/home/jlurobovision/eng_ws/install/global_launch:/home/jlurobovision/eng_ws/install/galaxy_camera:/opt/ros/humble /usr/bin/cmake --build /home/jlurobovision/eng_ws/build/hik_camera -- -j12 -l12
[1.477s] DEBUG:colcon.colcon_core.event_handler.log_command:Invoking command in '/home/jlurobovision/eng_ws/build/galaxy_camera': CMAKE_PREFIX_PATH=/home/jlurobovision/eng_ws/install/camera_calibration:/home/jlurobovision/eng_ws/install/exchangestation_detector:/home/jlurobovision/eng_ws/install/serial:/home/jlurobovision/eng_ws/install/msg_interfaces:/home/jlurobovision/eng_ws/install/hik_camera:/home/jlurobovision/eng_ws/install/global_launch:/home/jlurobovision/eng_ws/install/galaxy_camera:/opt/ros/humble /usr/bin/cmake --install /home/jlurobovision/eng_ws/build/galaxy_camera
[1.491s] DEBUG:colcon.colcon_core.event_handler.log_command:Invoking command in '/home/jlurobovision/eng_ws/build/hik_camera': CMAKE_PREFIX_PATH=/home/jlurobovision/eng_ws/install/camera_calibration:/home/jlurobovision/eng_ws/install/exchangestation_detector:/home/jlurobovision/eng_ws/install/serial:/home/jlurobovision/eng_ws/install/msg_interfaces:/home/jlurobovision/eng_ws/install/hik_camera:/home/jlurobovision/eng_ws/install/global_launch:/home/jlurobovision/eng_ws/install/galaxy_camera:/opt/ros/humble /usr/bin/cmake --install /home/jlurobovision/eng_ws/build/hik_camera
[1.529s] Level 1:colcon.colcon_core.environment:create_environment_scripts_only(galaxy_camera)
[1.531s] Level 1:colcon.colcon_core.environment:checking '/home/jlurobovision/eng_ws/install/galaxy_camera' for CMake module files
[1.532s] DEBUG:colcon.colcon_core.event_handler.log_command:Invoked command in '/home/jlurobovision/eng_ws/build/galaxy_camera' returned '0': CMAKE_PREFIX_PATH=/home/jlurobovision/eng_ws/install/camera_calibration:/home/jlurobovision/eng_ws/install/exchangestation_detector:/home/jlurobovision/eng_ws/install/serial:/home/jlurobovision/eng_ws/install/msg_interfaces:/home/jlurobovision/eng_ws/install/hik_camera:/home/jlurobovision/eng_ws/install/global_launch:/home/jlurobovision/eng_ws/install/galaxy_camera:/opt/ros/humble /usr/bin/cmake --install /home/jlurobovision/eng_ws/build/galaxy_camera
[1.533s] Level 1:colcon.colcon_core.environment:checking '/home/jlurobovision/eng_ws/install/galaxy_camera' for CMake config files
[1.534s] Level 1:colcon.colcon_core.shell:create_environment_hook('galaxy_camera', 'cmake_prefix_path')
[1.535s] INFO:colcon.colcon_core.shell:Creating environment hook '/home/jlurobovision/eng_ws/install/galaxy_camera/share/galaxy_camera/hook/cmake_prefix_path.ps1'
[1.536s] INFO:colcon.colcon_core.shell:Creating environment descriptor '/home/jlurobovision/eng_ws/install/galaxy_camera/share/galaxy_camera/hook/cmake_prefix_path.dsv'
[1.537s] INFO:colcon.colcon_core.shell:Creating environment hook '/home/jlurobovision/eng_ws/install/galaxy_camera/share/galaxy_camera/hook/cmake_prefix_path.sh'
[1.538s] Level 1:colcon.colcon_core.environment:checking '/home/jlurobovision/eng_ws/install/galaxy_camera/lib'
[1.538s] Level 1:colcon.colcon_core.shell:create_environment_hook('galaxy_camera', 'ld_library_path_lib')
[1.538s] INFO:colcon.colcon_core.shell:Creating environment hook '/home/jlurobovision/eng_ws/install/galaxy_camera/share/galaxy_camera/hook/ld_library_path_lib.ps1'
[1.539s] INFO:colcon.colcon_core.shell:Creating environment descriptor '/home/jlurobovision/eng_ws/install/galaxy_camera/share/galaxy_camera/hook/ld_library_path_lib.dsv'
[1.541s] INFO:colcon.colcon_core.shell:Creating environment hook '/home/jlurobovision/eng_ws/install/galaxy_camera/share/galaxy_camera/hook/ld_library_path_lib.sh'
[1.542s] Level 1:colcon.colcon_core.environment:checking '/home/jlurobovision/eng_ws/install/galaxy_camera/bin'
[1.543s] Level 1:colcon.colcon_core.environment:checking '/home/jlurobovision/eng_ws/install/galaxy_camera/lib/pkgconfig/galaxy_camera.pc'
[1.543s] Level 1:colcon.colcon_core.environment:checking '/home/jlurobovision/eng_ws/install/galaxy_camera/lib/python3.10/site-packages'
[1.543s] Level 1:colcon.colcon_core.environment:checking '/home/jlurobovision/eng_ws/install/galaxy_camera/bin'
[1.544s] INFO:colcon.colcon_core.shell:Creating package script '/home/jlurobovision/eng_ws/install/galaxy_camera/share/galaxy_camera/package.ps1'
[1.545s] INFO:colcon.colcon_core.shell:Creating package descriptor '/home/jlurobovision/eng_ws/install/galaxy_camera/share/galaxy_camera/package.dsv'
[1.546s] INFO:colcon.colcon_core.shell:Creating package script '/home/jlurobovision/eng_ws/install/galaxy_camera/share/galaxy_camera/package.sh'
[1.547s] INFO:colcon.colcon_core.shell:Creating package script '/home/jlurobovision/eng_ws/install/galaxy_camera/share/galaxy_camera/package.bash'
[1.547s] INFO:colcon.colcon_core.shell:Creating package script '/home/jlurobovision/eng_ws/install/galaxy_camera/share/galaxy_camera/package.zsh'
[1.548s] Level 1:colcon.colcon_core.environment:create_file_with_runtime_dependencies(/home/jlurobovision/eng_ws/install/galaxy_camera/share/colcon-core/packages/galaxy_camera)
[1.552s] Level 1:colcon.colcon_core.environment:create_environment_scripts_only(hik_camera)
[1.553s] Level 1:colcon.colcon_core.environment:checking '/home/jlurobovision/eng_ws/install/hik_camera' for CMake module files
[1.554s] DEBUG:colcon.colcon_core.event_handler.log_command:Invoked command in '/home/jlurobovision/eng_ws/build/hik_camera' returned '0': CMAKE_PREFIX_PATH=/home/jlurobovision/eng_ws/install/camera_calibration:/home/jlurobovision/eng_ws/install/exchangestation_detector:/home/jlurobovision/eng_ws/install/serial:/home/jlurobovision/eng_ws/install/msg_interfaces:/home/jlurobovision/eng_ws/install/hik_camera:/home/jlurobovision/eng_ws/install/global_launch:/home/jlurobovision/eng_ws/install/galaxy_camera:/opt/ros/humble /usr/bin/cmake --install /home/jlurobovision/eng_ws/build/hik_camera
[1.554s] Level 1:colcon.colcon_core.environment:checking '/home/jlurobovision/eng_ws/install/hik_camera' for CMake config files
[1.555s] Level 1:colcon.colcon_core.shell:create_environment_hook('hik_camera', 'cmake_prefix_path')
[1.556s] INFO:colcon.colcon_core.shell:Creating environment hook '/home/jlurobovision/eng_ws/install/hik_camera/share/hik_camera/hook/cmake_prefix_path.ps1'
[1.557s] INFO:colcon.colcon_core.shell:Creating environment descriptor '/home/jlurobovision/eng_ws/install/hik_camera/share/hik_camera/hook/cmake_prefix_path.dsv'
[1.558s] INFO:colcon.colcon_core.shell:Creating environment hook '/home/jlurobovision/eng_ws/install/hik_camera/share/hik_camera/hook/cmake_prefix_path.sh'
[1.560s] Level 1:colcon.colcon_core.environment:checking '/home/jlurobovision/eng_ws/install/hik_camera/lib'
[1.560s] Level 1:colcon.colcon_core.shell:create_environment_hook('hik_camera', 'ld_library_path_lib')
[1.561s] INFO:colcon.colcon_core.shell:Creating environment hook '/home/jlurobovision/eng_ws/install/hik_camera/share/hik_camera/hook/ld_library_path_lib.ps1'
[1.562s] INFO:colcon.colcon_core.shell:Creating environment descriptor '/home/jlurobovision/eng_ws/install/hik_camera/share/hik_camera/hook/ld_library_path_lib.dsv'
[1.563s] INFO:colcon.colcon_core.shell:Creating environment hook '/home/jlurobovision/eng_ws/install/hik_camera/share/hik_camera/hook/ld_library_path_lib.sh'
[1.565s] Level 1:colcon.colcon_core.environment:checking '/home/jlurobovision/eng_ws/install/hik_camera/bin'
[1.565s] Level 1:colcon.colcon_core.environment:checking '/home/jlurobovision/eng_ws/install/hik_camera/lib/pkgconfig/hik_camera.pc'
[1.566s] Level 1:colcon.colcon_core.environment:checking '/home/jlurobovision/eng_ws/install/hik_camera/lib/python3.10/site-packages'
[1.566s] Level 1:colcon.colcon_core.environment:checking '/home/jlurobovision/eng_ws/install/hik_camera/bin'
[1.567s] INFO:colcon.colcon_core.shell:Creating package script '/home/jlurobovision/eng_ws/install/hik_camera/share/hik_camera/package.ps1'
[1.569s] INFO:colcon.colcon_core.shell:Creating package descriptor '/home/jlurobovision/eng_ws/install/hik_camera/share/hik_camera/package.dsv'
[1.570s] INFO:colcon.colcon_core.shell:Creating package script '/home/jlurobovision/eng_ws/install/hik_camera/share/hik_camera/package.sh'
[1.570s] INFO:colcon.colcon_core.shell:Creating package script '/home/jlurobovision/eng_ws/install/hik_camera/share/hik_camera/package.bash'
[1.571s] INFO:colcon.colcon_core.shell:Creating package script '/home/jlurobovision/eng_ws/install/hik_camera/share/hik_camera/package.zsh'
[1.571s] Level 1:colcon.colcon_core.environment:create_file_with_runtime_dependencies(/home/jlurobovision/eng_ws/install/hik_camera/share/colcon-core/packages/hik_camera)
[1.590s] Level 1:colcon.colcon_core.environment:create_environment_scripts_only(galaxy_camera)
[1.590s] Level 1:colcon.colcon_core.environment:checking '/home/jlurobovision/eng_ws/install/galaxy_camera' for CMake module files
[1.591s] Level 1:colcon.colcon_core.environment:checking '/home/jlurobovision/eng_ws/install/galaxy_camera' for CMake config files
[1.592s] Level 1:colcon.colcon_core.shell:create_environment_hook('galaxy_camera', 'cmake_prefix_path')
[1.592s] INFO:colcon.colcon_core.shell:Creating environment hook '/home/jlurobovision/eng_ws/install/galaxy_camera/share/galaxy_camera/hook/cmake_prefix_path.ps1'
[1.593s] INFO:colcon.colcon_core.shell:Creating environment descriptor '/home/jlurobovision/eng_ws/install/galaxy_camera/share/galaxy_camera/hook/cmake_prefix_path.dsv'
[1.594s] INFO:colcon.colcon_core.shell:Creating environment hook '/home/jlurobovision/eng_ws/install/galaxy_camera/share/galaxy_camera/hook/cmake_prefix_path.sh'
[1.595s] Level 1:colcon.colcon_core.environment:checking '/home/jlurobovision/eng_ws/install/galaxy_camera/lib'
[1.595s] Level 1:colcon.colcon_core.shell:create_environment_hook('galaxy_camera', 'ld_library_path_lib')
[1.595s] INFO:colcon.colcon_core.shell:Creating environment hook '/home/jlurobovision/eng_ws/install/galaxy_camera/share/galaxy_camera/hook/ld_library_path_lib.ps1'
[1.596s] INFO:colcon.colcon_core.shell:Creating environment descriptor '/home/jlurobovision/eng_ws/install/galaxy_camera/share/galaxy_camera/hook/ld_library_path_lib.dsv'
[1.596s] INFO:colcon.colcon_core.shell:Creating environment hook '/home/jlurobovision/eng_ws/install/galaxy_camera/share/galaxy_camera/hook/ld_library_path_lib.sh'
[1.597s] Level 1:colcon.colcon_core.environment:checking '/home/jlurobovision/eng_ws/install/galaxy_camera/bin'
[1.597s] Level 1:colcon.colcon_core.environment:checking '/home/jlurobovision/eng_ws/install/galaxy_camera/lib/pkgconfig/galaxy_camera.pc'
[1.598s] Level 1:colcon.colcon_core.environment:checking '/home/jlurobovision/eng_ws/install/galaxy_camera/lib/python3.10/site-packages'
[1.598s] Level 1:colcon.colcon_core.environment:checking '/home/jlurobovision/eng_ws/install/galaxy_camera/bin'
[1.599s] INFO:colcon.colcon_core.shell:Creating package script '/home/jlurobovision/eng_ws/install/galaxy_camera/share/galaxy_camera/package.ps1'
[1.599s] INFO:colcon.colcon_core.shell:Creating package descriptor '/home/jlurobovision/eng_ws/install/galaxy_camera/share/galaxy_camera/package.dsv'
[1.600s] INFO:colcon.colcon_core.shell:Creating package script '/home/jlurobovision/eng_ws/install/galaxy_camera/share/galaxy_camera/package.sh'
[1.601s] INFO:colcon.colcon_core.shell:Creating package script '/home/jlurobovision/eng_ws/install/galaxy_camera/share/galaxy_camera/package.bash'
[1.601s] INFO:colcon.colcon_core.shell:Creating package script '/home/jlurobovision/eng_ws/install/galaxy_camera/share/galaxy_camera/package.zsh'
[1.602s] Level 1:colcon.colcon_core.environment:create_file_with_runtime_dependencies(/home/jlurobovision/eng_ws/install/galaxy_camera/share/colcon-core/packages/galaxy_camera)
[1.604s] Level 1:colcon.colcon_core.environment:create_environment_scripts_only(hik_camera)
[1.604s] Level 1:colcon.colcon_core.environment:checking '/home/jlurobovision/eng_ws/install/hik_camera' for CMake module files
[1.605s] Level 1:colcon.colcon_core.environment:checking '/home/jlurobovision/eng_ws/install/hik_camera' for CMake config files
[1.605s] Level 1:colcon.colcon_core.shell:create_environment_hook('hik_camera', 'cmake_prefix_path')
[1.605s] INFO:colcon.colcon_core.shell:Creating environment hook '/home/jlurobovision/eng_ws/install/hik_camera/share/hik_camera/hook/cmake_prefix_path.ps1'
[1.606s] INFO:colcon.colcon_core.shell:Creating environment descriptor '/home/jlurobovision/eng_ws/install/hik_camera/share/hik_camera/hook/cmake_prefix_path.dsv'
[1.606s] INFO:colcon.colcon_core.shell:Creating environment hook '/home/jlurobovision/eng_ws/install/hik_camera/share/hik_camera/hook/cmake_prefix_path.sh'
[1.606s] Level 1:colcon.colcon_core.environment:checking '/home/jlurobovision/eng_ws/install/hik_camera/lib'
[1.606s] Level 1:colcon.colcon_core.shell:create_environment_hook('hik_camera', 'ld_library_path_lib')
[1.607s] INFO:colcon.colcon_core.shell:Creating environment hook '/home/jlurobovision/eng_ws/install/hik_camera/share/hik_camera/hook/ld_library_path_lib.ps1'
[1.607s] INFO:colcon.colcon_core.shell:Creating environment descriptor '/home/jlurobovision/eng_ws/install/hik_camera/share/hik_camera/hook/ld_library_path_lib.dsv'
[1.608s] INFO:colcon.colcon_core.shell:Creating environment hook '/home/jlurobovision/eng_ws/install/hik_camera/share/hik_camera/hook/ld_library_path_lib.sh'
[1.608s] Level 1:colcon.colcon_core.environment:checking '/home/jlurobovision/eng_ws/install/hik_camera/bin'
[1.608s] Level 1:colcon.colcon_core.environment:checking '/home/jlurobovision/eng_ws/install/hik_camera/lib/pkgconfig/hik_camera.pc'
[1.609s] Level 1:colcon.colcon_core.environment:checking '/home/jlurobovision/eng_ws/install/hik_camera/lib/python3.10/site-packages'
[1.609s] Level 1:colcon.colcon_core.environment:checking '/home/jlurobovision/eng_ws/install/hik_camera/bin'
[1.610s] INFO:colcon.colcon_core.shell:Creating package script '/home/jlurobovision/eng_ws/install/hik_camera/share/hik_camera/package.ps1'
[1.611s] INFO:colcon.colcon_core.shell:Creating package descriptor '/home/jlurobovision/eng_ws/install/hik_camera/share/hik_camera/package.dsv'
[1.611s] INFO:colcon.colcon_core.shell:Creating package script '/home/jlurobovision/eng_ws/install/hik_camera/share/hik_camera/package.sh'
[1.612s] INFO:colcon.colcon_core.shell:Creating package script '/home/jlurobovision/eng_ws/install/hik_camera/share/hik_camera/package.bash'
[1.612s] INFO:colcon.colcon_core.shell:Creating package script '/home/jlurobovision/eng_ws/install/hik_camera/share/hik_camera/package.zsh'
[1.613s] Level 1:colcon.colcon_core.environment:create_file_with_runtime_dependencies(/home/jlurobovision/eng_ws/install/hik_camera/share/colcon-core/packages/hik_camera)
[2.026s] DEBUG:colcon.colcon_core.event_handler.log_command:Invoked command in '/home/jlurobovision/eng_ws/build/msg_interfaces' returned '0': CMAKE_PREFIX_PATH=${CMAKE_PREFIX_PATH}:/opt/ros/humble /usr/bin/cmake --build /home/jlurobovision/eng_ws/build/msg_interfaces -- -j12 -l12
[2.166s] DEBUG:colcon.colcon_core.event_handler.log_command:Invoking command in '/home/jlurobovision/eng_ws/build/msg_interfaces': CMAKE_PREFIX_PATH=${CMAKE_PREFIX_PATH}:/opt/ros/humble /usr/bin/cmake --install /home/jlurobovision/eng_ws/build/msg_interfaces
[2.297s] Level 1:colcon.colcon_core.environment:create_environment_scripts_only(msg_interfaces)
[2.298s] Level 1:colcon.colcon_core.environment:checking '/home/jlurobovision/eng_ws/install/msg_interfaces' for CMake module files
[2.298s] DEBUG:colcon.colcon_core.event_handler.log_command:Invoked command in '/home/jlurobovision/eng_ws/build/msg_interfaces' returned '0': CMAKE_PREFIX_PATH=${CMAKE_PREFIX_PATH}:/opt/ros/humble /usr/bin/cmake --install /home/jlurobovision/eng_ws/build/msg_interfaces
[2.299s] Level 1:colcon.colcon_core.environment:checking '/home/jlurobovision/eng_ws/install/msg_interfaces' for CMake config files
[2.300s] Level 1:colcon.colcon_core.shell:create_environment_hook('msg_interfaces', 'cmake_prefix_path')
[2.300s] INFO:colcon.colcon_core.shell:Creating environment hook '/home/jlurobovision/eng_ws/install/msg_interfaces/share/msg_interfaces/hook/cmake_prefix_path.ps1'
[2.301s] INFO:colcon.colcon_core.shell:Creating environment descriptor '/home/jlurobovision/eng_ws/install/msg_interfaces/share/msg_interfaces/hook/cmake_prefix_path.dsv'
[2.301s] INFO:colcon.colcon_core.shell:Creating environment hook '/home/jlurobovision/eng_ws/install/msg_interfaces/share/msg_interfaces/hook/cmake_prefix_path.sh'
[2.302s] Level 1:colcon.colcon_core.environment:checking '/home/jlurobovision/eng_ws/install/msg_interfaces/lib'
[2.302s] Level 1:colcon.colcon_core.shell:create_environment_hook('msg_interfaces', 'ld_library_path_lib')
[2.302s] INFO:colcon.colcon_core.shell:Creating environment hook '/home/jlurobovision/eng_ws/install/msg_interfaces/share/msg_interfaces/hook/ld_library_path_lib.ps1'
[2.303s] INFO:colcon.colcon_core.shell:Creating environment descriptor '/home/jlurobovision/eng_ws/install/msg_interfaces/share/msg_interfaces/hook/ld_library_path_lib.dsv'
[2.303s] INFO:colcon.colcon_core.shell:Creating environment hook '/home/jlurobovision/eng_ws/install/msg_interfaces/share/msg_interfaces/hook/ld_library_path_lib.sh'
[2.303s] Level 1:colcon.colcon_core.environment:checking '/home/jlurobovision/eng_ws/install/msg_interfaces/bin'
[2.303s] Level 1:colcon.colcon_core.environment:checking '/home/jlurobovision/eng_ws/install/msg_interfaces/lib/pkgconfig/msg_interfaces.pc'
[2.304s] Level 1:colcon.colcon_core.environment:checking '/home/jlurobovision/eng_ws/install/msg_interfaces/lib/python3.10/site-packages'
[2.304s] Level 1:colcon.colcon_core.shell:create_environment_hook('msg_interfaces', 'pythonpath')
[2.304s] INFO:colcon.colcon_core.shell:Creating environment hook '/home/jlurobovision/eng_ws/install/msg_interfaces/share/msg_interfaces/hook/pythonpath.ps1'
[2.305s] INFO:colcon.colcon_core.shell:Creating environment descriptor '/home/jlurobovision/eng_ws/install/msg_interfaces/share/msg_interfaces/hook/pythonpath.dsv'
[2.305s] INFO:colcon.colcon_core.shell:Creating environment hook '/home/jlurobovision/eng_ws/install/msg_interfaces/share/msg_interfaces/hook/pythonpath.sh'
[2.306s] Level 1:colcon.colcon_core.environment:checking '/home/jlurobovision/eng_ws/install/msg_interfaces/bin'
[2.306s] INFO:colcon.colcon_core.shell:Creating package script '/home/jlurobovision/eng_ws/install/msg_interfaces/share/msg_interfaces/package.ps1'
[2.307s] INFO:colcon.colcon_core.shell:Creating package descriptor '/home/jlurobovision/eng_ws/install/msg_interfaces/share/msg_interfaces/package.dsv'
[2.308s] INFO:colcon.colcon_core.shell:Creating package script '/home/jlurobovision/eng_ws/install/msg_interfaces/share/msg_interfaces/package.sh'
[2.308s] INFO:colcon.colcon_core.shell:Creating package script '/home/jlurobovision/eng_ws/install/msg_interfaces/share/msg_interfaces/package.bash'
[2.308s] INFO:colcon.colcon_core.shell:Creating package script '/home/jlurobovision/eng_ws/install/msg_interfaces/share/msg_interfaces/package.zsh'
[2.309s] Level 1:colcon.colcon_core.environment:create_file_with_runtime_dependencies(/home/jlurobovision/eng_ws/install/msg_interfaces/share/colcon-core/packages/msg_interfaces)
[2.354s] Level 1:colcon.colcon_core.environment:create_environment_scripts_only(msg_interfaces)
[2.354s] Level 1:colcon.colcon_core.environment:checking '/home/jlurobovision/eng_ws/install/msg_interfaces' for CMake module files
[2.355s] Level 1:colcon.colcon_core.environment:checking '/home/jlurobovision/eng_ws/install/msg_interfaces' for CMake config files
[2.356s] Level 1:colcon.colcon_core.shell:create_environment_hook('msg_interfaces', 'cmake_prefix_path')
[2.356s] INFO:colcon.colcon_core.shell:Creating environment hook '/home/jlurobovision/eng_ws/install/msg_interfaces/share/msg_interfaces/hook/cmake_prefix_path.ps1'
[2.357s] INFO:colcon.colcon_core.shell:Creating environment descriptor '/home/jlurobovision/eng_ws/install/msg_interfaces/share/msg_interfaces/hook/cmake_prefix_path.dsv'
[2.357s] INFO:colcon.colcon_core.shell:Creating environment hook '/home/jlurobovision/eng_ws/install/msg_interfaces/share/msg_interfaces/hook/cmake_prefix_path.sh'
[2.357s] Level 1:colcon.colcon_core.environment:checking '/home/jlurobovision/eng_ws/install/msg_interfaces/lib'
[2.357s] Level 1:colcon.colcon_core.shell:create_environment_hook('msg_interfaces', 'ld_library_path_lib')
[2.358s] INFO:colcon.colcon_core.shell:Creating environment hook '/home/jlurobovision/eng_ws/install/msg_interfaces/share/msg_interfaces/hook/ld_library_path_lib.ps1'
[2.358s] INFO:colcon.colcon_core.shell:Creating environment descriptor '/home/jlurobovision/eng_ws/install/msg_interfaces/share/msg_interfaces/hook/ld_library_path_lib.dsv'
[2.358s] INFO:colcon.colcon_core.shell:Creating environment hook '/home/jlurobovision/eng_ws/install/msg_interfaces/share/msg_interfaces/hook/ld_library_path_lib.sh'
[2.359s] Level 1:colcon.colcon_core.environment:checking '/home/jlurobovision/eng_ws/install/msg_interfaces/bin'
[2.359s] Level 1:colcon.colcon_core.environment:checking '/home/jlurobovision/eng_ws/install/msg_interfaces/lib/pkgconfig/msg_interfaces.pc'
[2.359s] Level 1:colcon.colcon_core.environment:checking '/home/jlurobovision/eng_ws/install/msg_interfaces/lib/python3.10/site-packages'
[2.359s] Level 1:colcon.colcon_core.shell:create_environment_hook('msg_interfaces', 'pythonpath')
[2.359s] INFO:colcon.colcon_core.shell:Creating environment hook '/home/jlurobovision/eng_ws/install/msg_interfaces/share/msg_interfaces/hook/pythonpath.ps1'
[2.359s] INFO:colcon.colcon_core.shell:Creating environment descriptor '/home/jlurobovision/eng_ws/install/msg_interfaces/share/msg_interfaces/hook/pythonpath.dsv'
[2.360s] INFO:colcon.colcon_core.shell:Creating environment hook '/home/jlurobovision/eng_ws/install/msg_interfaces/share/msg_interfaces/hook/pythonpath.sh'
[2.360s] Level 1:colcon.colcon_core.environment:checking '/home/jlurobovision/eng_ws/install/msg_interfaces/bin'
[2.361s] INFO:colcon.colcon_core.shell:Creating package script '/home/jlurobovision/eng_ws/install/msg_interfaces/share/msg_interfaces/package.ps1'
[2.361s] INFO:colcon.colcon_core.shell:Creating package descriptor '/home/jlurobovision/eng_ws/install/msg_interfaces/share/msg_interfaces/package.dsv'
[2.362s] INFO:colcon.colcon_core.shell:Creating package script '/home/jlurobovision/eng_ws/install/msg_interfaces/share/msg_interfaces/package.sh'
[2.362s] INFO:colcon.colcon_core.shell:Creating package script '/home/jlurobovision/eng_ws/install/msg_interfaces/share/msg_interfaces/package.bash'
[2.363s] INFO:colcon.colcon_core.shell:Creating package script '/home/jlurobovision/eng_ws/install/msg_interfaces/share/msg_interfaces/package.zsh'
[2.363s] Level 1:colcon.colcon_core.environment:create_file_with_runtime_dependencies(/home/jlurobovision/eng_ws/install/msg_interfaces/share/colcon-core/packages/msg_interfaces)
[2.363s] INFO:colcon.colcon_ros.task.ament_cmake.build:Building ROS package in '/home/jlurobovision/eng_ws/src/serial' with build type 'ament_cmake'
[2.363s] INFO:colcon.colcon_cmake.task.cmake.build:Building CMake package in '/home/jlurobovision/eng_ws/src/serial'
[2.364s] INFO:colcon.colcon_core.shell:Skip shell extension 'powershell' for command environment: Not usable outside of PowerShell
[2.364s] DEBUG:colcon.colcon_core.shell:Skip shell extension 'dsv' for command environment
[2.378s] DEBUG:colcon.colcon_core.event_handler.log_command:Invoking command in '/home/jlurobovision/eng_ws/build/serial': CMAKE_PREFIX_PATH=/home/jlurobovision/eng_ws/install/msg_interfaces:/home/jlurobovision/eng_ws/install/exchangestation_detector:/home/jlurobovision/eng_ws/install/serial:/home/jlurobovision/eng_ws/install/hik_camera:/home/jlurobovision/eng_ws/install/global_launch:/home/jlurobovision/eng_ws/install/galaxy_camera:/home/jlurobovision/eng_ws/install/camera_calibration:/opt/ros/humble LD_LIBRARY_PATH=/home/jlurobovision/eng_ws/install/msg_interfaces/lib:/home/jlurobovision/eng_ws/install/exchangestation_detector/lib:/home/jlurobovision/eng_ws/install/serial/lib:/home/jlurobovision/eng_ws/install/hik_camera/lib:/home/jlurobovision/eng_ws/install/galaxy_camera/lib:/opt/ros/humble/opt/rviz_ogre_vendor/lib:/opt/ros/humble/lib/x86_64-linux-gnu:/opt/ros/humble/lib PYTHONPATH=/home/jlurobovision/eng_ws/install/msg_interfaces/lib/python3.10/site-packages:/home/jlurobovision/eng_ws/install/msg_interfaces/local/lib/python3.10/dist-packages:/opt/ros/humble/lib/python3.10/site-packages:/opt/ros/humble/local/lib/python3.10/dist-packages /usr/bin/cmake --build /home/jlurobovision/eng_ws/build/serial -- -j12 -l12
[2.507s] DEBUG:colcon.colcon_core.event_handler.log_command:Invoked command in '/home/jlurobovision/eng_ws/build/serial' returned '0': CMAKE_PREFIX_PATH=/home/jlurobovision/eng_ws/install/msg_interfaces:/home/jlurobovision/eng_ws/install/exchangestation_detector:/home/jlurobovision/eng_ws/install/serial:/home/jlurobovision/eng_ws/install/hik_camera:/home/jlurobovision/eng_ws/install/global_launch:/home/jlurobovision/eng_ws/install/galaxy_camera:/home/jlurobovision/eng_ws/install/camera_calibration:/opt/ros/humble LD_LIBRARY_PATH=/home/jlurobovision/eng_ws/install/msg_interfaces/lib:/home/jlurobovision/eng_ws/install/exchangestation_detector/lib:/home/jlurobovision/eng_ws/install/serial/lib:/home/jlurobovision/eng_ws/install/hik_camera/lib:/home/jlurobovision/eng_ws/install/galaxy_camera/lib:/opt/ros/humble/opt/rviz_ogre_vendor/lib:/opt/ros/humble/lib/x86_64-linux-gnu:/opt/ros/humble/lib PYTHONPATH=/home/jlurobovision/eng_ws/install/msg_interfaces/lib/python3.10/site-packages:/home/jlurobovision/eng_ws/install/msg_interfaces/local/lib/python3.10/dist-packages:/opt/ros/humble/lib/python3.10/site-packages:/opt/ros/humble/local/lib/python3.10/dist-packages /usr/bin/cmake --build /home/jlurobovision/eng_ws/build/serial -- -j12 -l12
[2.566s] DEBUG:colcon.colcon_core.event_handler.log_command:Invoking command in '/home/jlurobovision/eng_ws/build/serial': CMAKE_PREFIX_PATH=/home/jlurobovision/eng_ws/install/msg_interfaces:/home/jlurobovision/eng_ws/install/exchangestation_detector:/home/jlurobovision/eng_ws/install/serial:/home/jlurobovision/eng_ws/install/hik_camera:/home/jlurobovision/eng_ws/install/global_launch:/home/jlurobovision/eng_ws/install/galaxy_camera:/home/jlurobovision/eng_ws/install/camera_calibration:/opt/ros/humble LD_LIBRARY_PATH=/home/jlurobovision/eng_ws/install/msg_interfaces/lib:/home/jlurobovision/eng_ws/install/exchangestation_detector/lib:/home/jlurobovision/eng_ws/install/serial/lib:/home/jlurobovision/eng_ws/install/hik_camera/lib:/home/jlurobovision/eng_ws/install/galaxy_camera/lib:/opt/ros/humble/opt/rviz_ogre_vendor/lib:/opt/ros/humble/lib/x86_64-linux-gnu:/opt/ros/humble/lib PYTHONPATH=/home/jlurobovision/eng_ws/install/msg_interfaces/lib/python3.10/site-packages:/home/jlurobovision/eng_ws/install/msg_interfaces/local/lib/python3.10/dist-packages:/opt/ros/humble/lib/python3.10/site-packages:/opt/ros/humble/local/lib/python3.10/dist-packages /usr/bin/cmake --install /home/jlurobovision/eng_ws/build/serial
[2.628s] Level 1:colcon.colcon_core.environment:create_environment_scripts_only(serial)
[2.630s] Level 1:colcon.colcon_core.environment:checking '/home/jlurobovision/eng_ws/install/serial' for CMake module files
[2.630s] DEBUG:colcon.colcon_core.event_handler.log_command:Invoked command in '/home/jlurobovision/eng_ws/build/serial' returned '0': CMAKE_PREFIX_PATH=/home/jlurobovision/eng_ws/install/msg_interfaces:/home/jlurobovision/eng_ws/install/exchangestation_detector:/home/jlurobovision/eng_ws/install/serial:/home/jlurobovision/eng_ws/install/hik_camera:/home/jlurobovision/eng_ws/install/global_launch:/home/jlurobovision/eng_ws/install/galaxy_camera:/home/jlurobovision/eng_ws/install/camera_calibration:/opt/ros/humble LD_LIBRARY_PATH=/home/jlurobovision/eng_ws/install/msg_interfaces/lib:/home/jlurobovision/eng_ws/install/exchangestation_detector/lib:/home/jlurobovision/eng_ws/install/serial/lib:/home/jlurobovision/eng_ws/install/hik_camera/lib:/home/jlurobovision/eng_ws/install/galaxy_camera/lib:/opt/ros/humble/opt/rviz_ogre_vendor/lib:/opt/ros/humble/lib/x86_64-linux-gnu:/opt/ros/humble/lib PYTHONPATH=/home/jlurobovision/eng_ws/install/msg_interfaces/lib/python3.10/site-packages:/home/jlurobovision/eng_ws/install/msg_interfaces/local/lib/python3.10/dist-packages:/opt/ros/humble/lib/python3.10/site-packages:/opt/ros/humble/local/lib/python3.10/dist-packages /usr/bin/cmake --install /home/jlurobovision/eng_ws/build/serial
[2.632s] Level 1:colcon.colcon_core.environment:checking '/home/jlurobovision/eng_ws/install/serial' for CMake config files
[2.633s] Level 1:colcon.colcon_core.shell:create_environment_hook('serial', 'cmake_prefix_path')
[2.634s] INFO:colcon.colcon_core.shell:Creating environment hook '/home/jlurobovision/eng_ws/install/serial/share/serial/hook/cmake_prefix_path.ps1'
[2.636s] INFO:colcon.colcon_core.shell:Creating environment descriptor '/home/jlurobovision/eng_ws/install/serial/share/serial/hook/cmake_prefix_path.dsv'
[2.637s] INFO:colcon.colcon_core.shell:Creating environment hook '/home/jlurobovision/eng_ws/install/serial/share/serial/hook/cmake_prefix_path.sh'
[2.639s] Level 1:colcon.colcon_core.environment:checking '/home/jlurobovision/eng_ws/install/serial/lib'
[2.640s] Level 1:colcon.colcon_core.shell:create_environment_hook('serial', 'ld_library_path_lib')
[2.641s] INFO:colcon.colcon_core.shell:Creating environment hook '/home/jlurobovision/eng_ws/install/serial/share/serial/hook/ld_library_path_lib.ps1'
[2.642s] INFO:colcon.colcon_core.shell:Creating environment descriptor '/home/jlurobovision/eng_ws/install/serial/share/serial/hook/ld_library_path_lib.dsv'
[2.643s] INFO:colcon.colcon_core.shell:Creating environment hook '/home/jlurobovision/eng_ws/install/serial/share/serial/hook/ld_library_path_lib.sh'
[2.644s] Level 1:colcon.colcon_core.environment:checking '/home/jlurobovision/eng_ws/install/serial/bin'
[2.644s] Level 1:colcon.colcon_core.environment:checking '/home/jlurobovision/eng_ws/install/serial/lib/pkgconfig/serial.pc'
[2.645s] Level 1:colcon.colcon_core.environment:checking '/home/jlurobovision/eng_ws/install/serial/lib/python3.10/site-packages'
[2.645s] Level 1:colcon.colcon_core.environment:checking '/home/jlurobovision/eng_ws/install/serial/bin'
[2.646s] INFO:colcon.colcon_core.shell:Creating package script '/home/jlurobovision/eng_ws/install/serial/share/serial/package.ps1'
[2.647s] INFO:colcon.colcon_core.shell:Creating package descriptor '/home/jlurobovision/eng_ws/install/serial/share/serial/package.dsv'
[2.648s] INFO:colcon.colcon_core.shell:Creating package script '/home/jlurobovision/eng_ws/install/serial/share/serial/package.sh'
[2.649s] INFO:colcon.colcon_core.shell:Creating package script '/home/jlurobovision/eng_ws/install/serial/share/serial/package.bash'
[2.650s] INFO:colcon.colcon_core.shell:Creating package script '/home/jlurobovision/eng_ws/install/serial/share/serial/package.zsh'
[2.650s] Level 1:colcon.colcon_core.environment:create_file_with_runtime_dependencies(/home/jlurobovision/eng_ws/install/serial/share/colcon-core/packages/serial)
[2.708s] Level 1:colcon.colcon_core.environment:create_environment_scripts_only(serial)
[2.708s] Level 1:colcon.colcon_core.environment:checking '/home/jlurobovision/eng_ws/install/serial' for CMake module files
[2.709s] Level 1:colcon.colcon_core.environment:checking '/home/jlurobovision/eng_ws/install/serial' for CMake config files
[2.710s] Level 1:colcon.colcon_core.shell:create_environment_hook('serial', 'cmake_prefix_path')
[2.711s] INFO:colcon.colcon_core.shell:Creating environment hook '/home/jlurobovision/eng_ws/install/serial/share/serial/hook/cmake_prefix_path.ps1'
[2.711s] INFO:colcon.colcon_core.shell:Creating environment descriptor '/home/jlurobovision/eng_ws/install/serial/share/serial/hook/cmake_prefix_path.dsv'
[2.712s] INFO:colcon.colcon_core.shell:Creating environment hook '/home/jlurobovision/eng_ws/install/serial/share/serial/hook/cmake_prefix_path.sh'
[2.713s] Level 1:colcon.colcon_core.environment:checking '/home/jlurobovision/eng_ws/install/serial/lib'
[2.713s] Level 1:colcon.colcon_core.shell:create_environment_hook('serial', 'ld_library_path_lib')
[2.713s] INFO:colcon.colcon_core.shell:Creating environment hook '/home/jlurobovision/eng_ws/install/serial/share/serial/hook/ld_library_path_lib.ps1'
[2.714s] INFO:colcon.colcon_core.shell:Creating environment descriptor '/home/jlurobovision/eng_ws/install/serial/share/serial/hook/ld_library_path_lib.dsv'
[2.714s] INFO:colcon.colcon_core.shell:Creating environment hook '/home/jlurobovision/eng_ws/install/serial/share/serial/hook/ld_library_path_lib.sh'
[2.714s] Level 1:colcon.colcon_core.environment:checking '/home/jlurobovision/eng_ws/install/serial/bin'
[2.714s] Level 1:colcon.colcon_core.environment:checking '/home/jlurobovision/eng_ws/install/serial/lib/pkgconfig/serial.pc'
[2.715s] Level 1:colcon.colcon_core.environment:checking '/home/jlurobovision/eng_ws/install/serial/lib/python3.10/site-packages'
[2.715s] Level 1:colcon.colcon_core.environment:checking '/home/jlurobovision/eng_ws/install/serial/bin'
[2.716s] INFO:colcon.colcon_core.shell:Creating package script '/home/jlurobovision/eng_ws/install/serial/share/serial/package.ps1'
[2.716s] INFO:colcon.colcon_core.shell:Creating package descriptor '/home/jlurobovision/eng_ws/install/serial/share/serial/package.dsv'
[2.717s] INFO:colcon.colcon_core.shell:Creating package script '/home/jlurobovision/eng_ws/install/serial/share/serial/package.sh'
[2.717s] INFO:colcon.colcon_core.shell:Creating package script '/home/jlurobovision/eng_ws/install/serial/share/serial/package.bash'
[2.718s] INFO:colcon.colcon_core.shell:Creating package script '/home/jlurobovision/eng_ws/install/serial/share/serial/package.zsh'
[2.718s] Level 1:colcon.colcon_core.environment:create_file_with_runtime_dependencies(/home/jlurobovision/eng_ws/install/serial/share/colcon-core/packages/serial)
[2.719s] INFO:colcon.colcon_ros.task.ament_cmake.build:Building ROS package in '/home/jlurobovision/eng_ws/src/exchangestation_detector' with build type 'ament_cmake'
[2.720s] INFO:colcon.colcon_cmake.task.cmake.build:Building CMake package in '/home/jlurobovision/eng_ws/src/exchangestation_detector'
[2.720s] INFO:colcon.colcon_core.shell:Skip shell extension 'powershell' for command environment: Not usable outside of PowerShell
[2.720s] DEBUG:colcon.colcon_core.shell:Skip shell extension 'dsv' for command environment
[2.738s] DEBUG:colcon.colcon_core.event_handler.log_command:Invoking command in '/home/jlurobovision/eng_ws/build/exchangestation_detector': CMAKE_PREFIX_PATH=/home/jlurobovision/eng_ws/install/serial:/home/jlurobovision/eng_ws/install/msg_interfaces:/home/jlurobovision/eng_ws/install/exchangestation_detector:/home/jlurobovision/eng_ws/install/hik_camera:/home/jlurobovision/eng_ws/install/global_launch:/home/jlurobovision/eng_ws/install/galaxy_camera:/home/jlurobovision/eng_ws/install/camera_calibration:/opt/ros/humble LD_LIBRARY_PATH=/home/jlurobovision/eng_ws/install/serial/lib:/home/jlurobovision/eng_ws/install/msg_interfaces/lib:/home/jlurobovision/eng_ws/install/exchangestation_detector/lib:/home/jlurobovision/eng_ws/install/hik_camera/lib:/home/jlurobovision/eng_ws/install/galaxy_camera/lib:/opt/ros/humble/opt/rviz_ogre_vendor/lib:/opt/ros/humble/lib/x86_64-linux-gnu:/opt/ros/humble/lib PYTHONPATH=/home/jlurobovision/eng_ws/install/msg_interfaces/lib/python3.10/site-packages:/home/jlurobovision/eng_ws/install/msg_interfaces/local/lib/python3.10/dist-packages:/opt/ros/humble/lib/python3.10/site-packages:/opt/ros/humble/local/lib/python3.10/dist-packages /usr/bin/cmake --build /home/jlurobovision/eng_ws/build/exchangestation_detector -- -j12 -l12
[6.918s] DEBUG:colcon.colcon_core.event_handler.log_command:Invoked command in '/home/jlurobovision/eng_ws/build/exchangestation_detector' returned '0': CMAKE_PREFIX_PATH=/home/jlurobovision/eng_ws/install/serial:/home/jlurobovision/eng_ws/install/msg_interfaces:/home/jlurobovision/eng_ws/install/exchangestation_detector:/home/jlurobovision/eng_ws/install/hik_camera:/home/jlurobovision/eng_ws/install/global_launch:/home/jlurobovision/eng_ws/install/galaxy_camera:/home/jlurobovision/eng_ws/install/camera_calibration:/opt/ros/humble LD_LIBRARY_PATH=/home/jlurobovision/eng_ws/install/serial/lib:/home/jlurobovision/eng_ws/install/msg_interfaces/lib:/home/jlurobovision/eng_ws/install/exchangestation_detector/lib:/home/jlurobovision/eng_ws/install/hik_camera/lib:/home/jlurobovision/eng_ws/install/galaxy_camera/lib:/opt/ros/humble/opt/rviz_ogre_vendor/lib:/opt/ros/humble/lib/x86_64-linux-gnu:/opt/ros/humble/lib PYTHONPATH=/home/jlurobovision/eng_ws/install/msg_interfaces/lib/python3.10/site-packages:/home/jlurobovision/eng_ws/install/msg_interfaces/local/lib/python3.10/dist-packages:/opt/ros/humble/lib/python3.10/site-packages:/opt/ros/humble/local/lib/python3.10/dist-packages /usr/bin/cmake --build /home/jlurobovision/eng_ws/build/exchangestation_detector -- -j12 -l12
[6.950s] DEBUG:colcon.colcon_core.event_handler.log_command:Invoking command in '/home/jlurobovision/eng_ws/build/exchangestation_detector': CMAKE_PREFIX_PATH=/home/jlurobovision/eng_ws/install/serial:/home/jlurobovision/eng_ws/install/msg_interfaces:/home/jlurobovision/eng_ws/install/exchangestation_detector:/home/jlurobovision/eng_ws/install/hik_camera:/home/jlurobovision/eng_ws/install/global_launch:/home/jlurobovision/eng_ws/install/galaxy_camera:/home/jlurobovision/eng_ws/install/camera_calibration:/opt/ros/humble LD_LIBRARY_PATH=/home/jlurobovision/eng_ws/install/serial/lib:/home/jlurobovision/eng_ws/install/msg_interfaces/lib:/home/jlurobovision/eng_ws/install/exchangestation_detector/lib:/home/jlurobovision/eng_ws/install/hik_camera/lib:/home/jlurobovision/eng_ws/install/galaxy_camera/lib:/opt/ros/humble/opt/rviz_ogre_vendor/lib:/opt/ros/humble/lib/x86_64-linux-gnu:/opt/ros/humble/lib PYTHONPATH=/home/jlurobovision/eng_ws/install/msg_interfaces/lib/python3.10/site-packages:/home/jlurobovision/eng_ws/install/msg_interfaces/local/lib/python3.10/dist-packages:/opt/ros/humble/lib/python3.10/site-packages:/opt/ros/humble/local/lib/python3.10/dist-packages /usr/bin/cmake --install /home/jlurobovision/eng_ws/build/exchangestation_detector
[6.974s] Level 1:colcon.colcon_core.environment:create_environment_scripts_only(exchangestation_detector)
[6.975s] Level 1:colcon.colcon_core.environment:checking '/home/jlurobovision/eng_ws/install/exchangestation_detector' for CMake module files
[6.975s] DEBUG:colcon.colcon_core.event_handler.log_command:Invoked command in '/home/jlurobovision/eng_ws/build/exchangestation_detector' returned '0': CMAKE_PREFIX_PATH=/home/jlurobovision/eng_ws/install/serial:/home/jlurobovision/eng_ws/install/msg_interfaces:/home/jlurobovision/eng_ws/install/exchangestation_detector:/home/jlurobovision/eng_ws/install/hik_camera:/home/jlurobovision/eng_ws/install/global_launch:/home/jlurobovision/eng_ws/install/galaxy_camera:/home/jlurobovision/eng_ws/install/camera_calibration:/opt/ros/humble LD_LIBRARY_PATH=/home/jlurobovision/eng_ws/install/serial/lib:/home/jlurobovision/eng_ws/install/msg_interfaces/lib:/home/jlurobovision/eng_ws/install/exchangestation_detector/lib:/home/jlurobovision/eng_ws/install/hik_camera/lib:/home/jlurobovision/eng_ws/install/galaxy_camera/lib:/opt/ros/humble/opt/rviz_ogre_vendor/lib:/opt/ros/humble/lib/x86_64-linux-gnu:/opt/ros/humble/lib PYTHONPATH=/home/jlurobovision/eng_ws/install/msg_interfaces/lib/python3.10/site-packages:/home/jlurobovision/eng_ws/install/msg_interfaces/local/lib/python3.10/dist-packages:/opt/ros/humble/lib/python3.10/site-packages:/opt/ros/humble/local/lib/python3.10/dist-packages /usr/bin/cmake --install /home/jlurobovision/eng_ws/build/exchangestation_detector
[6.976s] Level 1:colcon.colcon_core.environment:checking '/home/jlurobovision/eng_ws/install/exchangestation_detector' for CMake config files
[6.977s] Level 1:colcon.colcon_core.shell:create_environment_hook('exchangestation_detector', 'cmake_prefix_path')
[6.977s] INFO:colcon.colcon_core.shell:Creating environment hook '/home/jlurobovision/eng_ws/install/exchangestation_detector/share/exchangestation_detector/hook/cmake_prefix_path.ps1'
[6.978s] INFO:colcon.colcon_core.shell:Creating environment descriptor '/home/jlurobovision/eng_ws/install/exchangestation_detector/share/exchangestation_detector/hook/cmake_prefix_path.dsv'
[6.978s] INFO:colcon.colcon_core.shell:Creating environment hook '/home/jlurobovision/eng_ws/install/exchangestation_detector/share/exchangestation_detector/hook/cmake_prefix_path.sh'
[6.979s] Level 1:colcon.colcon_core.environment:checking '/home/jlurobovision/eng_ws/install/exchangestation_detector/lib'
[6.979s] Level 1:colcon.colcon_core.shell:create_environment_hook('exchangestation_detector', 'ld_library_path_lib')
[6.979s] INFO:colcon.colcon_core.shell:Creating environment hook '/home/jlurobovision/eng_ws/install/exchangestation_detector/share/exchangestation_detector/hook/ld_library_path_lib.ps1'
[6.980s] INFO:colcon.colcon_core.shell:Creating environment descriptor '/home/jlurobovision/eng_ws/install/exchangestation_detector/share/exchangestation_detector/hook/ld_library_path_lib.dsv'
[6.980s] INFO:colcon.colcon_core.shell:Creating environment hook '/home/jlurobovision/eng_ws/install/exchangestation_detector/share/exchangestation_detector/hook/ld_library_path_lib.sh'
[6.980s] Level 1:colcon.colcon_core.environment:checking '/home/jlurobovision/eng_ws/install/exchangestation_detector/bin'
[6.981s] Level 1:colcon.colcon_core.environment:checking '/home/jlurobovision/eng_ws/install/exchangestation_detector/lib/pkgconfig/exchangestation_detector.pc'
[6.981s] Level 1:colcon.colcon_core.environment:checking '/home/jlurobovision/eng_ws/install/exchangestation_detector/lib/python3.10/site-packages'
[6.981s] Level 1:colcon.colcon_core.environment:checking '/home/jlurobovision/eng_ws/install/exchangestation_detector/bin'
[6.981s] INFO:colcon.colcon_core.shell:Creating package script '/home/jlurobovision/eng_ws/install/exchangestation_detector/share/exchangestation_detector/package.ps1'
[6.982s] INFO:colcon.colcon_core.shell:Creating package descriptor '/home/jlurobovision/eng_ws/install/exchangestation_detector/share/exchangestation_detector/package.dsv'
[6.982s] INFO:colcon.colcon_core.shell:Creating package script '/home/jlurobovision/eng_ws/install/exchangestation_detector/share/exchangestation_detector/package.sh'
[6.983s] INFO:colcon.colcon_core.shell:Creating package script '/home/jlurobovision/eng_ws/install/exchangestation_detector/share/exchangestation_detector/package.bash'
[6.983s] INFO:colcon.colcon_core.shell:Creating package script '/home/jlurobovision/eng_ws/install/exchangestation_detector/share/exchangestation_detector/package.zsh'
[6.983s] Level 1:colcon.colcon_core.environment:create_file_with_runtime_dependencies(/home/jlurobovision/eng_ws/install/exchangestation_detector/share/colcon-core/packages/exchangestation_detector)
[7.008s] Level 1:colcon.colcon_core.environment:create_environment_scripts_only(exchangestation_detector)
[7.009s] Level 1:colcon.colcon_core.environment:checking '/home/jlurobovision/eng_ws/install/exchangestation_detector' for CMake module files
[7.010s] Level 1:colcon.colcon_core.environment:checking '/home/jlurobovision/eng_ws/install/exchangestation_detector' for CMake config files
[7.010s] Level 1:colcon.colcon_core.shell:create_environment_hook('exchangestation_detector', 'cmake_prefix_path')
[7.010s] INFO:colcon.colcon_core.shell:Creating environment hook '/home/jlurobovision/eng_ws/install/exchangestation_detector/share/exchangestation_detector/hook/cmake_prefix_path.ps1'
[7.011s] INFO:colcon.colcon_core.shell:Creating environment descriptor '/home/jlurobovision/eng_ws/install/exchangestation_detector/share/exchangestation_detector/hook/cmake_prefix_path.dsv'
[7.011s] INFO:colcon.colcon_core.shell:Creating environment hook '/home/jlurobovision/eng_ws/install/exchangestation_detector/share/exchangestation_detector/hook/cmake_prefix_path.sh'
[7.012s] Level 1:colcon.colcon_core.environment:checking '/home/jlurobovision/eng_ws/install/exchangestation_detector/lib'
[7.012s] Level 1:colcon.colcon_core.shell:create_environment_hook('exchangestation_detector', 'ld_library_path_lib')
[7.012s] INFO:colcon.colcon_core.shell:Creating environment hook '/home/jlurobovision/eng_ws/install/exchangestation_detector/share/exchangestation_detector/hook/ld_library_path_lib.ps1'
[7.013s] INFO:colcon.colcon_core.shell:Creating environment descriptor '/home/jlurobovision/eng_ws/install/exchangestation_detector/share/exchangestation_detector/hook/ld_library_path_lib.dsv'
[7.013s] INFO:colcon.colcon_core.shell:Creating environment hook '/home/jlurobovision/eng_ws/install/exchangestation_detector/share/exchangestation_detector/hook/ld_library_path_lib.sh'
[7.014s] Level 1:colcon.colcon_core.environment:checking '/home/jlurobovision/eng_ws/install/exchangestation_detector/bin'
[7.014s] Level 1:colcon.colcon_core.environment:checking '/home/jlurobovision/eng_ws/install/exchangestation_detector/lib/pkgconfig/exchangestation_detector.pc'
[7.014s] Level 1:colcon.colcon_core.environment:checking '/home/jlurobovision/eng_ws/install/exchangestation_detector/lib/python3.10/site-packages'
[7.014s] Level 1:colcon.colcon_core.environment:checking '/home/jlurobovision/eng_ws/install/exchangestation_detector/bin'
[7.015s] INFO:colcon.colcon_core.shell:Creating package script '/home/jlurobovision/eng_ws/install/exchangestation_detector/share/exchangestation_detector/package.ps1'
[7.015s] INFO:colcon.colcon_core.shell:Creating package descriptor '/home/jlurobovision/eng_ws/install/exchangestation_detector/share/exchangestation_detector/package.dsv'
[7.016s] INFO:colcon.colcon_core.shell:Creating package script '/home/jlurobovision/eng_ws/install/exchangestation_detector/share/exchangestation_detector/package.sh'
[7.016s] INFO:colcon.colcon_core.shell:Creating package script '/home/jlurobovision/eng_ws/install/exchangestation_detector/share/exchangestation_detector/package.bash'
[7.017s] INFO:colcon.colcon_core.shell:Creating package script '/home/jlurobovision/eng_ws/install/exchangestation_detector/share/exchangestation_detector/package.zsh'
[7.017s] Level 1:colcon.colcon_core.environment:create_file_with_runtime_dependencies(/home/jlurobovision/eng_ws/install/exchangestation_detector/share/colcon-core/packages/exchangestation_detector)
[7.017s] DEBUG:colcon.colcon_parallel_executor.executor.parallel:closing loop
[7.018s] DEBUG:colcon.colcon_parallel_executor.executor.parallel:loop closed
[7.018s] DEBUG:colcon.colcon_parallel_executor.executor.parallel:run_until_complete finished with '0'
[7.018s] DEBUG:colcon.colcon_core.event_reactor:joining thread
[7.023s] INFO:colcon.colcon_core.plugin_system:Skipping extension 'colcon_notification.desktop_notification.terminal_notifier': Not used on non-Darwin systems
[7.024s] INFO:colcon.colcon_core.plugin_system:Skipping extension 'colcon_notification.desktop_notification.win32': Not used on non-Windows systems
[7.024s] INFO:colcon.colcon_notification.desktop_notification:Sending desktop notification using 'notify2'
[7.039s] DEBUG:colcon.colcon_core.event_reactor:joined thread
[7.039s] INFO:colcon.colcon_core.shell:Creating prefix script '/home/jlurobovision/eng_ws/install/local_setup.ps1'
[7.040s] INFO:colcon.colcon_core.shell:Creating prefix util module '/home/jlurobovision/eng_ws/install/_local_setup_util_ps1.py'
[7.042s] INFO:colcon.colcon_core.shell:Creating prefix chain script '/home/jlurobovision/eng_ws/install/setup.ps1'
[7.043s] INFO:colcon.colcon_core.shell:Creating prefix script '/home/jlurobovision/eng_ws/install/local_setup.sh'
[7.043s] INFO:colcon.colcon_core.shell:Creating prefix util module '/home/jlurobovision/eng_ws/install/_local_setup_util_sh.py'
[7.044s] INFO:colcon.colcon_core.shell:Creating prefix chain script '/home/jlurobovision/eng_ws/install/setup.sh'
[7.047s] INFO:colcon.colcon_core.shell:Creating prefix script '/home/jlurobovision/eng_ws/install/local_setup.bash'
[7.049s] INFO:colcon.colcon_core.shell:Creating prefix chain script '/home/jlurobovision/eng_ws/install/setup.bash'
[7.052s] INFO:colcon.colcon_core.shell:Creating prefix script '/home/jlurobovision/eng_ws/install/local_setup.zsh'
[7.053s] INFO:colcon.colcon_core.shell:Creating prefix chain script '/home/jlurobovision/eng_ws/install/setup.zsh'
