[0.015s] Invoking command in '/home/jlurobovision/eng_ws/build/camera_calibration': CMAKE_PREFIX_PATH=${CMAKE_PREFIX_PATH}:/opt/ros/humble /usr/bin/cmake --build /home/jlurobovision/eng_ws/build/camera_calibration -- -j12 -l12
[0.125s] [35m[1mConsolidate compiler generated dependencies of target camera_calibration[0m
[0.216s] [ 50%] [32mBuilding CXX object CMakeFiles/camera_calibration.dir/src/camera_calibration.cpp.o[0m
[19.784s] [100%] [32m[1mLinking CXX executable camera_calibration[0m
[21.469s] /usr/bin/ld: warning: libopencv_imgproc.so.4.5d, needed by /opt/ros/humble/lib/libcv_bridge.so, may conflict with libopencv_imgproc.so.409
[21.473s] /usr/bin/ld: warning: libopencv_core.so.4.5d, needed by /opt/ros/humble/lib/libcv_bridge.so, may conflict with libopencv_core.so.409
[23.098s] [100%] Built target camera_calibration
[23.128s] Invoked command in '/home/jlurobovision/eng_ws/build/camera_calibration' returned '0': CMAKE_PREFIX_PATH=${CMAKE_PREFIX_PATH}:/opt/ros/humble /usr/bin/cmake --build /home/jlurobovision/eng_ws/build/camera_calibration -- -j12 -l12
[23.177s] Invoking command in '/home/jlurobovision/eng_ws/build/camera_calibration': CMAKE_PREFIX_PATH=${CMAKE_PREFIX_PATH}:/opt/ros/humble /usr/bin/cmake --install /home/jlurobovision/eng_ws/build/camera_calibration
[23.185s] -- Install configuration: ""
[23.186s] -- Installing: /home/jlurobovision/eng_ws/install/camera_calibration/lib/camera_calibration/camera_calibration
[23.193s] -- Set runtime path of "/home/jlurobovision/eng_ws/install/camera_calibration/lib/camera_calibration/camera_calibration" to ""
[23.194s] -- Up-to-date: /home/jlurobovision/eng_ws/install/camera_calibration/share/ament_index/resource_index/package_run_dependencies/camera_calibration
[23.194s] -- Up-to-date: /home/jlurobovision/eng_ws/install/camera_calibration/share/ament_index/resource_index/parent_prefix_path/camera_calibration
[23.194s] -- Up-to-date: /home/jlurobovision/eng_ws/install/camera_calibration/share/camera_calibration/environment/ament_prefix_path.sh
[23.194s] -- Up-to-date: /home/jlurobovision/eng_ws/install/camera_calibration/share/camera_calibration/environment/ament_prefix_path.dsv
[23.194s] -- Up-to-date: /home/jlurobovision/eng_ws/install/camera_calibration/share/camera_calibration/environment/path.sh
[23.194s] -- Up-to-date: /home/jlurobovision/eng_ws/install/camera_calibration/share/camera_calibration/environment/path.dsv
[23.194s] -- Up-to-date: /home/jlurobovision/eng_ws/install/camera_calibration/share/camera_calibration/local_setup.bash
[23.194s] -- Up-to-date: /home/jlurobovision/eng_ws/install/camera_calibration/share/camera_calibration/local_setup.sh
[23.194s] -- Up-to-date: /home/jlurobovision/eng_ws/install/camera_calibration/share/camera_calibration/local_setup.zsh
[23.194s] -- Up-to-date: /home/jlurobovision/eng_ws/install/camera_calibration/share/camera_calibration/local_setup.dsv
[23.194s] -- Installing: /home/jlurobovision/eng_ws/install/camera_calibration/share/camera_calibration/package.dsv
[23.195s] -- Up-to-date: /home/jlurobovision/eng_ws/install/camera_calibration/share/ament_index/resource_index/packages/camera_calibration
[23.195s] -- Up-to-date: /home/jlurobovision/eng_ws/install/camera_calibration/share/camera_calibration/cmake/camera_calibrationConfig.cmake
[23.195s] -- Up-to-date: /home/jlurobovision/eng_ws/install/camera_calibration/share/camera_calibration/cmake/camera_calibrationConfig-version.cmake
[23.195s] -- Up-to-date: /home/jlurobovision/eng_ws/install/camera_calibration/share/camera_calibration/package.xml
[23.196s] Invoked command in '/home/jlurobovision/eng_ws/build/camera_calibration' returned '0': CMAKE_PREFIX_PATH=${CMAKE_PREFIX_PATH}:/opt/ros/humble /usr/bin/cmake --install /home/jlurobovision/eng_ws/build/camera_calibration
