[0.017s] Invoking command in '/home/jlurobovision/eng_ws/build/msg_interfaces': CMAKE_PREFIX_PATH=/opt/ros/humble /usr/bin/cmake --build /home/jlurobovision/eng_ws/build/msg_interfaces -- -j12 -l12
[0.088s] [35m[1mConsolidate compiler generated dependencies of target msg_interfaces__rosidl_generator_c[0m
[0.097s] [  3%] Built target msg_interfaces__cpp
[0.097s] [ 12%] Built target msg_interfaces__rosidl_generator_c
[0.113s] [35m[1mConsolidate compiler generated dependencies of target msg_interfaces__rosidl_typesupport_fastrtps_cpp[0m
[0.113s] [35m[1mConsolidate compiler generated dependencies of target msg_interfaces__rosidl_typesupport_cpp[0m
[0.115s] [35m[1mConsolidate compiler generated dependencies of target msg_interfaces__rosidl_typesupport_c[0m
[0.115s] [35m[1mConsolidate compiler generated dependencies of target msg_interfaces__rosidl_typesupport_introspection_cpp[0m
[0.115s] [35m[1mConsolidate compiler generated dependencies of target msg_interfaces__rosidl_typesupport_fastrtps_c[0m
[0.116s] [35m[1mConsolidate compiler generated dependencies of target msg_interfaces__rosidl_typesupport_introspection_c[0m
[0.132s] [ 12%] Built target ament_cmake_python_copy_msg_interfaces
[0.134s] [ 22%] Built target msg_interfaces__rosidl_typesupport_c
[0.137s] [ 32%] Built target msg_interfaces__rosidl_typesupport_fastrtps_cpp
[0.138s] [ 51%] Built target msg_interfaces__rosidl_typesupport_introspection_c
[0.138s] [ 51%] Built target msg_interfaces__rosidl_typesupport_cpp
[0.138s] [ 61%] Built target msg_interfaces__rosidl_typesupport_introspection_cpp
[0.138s] [ 70%] Built target msg_interfaces__rosidl_typesupport_fastrtps_c
[0.180s] [ 70%] Built target msg_interfaces
[0.201s] [ 74%] Built target msg_interfaces__py
[0.211s] [35m[1mConsolidate compiler generated dependencies of target msg_interfaces__rosidl_generator_py[0m
[0.233s] [ 80%] Built target msg_interfaces__rosidl_generator_py
[0.249s] [35m[1mConsolidate compiler generated dependencies of target msg_interfaces__rosidl_typesupport_fastrtps_c__pyext[0m
[0.250s] [35m[1mConsolidate compiler generated dependencies of target msg_interfaces__rosidl_typesupport_introspection_c__pyext[0m
[0.254s] [35m[1mConsolidate compiler generated dependencies of target msg_interfaces__rosidl_typesupport_c__pyext[0m
[0.284s] [ 93%] Built target msg_interfaces__rosidl_typesupport_introspection_c__pyext
[0.288s] [ 93%] Built target msg_interfaces__rosidl_typesupport_c__pyext
[0.288s] [100%] Built target msg_interfaces__rosidl_typesupport_fastrtps_c__pyext
[0.702s] running egg_info
[0.703s] writing msg_interfaces.egg-info/PKG-INFO
[0.703s] writing dependency_links to msg_interfaces.egg-info/dependency_links.txt
[0.703s] writing top-level names to msg_interfaces.egg-info/top_level.txt
[0.707s] reading manifest file 'msg_interfaces.egg-info/SOURCES.txt'
[0.708s] writing manifest file 'msg_interfaces.egg-info/SOURCES.txt'
[0.743s] [100%] Built target ament_cmake_python_build_msg_interfaces_egg
[0.753s] Invoked command in '/home/jlurobovision/eng_ws/build/msg_interfaces' returned '0': CMAKE_PREFIX_PATH=/opt/ros/humble /usr/bin/cmake --build /home/jlurobovision/eng_ws/build/msg_interfaces -- -j12 -l12
[0.793s] Invoking command in '/home/jlurobovision/eng_ws/build/msg_interfaces': CMAKE_PREFIX_PATH=/opt/ros/humble /usr/bin/cmake --install /home/jlurobovision/eng_ws/build/msg_interfaces
[0.801s] -- Install configuration: ""
[0.801s] -- Up-to-date: /home/jlurobovision/eng_ws/install/msg_interfaces/share/ament_index/resource_index/rosidl_interfaces/msg_interfaces
[0.801s] -- Up-to-date: /home/jlurobovision/eng_ws/install/msg_interfaces/include/msg_interfaces/msg_interfaces
[0.801s] -- Up-to-date: /home/jlurobovision/eng_ws/install/msg_interfaces/include/msg_interfaces/msg_interfaces/msg
[0.801s] -- Up-to-date: /home/jlurobovision/eng_ws/install/msg_interfaces/include/msg_interfaces/msg_interfaces/msg/angle.h
[0.801s] -- Up-to-date: /home/jlurobovision/eng_ws/install/msg_interfaces/include/msg_interfaces/msg_interfaces/msg/detail
[0.801s] -- Up-to-date: /home/jlurobovision/eng_ws/install/msg_interfaces/include/msg_interfaces/msg_interfaces/msg/detail/angle__functions.c
[0.801s] -- Up-to-date: /home/jlurobovision/eng_ws/install/msg_interfaces/include/msg_interfaces/msg_interfaces/msg/detail/angle__functions.h
[0.801s] -- Up-to-date: /home/jlurobovision/eng_ws/install/msg_interfaces/include/msg_interfaces/msg_interfaces/msg/detail/angle__struct.h
[0.802s] -- Up-to-date: /home/jlurobovision/eng_ws/install/msg_interfaces/include/msg_interfaces/msg_interfaces/msg/detail/angle__type_support.h
[0.802s] -- Up-to-date: /home/jlurobovision/eng_ws/install/msg_interfaces/include/msg_interfaces/msg_interfaces/msg/rosidl_generator_c__visibility_control.h
[0.802s] -- Up-to-date: /home/jlurobovision/eng_ws/install/msg_interfaces/share/msg_interfaces/environment/library_path.sh
[0.802s] -- Up-to-date: /home/jlurobovision/eng_ws/install/msg_interfaces/share/msg_interfaces/environment/library_path.dsv
[0.802s] -- Up-to-date: /home/jlurobovision/eng_ws/install/msg_interfaces/lib/libmsg_interfaces__rosidl_generator_c.so
[0.802s] -- Up-to-date: /home/jlurobovision/eng_ws/install/msg_interfaces/include/msg_interfaces/msg_interfaces
[0.802s] -- Up-to-date: /home/jlurobovision/eng_ws/install/msg_interfaces/include/msg_interfaces/msg_interfaces/msg
[0.802s] -- Up-to-date: /home/jlurobovision/eng_ws/install/msg_interfaces/include/msg_interfaces/msg_interfaces/msg/rosidl_typesupport_fastrtps_c__visibility_control.h
[0.802s] -- Up-to-date: /home/jlurobovision/eng_ws/install/msg_interfaces/include/msg_interfaces/msg_interfaces/msg/detail
[0.802s] -- Up-to-date: /home/jlurobovision/eng_ws/install/msg_interfaces/include/msg_interfaces/msg_interfaces/msg/detail/angle__rosidl_typesupport_fastrtps_c.h
[0.802s] -- Up-to-date: /home/jlurobovision/eng_ws/install/msg_interfaces/lib/libmsg_interfaces__rosidl_typesupport_fastrtps_c.so
[0.803s] -- Up-to-date: /home/jlurobovision/eng_ws/install/msg_interfaces/include/msg_interfaces/msg_interfaces
[0.803s] -- Up-to-date: /home/jlurobovision/eng_ws/install/msg_interfaces/include/msg_interfaces/msg_interfaces/msg
[0.803s] -- Up-to-date: /home/jlurobovision/eng_ws/install/msg_interfaces/include/msg_interfaces/msg_interfaces/msg/rosidl_typesupport_introspection_c__visibility_control.h
[0.803s] -- Up-to-date: /home/jlurobovision/eng_ws/install/msg_interfaces/include/msg_interfaces/msg_interfaces/msg/detail
[0.803s] -- Up-to-date: /home/jlurobovision/eng_ws/install/msg_interfaces/include/msg_interfaces/msg_interfaces/msg/detail/angle__rosidl_typesupport_introspection_c.h
[0.803s] -- Up-to-date: /home/jlurobovision/eng_ws/install/msg_interfaces/include/msg_interfaces/msg_interfaces/msg/detail/angle__type_support.c
[0.803s] -- Up-to-date: /home/jlurobovision/eng_ws/install/msg_interfaces/lib/libmsg_interfaces__rosidl_typesupport_introspection_c.so
[0.803s] -- Up-to-date: /home/jlurobovision/eng_ws/install/msg_interfaces/lib/libmsg_interfaces__rosidl_typesupport_c.so
[0.803s] -- Up-to-date: /home/jlurobovision/eng_ws/install/msg_interfaces/include/msg_interfaces/msg_interfaces
[0.803s] -- Up-to-date: /home/jlurobovision/eng_ws/install/msg_interfaces/include/msg_interfaces/msg_interfaces/msg
[0.803s] -- Up-to-date: /home/jlurobovision/eng_ws/install/msg_interfaces/include/msg_interfaces/msg_interfaces/msg/angle.hpp
[0.803s] -- Up-to-date: /home/jlurobovision/eng_ws/install/msg_interfaces/include/msg_interfaces/msg_interfaces/msg/detail
[0.803s] -- Up-to-date: /home/jlurobovision/eng_ws/install/msg_interfaces/include/msg_interfaces/msg_interfaces/msg/detail/angle__traits.hpp
[0.803s] -- Up-to-date: /home/jlurobovision/eng_ws/install/msg_interfaces/include/msg_interfaces/msg_interfaces/msg/detail/angle__struct.hpp
[0.804s] -- Up-to-date: /home/jlurobovision/eng_ws/install/msg_interfaces/include/msg_interfaces/msg_interfaces/msg/detail/angle__builder.hpp
[0.804s] -- Up-to-date: /home/jlurobovision/eng_ws/install/msg_interfaces/include/msg_interfaces/msg_interfaces
[0.804s] -- Up-to-date: /home/jlurobovision/eng_ws/install/msg_interfaces/include/msg_interfaces/msg_interfaces/msg
[0.804s] -- Up-to-date: /home/jlurobovision/eng_ws/install/msg_interfaces/include/msg_interfaces/msg_interfaces/msg/rosidl_typesupport_fastrtps_cpp__visibility_control.h
[0.804s] -- Up-to-date: /home/jlurobovision/eng_ws/install/msg_interfaces/include/msg_interfaces/msg_interfaces/msg/detail
[0.804s] -- Up-to-date: /home/jlurobovision/eng_ws/install/msg_interfaces/include/msg_interfaces/msg_interfaces/msg/detail/angle__rosidl_typesupport_fastrtps_cpp.hpp
[0.804s] -- Up-to-date: /home/jlurobovision/eng_ws/install/msg_interfaces/include/msg_interfaces/msg_interfaces/msg/detail/dds_fastrtps
[0.804s] -- Up-to-date: /home/jlurobovision/eng_ws/install/msg_interfaces/lib/libmsg_interfaces__rosidl_typesupport_fastrtps_cpp.so
[0.804s] -- Up-to-date: /home/jlurobovision/eng_ws/install/msg_interfaces/include/msg_interfaces/msg_interfaces
[0.804s] -- Up-to-date: /home/jlurobovision/eng_ws/install/msg_interfaces/include/msg_interfaces/msg_interfaces/msg
[0.804s] -- Up-to-date: /home/jlurobovision/eng_ws/install/msg_interfaces/include/msg_interfaces/msg_interfaces/msg/detail
[0.804s] -- Up-to-date: /home/jlurobovision/eng_ws/install/msg_interfaces/include/msg_interfaces/msg_interfaces/msg/detail/angle__rosidl_typesupport_introspection_cpp.hpp
[0.805s] -- Up-to-date: /home/jlurobovision/eng_ws/install/msg_interfaces/include/msg_interfaces/msg_interfaces/msg/detail/angle__type_support.cpp
[0.805s] -- Up-to-date: /home/jlurobovision/eng_ws/install/msg_interfaces/lib/libmsg_interfaces__rosidl_typesupport_introspection_cpp.so
[0.805s] -- Up-to-date: /home/jlurobovision/eng_ws/install/msg_interfaces/lib/libmsg_interfaces__rosidl_typesupport_cpp.so
[0.805s] -- Up-to-date: /home/jlurobovision/eng_ws/install/msg_interfaces/share/msg_interfaces/environment/pythonpath.sh
[0.805s] -- Up-to-date: /home/jlurobovision/eng_ws/install/msg_interfaces/share/msg_interfaces/environment/pythonpath.dsv
[0.805s] -- Up-to-date: /home/jlurobovision/eng_ws/install/msg_interfaces/local/lib/python3.10/dist-packages/msg_interfaces-0.0.0-py3.10.egg-info
[0.805s] -- Installing: /home/jlurobovision/eng_ws/install/msg_interfaces/local/lib/python3.10/dist-packages/msg_interfaces-0.0.0-py3.10.egg-info/SOURCES.txt
[0.805s] -- Installing: /home/jlurobovision/eng_ws/install/msg_interfaces/local/lib/python3.10/dist-packages/msg_interfaces-0.0.0-py3.10.egg-info/PKG-INFO
[0.805s] -- Installing: /home/jlurobovision/eng_ws/install/msg_interfaces/local/lib/python3.10/dist-packages/msg_interfaces-0.0.0-py3.10.egg-info/dependency_links.txt
[0.805s] -- Installing: /home/jlurobovision/eng_ws/install/msg_interfaces/local/lib/python3.10/dist-packages/msg_interfaces-0.0.0-py3.10.egg-info/top_level.txt
[0.805s] -- Up-to-date: /home/jlurobovision/eng_ws/install/msg_interfaces/local/lib/python3.10/dist-packages/msg_interfaces
[0.805s] -- Up-to-date: /home/jlurobovision/eng_ws/install/msg_interfaces/local/lib/python3.10/dist-packages/msg_interfaces/msg_interfaces_s__rosidl_typesupport_c.cpython-310-x86_64-linux-gnu.so
[0.805s] -- Up-to-date: /home/jlurobovision/eng_ws/install/msg_interfaces/local/lib/python3.10/dist-packages/msg_interfaces/_msg_interfaces_s.ep.rosidl_typesupport_introspection_c.c
[0.805s] -- Up-to-date: /home/jlurobovision/eng_ws/install/msg_interfaces/local/lib/python3.10/dist-packages/msg_interfaces/msg_interfaces_s__rosidl_typesupport_introspection_c.cpython-310-x86_64-linux-gnu.so
[0.805s] -- Up-to-date: /home/jlurobovision/eng_ws/install/msg_interfaces/local/lib/python3.10/dist-packages/msg_interfaces/libmsg_interfaces__rosidl_generator_py.so
[0.805s] -- Up-to-date: /home/jlurobovision/eng_ws/install/msg_interfaces/local/lib/python3.10/dist-packages/msg_interfaces/msg
[0.806s] -- Up-to-date: /home/jlurobovision/eng_ws/install/msg_interfaces/local/lib/python3.10/dist-packages/msg_interfaces/msg/_angle_s.c
[0.806s] -- Up-to-date: /home/jlurobovision/eng_ws/install/msg_interfaces/local/lib/python3.10/dist-packages/msg_interfaces/msg/_angle.py
[0.806s] -- Up-to-date: /home/jlurobovision/eng_ws/install/msg_interfaces/local/lib/python3.10/dist-packages/msg_interfaces/msg/__init__.py
[0.806s] -- Up-to-date: /home/jlurobovision/eng_ws/install/msg_interfaces/local/lib/python3.10/dist-packages/msg_interfaces/_msg_interfaces_s.ep.rosidl_typesupport_fastrtps_c.c
[0.806s] -- Up-to-date: /home/jlurobovision/eng_ws/install/msg_interfaces/local/lib/python3.10/dist-packages/msg_interfaces/msg_interfaces_s__rosidl_typesupport_fastrtps_c.cpython-310-x86_64-linux-gnu.so
[0.806s] -- Up-to-date: /home/jlurobovision/eng_ws/install/msg_interfaces/local/lib/python3.10/dist-packages/msg_interfaces/__init__.py
[0.806s] -- Up-to-date: /home/jlurobovision/eng_ws/install/msg_interfaces/local/lib/python3.10/dist-packages/msg_interfaces/_msg_interfaces_s.ep.rosidl_typesupport_c.c
[0.836s] Listing '/home/jlurobovision/eng_ws/install/msg_interfaces/local/lib/python3.10/dist-packages/msg_interfaces'...
[0.837s] Listing '/home/jlurobovision/eng_ws/install/msg_interfaces/local/lib/python3.10/dist-packages/msg_interfaces/msg'...
[0.849s] -- Up-to-date: /home/jlurobovision/eng_ws/install/msg_interfaces/local/lib/python3.10/dist-packages/msg_interfaces/msg_interfaces_s__rosidl_typesupport_fastrtps_c.cpython-310-x86_64-linux-gnu.so
[0.849s] -- Up-to-date: /home/jlurobovision/eng_ws/install/msg_interfaces/local/lib/python3.10/dist-packages/msg_interfaces/msg_interfaces_s__rosidl_typesupport_introspection_c.cpython-310-x86_64-linux-gnu.so
[0.849s] -- Up-to-date: /home/jlurobovision/eng_ws/install/msg_interfaces/local/lib/python3.10/dist-packages/msg_interfaces/msg_interfaces_s__rosidl_typesupport_c.cpython-310-x86_64-linux-gnu.so
[0.850s] -- Up-to-date: /home/jlurobovision/eng_ws/install/msg_interfaces/lib/libmsg_interfaces__rosidl_generator_py.so
[0.850s] -- Up-to-date: /home/jlurobovision/eng_ws/install/msg_interfaces/share/msg_interfaces/msg/Angle.idl
[0.850s] -- Up-to-date: /home/jlurobovision/eng_ws/install/msg_interfaces/share/msg_interfaces/msg/Angle.msg
[0.850s] -- Up-to-date: /home/jlurobovision/eng_ws/install/msg_interfaces/share/ament_index/resource_index/package_run_dependencies/msg_interfaces
[0.850s] -- Up-to-date: /home/jlurobovision/eng_ws/install/msg_interfaces/share/ament_index/resource_index/parent_prefix_path/msg_interfaces
[0.850s] -- Up-to-date: /home/jlurobovision/eng_ws/install/msg_interfaces/share/msg_interfaces/environment/ament_prefix_path.sh
[0.850s] -- Up-to-date: /home/jlurobovision/eng_ws/install/msg_interfaces/share/msg_interfaces/environment/ament_prefix_path.dsv
[0.850s] -- Up-to-date: /home/jlurobovision/eng_ws/install/msg_interfaces/share/msg_interfaces/environment/path.sh
[0.851s] -- Up-to-date: /home/jlurobovision/eng_ws/install/msg_interfaces/share/msg_interfaces/environment/path.dsv
[0.851s] -- Up-to-date: /home/jlurobovision/eng_ws/install/msg_interfaces/share/msg_interfaces/local_setup.bash
[0.851s] -- Up-to-date: /home/jlurobovision/eng_ws/install/msg_interfaces/share/msg_interfaces/local_setup.sh
[0.851s] -- Up-to-date: /home/jlurobovision/eng_ws/install/msg_interfaces/share/msg_interfaces/local_setup.zsh
[0.851s] -- Up-to-date: /home/jlurobovision/eng_ws/install/msg_interfaces/share/msg_interfaces/local_setup.dsv
[0.851s] -- Installing: /home/jlurobovision/eng_ws/install/msg_interfaces/share/msg_interfaces/package.dsv
[0.851s] -- Up-to-date: /home/jlurobovision/eng_ws/install/msg_interfaces/share/ament_index/resource_index/packages/msg_interfaces
[0.851s] -- Up-to-date: /home/jlurobovision/eng_ws/install/msg_interfaces/share/msg_interfaces/cmake/export_msg_interfaces__rosidl_generator_cExport.cmake
[0.851s] -- Up-to-date: /home/jlurobovision/eng_ws/install/msg_interfaces/share/msg_interfaces/cmake/export_msg_interfaces__rosidl_generator_cExport-noconfig.cmake
[0.851s] -- Up-to-date: /home/jlurobovision/eng_ws/install/msg_interfaces/share/msg_interfaces/cmake/export_msg_interfaces__rosidl_typesupport_fastrtps_cExport.cmake
[0.851s] -- Up-to-date: /home/jlurobovision/eng_ws/install/msg_interfaces/share/msg_interfaces/cmake/export_msg_interfaces__rosidl_typesupport_fastrtps_cExport-noconfig.cmake
[0.851s] -- Up-to-date: /home/jlurobovision/eng_ws/install/msg_interfaces/share/msg_interfaces/cmake/msg_interfaces__rosidl_typesupport_introspection_cExport.cmake
[0.851s] -- Up-to-date: /home/jlurobovision/eng_ws/install/msg_interfaces/share/msg_interfaces/cmake/msg_interfaces__rosidl_typesupport_introspection_cExport-noconfig.cmake
[0.852s] -- Up-to-date: /home/jlurobovision/eng_ws/install/msg_interfaces/share/msg_interfaces/cmake/msg_interfaces__rosidl_typesupport_cExport.cmake
[0.852s] -- Up-to-date: /home/jlurobovision/eng_ws/install/msg_interfaces/share/msg_interfaces/cmake/msg_interfaces__rosidl_typesupport_cExport-noconfig.cmake
[0.852s] -- Up-to-date: /home/jlurobovision/eng_ws/install/msg_interfaces/share/msg_interfaces/cmake/export_msg_interfaces__rosidl_generator_cppExport.cmake
[0.852s] -- Up-to-date: /home/jlurobovision/eng_ws/install/msg_interfaces/share/msg_interfaces/cmake/export_msg_interfaces__rosidl_typesupport_fastrtps_cppExport.cmake
[0.852s] -- Up-to-date: /home/jlurobovision/eng_ws/install/msg_interfaces/share/msg_interfaces/cmake/export_msg_interfaces__rosidl_typesupport_fastrtps_cppExport-noconfig.cmake
[0.852s] -- Up-to-date: /home/jlurobovision/eng_ws/install/msg_interfaces/share/msg_interfaces/cmake/msg_interfaces__rosidl_typesupport_introspection_cppExport.cmake
[0.852s] -- Up-to-date: /home/jlurobovision/eng_ws/install/msg_interfaces/share/msg_interfaces/cmake/msg_interfaces__rosidl_typesupport_introspection_cppExport-noconfig.cmake
[0.853s] -- Up-to-date: /home/jlurobovision/eng_ws/install/msg_interfaces/share/msg_interfaces/cmake/msg_interfaces__rosidl_typesupport_cppExport.cmake
[0.853s] -- Up-to-date: /home/jlurobovision/eng_ws/install/msg_interfaces/share/msg_interfaces/cmake/msg_interfaces__rosidl_typesupport_cppExport-noconfig.cmake
[0.853s] -- Up-to-date: /home/jlurobovision/eng_ws/install/msg_interfaces/share/msg_interfaces/cmake/export_msg_interfaces__rosidl_generator_pyExport.cmake
[0.853s] -- Up-to-date: /home/jlurobovision/eng_ws/install/msg_interfaces/share/msg_interfaces/cmake/export_msg_interfaces__rosidl_generator_pyExport-noconfig.cmake
[0.853s] -- Up-to-date: /home/jlurobovision/eng_ws/install/msg_interfaces/share/msg_interfaces/cmake/rosidl_cmake-extras.cmake
[0.853s] -- Up-to-date: /home/jlurobovision/eng_ws/install/msg_interfaces/share/msg_interfaces/cmake/ament_cmake_export_include_directories-extras.cmake
[0.853s] -- Up-to-date: /home/jlurobovision/eng_ws/install/msg_interfaces/share/msg_interfaces/cmake/ament_cmake_export_libraries-extras.cmake
[0.853s] -- Up-to-date: /home/jlurobovision/eng_ws/install/msg_interfaces/share/msg_interfaces/cmake/ament_cmake_export_targets-extras.cmake
[0.854s] -- Up-to-date: /home/jlurobovision/eng_ws/install/msg_interfaces/share/msg_interfaces/cmake/rosidl_cmake_export_typesupport_targets-extras.cmake
[0.854s] -- Up-to-date: /home/jlurobovision/eng_ws/install/msg_interfaces/share/msg_interfaces/cmake/ament_cmake_export_dependencies-extras.cmake
[0.854s] -- Up-to-date: /home/jlurobovision/eng_ws/install/msg_interfaces/share/msg_interfaces/cmake/rosidl_cmake_export_typesupport_libraries-extras.cmake
[0.854s] -- Up-to-date: /home/jlurobovision/eng_ws/install/msg_interfaces/share/msg_interfaces/cmake/msg_interfacesConfig.cmake
[0.854s] -- Up-to-date: /home/jlurobovision/eng_ws/install/msg_interfaces/share/msg_interfaces/cmake/msg_interfacesConfig-version.cmake
[0.854s] -- Up-to-date: /home/jlurobovision/eng_ws/install/msg_interfaces/share/msg_interfaces/package.xml
[0.859s] Invoked command in '/home/jlurobovision/eng_ws/build/msg_interfaces' returned '0': CMAKE_PREFIX_PATH=/opt/ros/humble /usr/bin/cmake --install /home/jlurobovision/eng_ws/build/msg_interfaces
