[100%] Built target serial_node
[100%] Built target serial
-- Install configuration: ""
-- Up-to-date: /home/jlurobovision/eng_ws/install/serial/lib/libserial.so
-- Up-to-date: /home/jlurobovision/eng_ws/install/serial/lib/serial/serial_node
-- Up-to-date: /home/jlurobovision/eng_ws/install/serial/include
-- Up-to-date: /home/jlurobovision/eng_ws/install/serial/include/serial
-- Up-to-date: /home/jlurobovision/eng_ws/install/serial/include/serial/crc_check.hpp
-- Up-to-date: /home/jlurobovision/eng_ws/install/serial/include/serial/serial_node.hpp
-- Up-to-date: /home/jlurobovision/eng_ws/install/serial/include/serial/serial.hpp
-- Up-to-date: /home/jlurobovision/eng_ws/install/serial/include/serial/packet.hpp
-- Up-to-date: /home/jlurobovision/eng_ws/install/serial/share/serial/launch
-- Installing: /home/jlurobovision/eng_ws/install/serial/share/serial/launch/serial.launch.py
-- Up-to-date: /home/jlurobovision/eng_ws/install/serial/share/ament_index/resource_index/package_run_dependencies/serial
-- Up-to-date: /home/jlurobovision/eng_ws/install/serial/share/ament_index/resource_index/parent_prefix_path/serial
-- Up-to-date: /home/jlurobovision/eng_ws/install/serial/share/serial/environment/ament_prefix_path.sh
-- Up-to-date: /home/jlurobovision/eng_ws/install/serial/share/serial/environment/ament_prefix_path.dsv
-- Up-to-date: /home/jlurobovision/eng_ws/install/serial/share/serial/environment/path.sh
-- Up-to-date: /home/jlurobovision/eng_ws/install/serial/share/serial/environment/path.dsv
-- Up-to-date: /home/jlurobovision/eng_ws/install/serial/share/serial/local_setup.bash
-- Up-to-date: /home/jlurobovision/eng_ws/install/serial/share/serial/local_setup.sh
-- Up-to-date: /home/jlurobovision/eng_ws/install/serial/share/serial/local_setup.zsh
-- Up-to-date: /home/jlurobovision/eng_ws/install/serial/share/serial/local_setup.dsv
-- Installing: /home/jlurobovision/eng_ws/install/serial/share/serial/package.dsv
-- Up-to-date: /home/jlurobovision/eng_ws/install/serial/share/ament_index/resource_index/packages/serial
-- Up-to-date: /home/jlurobovision/eng_ws/install/serial/share/ament_index/resource_index/rclcpp_components/serial
-- Up-to-date: /home/jlurobovision/eng_ws/install/serial/share/serial/cmake/serialConfig.cmake
-- Up-to-date: /home/jlurobovision/eng_ws/install/serial/share/serial/cmake/serialConfig-version.cmake
-- Up-to-date: /home/jlurobovision/eng_ws/install/serial/share/serial/package.xml
