[0.012s] Invoking command in '/home/jlurobovision/eng_ws/build/hik_camera': CMAKE_PREFIX_PATH=/opt/ros/humble /usr/bin/cmake /home/jlurobovision/eng_ws/src/hik_camera -DCMAKE_INSTALL_PREFIX=/home/jlurobovision/eng_ws/install/hik_camera
[0.112s] -- The C compiler identification is GNU 11.4.0
[0.192s] -- The CXX compiler identification is GNU 11.4.0
[0.200s] -- Detecting C compiler ABI info
[0.283s] -- Detecting C compiler ABI info - done
[0.297s] -- Check for working C compiler: /usr/bin/cc - skipped
[0.297s] -- Detecting C compile features
[0.297s] -- Detecting C compile features - done
[0.302s] -- Detecting CXX compiler ABI info
[0.516s] -- Detecting CXX compiler ABI info - done
[0.541s] -- Check for working CXX compiler: /usr/bin/c++ - skipped
[0.541s] -- Detecting CXX compile features
[0.542s] -- Detecting CXX compile features - done
[0.547s] -- Found ament_cmake_auto: 1.3.8 (/opt/ros/humble/share/ament_cmake_auto/cmake)
[0.796s] -- Found Python3: /usr/bin/python3 (found version "3.10.12") found components: Interpreter 
[1.539s] -- Found rosidl_generator_c: 3.1.5 (/opt/ros/humble/share/rosidl_generator_c/cmake)
[1.548s] -- Found rosidl_adapter: 3.1.5 (/opt/ros/humble/share/rosidl_adapter/cmake)
[1.572s] -- Found rosidl_generator_cpp: 3.1.5 (/opt/ros/humble/share/rosidl_generator_cpp/cmake)
[1.610s] -- Using all available rosidl_typesupport_c: rosidl_typesupport_fastrtps_c;rosidl_typesupport_introspection_c
[1.672s] -- Using all available rosidl_typesupport_cpp: rosidl_typesupport_fastrtps_cpp;rosidl_typesupport_introspection_cpp
[1.797s] -- Found rmw_implementation_cmake: 6.1.1 (/opt/ros/humble/share/rmw_implementation_cmake/cmake)
[1.802s] -- Found rmw_fastrtps_cpp: 6.2.6 (/opt/ros/humble/share/rmw_fastrtps_cpp/cmake)
[1.911s] -- Found OpenSSL: /usr/lib/x86_64-linux-gnu/libcrypto.so (found version "3.0.2")  
[1.951s] -- Found FastRTPS: /opt/ros/humble/include  
[2.004s] -- Using RMW implementation 'rmw_fastrtps_cpp' as default
[2.013s] -- Looking for pthread.h
[2.092s] -- Looking for pthread.h - found
[2.092s] -- Performing Test CMAKE_HAVE_LIBC_PTHREAD
[2.190s] -- Performing Test CMAKE_HAVE_LIBC_PTHREAD - Success
[2.191s] -- Found Threads: TRUE  
[2.751s] -- Found ament_lint_auto: 0.12.10 (/opt/ros/humble/share/ament_lint_auto/cmake)
[2.770s] -- Added test 'cppcheck' to perform static code analysis on C / C++ code
[2.770s] -- Configured cppcheck include dirs: /home/jlurobovision/eng_ws/src/hik_camera/hikSDK/include
[2.770s] -- Configured cppcheck exclude dirs and/or files: 
[2.771s] -- Added test 'flake8' to check Python code syntax and style conventions
[2.772s] -- Added test 'lint_cmake' to check CMake code style
[2.772s] -- Added test 'pep257' to check Python code against some of the docstring style conventions in PEP 257
[2.773s] -- Added test 'xmllint' to check XML markup files
[2.775s] -- Configuring done
[2.788s] -- Generating done
[2.790s] -- Build files have been written to: /home/jlurobovision/eng_ws/build/hik_camera
[2.801s] Invoked command in '/home/jlurobovision/eng_ws/build/hik_camera' returned '0': CMAKE_PREFIX_PATH=/opt/ros/humble /usr/bin/cmake /home/jlurobovision/eng_ws/src/hik_camera -DCMAKE_INSTALL_PREFIX=/home/jlurobovision/eng_ws/install/hik_camera
[2.802s] Invoking command in '/home/jlurobovision/eng_ws/build/hik_camera': CMAKE_PREFIX_PATH=/opt/ros/humble /usr/bin/cmake --build /home/jlurobovision/eng_ws/build/hik_camera -- -j12 -l12
[2.870s] [ 50%] [32mBuilding CXX object CMakeFiles/hik_camera_node.dir/rclcpp_components/node_main_hik_camera_node.cpp.o[0m
[2.870s] [ 50%] [32mBuilding CXX object CMakeFiles/hik_camera.dir/src/hik_camera_node.cpp.o[0m
[8.646s] [ 75%] [32m[1mLinking CXX executable hik_camera_node[0m
[8.819s] [ 75%] Built target hik_camera_node
[9.200s] [100%] [32m[1mLinking CXX shared library libhik_camera.so[0m
[9.445s] [100%] Built target hik_camera
[9.472s] Invoked command in '/home/jlurobovision/eng_ws/build/hik_camera' returned '0': CMAKE_PREFIX_PATH=/opt/ros/humble /usr/bin/cmake --build /home/jlurobovision/eng_ws/build/hik_camera -- -j12 -l12
[9.501s] Invoking command in '/home/jlurobovision/eng_ws/build/hik_camera': CMAKE_PREFIX_PATH=/opt/ros/humble /usr/bin/cmake --install /home/jlurobovision/eng_ws/build/hik_camera
[9.508s] -- Install configuration: ""
[9.508s] -- Installing: /home/jlurobovision/eng_ws/install/hik_camera/lib
[9.508s] -- Installing: /home/jlurobovision/eng_ws/install/hik_camera/lib/libMvUsb3vTL.so
[9.515s] -- Installing: /home/jlurobovision/eng_ws/install/hik_camera/lib/libMvCameraControl.so
[9.523s] -- Installing: /home/jlurobovision/eng_ws/install/hik_camera/lib/libFormatConversion.so
[9.525s] -- Installing: /home/jlurobovision/eng_ws/install/hik_camera/lib/libMediaProcess.so
[9.529s] -- Installing: /home/jlurobovision/eng_ws/install/hik_camera/lib/libMVRender.so
[9.530s] -- Installing: /home/jlurobovision/eng_ws/install/hik_camera/lib/hik_camera/hik_camera_node
[9.530s] -- Set runtime path of "/home/jlurobovision/eng_ws/install/hik_camera/lib/hik_camera/hik_camera_node" to ""
[9.530s] -- Installing: /home/jlurobovision/eng_ws/install/hik_camera/share/hik_camera/environment/library_path.sh
[9.530s] -- Installing: /home/jlurobovision/eng_ws/install/hik_camera/share/hik_camera/environment/library_path.dsv
[9.530s] -- Installing: /home/jlurobovision/eng_ws/install/hik_camera/lib/libhik_camera.so
[9.531s] -- Set runtime path of "/home/jlurobovision/eng_ws/install/hik_camera/lib/libhik_camera.so" to ""
[9.531s] -- Installing: /home/jlurobovision/eng_ws/install/hik_camera/share/hik_camera/config
[9.531s] -- Installing: /home/jlurobovision/eng_ws/install/hik_camera/share/hik_camera/config/camera_info.yaml
[9.531s] -- Installing: /home/jlurobovision/eng_ws/install/hik_camera/share/hik_camera/config/camera_params.yaml
[9.531s] -- Installing: /home/jlurobovision/eng_ws/install/hik_camera/share/hik_camera/launch
[9.531s] -- Installing: /home/jlurobovision/eng_ws/install/hik_camera/share/hik_camera/launch/hik_camera.launch.py
[9.532s] -- Installing: /home/jlurobovision/eng_ws/install/hik_camera/share/ament_index/resource_index/package_run_dependencies/hik_camera
[9.532s] -- Installing: /home/jlurobovision/eng_ws/install/hik_camera/share/ament_index/resource_index/parent_prefix_path/hik_camera
[9.532s] -- Installing: /home/jlurobovision/eng_ws/install/hik_camera/share/hik_camera/environment/ament_prefix_path.sh
[9.532s] -- Installing: /home/jlurobovision/eng_ws/install/hik_camera/share/hik_camera/environment/ament_prefix_path.dsv
[9.532s] -- Installing: /home/jlurobovision/eng_ws/install/hik_camera/share/hik_camera/environment/path.sh
[9.532s] -- Installing: /home/jlurobovision/eng_ws/install/hik_camera/share/hik_camera/environment/path.dsv
[9.532s] -- Installing: /home/jlurobovision/eng_ws/install/hik_camera/share/hik_camera/local_setup.bash
[9.532s] -- Installing: /home/jlurobovision/eng_ws/install/hik_camera/share/hik_camera/local_setup.sh
[9.532s] -- Installing: /home/jlurobovision/eng_ws/install/hik_camera/share/hik_camera/local_setup.zsh
[9.532s] -- Installing: /home/jlurobovision/eng_ws/install/hik_camera/share/hik_camera/local_setup.dsv
[9.532s] -- Installing: /home/jlurobovision/eng_ws/install/hik_camera/share/hik_camera/package.dsv
[9.532s] -- Installing: /home/jlurobovision/eng_ws/install/hik_camera/share/ament_index/resource_index/packages/hik_camera
[9.533s] -- Installing: /home/jlurobovision/eng_ws/install/hik_camera/share/ament_index/resource_index/rclcpp_components/hik_camera
[9.533s] -- Installing: /home/jlurobovision/eng_ws/install/hik_camera/share/hik_camera/cmake/ament_cmake_export_dependencies-extras.cmake
[9.533s] -- Installing: /home/jlurobovision/eng_ws/install/hik_camera/share/hik_camera/cmake/ament_cmake_export_libraries-extras.cmake
[9.533s] -- Installing: /home/jlurobovision/eng_ws/install/hik_camera/share/hik_camera/cmake/hik_cameraConfig.cmake
[9.533s] -- Installing: /home/jlurobovision/eng_ws/install/hik_camera/share/hik_camera/cmake/hik_cameraConfig-version.cmake
[9.533s] -- Installing: /home/jlurobovision/eng_ws/install/hik_camera/share/hik_camera/package.xml
[9.535s] Invoked command in '/home/jlurobovision/eng_ws/build/hik_camera' returned '0': CMAKE_PREFIX_PATH=/opt/ros/humble /usr/bin/cmake --install /home/jlurobovision/eng_ws/build/hik_camera
