[0.102s] Invoking command in '/home/stardust/eng_ws/build/serial': CMAKE_PREFIX_PATH=${CMAKE_PREFIX_PATH}:/opt/ros/iron /usr/bin/cmake --build /home/stardust/eng_ws/build/serial -- -j8 -l8
[0.169s] Invoked command in '/home/stardust/eng_ws/build/serial' returned '0': CMAKE_PREFIX_PATH=${CMAKE_PREFIX_PATH}:/opt/ros/iron /usr/bin/cmake --build /home/stardust/eng_ws/build/serial -- -j8 -l8
[0.218s] Invoking command in '/home/stardust/eng_ws/build/serial': CMAKE_PREFIX_PATH=${CMAKE_PREFIX_PATH}:/opt/ros/iron /usr/bin/cmake --install /home/stardust/eng_ws/build/serial
[0.239s] -- Install configuration: ""
[0.240s] -- Up-to-date: /home/stardust/eng_ws/install/serial/include
[0.240s] -- Up-to-date: /home/stardust/eng_ws/install/serial/include/serial
[0.241s] -- Up-to-date: /home/stardust/eng_ws/install/serial/include/serial/serial.h
[0.241s] -- Up-to-date: /home/stardust/eng_ws/install/serial/include/serial/packet.hpp
[0.241s] -- Up-to-date: /home/stardust/eng_ws/install/serial/share/ament_index/resource_index/package_run_dependencies/serial
[0.241s] -- Up-to-date: /home/stardust/eng_ws/install/serial/share/ament_index/resource_index/parent_prefix_path/serial
[0.241s] -- Up-to-date: /home/stardust/eng_ws/install/serial/share/serial/environment/ament_prefix_path.sh
[0.242s] -- Up-to-date: /home/stardust/eng_ws/install/serial/share/serial/environment/ament_prefix_path.dsv
[0.242s] -- Up-to-date: /home/stardust/eng_ws/install/serial/share/serial/environment/path.sh
[0.242s] -- Up-to-date: /home/stardust/eng_ws/install/serial/share/serial/environment/path.dsv
[0.242s] -- Up-to-date: /home/stardust/eng_ws/install/serial/share/serial/local_setup.bash
[0.242s] -- Up-to-date: /home/stardust/eng_ws/install/serial/share/serial/local_setup.sh
[0.243s] -- Up-to-date: /home/stardust/eng_ws/install/serial/share/serial/local_setup.zsh
[0.243s] -- Up-to-date: /home/stardust/eng_ws/install/serial/share/serial/local_setup.dsv
[0.243s] -- Installing: /home/stardust/eng_ws/install/serial/share/serial/package.dsv
[0.244s] -- Up-to-date: /home/stardust/eng_ws/install/serial/share/ament_index/resource_index/packages/serial
[0.244s] -- Up-to-date: /home/stardust/eng_ws/install/serial/share/serial/cmake/ament_cmake_export_include_directories-extras.cmake
[0.244s] -- Up-to-date: /home/stardust/eng_ws/install/serial/share/serial/cmake/serialConfig.cmake
[0.244s] -- Up-to-date: /home/stardust/eng_ws/install/serial/share/serial/cmake/serialConfig-version.cmake
[0.244s] -- Up-to-date: /home/stardust/eng_ws/install/serial/share/serial/package.xml
[0.247s] Invoked command in '/home/stardust/eng_ws/build/serial' returned '0': CMAKE_PREFIX_PATH=${CMAKE_PREFIX_PATH}:/opt/ros/iron /usr/bin/cmake --install /home/stardust/eng_ws/build/serial
