[0.031s] Invoking command in '/home/jlurobovision/eng_ws/build/hik_camera': CMAKE_PREFIX_PATH=${CMAKE_PREFIX_PATH}:/opt/ros/humble /usr/bin/cmake --build /home/jlurobovision/eng_ws/build/hik_camera -- -j12 -l12
[0.128s] [ 50%] Built target hik_camera
[0.134s] [100%] Built target hik_camera_node
[0.155s] Invoked command in '/home/jlurobovision/eng_ws/build/hik_camera' returned '0': CMAKE_PREFIX_PATH=${CMAKE_PREFIX_PATH}:/opt/ros/humble /usr/bin/cmake --build /home/jlurobovision/eng_ws/build/hik_camera -- -j12 -l12
[0.203s] Invoking command in '/home/jlurobovision/eng_ws/build/hik_camera': CMAKE_PREFIX_PATH=${CMAKE_PREFIX_PATH}:/opt/ros/humble /usr/bin/cmake --install /home/jlurobovision/eng_ws/build/hik_camera
[0.211s] -- Install configuration: ""
[0.212s] -- Execute custom install script
[0.212s] -- Up-to-date symlink: /home/jlurobovision/eng_ws/install/hik_camera/lib/libFormatConversion.so
[0.213s] -- Up-to-date symlink: /home/jlurobovision/eng_ws/install/hik_camera/lib/libMVRender.so
[0.213s] -- Up-to-date symlink: /home/jlurobovision/eng_ws/install/hik_camera/lib/libMediaProcess.so
[0.213s] -- Up-to-date symlink: /home/jlurobovision/eng_ws/install/hik_camera/lib/libMvCameraControl.so
[0.213s] -- Up-to-date symlink: /home/jlurobovision/eng_ws/install/hik_camera/lib/libMvUsb3vTL.so
[0.214s] -- Up-to-date symlink: /home/jlurobovision/eng_ws/install/hik_camera/lib/hik_camera/hik_camera_node
[0.214s] -- Up-to-date symlink: /home/jlurobovision/eng_ws/install/hik_camera/share/hik_camera/environment/library_path.sh
[0.214s] -- Up-to-date symlink: /home/jlurobovision/eng_ws/install/hik_camera/share/hik_camera/environment/library_path.dsv
[0.214s] -- Up-to-date symlink: /home/jlurobovision/eng_ws/install/hik_camera/lib/libhik_camera.so
[0.215s] -- Up-to-date symlink: /home/jlurobovision/eng_ws/install/hik_camera/share/hik_camera/config/camera_info.yaml
[0.215s] -- Up-to-date symlink: /home/jlurobovision/eng_ws/install/hik_camera/share/hik_camera/config/camera_params.yaml
[0.215s] -- Up-to-date symlink: /home/jlurobovision/eng_ws/install/hik_camera/share/hik_camera/launch/__pycache__/hik_camera.launch.cpython-310.pyc
[0.216s] -- Up-to-date symlink: /home/jlurobovision/eng_ws/install/hik_camera/share/hik_camera/launch/hik_camera.launch.py
[0.216s] -- Up-to-date symlink: /home/jlurobovision/eng_ws/install/hik_camera/share/ament_index/resource_index/package_run_dependencies/hik_camera
[0.216s] -- Up-to-date symlink: /home/jlurobovision/eng_ws/install/hik_camera/share/ament_index/resource_index/parent_prefix_path/hik_camera
[0.216s] -- Up-to-date symlink: /home/jlurobovision/eng_ws/install/hik_camera/share/hik_camera/environment/ament_prefix_path.sh
[0.216s] -- Up-to-date symlink: /home/jlurobovision/eng_ws/install/hik_camera/share/hik_camera/environment/ament_prefix_path.dsv
[0.217s] -- Up-to-date symlink: /home/jlurobovision/eng_ws/install/hik_camera/share/hik_camera/environment/path.sh
[0.217s] -- Up-to-date symlink: /home/jlurobovision/eng_ws/install/hik_camera/share/hik_camera/environment/path.dsv
[0.217s] -- Up-to-date symlink: /home/jlurobovision/eng_ws/install/hik_camera/share/hik_camera/local_setup.bash
[0.217s] -- Up-to-date symlink: /home/jlurobovision/eng_ws/install/hik_camera/share/hik_camera/local_setup.sh
[0.218s] -- Up-to-date symlink: /home/jlurobovision/eng_ws/install/hik_camera/share/hik_camera/local_setup.zsh
[0.218s] -- Up-to-date symlink: /home/jlurobovision/eng_ws/install/hik_camera/share/hik_camera/local_setup.dsv
[0.220s] -- Symlinking: /home/jlurobovision/eng_ws/install/hik_camera/share/hik_camera/package.dsv
[0.240s] -- Up-to-date symlink: /home/jlurobovision/eng_ws/install/hik_camera/share/ament_index/resource_index/packages/hik_camera
[0.240s] -- Up-to-date symlink: /home/jlurobovision/eng_ws/install/hik_camera/share/ament_index/resource_index/rclcpp_components/hik_camera
[0.240s] -- Up-to-date symlink: /home/jlurobovision/eng_ws/install/hik_camera/share/hik_camera/cmake/ament_cmake_export_dependencies-extras.cmake
[0.240s] -- Up-to-date symlink: /home/jlurobovision/eng_ws/install/hik_camera/share/hik_camera/cmake/ament_cmake_export_libraries-extras.cmake
[0.241s] -- Up-to-date symlink: /home/jlurobovision/eng_ws/install/hik_camera/share/hik_camera/cmake/hik_cameraConfig.cmake
[0.241s] -- Up-to-date symlink: /home/jlurobovision/eng_ws/install/hik_camera/share/hik_camera/cmake/hik_cameraConfig-version.cmake
[0.241s] -- Up-to-date symlink: /home/jlurobovision/eng_ws/install/hik_camera/share/hik_camera/package.xml
[0.265s] Invoked command in '/home/jlurobovision/eng_ws/build/hik_camera' returned '0': CMAKE_PREFIX_PATH=${CMAKE_PREFIX_PATH}:/opt/ros/humble /usr/bin/cmake --install /home/jlurobovision/eng_ws/build/hik_camera
