[0.061s] Invoking command in '/home/jlurobovision/eng_ws/build/camera_calibration': CMAKE_PREFIX_PATH=${CMAKE_PREFIX_PATH}:/opt/ros/humble /usr/bin/cmake --build /home/jlurobovision/eng_ws/build/camera_calibration -- -j12 -l12
[0.250s] [100%] Built target camera_calibration
[0.330s] Invoked command in '/home/jlurobovision/eng_ws/build/camera_calibration' returned '0': CMAKE_PREFIX_PATH=${CMAKE_PREFIX_PATH}:/opt/ros/humble /usr/bin/cmake --build /home/jlurobovision/eng_ws/build/camera_calibration -- -j12 -l12
[0.450s] Invoking command in '/home/jlurobovision/eng_ws/build/camera_calibration': CMAKE_PREFIX_PATH=${CMAKE_PREFIX_PATH}:/opt/ros/humble /usr/bin/cmake --install /home/jlurobovision/eng_ws/build/camera_calibration
[0.477s] -- Install configuration: ""
[0.479s] -- Up-to-date: /home/jlurobovision/eng_ws/install/camera_calibration/lib/camera_calibration/camera_calibration
[0.480s] -- Up-to-date: /home/jlurobovision/eng_ws/install/camera_calibration/share/ament_index/resource_index/package_run_dependencies/camera_calibration
[0.480s] -- Up-to-date: /home/jlurobovision/eng_ws/install/camera_calibration/share/ament_index/resource_index/parent_prefix_path/camera_calibration
[0.480s] -- Up-to-date: /home/jlurobovision/eng_ws/install/camera_calibration/share/camera_calibration/environment/ament_prefix_path.sh
[0.480s] -- Up-to-date: /home/jlurobovision/eng_ws/install/camera_calibration/share/camera_calibration/environment/ament_prefix_path.dsv
[0.481s] -- Up-to-date: /home/jlurobovision/eng_ws/install/camera_calibration/share/camera_calibration/environment/path.sh
[0.481s] -- Up-to-date: /home/jlurobovision/eng_ws/install/camera_calibration/share/camera_calibration/environment/path.dsv
[0.481s] -- Up-to-date: /home/jlurobovision/eng_ws/install/camera_calibration/share/camera_calibration/local_setup.bash
[0.482s] -- Up-to-date: /home/jlurobovision/eng_ws/install/camera_calibration/share/camera_calibration/local_setup.sh
[0.482s] -- Up-to-date: /home/jlurobovision/eng_ws/install/camera_calibration/share/camera_calibration/local_setup.zsh
[0.483s] -- Up-to-date: /home/jlurobovision/eng_ws/install/camera_calibration/share/camera_calibration/local_setup.dsv
[0.483s] -- Installing: /home/jlurobovision/eng_ws/install/camera_calibration/share/camera_calibration/package.dsv
[0.483s] -- Up-to-date: /home/jlurobovision/eng_ws/install/camera_calibration/share/ament_index/resource_index/packages/camera_calibration
[0.484s] -- Up-to-date: /home/jlurobovision/eng_ws/install/camera_calibration/share/camera_calibration/cmake/camera_calibrationConfig.cmake
[0.484s] -- Up-to-date: /home/jlurobovision/eng_ws/install/camera_calibration/share/camera_calibration/cmake/camera_calibrationConfig-version.cmake
[0.484s] -- Up-to-date: /home/jlurobovision/eng_ws/install/camera_calibration/share/camera_calibration/package.xml
[0.491s] Invoked command in '/home/jlurobovision/eng_ws/build/camera_calibration' returned '0': CMAKE_PREFIX_PATH=${CMAKE_PREFIX_PATH}:/opt/ros/humble /usr/bin/cmake --install /home/jlurobovision/eng_ws/build/camera_calibration
