[0.057s] Invoking command in '/home/jlurobovision/eng_ws/build/camera_calibration': CMAKE_PREFIX_PATH=${CMAKE_PREFIX_PATH}:/opt/ros/humble /usr/bin/cmake --build /home/jlurobovision/eng_ws/build/camera_calibration -- -j12 -l12
[0.268s] [35m[1mConsolidate compiler generated dependencies of target camera_calibration[0m
[0.346s] [ 50%] [32mBuilding CXX object CMakeFiles/camera_calibration.dir/src/camera_calibration.cpp.o[0m
[65.948s] [100%] [32m[1mLinking CXX executable camera_calibration[0m
[69.535s] /usr/bin/ld: warning: libopencv_imgproc.so.4.5d, needed by /opt/ros/humble/lib/libcv_bridge.so, may conflict with libopencv_imgproc.so.409
[69.540s] /usr/bin/ld: warning: libopencv_core.so.4.5d, needed by /opt/ros/humble/lib/libcv_bridge.so, may conflict with libopencv_core.so.409
[74.134s] [100%] Built target camera_calibration
[74.195s] Invoked command in '/home/jlurobovision/eng_ws/build/camera_calibration' returned '0': CMAKE_PREFIX_PATH=${CMAKE_PREFIX_PATH}:/opt/ros/humble /usr/bin/cmake --build /home/jlurobovision/eng_ws/build/camera_calibration -- -j12 -l12
[74.322s] Invoking command in '/home/jlurobovision/eng_ws/build/camera_calibration': CMAKE_PREFIX_PATH=${CMAKE_PREFIX_PATH}:/opt/ros/humble /usr/bin/cmake --install /home/jlurobovision/eng_ws/build/camera_calibration
[74.352s] -- Install configuration: ""
[74.353s] -- Installing: /home/jlurobovision/eng_ws/install/camera_calibration/lib/camera_calibration/camera_calibration
[74.376s] -- Set runtime path of "/home/jlurobovision/eng_ws/install/camera_calibration/lib/camera_calibration/camera_calibration" to ""
[74.377s] -- Up-to-date: /home/jlurobovision/eng_ws/install/camera_calibration/share/ament_index/resource_index/package_run_dependencies/camera_calibration
[74.377s] -- Up-to-date: /home/jlurobovision/eng_ws/install/camera_calibration/share/ament_index/resource_index/parent_prefix_path/camera_calibration
[74.377s] -- Up-to-date: /home/jlurobovision/eng_ws/install/camera_calibration/share/camera_calibration/environment/ament_prefix_path.sh
[74.377s] -- Up-to-date: /home/jlurobovision/eng_ws/install/camera_calibration/share/camera_calibration/environment/ament_prefix_path.dsv
[74.377s] -- Up-to-date: /home/jlurobovision/eng_ws/install/camera_calibration/share/camera_calibration/environment/path.sh
[74.378s] -- Up-to-date: /home/jlurobovision/eng_ws/install/camera_calibration/share/camera_calibration/environment/path.dsv
[74.378s] -- Up-to-date: /home/jlurobovision/eng_ws/install/camera_calibration/share/camera_calibration/local_setup.bash
[74.378s] -- Up-to-date: /home/jlurobovision/eng_ws/install/camera_calibration/share/camera_calibration/local_setup.sh
[74.378s] -- Up-to-date: /home/jlurobovision/eng_ws/install/camera_calibration/share/camera_calibration/local_setup.zsh
[74.378s] -- Up-to-date: /home/jlurobovision/eng_ws/install/camera_calibration/share/camera_calibration/local_setup.dsv
[74.378s] -- Installing: /home/jlurobovision/eng_ws/install/camera_calibration/share/camera_calibration/package.dsv
[74.379s] -- Up-to-date: /home/jlurobovision/eng_ws/install/camera_calibration/share/ament_index/resource_index/packages/camera_calibration
[74.379s] -- Up-to-date: /home/jlurobovision/eng_ws/install/camera_calibration/share/camera_calibration/cmake/camera_calibrationConfig.cmake
[74.379s] -- Up-to-date: /home/jlurobovision/eng_ws/install/camera_calibration/share/camera_calibration/cmake/camera_calibrationConfig-version.cmake
[74.379s] -- Up-to-date: /home/jlurobovision/eng_ws/install/camera_calibration/share/camera_calibration/package.xml
[74.388s] Invoked command in '/home/jlurobovision/eng_ws/build/camera_calibration' returned '0': CMAKE_PREFIX_PATH=${CMAKE_PREFIX_PATH}:/opt/ros/humble /usr/bin/cmake --install /home/jlurobovision/eng_ws/build/camera_calibration
