[0.014s] Invoking command in '/home/jlurobovision/eng_ws/build/serial': CMAKE_PREFIX_PATH=/home/jlurobovision/eng_ws/install/msg_interfaces:/home/jlurobovision/eng_ws/install/serial:/home/jlurobovision/eng_ws/install/exchangestation_detector:/home/jlurobovision/eng_ws/install/hik_camera:/home/jlurobovision/eng_ws/install/galaxy_camera:/opt/ros/humble LD_LIBRARY_PATH=/home/jlurobovision/eng_ws/install/msg_interfaces/lib:/home/jlurobovision/eng_ws/install/serial/lib:/home/jlurobovision/eng_ws/install/exchangestation_detector/lib:/home/jlurobovision/eng_ws/install/hik_camera/lib:/home/jlurobovision/eng_ws/install/galaxy_camera/lib:/opt/ros/humble/opt/rviz_ogre_vendor/lib:/opt/ros/humble/lib/x86_64-linux-gnu:/opt/ros/humble/lib PYTHONPATH=/home/jlurobovision/eng_ws/install/msg_interfaces/lib/python3.10/site-packages:/home/jlurobovision/eng_ws/install/msg_interfaces/local/lib/python3.10/dist-packages:/opt/ros/humble/lib/python3.10/site-packages:/opt/ros/humble/local/lib/python3.10/dist-packages /usr/bin/cmake --build /home/jlurobovision/eng_ws/build/serial -- -j12 -l12
[0.081s] [ 25%] [32mBuilding CXX object CMakeFiles/serial.dir/src/serial.cpp.o[0m
[0.081s] [ 25%] [32mBuilding CXX object CMakeFiles/serial_node.dir/src/serial.cpp.o[0m
[4.718s] [ 37%] [32m[1mLinking CXX shared library libserial.so[0m
[4.725s] [ 50%] [32m[1mLinking CXX executable serial_node[0m
[7.134s] [ 75%] Built target serial
[7.142s] [100%] Built target serial_node
[7.152s] Invoked command in '/home/jlurobovision/eng_ws/build/serial' returned '0': CMAKE_PREFIX_PATH=/home/jlurobovision/eng_ws/install/msg_interfaces:/home/jlurobovision/eng_ws/install/serial:/home/jlurobovision/eng_ws/install/exchangestation_detector:/home/jlurobovision/eng_ws/install/hik_camera:/home/jlurobovision/eng_ws/install/galaxy_camera:/opt/ros/humble LD_LIBRARY_PATH=/home/jlurobovision/eng_ws/install/msg_interfaces/lib:/home/jlurobovision/eng_ws/install/serial/lib:/home/jlurobovision/eng_ws/install/exchangestation_detector/lib:/home/jlurobovision/eng_ws/install/hik_camera/lib:/home/jlurobovision/eng_ws/install/galaxy_camera/lib:/opt/ros/humble/opt/rviz_ogre_vendor/lib:/opt/ros/humble/lib/x86_64-linux-gnu:/opt/ros/humble/lib PYTHONPATH=/home/jlurobovision/eng_ws/install/msg_interfaces/lib/python3.10/site-packages:/home/jlurobovision/eng_ws/install/msg_interfaces/local/lib/python3.10/dist-packages:/opt/ros/humble/lib/python3.10/site-packages:/opt/ros/humble/local/lib/python3.10/dist-packages /usr/bin/cmake --build /home/jlurobovision/eng_ws/build/serial -- -j12 -l12
[7.196s] Invoking command in '/home/jlurobovision/eng_ws/build/serial': CMAKE_PREFIX_PATH=/home/jlurobovision/eng_ws/install/msg_interfaces:/home/jlurobovision/eng_ws/install/serial:/home/jlurobovision/eng_ws/install/exchangestation_detector:/home/jlurobovision/eng_ws/install/hik_camera:/home/jlurobovision/eng_ws/install/galaxy_camera:/opt/ros/humble LD_LIBRARY_PATH=/home/jlurobovision/eng_ws/install/msg_interfaces/lib:/home/jlurobovision/eng_ws/install/serial/lib:/home/jlurobovision/eng_ws/install/exchangestation_detector/lib:/home/jlurobovision/eng_ws/install/hik_camera/lib:/home/jlurobovision/eng_ws/install/galaxy_camera/lib:/opt/ros/humble/opt/rviz_ogre_vendor/lib:/opt/ros/humble/lib/x86_64-linux-gnu:/opt/ros/humble/lib PYTHONPATH=/home/jlurobovision/eng_ws/install/msg_interfaces/lib/python3.10/site-packages:/home/jlurobovision/eng_ws/install/msg_interfaces/local/lib/python3.10/dist-packages:/opt/ros/humble/lib/python3.10/site-packages:/opt/ros/humble/local/lib/python3.10/dist-packages /usr/bin/cmake --install /home/jlurobovision/eng_ws/build/serial
[7.205s] -- Install configuration: ""
[7.205s] -- Installing: /home/jlurobovision/eng_ws/install/serial/lib/libserial.so
[7.211s] -- Set runtime path of "/home/jlurobovision/eng_ws/install/serial/lib/libserial.so" to ""
[7.212s] -- Installing: /home/jlurobovision/eng_ws/install/serial/lib/serial/serial_node
[7.215s] -- Set runtime path of "/home/jlurobovision/eng_ws/install/serial/lib/serial/serial_node" to ""
[7.215s] -- Up-to-date: /home/jlurobovision/eng_ws/install/serial/include
[7.215s] -- Up-to-date: /home/jlurobovision/eng_ws/install/serial/include/serial
[7.215s] -- Up-to-date: /home/jlurobovision/eng_ws/install/serial/include/serial/crc_check.hpp
[7.216s] -- Up-to-date: /home/jlurobovision/eng_ws/install/serial/include/serial/serial_node.hpp
[7.216s] -- Up-to-date: /home/jlurobovision/eng_ws/install/serial/include/serial/serial.hpp
[7.216s] -- Up-to-date: /home/jlurobovision/eng_ws/install/serial/include/serial/packet.hpp
[7.216s] -- Up-to-date: /home/jlurobovision/eng_ws/install/serial/share/serial/launch
[7.216s] -- Up-to-date: /home/jlurobovision/eng_ws/install/serial/share/serial/launch/serial.launch.py
[7.216s] -- Up-to-date: /home/jlurobovision/eng_ws/install/serial/share/ament_index/resource_index/package_run_dependencies/serial
[7.216s] -- Up-to-date: /home/jlurobovision/eng_ws/install/serial/share/ament_index/resource_index/parent_prefix_path/serial
[7.216s] -- Up-to-date: /home/jlurobovision/eng_ws/install/serial/share/serial/environment/ament_prefix_path.sh
[7.216s] -- Up-to-date: /home/jlurobovision/eng_ws/install/serial/share/serial/environment/ament_prefix_path.dsv
[7.216s] -- Up-to-date: /home/jlurobovision/eng_ws/install/serial/share/serial/environment/path.sh
[7.216s] -- Up-to-date: /home/jlurobovision/eng_ws/install/serial/share/serial/environment/path.dsv
[7.216s] -- Up-to-date: /home/jlurobovision/eng_ws/install/serial/share/serial/local_setup.bash
[7.217s] -- Up-to-date: /home/jlurobovision/eng_ws/install/serial/share/serial/local_setup.sh
[7.217s] -- Up-to-date: /home/jlurobovision/eng_ws/install/serial/share/serial/local_setup.zsh
[7.217s] -- Up-to-date: /home/jlurobovision/eng_ws/install/serial/share/serial/local_setup.dsv
[7.217s] -- Installing: /home/jlurobovision/eng_ws/install/serial/share/serial/package.dsv
[7.217s] -- Up-to-date: /home/jlurobovision/eng_ws/install/serial/share/ament_index/resource_index/packages/serial
[7.217s] -- Up-to-date: /home/jlurobovision/eng_ws/install/serial/share/ament_index/resource_index/rclcpp_components/serial
[7.217s] -- Up-to-date: /home/jlurobovision/eng_ws/install/serial/share/serial/cmake/serialConfig.cmake
[7.217s] -- Up-to-date: /home/jlurobovision/eng_ws/install/serial/share/serial/cmake/serialConfig-version.cmake
[7.217s] -- Up-to-date: /home/jlurobovision/eng_ws/install/serial/share/serial/package.xml
[7.219s] Invoked command in '/home/jlurobovision/eng_ws/build/serial' returned '0': CMAKE_PREFIX_PATH=/home/jlurobovision/eng_ws/install/msg_interfaces:/home/jlurobovision/eng_ws/install/serial:/home/jlurobovision/eng_ws/install/exchangestation_detector:/home/jlurobovision/eng_ws/install/hik_camera:/home/jlurobovision/eng_ws/install/galaxy_camera:/opt/ros/humble LD_LIBRARY_PATH=/home/jlurobovision/eng_ws/install/msg_interfaces/lib:/home/jlurobovision/eng_ws/install/serial/lib:/home/jlurobovision/eng_ws/install/exchangestation_detector/lib:/home/jlurobovision/eng_ws/install/hik_camera/lib:/home/jlurobovision/eng_ws/install/galaxy_camera/lib:/opt/ros/humble/opt/rviz_ogre_vendor/lib:/opt/ros/humble/lib/x86_64-linux-gnu:/opt/ros/humble/lib PYTHONPATH=/home/jlurobovision/eng_ws/install/msg_interfaces/lib/python3.10/site-packages:/home/jlurobovision/eng_ws/install/msg_interfaces/local/lib/python3.10/dist-packages:/opt/ros/humble/lib/python3.10/site-packages:/opt/ros/humble/local/lib/python3.10/dist-packages /usr/bin/cmake --install /home/jlurobovision/eng_ws/build/serial
