[0.007s] Invoking command in '/home/jlurobovision/eng_ws/build/exchangestation_detector': CMAKE_PREFIX_PATH=/home/jlurobovision/eng_ws/install/msg_interfaces:/home/jlurobovision/eng_ws/install/serial:/home/jlurobovision/eng_ws/install/exchangestation_detector:/home/jlurobovision/eng_ws/install/hik_camera:/opt/ros/humble LD_LIBRARY_PATH=/home/jlurobovision/eng_ws/install/msg_interfaces/lib:/home/jlurobovision/eng_ws/install/exchangestation_detector/lib:/home/jlurobovision/eng_ws/install/hik_camera/lib:/opt/ros/humble/opt/rviz_ogre_vendor/lib:/opt/ros/humble/lib/x86_64-linux-gnu:/opt/ros/humble/lib PYTHONPATH=/home/jlurobovision/eng_ws/install/msg_interfaces/lib/python3.10/site-packages:/home/jlurobovision/eng_ws/install/msg_interfaces/local/lib/python3.10/dist-packages:/opt/ros/humble/lib/python3.10/site-packages:/opt/ros/humble/local/lib/python3.10/dist-packages /usr/bin/cmake --build /home/jlurobovision/eng_ws/build/exchangestation_detector -- -j12 -l12
[0.027s] -- Found ament_cmake: 1.3.8 (/opt/ros/humble/share/ament_cmake/cmake)
[0.197s] -- Found ament_cmake_auto: 1.3.8 (/opt/ros/humble/share/ament_cmake_auto/cmake)
[0.198s] -- Found image_transport: 3.1.8 (/opt/ros/humble/share/image_transport/cmake)
[0.230s] -- Found rosidl_generator_c: 3.1.5 (/opt/ros/humble/share/rosidl_generator_c/cmake)
[0.231s] -- Found rosidl_adapter: 3.1.5 (/opt/ros/humble/share/rosidl_adapter/cmake)
[0.237s] -- Found rosidl_generator_cpp: 3.1.5 (/opt/ros/humble/share/rosidl_generator_cpp/cmake)
[0.246s] -- Using all available rosidl_typesupport_c: rosidl_typesupport_fastrtps_c;rosidl_typesupport_introspection_c
[0.260s] -- Using all available rosidl_typesupport_cpp: rosidl_typesupport_fastrtps_cpp;rosidl_typesupport_introspection_cpp
[0.318s] -- Found rmw_implementation_cmake: 6.1.1 (/opt/ros/humble/share/rmw_implementation_cmake/cmake)
[0.319s] -- Found rmw_fastrtps_cpp: 6.2.6 (/opt/ros/humble/share/rmw_fastrtps_cpp/cmake)
[0.421s] -- Using RMW implementation 'rmw_fastrtps_cpp' as default
[0.734s] -- Found cv_bridge: 3.2.1 (/opt/ros/humble/share/cv_bridge/cmake)
[0.741s] -- Found serial: 0.0.0 (/home/jlurobovision/eng_ws/install/serial/share/serial/cmake)
[0.742s] -- Found msg_interfaces: 0.0.0 (/home/jlurobovision/eng_ws/install/msg_interfaces/share/msg_interfaces/cmake)
[0.894s] -- Found ament_lint_auto: 0.12.10 (/opt/ros/humble/share/ament_lint_auto/cmake)
[0.901s] -- Added test 'copyright' to check source files copyright and LICENSE
[0.902s] -- Added test 'cppcheck' to perform static code analysis on C / C++ code
[0.902s] -- Configured cppcheck include dirs: /home/jlurobovision/eng_ws/src/exchangestation_detector/include;$<BUILD_INTERFACE:/home/jlurobovision/eng_ws/src/exchangestation_detector/include>
[0.902s] -- Configured cppcheck exclude dirs and/or files: 
[0.903s] -- Added test 'flake8' to check Python code syntax and style conventions
[0.903s] -- Added test 'lint_cmake' to check CMake code style
[0.903s] -- Added test 'pep257' to check Python code against some of the docstring style conventions in PEP 257
[0.904s] -- Added test 'uncrustify' to check C / C++ code style
[0.904s] -- Configured uncrustify additional arguments: 
[0.904s] -- Added test 'xmllint' to check XML markup files
[0.906s] -- Configuring done
[0.920s] -- Generating done
[0.922s] -- Build files have been written to: /home/jlurobovision/eng_ws/build/exchangestation_detector
[0.944s] [35m[1mConsolidate compiler generated dependencies of target detector_node[0m
[0.945s] [35m[1mConsolidate compiler generated dependencies of target exchangestation_detector[0m
[0.959s] [ 40%] Built target detector_node
[0.960s] [100%] Built target exchangestation_detector
[0.969s] Invoked command in '/home/jlurobovision/eng_ws/build/exchangestation_detector' returned '0': CMAKE_PREFIX_PATH=/home/jlurobovision/eng_ws/install/msg_interfaces:/home/jlurobovision/eng_ws/install/serial:/home/jlurobovision/eng_ws/install/exchangestation_detector:/home/jlurobovision/eng_ws/install/hik_camera:/opt/ros/humble LD_LIBRARY_PATH=/home/jlurobovision/eng_ws/install/msg_interfaces/lib:/home/jlurobovision/eng_ws/install/exchangestation_detector/lib:/home/jlurobovision/eng_ws/install/hik_camera/lib:/opt/ros/humble/opt/rviz_ogre_vendor/lib:/opt/ros/humble/lib/x86_64-linux-gnu:/opt/ros/humble/lib PYTHONPATH=/home/jlurobovision/eng_ws/install/msg_interfaces/lib/python3.10/site-packages:/home/jlurobovision/eng_ws/install/msg_interfaces/local/lib/python3.10/dist-packages:/opt/ros/humble/lib/python3.10/site-packages:/opt/ros/humble/local/lib/python3.10/dist-packages /usr/bin/cmake --build /home/jlurobovision/eng_ws/build/exchangestation_detector -- -j12 -l12
[0.991s] Invoking command in '/home/jlurobovision/eng_ws/build/exchangestation_detector': CMAKE_PREFIX_PATH=/home/jlurobovision/eng_ws/install/msg_interfaces:/home/jlurobovision/eng_ws/install/serial:/home/jlurobovision/eng_ws/install/exchangestation_detector:/home/jlurobovision/eng_ws/install/hik_camera:/opt/ros/humble LD_LIBRARY_PATH=/home/jlurobovision/eng_ws/install/msg_interfaces/lib:/home/jlurobovision/eng_ws/install/exchangestation_detector/lib:/home/jlurobovision/eng_ws/install/hik_camera/lib:/opt/ros/humble/opt/rviz_ogre_vendor/lib:/opt/ros/humble/lib/x86_64-linux-gnu:/opt/ros/humble/lib PYTHONPATH=/home/jlurobovision/eng_ws/install/msg_interfaces/lib/python3.10/site-packages:/home/jlurobovision/eng_ws/install/msg_interfaces/local/lib/python3.10/dist-packages:/opt/ros/humble/lib/python3.10/site-packages:/opt/ros/humble/local/lib/python3.10/dist-packages /usr/bin/cmake --install /home/jlurobovision/eng_ws/build/exchangestation_detector
[0.999s] -- Install configuration: ""
[1.000s] -- Up-to-date: /home/jlurobovision/eng_ws/install/exchangestation_detector/lib/exchangestation_detector/detector_node
[1.000s] -- Installing: /home/jlurobovision/eng_ws/install/exchangestation_detector/share/exchangestation_detector/launch
[1.000s] -- Installing: /home/jlurobovision/eng_ws/install/exchangestation_detector/share/exchangestation_detector/launch/detector_node.launch.py
[1.000s] -- Up-to-date: /home/jlurobovision/eng_ws/install/exchangestation_detector/include
[1.000s] -- Up-to-date: /home/jlurobovision/eng_ws/install/exchangestation_detector/include/exchangestation_detector
[1.000s] -- Up-to-date: /home/jlurobovision/eng_ws/install/exchangestation_detector/include/exchangestation_detector/detector_node.hpp
[1.000s] -- Up-to-date: /home/jlurobovision/eng_ws/install/exchangestation_detector/include/exchangestation_detector/exchangestation_detector.hpp
[1.000s] -- Up-to-date: /home/jlurobovision/eng_ws/install/exchangestation_detector/share/exchangestation_detector/environment/library_path.sh
[1.000s] -- Installing: /home/jlurobovision/eng_ws/install/exchangestation_detector/share/exchangestation_detector/environment/library_path.dsv
[1.001s] -- Up-to-date: /home/jlurobovision/eng_ws/install/exchangestation_detector/lib/libexchangestation_detector.so
[1.001s] -- Up-to-date: /home/jlurobovision/eng_ws/install/exchangestation_detector/share/ament_index/resource_index/package_run_dependencies/exchangestation_detector
[1.001s] -- Installing: /home/jlurobovision/eng_ws/install/exchangestation_detector/share/ament_index/resource_index/parent_prefix_path/exchangestation_detector
[1.001s] -- Up-to-date: /home/jlurobovision/eng_ws/install/exchangestation_detector/share/exchangestation_detector/environment/ament_prefix_path.sh
[1.002s] -- Installing: /home/jlurobovision/eng_ws/install/exchangestation_detector/share/exchangestation_detector/environment/ament_prefix_path.dsv
[1.002s] -- Up-to-date: /home/jlurobovision/eng_ws/install/exchangestation_detector/share/exchangestation_detector/environment/path.sh
[1.002s] -- Installing: /home/jlurobovision/eng_ws/install/exchangestation_detector/share/exchangestation_detector/environment/path.dsv
[1.002s] -- Up-to-date: /home/jlurobovision/eng_ws/install/exchangestation_detector/share/exchangestation_detector/local_setup.bash
[1.002s] -- Up-to-date: /home/jlurobovision/eng_ws/install/exchangestation_detector/share/exchangestation_detector/local_setup.sh
[1.002s] -- Up-to-date: /home/jlurobovision/eng_ws/install/exchangestation_detector/share/exchangestation_detector/local_setup.zsh
[1.002s] -- Installing: /home/jlurobovision/eng_ws/install/exchangestation_detector/share/exchangestation_detector/local_setup.dsv
[1.002s] -- Installing: /home/jlurobovision/eng_ws/install/exchangestation_detector/share/exchangestation_detector/package.dsv
[1.002s] -- Up-to-date: /home/jlurobovision/eng_ws/install/exchangestation_detector/share/ament_index/resource_index/packages/exchangestation_detector
[1.002s] -- Up-to-date: /home/jlurobovision/eng_ws/install/exchangestation_detector/share/ament_index/resource_index/rclcpp_components/exchangestation_detector
[1.003s] -- Up-to-date: /home/jlurobovision/eng_ws/install/exchangestation_detector/share/exchangestation_detector/cmake/ament_cmake_export_dependencies-extras.cmake
[1.003s] -- Up-to-date: /home/jlurobovision/eng_ws/install/exchangestation_detector/share/exchangestation_detector/cmake/ament_cmake_export_include_directories-extras.cmake
[1.003s] -- Up-to-date: /home/jlurobovision/eng_ws/install/exchangestation_detector/share/exchangestation_detector/cmake/ament_cmake_export_libraries-extras.cmake
[1.003s] -- Up-to-date: /home/jlurobovision/eng_ws/install/exchangestation_detector/share/exchangestation_detector/cmake/exchangestation_detectorConfig.cmake
[1.003s] -- Up-to-date: /home/jlurobovision/eng_ws/install/exchangestation_detector/share/exchangestation_detector/cmake/exchangestation_detectorConfig-version.cmake
[1.003s] -- Up-to-date: /home/jlurobovision/eng_ws/install/exchangestation_detector/share/exchangestation_detector/package.xml
[1.005s] Invoked command in '/home/jlurobovision/eng_ws/build/exchangestation_detector' returned '0': CMAKE_PREFIX_PATH=/home/jlurobovision/eng_ws/install/msg_interfaces:/home/jlurobovision/eng_ws/install/serial:/home/jlurobovision/eng_ws/install/exchangestation_detector:/home/jlurobovision/eng_ws/install/hik_camera:/opt/ros/humble LD_LIBRARY_PATH=/home/jlurobovision/eng_ws/install/msg_interfaces/lib:/home/jlurobovision/eng_ws/install/exchangestation_detector/lib:/home/jlurobovision/eng_ws/install/hik_camera/lib:/opt/ros/humble/opt/rviz_ogre_vendor/lib:/opt/ros/humble/lib/x86_64-linux-gnu:/opt/ros/humble/lib PYTHONPATH=/home/jlurobovision/eng_ws/install/msg_interfaces/lib/python3.10/site-packages:/home/jlurobovision/eng_ws/install/msg_interfaces/local/lib/python3.10/dist-packages:/opt/ros/humble/lib/python3.10/site-packages:/opt/ros/humble/local/lib/python3.10/dist-packages /usr/bin/cmake --install /home/jlurobovision/eng_ws/build/exchangestation_detector
