[0.091s] DEBUG:colcon:Command line arguments: ['/usr/bin/colcon', 'build', '--symlink-install']
[0.092s] DEBUG:colcon:Parsed command line arguments: Namespace(log_base=None, log_level=None, verb_name='build', build_base='build', install_base='install', merge_install=False, symlink_install=True, test_result_base=None, continue_on_error=False, executor='parallel', parallel_workers=12, event_handlers=None, ignore_user_meta=False, metas=['./colcon.meta'], base_paths=['.'], packages_ignore=None, packages_ignore_regex=None, paths=None, packages_up_to=None, packages_up_to_regex=None, packages_above=None, packages_above_and_dependencies=None, packages_above_depth=None, packages_select_by_dep=None, packages_skip_by_dep=None, packages_skip_up_to=None, packages_select_build_failed=False, packages_skip_build_finished=False, packages_select_test_failures=False, packages_skip_test_passed=False, packages_select=None, packages_skip=None, packages_select_regex=None, packages_skip_regex=None, packages_start=None, packages_end=None, allow_overriding=[], cmake_args=None, cmake_target=None, cmake_target_skip_unavailable=False, cmake_clean_cache=False, cmake_clean_first=False, cmake_force_configure=False, ament_cmake_args=None, catkin_cmake_args=None, catkin_skip_building_tests=False, verb_parser=<colcon_defaults.argument_parser.defaults.DefaultArgumentsDecorator object at 0x7f9aebd1ceb0>, verb_extension=<colcon_core.verb.build.BuildVerb object at 0x7f9aebe1db10>, main=<bound method BuildVerb.main of <colcon_core.verb.build.BuildVerb object at 0x7f9aebe1db10>>)
[0.334s] Level 1:colcon.colcon_core.package_discovery:discover_packages(colcon_meta) check parameters
[0.334s] Level 1:colcon.colcon_core.package_discovery:discover_packages(recursive) check parameters
[0.334s] Level 1:colcon.colcon_core.package_discovery:discover_packages(ignore) check parameters
[0.334s] Level 1:colcon.colcon_core.package_discovery:discover_packages(path) check parameters
[0.334s] Level 1:colcon.colcon_core.package_discovery:discover_packages(colcon_meta) discover
[0.334s] Level 1:colcon.colcon_core.package_discovery:discover_packages(recursive) discover
[0.334s] INFO:colcon.colcon_core.package_discovery:Crawling recursively for packages in '/home/jlurobovision/eng_ws'
[0.334s] Level 1:colcon.colcon_core.package_identification:_identify(.) by extensions ['ignore', 'ignore_ament_install']
[0.334s] Level 1:colcon.colcon_core.package_identification:_identify(.) by extension 'ignore'
[0.334s] Level 1:colcon.colcon_core.package_identification:_identify(.) by extension 'ignore_ament_install'
[0.334s] Level 1:colcon.colcon_core.package_identification:_identify(.) by extensions ['colcon_pkg']
[0.334s] Level 1:colcon.colcon_core.package_identification:_identify(.) by extension 'colcon_pkg'
[0.335s] Level 1:colcon.colcon_core.package_identification:_identify(.) by extensions ['colcon_meta']
[0.335s] Level 1:colcon.colcon_core.package_identification:_identify(.) by extension 'colcon_meta'
[0.335s] Level 1:colcon.colcon_core.package_identification:_identify(.) by extensions ['ros']
[0.335s] Level 1:colcon.colcon_core.package_identification:_identify(.) by extension 'ros'
[0.345s] Level 1:colcon.colcon_core.package_identification:_identify(.) by extensions ['cmake', 'python']
[0.345s] Level 1:colcon.colcon_core.package_identification:_identify(.) by extension 'cmake'
[0.345s] Level 1:colcon.colcon_core.package_identification:_identify(.) by extension 'python'
[0.345s] Level 1:colcon.colcon_core.package_identification:_identify(.) by extensions ['python_setup_py']
[0.345s] Level 1:colcon.colcon_core.package_identification:_identify(.) by extension 'python_setup_py'
[0.345s] Level 1:colcon.colcon_core.package_identification:_identify(build) by extensions ['ignore', 'ignore_ament_install']
[0.345s] Level 1:colcon.colcon_core.package_identification:_identify(build) by extension 'ignore'
[0.345s] Level 1:colcon.colcon_core.package_identification:_identify(build) ignored
[0.346s] Level 1:colcon.colcon_core.package_identification:_identify(install) by extensions ['ignore', 'ignore_ament_install']
[0.346s] Level 1:colcon.colcon_core.package_identification:_identify(install) by extension 'ignore'
[0.346s] Level 1:colcon.colcon_core.package_identification:_identify(install) ignored
[0.346s] Level 1:colcon.colcon_core.package_identification:_identify(log) by extensions ['ignore', 'ignore_ament_install']
[0.346s] Level 1:colcon.colcon_core.package_identification:_identify(log) by extension 'ignore'
[0.346s] Level 1:colcon.colcon_core.package_identification:_identify(log) ignored
[0.346s] Level 1:colcon.colcon_core.package_identification:_identify(src) by extensions ['ignore', 'ignore_ament_install']
[0.346s] Level 1:colcon.colcon_core.package_identification:_identify(src) by extension 'ignore'
[0.346s] Level 1:colcon.colcon_core.package_identification:_identify(src) by extension 'ignore_ament_install'
[0.346s] Level 1:colcon.colcon_core.package_identification:_identify(src) by extensions ['colcon_pkg']
[0.346s] Level 1:colcon.colcon_core.package_identification:_identify(src) by extension 'colcon_pkg'
[0.346s] Level 1:colcon.colcon_core.package_identification:_identify(src) by extensions ['colcon_meta']
[0.347s] Level 1:colcon.colcon_core.package_identification:_identify(src) by extension 'colcon_meta'
[0.347s] Level 1:colcon.colcon_core.package_identification:_identify(src) by extensions ['ros']
[0.347s] Level 1:colcon.colcon_core.package_identification:_identify(src) by extension 'ros'
[0.347s] Level 1:colcon.colcon_core.package_identification:_identify(src) by extensions ['cmake', 'python']
[0.347s] Level 1:colcon.colcon_core.package_identification:_identify(src) by extension 'cmake'
[0.347s] Level 1:colcon.colcon_core.package_identification:_identify(src) by extension 'python'
[0.347s] Level 1:colcon.colcon_core.package_identification:_identify(src) by extensions ['python_setup_py']
[0.347s] Level 1:colcon.colcon_core.package_identification:_identify(src) by extension 'python_setup_py'
[0.347s] Level 1:colcon.colcon_core.package_identification:_identify(src/exchangestation_detector) by extensions ['ignore', 'ignore_ament_install']
[0.347s] Level 1:colcon.colcon_core.package_identification:_identify(src/exchangestation_detector) by extension 'ignore'
[0.347s] Level 1:colcon.colcon_core.package_identification:_identify(src/exchangestation_detector) by extension 'ignore_ament_install'
[0.347s] Level 1:colcon.colcon_core.package_identification:_identify(src/exchangestation_detector) by extensions ['colcon_pkg']
[0.347s] Level 1:colcon.colcon_core.package_identification:_identify(src/exchangestation_detector) by extension 'colcon_pkg'
[0.347s] Level 1:colcon.colcon_core.package_identification:_identify(src/exchangestation_detector) by extensions ['colcon_meta']
[0.347s] Level 1:colcon.colcon_core.package_identification:_identify(src/exchangestation_detector) by extension 'colcon_meta'
[0.347s] Level 1:colcon.colcon_core.package_identification:_identify(src/exchangestation_detector) by extensions ['ros']
[0.347s] Level 1:colcon.colcon_core.package_identification:_identify(src/exchangestation_detector) by extension 'ros'
[0.350s] DEBUG:colcon.colcon_core.package_identification:Package 'src/exchangestation_detector' with type 'ros.ament_cmake' and name 'exchangestation_detector'
[0.350s] Level 1:colcon.colcon_core.package_identification:_identify(src/galaxy_camera) by extensions ['ignore', 'ignore_ament_install']
[0.351s] Level 1:colcon.colcon_core.package_identification:_identify(src/galaxy_camera) by extension 'ignore'
[0.351s] Level 1:colcon.colcon_core.package_identification:_identify(src/galaxy_camera) by extension 'ignore_ament_install'
[0.351s] Level 1:colcon.colcon_core.package_identification:_identify(src/galaxy_camera) by extensions ['colcon_pkg']
[0.351s] Level 1:colcon.colcon_core.package_identification:_identify(src/galaxy_camera) by extension 'colcon_pkg'
[0.351s] Level 1:colcon.colcon_core.package_identification:_identify(src/galaxy_camera) by extensions ['colcon_meta']
[0.351s] Level 1:colcon.colcon_core.package_identification:_identify(src/galaxy_camera) by extension 'colcon_meta'
[0.351s] Level 1:colcon.colcon_core.package_identification:_identify(src/galaxy_camera) by extensions ['ros']
[0.351s] Level 1:colcon.colcon_core.package_identification:_identify(src/galaxy_camera) by extension 'ros'
[0.352s] DEBUG:colcon.colcon_core.package_identification:Package 'src/galaxy_camera' with type 'ros.ament_cmake' and name 'galaxy_camera'
[0.352s] Level 1:colcon.colcon_core.package_identification:_identify(src/global_launch) by extensions ['ignore', 'ignore_ament_install']
[0.352s] Level 1:colcon.colcon_core.package_identification:_identify(src/global_launch) by extension 'ignore'
[0.352s] Level 1:colcon.colcon_core.package_identification:_identify(src/global_launch) by extension 'ignore_ament_install'
[0.352s] Level 1:colcon.colcon_core.package_identification:_identify(src/global_launch) by extensions ['colcon_pkg']
[0.352s] Level 1:colcon.colcon_core.package_identification:_identify(src/global_launch) by extension 'colcon_pkg'
[0.352s] Level 1:colcon.colcon_core.package_identification:_identify(src/global_launch) by extensions ['colcon_meta']
[0.352s] Level 1:colcon.colcon_core.package_identification:_identify(src/global_launch) by extension 'colcon_meta'
[0.353s] Level 1:colcon.colcon_core.package_identification:_identify(src/global_launch) by extensions ['ros']
[0.353s] Level 1:colcon.colcon_core.package_identification:_identify(src/global_launch) by extension 'ros'
[0.353s] DEBUG:colcon.colcon_core.package_identification:Package 'src/global_launch' with type 'ros.ament_cmake' and name 'global_launch'
[0.353s] Level 1:colcon.colcon_core.package_identification:_identify(src/hik_camera) by extensions ['ignore', 'ignore_ament_install']
[0.353s] Level 1:colcon.colcon_core.package_identification:_identify(src/hik_camera) by extension 'ignore'
[0.353s] Level 1:colcon.colcon_core.package_identification:_identify(src/hik_camera) by extension 'ignore_ament_install'
[0.353s] Level 1:colcon.colcon_core.package_identification:_identify(src/hik_camera) by extensions ['colcon_pkg']
[0.353s] Level 1:colcon.colcon_core.package_identification:_identify(src/hik_camera) by extension 'colcon_pkg'
[0.354s] Level 1:colcon.colcon_core.package_identification:_identify(src/hik_camera) by extensions ['colcon_meta']
[0.354s] Level 1:colcon.colcon_core.package_identification:_identify(src/hik_camera) by extension 'colcon_meta'
[0.354s] Level 1:colcon.colcon_core.package_identification:_identify(src/hik_camera) by extensions ['ros']
[0.354s] Level 1:colcon.colcon_core.package_identification:_identify(src/hik_camera) by extension 'ros'
[0.354s] DEBUG:colcon.colcon_core.package_identification:Package 'src/hik_camera' with type 'ros.ament_cmake' and name 'hik_camera'
[0.355s] Level 1:colcon.colcon_core.package_identification:_identify(src/msg_interfaces) by extensions ['ignore', 'ignore_ament_install']
[0.355s] Level 1:colcon.colcon_core.package_identification:_identify(src/msg_interfaces) by extension 'ignore'
[0.355s] Level 1:colcon.colcon_core.package_identification:_identify(src/msg_interfaces) by extension 'ignore_ament_install'
[0.355s] Level 1:colcon.colcon_core.package_identification:_identify(src/msg_interfaces) by extensions ['colcon_pkg']
[0.355s] Level 1:colcon.colcon_core.package_identification:_identify(src/msg_interfaces) by extension 'colcon_pkg'
[0.355s] Level 1:colcon.colcon_core.package_identification:_identify(src/msg_interfaces) by extensions ['colcon_meta']
[0.355s] Level 1:colcon.colcon_core.package_identification:_identify(src/msg_interfaces) by extension 'colcon_meta'
[0.355s] Level 1:colcon.colcon_core.package_identification:_identify(src/msg_interfaces) by extensions ['ros']
[0.355s] Level 1:colcon.colcon_core.package_identification:_identify(src/msg_interfaces) by extension 'ros'
[0.355s] DEBUG:colcon.colcon_core.package_identification:Package 'src/msg_interfaces' with type 'ros.ament_cmake' and name 'msg_interfaces'
[0.356s] Level 1:colcon.colcon_core.package_identification:_identify(src/serial) by extensions ['ignore', 'ignore_ament_install']
[0.356s] Level 1:colcon.colcon_core.package_identification:_identify(src/serial) by extension 'ignore'
[0.356s] Level 1:colcon.colcon_core.package_identification:_identify(src/serial) by extension 'ignore_ament_install'
[0.356s] Level 1:colcon.colcon_core.package_identification:_identify(src/serial) by extensions ['colcon_pkg']
[0.356s] Level 1:colcon.colcon_core.package_identification:_identify(src/serial) by extension 'colcon_pkg'
[0.356s] Level 1:colcon.colcon_core.package_identification:_identify(src/serial) by extensions ['colcon_meta']
[0.356s] Level 1:colcon.colcon_core.package_identification:_identify(src/serial) by extension 'colcon_meta'
[0.356s] Level 1:colcon.colcon_core.package_identification:_identify(src/serial) by extensions ['ros']
[0.356s] Level 1:colcon.colcon_core.package_identification:_identify(src/serial) by extension 'ros'
[0.358s] DEBUG:colcon.colcon_core.package_identification:Package 'src/serial' with type 'ros.ament_cmake' and name 'serial'
[0.358s] Level 1:colcon.colcon_core.package_discovery:discover_packages(recursive) using defaults
[0.358s] Level 1:colcon.colcon_core.package_discovery:discover_packages(ignore) discover
[0.358s] Level 1:colcon.colcon_core.package_discovery:discover_packages(ignore) using defaults
[0.358s] Level 1:colcon.colcon_core.package_discovery:discover_packages(path) discover
[0.358s] Level 1:colcon.colcon_core.package_discovery:discover_packages(path) using defaults
[0.448s] Level 1:colcon.colcon_core.package_discovery:discover_packages(prefix_path) check parameters
[0.448s] Level 1:colcon.colcon_core.package_discovery:discover_packages(prefix_path) discover
[0.452s] DEBUG:colcon.colcon_installed_package_information.package_discovery:Found 6 installed packages in /home/jlurobovision/eng_ws/install
[0.454s] DEBUG:colcon.colcon_installed_package_information.package_discovery:Found 273 installed packages in /opt/ros/humble
[0.456s] Level 1:colcon.colcon_core.package_discovery:discover_packages(prefix_path) using defaults
[0.510s] Level 5:colcon.colcon_core.verb:set package 'galaxy_camera' build argument 'cmake_args' from command line to 'None'
[0.510s] Level 5:colcon.colcon_core.verb:set package 'galaxy_camera' build argument 'cmake_target' from command line to 'None'
[0.510s] Level 5:colcon.colcon_core.verb:set package 'galaxy_camera' build argument 'cmake_target_skip_unavailable' from command line to 'False'
[0.510s] Level 5:colcon.colcon_core.verb:set package 'galaxy_camera' build argument 'cmake_clean_cache' from command line to 'False'
[0.510s] Level 5:colcon.colcon_core.verb:set package 'galaxy_camera' build argument 'cmake_clean_first' from command line to 'False'
[0.510s] Level 5:colcon.colcon_core.verb:set package 'galaxy_camera' build argument 'cmake_force_configure' from command line to 'False'
[0.510s] Level 5:colcon.colcon_core.verb:set package 'galaxy_camera' build argument 'ament_cmake_args' from command line to 'None'
[0.510s] Level 5:colcon.colcon_core.verb:set package 'galaxy_camera' build argument 'catkin_cmake_args' from command line to 'None'
[0.510s] Level 5:colcon.colcon_core.verb:set package 'galaxy_camera' build argument 'catkin_skip_building_tests' from command line to 'False'
[0.511s] DEBUG:colcon.colcon_core.verb:Building package 'galaxy_camera' with the following arguments: {'ament_cmake_args': None, 'build_base': '/home/jlurobovision/eng_ws/build/galaxy_camera', 'catkin_cmake_args': None, 'catkin_skip_building_tests': False, 'cmake_args': None, 'cmake_clean_cache': False, 'cmake_clean_first': False, 'cmake_force_configure': False, 'cmake_target': None, 'cmake_target_skip_unavailable': False, 'install_base': '/home/jlurobovision/eng_ws/install/galaxy_camera', 'merge_install': False, 'path': '/home/jlurobovision/eng_ws/src/galaxy_camera', 'symlink_install': True, 'test_result_base': None}
[0.511s] Level 5:colcon.colcon_core.verb:set package 'global_launch' build argument 'cmake_args' from command line to 'None'
[0.511s] Level 5:colcon.colcon_core.verb:set package 'global_launch' build argument 'cmake_target' from command line to 'None'
[0.511s] Level 5:colcon.colcon_core.verb:set package 'global_launch' build argument 'cmake_target_skip_unavailable' from command line to 'False'
[0.511s] Level 5:colcon.colcon_core.verb:set package 'global_launch' build argument 'cmake_clean_cache' from command line to 'False'
[0.511s] Level 5:colcon.colcon_core.verb:set package 'global_launch' build argument 'cmake_clean_first' from command line to 'False'
[0.511s] Level 5:colcon.colcon_core.verb:set package 'global_launch' build argument 'cmake_force_configure' from command line to 'False'
[0.511s] Level 5:colcon.colcon_core.verb:set package 'global_launch' build argument 'ament_cmake_args' from command line to 'None'
[0.511s] Level 5:colcon.colcon_core.verb:set package 'global_launch' build argument 'catkin_cmake_args' from command line to 'None'
[0.511s] Level 5:colcon.colcon_core.verb:set package 'global_launch' build argument 'catkin_skip_building_tests' from command line to 'False'
[0.511s] DEBUG:colcon.colcon_core.verb:Building package 'global_launch' with the following arguments: {'ament_cmake_args': None, 'build_base': '/home/jlurobovision/eng_ws/build/global_launch', 'catkin_cmake_args': None, 'catkin_skip_building_tests': False, 'cmake_args': None, 'cmake_clean_cache': False, 'cmake_clean_first': False, 'cmake_force_configure': False, 'cmake_target': None, 'cmake_target_skip_unavailable': False, 'install_base': '/home/jlurobovision/eng_ws/install/global_launch', 'merge_install': False, 'path': '/home/jlurobovision/eng_ws/src/global_launch', 'symlink_install': True, 'test_result_base': None}
[0.512s] Level 5:colcon.colcon_core.verb:set package 'hik_camera' build argument 'cmake_args' from command line to 'None'
[0.512s] Level 5:colcon.colcon_core.verb:set package 'hik_camera' build argument 'cmake_target' from command line to 'None'
[0.512s] Level 5:colcon.colcon_core.verb:set package 'hik_camera' build argument 'cmake_target_skip_unavailable' from command line to 'False'
[0.512s] Level 5:colcon.colcon_core.verb:set package 'hik_camera' build argument 'cmake_clean_cache' from command line to 'False'
[0.512s] Level 5:colcon.colcon_core.verb:set package 'hik_camera' build argument 'cmake_clean_first' from command line to 'False'
[0.512s] Level 5:colcon.colcon_core.verb:set package 'hik_camera' build argument 'cmake_force_configure' from command line to 'False'
[0.512s] Level 5:colcon.colcon_core.verb:set package 'hik_camera' build argument 'ament_cmake_args' from command line to 'None'
[0.512s] Level 5:colcon.colcon_core.verb:set package 'hik_camera' build argument 'catkin_cmake_args' from command line to 'None'
[0.512s] Level 5:colcon.colcon_core.verb:set package 'hik_camera' build argument 'catkin_skip_building_tests' from command line to 'False'
[0.512s] DEBUG:colcon.colcon_core.verb:Building package 'hik_camera' with the following arguments: {'ament_cmake_args': None, 'build_base': '/home/jlurobovision/eng_ws/build/hik_camera', 'catkin_cmake_args': None, 'catkin_skip_building_tests': False, 'cmake_args': None, 'cmake_clean_cache': False, 'cmake_clean_first': False, 'cmake_force_configure': False, 'cmake_target': None, 'cmake_target_skip_unavailable': False, 'install_base': '/home/jlurobovision/eng_ws/install/hik_camera', 'merge_install': False, 'path': '/home/jlurobovision/eng_ws/src/hik_camera', 'symlink_install': True, 'test_result_base': None}
[0.512s] Level 5:colcon.colcon_core.verb:set package 'msg_interfaces' build argument 'cmake_args' from command line to 'None'
[0.512s] Level 5:colcon.colcon_core.verb:set package 'msg_interfaces' build argument 'cmake_target' from command line to 'None'
[0.512s] Level 5:colcon.colcon_core.verb:set package 'msg_interfaces' build argument 'cmake_target_skip_unavailable' from command line to 'False'
[0.512s] Level 5:colcon.colcon_core.verb:set package 'msg_interfaces' build argument 'cmake_clean_cache' from command line to 'False'
[0.512s] Level 5:colcon.colcon_core.verb:set package 'msg_interfaces' build argument 'cmake_clean_first' from command line to 'False'
[0.512s] Level 5:colcon.colcon_core.verb:set package 'msg_interfaces' build argument 'cmake_force_configure' from command line to 'False'
[0.513s] Level 5:colcon.colcon_core.verb:set package 'msg_interfaces' build argument 'ament_cmake_args' from command line to 'None'
[0.513s] Level 5:colcon.colcon_core.verb:set package 'msg_interfaces' build argument 'catkin_cmake_args' from command line to 'None'
[0.513s] Level 5:colcon.colcon_core.verb:set package 'msg_interfaces' build argument 'catkin_skip_building_tests' from command line to 'False'
[0.513s] DEBUG:colcon.colcon_core.verb:Building package 'msg_interfaces' with the following arguments: {'ament_cmake_args': None, 'build_base': '/home/jlurobovision/eng_ws/build/msg_interfaces', 'catkin_cmake_args': None, 'catkin_skip_building_tests': False, 'cmake_args': None, 'cmake_clean_cache': False, 'cmake_clean_first': False, 'cmake_force_configure': False, 'cmake_target': None, 'cmake_target_skip_unavailable': False, 'install_base': '/home/jlurobovision/eng_ws/install/msg_interfaces', 'merge_install': False, 'path': '/home/jlurobovision/eng_ws/src/msg_interfaces', 'symlink_install': True, 'test_result_base': None}
[0.513s] Level 5:colcon.colcon_core.verb:set package 'serial' build argument 'cmake_args' from command line to 'None'
[0.513s] Level 5:colcon.colcon_core.verb:set package 'serial' build argument 'cmake_target' from command line to 'None'
[0.513s] Level 5:colcon.colcon_core.verb:set package 'serial' build argument 'cmake_target_skip_unavailable' from command line to 'False'
[0.513s] Level 5:colcon.colcon_core.verb:set package 'serial' build argument 'cmake_clean_cache' from command line to 'False'
[0.513s] Level 5:colcon.colcon_core.verb:set package 'serial' build argument 'cmake_clean_first' from command line to 'False'
[0.513s] Level 5:colcon.colcon_core.verb:set package 'serial' build argument 'cmake_force_configure' from command line to 'False'
[0.513s] Level 5:colcon.colcon_core.verb:set package 'serial' build argument 'ament_cmake_args' from command line to 'None'
[0.513s] Level 5:colcon.colcon_core.verb:set package 'serial' build argument 'catkin_cmake_args' from command line to 'None'
[0.513s] Level 5:colcon.colcon_core.verb:set package 'serial' build argument 'catkin_skip_building_tests' from command line to 'False'
[0.513s] DEBUG:colcon.colcon_core.verb:Building package 'serial' with the following arguments: {'ament_cmake_args': None, 'build_base': '/home/jlurobovision/eng_ws/build/serial', 'catkin_cmake_args': None, 'catkin_skip_building_tests': False, 'cmake_args': None, 'cmake_clean_cache': False, 'cmake_clean_first': False, 'cmake_force_configure': False, 'cmake_target': None, 'cmake_target_skip_unavailable': False, 'install_base': '/home/jlurobovision/eng_ws/install/serial', 'merge_install': False, 'path': '/home/jlurobovision/eng_ws/src/serial', 'symlink_install': True, 'test_result_base': None}
[0.514s] Level 5:colcon.colcon_core.verb:set package 'exchangestation_detector' build argument 'cmake_args' from command line to 'None'
[0.514s] Level 5:colcon.colcon_core.verb:set package 'exchangestation_detector' build argument 'cmake_target' from command line to 'None'
[0.514s] Level 5:colcon.colcon_core.verb:set package 'exchangestation_detector' build argument 'cmake_target_skip_unavailable' from command line to 'False'
[0.514s] Level 5:colcon.colcon_core.verb:set package 'exchangestation_detector' build argument 'cmake_clean_cache' from command line to 'False'
[0.514s] Level 5:colcon.colcon_core.verb:set package 'exchangestation_detector' build argument 'cmake_clean_first' from command line to 'False'
[0.514s] Level 5:colcon.colcon_core.verb:set package 'exchangestation_detector' build argument 'cmake_force_configure' from command line to 'False'
[0.514s] Level 5:colcon.colcon_core.verb:set package 'exchangestation_detector' build argument 'ament_cmake_args' from command line to 'None'
[0.514s] Level 5:colcon.colcon_core.verb:set package 'exchangestation_detector' build argument 'catkin_cmake_args' from command line to 'None'
[0.514s] Level 5:colcon.colcon_core.verb:set package 'exchangestation_detector' build argument 'catkin_skip_building_tests' from command line to 'False'
[0.514s] DEBUG:colcon.colcon_core.verb:Building package 'exchangestation_detector' with the following arguments: {'ament_cmake_args': None, 'build_base': '/home/jlurobovision/eng_ws/build/exchangestation_detector', 'catkin_cmake_args': None, 'catkin_skip_building_tests': False, 'cmake_args': None, 'cmake_clean_cache': False, 'cmake_clean_first': False, 'cmake_force_configure': False, 'cmake_target': None, 'cmake_target_skip_unavailable': False, 'install_base': '/home/jlurobovision/eng_ws/install/exchangestation_detector', 'merge_install': False, 'path': '/home/jlurobovision/eng_ws/src/exchangestation_detector', 'symlink_install': True, 'test_result_base': None}
[0.514s] INFO:colcon.colcon_core.executor:Executing jobs using 'parallel' executor
[0.515s] DEBUG:colcon.colcon_parallel_executor.executor.parallel:run_until_complete
[0.515s] INFO:colcon.colcon_ros.task.ament_cmake.build:Building ROS package in '/home/jlurobovision/eng_ws/src/msg_interfaces' with build type 'ament_cmake'
[0.516s] INFO:colcon.colcon_cmake.task.cmake.build:Building CMake package in '/home/jlurobovision/eng_ws/src/msg_interfaces'
[0.518s] INFO:colcon.colcon_core.plugin_system:Skipping extension 'colcon_core.shell.bat': Not used on non-Windows systems
[0.518s] INFO:colcon.colcon_core.shell:Skip shell extension 'powershell' for command environment: Not usable outside of PowerShell
[0.518s] DEBUG:colcon.colcon_core.shell:Skip shell extension 'dsv' for command environment
[0.521s] INFO:colcon.colcon_ros.task.ament_cmake.build:Building ROS package in '/home/jlurobovision/eng_ws/src/galaxy_camera' with build type 'ament_cmake'
[0.521s] INFO:colcon.colcon_cmake.task.cmake.build:Building CMake package in '/home/jlurobovision/eng_ws/src/galaxy_camera'
[0.521s] INFO:colcon.colcon_core.shell:Skip shell extension 'powershell' for command environment: Not usable outside of PowerShell
[0.521s] DEBUG:colcon.colcon_core.shell:Skip shell extension 'dsv' for command environment
[0.524s] INFO:colcon.colcon_ros.task.ament_cmake.build:Building ROS package in '/home/jlurobovision/eng_ws/src/global_launch' with build type 'ament_cmake'
[0.524s] INFO:colcon.colcon_cmake.task.cmake.build:Building CMake package in '/home/jlurobovision/eng_ws/src/global_launch'
[0.524s] INFO:colcon.colcon_core.shell:Skip shell extension 'powershell' for command environment: Not usable outside of PowerShell
[0.525s] DEBUG:colcon.colcon_core.shell:Skip shell extension 'dsv' for command environment
[0.527s] INFO:colcon.colcon_ros.task.ament_cmake.build:Building ROS package in '/home/jlurobovision/eng_ws/src/hik_camera' with build type 'ament_cmake'
[0.527s] INFO:colcon.colcon_cmake.task.cmake.build:Building CMake package in '/home/jlurobovision/eng_ws/src/hik_camera'
[0.528s] INFO:colcon.colcon_core.shell:Skip shell extension 'powershell' for command environment: Not usable outside of PowerShell
[0.528s] DEBUG:colcon.colcon_core.shell:Skip shell extension 'dsv' for command environment
[0.541s] DEBUG:colcon.colcon_core.event_handler.log_command:Invoking command in '/home/jlurobovision/eng_ws/build/msg_interfaces': CMAKE_PREFIX_PATH=${CMAKE_PREFIX_PATH}:/opt/ros/humble /usr/bin/cmake --build /home/jlurobovision/eng_ws/build/msg_interfaces -- -j12 -l12
[0.549s] DEBUG:colcon.colcon_core.event_handler.log_command:Invoking command in '/home/jlurobovision/eng_ws/build/galaxy_camera': CMAKE_PREFIX_PATH=${CMAKE_PREFIX_PATH}:/opt/ros/humble /usr/bin/cmake --build /home/jlurobovision/eng_ws/build/galaxy_camera -- -j12 -l12
[0.553s] DEBUG:colcon.colcon_core.event_handler.log_command:Invoking command in '/home/jlurobovision/eng_ws/build/global_launch': CMAKE_PREFIX_PATH=${CMAKE_PREFIX_PATH}:/opt/ros/humble /usr/bin/cmake --build /home/jlurobovision/eng_ws/build/global_launch -- -j12 -l12
[0.563s] DEBUG:colcon.colcon_core.event_handler.log_command:Invoking command in '/home/jlurobovision/eng_ws/build/hik_camera': CMAKE_PREFIX_PATH=${CMAKE_PREFIX_PATH}:/opt/ros/humble /usr/bin/cmake --build /home/jlurobovision/eng_ws/build/hik_camera -- -j12 -l12
[0.620s] DEBUG:colcon.colcon_core.event_handler.log_command:Invoked command in '/home/jlurobovision/eng_ws/build/global_launch' returned '0': CMAKE_PREFIX_PATH=${CMAKE_PREFIX_PATH}:/opt/ros/humble /usr/bin/cmake --build /home/jlurobovision/eng_ws/build/global_launch -- -j12 -l12
[0.680s] DEBUG:colcon.colcon_core.event_handler.log_command:Invoking command in '/home/jlurobovision/eng_ws/build/global_launch': CMAKE_PREFIX_PATH=${CMAKE_PREFIX_PATH}:/opt/ros/humble /usr/bin/cmake --install /home/jlurobovision/eng_ws/build/global_launch
[0.682s] DEBUG:colcon.colcon_core.event_handler.log_command:Invoked command in '/home/jlurobovision/eng_ws/build/galaxy_camera' returned '0': CMAKE_PREFIX_PATH=${CMAKE_PREFIX_PATH}:/opt/ros/humble /usr/bin/cmake --build /home/jlurobovision/eng_ws/build/galaxy_camera -- -j12 -l12
[0.687s] DEBUG:colcon.colcon_core.event_handler.log_command:Invoked command in '/home/jlurobovision/eng_ws/build/hik_camera' returned '0': CMAKE_PREFIX_PATH=${CMAKE_PREFIX_PATH}:/opt/ros/humble /usr/bin/cmake --build /home/jlurobovision/eng_ws/build/hik_camera -- -j12 -l12
[0.718s] Level 1:colcon.colcon_core.environment:create_environment_scripts_only(global_launch)
[0.719s] DEBUG:colcon.colcon_core.event_handler.log_command:Invoked command in '/home/jlurobovision/eng_ws/build/global_launch' returned '0': CMAKE_PREFIX_PATH=${CMAKE_PREFIX_PATH}:/opt/ros/humble /usr/bin/cmake --install /home/jlurobovision/eng_ws/build/global_launch
[0.721s] Level 1:colcon.colcon_core.environment:checking '/home/jlurobovision/eng_ws/install/global_launch' for CMake module files
[0.722s] Level 1:colcon.colcon_core.environment:checking '/home/jlurobovision/eng_ws/install/global_launch' for CMake config files
[0.722s] Level 1:colcon.colcon_core.shell:create_environment_hook('global_launch', 'cmake_prefix_path')
[0.723s] INFO:colcon.colcon_core.shell:Creating environment hook '/home/jlurobovision/eng_ws/install/global_launch/share/global_launch/hook/cmake_prefix_path.ps1'
[0.723s] INFO:colcon.colcon_core.shell:Creating environment descriptor '/home/jlurobovision/eng_ws/install/global_launch/share/global_launch/hook/cmake_prefix_path.dsv'
[0.724s] INFO:colcon.colcon_core.shell:Creating environment hook '/home/jlurobovision/eng_ws/install/global_launch/share/global_launch/hook/cmake_prefix_path.sh'
[0.725s] Level 1:colcon.colcon_core.environment:checking '/home/jlurobovision/eng_ws/install/global_launch/bin'
[0.725s] Level 1:colcon.colcon_core.environment:checking '/home/jlurobovision/eng_ws/install/global_launch/lib/pkgconfig/global_launch.pc'
[0.725s] Level 1:colcon.colcon_core.environment:checking '/home/jlurobovision/eng_ws/install/global_launch/lib/python3.10/site-packages'
[0.726s] Level 1:colcon.colcon_core.environment:checking '/home/jlurobovision/eng_ws/install/global_launch/bin'
[0.726s] INFO:colcon.colcon_core.shell:Creating package script '/home/jlurobovision/eng_ws/install/global_launch/share/global_launch/package.ps1'
[0.727s] INFO:colcon.colcon_core.shell:Creating package descriptor '/home/jlurobovision/eng_ws/install/global_launch/share/global_launch/package.dsv'
[0.727s] INFO:colcon.colcon_core.shell:Creating package script '/home/jlurobovision/eng_ws/install/global_launch/share/global_launch/package.sh'
[0.728s] INFO:colcon.colcon_core.shell:Creating package script '/home/jlurobovision/eng_ws/install/global_launch/share/global_launch/package.bash'
[0.729s] INFO:colcon.colcon_core.shell:Creating package script '/home/jlurobovision/eng_ws/install/global_launch/share/global_launch/package.zsh'
[0.729s] Level 1:colcon.colcon_core.environment:create_file_with_runtime_dependencies(/home/jlurobovision/eng_ws/install/global_launch/share/colcon-core/packages/global_launch)
[0.733s] DEBUG:colcon.colcon_core.event_handler.log_command:Invoking command in '/home/jlurobovision/eng_ws/build/galaxy_camera': CMAKE_PREFIX_PATH=${CMAKE_PREFIX_PATH}:/opt/ros/humble /usr/bin/cmake --install /home/jlurobovision/eng_ws/build/galaxy_camera
[0.735s] DEBUG:colcon.colcon_core.event_handler.log_command:Invoking command in '/home/jlurobovision/eng_ws/build/hik_camera': CMAKE_PREFIX_PATH=${CMAKE_PREFIX_PATH}:/opt/ros/humble /usr/bin/cmake --install /home/jlurobovision/eng_ws/build/hik_camera
[0.757s] Level 1:colcon.colcon_core.environment:create_environment_scripts_only(global_launch)
[0.758s] Level 1:colcon.colcon_core.environment:checking '/home/jlurobovision/eng_ws/install/global_launch' for CMake module files
[0.760s] Level 1:colcon.colcon_core.environment:checking '/home/jlurobovision/eng_ws/install/global_launch' for CMake config files
[0.760s] Level 1:colcon.colcon_core.shell:create_environment_hook('global_launch', 'cmake_prefix_path')
[0.761s] INFO:colcon.colcon_core.shell:Creating environment hook '/home/jlurobovision/eng_ws/install/global_launch/share/global_launch/hook/cmake_prefix_path.ps1'
[0.762s] INFO:colcon.colcon_core.shell:Creating environment descriptor '/home/jlurobovision/eng_ws/install/global_launch/share/global_launch/hook/cmake_prefix_path.dsv'
[0.762s] INFO:colcon.colcon_core.shell:Creating environment hook '/home/jlurobovision/eng_ws/install/global_launch/share/global_launch/hook/cmake_prefix_path.sh'
[0.763s] Level 1:colcon.colcon_core.environment:checking '/home/jlurobovision/eng_ws/install/global_launch/bin'
[0.764s] Level 1:colcon.colcon_core.environment:checking '/home/jlurobovision/eng_ws/install/global_launch/lib/pkgconfig/global_launch.pc'
[0.764s] Level 1:colcon.colcon_core.environment:checking '/home/jlurobovision/eng_ws/install/global_launch/lib/python3.10/site-packages'
[0.765s] Level 1:colcon.colcon_core.environment:checking '/home/jlurobovision/eng_ws/install/global_launch/bin'
[0.766s] INFO:colcon.colcon_core.shell:Creating package script '/home/jlurobovision/eng_ws/install/global_launch/share/global_launch/package.ps1'
[0.766s] INFO:colcon.colcon_core.shell:Creating package descriptor '/home/jlurobovision/eng_ws/install/global_launch/share/global_launch/package.dsv'
[0.767s] INFO:colcon.colcon_core.shell:Creating package script '/home/jlurobovision/eng_ws/install/global_launch/share/global_launch/package.sh'
[0.768s] INFO:colcon.colcon_core.shell:Creating package script '/home/jlurobovision/eng_ws/install/global_launch/share/global_launch/package.bash'
[0.768s] INFO:colcon.colcon_core.shell:Creating package script '/home/jlurobovision/eng_ws/install/global_launch/share/global_launch/package.zsh'
[0.770s] Level 1:colcon.colcon_core.environment:create_file_with_runtime_dependencies(/home/jlurobovision/eng_ws/install/global_launch/share/colcon-core/packages/global_launch)
[0.783s] Level 1:colcon.colcon_core.environment:create_environment_scripts_only(hik_camera)
[0.785s] Level 1:colcon.colcon_core.environment:checking '/home/jlurobovision/eng_ws/install/hik_camera' for CMake module files
[0.787s] DEBUG:colcon.colcon_core.event_handler.log_command:Invoked command in '/home/jlurobovision/eng_ws/build/hik_camera' returned '0': CMAKE_PREFIX_PATH=${CMAKE_PREFIX_PATH}:/opt/ros/humble /usr/bin/cmake --install /home/jlurobovision/eng_ws/build/hik_camera
[0.788s] Level 1:colcon.colcon_core.environment:checking '/home/jlurobovision/eng_ws/install/hik_camera' for CMake config files
[0.789s] Level 1:colcon.colcon_core.shell:create_environment_hook('hik_camera', 'cmake_prefix_path')
[0.790s] INFO:colcon.colcon_core.shell:Creating environment hook '/home/jlurobovision/eng_ws/install/hik_camera/share/hik_camera/hook/cmake_prefix_path.ps1'
[0.792s] INFO:colcon.colcon_core.shell:Creating environment descriptor '/home/jlurobovision/eng_ws/install/hik_camera/share/hik_camera/hook/cmake_prefix_path.dsv'
[0.793s] INFO:colcon.colcon_core.shell:Creating environment hook '/home/jlurobovision/eng_ws/install/hik_camera/share/hik_camera/hook/cmake_prefix_path.sh'
[0.795s] Level 1:colcon.colcon_core.environment:checking '/home/jlurobovision/eng_ws/install/hik_camera/lib'
[0.796s] Level 1:colcon.colcon_core.shell:create_environment_hook('hik_camera', 'ld_library_path_lib')
[0.798s] INFO:colcon.colcon_core.shell:Creating environment hook '/home/jlurobovision/eng_ws/install/hik_camera/share/hik_camera/hook/ld_library_path_lib.ps1'
[0.800s] INFO:colcon.colcon_core.shell:Creating environment descriptor '/home/jlurobovision/eng_ws/install/hik_camera/share/hik_camera/hook/ld_library_path_lib.dsv'
[0.801s] INFO:colcon.colcon_core.shell:Creating environment hook '/home/jlurobovision/eng_ws/install/hik_camera/share/hik_camera/hook/ld_library_path_lib.sh'
[0.802s] Level 1:colcon.colcon_core.environment:checking '/home/jlurobovision/eng_ws/install/hik_camera/bin'
[0.802s] Level 1:colcon.colcon_core.environment:checking '/home/jlurobovision/eng_ws/install/hik_camera/lib/pkgconfig/hik_camera.pc'
[0.803s] Level 1:colcon.colcon_core.environment:checking '/home/jlurobovision/eng_ws/install/hik_camera/lib/python3.10/site-packages'
[0.804s] Level 1:colcon.colcon_core.environment:checking '/home/jlurobovision/eng_ws/install/hik_camera/bin'
[0.805s] INFO:colcon.colcon_core.shell:Creating package script '/home/jlurobovision/eng_ws/install/hik_camera/share/hik_camera/package.ps1'
[0.807s] INFO:colcon.colcon_core.shell:Creating package descriptor '/home/jlurobovision/eng_ws/install/hik_camera/share/hik_camera/package.dsv'
[0.809s] INFO:colcon.colcon_core.shell:Creating package script '/home/jlurobovision/eng_ws/install/hik_camera/share/hik_camera/package.sh'
[0.810s] INFO:colcon.colcon_core.shell:Creating package script '/home/jlurobovision/eng_ws/install/hik_camera/share/hik_camera/package.bash'
[0.810s] INFO:colcon.colcon_core.shell:Creating package script '/home/jlurobovision/eng_ws/install/hik_camera/share/hik_camera/package.zsh'
[0.811s] Level 1:colcon.colcon_core.environment:create_file_with_runtime_dependencies(/home/jlurobovision/eng_ws/install/hik_camera/share/colcon-core/packages/hik_camera)
[0.815s] Level 1:colcon.colcon_core.environment:create_environment_scripts_only(galaxy_camera)
[0.817s] Level 1:colcon.colcon_core.environment:checking '/home/jlurobovision/eng_ws/install/galaxy_camera' for CMake module files
[0.820s] DEBUG:colcon.colcon_core.event_handler.log_command:Invoked command in '/home/jlurobovision/eng_ws/build/galaxy_camera' returned '0': CMAKE_PREFIX_PATH=${CMAKE_PREFIX_PATH}:/opt/ros/humble /usr/bin/cmake --install /home/jlurobovision/eng_ws/build/galaxy_camera
[0.822s] Level 1:colcon.colcon_core.environment:checking '/home/jlurobovision/eng_ws/install/galaxy_camera' for CMake config files
[0.824s] Level 1:colcon.colcon_core.shell:create_environment_hook('galaxy_camera', 'cmake_prefix_path')
[0.826s] INFO:colcon.colcon_core.shell:Creating environment hook '/home/jlurobovision/eng_ws/install/galaxy_camera/share/galaxy_camera/hook/cmake_prefix_path.ps1'
[0.827s] INFO:colcon.colcon_core.shell:Creating environment descriptor '/home/jlurobovision/eng_ws/install/galaxy_camera/share/galaxy_camera/hook/cmake_prefix_path.dsv'
[0.828s] INFO:colcon.colcon_core.shell:Creating environment hook '/home/jlurobovision/eng_ws/install/galaxy_camera/share/galaxy_camera/hook/cmake_prefix_path.sh'
[0.830s] Level 1:colcon.colcon_core.environment:checking '/home/jlurobovision/eng_ws/install/galaxy_camera/lib'
[0.830s] Level 1:colcon.colcon_core.shell:create_environment_hook('galaxy_camera', 'ld_library_path_lib')
[0.832s] INFO:colcon.colcon_core.shell:Creating environment hook '/home/jlurobovision/eng_ws/install/galaxy_camera/share/galaxy_camera/hook/ld_library_path_lib.ps1'
[0.834s] INFO:colcon.colcon_core.shell:Creating environment descriptor '/home/jlurobovision/eng_ws/install/galaxy_camera/share/galaxy_camera/hook/ld_library_path_lib.dsv'
[0.834s] INFO:colcon.colcon_core.shell:Creating environment hook '/home/jlurobovision/eng_ws/install/galaxy_camera/share/galaxy_camera/hook/ld_library_path_lib.sh'
[0.835s] Level 1:colcon.colcon_core.environment:checking '/home/jlurobovision/eng_ws/install/galaxy_camera/bin'
[0.835s] Level 1:colcon.colcon_core.environment:checking '/home/jlurobovision/eng_ws/install/galaxy_camera/lib/pkgconfig/galaxy_camera.pc'
[0.836s] Level 1:colcon.colcon_core.environment:checking '/home/jlurobovision/eng_ws/install/galaxy_camera/lib/python3.10/site-packages'
[0.836s] Level 1:colcon.colcon_core.environment:checking '/home/jlurobovision/eng_ws/install/galaxy_camera/bin'
[0.837s] INFO:colcon.colcon_core.shell:Creating package script '/home/jlurobovision/eng_ws/install/galaxy_camera/share/galaxy_camera/package.ps1'
[0.839s] INFO:colcon.colcon_core.shell:Creating package descriptor '/home/jlurobovision/eng_ws/install/galaxy_camera/share/galaxy_camera/package.dsv'
[0.841s] INFO:colcon.colcon_core.shell:Creating package script '/home/jlurobovision/eng_ws/install/galaxy_camera/share/galaxy_camera/package.sh'
[0.842s] INFO:colcon.colcon_core.shell:Creating package script '/home/jlurobovision/eng_ws/install/galaxy_camera/share/galaxy_camera/package.bash'
[0.843s] INFO:colcon.colcon_core.shell:Creating package script '/home/jlurobovision/eng_ws/install/galaxy_camera/share/galaxy_camera/package.zsh'
[0.844s] Level 1:colcon.colcon_core.environment:create_file_with_runtime_dependencies(/home/jlurobovision/eng_ws/install/galaxy_camera/share/colcon-core/packages/galaxy_camera)
[0.868s] Level 1:colcon.colcon_core.environment:create_environment_scripts_only(hik_camera)
[0.868s] Level 1:colcon.colcon_core.environment:checking '/home/jlurobovision/eng_ws/install/hik_camera' for CMake module files
[0.869s] Level 1:colcon.colcon_core.environment:checking '/home/jlurobovision/eng_ws/install/hik_camera' for CMake config files
[0.869s] Level 1:colcon.colcon_core.shell:create_environment_hook('hik_camera', 'cmake_prefix_path')
[0.870s] INFO:colcon.colcon_core.shell:Creating environment hook '/home/jlurobovision/eng_ws/install/hik_camera/share/hik_camera/hook/cmake_prefix_path.ps1'
[0.870s] INFO:colcon.colcon_core.shell:Creating environment descriptor '/home/jlurobovision/eng_ws/install/hik_camera/share/hik_camera/hook/cmake_prefix_path.dsv'
[0.871s] INFO:colcon.colcon_core.shell:Creating environment hook '/home/jlurobovision/eng_ws/install/hik_camera/share/hik_camera/hook/cmake_prefix_path.sh'
[0.872s] Level 1:colcon.colcon_core.environment:checking '/home/jlurobovision/eng_ws/install/hik_camera/lib'
[0.872s] Level 1:colcon.colcon_core.shell:create_environment_hook('hik_camera', 'ld_library_path_lib')
[0.872s] INFO:colcon.colcon_core.shell:Creating environment hook '/home/jlurobovision/eng_ws/install/hik_camera/share/hik_camera/hook/ld_library_path_lib.ps1'
[0.873s] INFO:colcon.colcon_core.shell:Creating environment descriptor '/home/jlurobovision/eng_ws/install/hik_camera/share/hik_camera/hook/ld_library_path_lib.dsv'
[0.873s] INFO:colcon.colcon_core.shell:Creating environment hook '/home/jlurobovision/eng_ws/install/hik_camera/share/hik_camera/hook/ld_library_path_lib.sh'
[0.873s] Level 1:colcon.colcon_core.environment:checking '/home/jlurobovision/eng_ws/install/hik_camera/bin'
[0.874s] Level 1:colcon.colcon_core.environment:checking '/home/jlurobovision/eng_ws/install/hik_camera/lib/pkgconfig/hik_camera.pc'
[0.874s] Level 1:colcon.colcon_core.environment:checking '/home/jlurobovision/eng_ws/install/hik_camera/lib/python3.10/site-packages'
[0.874s] Level 1:colcon.colcon_core.environment:checking '/home/jlurobovision/eng_ws/install/hik_camera/bin'
[0.875s] INFO:colcon.colcon_core.shell:Creating package script '/home/jlurobovision/eng_ws/install/hik_camera/share/hik_camera/package.ps1'
[0.876s] INFO:colcon.colcon_core.shell:Creating package descriptor '/home/jlurobovision/eng_ws/install/hik_camera/share/hik_camera/package.dsv'
[0.876s] INFO:colcon.colcon_core.shell:Creating package script '/home/jlurobovision/eng_ws/install/hik_camera/share/hik_camera/package.sh'
[0.877s] INFO:colcon.colcon_core.shell:Creating package script '/home/jlurobovision/eng_ws/install/hik_camera/share/hik_camera/package.bash'
[0.877s] INFO:colcon.colcon_core.shell:Creating package script '/home/jlurobovision/eng_ws/install/hik_camera/share/hik_camera/package.zsh'
[0.878s] Level 1:colcon.colcon_core.environment:create_file_with_runtime_dependencies(/home/jlurobovision/eng_ws/install/hik_camera/share/colcon-core/packages/hik_camera)
[0.892s] Level 1:colcon.colcon_core.environment:create_environment_scripts_only(galaxy_camera)
[0.893s] Level 1:colcon.colcon_core.environment:checking '/home/jlurobovision/eng_ws/install/galaxy_camera' for CMake module files
[0.894s] Level 1:colcon.colcon_core.environment:checking '/home/jlurobovision/eng_ws/install/galaxy_camera' for CMake config files
[0.894s] Level 1:colcon.colcon_core.shell:create_environment_hook('galaxy_camera', 'cmake_prefix_path')
[0.895s] INFO:colcon.colcon_core.shell:Creating environment hook '/home/jlurobovision/eng_ws/install/galaxy_camera/share/galaxy_camera/hook/cmake_prefix_path.ps1'
[0.896s] INFO:colcon.colcon_core.shell:Creating environment descriptor '/home/jlurobovision/eng_ws/install/galaxy_camera/share/galaxy_camera/hook/cmake_prefix_path.dsv'
[0.896s] INFO:colcon.colcon_core.shell:Creating environment hook '/home/jlurobovision/eng_ws/install/galaxy_camera/share/galaxy_camera/hook/cmake_prefix_path.sh'
[0.897s] Level 1:colcon.colcon_core.environment:checking '/home/jlurobovision/eng_ws/install/galaxy_camera/lib'
[0.897s] Level 1:colcon.colcon_core.shell:create_environment_hook('galaxy_camera', 'ld_library_path_lib')
[0.898s] INFO:colcon.colcon_core.shell:Creating environment hook '/home/jlurobovision/eng_ws/install/galaxy_camera/share/galaxy_camera/hook/ld_library_path_lib.ps1'
[0.898s] INFO:colcon.colcon_core.shell:Creating environment descriptor '/home/jlurobovision/eng_ws/install/galaxy_camera/share/galaxy_camera/hook/ld_library_path_lib.dsv'
[0.899s] INFO:colcon.colcon_core.shell:Creating environment hook '/home/jlurobovision/eng_ws/install/galaxy_camera/share/galaxy_camera/hook/ld_library_path_lib.sh'
[0.899s] Level 1:colcon.colcon_core.environment:checking '/home/jlurobovision/eng_ws/install/galaxy_camera/bin'
[0.900s] Level 1:colcon.colcon_core.environment:checking '/home/jlurobovision/eng_ws/install/galaxy_camera/lib/pkgconfig/galaxy_camera.pc'
[0.900s] Level 1:colcon.colcon_core.environment:checking '/home/jlurobovision/eng_ws/install/galaxy_camera/lib/python3.10/site-packages'
[0.901s] Level 1:colcon.colcon_core.environment:checking '/home/jlurobovision/eng_ws/install/galaxy_camera/bin'
[0.902s] INFO:colcon.colcon_core.shell:Creating package script '/home/jlurobovision/eng_ws/install/galaxy_camera/share/galaxy_camera/package.ps1'
[0.903s] INFO:colcon.colcon_core.shell:Creating package descriptor '/home/jlurobovision/eng_ws/install/galaxy_camera/share/galaxy_camera/package.dsv'
[0.904s] INFO:colcon.colcon_core.shell:Creating package script '/home/jlurobovision/eng_ws/install/galaxy_camera/share/galaxy_camera/package.sh'
[0.905s] INFO:colcon.colcon_core.shell:Creating package script '/home/jlurobovision/eng_ws/install/galaxy_camera/share/galaxy_camera/package.bash'
[0.906s] INFO:colcon.colcon_core.shell:Creating package script '/home/jlurobovision/eng_ws/install/galaxy_camera/share/galaxy_camera/package.zsh'
[0.906s] Level 1:colcon.colcon_core.environment:create_file_with_runtime_dependencies(/home/jlurobovision/eng_ws/install/galaxy_camera/share/colcon-core/packages/galaxy_camera)
[1.277s] DEBUG:colcon.colcon_core.event_handler.log_command:Invoked command in '/home/jlurobovision/eng_ws/build/msg_interfaces' returned '0': CMAKE_PREFIX_PATH=${CMAKE_PREFIX_PATH}:/opt/ros/humble /usr/bin/cmake --build /home/jlurobovision/eng_ws/build/msg_interfaces -- -j12 -l12
[1.326s] DEBUG:colcon.colcon_core.event_handler.log_command:Invoking command in '/home/jlurobovision/eng_ws/build/msg_interfaces': CMAKE_PREFIX_PATH=${CMAKE_PREFIX_PATH}:/opt/ros/humble /usr/bin/cmake --install /home/jlurobovision/eng_ws/build/msg_interfaces
[1.447s] Level 1:colcon.colcon_core.environment:create_environment_scripts_only(msg_interfaces)
[1.448s] Level 1:colcon.colcon_core.environment:checking '/home/jlurobovision/eng_ws/install/msg_interfaces' for CMake module files
[1.448s] DEBUG:colcon.colcon_core.event_handler.log_command:Invoked command in '/home/jlurobovision/eng_ws/build/msg_interfaces' returned '0': CMAKE_PREFIX_PATH=${CMAKE_PREFIX_PATH}:/opt/ros/humble /usr/bin/cmake --install /home/jlurobovision/eng_ws/build/msg_interfaces
[1.449s] Level 1:colcon.colcon_core.environment:checking '/home/jlurobovision/eng_ws/install/msg_interfaces' for CMake config files
[1.449s] Level 1:colcon.colcon_core.shell:create_environment_hook('msg_interfaces', 'cmake_prefix_path')
[1.450s] INFO:colcon.colcon_core.shell:Creating environment hook '/home/jlurobovision/eng_ws/install/msg_interfaces/share/msg_interfaces/hook/cmake_prefix_path.ps1'
[1.450s] INFO:colcon.colcon_core.shell:Creating environment descriptor '/home/jlurobovision/eng_ws/install/msg_interfaces/share/msg_interfaces/hook/cmake_prefix_path.dsv'
[1.450s] INFO:colcon.colcon_core.shell:Creating environment hook '/home/jlurobovision/eng_ws/install/msg_interfaces/share/msg_interfaces/hook/cmake_prefix_path.sh'
[1.451s] Level 1:colcon.colcon_core.environment:checking '/home/jlurobovision/eng_ws/install/msg_interfaces/lib'
[1.451s] Level 1:colcon.colcon_core.shell:create_environment_hook('msg_interfaces', 'ld_library_path_lib')
[1.451s] INFO:colcon.colcon_core.shell:Creating environment hook '/home/jlurobovision/eng_ws/install/msg_interfaces/share/msg_interfaces/hook/ld_library_path_lib.ps1'
[1.452s] INFO:colcon.colcon_core.shell:Creating environment descriptor '/home/jlurobovision/eng_ws/install/msg_interfaces/share/msg_interfaces/hook/ld_library_path_lib.dsv'
[1.453s] INFO:colcon.colcon_core.shell:Creating environment hook '/home/jlurobovision/eng_ws/install/msg_interfaces/share/msg_interfaces/hook/ld_library_path_lib.sh'
[1.453s] Level 1:colcon.colcon_core.environment:checking '/home/jlurobovision/eng_ws/install/msg_interfaces/bin'
[1.453s] Level 1:colcon.colcon_core.environment:checking '/home/jlurobovision/eng_ws/install/msg_interfaces/lib/pkgconfig/msg_interfaces.pc'
[1.454s] Level 1:colcon.colcon_core.environment:checking '/home/jlurobovision/eng_ws/install/msg_interfaces/lib/python3.10/site-packages'
[1.454s] Level 1:colcon.colcon_core.shell:create_environment_hook('msg_interfaces', 'pythonpath')
[1.454s] INFO:colcon.colcon_core.shell:Creating environment hook '/home/jlurobovision/eng_ws/install/msg_interfaces/share/msg_interfaces/hook/pythonpath.ps1'
[1.455s] INFO:colcon.colcon_core.shell:Creating environment descriptor '/home/jlurobovision/eng_ws/install/msg_interfaces/share/msg_interfaces/hook/pythonpath.dsv'
[1.455s] INFO:colcon.colcon_core.shell:Creating environment hook '/home/jlurobovision/eng_ws/install/msg_interfaces/share/msg_interfaces/hook/pythonpath.sh'
[1.456s] Level 1:colcon.colcon_core.environment:checking '/home/jlurobovision/eng_ws/install/msg_interfaces/bin'
[1.457s] INFO:colcon.colcon_core.shell:Creating package script '/home/jlurobovision/eng_ws/install/msg_interfaces/share/msg_interfaces/package.ps1'
[1.458s] INFO:colcon.colcon_core.shell:Creating package descriptor '/home/jlurobovision/eng_ws/install/msg_interfaces/share/msg_interfaces/package.dsv'
[1.458s] INFO:colcon.colcon_core.shell:Creating package script '/home/jlurobovision/eng_ws/install/msg_interfaces/share/msg_interfaces/package.sh'
[1.459s] INFO:colcon.colcon_core.shell:Creating package script '/home/jlurobovision/eng_ws/install/msg_interfaces/share/msg_interfaces/package.bash'
[1.459s] INFO:colcon.colcon_core.shell:Creating package script '/home/jlurobovision/eng_ws/install/msg_interfaces/share/msg_interfaces/package.zsh'
[1.459s] Level 1:colcon.colcon_core.environment:create_file_with_runtime_dependencies(/home/jlurobovision/eng_ws/install/msg_interfaces/share/colcon-core/packages/msg_interfaces)
[1.504s] Level 1:colcon.colcon_core.environment:create_environment_scripts_only(msg_interfaces)
[1.504s] Level 1:colcon.colcon_core.environment:checking '/home/jlurobovision/eng_ws/install/msg_interfaces' for CMake module files
[1.505s] Level 1:colcon.colcon_core.environment:checking '/home/jlurobovision/eng_ws/install/msg_interfaces' for CMake config files
[1.506s] Level 1:colcon.colcon_core.shell:create_environment_hook('msg_interfaces', 'cmake_prefix_path')
[1.506s] INFO:colcon.colcon_core.shell:Creating environment hook '/home/jlurobovision/eng_ws/install/msg_interfaces/share/msg_interfaces/hook/cmake_prefix_path.ps1'
[1.507s] INFO:colcon.colcon_core.shell:Creating environment descriptor '/home/jlurobovision/eng_ws/install/msg_interfaces/share/msg_interfaces/hook/cmake_prefix_path.dsv'
[1.507s] INFO:colcon.colcon_core.shell:Creating environment hook '/home/jlurobovision/eng_ws/install/msg_interfaces/share/msg_interfaces/hook/cmake_prefix_path.sh'
[1.508s] Level 1:colcon.colcon_core.environment:checking '/home/jlurobovision/eng_ws/install/msg_interfaces/lib'
[1.508s] Level 1:colcon.colcon_core.shell:create_environment_hook('msg_interfaces', 'ld_library_path_lib')
[1.509s] INFO:colcon.colcon_core.shell:Creating environment hook '/home/jlurobovision/eng_ws/install/msg_interfaces/share/msg_interfaces/hook/ld_library_path_lib.ps1'
[1.511s] INFO:colcon.colcon_core.shell:Creating environment descriptor '/home/jlurobovision/eng_ws/install/msg_interfaces/share/msg_interfaces/hook/ld_library_path_lib.dsv'
[1.511s] INFO:colcon.colcon_core.shell:Creating environment hook '/home/jlurobovision/eng_ws/install/msg_interfaces/share/msg_interfaces/hook/ld_library_path_lib.sh'
[1.512s] Level 1:colcon.colcon_core.environment:checking '/home/jlurobovision/eng_ws/install/msg_interfaces/bin'
[1.512s] Level 1:colcon.colcon_core.environment:checking '/home/jlurobovision/eng_ws/install/msg_interfaces/lib/pkgconfig/msg_interfaces.pc'
[1.513s] Level 1:colcon.colcon_core.environment:checking '/home/jlurobovision/eng_ws/install/msg_interfaces/lib/python3.10/site-packages'
[1.513s] Level 1:colcon.colcon_core.shell:create_environment_hook('msg_interfaces', 'pythonpath')
[1.514s] INFO:colcon.colcon_core.shell:Creating environment hook '/home/jlurobovision/eng_ws/install/msg_interfaces/share/msg_interfaces/hook/pythonpath.ps1'
[1.515s] INFO:colcon.colcon_core.shell:Creating environment descriptor '/home/jlurobovision/eng_ws/install/msg_interfaces/share/msg_interfaces/hook/pythonpath.dsv'
[1.515s] INFO:colcon.colcon_core.shell:Creating environment hook '/home/jlurobovision/eng_ws/install/msg_interfaces/share/msg_interfaces/hook/pythonpath.sh'
[1.516s] Level 1:colcon.colcon_core.environment:checking '/home/jlurobovision/eng_ws/install/msg_interfaces/bin'
[1.517s] INFO:colcon.colcon_core.shell:Creating package script '/home/jlurobovision/eng_ws/install/msg_interfaces/share/msg_interfaces/package.ps1'
[1.518s] INFO:colcon.colcon_core.shell:Creating package descriptor '/home/jlurobovision/eng_ws/install/msg_interfaces/share/msg_interfaces/package.dsv'
[1.519s] INFO:colcon.colcon_core.shell:Creating package script '/home/jlurobovision/eng_ws/install/msg_interfaces/share/msg_interfaces/package.sh'
[1.519s] INFO:colcon.colcon_core.shell:Creating package script '/home/jlurobovision/eng_ws/install/msg_interfaces/share/msg_interfaces/package.bash'
[1.520s] INFO:colcon.colcon_core.shell:Creating package script '/home/jlurobovision/eng_ws/install/msg_interfaces/share/msg_interfaces/package.zsh'
[1.520s] Level 1:colcon.colcon_core.environment:create_file_with_runtime_dependencies(/home/jlurobovision/eng_ws/install/msg_interfaces/share/colcon-core/packages/msg_interfaces)
[1.520s] INFO:colcon.colcon_ros.task.ament_cmake.build:Building ROS package in '/home/jlurobovision/eng_ws/src/serial' with build type 'ament_cmake'
[1.521s] INFO:colcon.colcon_cmake.task.cmake.build:Building CMake package in '/home/jlurobovision/eng_ws/src/serial'
[1.521s] INFO:colcon.colcon_core.shell:Skip shell extension 'powershell' for command environment: Not usable outside of PowerShell
[1.521s] DEBUG:colcon.colcon_core.shell:Skip shell extension 'dsv' for command environment
[1.530s] DEBUG:colcon.colcon_core.event_handler.log_command:Invoking command in '/home/jlurobovision/eng_ws/build/serial': CMAKE_PREFIX_PATH=/home/jlurobovision/eng_ws/install/msg_interfaces:/home/jlurobovision/eng_ws/install/exchangestation_detector:/home/jlurobovision/eng_ws/install/serial:/home/jlurobovision/eng_ws/install/hik_camera:/home/jlurobovision/eng_ws/install/global_launch:/home/jlurobovision/eng_ws/install/galaxy_camera:/opt/ros/humble LD_LIBRARY_PATH=/home/jlurobovision/eng_ws/install/msg_interfaces/lib:/home/jlurobovision/eng_ws/install/exchangestation_detector/lib:/home/jlurobovision/eng_ws/install/serial/lib:/home/jlurobovision/eng_ws/install/hik_camera/lib:/home/jlurobovision/eng_ws/install/galaxy_camera/lib:/opt/ros/humble/opt/rviz_ogre_vendor/lib:/opt/ros/humble/lib/x86_64-linux-gnu:/opt/ros/humble/lib PYTHONPATH=/home/jlurobovision/eng_ws/install/msg_interfaces/lib/python3.10/site-packages:/home/jlurobovision/eng_ws/install/msg_interfaces/local/lib/python3.10/dist-packages:/opt/ros/humble/lib/python3.10/site-packages:/opt/ros/humble/local/lib/python3.10/dist-packages /usr/bin/cmake --build /home/jlurobovision/eng_ws/build/serial -- -j12 -l12
[1.593s] DEBUG:colcon.colcon_core.event_handler.log_command:Invoked command in '/home/jlurobovision/eng_ws/build/serial' returned '0': CMAKE_PREFIX_PATH=/home/jlurobovision/eng_ws/install/msg_interfaces:/home/jlurobovision/eng_ws/install/exchangestation_detector:/home/jlurobovision/eng_ws/install/serial:/home/jlurobovision/eng_ws/install/hik_camera:/home/jlurobovision/eng_ws/install/global_launch:/home/jlurobovision/eng_ws/install/galaxy_camera:/opt/ros/humble LD_LIBRARY_PATH=/home/jlurobovision/eng_ws/install/msg_interfaces/lib:/home/jlurobovision/eng_ws/install/exchangestation_detector/lib:/home/jlurobovision/eng_ws/install/serial/lib:/home/jlurobovision/eng_ws/install/hik_camera/lib:/home/jlurobovision/eng_ws/install/galaxy_camera/lib:/opt/ros/humble/opt/rviz_ogre_vendor/lib:/opt/ros/humble/lib/x86_64-linux-gnu:/opt/ros/humble/lib PYTHONPATH=/home/jlurobovision/eng_ws/install/msg_interfaces/lib/python3.10/site-packages:/home/jlurobovision/eng_ws/install/msg_interfaces/local/lib/python3.10/dist-packages:/opt/ros/humble/lib/python3.10/site-packages:/opt/ros/humble/local/lib/python3.10/dist-packages /usr/bin/cmake --build /home/jlurobovision/eng_ws/build/serial -- -j12 -l12
[1.614s] DEBUG:colcon.colcon_core.event_handler.log_command:Invoking command in '/home/jlurobovision/eng_ws/build/serial': CMAKE_PREFIX_PATH=/home/jlurobovision/eng_ws/install/msg_interfaces:/home/jlurobovision/eng_ws/install/exchangestation_detector:/home/jlurobovision/eng_ws/install/serial:/home/jlurobovision/eng_ws/install/hik_camera:/home/jlurobovision/eng_ws/install/global_launch:/home/jlurobovision/eng_ws/install/galaxy_camera:/opt/ros/humble LD_LIBRARY_PATH=/home/jlurobovision/eng_ws/install/msg_interfaces/lib:/home/jlurobovision/eng_ws/install/exchangestation_detector/lib:/home/jlurobovision/eng_ws/install/serial/lib:/home/jlurobovision/eng_ws/install/hik_camera/lib:/home/jlurobovision/eng_ws/install/galaxy_camera/lib:/opt/ros/humble/opt/rviz_ogre_vendor/lib:/opt/ros/humble/lib/x86_64-linux-gnu:/opt/ros/humble/lib PYTHONPATH=/home/jlurobovision/eng_ws/install/msg_interfaces/lib/python3.10/site-packages:/home/jlurobovision/eng_ws/install/msg_interfaces/local/lib/python3.10/dist-packages:/opt/ros/humble/lib/python3.10/site-packages:/opt/ros/humble/local/lib/python3.10/dist-packages /usr/bin/cmake --install /home/jlurobovision/eng_ws/build/serial
[1.638s] Level 1:colcon.colcon_core.environment:create_environment_scripts_only(serial)
[1.639s] Level 1:colcon.colcon_core.environment:checking '/home/jlurobovision/eng_ws/install/serial' for CMake module files
[1.641s] DEBUG:colcon.colcon_core.event_handler.log_command:Invoked command in '/home/jlurobovision/eng_ws/build/serial' returned '0': CMAKE_PREFIX_PATH=/home/jlurobovision/eng_ws/install/msg_interfaces:/home/jlurobovision/eng_ws/install/exchangestation_detector:/home/jlurobovision/eng_ws/install/serial:/home/jlurobovision/eng_ws/install/hik_camera:/home/jlurobovision/eng_ws/install/global_launch:/home/jlurobovision/eng_ws/install/galaxy_camera:/opt/ros/humble LD_LIBRARY_PATH=/home/jlurobovision/eng_ws/install/msg_interfaces/lib:/home/jlurobovision/eng_ws/install/exchangestation_detector/lib:/home/jlurobovision/eng_ws/install/serial/lib:/home/jlurobovision/eng_ws/install/hik_camera/lib:/home/jlurobovision/eng_ws/install/galaxy_camera/lib:/opt/ros/humble/opt/rviz_ogre_vendor/lib:/opt/ros/humble/lib/x86_64-linux-gnu:/opt/ros/humble/lib PYTHONPATH=/home/jlurobovision/eng_ws/install/msg_interfaces/lib/python3.10/site-packages:/home/jlurobovision/eng_ws/install/msg_interfaces/local/lib/python3.10/dist-packages:/opt/ros/humble/lib/python3.10/site-packages:/opt/ros/humble/local/lib/python3.10/dist-packages /usr/bin/cmake --install /home/jlurobovision/eng_ws/build/serial
[1.641s] Level 1:colcon.colcon_core.environment:checking '/home/jlurobovision/eng_ws/install/serial' for CMake config files
[1.642s] Level 1:colcon.colcon_core.shell:create_environment_hook('serial', 'cmake_prefix_path')
[1.642s] INFO:colcon.colcon_core.shell:Creating environment hook '/home/jlurobovision/eng_ws/install/serial/share/serial/hook/cmake_prefix_path.ps1'
[1.643s] INFO:colcon.colcon_core.shell:Creating environment descriptor '/home/jlurobovision/eng_ws/install/serial/share/serial/hook/cmake_prefix_path.dsv'
[1.643s] INFO:colcon.colcon_core.shell:Creating environment hook '/home/jlurobovision/eng_ws/install/serial/share/serial/hook/cmake_prefix_path.sh'
[1.644s] Level 1:colcon.colcon_core.environment:checking '/home/jlurobovision/eng_ws/install/serial/lib'
[1.644s] Level 1:colcon.colcon_core.shell:create_environment_hook('serial', 'ld_library_path_lib')
[1.645s] INFO:colcon.colcon_core.shell:Creating environment hook '/home/jlurobovision/eng_ws/install/serial/share/serial/hook/ld_library_path_lib.ps1'
[1.645s] INFO:colcon.colcon_core.shell:Creating environment descriptor '/home/jlurobovision/eng_ws/install/serial/share/serial/hook/ld_library_path_lib.dsv'
[1.645s] INFO:colcon.colcon_core.shell:Creating environment hook '/home/jlurobovision/eng_ws/install/serial/share/serial/hook/ld_library_path_lib.sh'
[1.646s] Level 1:colcon.colcon_core.environment:checking '/home/jlurobovision/eng_ws/install/serial/bin'
[1.646s] Level 1:colcon.colcon_core.environment:checking '/home/jlurobovision/eng_ws/install/serial/lib/pkgconfig/serial.pc'
[1.646s] Level 1:colcon.colcon_core.environment:checking '/home/jlurobovision/eng_ws/install/serial/lib/python3.10/site-packages'
[1.647s] Level 1:colcon.colcon_core.environment:checking '/home/jlurobovision/eng_ws/install/serial/bin'
[1.647s] INFO:colcon.colcon_core.shell:Creating package script '/home/jlurobovision/eng_ws/install/serial/share/serial/package.ps1'
[1.648s] INFO:colcon.colcon_core.shell:Creating package descriptor '/home/jlurobovision/eng_ws/install/serial/share/serial/package.dsv'
[1.648s] INFO:colcon.colcon_core.shell:Creating package script '/home/jlurobovision/eng_ws/install/serial/share/serial/package.sh'
[1.649s] INFO:colcon.colcon_core.shell:Creating package script '/home/jlurobovision/eng_ws/install/serial/share/serial/package.bash'
[1.649s] INFO:colcon.colcon_core.shell:Creating package script '/home/jlurobovision/eng_ws/install/serial/share/serial/package.zsh'
[1.649s] Level 1:colcon.colcon_core.environment:create_file_with_runtime_dependencies(/home/jlurobovision/eng_ws/install/serial/share/colcon-core/packages/serial)
[1.676s] Level 1:colcon.colcon_core.environment:create_environment_scripts_only(serial)
[1.676s] Level 1:colcon.colcon_core.environment:checking '/home/jlurobovision/eng_ws/install/serial' for CMake module files
[1.676s] Level 1:colcon.colcon_core.environment:checking '/home/jlurobovision/eng_ws/install/serial' for CMake config files
[1.677s] Level 1:colcon.colcon_core.shell:create_environment_hook('serial', 'cmake_prefix_path')
[1.677s] INFO:colcon.colcon_core.shell:Creating environment hook '/home/jlurobovision/eng_ws/install/serial/share/serial/hook/cmake_prefix_path.ps1'
[1.677s] INFO:colcon.colcon_core.shell:Creating environment descriptor '/home/jlurobovision/eng_ws/install/serial/share/serial/hook/cmake_prefix_path.dsv'
[1.678s] INFO:colcon.colcon_core.shell:Creating environment hook '/home/jlurobovision/eng_ws/install/serial/share/serial/hook/cmake_prefix_path.sh'
[1.678s] Level 1:colcon.colcon_core.environment:checking '/home/jlurobovision/eng_ws/install/serial/lib'
[1.678s] Level 1:colcon.colcon_core.shell:create_environment_hook('serial', 'ld_library_path_lib')
[1.679s] INFO:colcon.colcon_core.shell:Creating environment hook '/home/jlurobovision/eng_ws/install/serial/share/serial/hook/ld_library_path_lib.ps1'
[1.679s] INFO:colcon.colcon_core.shell:Creating environment descriptor '/home/jlurobovision/eng_ws/install/serial/share/serial/hook/ld_library_path_lib.dsv'
[1.679s] INFO:colcon.colcon_core.shell:Creating environment hook '/home/jlurobovision/eng_ws/install/serial/share/serial/hook/ld_library_path_lib.sh'
[1.679s] Level 1:colcon.colcon_core.environment:checking '/home/jlurobovision/eng_ws/install/serial/bin'
[1.680s] Level 1:colcon.colcon_core.environment:checking '/home/jlurobovision/eng_ws/install/serial/lib/pkgconfig/serial.pc'
[1.680s] Level 1:colcon.colcon_core.environment:checking '/home/jlurobovision/eng_ws/install/serial/lib/python3.10/site-packages'
[1.680s] Level 1:colcon.colcon_core.environment:checking '/home/jlurobovision/eng_ws/install/serial/bin'
[1.680s] INFO:colcon.colcon_core.shell:Creating package script '/home/jlurobovision/eng_ws/install/serial/share/serial/package.ps1'
[1.681s] INFO:colcon.colcon_core.shell:Creating package descriptor '/home/jlurobovision/eng_ws/install/serial/share/serial/package.dsv'
[1.681s] INFO:colcon.colcon_core.shell:Creating package script '/home/jlurobovision/eng_ws/install/serial/share/serial/package.sh'
[1.682s] INFO:colcon.colcon_core.shell:Creating package script '/home/jlurobovision/eng_ws/install/serial/share/serial/package.bash'
[1.682s] INFO:colcon.colcon_core.shell:Creating package script '/home/jlurobovision/eng_ws/install/serial/share/serial/package.zsh'
[1.682s] Level 1:colcon.colcon_core.environment:create_file_with_runtime_dependencies(/home/jlurobovision/eng_ws/install/serial/share/colcon-core/packages/serial)
[1.683s] INFO:colcon.colcon_ros.task.ament_cmake.build:Building ROS package in '/home/jlurobovision/eng_ws/src/exchangestation_detector' with build type 'ament_cmake'
[1.683s] INFO:colcon.colcon_cmake.task.cmake.build:Building CMake package in '/home/jlurobovision/eng_ws/src/exchangestation_detector'
[1.683s] INFO:colcon.colcon_core.shell:Skip shell extension 'powershell' for command environment: Not usable outside of PowerShell
[1.683s] DEBUG:colcon.colcon_core.shell:Skip shell extension 'dsv' for command environment
[1.692s] DEBUG:colcon.colcon_core.event_handler.log_command:Invoking command in '/home/jlurobovision/eng_ws/build/exchangestation_detector': CMAKE_PREFIX_PATH=/home/jlurobovision/eng_ws/install/serial:/home/jlurobovision/eng_ws/install/msg_interfaces:/home/jlurobovision/eng_ws/install/exchangestation_detector:/home/jlurobovision/eng_ws/install/hik_camera:/home/jlurobovision/eng_ws/install/global_launch:/home/jlurobovision/eng_ws/install/galaxy_camera:/opt/ros/humble LD_LIBRARY_PATH=/home/jlurobovision/eng_ws/install/serial/lib:/home/jlurobovision/eng_ws/install/msg_interfaces/lib:/home/jlurobovision/eng_ws/install/exchangestation_detector/lib:/home/jlurobovision/eng_ws/install/hik_camera/lib:/home/jlurobovision/eng_ws/install/galaxy_camera/lib:/opt/ros/humble/opt/rviz_ogre_vendor/lib:/opt/ros/humble/lib/x86_64-linux-gnu:/opt/ros/humble/lib PYTHONPATH=/home/jlurobovision/eng_ws/install/msg_interfaces/lib/python3.10/site-packages:/home/jlurobovision/eng_ws/install/msg_interfaces/local/lib/python3.10/dist-packages:/opt/ros/humble/lib/python3.10/site-packages:/opt/ros/humble/local/lib/python3.10/dist-packages /usr/bin/cmake --build /home/jlurobovision/eng_ws/build/exchangestation_detector -- -j12 -l12
[5.151s] DEBUG:colcon.colcon_core.event_handler.log_command:Invoked command in '/home/jlurobovision/eng_ws/build/exchangestation_detector' returned '0': CMAKE_PREFIX_PATH=/home/jlurobovision/eng_ws/install/serial:/home/jlurobovision/eng_ws/install/msg_interfaces:/home/jlurobovision/eng_ws/install/exchangestation_detector:/home/jlurobovision/eng_ws/install/hik_camera:/home/jlurobovision/eng_ws/install/global_launch:/home/jlurobovision/eng_ws/install/galaxy_camera:/opt/ros/humble LD_LIBRARY_PATH=/home/jlurobovision/eng_ws/install/serial/lib:/home/jlurobovision/eng_ws/install/msg_interfaces/lib:/home/jlurobovision/eng_ws/install/exchangestation_detector/lib:/home/jlurobovision/eng_ws/install/hik_camera/lib:/home/jlurobovision/eng_ws/install/galaxy_camera/lib:/opt/ros/humble/opt/rviz_ogre_vendor/lib:/opt/ros/humble/lib/x86_64-linux-gnu:/opt/ros/humble/lib PYTHONPATH=/home/jlurobovision/eng_ws/install/msg_interfaces/lib/python3.10/site-packages:/home/jlurobovision/eng_ws/install/msg_interfaces/local/lib/python3.10/dist-packages:/opt/ros/humble/lib/python3.10/site-packages:/opt/ros/humble/local/lib/python3.10/dist-packages /usr/bin/cmake --build /home/jlurobovision/eng_ws/build/exchangestation_detector -- -j12 -l12
[5.186s] DEBUG:colcon.colcon_core.event_handler.log_command:Invoking command in '/home/jlurobovision/eng_ws/build/exchangestation_detector': CMAKE_PREFIX_PATH=/home/jlurobovision/eng_ws/install/serial:/home/jlurobovision/eng_ws/install/msg_interfaces:/home/jlurobovision/eng_ws/install/exchangestation_detector:/home/jlurobovision/eng_ws/install/hik_camera:/home/jlurobovision/eng_ws/install/global_launch:/home/jlurobovision/eng_ws/install/galaxy_camera:/opt/ros/humble LD_LIBRARY_PATH=/home/jlurobovision/eng_ws/install/serial/lib:/home/jlurobovision/eng_ws/install/msg_interfaces/lib:/home/jlurobovision/eng_ws/install/exchangestation_detector/lib:/home/jlurobovision/eng_ws/install/hik_camera/lib:/home/jlurobovision/eng_ws/install/galaxy_camera/lib:/opt/ros/humble/opt/rviz_ogre_vendor/lib:/opt/ros/humble/lib/x86_64-linux-gnu:/opt/ros/humble/lib PYTHONPATH=/home/jlurobovision/eng_ws/install/msg_interfaces/lib/python3.10/site-packages:/home/jlurobovision/eng_ws/install/msg_interfaces/local/lib/python3.10/dist-packages:/opt/ros/humble/lib/python3.10/site-packages:/opt/ros/humble/local/lib/python3.10/dist-packages /usr/bin/cmake --install /home/jlurobovision/eng_ws/build/exchangestation_detector
[5.213s] Level 1:colcon.colcon_core.environment:create_environment_scripts_only(exchangestation_detector)
[5.213s] Level 1:colcon.colcon_core.environment:checking '/home/jlurobovision/eng_ws/install/exchangestation_detector' for CMake module files
[5.214s] DEBUG:colcon.colcon_core.event_handler.log_command:Invoked command in '/home/jlurobovision/eng_ws/build/exchangestation_detector' returned '0': CMAKE_PREFIX_PATH=/home/jlurobovision/eng_ws/install/serial:/home/jlurobovision/eng_ws/install/msg_interfaces:/home/jlurobovision/eng_ws/install/exchangestation_detector:/home/jlurobovision/eng_ws/install/hik_camera:/home/jlurobovision/eng_ws/install/global_launch:/home/jlurobovision/eng_ws/install/galaxy_camera:/opt/ros/humble LD_LIBRARY_PATH=/home/jlurobovision/eng_ws/install/serial/lib:/home/jlurobovision/eng_ws/install/msg_interfaces/lib:/home/jlurobovision/eng_ws/install/exchangestation_detector/lib:/home/jlurobovision/eng_ws/install/hik_camera/lib:/home/jlurobovision/eng_ws/install/galaxy_camera/lib:/opt/ros/humble/opt/rviz_ogre_vendor/lib:/opt/ros/humble/lib/x86_64-linux-gnu:/opt/ros/humble/lib PYTHONPATH=/home/jlurobovision/eng_ws/install/msg_interfaces/lib/python3.10/site-packages:/home/jlurobovision/eng_ws/install/msg_interfaces/local/lib/python3.10/dist-packages:/opt/ros/humble/lib/python3.10/site-packages:/opt/ros/humble/local/lib/python3.10/dist-packages /usr/bin/cmake --install /home/jlurobovision/eng_ws/build/exchangestation_detector
[5.214s] Level 1:colcon.colcon_core.environment:checking '/home/jlurobovision/eng_ws/install/exchangestation_detector' for CMake config files
[5.214s] Level 1:colcon.colcon_core.shell:create_environment_hook('exchangestation_detector', 'cmake_prefix_path')
[5.215s] INFO:colcon.colcon_core.shell:Creating environment hook '/home/jlurobovision/eng_ws/install/exchangestation_detector/share/exchangestation_detector/hook/cmake_prefix_path.ps1'
[5.216s] INFO:colcon.colcon_core.shell:Creating environment descriptor '/home/jlurobovision/eng_ws/install/exchangestation_detector/share/exchangestation_detector/hook/cmake_prefix_path.dsv'
[5.216s] INFO:colcon.colcon_core.shell:Creating environment hook '/home/jlurobovision/eng_ws/install/exchangestation_detector/share/exchangestation_detector/hook/cmake_prefix_path.sh'
[5.217s] Level 1:colcon.colcon_core.environment:checking '/home/jlurobovision/eng_ws/install/exchangestation_detector/lib'
[5.217s] Level 1:colcon.colcon_core.shell:create_environment_hook('exchangestation_detector', 'ld_library_path_lib')
[5.217s] INFO:colcon.colcon_core.shell:Creating environment hook '/home/jlurobovision/eng_ws/install/exchangestation_detector/share/exchangestation_detector/hook/ld_library_path_lib.ps1'
[5.218s] INFO:colcon.colcon_core.shell:Creating environment descriptor '/home/jlurobovision/eng_ws/install/exchangestation_detector/share/exchangestation_detector/hook/ld_library_path_lib.dsv'
[5.218s] INFO:colcon.colcon_core.shell:Creating environment hook '/home/jlurobovision/eng_ws/install/exchangestation_detector/share/exchangestation_detector/hook/ld_library_path_lib.sh'
[5.218s] Level 1:colcon.colcon_core.environment:checking '/home/jlurobovision/eng_ws/install/exchangestation_detector/bin'
[5.218s] Level 1:colcon.colcon_core.environment:checking '/home/jlurobovision/eng_ws/install/exchangestation_detector/lib/pkgconfig/exchangestation_detector.pc'
[5.219s] Level 1:colcon.colcon_core.environment:checking '/home/jlurobovision/eng_ws/install/exchangestation_detector/lib/python3.10/site-packages'
[5.219s] Level 1:colcon.colcon_core.environment:checking '/home/jlurobovision/eng_ws/install/exchangestation_detector/bin'
[5.219s] INFO:colcon.colcon_core.shell:Creating package script '/home/jlurobovision/eng_ws/install/exchangestation_detector/share/exchangestation_detector/package.ps1'
[5.220s] INFO:colcon.colcon_core.shell:Creating package descriptor '/home/jlurobovision/eng_ws/install/exchangestation_detector/share/exchangestation_detector/package.dsv'
[5.220s] INFO:colcon.colcon_core.shell:Creating package script '/home/jlurobovision/eng_ws/install/exchangestation_detector/share/exchangestation_detector/package.sh'
[5.221s] INFO:colcon.colcon_core.shell:Creating package script '/home/jlurobovision/eng_ws/install/exchangestation_detector/share/exchangestation_detector/package.bash'
[5.221s] INFO:colcon.colcon_core.shell:Creating package script '/home/jlurobovision/eng_ws/install/exchangestation_detector/share/exchangestation_detector/package.zsh'
[5.221s] Level 1:colcon.colcon_core.environment:create_file_with_runtime_dependencies(/home/jlurobovision/eng_ws/install/exchangestation_detector/share/colcon-core/packages/exchangestation_detector)
[5.247s] Level 1:colcon.colcon_core.environment:create_environment_scripts_only(exchangestation_detector)
[5.247s] Level 1:colcon.colcon_core.environment:checking '/home/jlurobovision/eng_ws/install/exchangestation_detector' for CMake module files
[5.248s] Level 1:colcon.colcon_core.environment:checking '/home/jlurobovision/eng_ws/install/exchangestation_detector' for CMake config files
[5.248s] Level 1:colcon.colcon_core.shell:create_environment_hook('exchangestation_detector', 'cmake_prefix_path')
[5.248s] INFO:colcon.colcon_core.shell:Creating environment hook '/home/jlurobovision/eng_ws/install/exchangestation_detector/share/exchangestation_detector/hook/cmake_prefix_path.ps1'
[5.249s] INFO:colcon.colcon_core.shell:Creating environment descriptor '/home/jlurobovision/eng_ws/install/exchangestation_detector/share/exchangestation_detector/hook/cmake_prefix_path.dsv'
[5.249s] INFO:colcon.colcon_core.shell:Creating environment hook '/home/jlurobovision/eng_ws/install/exchangestation_detector/share/exchangestation_detector/hook/cmake_prefix_path.sh'
[5.250s] Level 1:colcon.colcon_core.environment:checking '/home/jlurobovision/eng_ws/install/exchangestation_detector/lib'
[5.250s] Level 1:colcon.colcon_core.shell:create_environment_hook('exchangestation_detector', 'ld_library_path_lib')
[5.250s] INFO:colcon.colcon_core.shell:Creating environment hook '/home/jlurobovision/eng_ws/install/exchangestation_detector/share/exchangestation_detector/hook/ld_library_path_lib.ps1'
[5.251s] INFO:colcon.colcon_core.shell:Creating environment descriptor '/home/jlurobovision/eng_ws/install/exchangestation_detector/share/exchangestation_detector/hook/ld_library_path_lib.dsv'
[5.251s] INFO:colcon.colcon_core.shell:Creating environment hook '/home/jlurobovision/eng_ws/install/exchangestation_detector/share/exchangestation_detector/hook/ld_library_path_lib.sh'
[5.251s] Level 1:colcon.colcon_core.environment:checking '/home/jlurobovision/eng_ws/install/exchangestation_detector/bin'
[5.251s] Level 1:colcon.colcon_core.environment:checking '/home/jlurobovision/eng_ws/install/exchangestation_detector/lib/pkgconfig/exchangestation_detector.pc'
[5.251s] Level 1:colcon.colcon_core.environment:checking '/home/jlurobovision/eng_ws/install/exchangestation_detector/lib/python3.10/site-packages'
[5.252s] Level 1:colcon.colcon_core.environment:checking '/home/jlurobovision/eng_ws/install/exchangestation_detector/bin'
[5.252s] INFO:colcon.colcon_core.shell:Creating package script '/home/jlurobovision/eng_ws/install/exchangestation_detector/share/exchangestation_detector/package.ps1'
[5.253s] INFO:colcon.colcon_core.shell:Creating package descriptor '/home/jlurobovision/eng_ws/install/exchangestation_detector/share/exchangestation_detector/package.dsv'
[5.253s] INFO:colcon.colcon_core.shell:Creating package script '/home/jlurobovision/eng_ws/install/exchangestation_detector/share/exchangestation_detector/package.sh'
[5.254s] INFO:colcon.colcon_core.shell:Creating package script '/home/jlurobovision/eng_ws/install/exchangestation_detector/share/exchangestation_detector/package.bash'
[5.254s] INFO:colcon.colcon_core.shell:Creating package script '/home/jlurobovision/eng_ws/install/exchangestation_detector/share/exchangestation_detector/package.zsh'
[5.254s] Level 1:colcon.colcon_core.environment:create_file_with_runtime_dependencies(/home/jlurobovision/eng_ws/install/exchangestation_detector/share/colcon-core/packages/exchangestation_detector)
[5.255s] DEBUG:colcon.colcon_parallel_executor.executor.parallel:closing loop
[5.255s] DEBUG:colcon.colcon_parallel_executor.executor.parallel:loop closed
[5.255s] DEBUG:colcon.colcon_parallel_executor.executor.parallel:run_until_complete finished with '0'
[5.255s] DEBUG:colcon.colcon_core.event_reactor:joining thread
[5.261s] INFO:colcon.colcon_core.plugin_system:Skipping extension 'colcon_notification.desktop_notification.terminal_notifier': Not used on non-Darwin systems
[5.261s] INFO:colcon.colcon_core.plugin_system:Skipping extension 'colcon_notification.desktop_notification.win32': Not used on non-Windows systems
[5.261s] INFO:colcon.colcon_notification.desktop_notification:Sending desktop notification using 'notify2'
[5.274s] DEBUG:colcon.colcon_core.event_reactor:joined thread
[5.274s] INFO:colcon.colcon_core.shell:Creating prefix script '/home/jlurobovision/eng_ws/install/local_setup.ps1'
[5.275s] INFO:colcon.colcon_core.shell:Creating prefix util module '/home/jlurobovision/eng_ws/install/_local_setup_util_ps1.py'
[5.276s] INFO:colcon.colcon_core.shell:Creating prefix chain script '/home/jlurobovision/eng_ws/install/setup.ps1'
[5.277s] INFO:colcon.colcon_core.shell:Creating prefix script '/home/jlurobovision/eng_ws/install/local_setup.sh'
[5.278s] INFO:colcon.colcon_core.shell:Creating prefix util module '/home/jlurobovision/eng_ws/install/_local_setup_util_sh.py'
[5.278s] INFO:colcon.colcon_core.shell:Creating prefix chain script '/home/jlurobovision/eng_ws/install/setup.sh'
[5.279s] INFO:colcon.colcon_core.shell:Creating prefix script '/home/jlurobovision/eng_ws/install/local_setup.bash'
[5.280s] INFO:colcon.colcon_core.shell:Creating prefix chain script '/home/jlurobovision/eng_ws/install/setup.bash'
[5.281s] INFO:colcon.colcon_core.shell:Creating prefix script '/home/jlurobovision/eng_ws/install/local_setup.zsh'
[5.282s] INFO:colcon.colcon_core.shell:Creating prefix chain script '/home/jlurobovision/eng_ws/install/setup.zsh'
