[0.071s] Invoking command in '/home/stardust/eng_ws/build/exchangestation_detector': CMAKE_PREFIX_PATH=${CMAKE_PREFIX_PATH}:/opt/ros/humble /usr/bin/cmake --build /home/stardust/eng_ws/build/exchangestation_detector -- -j8 -l8
[0.172s] [35m[1mConsolidate compiler generated dependencies of target exchangestation_detector[0m
[0.201s] [ 33%] [32mBuilding CXX object CMakeFiles/exchangestation_detector.dir/src/detector_node.cpp.o[0m
[2.892s] [01m[K/home/stardust/eng_ws/src/exchangestation_detector/src/detector_node.cpp:[m[K In member function ‘[01m[Kstd::unique_ptr<ExchangeStationDetector> exchangestation_detector_node::initDetector()[m[K’:
[2.892s] [01m[K/home/stardust/eng_ws/src/exchangestation_detector/src/detector_node.cpp:52:45:[m[K [01;31m[Kerror: [m[K‘[01m[KRED[m[K’ was not declared in this scope
[2.892s]    52 |     this->declare_parameter("detect_color", [01;31m[KRED[m[K, descriptor);
[2.893s]       |                                             [01;31m[K^~~[m[K
[2.893s] [01m[K/home/stardust/eng_ws/src/exchangestation_detector/src/detector_node.cpp:[m[K At global scope:
[2.893s] [01m[K/home/stardust/eng_ws/src/exchangestation_detector/src/detector_node.cpp:60:6:[m[K [01;31m[Kerror: [m[Kno declaration matches ‘[01m[Kvoid ExchangeStationDetector::imageCallback(const SharedPtr&)[m[K’
[2.893s]    60 | void [01;31m[KExchangeStationDetector[m[K::imageCallback(const sensor_msgs::msg::Image::SharedPtr & msg) {
[2.893s]       |      [01;31m[K^~~~~~~~~~~~~~~~~~~~~~~[m[K
[2.893s] [01m[K/home/stardust/eng_ws/src/exchangestation_detector/src/detector_node.cpp:60:6:[m[K [01;36m[Knote: [m[Kno functions named ‘[01m[Kvoid ExchangeStationDetector::imageCallback(const SharedPtr&)[m[K’
[2.893s] In file included from [01m[K/home/stardust/eng_ws/src/exchangestation_detector/include/exchangestation_detector/detector_node.hpp:12[m[K,
[2.893s]                  from [01m[K/home/stardust/eng_ws/src/exchangestation_detector/src/detector_node.cpp:14[m[K:
[2.893s] [01m[K/home/stardust/eng_ws/src/exchangestation_detector/include/exchangestation_detector/exchangestation_detector.hpp:19:7:[m[K [01;36m[Knote: [m[K‘[01m[Kclass ExchangeStationDetector[m[K’ defined here
[2.893s]    19 | class [01;36m[KExchangeStationDetector[m[K {
[2.893s]       |       [01;36m[K^~~~~~~~~~~~~~~~~~~~~~~[m[K
[6.610s] gmake[2]: *** [CMakeFiles/exchangestation_detector.dir/build.make:90：CMakeFiles/exchangestation_detector.dir/src/detector_node.cpp.o] 错误 1
[6.611s] gmake[1]: *** [CMakeFiles/Makefile2:137：CMakeFiles/exchangestation_detector.dir/all] 错误 2
[6.611s] gmake: *** [Makefile:146：all] 错误 2
[6.617s] Invoked command in '/home/stardust/eng_ws/build/exchangestation_detector' returned '2': CMAKE_PREFIX_PATH=${CMAKE_PREFIX_PATH}:/opt/ros/humble /usr/bin/cmake --build /home/stardust/eng_ws/build/exchangestation_detector -- -j8 -l8
