[35m[1mConsolidate compiler generated dependencies of target detector_node[0m
[35m[1mConsolidate compiler generated dependencies of target exchangestation_detector[0m
[ 40%] Built target detector_node
[ 60%] [32mBuilding CXX object CMakeFiles/exchangestation_detector.dir/src/exchangestation_detector.cpp.o[0m
[ 80%] [32m[1mLinking CXX shared library libexchangestation_detector.so[0m
[100%] Built target exchangestation_detector
-- Install configuration: ""
-- Execute custom install script
-- Symlinking: /home/jlurobovision/eng_ws/install/exchangestation_detector/lib/exchangestation_detector/detector_node
-- Symlinking: /home/jlurobovision/eng_ws/install/exchangestation_detector/share/exchangestation_detector/launch/detector_node.launch.py
-- Symlinking: /home/jlurobovision/eng_ws/install/exchangestation_detector/include/exchangestation_detector/detector_node.hpp
-- Symlinking: /home/jlurobovision/eng_ws/install/exchangestation_detector/include/exchangestation_detector/exchangestation_detector.hpp
-- Symlinking: /home/jlurobovision/eng_ws/install/exchangestation_detector/share/exchangestation_detector/environment/library_path.sh
-- Symlinking: /home/jlurobovision/eng_ws/install/exchangestation_detector/share/exchangestation_detector/environment/library_path.dsv
-- Symlinking: /home/jlurobovision/eng_ws/install/exchangestation_detector/lib/libexchangestation_detector.so
-- Symlinking: /home/jlurobovision/eng_ws/install/exchangestation_detector/share/ament_index/resource_index/package_run_dependencies/exchangestation_detector
-- Symlinking: /home/jlurobovision/eng_ws/install/exchangestation_detector/share/ament_index/resource_index/parent_prefix_path/exchangestation_detector
-- Symlinking: /home/jlurobovision/eng_ws/install/exchangestation_detector/share/exchangestation_detector/environment/ament_prefix_path.sh
-- Symlinking: /home/jlurobovision/eng_ws/install/exchangestation_detector/share/exchangestation_detector/environment/ament_prefix_path.dsv
-- Symlinking: /home/jlurobovision/eng_ws/install/exchangestation_detector/share/exchangestation_detector/environment/path.sh
-- Symlinking: /home/jlurobovision/eng_ws/install/exchangestation_detector/share/exchangestation_detector/environment/path.dsv
-- Symlinking: /home/jlurobovision/eng_ws/install/exchangestation_detector/share/exchangestation_detector/local_setup.bash
-- Symlinking: /home/jlurobovision/eng_ws/install/exchangestation_detector/share/exchangestation_detector/local_setup.sh
-- Symlinking: /home/jlurobovision/eng_ws/install/exchangestation_detector/share/exchangestation_detector/local_setup.zsh
-- Symlinking: /home/jlurobovision/eng_ws/install/exchangestation_detector/share/exchangestation_detector/local_setup.dsv
-- Symlinking: /home/jlurobovision/eng_ws/install/exchangestation_detector/share/exchangestation_detector/package.dsv
-- Symlinking: /home/jlurobovision/eng_ws/install/exchangestation_detector/share/ament_index/resource_index/packages/exchangestation_detector
-- Symlinking: /home/jlurobovision/eng_ws/install/exchangestation_detector/share/ament_index/resource_index/rclcpp_components/exchangestation_detector
-- Symlinking: /home/jlurobovision/eng_ws/install/exchangestation_detector/share/exchangestation_detector/cmake/ament_cmake_export_dependencies-extras.cmake
-- Symlinking: /home/jlurobovision/eng_ws/install/exchangestation_detector/share/exchangestation_detector/cmake/ament_cmake_export_include_directories-extras.cmake
-- Symlinking: /home/jlurobovision/eng_ws/install/exchangestation_detector/share/exchangestation_detector/cmake/ament_cmake_export_libraries-extras.cmake
-- Symlinking: /home/jlurobovision/eng_ws/install/exchangestation_detector/share/exchangestation_detector/cmake/exchangestation_detectorConfig.cmake
-- Symlinking: /home/jlurobovision/eng_ws/install/exchangestation_detector/share/exchangestation_detector/cmake/exchangestation_detectorConfig-version.cmake
-- Symlinking: /home/jlurobovision/eng_ws/install/exchangestation_detector/share/exchangestation_detector/package.xml
