[0.014s] Invoking command in '/home/jlurobovision/eng_ws/build/camera_calibration': CMAKE_PREFIX_PATH=/opt/ros/humble /usr/bin/cmake --build /home/jlurobovision/eng_ws/build/camera_calibration -- -j12 -l12
[0.195s] [35m[1mConsolidate compiler generated dependencies of target camera_calibration[0m
[0.270s] [ 50%] [32mBuilding CXX object CMakeFiles/camera_calibration.dir/src/camera_calibration.cpp.o[0m
[7.746s] In file included from [01m[K/opt/ros/humble/include/rclcpp/rclcpp/logging.hpp:24[m[K,
[7.746s]                  from [01m[K/opt/ros/humble/include/rclcpp/rclcpp/client.hpp:40[m[K,
[7.746s]                  from [01m[K/opt/ros/humble/include/rclcpp/rclcpp/callback_group.hpp:24[m[K,
[7.746s]                  from [01m[K/opt/ros/humble/include/rclcpp/rclcpp/any_executable.hpp:20[m[K,
[7.746s]                  from [01m[K/opt/ros/humble/include/rclcpp/rclcpp/memory_strategy.hpp:25[m[K,
[7.746s]                  from [01m[K/opt/ros/humble/include/rclcpp/rclcpp/memory_strategies.hpp:18[m[K,
[7.746s]                  from [01m[K/opt/ros/humble/include/rclcpp/rclcpp/executor_options.hpp:20[m[K,
[7.746s]                  from [01m[K/opt/ros/humble/include/rclcpp/rclcpp/executor.hpp:37[m[K,
[7.746s]                  from [01m[K/opt/ros/humble/include/rclcpp/rclcpp/executors/multi_threaded_executor.hpp:25[m[K,
[7.746s]                  from [01m[K/opt/ros/humble/include/rclcpp/rclcpp/executors.hpp:21[m[K,
[7.746s]                  from [01m[K/opt/ros/humble/include/rclcpp/rclcpp/rclcpp.hpp:155[m[K,
[7.746s]                  from [01m[K/home/jlurobovision/eng_ws/src/camera_calibration/src/camera_calibration.cpp:2[m[K:
[7.747s] [01m[K/home/jlurobovision/eng_ws/src/camera_calibration/src/camera_calibration.cpp:[m[K In lambda function:
[7.747s] [01m[K/home/jlurobovision/eng_ws/src/camera_calibration/src/camera_calibration.cpp:48:26:[m[K [01;31m[Kerror: [m[K‘[01m[Knode[m[K’ is not captured
[7.747s]    48 |             RCLCPP_ERROR([01;31m[Knode[m[K->get_logger(), "cv_bridge exception: %s", e.what());
[7.747s]       |                          [01;31m[K^~~~[m[K
[7.747s] [01m[K/home/jlurobovision/eng_ws/src/camera_calibration/src/camera_calibration.cpp:40:68:[m[K [01;36m[Knote: [m[Kthe lambda has no capture-default
[7.747s]    40 |     auto sub = node->create_subscription<Image>("/image_raw", 10, [[01;36m[K][m[K(const Image::SharedPtr msg) {
[7.747s]       |                                                                    [01;36m[K^[m[K
[7.747s] [01m[K/home/jlurobovision/eng_ws/src/camera_calibration/src/camera_calibration.cpp:39:29:[m[K [01;36m[Knote: [m[K‘[01m[Krclcpp::Node::SharedPtr node[m[K’ declared here
[7.747s]    39 |     rclcpp::Node::SharedPtr [01;36m[Knode[m[K = make_shared<rclcpp::Node>("camera_calibration");
[7.747s]       |                             [01;36m[K^~~~[m[K
[7.747s] In file included from [01m[K/opt/ros/humble/include/rclcpp/rclcpp/logging.hpp:24[m[K,
[7.747s]                  from [01m[K/opt/ros/humble/include/rclcpp/rclcpp/client.hpp:40[m[K,
[7.747s]                  from [01m[K/opt/ros/humble/include/rclcpp/rclcpp/callback_group.hpp:24[m[K,
[7.747s]                  from [01m[K/opt/ros/humble/include/rclcpp/rclcpp/any_executable.hpp:20[m[K,
[7.747s]                  from [01m[K/opt/ros/humble/include/rclcpp/rclcpp/memory_strategy.hpp:25[m[K,
[7.748s]                  from [01m[K/opt/ros/humble/include/rclcpp/rclcpp/memory_strategies.hpp:18[m[K,
[7.748s]                  from [01m[K/opt/ros/humble/include/rclcpp/rclcpp/executor_options.hpp:20[m[K,
[7.748s]                  from [01m[K/opt/ros/humble/include/rclcpp/rclcpp/executor.hpp:37[m[K,
[7.748s]                  from [01m[K/opt/ros/humble/include/rclcpp/rclcpp/executors/multi_threaded_executor.hpp:25[m[K,
[7.748s]                  from [01m[K/opt/ros/humble/include/rclcpp/rclcpp/executors.hpp:21[m[K,
[7.748s]                  from [01m[K/opt/ros/humble/include/rclcpp/rclcpp/rclcpp.hpp:155[m[K,
[7.748s]                  from [01m[K/home/jlurobovision/eng_ws/src/camera_calibration/src/camera_calibration.cpp:2[m[K:
[7.748s] [01m[K/home/jlurobovision/eng_ws/src/camera_calibration/src/camera_calibration.cpp:48:26:[m[K [01;31m[Kerror: [m[K‘[01m[Knode[m[K’ is not captured
[7.748s]    48 |             RCLCPP_ERROR([01;31m[Knode[m[K->get_logger(), "cv_bridge exception: %s", e.what());
[7.748s]       |                          [01;31m[K^~~~[m[K
[7.748s] [01m[K/home/jlurobovision/eng_ws/src/camera_calibration/src/camera_calibration.cpp:40:68:[m[K [01;36m[Knote: [m[Kthe lambda has no capture-default
[7.749s]    40 |     auto sub = node->create_subscription<Image>("/image_raw", 10, [[01;36m[K][m[K(const Image::SharedPtr msg) {
[7.749s]       |                                                                    [01;36m[K^[m[K
[7.749s] [01m[K/home/jlurobovision/eng_ws/src/camera_calibration/src/camera_calibration.cpp:39:29:[m[K [01;36m[Knote: [m[K‘[01m[Krclcpp::Node::SharedPtr node[m[K’ declared here
[7.749s]    39 |     rclcpp::Node::SharedPtr [01;36m[Knode[m[K = make_shared<rclcpp::Node>("camera_calibration");
[7.749s]       |                             [01;36m[K^~~~[m[K
[13.601s] gmake[2]: *** [CMakeFiles/camera_calibration.dir/build.make:76：CMakeFiles/camera_calibration.dir/src/camera_calibration.cpp.o] 错误 1
[13.602s] gmake[1]: *** [CMakeFiles/Makefile2:137：CMakeFiles/camera_calibration.dir/all] 错误 2
[13.602s] gmake: *** [Makefile:146：all] 错误 2
[13.611s] Invoked command in '/home/jlurobovision/eng_ws/build/camera_calibration' returned '2': CMAKE_PREFIX_PATH=/opt/ros/humble /usr/bin/cmake --build /home/jlurobovision/eng_ws/build/camera_calibration -- -j12 -l12
