[0.082s] Invoking command in '/home/stardust/eng_ws/build/exchangestation_detector': CMAKE_PREFIX_PATH=${CMAKE_PREFIX_PATH}:/opt/ros/humble /usr/bin/cmake --build /home/stardust/eng_ws/build/exchangestation_detector -- -j8 -l8
[0.138s] -- Found ament_cmake: 1.3.7 (/opt/ros/humble/share/ament_cmake/cmake)
[0.342s] -- Found ament_cmake_auto: 1.3.7 (/opt/ros/humble/share/ament_cmake_auto/cmake)
[0.345s] -- Found image_transport: 3.1.8 (/opt/ros/humble/share/image_transport/cmake)
[0.394s] -- Found rosidl_generator_c: 3.1.5 (/opt/ros/humble/share/rosidl_generator_c/cmake)
[0.397s] -- Found rosidl_adapter: 3.1.5 (/opt/ros/humble/share/rosidl_adapter/cmake)
[0.405s] -- Found rosidl_generator_cpp: 3.1.5 (/opt/ros/humble/share/rosidl_generator_cpp/cmake)
[0.421s] -- Using all available rosidl_typesupport_c: rosidl_typesupport_fastrtps_c;rosidl_typesupport_introspection_c
[0.439s] -- Using all available rosidl_typesupport_cpp: rosidl_typesupport_fastrtps_cpp;rosidl_typesupport_introspection_cpp
[0.500s] -- Found rmw_implementation_cmake: 6.1.1 (/opt/ros/humble/share/rmw_implementation_cmake/cmake)
[0.503s] -- Found rmw_fastrtps_cpp: 6.2.6 (/opt/ros/humble/share/rmw_fastrtps_cpp/cmake)
[0.639s] -- Using RMW implementation 'rmw_fastrtps_cpp' as default
[0.946s] -- Found cv_bridge: 3.2.1 (/opt/ros/humble/share/cv_bridge/cmake)
[0.953s] -- Found serial: 0.0.0 (/home/stardust/eng_ws/install/serial/share/serial/cmake)
[0.965s] [31mCMake Error at CMakeLists.txt:18 (find_package):
[0.965s]   By not providing "Findmsg_interfaces.cmake" in CMAKE_MODULE_PATH this
[0.965s]   project has asked CMake to find a package configuration file provided by
[0.965s]   "msg_interfaces", but CMake did not find one.
[0.965s] 
[0.965s]   Could not find a package configuration file provided by "msg_interfaces"
[0.965s]   with any of the following names:
[0.965s] 
[0.965s]     msg_interfacesConfig.cmake
[0.965s]     msg_interfaces-config.cmake
[0.966s] 
[0.966s]   Add the installation prefix of "msg_interfaces" to CMAKE_PREFIX_PATH or set
[0.966s]   "msg_interfaces_DIR" to a directory containing one of the above files.  If
[0.966s]   "msg_interfaces" provides a separate development package or SDK, be sure it
[0.966s]   has been installed.
[0.966s] 
[0.966s] [0m
[0.966s] -- Configuring incomplete, errors occurred!
[0.966s] See also "/home/stardust/eng_ws/build/exchangestation_detector/CMakeFiles/CMakeOutput.log".
[0.973s] gmake: *** [Makefile:294：cmake_check_build_system] 错误 1
[0.976s] Invoked command in '/home/stardust/eng_ws/build/exchangestation_detector' returned '2': CMAKE_PREFIX_PATH=${CMAKE_PREFIX_PATH}:/opt/ros/humble /usr/bin/cmake --build /home/stardust/eng_ws/build/exchangestation_detector -- -j8 -l8
