[0.926s] DEBUG:colcon:Command line arguments: ['/usr/bin/colcon', 'build']
[0.926s] DEBUG:colcon:Parsed command line arguments: Namespace(log_base=None, log_level=None, verb_name='build', build_base='build', install_base='install', merge_install=False, symlink_install=False, test_result_base=None, continue_on_error=False, executor='parallel', parallel_workers=8, event_handlers=None, ignore_user_meta=False, metas=['./colcon.meta'], base_paths=['.'], packages_ignore=None, packages_ignore_regex=None, paths=None, packages_up_to=None, packages_up_to_regex=None, packages_above=None, packages_above_and_dependencies=None, packages_above_depth=None, packages_select_by_dep=None, packages_skip_by_dep=None, packages_skip_up_to=None, packages_select_build_failed=False, packages_skip_build_finished=False, packages_select_test_failures=False, packages_skip_test_passed=False, packages_select=None, packages_skip=None, packages_select_regex=None, packages_skip_regex=None, packages_start=None, packages_end=None, allow_overriding=[], cmake_args=None, cmake_target=None, cmake_target_skip_unavailable=False, cmake_clean_cache=False, cmake_clean_first=False, cmake_force_configure=False, ament_cmake_args=None, catkin_cmake_args=None, catkin_skip_building_tests=False, verb_parser=<colcon_defaults.argument_parser.defaults.DefaultArgumentsDecorator object at 0x7fcc0bd48940>, verb_extension=<colcon_core.verb.build.BuildVerb object at 0x7fcc0bd48f10>, main=<bound method BuildVerb.main of <colcon_core.verb.build.BuildVerb object at 0x7fcc0bd48f10>>)
[0.981s] Level 1:colcon.colcon_core.package_discovery:discover_packages(colcon_meta) check parameters
[0.981s] Level 1:colcon.colcon_core.package_discovery:discover_packages(recursive) check parameters
[0.981s] Level 1:colcon.colcon_core.package_discovery:discover_packages(ignore) check parameters
[0.981s] Level 1:colcon.colcon_core.package_discovery:discover_packages(path) check parameters
[0.981s] Level 1:colcon.colcon_core.package_discovery:discover_packages(colcon_meta) discover
[0.981s] Level 1:colcon.colcon_core.package_discovery:discover_packages(recursive) discover
[0.982s] INFO:colcon.colcon_core.package_discovery:Crawling recursively for packages in '/home/stardust/eng_ws'
[0.982s] Level 1:colcon.colcon_core.package_identification:_identify(.) by extensions ['ignore', 'ignore_ament_install']
[0.982s] Level 1:colcon.colcon_core.package_identification:_identify(.) by extension 'ignore'
[0.982s] Level 1:colcon.colcon_core.package_identification:_identify(.) by extension 'ignore_ament_install'
[0.982s] Level 1:colcon.colcon_core.package_identification:_identify(.) by extensions ['colcon_pkg']
[0.982s] Level 1:colcon.colcon_core.package_identification:_identify(.) by extension 'colcon_pkg'
[0.982s] Level 1:colcon.colcon_core.package_identification:_identify(.) by extensions ['colcon_meta']
[0.982s] Level 1:colcon.colcon_core.package_identification:_identify(.) by extension 'colcon_meta'
[0.982s] Level 1:colcon.colcon_core.package_identification:_identify(.) by extensions ['ros']
[0.982s] Level 1:colcon.colcon_core.package_identification:_identify(.) by extension 'ros'
[0.994s] Level 1:colcon.colcon_core.package_identification:_identify(.) by extensions ['cmake', 'python']
[0.994s] Level 1:colcon.colcon_core.package_identification:_identify(.) by extension 'cmake'
[0.994s] Level 1:colcon.colcon_core.package_identification:_identify(.) by extension 'python'
[0.995s] Level 1:colcon.colcon_core.package_identification:_identify(.) by extensions ['python_setup_py']
[0.995s] Level 1:colcon.colcon_core.package_identification:_identify(.) by extension 'python_setup_py'
[0.995s] Level 1:colcon.colcon_core.package_identification:_identify(build) by extensions ['ignore', 'ignore_ament_install']
[0.995s] Level 1:colcon.colcon_core.package_identification:_identify(build) by extension 'ignore'
[0.995s] Level 1:colcon.colcon_core.package_identification:_identify(build) ignored
[0.995s] Level 1:colcon.colcon_core.package_identification:_identify(install) by extensions ['ignore', 'ignore_ament_install']
[0.995s] Level 1:colcon.colcon_core.package_identification:_identify(install) by extension 'ignore'
[0.995s] Level 1:colcon.colcon_core.package_identification:_identify(install) ignored
[0.995s] Level 1:colcon.colcon_core.package_identification:_identify(log) by extensions ['ignore', 'ignore_ament_install']
[0.996s] Level 1:colcon.colcon_core.package_identification:_identify(log) by extension 'ignore'
[0.996s] Level 1:colcon.colcon_core.package_identification:_identify(log) ignored
[0.996s] Level 1:colcon.colcon_core.package_identification:_identify(src) by extensions ['ignore', 'ignore_ament_install']
[0.996s] Level 1:colcon.colcon_core.package_identification:_identify(src) by extension 'ignore'
[0.996s] Level 1:colcon.colcon_core.package_identification:_identify(src) by extension 'ignore_ament_install'
[0.996s] Level 1:colcon.colcon_core.package_identification:_identify(src) by extensions ['colcon_pkg']
[0.996s] Level 1:colcon.colcon_core.package_identification:_identify(src) by extension 'colcon_pkg'
[0.996s] Level 1:colcon.colcon_core.package_identification:_identify(src) by extensions ['colcon_meta']
[0.996s] Level 1:colcon.colcon_core.package_identification:_identify(src) by extension 'colcon_meta'
[0.996s] Level 1:colcon.colcon_core.package_identification:_identify(src) by extensions ['ros']
[0.996s] Level 1:colcon.colcon_core.package_identification:_identify(src) by extension 'ros'
[0.996s] Level 1:colcon.colcon_core.package_identification:_identify(src) by extensions ['cmake', 'python']
[0.996s] Level 1:colcon.colcon_core.package_identification:_identify(src) by extension 'cmake'
[0.996s] Level 1:colcon.colcon_core.package_identification:_identify(src) by extension 'python'
[0.996s] Level 1:colcon.colcon_core.package_identification:_identify(src) by extensions ['python_setup_py']
[0.996s] Level 1:colcon.colcon_core.package_identification:_identify(src) by extension 'python_setup_py'
[0.996s] Level 1:colcon.colcon_core.package_identification:_identify(src/exchangestation_detector) by extensions ['ignore', 'ignore_ament_install']
[0.996s] Level 1:colcon.colcon_core.package_identification:_identify(src/exchangestation_detector) by extension 'ignore'
[0.997s] Level 1:colcon.colcon_core.package_identification:_identify(src/exchangestation_detector) by extension 'ignore_ament_install'
[0.997s] Level 1:colcon.colcon_core.package_identification:_identify(src/exchangestation_detector) by extensions ['colcon_pkg']
[0.997s] Level 1:colcon.colcon_core.package_identification:_identify(src/exchangestation_detector) by extension 'colcon_pkg'
[0.997s] Level 1:colcon.colcon_core.package_identification:_identify(src/exchangestation_detector) by extensions ['colcon_meta']
[0.997s] Level 1:colcon.colcon_core.package_identification:_identify(src/exchangestation_detector) by extension 'colcon_meta'
[0.997s] Level 1:colcon.colcon_core.package_identification:_identify(src/exchangestation_detector) by extensions ['ros']
[0.997s] Level 1:colcon.colcon_core.package_identification:_identify(src/exchangestation_detector) by extension 'ros'
[0.999s] DEBUG:colcon.colcon_core.package_identification:Package 'src/exchangestation_detector' with type 'ros.ament_cmake' and name 'exchangestation_detector'
[1.000s] Level 1:colcon.colcon_core.package_identification:_identify(src/hik_camera) by extensions ['ignore', 'ignore_ament_install']
[1.000s] Level 1:colcon.colcon_core.package_identification:_identify(src/hik_camera) by extension 'ignore'
[1.000s] Level 1:colcon.colcon_core.package_identification:_identify(src/hik_camera) by extension 'ignore_ament_install'
[1.000s] Level 1:colcon.colcon_core.package_identification:_identify(src/hik_camera) by extensions ['colcon_pkg']
[1.000s] Level 1:colcon.colcon_core.package_identification:_identify(src/hik_camera) by extension 'colcon_pkg'
[1.000s] Level 1:colcon.colcon_core.package_identification:_identify(src/hik_camera) by extensions ['colcon_meta']
[1.000s] Level 1:colcon.colcon_core.package_identification:_identify(src/hik_camera) by extension 'colcon_meta'
[1.000s] Level 1:colcon.colcon_core.package_identification:_identify(src/hik_camera) by extensions ['ros']
[1.000s] Level 1:colcon.colcon_core.package_identification:_identify(src/hik_camera) by extension 'ros'
[1.001s] DEBUG:colcon.colcon_core.package_identification:Package 'src/hik_camera' with type 'ros.ament_cmake' and name 'hik_camera'
[1.001s] Level 1:colcon.colcon_core.package_identification:_identify(src/msg_interfaces) by extensions ['ignore', 'ignore_ament_install']
[1.002s] Level 1:colcon.colcon_core.package_identification:_identify(src/msg_interfaces) by extension 'ignore'
[1.002s] Level 1:colcon.colcon_core.package_identification:_identify(src/msg_interfaces) by extension 'ignore_ament_install'
[1.002s] Level 1:colcon.colcon_core.package_identification:_identify(src/msg_interfaces) by extensions ['colcon_pkg']
[1.002s] Level 1:colcon.colcon_core.package_identification:_identify(src/msg_interfaces) by extension 'colcon_pkg'
[1.002s] Level 1:colcon.colcon_core.package_identification:_identify(src/msg_interfaces) by extensions ['colcon_meta']
[1.002s] Level 1:colcon.colcon_core.package_identification:_identify(src/msg_interfaces) by extension 'colcon_meta'
[1.002s] Level 1:colcon.colcon_core.package_identification:_identify(src/msg_interfaces) by extensions ['ros']
[1.002s] Level 1:colcon.colcon_core.package_identification:_identify(src/msg_interfaces) by extension 'ros'
[1.002s] DEBUG:colcon.colcon_core.package_identification:Package 'src/msg_interfaces' with type 'ros.ament_cmake' and name 'msg_interfaces'
[1.002s] Level 1:colcon.colcon_core.package_identification:_identify(src/serial) by extensions ['ignore', 'ignore_ament_install']
[1.002s] Level 1:colcon.colcon_core.package_identification:_identify(src/serial) by extension 'ignore'
[1.003s] Level 1:colcon.colcon_core.package_identification:_identify(src/serial) by extension 'ignore_ament_install'
[1.003s] Level 1:colcon.colcon_core.package_identification:_identify(src/serial) by extensions ['colcon_pkg']
[1.003s] Level 1:colcon.colcon_core.package_identification:_identify(src/serial) by extension 'colcon_pkg'
[1.003s] Level 1:colcon.colcon_core.package_identification:_identify(src/serial) by extensions ['colcon_meta']
[1.003s] Level 1:colcon.colcon_core.package_identification:_identify(src/serial) by extension 'colcon_meta'
[1.003s] Level 1:colcon.colcon_core.package_identification:_identify(src/serial) by extensions ['ros']
[1.003s] Level 1:colcon.colcon_core.package_identification:_identify(src/serial) by extension 'ros'
[1.003s] DEBUG:colcon.colcon_core.package_identification:Package 'src/serial' with type 'ros.ament_cmake' and name 'serial'
[1.003s] Level 1:colcon.colcon_core.package_discovery:discover_packages(recursive) using defaults
[1.003s] Level 1:colcon.colcon_core.package_discovery:discover_packages(ignore) discover
[1.003s] Level 1:colcon.colcon_core.package_discovery:discover_packages(ignore) using defaults
[1.003s] Level 1:colcon.colcon_core.package_discovery:discover_packages(path) discover
[1.004s] Level 1:colcon.colcon_core.package_discovery:discover_packages(path) using defaults
[1.093s] Level 1:colcon.colcon_core.package_discovery:discover_packages(prefix_path) check parameters
[1.093s] Level 1:colcon.colcon_core.package_discovery:discover_packages(prefix_path) discover
[1.126s] DEBUG:colcon.colcon_installed_package_information.package_discovery:Found 5 installed packages in /home/stardust/eng_ws/install
[1.144s] DEBUG:colcon.colcon_installed_package_information.package_discovery:Found 283 installed packages in /opt/ros/iron
[1.145s] Level 1:colcon.colcon_core.package_discovery:discover_packages(prefix_path) using defaults
[1.232s] Level 5:colcon.colcon_core.verb:set package 'exchangestation_detector' build argument 'cmake_args' from command line to 'None'
[1.232s] Level 5:colcon.colcon_core.verb:set package 'exchangestation_detector' build argument 'cmake_target' from command line to 'None'
[1.232s] Level 5:colcon.colcon_core.verb:set package 'exchangestation_detector' build argument 'cmake_target_skip_unavailable' from command line to 'False'
[1.232s] Level 5:colcon.colcon_core.verb:set package 'exchangestation_detector' build argument 'cmake_clean_cache' from command line to 'False'
[1.232s] Level 5:colcon.colcon_core.verb:set package 'exchangestation_detector' build argument 'cmake_clean_first' from command line to 'False'
[1.232s] Level 5:colcon.colcon_core.verb:set package 'exchangestation_detector' build argument 'cmake_force_configure' from command line to 'False'
[1.232s] Level 5:colcon.colcon_core.verb:set package 'exchangestation_detector' build argument 'ament_cmake_args' from command line to 'None'
[1.232s] Level 5:colcon.colcon_core.verb:set package 'exchangestation_detector' build argument 'catkin_cmake_args' from command line to 'None'
[1.232s] Level 5:colcon.colcon_core.verb:set package 'exchangestation_detector' build argument 'catkin_skip_building_tests' from command line to 'False'
[1.232s] DEBUG:colcon.colcon_core.verb:Building package 'exchangestation_detector' with the following arguments: {'ament_cmake_args': None, 'build_base': '/home/stardust/eng_ws/build/exchangestation_detector', 'catkin_cmake_args': None, 'catkin_skip_building_tests': False, 'cmake_args': None, 'cmake_clean_cache': False, 'cmake_clean_first': False, 'cmake_force_configure': False, 'cmake_target': None, 'cmake_target_skip_unavailable': False, 'install_base': '/home/stardust/eng_ws/install/exchangestation_detector', 'merge_install': False, 'path': '/home/stardust/eng_ws/src/exchangestation_detector', 'symlink_install': False, 'test_result_base': None}
[1.245s] Level 5:colcon.colcon_core.verb:set package 'hik_camera' build argument 'cmake_args' from command line to 'None'
[1.245s] Level 5:colcon.colcon_core.verb:set package 'hik_camera' build argument 'cmake_target' from command line to 'None'
[1.245s] Level 5:colcon.colcon_core.verb:set package 'hik_camera' build argument 'cmake_target_skip_unavailable' from command line to 'False'
[1.245s] Level 5:colcon.colcon_core.verb:set package 'hik_camera' build argument 'cmake_clean_cache' from command line to 'False'
[1.245s] Level 5:colcon.colcon_core.verb:set package 'hik_camera' build argument 'cmake_clean_first' from command line to 'False'
[1.245s] Level 5:colcon.colcon_core.verb:set package 'hik_camera' build argument 'cmake_force_configure' from command line to 'False'
[1.245s] Level 5:colcon.colcon_core.verb:set package 'hik_camera' build argument 'ament_cmake_args' from command line to 'None'
[1.245s] Level 5:colcon.colcon_core.verb:set package 'hik_camera' build argument 'catkin_cmake_args' from command line to 'None'
[1.245s] Level 5:colcon.colcon_core.verb:set package 'hik_camera' build argument 'catkin_skip_building_tests' from command line to 'False'
[1.245s] DEBUG:colcon.colcon_core.verb:Building package 'hik_camera' with the following arguments: {'ament_cmake_args': None, 'build_base': '/home/stardust/eng_ws/build/hik_camera', 'catkin_cmake_args': None, 'catkin_skip_building_tests': False, 'cmake_args': None, 'cmake_clean_cache': False, 'cmake_clean_first': False, 'cmake_force_configure': False, 'cmake_target': None, 'cmake_target_skip_unavailable': False, 'install_base': '/home/stardust/eng_ws/install/hik_camera', 'merge_install': False, 'path': '/home/stardust/eng_ws/src/hik_camera', 'symlink_install': False, 'test_result_base': None}
[1.258s] Level 5:colcon.colcon_core.verb:set package 'msg_interfaces' build argument 'cmake_args' from command line to 'None'
[1.258s] Level 5:colcon.colcon_core.verb:set package 'msg_interfaces' build argument 'cmake_target' from command line to 'None'
[1.258s] Level 5:colcon.colcon_core.verb:set package 'msg_interfaces' build argument 'cmake_target_skip_unavailable' from command line to 'False'
[1.258s] Level 5:colcon.colcon_core.verb:set package 'msg_interfaces' build argument 'cmake_clean_cache' from command line to 'False'
[1.258s] Level 5:colcon.colcon_core.verb:set package 'msg_interfaces' build argument 'cmake_clean_first' from command line to 'False'
[1.258s] Level 5:colcon.colcon_core.verb:set package 'msg_interfaces' build argument 'cmake_force_configure' from command line to 'False'
[1.258s] Level 5:colcon.colcon_core.verb:set package 'msg_interfaces' build argument 'ament_cmake_args' from command line to 'None'
[1.258s] Level 5:colcon.colcon_core.verb:set package 'msg_interfaces' build argument 'catkin_cmake_args' from command line to 'None'
[1.258s] Level 5:colcon.colcon_core.verb:set package 'msg_interfaces' build argument 'catkin_skip_building_tests' from command line to 'False'
[1.259s] DEBUG:colcon.colcon_core.verb:Building package 'msg_interfaces' with the following arguments: {'ament_cmake_args': None, 'build_base': '/home/stardust/eng_ws/build/msg_interfaces', 'catkin_cmake_args': None, 'catkin_skip_building_tests': False, 'cmake_args': None, 'cmake_clean_cache': False, 'cmake_clean_first': False, 'cmake_force_configure': False, 'cmake_target': None, 'cmake_target_skip_unavailable': False, 'install_base': '/home/stardust/eng_ws/install/msg_interfaces', 'merge_install': False, 'path': '/home/stardust/eng_ws/src/msg_interfaces', 'symlink_install': False, 'test_result_base': None}
[1.273s] Level 5:colcon.colcon_core.verb:set package 'serial' build argument 'cmake_args' from command line to 'None'
[1.274s] Level 5:colcon.colcon_core.verb:set package 'serial' build argument 'cmake_target' from command line to 'None'
[1.274s] Level 5:colcon.colcon_core.verb:set package 'serial' build argument 'cmake_target_skip_unavailable' from command line to 'False'
[1.274s] Level 5:colcon.colcon_core.verb:set package 'serial' build argument 'cmake_clean_cache' from command line to 'False'
[1.274s] Level 5:colcon.colcon_core.verb:set package 'serial' build argument 'cmake_clean_first' from command line to 'False'
[1.274s] Level 5:colcon.colcon_core.verb:set package 'serial' build argument 'cmake_force_configure' from command line to 'False'
[1.274s] Level 5:colcon.colcon_core.verb:set package 'serial' build argument 'ament_cmake_args' from command line to 'None'
[1.274s] Level 5:colcon.colcon_core.verb:set package 'serial' build argument 'catkin_cmake_args' from command line to 'None'
[1.274s] Level 5:colcon.colcon_core.verb:set package 'serial' build argument 'catkin_skip_building_tests' from command line to 'False'
[1.274s] DEBUG:colcon.colcon_core.verb:Building package 'serial' with the following arguments: {'ament_cmake_args': None, 'build_base': '/home/stardust/eng_ws/build/serial', 'catkin_cmake_args': None, 'catkin_skip_building_tests': False, 'cmake_args': None, 'cmake_clean_cache': False, 'cmake_clean_first': False, 'cmake_force_configure': False, 'cmake_target': None, 'cmake_target_skip_unavailable': False, 'install_base': '/home/stardust/eng_ws/install/serial', 'merge_install': False, 'path': '/home/stardust/eng_ws/src/serial', 'symlink_install': False, 'test_result_base': None}
[1.288s] INFO:colcon.colcon_core.executor:Executing jobs using 'parallel' executor
[1.302s] DEBUG:colcon.colcon_parallel_executor.executor.parallel:run_until_complete
[1.303s] INFO:colcon.colcon_ros.task.ament_cmake.build:Building ROS package in '/home/stardust/eng_ws/src/exchangestation_detector' with build type 'ament_cmake'
[1.303s] INFO:colcon.colcon_cmake.task.cmake.build:Building CMake package in '/home/stardust/eng_ws/src/exchangestation_detector'
[1.318s] INFO:colcon.colcon_core.plugin_system:Skipping extension 'colcon_core.shell.bat': Not used on non-Windows systems
[1.319s] INFO:colcon.colcon_core.shell:Skip shell extension 'powershell' for command environment: Not usable outside of PowerShell
[1.319s] DEBUG:colcon.colcon_core.shell:Skip shell extension 'dsv' for command environment
[1.367s] INFO:colcon.colcon_ros.task.ament_cmake.build:Building ROS package in '/home/stardust/eng_ws/src/hik_camera' with build type 'ament_cmake'
[1.367s] INFO:colcon.colcon_cmake.task.cmake.build:Building CMake package in '/home/stardust/eng_ws/src/hik_camera'
[1.389s] INFO:colcon.colcon_core.shell:Skip shell extension 'powershell' for command environment: Not usable outside of PowerShell
[1.389s] DEBUG:colcon.colcon_core.shell:Skip shell extension 'dsv' for command environment
[1.445s] INFO:colcon.colcon_ros.task.ament_cmake.build:Building ROS package in '/home/stardust/eng_ws/src/msg_interfaces' with build type 'ament_cmake'
[1.445s] INFO:colcon.colcon_cmake.task.cmake.build:Building CMake package in '/home/stardust/eng_ws/src/msg_interfaces'
[1.461s] INFO:colcon.colcon_core.shell:Skip shell extension 'powershell' for command environment: Not usable outside of PowerShell
[1.461s] DEBUG:colcon.colcon_core.shell:Skip shell extension 'dsv' for command environment
[1.509s] INFO:colcon.colcon_ros.task.ament_cmake.build:Building ROS package in '/home/stardust/eng_ws/src/serial' with build type 'ament_cmake'
[1.509s] INFO:colcon.colcon_cmake.task.cmake.build:Building CMake package in '/home/stardust/eng_ws/src/serial'
[1.527s] INFO:colcon.colcon_core.shell:Skip shell extension 'powershell' for command environment: Not usable outside of PowerShell
[1.528s] DEBUG:colcon.colcon_core.shell:Skip shell extension 'dsv' for command environment
[1.579s] DEBUG:colcon.colcon_core.event_handler.log_command:Invoking command in '/home/stardust/eng_ws/build/exchangestation_detector': CMAKE_PREFIX_PATH=${CMAKE_PREFIX_PATH}:/opt/ros/iron /usr/bin/cmake /home/stardust/eng_ws/src/exchangestation_detector -DCMAKE_INSTALL_PREFIX=/home/stardust/eng_ws/install/exchangestation_detector
[1.582s] DEBUG:colcon.colcon_core.event_handler.log_command:Invoking command in '/home/stardust/eng_ws/build/hik_camera': CMAKE_PREFIX_PATH=${CMAKE_PREFIX_PATH}:/opt/ros/iron /usr/bin/cmake /home/stardust/eng_ws/src/hik_camera -DCMAKE_INSTALL_PREFIX=/home/stardust/eng_ws/install/hik_camera
[1.586s] DEBUG:colcon.colcon_core.event_handler.log_command:Invoking command in '/home/stardust/eng_ws/build/msg_interfaces': CMAKE_PREFIX_PATH=${CMAKE_PREFIX_PATH}:/opt/ros/iron /usr/bin/cmake /home/stardust/eng_ws/src/msg_interfaces -DCMAKE_INSTALL_PREFIX=/home/stardust/eng_ws/install/msg_interfaces
[1.592s] DEBUG:colcon.colcon_core.event_handler.log_command:Invoking command in '/home/stardust/eng_ws/build/serial': CMAKE_PREFIX_PATH=${CMAKE_PREFIX_PATH}:/opt/ros/iron /usr/bin/cmake /home/stardust/eng_ws/src/serial -DCMAKE_INSTALL_PREFIX=/home/stardust/eng_ws/install/serial
[2.510s] DEBUG:colcon.colcon_core.event_handler.log_command:Invoked command in '/home/stardust/eng_ws/build/serial' returned '0': CMAKE_PREFIX_PATH=${CMAKE_PREFIX_PATH}:/opt/ros/iron /usr/bin/cmake /home/stardust/eng_ws/src/serial -DCMAKE_INSTALL_PREFIX=/home/stardust/eng_ws/install/serial
[2.511s] DEBUG:colcon.colcon_core.event_handler.log_command:Invoking command in '/home/stardust/eng_ws/build/serial': CMAKE_PREFIX_PATH=${CMAKE_PREFIX_PATH}:/opt/ros/iron /usr/bin/cmake --build /home/stardust/eng_ws/build/serial -- -j8 -l8
[2.568s] DEBUG:colcon.colcon_core.event_handler.log_command:Invoked command in '/home/stardust/eng_ws/build/serial' returned '0': CMAKE_PREFIX_PATH=${CMAKE_PREFIX_PATH}:/opt/ros/iron /usr/bin/cmake --build /home/stardust/eng_ws/build/serial -- -j8 -l8
[2.619s] DEBUG:colcon.colcon_core.event_handler.log_command:Invoking command in '/home/stardust/eng_ws/build/serial': CMAKE_PREFIX_PATH=${CMAKE_PREFIX_PATH}:/opt/ros/iron /usr/bin/cmake --install /home/stardust/eng_ws/build/serial
[2.637s] Level 1:colcon.colcon_core.environment:create_environment_scripts_only(serial)
[2.637s] DEBUG:colcon.colcon_core.event_handler.log_command:Invoked command in '/home/stardust/eng_ws/build/serial' returned '0': CMAKE_PREFIX_PATH=${CMAKE_PREFIX_PATH}:/opt/ros/iron /usr/bin/cmake --install /home/stardust/eng_ws/build/serial
[2.660s] Level 1:colcon.colcon_core.environment:checking '/home/stardust/eng_ws/install/serial' for CMake module files
[2.661s] Level 1:colcon.colcon_core.environment:checking '/home/stardust/eng_ws/install/serial' for CMake config files
[2.661s] Level 1:colcon.colcon_core.shell:create_environment_hook('serial', 'cmake_prefix_path')
[2.676s] INFO:colcon.colcon_core.shell:Creating environment hook '/home/stardust/eng_ws/install/serial/share/serial/hook/cmake_prefix_path.ps1'
[2.677s] INFO:colcon.colcon_core.shell:Creating environment descriptor '/home/stardust/eng_ws/install/serial/share/serial/hook/cmake_prefix_path.dsv'
[2.677s] INFO:colcon.colcon_core.shell:Creating environment hook '/home/stardust/eng_ws/install/serial/share/serial/hook/cmake_prefix_path.sh'
[2.678s] Level 1:colcon.colcon_core.environment:checking '/home/stardust/eng_ws/install/serial/bin'
[2.678s] Level 1:colcon.colcon_core.environment:checking '/home/stardust/eng_ws/install/serial/lib/pkgconfig/serial.pc'
[2.679s] Level 1:colcon.colcon_core.environment:checking '/home/stardust/eng_ws/install/serial/lib/python3.10/site-packages'
[2.679s] Level 1:colcon.colcon_core.environment:checking '/home/stardust/eng_ws/install/serial/bin'
[2.693s] INFO:colcon.colcon_core.shell:Creating package script '/home/stardust/eng_ws/install/serial/share/serial/package.ps1'
[2.694s] INFO:colcon.colcon_core.shell:Creating package descriptor '/home/stardust/eng_ws/install/serial/share/serial/package.dsv'
[2.695s] INFO:colcon.colcon_core.shell:Creating package script '/home/stardust/eng_ws/install/serial/share/serial/package.sh'
[2.696s] INFO:colcon.colcon_core.shell:Creating package script '/home/stardust/eng_ws/install/serial/share/serial/package.bash'
[2.697s] INFO:colcon.colcon_core.shell:Creating package script '/home/stardust/eng_ws/install/serial/share/serial/package.zsh'
[2.698s] Level 1:colcon.colcon_core.environment:create_file_with_runtime_dependencies(/home/stardust/eng_ws/install/serial/share/colcon-core/packages/serial)
[2.753s] Level 1:colcon.colcon_core.environment:create_environment_scripts_only(serial)
[2.769s] Level 1:colcon.colcon_core.environment:checking '/home/stardust/eng_ws/install/serial' for CMake module files
[2.769s] Level 1:colcon.colcon_core.environment:checking '/home/stardust/eng_ws/install/serial' for CMake config files
[2.770s] Level 1:colcon.colcon_core.shell:create_environment_hook('serial', 'cmake_prefix_path')
[2.787s] INFO:colcon.colcon_core.shell:Creating environment hook '/home/stardust/eng_ws/install/serial/share/serial/hook/cmake_prefix_path.ps1'
[2.788s] INFO:colcon.colcon_core.shell:Creating environment descriptor '/home/stardust/eng_ws/install/serial/share/serial/hook/cmake_prefix_path.dsv'
[2.789s] INFO:colcon.colcon_core.shell:Creating environment hook '/home/stardust/eng_ws/install/serial/share/serial/hook/cmake_prefix_path.sh'
[2.790s] Level 1:colcon.colcon_core.environment:checking '/home/stardust/eng_ws/install/serial/bin'
[2.790s] Level 1:colcon.colcon_core.environment:checking '/home/stardust/eng_ws/install/serial/lib/pkgconfig/serial.pc'
[2.790s] Level 1:colcon.colcon_core.environment:checking '/home/stardust/eng_ws/install/serial/lib/python3.10/site-packages'
[2.790s] Level 1:colcon.colcon_core.environment:checking '/home/stardust/eng_ws/install/serial/bin'
[2.807s] INFO:colcon.colcon_core.shell:Creating package script '/home/stardust/eng_ws/install/serial/share/serial/package.ps1'
[2.807s] INFO:colcon.colcon_core.shell:Creating package descriptor '/home/stardust/eng_ws/install/serial/share/serial/package.dsv'
[2.808s] INFO:colcon.colcon_core.shell:Creating package script '/home/stardust/eng_ws/install/serial/share/serial/package.sh'
[2.809s] INFO:colcon.colcon_core.shell:Creating package script '/home/stardust/eng_ws/install/serial/share/serial/package.bash'
[2.809s] INFO:colcon.colcon_core.shell:Creating package script '/home/stardust/eng_ws/install/serial/share/serial/package.zsh'
[2.810s] Level 1:colcon.colcon_core.environment:create_file_with_runtime_dependencies(/home/stardust/eng_ws/install/serial/share/colcon-core/packages/serial)
[3.604s] DEBUG:colcon.colcon_core.event_handler.log_command:Invoked command in '/home/stardust/eng_ws/build/msg_interfaces' returned '0': CMAKE_PREFIX_PATH=${CMAKE_PREFIX_PATH}:/opt/ros/iron /usr/bin/cmake /home/stardust/eng_ws/src/msg_interfaces -DCMAKE_INSTALL_PREFIX=/home/stardust/eng_ws/install/msg_interfaces
[3.606s] DEBUG:colcon.colcon_core.event_handler.log_command:Invoking command in '/home/stardust/eng_ws/build/msg_interfaces': CMAKE_PREFIX_PATH=${CMAKE_PREFIX_PATH}:/opt/ros/iron /usr/bin/cmake --build /home/stardust/eng_ws/build/msg_interfaces -- -j8 -l8
[3.750s] DEBUG:colcon.colcon_core.event_handler.log_command:Invoked command in '/home/stardust/eng_ws/build/exchangestation_detector' returned '0': CMAKE_PREFIX_PATH=${CMAKE_PREFIX_PATH}:/opt/ros/iron /usr/bin/cmake /home/stardust/eng_ws/src/exchangestation_detector -DCMAKE_INSTALL_PREFIX=/home/stardust/eng_ws/install/exchangestation_detector
[3.752s] DEBUG:colcon.colcon_core.event_handler.log_command:Invoking command in '/home/stardust/eng_ws/build/exchangestation_detector': CMAKE_PREFIX_PATH=${CMAKE_PREFIX_PATH}:/opt/ros/iron /usr/bin/cmake --build /home/stardust/eng_ws/build/exchangestation_detector -- -j8 -l8
[4.013s] DEBUG:colcon.colcon_core.event_handler.log_command:Invoked command in '/home/stardust/eng_ws/build/hik_camera' returned '0': CMAKE_PREFIX_PATH=${CMAKE_PREFIX_PATH}:/opt/ros/iron /usr/bin/cmake /home/stardust/eng_ws/src/hik_camera -DCMAKE_INSTALL_PREFIX=/home/stardust/eng_ws/install/hik_camera
[4.014s] DEBUG:colcon.colcon_core.event_handler.log_command:Invoking command in '/home/stardust/eng_ws/build/hik_camera': CMAKE_PREFIX_PATH=${CMAKE_PREFIX_PATH}:/opt/ros/iron /usr/bin/cmake --build /home/stardust/eng_ws/build/hik_camera -- -j8 -l8
[7.485s] DEBUG:colcon.colcon_core.event_handler.log_command:Invoked command in '/home/stardust/eng_ws/build/msg_interfaces' returned '0': CMAKE_PREFIX_PATH=${CMAKE_PREFIX_PATH}:/opt/ros/iron /usr/bin/cmake --build /home/stardust/eng_ws/build/msg_interfaces -- -j8 -l8
[7.612s] DEBUG:colcon.colcon_core.event_handler.log_command:Invoking command in '/home/stardust/eng_ws/build/msg_interfaces': CMAKE_PREFIX_PATH=${CMAKE_PREFIX_PATH}:/opt/ros/iron /usr/bin/cmake --install /home/stardust/eng_ws/build/msg_interfaces
[7.768s] Level 1:colcon.colcon_core.environment:create_environment_scripts_only(msg_interfaces)
[7.770s] DEBUG:colcon.colcon_core.event_handler.log_command:Invoked command in '/home/stardust/eng_ws/build/msg_interfaces' returned '0': CMAKE_PREFIX_PATH=${CMAKE_PREFIX_PATH}:/opt/ros/iron /usr/bin/cmake --install /home/stardust/eng_ws/build/msg_interfaces
[7.848s] Level 1:colcon.colcon_core.environment:checking '/home/stardust/eng_ws/install/msg_interfaces' for CMake module files
[7.849s] Level 1:colcon.colcon_core.environment:checking '/home/stardust/eng_ws/install/msg_interfaces' for CMake config files
[7.863s] Level 1:colcon.colcon_core.shell:create_environment_hook('msg_interfaces', 'cmake_prefix_path')
[7.885s] INFO:colcon.colcon_core.shell:Creating environment hook '/home/stardust/eng_ws/install/msg_interfaces/share/msg_interfaces/hook/cmake_prefix_path.ps1'
[7.887s] INFO:colcon.colcon_core.shell:Creating environment descriptor '/home/stardust/eng_ws/install/msg_interfaces/share/msg_interfaces/hook/cmake_prefix_path.dsv'
[7.888s] INFO:colcon.colcon_core.shell:Creating environment hook '/home/stardust/eng_ws/install/msg_interfaces/share/msg_interfaces/hook/cmake_prefix_path.sh'
[7.889s] Level 1:colcon.colcon_core.environment:checking '/home/stardust/eng_ws/install/msg_interfaces/lib'
[7.889s] Level 1:colcon.colcon_core.shell:create_environment_hook('msg_interfaces', 'ld_library_path_lib')
[7.913s] INFO:colcon.colcon_core.shell:Creating environment hook '/home/stardust/eng_ws/install/msg_interfaces/share/msg_interfaces/hook/ld_library_path_lib.ps1'
[7.914s] INFO:colcon.colcon_core.shell:Creating environment descriptor '/home/stardust/eng_ws/install/msg_interfaces/share/msg_interfaces/hook/ld_library_path_lib.dsv'
[7.915s] INFO:colcon.colcon_core.shell:Creating environment hook '/home/stardust/eng_ws/install/msg_interfaces/share/msg_interfaces/hook/ld_library_path_lib.sh'
[7.916s] Level 1:colcon.colcon_core.environment:checking '/home/stardust/eng_ws/install/msg_interfaces/bin'
[7.916s] Level 1:colcon.colcon_core.environment:checking '/home/stardust/eng_ws/install/msg_interfaces/lib/pkgconfig/msg_interfaces.pc'
[7.916s] Level 1:colcon.colcon_core.environment:checking '/home/stardust/eng_ws/install/msg_interfaces/lib/python3.10/site-packages'
[7.916s] Level 1:colcon.colcon_core.shell:create_environment_hook('msg_interfaces', 'pythonpath')
[7.931s] INFO:colcon.colcon_core.shell:Creating environment hook '/home/stardust/eng_ws/install/msg_interfaces/share/msg_interfaces/hook/pythonpath.ps1'
[7.932s] INFO:colcon.colcon_core.shell:Creating environment descriptor '/home/stardust/eng_ws/install/msg_interfaces/share/msg_interfaces/hook/pythonpath.dsv'
[7.932s] INFO:colcon.colcon_core.shell:Creating environment hook '/home/stardust/eng_ws/install/msg_interfaces/share/msg_interfaces/hook/pythonpath.sh'
[7.933s] Level 1:colcon.colcon_core.environment:checking '/home/stardust/eng_ws/install/msg_interfaces/bin'
[7.953s] INFO:colcon.colcon_core.shell:Creating package script '/home/stardust/eng_ws/install/msg_interfaces/share/msg_interfaces/package.ps1'
[7.955s] INFO:colcon.colcon_core.shell:Creating package descriptor '/home/stardust/eng_ws/install/msg_interfaces/share/msg_interfaces/package.dsv'
[7.956s] INFO:colcon.colcon_core.shell:Creating package script '/home/stardust/eng_ws/install/msg_interfaces/share/msg_interfaces/package.sh'
[7.957s] INFO:colcon.colcon_core.shell:Creating package script '/home/stardust/eng_ws/install/msg_interfaces/share/msg_interfaces/package.bash'
[7.958s] INFO:colcon.colcon_core.shell:Creating package script '/home/stardust/eng_ws/install/msg_interfaces/share/msg_interfaces/package.zsh'
[7.960s] Level 1:colcon.colcon_core.environment:create_file_with_runtime_dependencies(/home/stardust/eng_ws/install/msg_interfaces/share/colcon-core/packages/msg_interfaces)
[8.211s] Level 1:colcon.colcon_core.environment:create_environment_scripts_only(msg_interfaces)
[8.229s] Level 1:colcon.colcon_core.environment:checking '/home/stardust/eng_ws/install/msg_interfaces' for CMake module files
[8.230s] Level 1:colcon.colcon_core.environment:checking '/home/stardust/eng_ws/install/msg_interfaces' for CMake config files
[8.232s] Level 1:colcon.colcon_core.shell:create_environment_hook('msg_interfaces', 'cmake_prefix_path')
[8.252s] INFO:colcon.colcon_core.shell:Creating environment hook '/home/stardust/eng_ws/install/msg_interfaces/share/msg_interfaces/hook/cmake_prefix_path.ps1'
[8.253s] INFO:colcon.colcon_core.shell:Creating environment descriptor '/home/stardust/eng_ws/install/msg_interfaces/share/msg_interfaces/hook/cmake_prefix_path.dsv'
[8.254s] INFO:colcon.colcon_core.shell:Creating environment hook '/home/stardust/eng_ws/install/msg_interfaces/share/msg_interfaces/hook/cmake_prefix_path.sh'
[8.257s] Level 1:colcon.colcon_core.environment:checking '/home/stardust/eng_ws/install/msg_interfaces/lib'
[8.257s] Level 1:colcon.colcon_core.shell:create_environment_hook('msg_interfaces', 'ld_library_path_lib')
[8.286s] INFO:colcon.colcon_core.shell:Creating environment hook '/home/stardust/eng_ws/install/msg_interfaces/share/msg_interfaces/hook/ld_library_path_lib.ps1'
[8.286s] INFO:colcon.colcon_core.shell:Creating environment descriptor '/home/stardust/eng_ws/install/msg_interfaces/share/msg_interfaces/hook/ld_library_path_lib.dsv'
[8.287s] INFO:colcon.colcon_core.shell:Creating environment hook '/home/stardust/eng_ws/install/msg_interfaces/share/msg_interfaces/hook/ld_library_path_lib.sh'
[8.288s] Level 1:colcon.colcon_core.environment:checking '/home/stardust/eng_ws/install/msg_interfaces/bin'
[8.288s] Level 1:colcon.colcon_core.environment:checking '/home/stardust/eng_ws/install/msg_interfaces/lib/pkgconfig/msg_interfaces.pc'
[8.288s] Level 1:colcon.colcon_core.environment:checking '/home/stardust/eng_ws/install/msg_interfaces/lib/python3.10/site-packages'
[8.288s] Level 1:colcon.colcon_core.shell:create_environment_hook('msg_interfaces', 'pythonpath')
[8.313s] INFO:colcon.colcon_core.shell:Creating environment hook '/home/stardust/eng_ws/install/msg_interfaces/share/msg_interfaces/hook/pythonpath.ps1'
[8.314s] INFO:colcon.colcon_core.shell:Creating environment descriptor '/home/stardust/eng_ws/install/msg_interfaces/share/msg_interfaces/hook/pythonpath.dsv'
[8.315s] INFO:colcon.colcon_core.shell:Creating environment hook '/home/stardust/eng_ws/install/msg_interfaces/share/msg_interfaces/hook/pythonpath.sh'
[8.316s] Level 1:colcon.colcon_core.environment:checking '/home/stardust/eng_ws/install/msg_interfaces/bin'
[8.337s] INFO:colcon.colcon_core.shell:Creating package script '/home/stardust/eng_ws/install/msg_interfaces/share/msg_interfaces/package.ps1'
[8.339s] INFO:colcon.colcon_core.shell:Creating package descriptor '/home/stardust/eng_ws/install/msg_interfaces/share/msg_interfaces/package.dsv'
[8.340s] INFO:colcon.colcon_core.shell:Creating package script '/home/stardust/eng_ws/install/msg_interfaces/share/msg_interfaces/package.sh'
[8.342s] INFO:colcon.colcon_core.shell:Creating package script '/home/stardust/eng_ws/install/msg_interfaces/share/msg_interfaces/package.bash'
[8.344s] INFO:colcon.colcon_core.shell:Creating package script '/home/stardust/eng_ws/install/msg_interfaces/share/msg_interfaces/package.zsh'
[8.346s] Level 1:colcon.colcon_core.environment:create_file_with_runtime_dependencies(/home/stardust/eng_ws/install/msg_interfaces/share/colcon-core/packages/msg_interfaces)
[11.331s] DEBUG:colcon.colcon_core.event_handler.log_command:Invoked command in '/home/stardust/eng_ws/build/hik_camera' returned '0': CMAKE_PREFIX_PATH=${CMAKE_PREFIX_PATH}:/opt/ros/iron /usr/bin/cmake --build /home/stardust/eng_ws/build/hik_camera -- -j8 -l8
[11.387s] DEBUG:colcon.colcon_core.event_handler.log_command:Invoking command in '/home/stardust/eng_ws/build/hik_camera': CMAKE_PREFIX_PATH=${CMAKE_PREFIX_PATH}:/opt/ros/iron /usr/bin/cmake --install /home/stardust/eng_ws/build/hik_camera
[11.425s] Level 1:colcon.colcon_core.environment:create_environment_scripts_only(hik_camera)
[11.426s] DEBUG:colcon.colcon_core.event_handler.log_command:Invoked command in '/home/stardust/eng_ws/build/hik_camera' returned '0': CMAKE_PREFIX_PATH=${CMAKE_PREFIX_PATH}:/opt/ros/iron /usr/bin/cmake --install /home/stardust/eng_ws/build/hik_camera
[11.559s] Level 1:colcon.colcon_core.environment:checking '/home/stardust/eng_ws/install/hik_camera' for CMake module files
[11.560s] Level 1:colcon.colcon_core.environment:checking '/home/stardust/eng_ws/install/hik_camera' for CMake config files
[11.561s] Level 1:colcon.colcon_core.shell:create_environment_hook('hik_camera', 'cmake_prefix_path')
[11.575s] INFO:colcon.colcon_core.shell:Creating environment hook '/home/stardust/eng_ws/install/hik_camera/share/hik_camera/hook/cmake_prefix_path.ps1'
[11.577s] INFO:colcon.colcon_core.shell:Creating environment descriptor '/home/stardust/eng_ws/install/hik_camera/share/hik_camera/hook/cmake_prefix_path.dsv'
[11.578s] INFO:colcon.colcon_core.shell:Creating environment hook '/home/stardust/eng_ws/install/hik_camera/share/hik_camera/hook/cmake_prefix_path.sh'
[11.579s] Level 1:colcon.colcon_core.environment:checking '/home/stardust/eng_ws/install/hik_camera/lib'
[11.579s] Level 1:colcon.colcon_core.shell:create_environment_hook('hik_camera', 'ld_library_path_lib')
[11.596s] INFO:colcon.colcon_core.shell:Creating environment hook '/home/stardust/eng_ws/install/hik_camera/share/hik_camera/hook/ld_library_path_lib.ps1'
[11.596s] INFO:colcon.colcon_core.shell:Creating environment descriptor '/home/stardust/eng_ws/install/hik_camera/share/hik_camera/hook/ld_library_path_lib.dsv'
[11.597s] INFO:colcon.colcon_core.shell:Creating environment hook '/home/stardust/eng_ws/install/hik_camera/share/hik_camera/hook/ld_library_path_lib.sh'
[11.598s] Level 1:colcon.colcon_core.environment:checking '/home/stardust/eng_ws/install/hik_camera/bin'
[11.598s] Level 1:colcon.colcon_core.environment:checking '/home/stardust/eng_ws/install/hik_camera/lib/pkgconfig/hik_camera.pc'
[11.599s] Level 1:colcon.colcon_core.environment:checking '/home/stardust/eng_ws/install/hik_camera/lib/python3.10/site-packages'
[11.599s] Level 1:colcon.colcon_core.environment:checking '/home/stardust/eng_ws/install/hik_camera/bin'
[11.622s] INFO:colcon.colcon_core.shell:Creating package script '/home/stardust/eng_ws/install/hik_camera/share/hik_camera/package.ps1'
[11.624s] INFO:colcon.colcon_core.shell:Creating package descriptor '/home/stardust/eng_ws/install/hik_camera/share/hik_camera/package.dsv'
[11.625s] INFO:colcon.colcon_core.shell:Creating package script '/home/stardust/eng_ws/install/hik_camera/share/hik_camera/package.sh'
[11.625s] INFO:colcon.colcon_core.shell:Creating package script '/home/stardust/eng_ws/install/hik_camera/share/hik_camera/package.bash'
[11.627s] INFO:colcon.colcon_core.shell:Creating package script '/home/stardust/eng_ws/install/hik_camera/share/hik_camera/package.zsh'
[11.628s] Level 1:colcon.colcon_core.environment:create_file_with_runtime_dependencies(/home/stardust/eng_ws/install/hik_camera/share/colcon-core/packages/hik_camera)
[11.683s] Level 1:colcon.colcon_core.environment:create_environment_scripts_only(hik_camera)
[11.698s] Level 1:colcon.colcon_core.environment:checking '/home/stardust/eng_ws/install/hik_camera' for CMake module files
[11.699s] Level 1:colcon.colcon_core.environment:checking '/home/stardust/eng_ws/install/hik_camera' for CMake config files
[11.700s] Level 1:colcon.colcon_core.shell:create_environment_hook('hik_camera', 'cmake_prefix_path')
[11.714s] INFO:colcon.colcon_core.shell:Creating environment hook '/home/stardust/eng_ws/install/hik_camera/share/hik_camera/hook/cmake_prefix_path.ps1'
[11.715s] INFO:colcon.colcon_core.shell:Creating environment descriptor '/home/stardust/eng_ws/install/hik_camera/share/hik_camera/hook/cmake_prefix_path.dsv'
[11.715s] INFO:colcon.colcon_core.shell:Creating environment hook '/home/stardust/eng_ws/install/hik_camera/share/hik_camera/hook/cmake_prefix_path.sh'
[11.717s] Level 1:colcon.colcon_core.environment:checking '/home/stardust/eng_ws/install/hik_camera/lib'
[11.717s] Level 1:colcon.colcon_core.shell:create_environment_hook('hik_camera', 'ld_library_path_lib')
[11.738s] INFO:colcon.colcon_core.shell:Creating environment hook '/home/stardust/eng_ws/install/hik_camera/share/hik_camera/hook/ld_library_path_lib.ps1'
[11.739s] INFO:colcon.colcon_core.shell:Creating environment descriptor '/home/stardust/eng_ws/install/hik_camera/share/hik_camera/hook/ld_library_path_lib.dsv'
[11.740s] INFO:colcon.colcon_core.shell:Creating environment hook '/home/stardust/eng_ws/install/hik_camera/share/hik_camera/hook/ld_library_path_lib.sh'
[11.740s] Level 1:colcon.colcon_core.environment:checking '/home/stardust/eng_ws/install/hik_camera/bin'
[11.741s] Level 1:colcon.colcon_core.environment:checking '/home/stardust/eng_ws/install/hik_camera/lib/pkgconfig/hik_camera.pc'
[11.741s] Level 1:colcon.colcon_core.environment:checking '/home/stardust/eng_ws/install/hik_camera/lib/python3.10/site-packages'
[11.742s] Level 1:colcon.colcon_core.environment:checking '/home/stardust/eng_ws/install/hik_camera/bin'
[11.757s] INFO:colcon.colcon_core.shell:Creating package script '/home/stardust/eng_ws/install/hik_camera/share/hik_camera/package.ps1'
[11.757s] INFO:colcon.colcon_core.shell:Creating package descriptor '/home/stardust/eng_ws/install/hik_camera/share/hik_camera/package.dsv'
[11.759s] INFO:colcon.colcon_core.shell:Creating package script '/home/stardust/eng_ws/install/hik_camera/share/hik_camera/package.sh'
[11.759s] INFO:colcon.colcon_core.shell:Creating package script '/home/stardust/eng_ws/install/hik_camera/share/hik_camera/package.bash'
[11.760s] INFO:colcon.colcon_core.shell:Creating package script '/home/stardust/eng_ws/install/hik_camera/share/hik_camera/package.zsh'
[11.760s] Level 1:colcon.colcon_core.environment:create_file_with_runtime_dependencies(/home/stardust/eng_ws/install/hik_camera/share/colcon-core/packages/hik_camera)
[19.250s] DEBUG:colcon.colcon_core.event_handler.log_command:Invoked command in '/home/stardust/eng_ws/build/exchangestation_detector' returned '0': CMAKE_PREFIX_PATH=${CMAKE_PREFIX_PATH}:/opt/ros/iron /usr/bin/cmake --build /home/stardust/eng_ws/build/exchangestation_detector -- -j8 -l8
[19.295s] DEBUG:colcon.colcon_core.event_handler.log_command:Invoking command in '/home/stardust/eng_ws/build/exchangestation_detector': CMAKE_PREFIX_PATH=${CMAKE_PREFIX_PATH}:/opt/ros/iron /usr/bin/cmake --install /home/stardust/eng_ws/build/exchangestation_detector
[19.315s] Level 1:colcon.colcon_core.environment:create_environment_scripts_only(exchangestation_detector)
[19.316s] DEBUG:colcon.colcon_core.event_handler.log_command:Invoked command in '/home/stardust/eng_ws/build/exchangestation_detector' returned '0': CMAKE_PREFIX_PATH=${CMAKE_PREFIX_PATH}:/opt/ros/iron /usr/bin/cmake --install /home/stardust/eng_ws/build/exchangestation_detector
[19.331s] Level 1:colcon.colcon_core.environment:checking '/home/stardust/eng_ws/install/exchangestation_detector' for CMake module files
[19.332s] Level 1:colcon.colcon_core.environment:checking '/home/stardust/eng_ws/install/exchangestation_detector' for CMake config files
[19.334s] Level 1:colcon.colcon_core.shell:create_environment_hook('exchangestation_detector', 'cmake_prefix_path')
[19.351s] INFO:colcon.colcon_core.shell:Creating environment hook '/home/stardust/eng_ws/install/exchangestation_detector/share/exchangestation_detector/hook/cmake_prefix_path.ps1'
[19.352s] INFO:colcon.colcon_core.shell:Creating environment descriptor '/home/stardust/eng_ws/install/exchangestation_detector/share/exchangestation_detector/hook/cmake_prefix_path.dsv'
[19.352s] INFO:colcon.colcon_core.shell:Creating environment hook '/home/stardust/eng_ws/install/exchangestation_detector/share/exchangestation_detector/hook/cmake_prefix_path.sh'
[19.353s] Level 1:colcon.colcon_core.environment:checking '/home/stardust/eng_ws/install/exchangestation_detector/lib'
[19.353s] Level 1:colcon.colcon_core.environment:checking '/home/stardust/eng_ws/install/exchangestation_detector/bin'
[19.353s] Level 1:colcon.colcon_core.environment:checking '/home/stardust/eng_ws/install/exchangestation_detector/lib/pkgconfig/exchangestation_detector.pc'
[19.353s] Level 1:colcon.colcon_core.environment:checking '/home/stardust/eng_ws/install/exchangestation_detector/lib/python3.10/site-packages'
[19.354s] Level 1:colcon.colcon_core.environment:checking '/home/stardust/eng_ws/install/exchangestation_detector/bin'
[19.368s] INFO:colcon.colcon_core.shell:Creating package script '/home/stardust/eng_ws/install/exchangestation_detector/share/exchangestation_detector/package.ps1'
[19.369s] INFO:colcon.colcon_core.shell:Creating package descriptor '/home/stardust/eng_ws/install/exchangestation_detector/share/exchangestation_detector/package.dsv'
[19.369s] INFO:colcon.colcon_core.shell:Creating package script '/home/stardust/eng_ws/install/exchangestation_detector/share/exchangestation_detector/package.sh'
[19.370s] INFO:colcon.colcon_core.shell:Creating package script '/home/stardust/eng_ws/install/exchangestation_detector/share/exchangestation_detector/package.bash'
[19.371s] INFO:colcon.colcon_core.shell:Creating package script '/home/stardust/eng_ws/install/exchangestation_detector/share/exchangestation_detector/package.zsh'
[19.371s] Level 1:colcon.colcon_core.environment:create_file_with_runtime_dependencies(/home/stardust/eng_ws/install/exchangestation_detector/share/colcon-core/packages/exchangestation_detector)
[19.429s] Level 1:colcon.colcon_core.environment:create_environment_scripts_only(exchangestation_detector)
[19.445s] Level 1:colcon.colcon_core.environment:checking '/home/stardust/eng_ws/install/exchangestation_detector' for CMake module files
[19.446s] Level 1:colcon.colcon_core.environment:checking '/home/stardust/eng_ws/install/exchangestation_detector' for CMake config files
[19.447s] Level 1:colcon.colcon_core.shell:create_environment_hook('exchangestation_detector', 'cmake_prefix_path')
[19.461s] INFO:colcon.colcon_core.shell:Creating environment hook '/home/stardust/eng_ws/install/exchangestation_detector/share/exchangestation_detector/hook/cmake_prefix_path.ps1'
[19.462s] INFO:colcon.colcon_core.shell:Creating environment descriptor '/home/stardust/eng_ws/install/exchangestation_detector/share/exchangestation_detector/hook/cmake_prefix_path.dsv'
[19.463s] INFO:colcon.colcon_core.shell:Creating environment hook '/home/stardust/eng_ws/install/exchangestation_detector/share/exchangestation_detector/hook/cmake_prefix_path.sh'
[19.463s] Level 1:colcon.colcon_core.environment:checking '/home/stardust/eng_ws/install/exchangestation_detector/lib'
[19.464s] Level 1:colcon.colcon_core.environment:checking '/home/stardust/eng_ws/install/exchangestation_detector/bin'
[19.464s] Level 1:colcon.colcon_core.environment:checking '/home/stardust/eng_ws/install/exchangestation_detector/lib/pkgconfig/exchangestation_detector.pc'
[19.464s] Level 1:colcon.colcon_core.environment:checking '/home/stardust/eng_ws/install/exchangestation_detector/lib/python3.10/site-packages'
[19.464s] Level 1:colcon.colcon_core.environment:checking '/home/stardust/eng_ws/install/exchangestation_detector/bin'
[19.478s] INFO:colcon.colcon_core.shell:Creating package script '/home/stardust/eng_ws/install/exchangestation_detector/share/exchangestation_detector/package.ps1'
[19.478s] INFO:colcon.colcon_core.shell:Creating package descriptor '/home/stardust/eng_ws/install/exchangestation_detector/share/exchangestation_detector/package.dsv'
[19.479s] INFO:colcon.colcon_core.shell:Creating package script '/home/stardust/eng_ws/install/exchangestation_detector/share/exchangestation_detector/package.sh'
[19.480s] INFO:colcon.colcon_core.shell:Creating package script '/home/stardust/eng_ws/install/exchangestation_detector/share/exchangestation_detector/package.bash'
[19.480s] INFO:colcon.colcon_core.shell:Creating package script '/home/stardust/eng_ws/install/exchangestation_detector/share/exchangestation_detector/package.zsh'
[19.481s] Level 1:colcon.colcon_core.environment:create_file_with_runtime_dependencies(/home/stardust/eng_ws/install/exchangestation_detector/share/colcon-core/packages/exchangestation_detector)
[19.482s] DEBUG:colcon.colcon_parallel_executor.executor.parallel:closing loop
[19.486s] DEBUG:colcon.colcon_parallel_executor.executor.parallel:loop closed
[19.487s] DEBUG:colcon.colcon_parallel_executor.executor.parallel:run_until_complete finished with '0'
[19.489s] DEBUG:colcon.colcon_core.event_reactor:joining thread
[19.557s] INFO:colcon.colcon_core.plugin_system:Skipping extension 'colcon_notification.desktop_notification.terminal_notifier': Not used on non-Darwin systems
[19.557s] INFO:colcon.colcon_core.plugin_system:Skipping extension 'colcon_notification.desktop_notification.win32': Not used on non-Windows systems
[19.557s] INFO:colcon.colcon_notification.desktop_notification:Sending desktop notification using 'notify2'
[19.651s] DEBUG:colcon.colcon_core.event_reactor:joined thread
[19.673s] INFO:colcon.colcon_core.shell:Creating prefix script '/home/stardust/eng_ws/install/local_setup.ps1'
[19.676s] INFO:colcon.colcon_core.shell:Creating prefix util module '/home/stardust/eng_ws/install/_local_setup_util_ps1.py'
[19.678s] INFO:colcon.colcon_core.shell:Creating prefix chain script '/home/stardust/eng_ws/install/setup.ps1'
[19.697s] INFO:colcon.colcon_core.shell:Creating prefix script '/home/stardust/eng_ws/install/local_setup.sh'
[19.698s] INFO:colcon.colcon_core.shell:Creating prefix util module '/home/stardust/eng_ws/install/_local_setup_util_sh.py'
[19.699s] INFO:colcon.colcon_core.shell:Creating prefix chain script '/home/stardust/eng_ws/install/setup.sh'
[19.715s] INFO:colcon.colcon_core.shell:Creating prefix script '/home/stardust/eng_ws/install/local_setup.bash'
[19.716s] INFO:colcon.colcon_core.shell:Creating prefix chain script '/home/stardust/eng_ws/install/setup.bash'
[19.734s] INFO:colcon.colcon_core.shell:Creating prefix script '/home/stardust/eng_ws/install/local_setup.zsh'
[19.735s] INFO:colcon.colcon_core.shell:Creating prefix chain script '/home/stardust/eng_ws/install/setup.zsh'
