[0.009s] Invoking command in '/home/jlurobovision/eng_ws/build/exchangestation_detector': CMAKE_PREFIX_PATH=/home/jlurobovision/eng_ws/install/serial:/home/jlurobovision/eng_ws/install/msg_interfaces:/home/jlurobovision/eng_ws/install/exchangestation_detector:/home/jlurobovision/eng_ws/install/hik_camera:/home/jlurobovision/eng_ws/install/global_launch:/home/jlurobovision/eng_ws/install/galaxy_camera:/home/jlurobovision/eng_ws/install/camera_calibration:/opt/ros/humble LD_LIBRARY_PATH=/home/jlurobovision/eng_ws/install/serial/lib:/home/jlurobovision/eng_ws/install/msg_interfaces/lib:/home/jlurobovision/eng_ws/install/exchangestation_detector/lib:/home/jlurobovision/eng_ws/install/hik_camera/lib:/home/jlurobovision/eng_ws/install/galaxy_camera/lib:/opt/ros/humble/opt/rviz_ogre_vendor/lib:/opt/ros/humble/lib/x86_64-linux-gnu:/opt/ros/humble/lib PYTHONPATH=/home/jlurobovision/eng_ws/install/msg_interfaces/lib/python3.10/site-packages:/home/jlurobovision/eng_ws/install/msg_interfaces/local/lib/python3.10/dist-packages:/opt/ros/humble/lib/python3.10/site-packages:/opt/ros/humble/local/lib/python3.10/dist-packages /usr/bin/cmake --build /home/jlurobovision/eng_ws/build/exchangestation_detector -- -j12 -l12
[0.071s] [35m[1mConsolidate compiler generated dependencies of target exchangestation_detector[0m
[0.090s] [ 40%] Built target detector_node
[0.099s] [ 60%] [32mBuilding CXX object CMakeFiles/exchangestation_detector.dir/src/exchangestation_detector.cpp.o[0m
[1.289s] [01m[K/home/jlurobovision/eng_ws/src/exchangestation_detector/src/exchangestation_detector.cpp:[m[K In constructor ‘[01m[KExchangeStationDetector::ExchangeStationDetector(int, int, int)[m[K’:
[1.289s] [01m[K/home/jlurobovision/eng_ws/src/exchangestation_detector/src/exchangestation_detector.cpp:71:18:[m[K [01;31m[Kerror: [m[Kno match for ‘[01m[Koperator<<[m[K’ (operand types are ‘[01m[Kcv::Mat[m[K’ and ‘[01m[Kdouble[m[K’)
[1.289s]    71 |     [32m[KCameraMatrix[m[K [01;31m[K<<[m[K [34m[K1850.906255[m[K, 0.0000, 496.601643,
[1.289s]       |     [32m[K~~~~~~~~~~~~[m[K [01;31m[K^~[m[K [34m[K~~~~~~~~~~~[m[K
[1.290s]       |     [32m[K|[m[K               [34m[K|[m[K
[1.290s]       |     [32m[Kcv::Mat[m[K         [34m[Kdouble[m[K
[1.290s] In file included from [01m[K/usr/local/include/opencv4/opencv2/core/matx.hpp:542[m[K,
[1.290s]                  from [01m[K/usr/local/include/opencv4/opencv2/core.hpp:56[m[K,
[1.290s]                  from [01m[K/usr/local/include/opencv4/opencv2/core/core.hpp:48[m[K,
[1.290s]                  from [01m[K/home/jlurobovision/eng_ws/src/exchangestation_detector/include/exchangestation_detector/exchangestation_detector.hpp:11[m[K,
[1.290s]                  from [01m[K/home/jlurobovision/eng_ws/src/exchangestation_detector/src/exchangestation_detector.cpp:1[m[K:
[1.290s] [01m[K/usr/local/include/opencv4/opencv2/core/matx.inl.hpp:119:33:[m[K [01;36m[Knote: [m[Kcandidate: ‘[01m[Ktemplate<class _Tp, class _T2, int m, int n> cv::MatxCommaInitializer<_Tp, m, n> cv::operator<<(const cv::Matx<_Tp1, m, n>&, _T2)[m[K’
[1.290s]   119 | MatxCommaInitializer<_Tp, m, n> [01;36m[Koperator[m[K << (const Matx<_Tp, m, n>& mtx, _T2 val)
[1.290s]       |                                 [01;36m[K^~~~~~~~[m[K
[1.290s] [01m[K/usr/local/include/opencv4/opencv2/core/matx.inl.hpp:119:33:[m[K [01;36m[Knote: [m[K  template argument deduction/substitution failed:
[1.290s] [01m[K/home/jlurobovision/eng_ws/src/exchangestation_detector/src/exchangestation_detector.cpp:71:21:[m[K [01;36m[Knote: [m[K  ‘[01m[Kcv::Mat[m[K’ is not derived from ‘[01m[Kconst cv::Matx<_Tp1, m, n>[m[K’
[1.290s]    71 |     CameraMatrix << [01;36m[K1850.906255[m[K, 0.0000, 496.601643,
[1.291s]       |                     [01;36m[K^~~~~~~~~~~[m[K
[1.291s] In file included from [01m[K/usr/local/include/opencv4/opencv2/core/matx.hpp:542[m[K,
[1.291s]                  from [01m[K/usr/local/include/opencv4/opencv2/core.hpp:56[m[K,
[1.291s]                  from [01m[K/usr/local/include/opencv4/opencv2/core/core.hpp:48[m[K,
[1.291s]                  from [01m[K/home/jlurobovision/eng_ws/src/exchangestation_detector/include/exchangestation_detector/exchangestation_detector.hpp:11[m[K,
[1.291s]                  from [01m[K/home/jlurobovision/eng_ws/src/exchangestation_detector/src/exchangestation_detector.cpp:1[m[K:
[1.291s] [01m[K/usr/local/include/opencv4/opencv2/core/matx.inl.hpp:742:30:[m[K [01;36m[Knote: [m[Kcandidate: ‘[01m[Ktemplate<class _Tp, class _T2, int cn> cv::VecCommaInitializer<_Tp, cn> cv::operator<<(const cv::Vec<_Tp, n>&, _T2)[m[K’
[1.291s]   742 | VecCommaInitializer<_Tp, cn> [01;36m[Koperator[m[K << (const Vec<_Tp, cn>& vec, _T2 val)
[1.291s]       |                              [01;36m[K^~~~~~~~[m[K
[1.291s] [01m[K/usr/local/include/opencv4/opencv2/core/matx.inl.hpp:742:30:[m[K [01;36m[Knote: [m[K  template argument deduction/substitution failed:
[1.291s] [01m[K/home/jlurobovision/eng_ws/src/exchangestation_detector/src/exchangestation_detector.cpp:71:21:[m[K [01;36m[Knote: [m[K  ‘[01m[Kcv::Mat[m[K’ is not derived from ‘[01m[Kconst cv::Vec<_Tp, n>[m[K’
[1.291s]    71 |     CameraMatrix << [01;36m[K1850.906255[m[K, 0.0000, 496.601643,
[1.291s]       |                     [01;36m[K^~~~~~~~~~~[m[K
[1.291s] In file included from [01m[K/usr/local/include/opencv4/opencv2/core/mat.hpp:3795[m[K,
[1.291s]                  from [01m[K/usr/local/include/opencv4/opencv2/core.hpp:58[m[K,
[1.292s]                  from [01m[K/usr/local/include/opencv4/opencv2/core/core.hpp:48[m[K,
[1.292s]                  from [01m[K/home/jlurobovision/eng_ws/src/exchangestation_detector/include/exchangestation_detector/exchangestation_detector.hpp:11[m[K,
[1.292s]                  from [01m[K/home/jlurobovision/eng_ws/src/exchangestation_detector/src/exchangestation_detector.cpp:1[m[K:
[1.292s] [01m[K/usr/local/include/opencv4/opencv2/core/mat.inl.hpp:2997:27:[m[K [01;36m[Knote: [m[Kcandidate: ‘[01m[Ktemplate<class _Tp, class T2> cv::MatCommaInitializer_<_Tp> cv::operator<<(const cv::Mat_<_Tp>&, T2)[m[K’
[1.292s]  2997 | MatCommaInitializer_<_Tp> [01;36m[Koperator[m[K << (const Mat_<_Tp>& m, T2 val)
[1.292s]       |                           [01;36m[K^~~~~~~~[m[K
[1.292s] [01m[K/usr/local/include/opencv4/opencv2/core/mat.inl.hpp:2997:27:[m[K [01;36m[Knote: [m[K  template argument deduction/substitution failed:
[1.292s] [01m[K/home/jlurobovision/eng_ws/src/exchangestation_detector/src/exchangestation_detector.cpp:71:21:[m[K [01;36m[Knote: [m[K  ‘[01m[Kcv::Mat[m[K’ is not derived from ‘[01m[Kconst cv::Mat_<_Tp>[m[K’
[1.292s]    71 |     CameraMatrix << [01;36m[K1850.906255[m[K, 0.0000, 496.601643,
[1.293s]       |                     [01;36m[K^~~~~~~~~~~[m[K
[1.293s] In file included from [01m[K/usr/local/include/opencv4/opencv2/core.hpp:59[m[K,
[1.293s]                  from [01m[K/usr/local/include/opencv4/opencv2/core/core.hpp:48[m[K,
[1.294s]                  from [01m[K/home/jlurobovision/eng_ws/src/exchangestation_detector/include/exchangestation_detector/exchangestation_detector.hpp:11[m[K,
[1.294s]                  from [01m[K/home/jlurobovision/eng_ws/src/exchangestation_detector/src/exchangestation_detector.cpp:1[m[K:
[1.294s] [01m[K/usr/local/include/opencv4/opencv2/core/persistence.hpp:1196:14:[m[K [01;36m[Knote: [m[Kcandidate: ‘[01m[Ktemplate<class _Tp> cv::FileStorage& cv::operator<<(cv::FileStorage&, const _Tp&)[m[K’
[1.294s]  1196 | FileStorage& [01;36m[Koperator[m[K << (FileStorage& fs, const _Tp& value)
[1.294s]       |              [01;36m[K^~~~~~~~[m[K
[1.294s] [01m[K/usr/local/include/opencv4/opencv2/core/persistence.hpp:1196:14:[m[K [01;36m[Knote: [m[K  template argument deduction/substitution failed:
[1.294s] [01m[K/home/jlurobovision/eng_ws/src/exchangestation_detector/src/exchangestation_detector.cpp:71:5:[m[K [01;36m[Knote: [m[K  cannot convert ‘[01m[K((ExchangeStationDetector*)this)->ExchangeStationDetector::CameraMatrix[m[K’ (type ‘[01m[Kcv::Mat[m[K’) to type ‘[01m[Kcv::FileStorage&[m[K’
[1.295s]    71 |     [01;36m[KCameraMatrix[m[K << 1850.906255, 0.0000, 496.601643,
[1.295s]       |     [01;36m[K^~~~~~~~~~~~[m[K
[1.295s] In file included from [01m[K/usr/local/include/opencv4/opencv2/core.hpp:3389[m[K,
[1.295s]                  from [01m[K/usr/local/include/opencv4/opencv2/core/core.hpp:48[m[K,
[1.295s]                  from [01m[K/home/jlurobovision/eng_ws/src/exchangestation_detector/include/exchangestation_detector/exchangestation_detector.hpp:11[m[K,
[1.295s]                  from [01m[K/home/jlurobovision/eng_ws/src/exchangestation_detector/src/exchangestation_detector.cpp:1[m[K:
[1.295s] [01m[K/usr/local/include/opencv4/opencv2/core/cvstd.inl.hpp:99:15:[m[K [01;36m[Knote: [m[Kcandidate: ‘[01m[Ktemplate<class _Tp> std::ostream& cv::operator<<(std::ostream&, const cv::Complex<_Tp>&)[m[K’
[1.295s]    99 | std::ostream& [01;36m[Koperator[m[K << (std::ostream& out, const Complex<_Tp>& c)
[1.295s]       |               [01;36m[K^~~~~~~~[m[K
[1.295s] [01m[K/usr/local/include/opencv4/opencv2/core/cvstd.inl.hpp:99:15:[m[K [01;36m[Knote: [m[K  template argument deduction/substitution failed:
[1.295s] [01m[K/home/jlurobovision/eng_ws/src/exchangestation_detector/src/exchangestation_detector.cpp:71:21:[m[K [01;36m[Knote: [m[K  mismatched types ‘[01m[Kconst cv::Complex<_Tp>[m[K’ and ‘[01m[Kdouble[m[K’
[1.295s]    71 |     CameraMatrix << [01;36m[K1850.906255[m[K, 0.0000, 496.601643,
[1.295s]       |                     [01;36m[K^~~~~~~~~~~[m[K
[1.295s] In file included from [01m[K/usr/local/include/opencv4/opencv2/core.hpp:3389[m[K,
[1.295s]                  from [01m[K/usr/local/include/opencv4/opencv2/core/core.hpp:48[m[K,
[1.295s]                  from [01m[K/home/jlurobovision/eng_ws/src/exchangestation_detector/include/exchangestation_detector/exchangestation_detector.hpp:11[m[K,
[1.296s]                  from [01m[K/home/jlurobovision/eng_ws/src/exchangestation_detector/src/exchangestation_detector.cpp:1[m[K:
[1.296s] [01m[K/usr/local/include/opencv4/opencv2/core/cvstd.inl.hpp:105:15:[m[K [01;36m[Knote: [m[Kcandidate: ‘[01m[Ktemplate<class _Tp> std::ostream& cv::operator<<(std::ostream&, const std::vector<cv::Point_<_Tp> >&)[m[K’
[1.296s]   105 | std::ostream& [01;36m[Koperator[m[K << (std::ostream& out, const std::vector<Point_<_Tp> >& vec)
[1.296s]       |               [01;36m[K^~~~~~~~[m[K
[1.296s] [01m[K/usr/local/include/opencv4/opencv2/core/cvstd.inl.hpp:105:15:[m[K [01;36m[Knote: [m[K  template argument deduction/substitution failed:
[1.296s] [01m[K/home/jlurobovision/eng_ws/src/exchangestation_detector/src/exchangestation_detector.cpp:71:21:[m[K [01;36m[Knote: [m[K  mismatched types ‘[01m[Kconst std::vector<cv::Point_<_Tp> >[m[K’ and ‘[01m[Kdouble[m[K’
[1.296s]    71 |     CameraMatrix << [01;36m[K1850.906255[m[K, 0.0000, 496.601643,
[1.296s]       |                     [01;36m[K^~~~~~~~~~~[m[K
[1.296s] In file included from [01m[K/usr/local/include/opencv4/opencv2/core.hpp:3389[m[K,
[1.296s]                  from [01m[K/usr/local/include/opencv4/opencv2/core/core.hpp:48[m[K,
[1.296s]                  from [01m[K/home/jlurobovision/eng_ws/src/exchangestation_detector/include/exchangestation_detector/exchangestation_detector.hpp:11[m[K,
[1.296s]                  from [01m[K/home/jlurobovision/eng_ws/src/exchangestation_detector/src/exchangestation_detector.cpp:1[m[K:
[1.296s] [01m[K/usr/local/include/opencv4/opencv2/core/cvstd.inl.hpp:112:15:[m[K [01;36m[Knote: [m[Kcandidate: ‘[01m[Ktemplate<class _Tp> std::ostream& cv::operator<<(std::ostream&, const std::vector<cv::Point3_<_Tp> >&)[m[K’
[1.296s]   112 | std::ostream& [01;36m[Koperator[m[K << (std::ostream& out, const std::vector<Point3_<_Tp> >& vec)
[1.296s]       |               [01;36m[K^~~~~~~~[m[K
[1.296s] [01m[K/usr/local/include/opencv4/opencv2/core/cvstd.inl.hpp:112:15:[m[K [01;36m[Knote: [m[K  template argument deduction/substitution failed:
[1.297s] [01m[K/home/jlurobovision/eng_ws/src/exchangestation_detector/src/exchangestation_detector.cpp:71:21:[m[K [01;36m[Knote: [m[K  mismatched types ‘[01m[Kconst std::vector<cv::Point3_<_Tp> >[m[K’ and ‘[01m[Kdouble[m[K’
[1.297s]    71 |     CameraMatrix << [01;36m[K1850.906255[m[K, 0.0000, 496.601643,
[1.297s]       |                     [01;36m[K^~~~~~~~~~~[m[K
[1.297s] In file included from [01m[K/usr/local/include/opencv4/opencv2/core.hpp:3389[m[K,
[1.297s]                  from [01m[K/usr/local/include/opencv4/opencv2/core/core.hpp:48[m[K,
[1.297s]                  from [01m[K/home/jlurobovision/eng_ws/src/exchangestation_detector/include/exchangestation_detector/exchangestation_detector.hpp:11[m[K,
[1.297s]                  from [01m[K/home/jlurobovision/eng_ws/src/exchangestation_detector/src/exchangestation_detector.cpp:1[m[K:
[1.297s] [01m[K/usr/local/include/opencv4/opencv2/core/cvstd.inl.hpp:119:15:[m[K [01;36m[Knote: [m[Kcandidate: ‘[01m[Ktemplate<class _Tp, int m, int n> std::ostream& cv::operator<<(std::ostream&, const cv::Matx<_Tp, m, n>&)[m[K’
[1.297s]   119 | std::ostream& [01;36m[Koperator[m[K << (std::ostream& out, const Matx<_Tp, m, n>& matx)
[1.297s]       |               [01;36m[K^~~~~~~~[m[K
[1.297s] [01m[K/usr/local/include/opencv4/opencv2/core/cvstd.inl.hpp:119:15:[m[K [01;36m[Knote: [m[K  template argument deduction/substitution failed:
[1.297s] [01m[K/home/jlurobovision/eng_ws/src/exchangestation_detector/src/exchangestation_detector.cpp:71:21:[m[K [01;36m[Knote: [m[K  mismatched types ‘[01m[Kconst cv::Matx<_Tp, m, n>[m[K’ and ‘[01m[Kdouble[m[K’
[1.297s]    71 |     CameraMatrix << [01;36m[K1850.906255[m[K, 0.0000, 496.601643,
[1.297s]       |                     [01;36m[K^~~~~~~~~~~[m[K
[1.297s] In file included from [01m[K/usr/local/include/opencv4/opencv2/core.hpp:3389[m[K,
[1.297s]                  from [01m[K/usr/local/include/opencv4/opencv2/core/core.hpp:48[m[K,
[1.298s]                  from [01m[K/home/jlurobovision/eng_ws/src/exchangestation_detector/include/exchangestation_detector/exchangestation_detector.hpp:11[m[K,
[1.298s]                  from [01m[K/home/jlurobovision/eng_ws/src/exchangestation_detector/src/exchangestation_detector.cpp:1[m[K:
[1.298s] [01m[K/usr/local/include/opencv4/opencv2/core/cvstd.inl.hpp:125:15:[m[K [01;36m[Knote: [m[Kcandidate: ‘[01m[Ktemplate<class _Tp> std::ostream& cv::operator<<(std::ostream&, const cv::Point_<_Tp>&)[m[K’
[1.298s]   125 | std::ostream& [01;36m[Koperator[m[K << (std::ostream& out, const Point_<_Tp>& p)
[1.298s]       |               [01;36m[K^~~~~~~~[m[K
[1.298s] [01m[K/usr/local/include/opencv4/opencv2/core/cvstd.inl.hpp:125:15:[m[K [01;36m[Knote: [m[K  template argument deduction/substitution failed:
[1.298s] [01m[K/home/jlurobovision/eng_ws/src/exchangestation_detector/src/exchangestation_detector.cpp:71:21:[m[K [01;36m[Knote: [m[K  mismatched types ‘[01m[Kconst cv::Point_<_Tp>[m[K’ and ‘[01m[Kdouble[m[K’
[1.298s]    71 |     CameraMatrix << [01;36m[K1850.906255[m[K, 0.0000, 496.601643,
[1.298s]       |                     [01;36m[K^~~~~~~~~~~[m[K
[1.298s] In file included from [01m[K/usr/local/include/opencv4/opencv2/core.hpp:3389[m[K,
[1.298s]                  from [01m[K/usr/local/include/opencv4/opencv2/core/core.hpp:48[m[K,
[1.298s]                  from [01m[K/home/jlurobovision/eng_ws/src/exchangestation_detector/include/exchangestation_detector/exchangestation_detector.hpp:11[m[K,
[1.298s]                  from [01m[K/home/jlurobovision/eng_ws/src/exchangestation_detector/src/exchangestation_detector.cpp:1[m[K:
[1.298s] [01m[K/usr/local/include/opencv4/opencv2/core/cvstd.inl.hpp:132:15:[m[K [01;36m[Knote: [m[Kcandidate: ‘[01m[Ktemplate<class _Tp> std::ostream& cv::operator<<(std::ostream&, const cv::Point3_<_Tp>&)[m[K’
[1.298s]   132 | std::ostream& [01;36m[Koperator[m[K << (std::ostream& out, const Point3_<_Tp>& p)
[1.299s]       |               [01;36m[K^~~~~~~~[m[K
[1.299s] [01m[K/usr/local/include/opencv4/opencv2/core/cvstd.inl.hpp:132:15:[m[K [01;36m[Knote: [m[K  template argument deduction/substitution failed:
[1.299s] [01m[K/home/jlurobovision/eng_ws/src/exchangestation_detector/src/exchangestation_detector.cpp:71:21:[m[K [01;36m[Knote: [m[K  mismatched types ‘[01m[Kconst cv::Point3_<_Tp>[m[K’ and ‘[01m[Kdouble[m[K’
[1.299s]    71 |     CameraMatrix << [01;36m[K1850.906255[m[K, 0.0000, 496.601643,
[1.299s]       |                     [01;36m[K^~~~~~~~~~~[m[K
[1.299s] In file included from [01m[K/usr/local/include/opencv4/opencv2/core.hpp:3389[m[K,
[1.299s]                  from [01m[K/usr/local/include/opencv4/opencv2/core/core.hpp:48[m[K,
[1.299s]                  from [01m[K/home/jlurobovision/eng_ws/src/exchangestation_detector/include/exchangestation_detector/exchangestation_detector.hpp:11[m[K,
[1.299s]                  from [01m[K/home/jlurobovision/eng_ws/src/exchangestation_detector/src/exchangestation_detector.cpp:1[m[K:
[1.299s] [01m[K/usr/local/include/opencv4/opencv2/core/cvstd.inl.hpp:139:15:[m[K [01;36m[Knote: [m[Kcandidate: ‘[01m[Ktemplate<class _Tp, int n> std::ostream& cv::operator<<(std::ostream&, const cv::Vec<_Tp, m>&)[m[K’
[1.299s]   139 | std::ostream& [01;36m[Koperator[m[K << (std::ostream& out, const Vec<_Tp, n>& vec)
[1.299s]       |               [01;36m[K^~~~~~~~[m[K
[1.299s] [01m[K/usr/local/include/opencv4/opencv2/core/cvstd.inl.hpp:139:15:[m[K [01;36m[Knote: [m[K  template argument deduction/substitution failed:
[1.300s] [01m[K/home/jlurobovision/eng_ws/src/exchangestation_detector/src/exchangestation_detector.cpp:71:21:[m[K [01;36m[Knote: [m[K  mismatched types ‘[01m[Kconst cv::Vec<_Tp, m>[m[K’ and ‘[01m[Kdouble[m[K’
[1.300s]    71 |     CameraMatrix << [01;36m[K1850.906255[m[K, 0.0000, 496.601643,
[1.300s]       |                     [01;36m[K^~~~~~~~~~~[m[K
[1.300s] In file included from [01m[K/usr/local/include/opencv4/opencv2/core.hpp:3389[m[K,
[1.300s]                  from [01m[K/usr/local/include/opencv4/opencv2/core/core.hpp:48[m[K,
[1.300s]                  from [01m[K/home/jlurobovision/eng_ws/src/exchangestation_detector/include/exchangestation_detector/exchangestation_detector.hpp:11[m[K,
[1.300s]                  from [01m[K/home/jlurobovision/eng_ws/src/exchangestation_detector/src/exchangestation_detector.cpp:1[m[K:
[1.300s] [01m[K/usr/local/include/opencv4/opencv2/core/cvstd.inl.hpp:161:15:[m[K [01;36m[Knote: [m[Kcandidate: ‘[01m[Ktemplate<class _Tp> std::ostream& cv::operator<<(std::ostream&, const cv::Size_<_Tp>&)[m[K’
[1.300s]   161 | std::ostream& [01;36m[Koperator[m[K << (std::ostream& out, const Size_<_Tp>& size)
[1.300s]       |               [01;36m[K^~~~~~~~[m[K
[1.300s] [01m[K/usr/local/include/opencv4/opencv2/core/cvstd.inl.hpp:161:15:[m[K [01;36m[Knote: [m[K  template argument deduction/substitution failed:
[1.300s] [01m[K/home/jlurobovision/eng_ws/src/exchangestation_detector/src/exchangestation_detector.cpp:71:21:[m[K [01;36m[Knote: [m[K  mismatched types ‘[01m[Kconst cv::Size_<_Tp>[m[K’ and ‘[01m[Kdouble[m[K’
[1.300s]    71 |     CameraMatrix << [01;36m[K1850.906255[m[K, 0.0000, 496.601643,
[1.300s]       |                     [01;36m[K^~~~~~~~~~~[m[K
[1.301s] In file included from [01m[K/usr/local/include/opencv4/opencv2/core.hpp:3389[m[K,
[1.301s]                  from [01m[K/usr/local/include/opencv4/opencv2/core/core.hpp:48[m[K,
[1.301s]                  from [01m[K/home/jlurobovision/eng_ws/src/exchangestation_detector/include/exchangestation_detector/exchangestation_detector.hpp:11[m[K,
[1.301s]                  from [01m[K/home/jlurobovision/eng_ws/src/exchangestation_detector/src/exchangestation_detector.cpp:1[m[K:
[1.301s] [01m[K/usr/local/include/opencv4/opencv2/core/cvstd.inl.hpp:167:15:[m[K [01;36m[Knote: [m[Kcandidate: ‘[01m[Ktemplate<class _Tp> std::ostream& cv::operator<<(std::ostream&, const cv::Rect_<_Tp>&)[m[K’
[1.301s]   167 | std::ostream& [01;36m[Koperator[m[K << (std::ostream& out, const Rect_<_Tp>& rect)
[1.301s]       |               [01;36m[K^~~~~~~~[m[K
[1.301s] [01m[K/usr/local/include/opencv4/opencv2/core/cvstd.inl.hpp:167:15:[m[K [01;36m[Knote: [m[K  template argument deduction/substitution failed:
[1.301s] [01m[K/home/jlurobovision/eng_ws/src/exchangestation_detector/src/exchangestation_detector.cpp:71:21:[m[K [01;36m[Knote: [m[K  mismatched types ‘[01m[Kconst cv::Rect_<_Tp>[m[K’ and ‘[01m[Kdouble[m[K’
[1.301s]    71 |     CameraMatrix << [01;36m[K1850.906255[m[K, 0.0000, 496.601643,
[1.301s]       |                     [01;36m[K^~~~~~~~~~~[m[K
[1.301s] In file included from [01m[K/usr/local/include/opencv4/opencv2/core.hpp:59[m[K,
[1.301s]                  from [01m[K/usr/local/include/opencv4/opencv2/core/core.hpp:48[m[K,
[1.302s]                  from [01m[K/home/jlurobovision/eng_ws/src/exchangestation_detector/include/exchangestation_detector/exchangestation_detector.hpp:11[m[K,
[1.302s]                  from [01m[K/home/jlurobovision/eng_ws/src/exchangestation_detector/src/exchangestation_detector.cpp:1[m[K:
[1.302s] [01m[K/usr/local/include/opencv4/opencv2/core/persistence.hpp:793:25:[m[K [01;36m[Knote: [m[Kcandidate: ‘[01m[Kcv::FileStorage& cv::operator<<(cv::FileStorage&, const String&)[m[K’
[1.302s]   793 | CV_EXPORTS FileStorage& [01;36m[Koperator[m[K << (FileStorage& fs, const String& str);
[1.302s]       |                         [01;36m[K^~~~~~~~[m[K
[1.302s] [01m[K/usr/local/include/opencv4/opencv2/core/persistence.hpp:793:51:[m[K [01;36m[Knote: [m[K  no known conversion for argument 1 from ‘[01m[Kcv::Mat[m[K’ to ‘[01m[Kcv::FileStorage&[m[K’
[1.302s]   793 | CV_EXPORTS FileStorage& operator << ([01;36m[KFileStorage& fs[m[K, const String& str);
[1.302s]       |                                      [01;36m[K~~~~~~~~~~~~~^~[m[K
[1.302s] [01m[K/usr/local/include/opencv4/opencv2/core/persistence.hpp:1211:14:[m[K [01;36m[Knote: [m[Kcandidate: ‘[01m[Kcv::FileStorage& cv::operator<<(cv::FileStorage&, const char*)[m[K’
[1.302s]  1211 | FileStorage& [01;36m[Koperator[m[K << (FileStorage& fs, const char* str)
[1.302s]       |              [01;36m[K^~~~~~~~[m[K
[1.302s] [01m[K/usr/local/include/opencv4/opencv2/core/persistence.hpp:1211:40:[m[K [01;36m[Knote: [m[K  no known conversion for argument 1 from ‘[01m[Kcv::Mat[m[K’ to ‘[01m[Kcv::FileStorage&[m[K’
[1.302s]  1211 | FileStorage& operator << ([01;36m[KFileStorage& fs[m[K, const char* str)
[1.302s]       |                           [01;36m[K~~~~~~~~~~~~~^~[m[K
[1.303s] [01m[K/usr/local/include/opencv4/opencv2/core/persistence.hpp:1219:14:[m[K [01;36m[Knote: [m[Kcandidate: ‘[01m[Kcv::FileStorage& cv::operator<<(cv::FileStorage&, char*)[m[K’
[1.303s]  1219 | FileStorage& [01;36m[Koperator[m[K << (FileStorage& fs, char* value)
[1.303s]       |              [01;36m[K^~~~~~~~[m[K
[1.303s] [01m[K/usr/local/include/opencv4/opencv2/core/persistence.hpp:1219:40:[m[K [01;36m[Knote: [m[K  no known conversion for argument 1 from ‘[01m[Kcv::Mat[m[K’ to ‘[01m[Kcv::FileStorage&[m[K’
[1.303s]  1219 | FileStorage& operator << ([01;36m[KFileStorage& fs[m[K, char* value)
[1.303s]       |                           [01;36m[K~~~~~~~~~~~~~^~[m[K
[1.303s] In file included from [01m[K/usr/local/include/opencv4/opencv2/core/core.hpp:48[m[K,
[1.303s]                  from [01m[K/home/jlurobovision/eng_ws/src/exchangestation_detector/include/exchangestation_detector/exchangestation_detector.hpp:11[m[K,
[1.303s]                  from [01m[K/home/jlurobovision/eng_ws/src/exchangestation_detector/src/exchangestation_detector.cpp:1[m[K:
[1.303s] [01m[K/usr/local/include/opencv4/opencv2/core.hpp:3137:9:[m[K [01;36m[Knote: [m[Kcandidate: ‘[01m[Kcv::String& cv::operator<<(cv::String&, cv::Ptr<cv::Formatted>)[m[K’
[1.303s]  3137 | String& [01;36m[Koperator[m[K << (String& out, Ptr<Formatted> fmtd)
[1.303s]       |         [01;36m[K^~~~~~~~[m[K
[1.303s] [01m[K/usr/local/include/opencv4/opencv2/core.hpp:3137:30:[m[K [01;36m[Knote: [m[K  no known conversion for argument 1 from ‘[01m[Kcv::Mat[m[K’ to ‘[01m[Kcv::String&[m[K’ {aka ‘[01m[Kstd::__cxx11::basic_string<char>&[m[K’}
[1.303s]  3137 | String& operator << ([01;36m[KString& out[m[K, Ptr<Formatted> fmtd)
[1.304s]       |                      [01;36m[K~~~~~~~~^~~[m[K
[1.304s] [01m[K/usr/local/include/opencv4/opencv2/core.hpp:3146:9:[m[K [01;36m[Knote: [m[Kcandidate: ‘[01m[Kcv::String& cv::operator<<(cv::String&, const cv::Mat&)[m[K’
[1.304s]  3146 | String& [01;36m[Koperator[m[K << (String& out, const Mat& mtx)
[1.304s]       |         [01;36m[K^~~~~~~~[m[K
[1.304s] [01m[K/usr/local/include/opencv4/opencv2/core.hpp:3146:30:[m[K [01;36m[Knote: [m[K  no known conversion for argument 1 from ‘[01m[Kcv::Mat[m[K’ to ‘[01m[Kcv::String&[m[K’ {aka ‘[01m[Kstd::__cxx11::basic_string<char>&[m[K’}
[1.304s]  3146 | String& operator << ([01;36m[KString& out[m[K, const Mat& mtx)
[1.304s]       |                      [01;36m[K~~~~~~~~^~~[m[K
[1.304s] In file included from [01m[K/usr/local/include/opencv4/opencv2/core.hpp:3389[m[K,
[1.304s]                  from [01m[K/usr/local/include/opencv4/opencv2/core/core.hpp:48[m[K,
[1.304s]                  from [01m[K/home/jlurobovision/eng_ws/src/exchangestation_detector/include/exchangestation_detector/exchangestation_detector.hpp:11[m[K,
[1.304s]                  from [01m[K/home/jlurobovision/eng_ws/src/exchangestation_detector/src/exchangestation_detector.cpp:1[m[K:
[1.304s] [01m[K/usr/local/include/opencv4/opencv2/core/cvstd.inl.hpp:78:15:[m[K [01;36m[Knote: [m[Kcandidate: ‘[01m[Kstd::ostream& cv::operator<<(std::ostream&, cv::Ptr<cv::Formatted>)[m[K’
[1.304s]    78 | std::ostream& [01;36m[Koperator[m[K << (std::ostream& out, Ptr<Formatted> fmtd)
[1.304s]       |               [01;36m[K^~~~~~~~[m[K
[1.305s] [01m[K/usr/local/include/opencv4/opencv2/core/cvstd.inl.hpp:78:42:[m[K [01;36m[Knote: [m[K  no known conversion for argument 1 from ‘[01m[Kcv::Mat[m[K’ to ‘[01m[Kstd::ostream&[m[K’ {aka ‘[01m[Kstd::basic_ostream<char>&[m[K’}
[1.305s]    78 | std::ostream& operator << ([01;36m[Kstd::ostream& out[m[K, Ptr<Formatted> fmtd)
[1.305s]       |                            [01;36m[K~~~~~~~~~~~~~~^~~[m[K
[1.305s] [01m[K/usr/local/include/opencv4/opencv2/core/cvstd.inl.hpp:87:15:[m[K [01;36m[Knote: [m[Kcandidate: ‘[01m[Kstd::ostream& cv::operator<<(std::ostream&, const cv::Mat&)[m[K’
[1.305s]    87 | std::ostream& [01;36m[Koperator[m[K << (std::ostream& out, const Mat& mtx)
[1.305s]       |               [01;36m[K^~~~~~~~[m[K
[1.305s] [01m[K/usr/local/include/opencv4/opencv2/core/cvstd.inl.hpp:87:42:[m[K [01;36m[Knote: [m[K  no known conversion for argument 1 from ‘[01m[Kcv::Mat[m[K’ to ‘[01m[Kstd::ostream&[m[K’ {aka ‘[01m[Kstd::basic_ostream<char>&[m[K’}
[1.305s]    87 | std::ostream& operator << ([01;36m[Kstd::ostream& out[m[K, const Mat& mtx)
[1.305s]       |                            [01;36m[K~~~~~~~~~~~~~~^~~[m[K
[1.305s] [01m[K/usr/local/include/opencv4/opencv2/core/cvstd.inl.hpp:93:15:[m[K [01;36m[Knote: [m[Kcandidate: ‘[01m[Kstd::ostream& cv::operator<<(std::ostream&, const cv::UMat&)[m[K’
[1.305s]    93 | std::ostream& [01;36m[Koperator[m[K << (std::ostream& out, const UMat& m)
[1.305s]       |               [01;36m[K^~~~~~~~[m[K
[1.305s] [01m[K/usr/local/include/opencv4/opencv2/core/cvstd.inl.hpp:93:42:[m[K [01;36m[Knote: [m[K  no known conversion for argument 1 from ‘[01m[Kcv::Mat[m[K’ to ‘[01m[Kstd::ostream&[m[K’ {aka ‘[01m[Kstd::basic_ostream<char>&[m[K’}
[1.305s]    93 | std::ostream& operator << ([01;36m[Kstd::ostream& out[m[K, const UMat& m)
[1.305s]       |                            [01;36m[K~~~~~~~~~~~~~~^~~[m[K
[1.306s] [01m[K/usr/local/include/opencv4/opencv2/core/cvstd.inl.hpp:172:29:[m[K [01;36m[Knote: [m[Kcandidate: ‘[01m[Kstd::ostream& cv::operator<<(std::ostream&, const cv::MatSize&)[m[K’
[1.306s]   172 | static inline std::ostream& [01;36m[Koperator[m[K << (std::ostream& out, const MatSize& msize)
[1.306s]       |                             [01;36m[K^~~~~~~~[m[K
[1.306s] [01m[K/usr/local/include/opencv4/opencv2/core/cvstd.inl.hpp:172:56:[m[K [01;36m[Knote: [m[K  no known conversion for argument 1 from ‘[01m[Kcv::Mat[m[K’ to ‘[01m[Kstd::ostream&[m[K’ {aka ‘[01m[Kstd::basic_ostream<char>&[m[K’}
[1.306s]   172 | static inline std::ostream& operator << ([01;36m[Kstd::ostream& out[m[K, const MatSize& msize)
[1.306s]       |                                          [01;36m[K~~~~~~~~~~~~~~^~~[m[K
[1.306s] [01m[K/usr/local/include/opencv4/opencv2/core/cvstd.inl.hpp:184:29:[m[K [01;36m[Knote: [m[Kcandidate: ‘[01m[Kstd::ostream& cv::operator<<(std::ostream&, cv::Range&)[m[K’
[1.306s]   184 | static inline std::ostream &[01;36m[Koperator[m[K<< (std::ostream &s, cv::Range &r)
[1.306s]       |                             [01;36m[K^~~~~~~~[m[K
[1.306s] [01m[K/usr/local/include/opencv4/opencv2/core/cvstd.inl.hpp:184:55:[m[K [01;36m[Knote: [m[K  no known conversion for argument 1 from ‘[01m[Kcv::Mat[m[K’ to ‘[01m[Kstd::ostream&[m[K’ {aka ‘[01m[Kstd::basic_ostream<char>&[m[K’}
[1.306s]   184 | static inline std::ostream &operator<< ([01;36m[Kstd::ostream &s[m[K, cv::Range &r)
[1.306s]       |                                         [01;36m[K~~~~~~~~~~~~~~^[m[K
[1.306s] In file included from [01m[K/usr/local/include/opencv4/opencv2/core.hpp:3390[m[K,
[1.306s]                  from [01m[K/usr/local/include/opencv4/opencv2/core/core.hpp:48[m[K,
[1.306s]                  from [01m[K/home/jlurobovision/eng_ws/src/exchangestation_detector/include/exchangestation_detector/exchangestation_detector.hpp:11[m[K,
[1.307s]                  from [01m[K/home/jlurobovision/eng_ws/src/exchangestation_detector/src/exchangestation_detector.cpp:1[m[K:
[1.307s] [01m[K/usr/local/include/opencv4/opencv2/core/utility.hpp:398:15:[m[K [01;36m[Knote: [m[Kcandidate: ‘[01m[Kstd::ostream& cv::operator<<(std::ostream&, const cv::TickMeter&)[m[K’
[1.307s]   398 | std::ostream& [01;36m[Koperator[m[K << (std::ostream& out, const TickMeter& tm)
[1.307s]       |               [01;36m[K^~~~~~~~[m[K
[1.307s] [01m[K/usr/local/include/opencv4/opencv2/core/utility.hpp:398:42:[m[K [01;36m[Knote: [m[K  no known conversion for argument 1 from ‘[01m[Kcv::Mat[m[K’ to ‘[01m[Kstd::ostream&[m[K’ {aka ‘[01m[Kstd::basic_ostream<char>&[m[K’}
[1.307s]   398 | std::ostream& operator << ([01;36m[Kstd::ostream& out[m[K, const TickMeter& tm)
[1.307s]       |                            [01;36m[K~~~~~~~~~~~~~~^~~[m[K
[1.307s] [01m[K/home/jlurobovision/eng_ws/src/exchangestation_detector/src/exchangestation_detector.cpp:74:21:[m[K [01;31m[Kerror: [m[Kno match for ‘[01m[Koperator<<[m[K’ (operand types are ‘[01m[Kcv::Mat[m[K’ and ‘[01m[Kdouble[m[K’)
[1.307s]    74 |     [32m[KDistortionCoeff[m[K [01;31m[K<<[m[K [34m[K-0.068474[m[K, 0.250751, -0.010355, 0.008416, 0.000000;
[1.307s]       |     [32m[K~~~~~~~~~~~~~~~[m[K [01;31m[K^~[m[K [34m[K~~~~~~~~~[m[K
[1.307s]       |     [32m[K|[m[K                  [34m[K|[m[K
[1.307s]       |     [32m[Kcv::Mat[m[K            [34m[Kdouble[m[K
[1.307s] In file included from [01m[K/usr/local/include/opencv4/opencv2/core/matx.hpp:542[m[K,
[1.307s]                  from [01m[K/usr/local/include/opencv4/opencv2/core.hpp:56[m[K,
[1.308s]                  from [01m[K/usr/local/include/opencv4/opencv2/core/core.hpp:48[m[K,
[1.308s]                  from [01m[K/home/jlurobovision/eng_ws/src/exchangestation_detector/include/exchangestation_detector/exchangestation_detector.hpp:11[m[K,
[1.308s]                  from [01m[K/home/jlurobovision/eng_ws/src/exchangestation_detector/src/exchangestation_detector.cpp:1[m[K:
[1.308s] [01m[K/usr/local/include/opencv4/opencv2/core/matx.inl.hpp:119:33:[m[K [01;36m[Knote: [m[Kcandidate: ‘[01m[Ktemplate<class _Tp, class _T2, int m, int n> cv::MatxCommaInitializer<_Tp, m, n> cv::operator<<(const cv::Matx<_Tp1, m, n>&, _T2)[m[K’
[1.308s]   119 | MatxCommaInitializer<_Tp, m, n> [01;36m[Koperator[m[K << (const Matx<_Tp, m, n>& mtx, _T2 val)
[1.308s]       |                                 [01;36m[K^~~~~~~~[m[K
[1.308s] [01m[K/usr/local/include/opencv4/opencv2/core/matx.inl.hpp:119:33:[m[K [01;36m[Knote: [m[K  template argument deduction/substitution failed:
[1.308s] [01m[K/home/jlurobovision/eng_ws/src/exchangestation_detector/src/exchangestation_detector.cpp:74:25:[m[K [01;36m[Knote: [m[K  ‘[01m[Kcv::Mat[m[K’ is not derived from ‘[01m[Kconst cv::Matx<_Tp1, m, n>[m[K’
[1.308s]    74 |     DistortionCoeff << -[01;36m[K0.068474[m[K, 0.250751, -0.010355, 0.008416, 0.000000;
[1.308s]       |                         [01;36m[K^~~~~~~~[m[K
[1.308s] In file included from [01m[K/usr/local/include/opencv4/opencv2/core/matx.hpp:542[m[K,
[1.308s]                  from [01m[K/usr/local/include/opencv4/opencv2/core.hpp:56[m[K,
[1.308s]                  from [01m[K/usr/local/include/opencv4/opencv2/core/core.hpp:48[m[K,
[1.308s]                  from [01m[K/home/jlurobovision/eng_ws/src/exchangestation_detector/include/exchangestation_detector/exchangestation_detector.hpp:11[m[K,
[1.309s]                  from [01m[K/home/jlurobovision/eng_ws/src/exchangestation_detector/src/exchangestation_detector.cpp:1[m[K:
[1.309s] [01m[K/usr/local/include/opencv4/opencv2/core/matx.inl.hpp:742:30:[m[K [01;36m[Knote: [m[Kcandidate: ‘[01m[Ktemplate<class _Tp, class _T2, int cn> cv::VecCommaInitializer<_Tp, cn> cv::operator<<(const cv::Vec<_Tp, n>&, _T2)[m[K’
[1.309s]   742 | VecCommaInitializer<_Tp, cn> [01;36m[Koperator[m[K << (const Vec<_Tp, cn>& vec, _T2 val)
[1.309s]       |                              [01;36m[K^~~~~~~~[m[K
[1.309s] [01m[K/usr/local/include/opencv4/opencv2/core/matx.inl.hpp:742:30:[m[K [01;36m[Knote: [m[K  template argument deduction/substitution failed:
[1.309s] [01m[K/home/jlurobovision/eng_ws/src/exchangestation_detector/src/exchangestation_detector.cpp:74:25:[m[K [01;36m[Knote: [m[K  ‘[01m[Kcv::Mat[m[K’ is not derived from ‘[01m[Kconst cv::Vec<_Tp, n>[m[K’
[1.309s]    74 |     DistortionCoeff << -[01;36m[K0.068474[m[K, 0.250751, -0.010355, 0.008416, 0.000000;
[1.309s]       |                         [01;36m[K^~~~~~~~[m[K
[1.309s] In file included from [01m[K/usr/local/include/opencv4/opencv2/core/mat.hpp:3795[m[K,
[1.309s]                  from [01m[K/usr/local/include/opencv4/opencv2/core.hpp:58[m[K,
[1.309s]                  from [01m[K/usr/local/include/opencv4/opencv2/core/core.hpp:48[m[K,
[1.309s]                  from [01m[K/home/jlurobovision/eng_ws/src/exchangestation_detector/include/exchangestation_detector/exchangestation_detector.hpp:11[m[K,
[1.309s]                  from [01m[K/home/jlurobovision/eng_ws/src/exchangestation_detector/src/exchangestation_detector.cpp:1[m[K:
[1.309s] [01m[K/usr/local/include/opencv4/opencv2/core/mat.inl.hpp:2997:27:[m[K [01;36m[Knote: [m[Kcandidate: ‘[01m[Ktemplate<class _Tp, class T2> cv::MatCommaInitializer_<_Tp> cv::operator<<(const cv::Mat_<_Tp>&, T2)[m[K’
[1.309s]  2997 | MatCommaInitializer_<_Tp> [01;36m[Koperator[m[K << (const Mat_<_Tp>& m, T2 val)
[1.310s]       |                           [01;36m[K^~~~~~~~[m[K
[1.310s] [01m[K/usr/local/include/opencv4/opencv2/core/mat.inl.hpp:2997:27:[m[K [01;36m[Knote: [m[K  template argument deduction/substitution failed:
[1.310s] [01m[K/home/jlurobovision/eng_ws/src/exchangestation_detector/src/exchangestation_detector.cpp:74:25:[m[K [01;36m[Knote: [m[K  ‘[01m[Kcv::Mat[m[K’ is not derived from ‘[01m[Kconst cv::Mat_<_Tp>[m[K’
[1.310s]    74 |     DistortionCoeff << -[01;36m[K0.068474[m[K, 0.250751, -0.010355, 0.008416, 0.000000;
[1.310s]       |                         [01;36m[K^~~~~~~~[m[K
[1.310s] In file included from [01m[K/usr/local/include/opencv4/opencv2/core.hpp:59[m[K,
[1.310s]                  from [01m[K/usr/local/include/opencv4/opencv2/core/core.hpp:48[m[K,
[1.310s]                  from [01m[K/home/jlurobovision/eng_ws/src/exchangestation_detector/include/exchangestation_detector/exchangestation_detector.hpp:11[m[K,
[1.310s]                  from [01m[K/home/jlurobovision/eng_ws/src/exchangestation_detector/src/exchangestation_detector.cpp:1[m[K:
[1.310s] [01m[K/usr/local/include/opencv4/opencv2/core/persistence.hpp:1196:14:[m[K [01;36m[Knote: [m[Kcandidate: ‘[01m[Ktemplate<class _Tp> cv::FileStorage& cv::operator<<(cv::FileStorage&, const _Tp&)[m[K’
[1.310s]  1196 | FileStorage& [01;36m[Koperator[m[K << (FileStorage& fs, const _Tp& value)
[1.310s]       |              [01;36m[K^~~~~~~~[m[K
[1.310s] [01m[K/usr/local/include/opencv4/opencv2/core/persistence.hpp:1196:14:[m[K [01;36m[Knote: [m[K  template argument deduction/substitution failed:
[1.310s] [01m[K/home/jlurobovision/eng_ws/src/exchangestation_detector/src/exchangestation_detector.cpp:74:5:[m[K [01;36m[Knote: [m[K  cannot convert ‘[01m[K((ExchangeStationDetector*)this)->ExchangeStationDetector::DistortionCoeff[m[K’ (type ‘[01m[Kcv::Mat[m[K’) to type ‘[01m[Kcv::FileStorage&[m[K’
[1.310s]    74 |     [01;36m[KDistortionCoeff[m[K << -0.068474, 0.250751, -0.010355, 0.008416, 0.000000;
[1.311s]       |     [01;36m[K^~~~~~~~~~~~~~~[m[K
[1.311s] In file included from [01m[K/usr/local/include/opencv4/opencv2/core.hpp:3389[m[K,
[1.311s]                  from [01m[K/usr/local/include/opencv4/opencv2/core/core.hpp:48[m[K,
[1.311s]                  from [01m[K/home/jlurobovision/eng_ws/src/exchangestation_detector/include/exchangestation_detector/exchangestation_detector.hpp:11[m[K,
[1.311s]                  from [01m[K/home/jlurobovision/eng_ws/src/exchangestation_detector/src/exchangestation_detector.cpp:1[m[K:
[1.311s] [01m[K/usr/local/include/opencv4/opencv2/core/cvstd.inl.hpp:99:15:[m[K [01;36m[Knote: [m[Kcandidate: ‘[01m[Ktemplate<class _Tp> std::ostream& cv::operator<<(std::ostream&, const cv::Complex<_Tp>&)[m[K’
[1.311s]    99 | std::ostream& [01;36m[Koperator[m[K << (std::ostream& out, const Complex<_Tp>& c)
[1.311s]       |               [01;36m[K^~~~~~~~[m[K
[1.311s] [01m[K/usr/local/include/opencv4/opencv2/core/cvstd.inl.hpp:99:15:[m[K [01;36m[Knote: [m[K  template argument deduction/substitution failed:
[1.311s] [01m[K/home/jlurobovision/eng_ws/src/exchangestation_detector/src/exchangestation_detector.cpp:74:25:[m[K [01;36m[Knote: [m[K  mismatched types ‘[01m[Kconst cv::Complex<_Tp>[m[K’ and ‘[01m[Kdouble[m[K’
[1.311s]    74 |     DistortionCoeff << -[01;36m[K0.068474[m[K, 0.250751, -0.010355, 0.008416, 0.000000;
[1.311s]       |                         [01;36m[K^~~~~~~~[m[K
[1.311s] In file included from [01m[K/usr/local/include/opencv4/opencv2/core.hpp:3389[m[K,
[1.311s]                  from [01m[K/usr/local/include/opencv4/opencv2/core/core.hpp:48[m[K,
[1.311s]                  from [01m[K/home/jlurobovision/eng_ws/src/exchangestation_detector/include/exchangestation_detector/exchangestation_detector.hpp:11[m[K,
[1.312s]                  from [01m[K/home/jlurobovision/eng_ws/src/exchangestation_detector/src/exchangestation_detector.cpp:1[m[K:
[1.312s] [01m[K/usr/local/include/opencv4/opencv2/core/cvstd.inl.hpp:105:15:[m[K [01;36m[Knote: [m[Kcandidate: ‘[01m[Ktemplate<class _Tp> std::ostream& cv::operator<<(std::ostream&, const std::vector<cv::Point_<_Tp> >&)[m[K’
[1.312s]   105 | std::ostream& [01;36m[Koperator[m[K << (std::ostream& out, const std::vector<Point_<_Tp> >& vec)
[1.312s]       |               [01;36m[K^~~~~~~~[m[K
[1.312s] [01m[K/usr/local/include/opencv4/opencv2/core/cvstd.inl.hpp:105:15:[m[K [01;36m[Knote: [m[K  template argument deduction/substitution failed:
[1.312s] [01m[K/home/jlurobovision/eng_ws/src/exchangestation_detector/src/exchangestation_detector.cpp:74:25:[m[K [01;36m[Knote: [m[K  mismatched types ‘[01m[Kconst std::vector<cv::Point_<_Tp> >[m[K’ and ‘[01m[Kdouble[m[K’
[1.312s]    74 |     DistortionCoeff << -[01;36m[K0.068474[m[K, 0.250751, -0.010355, 0.008416, 0.000000;
[1.312s]       |                         [01;36m[K^~~~~~~~[m[K
[1.312s] In file included from [01m[K/usr/local/include/opencv4/opencv2/core.hpp:3389[m[K,
[1.312s]                  from [01m[K/usr/local/include/opencv4/opencv2/core/core.hpp:48[m[K,
[1.312s]                  from [01m[K/home/jlurobovision/eng_ws/src/exchangestation_detector/include/exchangestation_detector/exchangestation_detector.hpp:11[m[K,
[1.312s]                  from [01m[K/home/jlurobovision/eng_ws/src/exchangestation_detector/src/exchangestation_detector.cpp:1[m[K:
[1.312s] [01m[K/usr/local/include/opencv4/opencv2/core/cvstd.inl.hpp:112:15:[m[K [01;36m[Knote: [m[Kcandidate: ‘[01m[Ktemplate<class _Tp> std::ostream& cv::operator<<(std::ostream&, const std::vector<cv::Point3_<_Tp> >&)[m[K’
[1.312s]   112 | std::ostream& [01;36m[Koperator[m[K << (std::ostream& out, const std::vector<Point3_<_Tp> >& vec)
[1.312s]       |               [01;36m[K^~~~~~~~[m[K
[1.313s] [01m[K/usr/local/include/opencv4/opencv2/core/cvstd.inl.hpp:112:15:[m[K [01;36m[Knote: [m[K  template argument deduction/substitution failed:
[1.313s] [01m[K/home/jlurobovision/eng_ws/src/exchangestation_detector/src/exchangestation_detector.cpp:74:25:[m[K [01;36m[Knote: [m[K  mismatched types ‘[01m[Kconst std::vector<cv::Point3_<_Tp> >[m[K’ and ‘[01m[Kdouble[m[K’
[1.313s]    74 |     DistortionCoeff << -[01;36m[K0.068474[m[K, 0.250751, -0.010355, 0.008416, 0.000000;
[1.313s]       |                         [01;36m[K^~~~~~~~[m[K
[1.313s] In file included from [01m[K/usr/local/include/opencv4/opencv2/core.hpp:3389[m[K,
[1.313s]                  from [01m[K/usr/local/include/opencv4/opencv2/core/core.hpp:48[m[K,
[1.313s]                  from [01m[K/home/jlurobovision/eng_ws/src/exchangestation_detector/include/exchangestation_detector/exchangestation_detector.hpp:11[m[K,
[1.313s]                  from [01m[K/home/jlurobovision/eng_ws/src/exchangestation_detector/src/exchangestation_detector.cpp:1[m[K:
[1.313s] [01m[K/usr/local/include/opencv4/opencv2/core/cvstd.inl.hpp:119:15:[m[K [01;36m[Knote: [m[Kcandidate: ‘[01m[Ktemplate<class _Tp, int m, int n> std::ostream& cv::operator<<(std::ostream&, const cv::Matx<_Tp, m, n>&)[m[K’
[1.313s]   119 | std::ostream& [01;36m[Koperator[m[K << (std::ostream& out, const Matx<_Tp, m, n>& matx)
[1.313s]       |               [01;36m[K^~~~~~~~[m[K
[1.313s] [01m[K/usr/local/include/opencv4/opencv2/core/cvstd.inl.hpp:119:15:[m[K [01;36m[Knote: [m[K  template argument deduction/substitution failed:
[1.313s] [01m[K/home/jlurobovision/eng_ws/src/exchangestation_detector/src/exchangestation_detector.cpp:74:25:[m[K [01;36m[Knote: [m[K  mismatched types ‘[01m[Kconst cv::Matx<_Tp, m, n>[m[K’ and ‘[01m[Kdouble[m[K’
[1.313s]    74 |     DistortionCoeff << -[01;36m[K0.068474[m[K, 0.250751, -0.010355, 0.008416, 0.000000;
[1.313s]       |                         [01;36m[K^~~~~~~~[m[K
[1.313s] In file included from [01m[K/usr/local/include/opencv4/opencv2/core.hpp:3389[m[K,
[1.314s]                  from [01m[K/usr/local/include/opencv4/opencv2/core/core.hpp:48[m[K,
[1.314s]                  from [01m[K/home/jlurobovision/eng_ws/src/exchangestation_detector/include/exchangestation_detector/exchangestation_detector.hpp:11[m[K,
[1.314s]                  from [01m[K/home/jlurobovision/eng_ws/src/exchangestation_detector/src/exchangestation_detector.cpp:1[m[K:
[1.314s] [01m[K/usr/local/include/opencv4/opencv2/core/cvstd.inl.hpp:125:15:[m[K [01;36m[Knote: [m[Kcandidate: ‘[01m[Ktemplate<class _Tp> std::ostream& cv::operator<<(std::ostream&, const cv::Point_<_Tp>&)[m[K’
[1.314s]   125 | std::ostream& [01;36m[Koperator[m[K << (std::ostream& out, const Point_<_Tp>& p)
[1.314s]       |               [01;36m[K^~~~~~~~[m[K
[1.314s] [01m[K/usr/local/include/opencv4/opencv2/core/cvstd.inl.hpp:125:15:[m[K [01;36m[Knote: [m[K  template argument deduction/substitution failed:
[1.314s] [01m[K/home/jlurobovision/eng_ws/src/exchangestation_detector/src/exchangestation_detector.cpp:74:25:[m[K [01;36m[Knote: [m[K  mismatched types ‘[01m[Kconst cv::Point_<_Tp>[m[K’ and ‘[01m[Kdouble[m[K’
[1.314s]    74 |     DistortionCoeff << -[01;36m[K0.068474[m[K, 0.250751, -0.010355, 0.008416, 0.000000;
[1.314s]       |                         [01;36m[K^~~~~~~~[m[K
[1.314s] In file included from [01m[K/usr/local/include/opencv4/opencv2/core.hpp:3389[m[K,
[1.314s]                  from [01m[K/usr/local/include/opencv4/opencv2/core/core.hpp:48[m[K,
[1.314s]                  from [01m[K/home/jlurobovision/eng_ws/src/exchangestation_detector/include/exchangestation_detector/exchangestation_detector.hpp:11[m[K,
[1.314s]                  from [01m[K/home/jlurobovision/eng_ws/src/exchangestation_detector/src/exchangestation_detector.cpp:1[m[K:
[1.314s] [01m[K/usr/local/include/opencv4/opencv2/core/cvstd.inl.hpp:132:15:[m[K [01;36m[Knote: [m[Kcandidate: ‘[01m[Ktemplate<class _Tp> std::ostream& cv::operator<<(std::ostream&, const cv::Point3_<_Tp>&)[m[K’
[1.314s]   132 | std::ostream& [01;36m[Koperator[m[K << (std::ostream& out, const Point3_<_Tp>& p)
[1.314s]       |               [01;36m[K^~~~~~~~[m[K
[1.315s] [01m[K/usr/local/include/opencv4/opencv2/core/cvstd.inl.hpp:132:15:[m[K [01;36m[Knote: [m[K  template argument deduction/substitution failed:
[1.315s] [01m[K/home/jlurobovision/eng_ws/src/exchangestation_detector/src/exchangestation_detector.cpp:74:25:[m[K [01;36m[Knote: [m[K  mismatched types ‘[01m[Kconst cv::Point3_<_Tp>[m[K’ and ‘[01m[Kdouble[m[K’
[1.315s]    74 |     DistortionCoeff << -[01;36m[K0.068474[m[K, 0.250751, -0.010355, 0.008416, 0.000000;
[1.315s]       |                         [01;36m[K^~~~~~~~[m[K
[1.315s] In file included from [01m[K/usr/local/include/opencv4/opencv2/core.hpp:3389[m[K,
[1.315s]                  from [01m[K/usr/local/include/opencv4/opencv2/core/core.hpp:48[m[K,
[1.315s]                  from [01m[K/home/jlurobovision/eng_ws/src/exchangestation_detector/include/exchangestation_detector/exchangestation_detector.hpp:11[m[K,
[1.315s]                  from [01m[K/home/jlurobovision/eng_ws/src/exchangestation_detector/src/exchangestation_detector.cpp:1[m[K:
[1.315s] [01m[K/usr/local/include/opencv4/opencv2/core/cvstd.inl.hpp:139:15:[m[K [01;36m[Knote: [m[Kcandidate: ‘[01m[Ktemplate<class _Tp, int n> std::ostream& cv::operator<<(std::ostream&, const cv::Vec<_Tp, m>&)[m[K’
[1.315s]   139 | std::ostream& [01;36m[Koperator[m[K << (std::ostream& out, const Vec<_Tp, n>& vec)
[1.315s]       |               [01;36m[K^~~~~~~~[m[K
[1.315s] [01m[K/usr/local/include/opencv4/opencv2/core/cvstd.inl.hpp:139:15:[m[K [01;36m[Knote: [m[K  template argument deduction/substitution failed:
[1.315s] [01m[K/home/jlurobovision/eng_ws/src/exchangestation_detector/src/exchangestation_detector.cpp:74:25:[m[K [01;36m[Knote: [m[K  mismatched types ‘[01m[Kconst cv::Vec<_Tp, m>[m[K’ and ‘[01m[Kdouble[m[K’
[1.315s]    74 |     DistortionCoeff << -[01;36m[K0.068474[m[K, 0.250751, -0.010355, 0.008416, 0.000000;
[1.315s]       |                         [01;36m[K^~~~~~~~[m[K
[1.315s] In file included from [01m[K/usr/local/include/opencv4/opencv2/core.hpp:3389[m[K,
[1.316s]                  from [01m[K/usr/local/include/opencv4/opencv2/core/core.hpp:48[m[K,
[1.316s]                  from [01m[K/home/jlurobovision/eng_ws/src/exchangestation_detector/include/exchangestation_detector/exchangestation_detector.hpp:11[m[K,
[1.316s]                  from [01m[K/home/jlurobovision/eng_ws/src/exchangestation_detector/src/exchangestation_detector.cpp:1[m[K:
[1.316s] [01m[K/usr/local/include/opencv4/opencv2/core/cvstd.inl.hpp:161:15:[m[K [01;36m[Knote: [m[Kcandidate: ‘[01m[Ktemplate<class _Tp> std::ostream& cv::operator<<(std::ostream&, const cv::Size_<_Tp>&)[m[K’
[1.316s]   161 | std::ostream& [01;36m[Koperator[m[K << (std::ostream& out, const Size_<_Tp>& size)
[1.316s]       |               [01;36m[K^~~~~~~~[m[K
[1.316s] [01m[K/usr/local/include/opencv4/opencv2/core/cvstd.inl.hpp:161:15:[m[K [01;36m[Knote: [m[K  template argument deduction/substitution failed:
[1.316s] [01m[K/home/jlurobovision/eng_ws/src/exchangestation_detector/src/exchangestation_detector.cpp:74:25:[m[K [01;36m[Knote: [m[K  mismatched types ‘[01m[Kconst cv::Size_<_Tp>[m[K’ and ‘[01m[Kdouble[m[K’
[1.316s]    74 |     DistortionCoeff << -[01;36m[K0.068474[m[K, 0.250751, -0.010355, 0.008416, 0.000000;
[1.316s]       |                         [01;36m[K^~~~~~~~[m[K
[1.316s] In file included from [01m[K/usr/local/include/opencv4/opencv2/core.hpp:3389[m[K,
[1.316s]                  from [01m[K/usr/local/include/opencv4/opencv2/core/core.hpp:48[m[K,
[1.316s]                  from [01m[K/home/jlurobovision/eng_ws/src/exchangestation_detector/include/exchangestation_detector/exchangestation_detector.hpp:11[m[K,
[1.316s]                  from [01m[K/home/jlurobovision/eng_ws/src/exchangestation_detector/src/exchangestation_detector.cpp:1[m[K:
[1.316s] [01m[K/usr/local/include/opencv4/opencv2/core/cvstd.inl.hpp:167:15:[m[K [01;36m[Knote: [m[Kcandidate: ‘[01m[Ktemplate<class _Tp> std::ostream& cv::operator<<(std::ostream&, const cv::Rect_<_Tp>&)[m[K’
[1.317s]   167 | std::ostream& [01;36m[Koperator[m[K << (std::ostream& out, const Rect_<_Tp>& rect)
[1.317s]       |               [01;36m[K^~~~~~~~[m[K
[1.317s] [01m[K/usr/local/include/opencv4/opencv2/core/cvstd.inl.hpp:167:15:[m[K [01;36m[Knote: [m[K  template argument deduction/substitution failed:
[1.317s] [01m[K/home/jlurobovision/eng_ws/src/exchangestation_detector/src/exchangestation_detector.cpp:74:25:[m[K [01;36m[Knote: [m[K  mismatched types ‘[01m[Kconst cv::Rect_<_Tp>[m[K’ and ‘[01m[Kdouble[m[K’
[1.317s]    74 |     DistortionCoeff << -[01;36m[K0.068474[m[K, 0.250751, -0.010355, 0.008416, 0.000000;
[1.317s]       |                         [01;36m[K^~~~~~~~[m[K
[1.317s] In file included from [01m[K/usr/local/include/opencv4/opencv2/core.hpp:59[m[K,
[1.317s]                  from [01m[K/usr/local/include/opencv4/opencv2/core/core.hpp:48[m[K,
[1.317s]                  from [01m[K/home/jlurobovision/eng_ws/src/exchangestation_detector/include/exchangestation_detector/exchangestation_detector.hpp:11[m[K,
[1.317s]                  from [01m[K/home/jlurobovision/eng_ws/src/exchangestation_detector/src/exchangestation_detector.cpp:1[m[K:
[1.317s] [01m[K/usr/local/include/opencv4/opencv2/core/persistence.hpp:793:25:[m[K [01;36m[Knote: [m[Kcandidate: ‘[01m[Kcv::FileStorage& cv::operator<<(cv::FileStorage&, const String&)[m[K’
[1.317s]   793 | CV_EXPORTS FileStorage& [01;36m[Koperator[m[K << (FileStorage& fs, const String& str);
[1.317s]       |                         [01;36m[K^~~~~~~~[m[K
[1.317s] [01m[K/usr/local/include/opencv4/opencv2/core/persistence.hpp:793:51:[m[K [01;36m[Knote: [m[K  no known conversion for argument 1 from ‘[01m[Kcv::Mat[m[K’ to ‘[01m[Kcv::FileStorage&[m[K’
[1.317s]   793 | CV_EXPORTS FileStorage& operator << ([01;36m[KFileStorage& fs[m[K, const String& str);
[1.318s]       |                                      [01;36m[K~~~~~~~~~~~~~^~[m[K
[1.318s] [01m[K/usr/local/include/opencv4/opencv2/core/persistence.hpp:1211:14:[m[K [01;36m[Knote: [m[Kcandidate: ‘[01m[Kcv::FileStorage& cv::operator<<(cv::FileStorage&, const char*)[m[K’
[1.318s]  1211 | FileStorage& [01;36m[Koperator[m[K << (FileStorage& fs, const char* str)
[1.318s]       |              [01;36m[K^~~~~~~~[m[K
[1.318s] [01m[K/usr/local/include/opencv4/opencv2/core/persistence.hpp:1211:40:[m[K [01;36m[Knote: [m[K  no known conversion for argument 1 from ‘[01m[Kcv::Mat[m[K’ to ‘[01m[Kcv::FileStorage&[m[K’
[1.318s]  1211 | FileStorage& operator << ([01;36m[KFileStorage& fs[m[K, const char* str)
[1.318s]       |                           [01;36m[K~~~~~~~~~~~~~^~[m[K
[1.318s] [01m[K/usr/local/include/opencv4/opencv2/core/persistence.hpp:1219:14:[m[K [01;36m[Knote: [m[Kcandidate: ‘[01m[Kcv::FileStorage& cv::operator<<(cv::FileStorage&, char*)[m[K’
[1.318s]  1219 | FileStorage& [01;36m[Koperator[m[K << (FileStorage& fs, char* value)
[1.318s]       |              [01;36m[K^~~~~~~~[m[K
[1.318s] [01m[K/usr/local/include/opencv4/opencv2/core/persistence.hpp:1219:40:[m[K [01;36m[Knote: [m[K  no known conversion for argument 1 from ‘[01m[Kcv::Mat[m[K’ to ‘[01m[Kcv::FileStorage&[m[K’
[1.318s]  1219 | FileStorage& operator << ([01;36m[KFileStorage& fs[m[K, char* value)
[1.318s]       |                           [01;36m[K~~~~~~~~~~~~~^~[m[K
[1.318s] In file included from [01m[K/usr/local/include/opencv4/opencv2/core/core.hpp:48[m[K,
[1.318s]                  from [01m[K/home/jlurobovision/eng_ws/src/exchangestation_detector/include/exchangestation_detector/exchangestation_detector.hpp:11[m[K,
[1.318s]                  from [01m[K/home/jlurobovision/eng_ws/src/exchangestation_detector/src/exchangestation_detector.cpp:1[m[K:
[1.318s] [01m[K/usr/local/include/opencv4/opencv2/core.hpp:3137:9:[m[K [01;36m[Knote: [m[Kcandidate: ‘[01m[Kcv::String& cv::operator<<(cv::String&, cv::Ptr<cv::Formatted>)[m[K’
[1.319s]  3137 | String& [01;36m[Koperator[m[K << (String& out, Ptr<Formatted> fmtd)
[1.319s]       |         [01;36m[K^~~~~~~~[m[K
[1.319s] [01m[K/usr/local/include/opencv4/opencv2/core.hpp:3137:30:[m[K [01;36m[Knote: [m[K  no known conversion for argument 1 from ‘[01m[Kcv::Mat[m[K’ to ‘[01m[Kcv::String&[m[K’ {aka ‘[01m[Kstd::__cxx11::basic_string<char>&[m[K’}
[1.319s]  3137 | String& operator << ([01;36m[KString& out[m[K, Ptr<Formatted> fmtd)
[1.319s]       |                      [01;36m[K~~~~~~~~^~~[m[K
[1.319s] [01m[K/usr/local/include/opencv4/opencv2/core.hpp:3146:9:[m[K [01;36m[Knote: [m[Kcandidate: ‘[01m[Kcv::String& cv::operator<<(cv::String&, const cv::Mat&)[m[K’
[1.319s]  3146 | String& [01;36m[Koperator[m[K << (String& out, const Mat& mtx)
[1.319s]       |         [01;36m[K^~~~~~~~[m[K
[1.319s] [01m[K/usr/local/include/opencv4/opencv2/core.hpp:3146:30:[m[K [01;36m[Knote: [m[K  no known conversion for argument 1 from ‘[01m[Kcv::Mat[m[K’ to ‘[01m[Kcv::String&[m[K’ {aka ‘[01m[Kstd::__cxx11::basic_string<char>&[m[K’}
[1.319s]  3146 | String& operator << ([01;36m[KString& out[m[K, const Mat& mtx)
[1.319s]       |                      [01;36m[K~~~~~~~~^~~[m[K
[1.319s] In file included from [01m[K/usr/local/include/opencv4/opencv2/core.hpp:3389[m[K,
[1.319s]                  from [01m[K/usr/local/include/opencv4/opencv2/core/core.hpp:48[m[K,
[1.319s]                  from [01m[K/home/jlurobovision/eng_ws/src/exchangestation_detector/include/exchangestation_detector/exchangestation_detector.hpp:11[m[K,
[1.319s]                  from [01m[K/home/jlurobovision/eng_ws/src/exchangestation_detector/src/exchangestation_detector.cpp:1[m[K:
[1.319s] [01m[K/usr/local/include/opencv4/opencv2/core/cvstd.inl.hpp:78:15:[m[K [01;36m[Knote: [m[Kcandidate: ‘[01m[Kstd::ostream& cv::operator<<(std::ostream&, cv::Ptr<cv::Formatted>)[m[K’
[1.320s]    78 | std::ostream& [01;36m[Koperator[m[K << (std::ostream& out, Ptr<Formatted> fmtd)
[1.320s]       |               [01;36m[K^~~~~~~~[m[K
[1.320s] [01m[K/usr/local/include/opencv4/opencv2/core/cvstd.inl.hpp:78:42:[m[K [01;36m[Knote: [m[K  no known conversion for argument 1 from ‘[01m[Kcv::Mat[m[K’ to ‘[01m[Kstd::ostream&[m[K’ {aka ‘[01m[Kstd::basic_ostream<char>&[m[K’}
[1.320s]    78 | std::ostream& operator << ([01;36m[Kstd::ostream& out[m[K, Ptr<Formatted> fmtd)
[1.320s]       |                            [01;36m[K~~~~~~~~~~~~~~^~~[m[K
[1.320s] [01m[K/usr/local/include/opencv4/opencv2/core/cvstd.inl.hpp:87:15:[m[K [01;36m[Knote: [m[Kcandidate: ‘[01m[Kstd::ostream& cv::operator<<(std::ostream&, const cv::Mat&)[m[K’
[1.320s]    87 | std::ostream& [01;36m[Koperator[m[K << (std::ostream& out, const Mat& mtx)
[1.320s]       |               [01;36m[K^~~~~~~~[m[K
[1.320s] [01m[K/usr/local/include/opencv4/opencv2/core/cvstd.inl.hpp:87:42:[m[K [01;36m[Knote: [m[K  no known conversion for argument 1 from ‘[01m[Kcv::Mat[m[K’ to ‘[01m[Kstd::ostream&[m[K’ {aka ‘[01m[Kstd::basic_ostream<char>&[m[K’}
[1.320s]    87 | std::ostream& operator << ([01;36m[Kstd::ostream& out[m[K, const Mat& mtx)
[1.320s]       |                            [01;36m[K~~~~~~~~~~~~~~^~~[m[K
[1.320s] [01m[K/usr/local/include/opencv4/opencv2/core/cvstd.inl.hpp:93:15:[m[K [01;36m[Knote: [m[Kcandidate: ‘[01m[Kstd::ostream& cv::operator<<(std::ostream&, const cv::UMat&)[m[K’
[1.320s]    93 | std::ostream& [01;36m[Koperator[m[K << (std::ostream& out, const UMat& m)
[1.320s]       |               [01;36m[K^~~~~~~~[m[K
[1.320s] [01m[K/usr/local/include/opencv4/opencv2/core/cvstd.inl.hpp:93:42:[m[K [01;36m[Knote: [m[K  no known conversion for argument 1 from ‘[01m[Kcv::Mat[m[K’ to ‘[01m[Kstd::ostream&[m[K’ {aka ‘[01m[Kstd::basic_ostream<char>&[m[K’}
[1.320s]    93 | std::ostream& operator << ([01;36m[Kstd::ostream& out[m[K, const UMat& m)
[1.320s]       |                            [01;36m[K~~~~~~~~~~~~~~^~~[m[K
[1.321s] [01m[K/usr/local/include/opencv4/opencv2/core/cvstd.inl.hpp:172:29:[m[K [01;36m[Knote: [m[Kcandidate: ‘[01m[Kstd::ostream& cv::operator<<(std::ostream&, const cv::MatSize&)[m[K’
[1.321s]   172 | static inline std::ostream& [01;36m[Koperator[m[K << (std::ostream& out, const MatSize& msize)
[1.321s]       |                             [01;36m[K^~~~~~~~[m[K
[1.321s] [01m[K/usr/local/include/opencv4/opencv2/core/cvstd.inl.hpp:172:56:[m[K [01;36m[Knote: [m[K  no known conversion for argument 1 from ‘[01m[Kcv::Mat[m[K’ to ‘[01m[Kstd::ostream&[m[K’ {aka ‘[01m[Kstd::basic_ostream<char>&[m[K’}
[1.321s]   172 | static inline std::ostream& operator << ([01;36m[Kstd::ostream& out[m[K, const MatSize& msize)
[1.321s]       |                                          [01;36m[K~~~~~~~~~~~~~~^~~[m[K
[1.321s] [01m[K/usr/local/include/opencv4/opencv2/core/cvstd.inl.hpp:184:29:[m[K [01;36m[Knote: [m[Kcandidate: ‘[01m[Kstd::ostream& cv::operator<<(std::ostream&, cv::Range&)[m[K’
[1.321s]   184 | static inline std::ostream &[01;36m[Koperator[m[K<< (std::ostream &s, cv::Range &r)
[1.321s]       |                             [01;36m[K^~~~~~~~[m[K
[1.321s] [01m[K/usr/local/include/opencv4/opencv2/core/cvstd.inl.hpp:184:55:[m[K [01;36m[Knote: [m[K  no known conversion for argument 1 from ‘[01m[Kcv::Mat[m[K’ to ‘[01m[Kstd::ostream&[m[K’ {aka ‘[01m[Kstd::basic_ostream<char>&[m[K’}
[1.321s]   184 | static inline std::ostream &operator<< ([01;36m[Kstd::ostream &s[m[K, cv::Range &r)
[1.321s]       |                                         [01;36m[K~~~~~~~~~~~~~~^[m[K
[1.321s] In file included from [01m[K/usr/local/include/opencv4/opencv2/core.hpp:3390[m[K,
[1.321s]                  from [01m[K/usr/local/include/opencv4/opencv2/core/core.hpp:48[m[K,
[1.321s]                  from [01m[K/home/jlurobovision/eng_ws/src/exchangestation_detector/include/exchangestation_detector/exchangestation_detector.hpp:11[m[K,
[1.321s]                  from [01m[K/home/jlurobovision/eng_ws/src/exchangestation_detector/src/exchangestation_detector.cpp:1[m[K:
[1.322s] [01m[K/usr/local/include/opencv4/opencv2/core/utility.hpp:398:15:[m[K [01;36m[Knote: [m[Kcandidate: ‘[01m[Kstd::ostream& cv::operator<<(std::ostream&, const cv::TickMeter&)[m[K’
[1.322s]   398 | std::ostream& [01;36m[Koperator[m[K << (std::ostream& out, const TickMeter& tm)
[1.322s]       |               [01;36m[K^~~~~~~~[m[K
[1.322s] [01m[K/usr/local/include/opencv4/opencv2/core/utility.hpp:398:42:[m[K [01;36m[Knote: [m[K  no known conversion for argument 1 from ‘[01m[Kcv::Mat[m[K’ to ‘[01m[Kstd::ostream&[m[K’ {aka ‘[01m[Kstd::basic_ostream<char>&[m[K’}
[1.322s]   398 | std::ostream& operator << ([01;36m[Kstd::ostream& out[m[K, const TickMeter& tm)
[1.322s]       |                            [01;36m[K~~~~~~~~~~~~~~^~~[m[K
[1.322s] [01m[K/home/jlurobovision/eng_ws/src/exchangestation_detector/src/exchangestation_detector.cpp:[m[K In member function ‘[01m[Kvoid ExchangeStationDetector::getImage(cv::Mat&)[m[K’:
[1.322s] [01m[K/home/jlurobovision/eng_ws/src/exchangestation_detector/src/exchangestation_detector.cpp:119:9:[m[K [01;35m[Kwarning: [m[Kunused variable ‘[01m[KwindowWidth[m[K’ [[01;35m[K]8;;https://gcc.gnu.org/onlinedocs/gcc/Warning-Options.html#index-Wunused-variable-Wunused-variable]8;;[m[K]
[1.322s]   119 |     int [01;35m[KwindowWidth[m[K = 800;
[1.322s]       |         [01;35m[K^~~~~~~~~~~[m[K
[1.322s] [01m[K/home/jlurobovision/eng_ws/src/exchangestation_detector/src/exchangestation_detector.cpp:120:9:[m[K [01;35m[Kwarning: [m[Kunused variable ‘[01m[KwindowHeight[m[K’ [[01;35m[K]8;;https://gcc.gnu.org/onlinedocs/gcc/Warning-Options.html#index-Wunused-variable-Wunused-variable]8;;[m[K]
[1.322s]   120 |     int [01;35m[KwindowHeight[m[K = 600;
[1.322s]       |         [01;35m[K^~~~~~~~~~~~[m[K
[1.322s] [01m[K/home/jlurobovision/eng_ws/src/exchangestation_detector/src/exchangestation_detector.cpp:[m[K In member function ‘[01m[Kvoid ExchangeStationDetector::selectContours()[m[K’:
[1.323s] [01m[K/home/jlurobovision/eng_ws/src/exchangestation_detector/src/exchangestation_detector.cpp:202:12:[m[K [01;35m[Kwarning: [m[Kunused variable ‘[01m[KminDis[m[K’ [[01;35m[K]8;;https://gcc.gnu.org/onlinedocs/gcc/Warning-Options.html#index-Wunused-variable-Wunused-variable]8;;[m[K]
[1.323s]   202 |     double [01;35m[KminDis[m[K = 0, maxDis = 400; // Compare between contours
[1.323s]       |            [01;35m[K^~~~~~[m[K
[1.323s] [01m[K/home/jlurobovision/eng_ws/src/exchangestation_detector/src/exchangestation_detector.cpp:202:24:[m[K [01;35m[Kwarning: [m[Kunused variable ‘[01m[KmaxDis[m[K’ [[01;35m[K]8;;https://gcc.gnu.org/onlinedocs/gcc/Warning-Options.html#index-Wunused-variable-Wunused-variable]8;;[m[K]
[1.323s]   202 |     double minDis = 0, [01;35m[KmaxDis[m[K = 400; // Compare between contours
[1.323s]       |                        [01;35m[K^~~~~~[m[K
[1.668s] gmake[2]: *** [CMakeFiles/exchangestation_detector.dir/build.make:90：CMakeFiles/exchangestation_detector.dir/src/exchangestation_detector.cpp.o] 错误 1
[1.669s] gmake[1]: *** [CMakeFiles/Makefile2:139：CMakeFiles/exchangestation_detector.dir/all] 错误 2
[1.669s] gmake: *** [Makefile:146：all] 错误 2
[1.671s] Invoked command in '/home/jlurobovision/eng_ws/build/exchangestation_detector' returned '2': CMAKE_PREFIX_PATH=/home/jlurobovision/eng_ws/install/serial:/home/jlurobovision/eng_ws/install/msg_interfaces:/home/jlurobovision/eng_ws/install/exchangestation_detector:/home/jlurobovision/eng_ws/install/hik_camera:/home/jlurobovision/eng_ws/install/global_launch:/home/jlurobovision/eng_ws/install/galaxy_camera:/home/jlurobovision/eng_ws/install/camera_calibration:/opt/ros/humble LD_LIBRARY_PATH=/home/jlurobovision/eng_ws/install/serial/lib:/home/jlurobovision/eng_ws/install/msg_interfaces/lib:/home/jlurobovision/eng_ws/install/exchangestation_detector/lib:/home/jlurobovision/eng_ws/install/hik_camera/lib:/home/jlurobovision/eng_ws/install/galaxy_camera/lib:/opt/ros/humble/opt/rviz_ogre_vendor/lib:/opt/ros/humble/lib/x86_64-linux-gnu:/opt/ros/humble/lib PYTHONPATH=/home/jlurobovision/eng_ws/install/msg_interfaces/lib/python3.10/site-packages:/home/jlurobovision/eng_ws/install/msg_interfaces/local/lib/python3.10/dist-packages:/opt/ros/humble/lib/python3.10/site-packages:/opt/ros/humble/local/lib/python3.10/dist-packages /usr/bin/cmake --build /home/jlurobovision/eng_ws/build/exchangestation_detector -- -j12 -l12
