[0.020s] Invoking command in '/home/jlurobovision/eng_ws/build/galaxy_camera': CMAKE_PREFIX_PATH=${CMAKE_PREFIX_PATH}:/opt/ros/humble /usr/bin/cmake /home/jlurobovision/eng_ws/src/galaxy_camera -DCMAKE_INSTALL_PREFIX=/home/jlurobovision/eng_ws/install/galaxy_camera
[0.145s] -- The C compiler identification is GNU 11.4.0
[0.231s] -- The CXX compiler identification is GNU 11.4.0
[0.243s] -- Detecting C compiler ABI info
[0.355s] -- Detecting C compiler ABI info - done
[0.374s] -- Check for working C compiler: /usr/bin/cc - skipped
[0.374s] -- Detecting C compile features
[0.375s] -- Detecting C compile features - done
[0.382s] -- Detecting CXX compiler ABI info
[0.563s] -- Detecting CXX compiler ABI info - done
[0.582s] -- Check for working CXX compiler: /usr/bin/c++ - skipped
[0.582s] -- Detecting CXX compile features
[0.583s] -- Detecting CXX compile features - done
[0.590s] -- Found ament_cmake_auto: 1.3.8 (/opt/ros/humble/share/ament_cmake_auto/cmake)
[0.800s] -- Found Python3: /usr/bin/python3 (found version "3.10.12") found components: Interpreter 
[1.196s] -- Found rosidl_generator_c: 3.1.5 (/opt/ros/humble/share/rosidl_generator_c/cmake)
[1.201s] -- Found rosidl_adapter: 3.1.5 (/opt/ros/humble/share/rosidl_adapter/cmake)
[1.214s] -- Found rosidl_generator_cpp: 3.1.5 (/opt/ros/humble/share/rosidl_generator_cpp/cmake)
[1.232s] -- Using all available rosidl_typesupport_c: rosidl_typesupport_fastrtps_c;rosidl_typesupport_introspection_c
[1.260s] -- Using all available rosidl_typesupport_cpp: rosidl_typesupport_fastrtps_cpp;rosidl_typesupport_introspection_cpp
[1.366s] -- Found rmw_implementation_cmake: 6.1.1 (/opt/ros/humble/share/rmw_implementation_cmake/cmake)
[1.370s] -- Found rmw_fastrtps_cpp: 6.2.6 (/opt/ros/humble/share/rmw_fastrtps_cpp/cmake)
[1.480s] -- Found OpenSSL: /usr/lib/x86_64-linux-gnu/libcrypto.so (found version "3.0.2")  
[1.515s] -- Found FastRTPS: /opt/ros/humble/include  
[1.578s] -- Using RMW implementation 'rmw_fastrtps_cpp' as default
[1.591s] -- Looking for pthread.h
[1.696s] -- Looking for pthread.h - found
[1.696s] -- Performing Test CMAKE_HAVE_LIBC_PTHREAD
[1.778s] -- Performing Test CMAKE_HAVE_LIBC_PTHREAD - Success
[1.780s] -- Found Threads: TRUE  
[2.275s] -- Found ament_lint_auto: 0.12.10 (/opt/ros/humble/share/ament_lint_auto/cmake)
[2.303s] -- Added test 'cppcheck' to perform static code analysis on C / C++ code
[2.303s] -- Configured cppcheck include dirs: /home/jlurobovision/eng_ws/src/galaxy_camera/GalaxySDK/include
[2.303s] -- Configured cppcheck exclude dirs and/or files: 
[2.304s] -- Added test 'flake8' to check Python code syntax and style conventions
[2.305s] -- Added test 'lint_cmake' to check CMake code style
[2.306s] -- Added test 'pep257' to check Python code against some of the docstring style conventions in PEP 257
[2.307s] -- Added test 'xmllint' to check XML markup files
[2.310s] -- Configuring done
[2.327s] -- Generating done
[2.329s] -- Build files have been written to: /home/jlurobovision/eng_ws/build/galaxy_camera
[2.366s] Invoked command in '/home/jlurobovision/eng_ws/build/galaxy_camera' returned '0': CMAKE_PREFIX_PATH=${CMAKE_PREFIX_PATH}:/opt/ros/humble /usr/bin/cmake /home/jlurobovision/eng_ws/src/galaxy_camera -DCMAKE_INSTALL_PREFIX=/home/jlurobovision/eng_ws/install/galaxy_camera
[2.369s] Invoking command in '/home/jlurobovision/eng_ws/build/galaxy_camera': CMAKE_PREFIX_PATH=${CMAKE_PREFIX_PATH}:/opt/ros/humble /usr/bin/cmake --build /home/jlurobovision/eng_ws/build/galaxy_camera -- -j12 -l12
[2.428s] [ 25%] [32mBuilding CXX object CMakeFiles/galaxy_camera_node.dir/rclcpp_components/node_main_galaxy_camera_node.cpp.o[0m
[2.433s] [ 50%] [32mBuilding CXX object CMakeFiles/galaxy_camera.dir/src/galaxy_camera_node.cpp.o[0m
[11.128s] [ 75%] [32m[1mLinking CXX executable galaxy_camera_node[0m
[11.349s] [100%] [32m[1mLinking CXX shared library libgalaxy_camera.so[0m
[11.356s] [100%] Built target galaxy_camera_node
[11.732s] [100%] Built target galaxy_camera
[11.754s] Invoked command in '/home/jlurobovision/eng_ws/build/galaxy_camera' returned '0': CMAKE_PREFIX_PATH=${CMAKE_PREFIX_PATH}:/opt/ros/humble /usr/bin/cmake --build /home/jlurobovision/eng_ws/build/galaxy_camera -- -j12 -l12
[11.798s] Invoking command in '/home/jlurobovision/eng_ws/build/galaxy_camera': CMAKE_PREFIX_PATH=${CMAKE_PREFIX_PATH}:/opt/ros/humble /usr/bin/cmake --install /home/jlurobovision/eng_ws/build/galaxy_camera
[11.811s] -- Install configuration: ""
[11.811s] -- Up-to-date: /home/jlurobovision/eng_ws/install/galaxy_camera/lib
[11.812s] -- Up-to-date: /home/jlurobovision/eng_ws/install/galaxy_camera/lib/GxU3VTL.cti
[11.812s] -- Up-to-date: /home/jlurobovision/eng_ws/install/galaxy_camera/lib/GxGVTL.cti
[11.812s] -- Up-to-date: /home/jlurobovision/eng_ws/install/galaxy_camera/lib/libgxiapi.so
[11.812s] -- Up-to-date: /home/jlurobovision/eng_ws/install/galaxy_camera/lib/bc4b08373788f18282ff1e747a98dd6c21a8b629.cache
[11.812s] -- Installing: /home/jlurobovision/eng_ws/install/galaxy_camera/lib/galaxy_camera/galaxy_camera_node
[11.816s] -- Set runtime path of "/home/jlurobovision/eng_ws/install/galaxy_camera/lib/galaxy_camera/galaxy_camera_node" to ""
[11.816s] -- Up-to-date: /home/jlurobovision/eng_ws/install/galaxy_camera/share/galaxy_camera/environment/library_path.sh
[11.816s] -- Installing: /home/jlurobovision/eng_ws/install/galaxy_camera/share/galaxy_camera/environment/library_path.dsv
[11.817s] -- Installing: /home/jlurobovision/eng_ws/install/galaxy_camera/lib/libgalaxy_camera.so
[11.818s] -- Set runtime path of "/home/jlurobovision/eng_ws/install/galaxy_camera/lib/libgalaxy_camera.so" to ""
[11.819s] -- Up-to-date: /home/jlurobovision/eng_ws/install/galaxy_camera/share/galaxy_camera/config
[11.820s] -- Up-to-date: /home/jlurobovision/eng_ws/install/galaxy_camera/share/galaxy_camera/config/camera_info.yaml
[11.821s] -- Up-to-date: /home/jlurobovision/eng_ws/install/galaxy_camera/share/galaxy_camera/config/camera_params.yaml
[11.821s] -- Up-to-date: /home/jlurobovision/eng_ws/install/galaxy_camera/share/galaxy_camera/launch
[11.821s] -- Up-to-date: /home/jlurobovision/eng_ws/install/galaxy_camera/share/galaxy_camera/launch/__pycache__
[11.821s] -- Up-to-date: /home/jlurobovision/eng_ws/install/galaxy_camera/share/galaxy_camera/launch/__pycache__/galaxy_camera.launch.cpython-310.pyc
[11.822s] -- Up-to-date: /home/jlurobovision/eng_ws/install/galaxy_camera/share/galaxy_camera/launch/galaxy_camera.launch.py
[11.822s] -- Installing: /home/jlurobovision/eng_ws/install/galaxy_camera/share/ament_index/resource_index/package_run_dependencies/galaxy_camera
[11.822s] -- Installing: /home/jlurobovision/eng_ws/install/galaxy_camera/share/ament_index/resource_index/parent_prefix_path/galaxy_camera
[11.822s] -- Up-to-date: /home/jlurobovision/eng_ws/install/galaxy_camera/share/galaxy_camera/environment/ament_prefix_path.sh
[11.822s] -- Installing: /home/jlurobovision/eng_ws/install/galaxy_camera/share/galaxy_camera/environment/ament_prefix_path.dsv
[11.822s] -- Up-to-date: /home/jlurobovision/eng_ws/install/galaxy_camera/share/galaxy_camera/environment/path.sh
[11.823s] -- Installing: /home/jlurobovision/eng_ws/install/galaxy_camera/share/galaxy_camera/environment/path.dsv
[11.823s] -- Installing: /home/jlurobovision/eng_ws/install/galaxy_camera/share/galaxy_camera/local_setup.bash
[11.823s] -- Installing: /home/jlurobovision/eng_ws/install/galaxy_camera/share/galaxy_camera/local_setup.sh
[11.823s] -- Installing: /home/jlurobovision/eng_ws/install/galaxy_camera/share/galaxy_camera/local_setup.zsh
[11.823s] -- Installing: /home/jlurobovision/eng_ws/install/galaxy_camera/share/galaxy_camera/local_setup.dsv
[11.824s] -- Installing: /home/jlurobovision/eng_ws/install/galaxy_camera/share/galaxy_camera/package.dsv
[11.824s] -- Installing: /home/jlurobovision/eng_ws/install/galaxy_camera/share/ament_index/resource_index/packages/galaxy_camera
[11.824s] -- Installing: /home/jlurobovision/eng_ws/install/galaxy_camera/share/ament_index/resource_index/rclcpp_components/galaxy_camera
[11.825s] -- Installing: /home/jlurobovision/eng_ws/install/galaxy_camera/share/galaxy_camera/cmake/ament_cmake_export_dependencies-extras.cmake
[11.825s] -- Installing: /home/jlurobovision/eng_ws/install/galaxy_camera/share/galaxy_camera/cmake/ament_cmake_export_libraries-extras.cmake
[11.825s] -- Installing: /home/jlurobovision/eng_ws/install/galaxy_camera/share/galaxy_camera/cmake/galaxy_cameraConfig.cmake
[11.825s] -- Installing: /home/jlurobovision/eng_ws/install/galaxy_camera/share/galaxy_camera/cmake/galaxy_cameraConfig-version.cmake
[11.825s] -- Up-to-date: /home/jlurobovision/eng_ws/install/galaxy_camera/share/galaxy_camera/package.xml
[11.833s] Invoked command in '/home/jlurobovision/eng_ws/build/galaxy_camera' returned '0': CMAKE_PREFIX_PATH=${CMAKE_PREFIX_PATH}:/opt/ros/humble /usr/bin/cmake --install /home/jlurobovision/eng_ws/build/galaxy_camera
