-- The C compiler identification is GNU 11.4.0
-- The CXX compiler identification is GNU 11.4.0
-- Detecting C compiler ABI info
-- Detecting C compiler ABI info - done
-- Check for working C compiler: /usr/bin/cc - skipped
-- Detecting C compile features
-- Detecting C compile features - done
-- Detecting CXX compiler ABI info
-- Detecting CXX compiler ABI info - done
-- Check for working CXX compiler: /usr/bin/c++ - skipped
-- Detecting CXX compile features
-- Detecting CXX compile features - done
-- Found ament_cmake_auto: 1.3.8 (/opt/ros/humble/share/ament_cmake_auto/cmake)
-- Found Python3: /usr/bin/python3 (found version "3.10.12") found components: Interpreter 
-- Found rosidl_generator_c: 3.1.5 (/opt/ros/humble/share/rosidl_generator_c/cmake)
-- Found rosidl_adapter: 3.1.5 (/opt/ros/humble/share/rosidl_adapter/cmake)
-- Found rosidl_generator_cpp: 3.1.5 (/opt/ros/humble/share/rosidl_generator_cpp/cmake)
-- Using all available rosidl_typesupport_c: rosidl_typesupport_fastrtps_c;rosidl_typesupport_introspection_c
-- Using all available rosidl_typesupport_cpp: rosidl_typesupport_fastrtps_cpp;rosidl_typesupport_introspection_cpp
-- Found rmw_implementation_cmake: 6.1.1 (/opt/ros/humble/share/rmw_implementation_cmake/cmake)
-- Found rmw_fastrtps_cpp: 6.2.6 (/opt/ros/humble/share/rmw_fastrtps_cpp/cmake)
-- Found OpenSSL: /usr/lib/x86_64-linux-gnu/libcrypto.so (found version "3.0.2")  
-- Found FastRTPS: /opt/ros/humble/include  
-- Using RMW implementation 'rmw_fastrtps_cpp' as default
-- Looking for pthread.h
-- Looking for pthread.h - found
-- Performing Test CMAKE_HAVE_LIBC_PTHREAD
-- Performing Test CMAKE_HAVE_LIBC_PTHREAD - Success
-- Found Threads: TRUE  
-- Found ament_lint_auto: 0.12.10 (/opt/ros/humble/share/ament_lint_auto/cmake)
-- Added test 'cppcheck' to perform static code analysis on C / C++ code
-- Configured cppcheck include dirs: /home/jlurobovision/eng_ws/src/galaxy_camera/GalaxySDK/include
-- Configured cppcheck exclude dirs and/or files: 
-- Added test 'flake8' to check Python code syntax and style conventions
-- Added test 'lint_cmake' to check CMake code style
-- Added test 'pep257' to check Python code against some of the docstring style conventions in PEP 257
-- Added test 'xmllint' to check XML markup files
-- Configuring done
-- Generating done
-- Build files have been written to: /home/jlurobovision/eng_ws/build/galaxy_camera
[ 25%] [32mBuilding CXX object CMakeFiles/galaxy_camera.dir/src/galaxy_camera_node.cpp.o[0m
[ 50%] [32mBuilding CXX object CMakeFiles/galaxy_camera_node.dir/rclcpp_components/node_main_galaxy_camera_node.cpp.o[0m
[ 75%] [32m[1mLinking CXX executable galaxy_camera_node[0m
[ 75%] Built target galaxy_camera_node
[100%] [32m[1mLinking CXX shared library libgalaxy_camera.so[0m
[100%] Built target galaxy_camera
-- Install configuration: ""
-- Up-to-date: /home/jlurobovision/eng_ws/install/galaxy_camera/lib
-- Up-to-date: /home/jlurobovision/eng_ws/install/galaxy_camera/lib/GxU3VTL.cti
-- Up-to-date: /home/jlurobovision/eng_ws/install/galaxy_camera/lib/GxGVTL.cti
-- Up-to-date: /home/jlurobovision/eng_ws/install/galaxy_camera/lib/libgxiapi.so
-- Up-to-date: /home/jlurobovision/eng_ws/install/galaxy_camera/lib/bc4b08373788f18282ff1e747a98dd6c21a8b629.cache
-- Installing: /home/jlurobovision/eng_ws/install/galaxy_camera/lib/galaxy_camera/galaxy_camera_node
-- Set runtime path of "/home/jlurobovision/eng_ws/install/galaxy_camera/lib/galaxy_camera/galaxy_camera_node" to ""
-- Up-to-date: /home/jlurobovision/eng_ws/install/galaxy_camera/share/galaxy_camera/environment/library_path.sh
-- Installing: /home/jlurobovision/eng_ws/install/galaxy_camera/share/galaxy_camera/environment/library_path.dsv
-- Installing: /home/jlurobovision/eng_ws/install/galaxy_camera/lib/libgalaxy_camera.so
-- Set runtime path of "/home/jlurobovision/eng_ws/install/galaxy_camera/lib/libgalaxy_camera.so" to ""
-- Up-to-date: /home/jlurobovision/eng_ws/install/galaxy_camera/share/galaxy_camera/config
-- Up-to-date: /home/jlurobovision/eng_ws/install/galaxy_camera/share/galaxy_camera/config/camera_info.yaml
-- Up-to-date: /home/jlurobovision/eng_ws/install/galaxy_camera/share/galaxy_camera/config/camera_params.yaml
-- Up-to-date: /home/jlurobovision/eng_ws/install/galaxy_camera/share/galaxy_camera/launch
-- Up-to-date: /home/jlurobovision/eng_ws/install/galaxy_camera/share/galaxy_camera/launch/__pycache__
-- Up-to-date: /home/jlurobovision/eng_ws/install/galaxy_camera/share/galaxy_camera/launch/__pycache__/galaxy_camera.launch.cpython-310.pyc
-- Up-to-date: /home/jlurobovision/eng_ws/install/galaxy_camera/share/galaxy_camera/launch/galaxy_camera.launch.py
-- Installing: /home/jlurobovision/eng_ws/install/galaxy_camera/share/ament_index/resource_index/package_run_dependencies/galaxy_camera
-- Installing: /home/jlurobovision/eng_ws/install/galaxy_camera/share/ament_index/resource_index/parent_prefix_path/galaxy_camera
-- Up-to-date: /home/jlurobovision/eng_ws/install/galaxy_camera/share/galaxy_camera/environment/ament_prefix_path.sh
-- Installing: /home/jlurobovision/eng_ws/install/galaxy_camera/share/galaxy_camera/environment/ament_prefix_path.dsv
-- Up-to-date: /home/jlurobovision/eng_ws/install/galaxy_camera/share/galaxy_camera/environment/path.sh
-- Installing: /home/jlurobovision/eng_ws/install/galaxy_camera/share/galaxy_camera/environment/path.dsv
-- Installing: /home/jlurobovision/eng_ws/install/galaxy_camera/share/galaxy_camera/local_setup.bash
-- Installing: /home/jlurobovision/eng_ws/install/galaxy_camera/share/galaxy_camera/local_setup.sh
-- Installing: /home/jlurobovision/eng_ws/install/galaxy_camera/share/galaxy_camera/local_setup.zsh
-- Installing: /home/jlurobovision/eng_ws/install/galaxy_camera/share/galaxy_camera/local_setup.dsv
-- Installing: /home/jlurobovision/eng_ws/install/galaxy_camera/share/galaxy_camera/package.dsv
-- Installing: /home/jlurobovision/eng_ws/install/galaxy_camera/share/ament_index/resource_index/packages/galaxy_camera
-- Installing: /home/jlurobovision/eng_ws/install/galaxy_camera/share/ament_index/resource_index/rclcpp_components/galaxy_camera
-- Installing: /home/jlurobovision/eng_ws/install/galaxy_camera/share/galaxy_camera/cmake/ament_cmake_export_dependencies-extras.cmake
-- Installing: /home/jlurobovision/eng_ws/install/galaxy_camera/share/galaxy_camera/cmake/ament_cmake_export_libraries-extras.cmake
-- Installing: /home/jlurobovision/eng_ws/install/galaxy_camera/share/galaxy_camera/cmake/galaxy_cameraConfig.cmake
-- Installing: /home/jlurobovision/eng_ws/install/galaxy_camera/share/galaxy_camera/cmake/galaxy_cameraConfig-version.cmake
-- Up-to-date: /home/jlurobovision/eng_ws/install/galaxy_camera/share/galaxy_camera/package.xml
