[0.165s] Invoking command in '/home/stardust/eng_ws/build/msg_interfaces': CMAKE_PREFIX_PATH=${CMAKE_PREFIX_PATH}:/opt/ros/iron /usr/bin/cmake --build /home/stardust/eng_ws/build/msg_interfaces -- -j8 -l8
[0.274s] [  2%] Built target msg_interfaces__rosidl_generator_type_description
[0.297s] [  2%] Built target ament_cmake_python_copy_msg_interfaces
[0.297s] [35m[1mConsolidate compiler generated dependencies of target msg_interfaces__rosidl_generator_c[0m
[0.321s] [  5%] Built target msg_interfaces__cpp
[0.329s] [ 20%] Built target msg_interfaces__rosidl_generator_c
[0.351s] [35m[1mConsolidate compiler generated dependencies of target msg_interfaces__rosidl_typesupport_fastrtps_c[0m
[0.352s] [35m[1mConsolidate compiler generated dependencies of target msg_interfaces__rosidl_typesupport_c[0m
[0.358s] [35m[1mConsolidate compiler generated dependencies of target msg_interfaces__rosidl_typesupport_fastrtps_cpp[0m
[0.359s] [35m[1mConsolidate compiler generated dependencies of target msg_interfaces__rosidl_typesupport_cpp[0m
[0.359s] [35m[1mConsolidate compiler generated dependencies of target msg_interfaces__rosidl_typesupport_introspection_c[0m
[0.374s] [35m[1mConsolidate compiler generated dependencies of target msg_interfaces__rosidl_typesupport_introspection_cpp[0m
[0.400s] [ 29%] Built target msg_interfaces__rosidl_typesupport_introspection_c
[0.401s] [ 38%] Built target msg_interfaces__rosidl_typesupport_c
[0.402s] [ 47%] Built target msg_interfaces__rosidl_typesupport_fastrtps_c
[0.406s] [ 55%] Built target msg_interfaces__rosidl_typesupport_cpp
[0.416s] [ 64%] Built target msg_interfaces__rosidl_typesupport_fastrtps_cpp
[0.417s] [ 73%] Built target msg_interfaces__rosidl_typesupport_introspection_cpp
[0.446s] [ 73%] Built target msg_interfaces
[0.487s] [ 76%] Built target msg_interfaces__py
[0.504s] [35m[1mConsolidate compiler generated dependencies of target msg_interfaces__rosidl_generator_py[0m
[0.529s] [ 82%] Built target msg_interfaces__rosidl_generator_py
[0.544s] [35m[1mConsolidate compiler generated dependencies of target msg_interfaces__rosidl_typesupport_c__pyext[0m
[0.546s] [35m[1mConsolidate compiler generated dependencies of target msg_interfaces__rosidl_typesupport_fastrtps_c__pyext[0m
[0.546s] [35m[1mConsolidate compiler generated dependencies of target msg_interfaces__rosidl_typesupport_introspection_c__pyext[0m
[0.569s] [ 94%] Built target msg_interfaces__rosidl_typesupport_introspection_c__pyext
[0.569s] [ 94%] Built target msg_interfaces__rosidl_typesupport_c__pyext
[0.569s] [100%] Built target msg_interfaces__rosidl_typesupport_fastrtps_c__pyext
[0.630s] running egg_info
[0.631s] writing msg_interfaces.egg-info/PKG-INFO
[0.632s] writing dependency_links to msg_interfaces.egg-info/dependency_links.txt
[0.632s] writing top-level names to msg_interfaces.egg-info/top_level.txt
[0.637s] reading manifest file 'msg_interfaces.egg-info/SOURCES.txt'
[0.638s] writing manifest file 'msg_interfaces.egg-info/SOURCES.txt'
[0.675s] [100%] Built target ament_cmake_python_build_msg_interfaces_egg
[0.694s] Invoked command in '/home/stardust/eng_ws/build/msg_interfaces' returned '0': CMAKE_PREFIX_PATH=${CMAKE_PREFIX_PATH}:/opt/ros/iron /usr/bin/cmake --build /home/stardust/eng_ws/build/msg_interfaces -- -j8 -l8
[0.818s] Invoking command in '/home/stardust/eng_ws/build/msg_interfaces': CMAKE_PREFIX_PATH=${CMAKE_PREFIX_PATH}:/opt/ros/iron /usr/bin/cmake --install /home/stardust/eng_ws/build/msg_interfaces
[0.829s] -- Install configuration: ""
[0.830s] -- Up-to-date: /home/stardust/eng_ws/install/msg_interfaces/share/ament_index/resource_index/rosidl_interfaces/msg_interfaces
[0.830s] -- Up-to-date: /home/stardust/eng_ws/install/msg_interfaces/share/msg_interfaces/msg/Angle.json
[0.831s] -- Up-to-date: /home/stardust/eng_ws/install/msg_interfaces/include/msg_interfaces/msg_interfaces
[0.831s] -- Up-to-date: /home/stardust/eng_ws/install/msg_interfaces/include/msg_interfaces/msg_interfaces/msg
[0.831s] -- Up-to-date: /home/stardust/eng_ws/install/msg_interfaces/include/msg_interfaces/msg_interfaces/msg/angle.h
[0.831s] -- Up-to-date: /home/stardust/eng_ws/install/msg_interfaces/include/msg_interfaces/msg_interfaces/msg/detail
[0.832s] -- Up-to-date: /home/stardust/eng_ws/install/msg_interfaces/include/msg_interfaces/msg_interfaces/msg/detail/angle__type_support.h
[0.832s] -- Up-to-date: /home/stardust/eng_ws/install/msg_interfaces/include/msg_interfaces/msg_interfaces/msg/detail/angle__functions.c
[0.832s] -- Up-to-date: /home/stardust/eng_ws/install/msg_interfaces/include/msg_interfaces/msg_interfaces/msg/detail/angle__description.c
[0.832s] -- Up-to-date: /home/stardust/eng_ws/install/msg_interfaces/include/msg_interfaces/msg_interfaces/msg/detail/angle__type_support.c
[0.833s] -- Up-to-date: /home/stardust/eng_ws/install/msg_interfaces/include/msg_interfaces/msg_interfaces/msg/detail/angle__struct.h
[0.833s] -- Up-to-date: /home/stardust/eng_ws/install/msg_interfaces/include/msg_interfaces/msg_interfaces/msg/detail/angle__functions.h
[0.833s] -- Up-to-date: /home/stardust/eng_ws/install/msg_interfaces/include/msg_interfaces/msg_interfaces/msg/rosidl_generator_c__visibility_control.h
[0.833s] -- Up-to-date: /home/stardust/eng_ws/install/msg_interfaces/share/msg_interfaces/environment/library_path.sh
[0.833s] -- Up-to-date: /home/stardust/eng_ws/install/msg_interfaces/share/msg_interfaces/environment/library_path.dsv
[0.833s] -- Up-to-date: /home/stardust/eng_ws/install/msg_interfaces/lib/libmsg_interfaces__rosidl_generator_c.so
[0.833s] -- Up-to-date: /home/stardust/eng_ws/install/msg_interfaces/include/msg_interfaces/msg_interfaces
[0.833s] -- Up-to-date: /home/stardust/eng_ws/install/msg_interfaces/include/msg_interfaces/msg_interfaces/msg
[0.833s] -- Up-to-date: /home/stardust/eng_ws/install/msg_interfaces/include/msg_interfaces/msg_interfaces/msg/rosidl_typesupport_fastrtps_c__visibility_control.h
[0.833s] -- Up-to-date: /home/stardust/eng_ws/install/msg_interfaces/include/msg_interfaces/msg_interfaces/msg/detail
[0.833s] -- Up-to-date: /home/stardust/eng_ws/install/msg_interfaces/include/msg_interfaces/msg_interfaces/msg/detail/angle__rosidl_typesupport_fastrtps_c.h
[0.834s] -- Up-to-date: /home/stardust/eng_ws/install/msg_interfaces/lib/libmsg_interfaces__rosidl_typesupport_fastrtps_c.so
[0.834s] -- Up-to-date: /home/stardust/eng_ws/install/msg_interfaces/include/msg_interfaces/msg_interfaces
[0.834s] -- Up-to-date: /home/stardust/eng_ws/install/msg_interfaces/include/msg_interfaces/msg_interfaces/msg
[0.835s] -- Up-to-date: /home/stardust/eng_ws/install/msg_interfaces/include/msg_interfaces/msg_interfaces/msg/detail
[0.835s] -- Up-to-date: /home/stardust/eng_ws/install/msg_interfaces/include/msg_interfaces/msg_interfaces/msg/detail/angle__type_support.c
[0.835s] -- Up-to-date: /home/stardust/eng_ws/install/msg_interfaces/include/msg_interfaces/msg_interfaces/msg/detail/angle__rosidl_typesupport_introspection_c.h
[0.835s] -- Up-to-date: /home/stardust/eng_ws/install/msg_interfaces/include/msg_interfaces/msg_interfaces/msg/rosidl_typesupport_introspection_c__visibility_control.h
[0.835s] -- Up-to-date: /home/stardust/eng_ws/install/msg_interfaces/lib/libmsg_interfaces__rosidl_typesupport_introspection_c.so
[0.835s] -- Up-to-date: /home/stardust/eng_ws/install/msg_interfaces/lib/libmsg_interfaces__rosidl_typesupport_c.so
[0.835s] -- Up-to-date: /home/stardust/eng_ws/install/msg_interfaces/include/msg_interfaces/msg_interfaces
[0.836s] -- Up-to-date: /home/stardust/eng_ws/install/msg_interfaces/include/msg_interfaces/msg_interfaces/msg
[0.836s] -- Up-to-date: /home/stardust/eng_ws/install/msg_interfaces/include/msg_interfaces/msg_interfaces/msg/angle.hpp
[0.836s] -- Up-to-date: /home/stardust/eng_ws/install/msg_interfaces/include/msg_interfaces/msg_interfaces/msg/detail
[0.836s] -- Up-to-date: /home/stardust/eng_ws/install/msg_interfaces/include/msg_interfaces/msg_interfaces/msg/detail/angle__builder.hpp
[0.836s] -- Up-to-date: /home/stardust/eng_ws/install/msg_interfaces/include/msg_interfaces/msg_interfaces/msg/detail/angle__traits.hpp
[0.836s] -- Up-to-date: /home/stardust/eng_ws/install/msg_interfaces/include/msg_interfaces/msg_interfaces/msg/detail/angle__struct.hpp
[0.836s] -- Up-to-date: /home/stardust/eng_ws/install/msg_interfaces/include/msg_interfaces/msg_interfaces
[0.836s] -- Up-to-date: /home/stardust/eng_ws/install/msg_interfaces/include/msg_interfaces/msg_interfaces/msg
[0.836s] -- Up-to-date: /home/stardust/eng_ws/install/msg_interfaces/include/msg_interfaces/msg_interfaces/msg/rosidl_typesupport_fastrtps_cpp__visibility_control.h
[0.836s] -- Up-to-date: /home/stardust/eng_ws/install/msg_interfaces/include/msg_interfaces/msg_interfaces/msg/detail
[0.836s] -- Up-to-date: /home/stardust/eng_ws/install/msg_interfaces/include/msg_interfaces/msg_interfaces/msg/detail/angle__rosidl_typesupport_fastrtps_cpp.hpp
[0.836s] -- Up-to-date: /home/stardust/eng_ws/install/msg_interfaces/include/msg_interfaces/msg_interfaces/msg/detail/dds_fastrtps
[0.837s] -- Up-to-date: /home/stardust/eng_ws/install/msg_interfaces/lib/libmsg_interfaces__rosidl_typesupport_fastrtps_cpp.so
[0.837s] -- Up-to-date: /home/stardust/eng_ws/install/msg_interfaces/include/msg_interfaces/msg_interfaces
[0.837s] -- Up-to-date: /home/stardust/eng_ws/install/msg_interfaces/include/msg_interfaces/msg_interfaces/msg
[0.837s] -- Up-to-date: /home/stardust/eng_ws/install/msg_interfaces/include/msg_interfaces/msg_interfaces/msg/detail
[0.837s] -- Up-to-date: /home/stardust/eng_ws/install/msg_interfaces/include/msg_interfaces/msg_interfaces/msg/detail/angle__type_support.cpp
[0.837s] -- Up-to-date: /home/stardust/eng_ws/install/msg_interfaces/include/msg_interfaces/msg_interfaces/msg/detail/angle__rosidl_typesupport_introspection_cpp.hpp
[0.837s] -- Up-to-date: /home/stardust/eng_ws/install/msg_interfaces/lib/libmsg_interfaces__rosidl_typesupport_introspection_cpp.so
[0.837s] -- Up-to-date: /home/stardust/eng_ws/install/msg_interfaces/lib/libmsg_interfaces__rosidl_typesupport_cpp.so
[0.837s] -- Up-to-date: /home/stardust/eng_ws/install/msg_interfaces/share/msg_interfaces/environment/pythonpath.sh
[0.837s] -- Up-to-date: /home/stardust/eng_ws/install/msg_interfaces/share/msg_interfaces/environment/pythonpath.dsv
[0.838s] -- Up-to-date: /home/stardust/eng_ws/install/msg_interfaces/lib/python3.10/site-packages/msg_interfaces-0.0.0-py3.10.egg-info
[0.838s] -- Installing: /home/stardust/eng_ws/install/msg_interfaces/lib/python3.10/site-packages/msg_interfaces-0.0.0-py3.10.egg-info/PKG-INFO
[0.838s] -- Installing: /home/stardust/eng_ws/install/msg_interfaces/lib/python3.10/site-packages/msg_interfaces-0.0.0-py3.10.egg-info/dependency_links.txt
[0.838s] -- Installing: /home/stardust/eng_ws/install/msg_interfaces/lib/python3.10/site-packages/msg_interfaces-0.0.0-py3.10.egg-info/SOURCES.txt
[0.838s] -- Installing: /home/stardust/eng_ws/install/msg_interfaces/lib/python3.10/site-packages/msg_interfaces-0.0.0-py3.10.egg-info/top_level.txt
[0.839s] -- Up-to-date: /home/stardust/eng_ws/install/msg_interfaces/lib/python3.10/site-packages/msg_interfaces
[0.839s] -- Up-to-date: /home/stardust/eng_ws/install/msg_interfaces/lib/python3.10/site-packages/msg_interfaces/msg
[0.839s] -- Up-to-date: /home/stardust/eng_ws/install/msg_interfaces/lib/python3.10/site-packages/msg_interfaces/msg/__init__.py
[0.839s] -- Up-to-date: /home/stardust/eng_ws/install/msg_interfaces/lib/python3.10/site-packages/msg_interfaces/msg/_angle_s.c
[0.839s] -- Up-to-date: /home/stardust/eng_ws/install/msg_interfaces/lib/python3.10/site-packages/msg_interfaces/msg/_angle.py
[0.840s] -- Up-to-date: /home/stardust/eng_ws/install/msg_interfaces/lib/python3.10/site-packages/msg_interfaces/msg_interfaces_s__rosidl_typesupport_introspection_c.cpython-310-x86_64-linux-gnu.so
[0.840s] -- Up-to-date: /home/stardust/eng_ws/install/msg_interfaces/lib/python3.10/site-packages/msg_interfaces/_msg_interfaces_s.ep.rosidl_typesupport_c.c
[0.840s] -- Up-to-date: /home/stardust/eng_ws/install/msg_interfaces/lib/python3.10/site-packages/msg_interfaces/_msg_interfaces_s.ep.rosidl_typesupport_introspection_c.c
[0.840s] -- Up-to-date: /home/stardust/eng_ws/install/msg_interfaces/lib/python3.10/site-packages/msg_interfaces/msg_interfaces_s__rosidl_typesupport_fastrtps_c.cpython-310-x86_64-linux-gnu.so
[0.840s] -- Up-to-date: /home/stardust/eng_ws/install/msg_interfaces/lib/python3.10/site-packages/msg_interfaces/__init__.py
[0.840s] -- Up-to-date: /home/stardust/eng_ws/install/msg_interfaces/lib/python3.10/site-packages/msg_interfaces/_msg_interfaces_s.ep.rosidl_typesupport_fastrtps_c.c
[0.840s] -- Up-to-date: /home/stardust/eng_ws/install/msg_interfaces/lib/python3.10/site-packages/msg_interfaces/msg_interfaces_s__rosidl_typesupport_c.cpython-310-x86_64-linux-gnu.so
[0.840s] -- Up-to-date: /home/stardust/eng_ws/install/msg_interfaces/lib/python3.10/site-packages/msg_interfaces/libmsg_interfaces__rosidl_generator_py.so
[0.879s] Listing '/home/stardust/eng_ws/install/msg_interfaces/lib/python3.10/site-packages/msg_interfaces'...
[0.879s] Listing '/home/stardust/eng_ws/install/msg_interfaces/lib/python3.10/site-packages/msg_interfaces/msg'...
[0.885s] -- Up-to-date: /home/stardust/eng_ws/install/msg_interfaces/lib/python3.10/site-packages/msg_interfaces/msg_interfaces_s__rosidl_typesupport_fastrtps_c.cpython-310-x86_64-linux-gnu.so
[0.885s] -- Up-to-date: /home/stardust/eng_ws/install/msg_interfaces/lib/python3.10/site-packages/msg_interfaces/msg_interfaces_s__rosidl_typesupport_introspection_c.cpython-310-x86_64-linux-gnu.so
[0.886s] -- Up-to-date: /home/stardust/eng_ws/install/msg_interfaces/lib/python3.10/site-packages/msg_interfaces/msg_interfaces_s__rosidl_typesupport_c.cpython-310-x86_64-linux-gnu.so
[0.886s] -- Up-to-date: /home/stardust/eng_ws/install/msg_interfaces/lib/libmsg_interfaces__rosidl_generator_py.so
[0.886s] -- Up-to-date: /home/stardust/eng_ws/install/msg_interfaces/share/msg_interfaces/msg/Angle.idl
[0.887s] -- Up-to-date: /home/stardust/eng_ws/install/msg_interfaces/share/msg_interfaces/msg/Angle.msg
[0.887s] -- Up-to-date: /home/stardust/eng_ws/install/msg_interfaces/share/ament_index/resource_index/package_run_dependencies/msg_interfaces
[0.887s] -- Up-to-date: /home/stardust/eng_ws/install/msg_interfaces/share/ament_index/resource_index/parent_prefix_path/msg_interfaces
[0.887s] -- Up-to-date: /home/stardust/eng_ws/install/msg_interfaces/share/msg_interfaces/environment/ament_prefix_path.sh
[0.887s] -- Up-to-date: /home/stardust/eng_ws/install/msg_interfaces/share/msg_interfaces/environment/ament_prefix_path.dsv
[0.887s] -- Up-to-date: /home/stardust/eng_ws/install/msg_interfaces/share/msg_interfaces/environment/path.sh
[0.887s] -- Up-to-date: /home/stardust/eng_ws/install/msg_interfaces/share/msg_interfaces/environment/path.dsv
[0.887s] -- Up-to-date: /home/stardust/eng_ws/install/msg_interfaces/share/msg_interfaces/local_setup.bash
[0.888s] -- Up-to-date: /home/stardust/eng_ws/install/msg_interfaces/share/msg_interfaces/local_setup.sh
[0.888s] -- Up-to-date: /home/stardust/eng_ws/install/msg_interfaces/share/msg_interfaces/local_setup.zsh
[0.888s] -- Up-to-date: /home/stardust/eng_ws/install/msg_interfaces/share/msg_interfaces/local_setup.dsv
[0.888s] -- Installing: /home/stardust/eng_ws/install/msg_interfaces/share/msg_interfaces/package.dsv
[0.888s] -- Up-to-date: /home/stardust/eng_ws/install/msg_interfaces/share/ament_index/resource_index/packages/msg_interfaces
[0.888s] -- Up-to-date: /home/stardust/eng_ws/install/msg_interfaces/share/msg_interfaces/cmake/export_msg_interfaces__rosidl_generator_cExport.cmake
[0.888s] -- Up-to-date: /home/stardust/eng_ws/install/msg_interfaces/share/msg_interfaces/cmake/export_msg_interfaces__rosidl_generator_cExport-noconfig.cmake
[0.889s] -- Up-to-date: /home/stardust/eng_ws/install/msg_interfaces/share/msg_interfaces/cmake/export_msg_interfaces__rosidl_typesupport_fastrtps_cExport.cmake
[0.889s] -- Up-to-date: /home/stardust/eng_ws/install/msg_interfaces/share/msg_interfaces/cmake/export_msg_interfaces__rosidl_typesupport_fastrtps_cExport-noconfig.cmake
[0.889s] -- Up-to-date: /home/stardust/eng_ws/install/msg_interfaces/share/msg_interfaces/cmake/msg_interfaces__rosidl_typesupport_introspection_cExport.cmake
[0.889s] -- Up-to-date: /home/stardust/eng_ws/install/msg_interfaces/share/msg_interfaces/cmake/msg_interfaces__rosidl_typesupport_introspection_cExport-noconfig.cmake
[0.889s] -- Up-to-date: /home/stardust/eng_ws/install/msg_interfaces/share/msg_interfaces/cmake/msg_interfaces__rosidl_typesupport_cExport.cmake
[0.889s] -- Up-to-date: /home/stardust/eng_ws/install/msg_interfaces/share/msg_interfaces/cmake/msg_interfaces__rosidl_typesupport_cExport-noconfig.cmake
[0.889s] -- Up-to-date: /home/stardust/eng_ws/install/msg_interfaces/share/msg_interfaces/cmake/export_msg_interfaces__rosidl_generator_cppExport.cmake
[0.889s] -- Up-to-date: /home/stardust/eng_ws/install/msg_interfaces/share/msg_interfaces/cmake/export_msg_interfaces__rosidl_typesupport_fastrtps_cppExport.cmake
[0.890s] -- Up-to-date: /home/stardust/eng_ws/install/msg_interfaces/share/msg_interfaces/cmake/export_msg_interfaces__rosidl_typesupport_fastrtps_cppExport-noconfig.cmake
[0.890s] -- Up-to-date: /home/stardust/eng_ws/install/msg_interfaces/share/msg_interfaces/cmake/msg_interfaces__rosidl_typesupport_introspection_cppExport.cmake
[0.890s] -- Up-to-date: /home/stardust/eng_ws/install/msg_interfaces/share/msg_interfaces/cmake/msg_interfaces__rosidl_typesupport_introspection_cppExport-noconfig.cmake
[0.890s] -- Up-to-date: /home/stardust/eng_ws/install/msg_interfaces/share/msg_interfaces/cmake/msg_interfaces__rosidl_typesupport_cppExport.cmake
[0.890s] -- Up-to-date: /home/stardust/eng_ws/install/msg_interfaces/share/msg_interfaces/cmake/msg_interfaces__rosidl_typesupport_cppExport-noconfig.cmake
[0.890s] -- Up-to-date: /home/stardust/eng_ws/install/msg_interfaces/share/msg_interfaces/cmake/export_msg_interfaces__rosidl_generator_pyExport.cmake
[0.890s] -- Up-to-date: /home/stardust/eng_ws/install/msg_interfaces/share/msg_interfaces/cmake/export_msg_interfaces__rosidl_generator_pyExport-noconfig.cmake
[0.891s] -- Up-to-date: /home/stardust/eng_ws/install/msg_interfaces/share/msg_interfaces/cmake/rosidl_cmake-extras.cmake
[0.891s] -- Up-to-date: /home/stardust/eng_ws/install/msg_interfaces/share/msg_interfaces/cmake/ament_cmake_export_include_directories-extras.cmake
[0.891s] -- Up-to-date: /home/stardust/eng_ws/install/msg_interfaces/share/msg_interfaces/cmake/ament_cmake_export_libraries-extras.cmake
[0.891s] -- Up-to-date: /home/stardust/eng_ws/install/msg_interfaces/share/msg_interfaces/cmake/ament_cmake_export_targets-extras.cmake
[0.891s] -- Up-to-date: /home/stardust/eng_ws/install/msg_interfaces/share/msg_interfaces/cmake/rosidl_cmake_export_typesupport_targets-extras.cmake
[0.891s] -- Up-to-date: /home/stardust/eng_ws/install/msg_interfaces/share/msg_interfaces/cmake/ament_cmake_export_dependencies-extras.cmake
[0.891s] -- Up-to-date: /home/stardust/eng_ws/install/msg_interfaces/share/msg_interfaces/cmake/rosidl_cmake_export_typesupport_libraries-extras.cmake
[0.891s] -- Up-to-date: /home/stardust/eng_ws/install/msg_interfaces/share/msg_interfaces/cmake/msg_interfacesConfig.cmake
[0.891s] -- Up-to-date: /home/stardust/eng_ws/install/msg_interfaces/share/msg_interfaces/cmake/msg_interfacesConfig-version.cmake
[0.891s] -- Up-to-date: /home/stardust/eng_ws/install/msg_interfaces/share/msg_interfaces/package.xml
[0.896s] Invoked command in '/home/stardust/eng_ws/build/msg_interfaces' returned '0': CMAKE_PREFIX_PATH=${CMAKE_PREFIX_PATH}:/opt/ros/iron /usr/bin/cmake --install /home/stardust/eng_ws/build/msg_interfaces
