[0.013s] Invoking command in '/home/jlurobovision/eng_ws/build/msg_interfaces': CMAKE_PREFIX_PATH=/opt/ros/humble /usr/bin/cmake --build /home/jlurobovision/eng_ws/build/msg_interfaces -- -j12 -l12
[0.118s] [  3%] Built target msg_interfaces__cpp
[0.120s] [ 12%] Built target msg_interfaces__rosidl_generator_c
[0.149s] [ 12%] Built target ament_cmake_python_copy_msg_interfaces
[0.178s] [ 22%] Built target msg_interfaces__rosidl_typesupport_introspection_cpp
[0.178s] [ 32%] Built target msg_interfaces__rosidl_typesupport_cpp
[0.182s] [ 41%] Built target msg_interfaces__rosidl_typesupport_c
[0.182s] [ 51%] Built target msg_interfaces__rosidl_typesupport_introspection_c
[0.183s] [ 61%] Built target msg_interfaces__rosidl_typesupport_fastrtps_c
[0.184s] [ 70%] Built target msg_interfaces__rosidl_typesupport_fastrtps_cpp
[0.210s] [ 70%] Built target msg_interfaces
[0.255s] [ 74%] Built target msg_interfaces__py
[0.277s] [ 80%] Built target msg_interfaces__rosidl_generator_py
[0.317s] [ 93%] Built target msg_interfaces__rosidl_typesupport_fastrtps_c__pyext
[0.317s] [ 93%] Built target msg_interfaces__rosidl_typesupport_c__pyext
[0.320s] [100%] Built target msg_interfaces__rosidl_typesupport_introspection_c__pyext
[0.655s] running egg_info
[0.655s] writing msg_interfaces.egg-info/PKG-INFO
[0.656s] writing dependency_links to msg_interfaces.egg-info/dependency_links.txt
[0.656s] writing top-level names to msg_interfaces.egg-info/top_level.txt
[0.659s] reading manifest file 'msg_interfaces.egg-info/SOURCES.txt'
[0.659s] writing manifest file 'msg_interfaces.egg-info/SOURCES.txt'
[0.682s] [100%] Built target ament_cmake_python_build_msg_interfaces_egg
