[0.905s] DEBUG:colcon:Command line arguments: ['/usr/bin/colcon', 'build', '--packages-select', 'exchangestation_detector']
[0.905s] DEBUG:colcon:Parsed command line arguments: Namespace(log_base=None, log_level=None, verb_name='build', build_base='build', install_base='install', merge_install=False, symlink_install=False, test_result_base=None, continue_on_error=False, executor='parallel', parallel_workers=8, event_handlers=None, ignore_user_meta=False, metas=['./colcon.meta'], base_paths=['.'], packages_ignore=None, packages_ignore_regex=None, paths=None, packages_up_to=None, packages_up_to_regex=None, packages_above=None, packages_above_and_dependencies=None, packages_above_depth=None, packages_select_by_dep=None, packages_skip_by_dep=None, packages_skip_up_to=None, packages_select_build_failed=False, packages_skip_build_finished=False, packages_select_test_failures=False, packages_skip_test_passed=False, packages_select=['exchangestation_detector'], packages_skip=None, packages_select_regex=None, packages_skip_regex=None, packages_start=None, packages_end=None, allow_overriding=[], cmake_args=None, cmake_target=None, cmake_target_skip_unavailable=False, cmake_clean_cache=False, cmake_clean_first=False, cmake_force_configure=False, ament_cmake_args=None, catkin_cmake_args=None, catkin_skip_building_tests=False, verb_parser=<colcon_defaults.argument_parser.defaults.DefaultArgumentsDecorator object at 0x7f57f6fac9d0>, verb_extension=<colcon_core.verb.build.BuildVerb object at 0x7f57f6facfa0>, main=<bound method BuildVerb.main of <colcon_core.verb.build.BuildVerb object at 0x7f57f6facfa0>>)
[0.948s] Level 1:colcon.colcon_core.package_discovery:discover_packages(colcon_meta) check parameters
[0.949s] Level 1:colcon.colcon_core.package_discovery:discover_packages(recursive) check parameters
[0.949s] Level 1:colcon.colcon_core.package_discovery:discover_packages(ignore) check parameters
[0.949s] Level 1:colcon.colcon_core.package_discovery:discover_packages(path) check parameters
[0.949s] Level 1:colcon.colcon_core.package_discovery:discover_packages(colcon_meta) discover
[0.949s] Level 1:colcon.colcon_core.package_discovery:discover_packages(recursive) discover
[0.949s] INFO:colcon.colcon_core.package_discovery:Crawling recursively for packages in '/home/stardust/eng_ws'
[0.949s] Level 1:colcon.colcon_core.package_identification:_identify(.) by extensions ['ignore', 'ignore_ament_install']
[0.949s] Level 1:colcon.colcon_core.package_identification:_identify(.) by extension 'ignore'
[0.949s] Level 1:colcon.colcon_core.package_identification:_identify(.) by extension 'ignore_ament_install'
[0.949s] Level 1:colcon.colcon_core.package_identification:_identify(.) by extensions ['colcon_pkg']
[0.949s] Level 1:colcon.colcon_core.package_identification:_identify(.) by extension 'colcon_pkg'
[0.949s] Level 1:colcon.colcon_core.package_identification:_identify(.) by extensions ['colcon_meta']
[0.949s] Level 1:colcon.colcon_core.package_identification:_identify(.) by extension 'colcon_meta'
[0.949s] Level 1:colcon.colcon_core.package_identification:_identify(.) by extensions ['ros']
[0.949s] Level 1:colcon.colcon_core.package_identification:_identify(.) by extension 'ros'
[0.961s] Level 1:colcon.colcon_core.package_identification:_identify(.) by extensions ['cmake', 'python']
[0.961s] Level 1:colcon.colcon_core.package_identification:_identify(.) by extension 'cmake'
[0.961s] Level 1:colcon.colcon_core.package_identification:_identify(.) by extension 'python'
[0.961s] Level 1:colcon.colcon_core.package_identification:_identify(.) by extensions ['python_setup_py']
[0.961s] Level 1:colcon.colcon_core.package_identification:_identify(.) by extension 'python_setup_py'
[0.961s] Level 1:colcon.colcon_core.package_identification:_identify(build) by extensions ['ignore', 'ignore_ament_install']
[0.962s] Level 1:colcon.colcon_core.package_identification:_identify(build) by extension 'ignore'
[0.962s] Level 1:colcon.colcon_core.package_identification:_identify(build) ignored
[0.962s] Level 1:colcon.colcon_core.package_identification:_identify(install) by extensions ['ignore', 'ignore_ament_install']
[0.962s] Level 1:colcon.colcon_core.package_identification:_identify(install) by extension 'ignore'
[0.962s] Level 1:colcon.colcon_core.package_identification:_identify(install) ignored
[0.962s] Level 1:colcon.colcon_core.package_identification:_identify(log) by extensions ['ignore', 'ignore_ament_install']
[0.962s] Level 1:colcon.colcon_core.package_identification:_identify(log) by extension 'ignore'
[0.962s] Level 1:colcon.colcon_core.package_identification:_identify(log) ignored
[0.962s] Level 1:colcon.colcon_core.package_identification:_identify(src) by extensions ['ignore', 'ignore_ament_install']
[0.963s] Level 1:colcon.colcon_core.package_identification:_identify(src) by extension 'ignore'
[0.963s] Level 1:colcon.colcon_core.package_identification:_identify(src) by extension 'ignore_ament_install'
[0.963s] Level 1:colcon.colcon_core.package_identification:_identify(src) by extensions ['colcon_pkg']
[0.963s] Level 1:colcon.colcon_core.package_identification:_identify(src) by extension 'colcon_pkg'
[0.963s] Level 1:colcon.colcon_core.package_identification:_identify(src) by extensions ['colcon_meta']
[0.963s] Level 1:colcon.colcon_core.package_identification:_identify(src) by extension 'colcon_meta'
[0.963s] Level 1:colcon.colcon_core.package_identification:_identify(src) by extensions ['ros']
[0.963s] Level 1:colcon.colcon_core.package_identification:_identify(src) by extension 'ros'
[0.963s] Level 1:colcon.colcon_core.package_identification:_identify(src) by extensions ['cmake', 'python']
[0.963s] Level 1:colcon.colcon_core.package_identification:_identify(src) by extension 'cmake'
[0.963s] Level 1:colcon.colcon_core.package_identification:_identify(src) by extension 'python'
[0.963s] Level 1:colcon.colcon_core.package_identification:_identify(src) by extensions ['python_setup_py']
[0.963s] Level 1:colcon.colcon_core.package_identification:_identify(src) by extension 'python_setup_py'
[0.963s] Level 1:colcon.colcon_core.package_identification:_identify(src/exchangestation_detector) by extensions ['ignore', 'ignore_ament_install']
[0.963s] Level 1:colcon.colcon_core.package_identification:_identify(src/exchangestation_detector) by extension 'ignore'
[0.963s] Level 1:colcon.colcon_core.package_identification:_identify(src/exchangestation_detector) by extension 'ignore_ament_install'
[0.964s] Level 1:colcon.colcon_core.package_identification:_identify(src/exchangestation_detector) by extensions ['colcon_pkg']
[0.964s] Level 1:colcon.colcon_core.package_identification:_identify(src/exchangestation_detector) by extension 'colcon_pkg'
[0.964s] Level 1:colcon.colcon_core.package_identification:_identify(src/exchangestation_detector) by extensions ['colcon_meta']
[0.964s] Level 1:colcon.colcon_core.package_identification:_identify(src/exchangestation_detector) by extension 'colcon_meta'
[0.964s] Level 1:colcon.colcon_core.package_identification:_identify(src/exchangestation_detector) by extensions ['ros']
[0.964s] Level 1:colcon.colcon_core.package_identification:_identify(src/exchangestation_detector) by extension 'ros'
[0.966s] DEBUG:colcon.colcon_core.package_identification:Package 'src/exchangestation_detector' with type 'ros.ament_cmake' and name 'exchangestation_detector'
[0.966s] Level 1:colcon.colcon_core.package_identification:_identify(src/hik_camera) by extensions ['ignore', 'ignore_ament_install']
[0.966s] Level 1:colcon.colcon_core.package_identification:_identify(src/hik_camera) by extension 'ignore'
[0.966s] Level 1:colcon.colcon_core.package_identification:_identify(src/hik_camera) by extension 'ignore_ament_install'
[0.966s] Level 1:colcon.colcon_core.package_identification:_identify(src/hik_camera) by extensions ['colcon_pkg']
[0.967s] Level 1:colcon.colcon_core.package_identification:_identify(src/hik_camera) by extension 'colcon_pkg'
[0.967s] Level 1:colcon.colcon_core.package_identification:_identify(src/hik_camera) by extensions ['colcon_meta']
[0.967s] Level 1:colcon.colcon_core.package_identification:_identify(src/hik_camera) by extension 'colcon_meta'
[0.967s] Level 1:colcon.colcon_core.package_identification:_identify(src/hik_camera) by extensions ['ros']
[0.967s] Level 1:colcon.colcon_core.package_identification:_identify(src/hik_camera) by extension 'ros'
[0.968s] DEBUG:colcon.colcon_core.package_identification:Package 'src/hik_camera' with type 'ros.ament_cmake' and name 'hik_camera'
[0.968s] Level 1:colcon.colcon_core.package_identification:_identify(src/msg_interfaces) by extensions ['ignore', 'ignore_ament_install']
[0.968s] Level 1:colcon.colcon_core.package_identification:_identify(src/msg_interfaces) by extension 'ignore'
[0.968s] Level 1:colcon.colcon_core.package_identification:_identify(src/msg_interfaces) by extension 'ignore_ament_install'
[0.968s] Level 1:colcon.colcon_core.package_identification:_identify(src/msg_interfaces) by extensions ['colcon_pkg']
[0.968s] Level 1:colcon.colcon_core.package_identification:_identify(src/msg_interfaces) by extension 'colcon_pkg'
[0.968s] Level 1:colcon.colcon_core.package_identification:_identify(src/msg_interfaces) by extensions ['colcon_meta']
[0.968s] Level 1:colcon.colcon_core.package_identification:_identify(src/msg_interfaces) by extension 'colcon_meta'
[0.968s] Level 1:colcon.colcon_core.package_identification:_identify(src/msg_interfaces) by extensions ['ros']
[0.968s] Level 1:colcon.colcon_core.package_identification:_identify(src/msg_interfaces) by extension 'ros'
[0.969s] DEBUG:colcon.colcon_core.package_identification:Package 'src/msg_interfaces' with type 'ros.ament_cmake' and name 'msg_interfaces'
[0.969s] Level 1:colcon.colcon_core.package_identification:_identify(src/serial) by extensions ['ignore', 'ignore_ament_install']
[0.969s] Level 1:colcon.colcon_core.package_identification:_identify(src/serial) by extension 'ignore'
[0.969s] Level 1:colcon.colcon_core.package_identification:_identify(src/serial) by extension 'ignore_ament_install'
[0.969s] Level 1:colcon.colcon_core.package_identification:_identify(src/serial) by extensions ['colcon_pkg']
[0.969s] Level 1:colcon.colcon_core.package_identification:_identify(src/serial) by extension 'colcon_pkg'
[0.969s] Level 1:colcon.colcon_core.package_identification:_identify(src/serial) by extensions ['colcon_meta']
[0.969s] Level 1:colcon.colcon_core.package_identification:_identify(src/serial) by extension 'colcon_meta'
[0.969s] Level 1:colcon.colcon_core.package_identification:_identify(src/serial) by extensions ['ros']
[0.969s] Level 1:colcon.colcon_core.package_identification:_identify(src/serial) by extension 'ros'
[0.969s] DEBUG:colcon.colcon_core.package_identification:Package 'src/serial' with type 'ros.ament_cmake' and name 'serial'
[0.970s] Level 1:colcon.colcon_core.package_discovery:discover_packages(recursive) using defaults
[0.970s] Level 1:colcon.colcon_core.package_discovery:discover_packages(ignore) discover
[0.970s] Level 1:colcon.colcon_core.package_discovery:discover_packages(ignore) using defaults
[0.970s] Level 1:colcon.colcon_core.package_discovery:discover_packages(path) discover
[0.970s] Level 1:colcon.colcon_core.package_discovery:discover_packages(path) using defaults
[1.032s] INFO:colcon.colcon_core.package_selection:Skipping not selected package 'hik_camera' in 'src/hik_camera'
[1.032s] INFO:colcon.colcon_core.package_selection:Skipping not selected package 'msg_interfaces' in 'src/msg_interfaces'
[1.032s] INFO:colcon.colcon_core.package_selection:Skipping not selected package 'serial' in 'src/serial'
[1.058s] Level 1:colcon.colcon_core.package_discovery:discover_packages(prefix_path) check parameters
[1.059s] Level 1:colcon.colcon_core.package_discovery:discover_packages(prefix_path) discover
[1.085s] DEBUG:colcon.colcon_installed_package_information.package_discovery:Found 5 installed packages in /home/stardust/eng_ws/install
[1.100s] DEBUG:colcon.colcon_installed_package_information.package_discovery:Found 283 installed packages in /opt/ros/iron
[1.101s] Level 1:colcon.colcon_core.package_discovery:discover_packages(prefix_path) using defaults
[1.190s] Level 5:colcon.colcon_core.verb:set package 'exchangestation_detector' build argument 'cmake_args' from command line to 'None'
[1.190s] Level 5:colcon.colcon_core.verb:set package 'exchangestation_detector' build argument 'cmake_target' from command line to 'None'
[1.190s] Level 5:colcon.colcon_core.verb:set package 'exchangestation_detector' build argument 'cmake_target_skip_unavailable' from command line to 'False'
[1.191s] Level 5:colcon.colcon_core.verb:set package 'exchangestation_detector' build argument 'cmake_clean_cache' from command line to 'False'
[1.191s] Level 5:colcon.colcon_core.verb:set package 'exchangestation_detector' build argument 'cmake_clean_first' from command line to 'False'
[1.191s] Level 5:colcon.colcon_core.verb:set package 'exchangestation_detector' build argument 'cmake_force_configure' from command line to 'False'
[1.191s] Level 5:colcon.colcon_core.verb:set package 'exchangestation_detector' build argument 'ament_cmake_args' from command line to 'None'
[1.191s] Level 5:colcon.colcon_core.verb:set package 'exchangestation_detector' build argument 'catkin_cmake_args' from command line to 'None'
[1.191s] Level 5:colcon.colcon_core.verb:set package 'exchangestation_detector' build argument 'catkin_skip_building_tests' from command line to 'False'
[1.191s] DEBUG:colcon.colcon_core.verb:Building package 'exchangestation_detector' with the following arguments: {'ament_cmake_args': None, 'build_base': '/home/stardust/eng_ws/build/exchangestation_detector', 'catkin_cmake_args': None, 'catkin_skip_building_tests': False, 'cmake_args': None, 'cmake_clean_cache': False, 'cmake_clean_first': False, 'cmake_force_configure': False, 'cmake_target': None, 'cmake_target_skip_unavailable': False, 'install_base': '/home/stardust/eng_ws/install/exchangestation_detector', 'merge_install': False, 'path': '/home/stardust/eng_ws/src/exchangestation_detector', 'symlink_install': False, 'test_result_base': None}
[1.205s] INFO:colcon.colcon_core.executor:Executing jobs using 'parallel' executor
[1.221s] DEBUG:colcon.colcon_parallel_executor.executor.parallel:run_until_complete
[1.221s] INFO:colcon.colcon_ros.task.ament_cmake.build:Building ROS package in '/home/stardust/eng_ws/src/exchangestation_detector' with build type 'ament_cmake'
[1.221s] INFO:colcon.colcon_cmake.task.cmake.build:Building CMake package in '/home/stardust/eng_ws/src/exchangestation_detector'
[1.238s] INFO:colcon.colcon_core.plugin_system:Skipping extension 'colcon_core.shell.bat': Not used on non-Windows systems
[1.239s] INFO:colcon.colcon_core.shell:Skip shell extension 'powershell' for command environment: Not usable outside of PowerShell
[1.239s] DEBUG:colcon.colcon_core.shell:Skip shell extension 'dsv' for command environment
[1.314s] DEBUG:colcon.colcon_core.event_handler.log_command:Invoking command in '/home/stardust/eng_ws/build/exchangestation_detector': CMAKE_PREFIX_PATH=${CMAKE_PREFIX_PATH}:/opt/ros/iron /usr/bin/cmake --build /home/stardust/eng_ws/build/exchangestation_detector -- -j8 -l8
[13.523s] DEBUG:colcon.colcon_core.event_handler.log_command:Invoked command in '/home/stardust/eng_ws/build/exchangestation_detector' returned '0': CMAKE_PREFIX_PATH=${CMAKE_PREFIX_PATH}:/opt/ros/iron /usr/bin/cmake --build /home/stardust/eng_ws/build/exchangestation_detector -- -j8 -l8
[13.586s] DEBUG:colcon.colcon_core.event_handler.log_command:Invoking command in '/home/stardust/eng_ws/build/exchangestation_detector': CMAKE_PREFIX_PATH=${CMAKE_PREFIX_PATH}:/opt/ros/iron /usr/bin/cmake --install /home/stardust/eng_ws/build/exchangestation_detector
[13.604s] Level 1:colcon.colcon_core.environment:create_environment_scripts_only(exchangestation_detector)
[13.606s] DEBUG:colcon.colcon_core.event_handler.log_command:Invoked command in '/home/stardust/eng_ws/build/exchangestation_detector' returned '0': CMAKE_PREFIX_PATH=${CMAKE_PREFIX_PATH}:/opt/ros/iron /usr/bin/cmake --install /home/stardust/eng_ws/build/exchangestation_detector
[13.627s] Level 1:colcon.colcon_core.environment:checking '/home/stardust/eng_ws/install/exchangestation_detector' for CMake module files
[13.628s] Level 1:colcon.colcon_core.environment:checking '/home/stardust/eng_ws/install/exchangestation_detector' for CMake config files
[13.628s] Level 1:colcon.colcon_core.shell:create_environment_hook('exchangestation_detector', 'cmake_prefix_path')
[13.645s] INFO:colcon.colcon_core.shell:Creating environment hook '/home/stardust/eng_ws/install/exchangestation_detector/share/exchangestation_detector/hook/cmake_prefix_path.ps1'
[13.647s] INFO:colcon.colcon_core.shell:Creating environment descriptor '/home/stardust/eng_ws/install/exchangestation_detector/share/exchangestation_detector/hook/cmake_prefix_path.dsv'
[13.648s] INFO:colcon.colcon_core.shell:Creating environment hook '/home/stardust/eng_ws/install/exchangestation_detector/share/exchangestation_detector/hook/cmake_prefix_path.sh'
[13.649s] Level 1:colcon.colcon_core.environment:checking '/home/stardust/eng_ws/install/exchangestation_detector/bin'
[13.649s] Level 1:colcon.colcon_core.environment:checking '/home/stardust/eng_ws/install/exchangestation_detector/lib/pkgconfig/exchangestation_detector.pc'
[13.650s] Level 1:colcon.colcon_core.environment:checking '/home/stardust/eng_ws/install/exchangestation_detector/lib/python3.10/site-packages'
[13.650s] Level 1:colcon.colcon_core.environment:checking '/home/stardust/eng_ws/install/exchangestation_detector/bin'
[13.667s] INFO:colcon.colcon_core.shell:Creating package script '/home/stardust/eng_ws/install/exchangestation_detector/share/exchangestation_detector/package.ps1'
[13.668s] INFO:colcon.colcon_core.shell:Creating package descriptor '/home/stardust/eng_ws/install/exchangestation_detector/share/exchangestation_detector/package.dsv'
[13.669s] INFO:colcon.colcon_core.shell:Creating package script '/home/stardust/eng_ws/install/exchangestation_detector/share/exchangestation_detector/package.sh'
[13.669s] INFO:colcon.colcon_core.shell:Creating package script '/home/stardust/eng_ws/install/exchangestation_detector/share/exchangestation_detector/package.bash'
[13.670s] INFO:colcon.colcon_core.shell:Creating package script '/home/stardust/eng_ws/install/exchangestation_detector/share/exchangestation_detector/package.zsh'
[13.671s] Level 1:colcon.colcon_core.environment:create_file_with_runtime_dependencies(/home/stardust/eng_ws/install/exchangestation_detector/share/colcon-core/packages/exchangestation_detector)
[13.736s] Level 1:colcon.colcon_core.environment:create_environment_scripts_only(exchangestation_detector)
[13.751s] Level 1:colcon.colcon_core.environment:checking '/home/stardust/eng_ws/install/exchangestation_detector' for CMake module files
[13.751s] Level 1:colcon.colcon_core.environment:checking '/home/stardust/eng_ws/install/exchangestation_detector' for CMake config files
[13.752s] Level 1:colcon.colcon_core.shell:create_environment_hook('exchangestation_detector', 'cmake_prefix_path')
[13.768s] INFO:colcon.colcon_core.shell:Creating environment hook '/home/stardust/eng_ws/install/exchangestation_detector/share/exchangestation_detector/hook/cmake_prefix_path.ps1'
[13.769s] INFO:colcon.colcon_core.shell:Creating environment descriptor '/home/stardust/eng_ws/install/exchangestation_detector/share/exchangestation_detector/hook/cmake_prefix_path.dsv'
[13.769s] INFO:colcon.colcon_core.shell:Creating environment hook '/home/stardust/eng_ws/install/exchangestation_detector/share/exchangestation_detector/hook/cmake_prefix_path.sh'
[13.770s] Level 1:colcon.colcon_core.environment:checking '/home/stardust/eng_ws/install/exchangestation_detector/bin'
[13.770s] Level 1:colcon.colcon_core.environment:checking '/home/stardust/eng_ws/install/exchangestation_detector/lib/pkgconfig/exchangestation_detector.pc'
[13.771s] Level 1:colcon.colcon_core.environment:checking '/home/stardust/eng_ws/install/exchangestation_detector/lib/python3.10/site-packages'
[13.771s] Level 1:colcon.colcon_core.environment:checking '/home/stardust/eng_ws/install/exchangestation_detector/bin'
[13.785s] INFO:colcon.colcon_core.shell:Creating package script '/home/stardust/eng_ws/install/exchangestation_detector/share/exchangestation_detector/package.ps1'
[13.785s] INFO:colcon.colcon_core.shell:Creating package descriptor '/home/stardust/eng_ws/install/exchangestation_detector/share/exchangestation_detector/package.dsv'
[13.786s] INFO:colcon.colcon_core.shell:Creating package script '/home/stardust/eng_ws/install/exchangestation_detector/share/exchangestation_detector/package.sh'
[13.787s] INFO:colcon.colcon_core.shell:Creating package script '/home/stardust/eng_ws/install/exchangestation_detector/share/exchangestation_detector/package.bash'
[13.788s] INFO:colcon.colcon_core.shell:Creating package script '/home/stardust/eng_ws/install/exchangestation_detector/share/exchangestation_detector/package.zsh'
[13.788s] Level 1:colcon.colcon_core.environment:create_file_with_runtime_dependencies(/home/stardust/eng_ws/install/exchangestation_detector/share/colcon-core/packages/exchangestation_detector)
[13.789s] DEBUG:colcon.colcon_parallel_executor.executor.parallel:closing loop
[13.789s] DEBUG:colcon.colcon_parallel_executor.executor.parallel:loop closed
[13.789s] DEBUG:colcon.colcon_parallel_executor.executor.parallel:run_until_complete finished with '0'
[13.790s] DEBUG:colcon.colcon_core.event_reactor:joining thread
[13.817s] INFO:colcon.colcon_core.plugin_system:Skipping extension 'colcon_notification.desktop_notification.terminal_notifier': Not used on non-Darwin systems
[13.817s] INFO:colcon.colcon_core.plugin_system:Skipping extension 'colcon_notification.desktop_notification.win32': Not used on non-Windows systems
[13.817s] INFO:colcon.colcon_notification.desktop_notification:Sending desktop notification using 'notify2'
[13.830s] DEBUG:colcon.colcon_core.event_reactor:joined thread
[13.846s] INFO:colcon.colcon_core.shell:Creating prefix script '/home/stardust/eng_ws/install/local_setup.ps1'
[13.847s] INFO:colcon.colcon_core.shell:Creating prefix util module '/home/stardust/eng_ws/install/_local_setup_util_ps1.py'
[13.849s] INFO:colcon.colcon_core.shell:Creating prefix chain script '/home/stardust/eng_ws/install/setup.ps1'
[13.865s] INFO:colcon.colcon_core.shell:Creating prefix script '/home/stardust/eng_ws/install/local_setup.sh'
[13.866s] INFO:colcon.colcon_core.shell:Creating prefix util module '/home/stardust/eng_ws/install/_local_setup_util_sh.py'
[13.866s] INFO:colcon.colcon_core.shell:Creating prefix chain script '/home/stardust/eng_ws/install/setup.sh'
[13.882s] INFO:colcon.colcon_core.shell:Creating prefix script '/home/stardust/eng_ws/install/local_setup.bash'
[13.882s] INFO:colcon.colcon_core.shell:Creating prefix chain script '/home/stardust/eng_ws/install/setup.bash'
[13.898s] INFO:colcon.colcon_core.shell:Creating prefix script '/home/stardust/eng_ws/install/local_setup.zsh'
[13.898s] INFO:colcon.colcon_core.shell:Creating prefix chain script '/home/stardust/eng_ws/install/setup.zsh'
