[0.072s] Invoking command in '/home/jlurobovision/eng_ws/build/global_launch': CMAKE_PREFIX_PATH=${CMAKE_PREFIX_PATH}:/opt/ros/humble /usr/bin/cmake --build /home/jlurobovision/eng_ws/build/global_launch -- -j12 -l12
[0.188s] Invoked command in '/home/jlurobovision/eng_ws/build/global_launch' returned '0': CMAKE_PREFIX_PATH=${CMAKE_PREFIX_PATH}:/opt/ros/humble /usr/bin/cmake --build /home/jlurobovision/eng_ws/build/global_launch -- -j12 -l12
[0.303s] Invoking command in '/home/jlurobovision/eng_ws/build/global_launch': CMAKE_PREFIX_PATH=${CMAKE_PREFIX_PATH}:/opt/ros/humble /usr/bin/cmake --install /home/jlurobovision/eng_ws/build/global_launch
[0.329s] -- Install configuration: ""
[0.329s] -- Up-to-date: /home/jlurobovision/eng_ws/install/global_launch/share/global_launch/launch
[0.329s] -- Up-to-date: /home/jlurobovision/eng_ws/install/global_launch/share/global_launch/launch/global_launch.launch.py
[0.332s] -- Up-to-date: /home/jlurobovision/eng_ws/install/global_launch/share/ament_index/resource_index/package_run_dependencies/global_launch
[0.335s] -- Up-to-date: /home/jlurobovision/eng_ws/install/global_launch/share/ament_index/resource_index/parent_prefix_path/global_launch
[0.337s] -- Up-to-date: /home/jlurobovision/eng_ws/install/global_launch/share/global_launch/environment/ament_prefix_path.sh
[0.338s] -- Up-to-date: /home/jlurobovision/eng_ws/install/global_launch/share/global_launch/environment/ament_prefix_path.dsv
[0.339s] -- Up-to-date: /home/jlurobovision/eng_ws/install/global_launch/share/global_launch/environment/path.sh
[0.339s] -- Up-to-date: /home/jlurobovision/eng_ws/install/global_launch/share/global_launch/environment/path.dsv
[0.339s] -- Up-to-date: /home/jlurobovision/eng_ws/install/global_launch/share/global_launch/local_setup.bash
[0.339s] -- Up-to-date: /home/jlurobovision/eng_ws/install/global_launch/share/global_launch/local_setup.sh
[0.339s] -- Up-to-date: /home/jlurobovision/eng_ws/install/global_launch/share/global_launch/local_setup.zsh
[0.340s] -- Up-to-date: /home/jlurobovision/eng_ws/install/global_launch/share/global_launch/local_setup.dsv
[0.340s] -- Installing: /home/jlurobovision/eng_ws/install/global_launch/share/global_launch/package.dsv
[0.340s] -- Up-to-date: /home/jlurobovision/eng_ws/install/global_launch/share/ament_index/resource_index/packages/global_launch
[0.340s] -- Up-to-date: /home/jlurobovision/eng_ws/install/global_launch/share/global_launch/cmake/global_launchConfig.cmake
[0.341s] -- Up-to-date: /home/jlurobovision/eng_ws/install/global_launch/share/global_launch/cmake/global_launchConfig-version.cmake
[0.341s] -- Up-to-date: /home/jlurobovision/eng_ws/install/global_launch/share/global_launch/package.xml
[0.342s] Invoked command in '/home/jlurobovision/eng_ws/build/global_launch' returned '0': CMAKE_PREFIX_PATH=${CMAKE_PREFIX_PATH}:/opt/ros/humble /usr/bin/cmake --install /home/jlurobovision/eng_ws/build/global_launch
