[01m[K/home/jlurobovision/eng_ws/src/camera_calibration/src/camera_calibration.cpp:[m[K In function ‘[01m[Kint main(int, char**)[m[K’:
[01m[K/home/jlurobovision/eng_ws/src/camera_calibration/src/camera_calibration.cpp:41:28:[m[K [01;31m[Kerror: [m[Kinvalid use of ‘[01m[Kthis[m[K’ in non-member function
   41 |     auto camera_info_sub = [01;31m[Kthis[m[K->create_subscription<sensor_msgs::msg::CameraInfo>("camera_info", 10, [](const sensor_msgs::msg::CameraInfo::SharedPtr msg) {
      |                            [01;31m[K^~~~[m[K
[01m[K/home/jlurobovision/eng_ws/src/camera_calibration/src/camera_calibration.cpp:41:72:[m[K [01;31m[Kerror: [m[K‘[01m[KCameraInfo[m[K’ is not a member of ‘[01m[Ksensor_msgs::msg[m[K’
   41 |     auto camera_info_sub = this->create_subscription<sensor_msgs::msg::[01;31m[KCameraInfo[m[K>("camera_info", 10, [](const sensor_msgs::msg::CameraInfo::SharedPtr msg) {
      |                                                                        [01;31m[K^~~~~~~~~~[m[K
[01m[K/home/jlurobovision/eng_ws/src/camera_calibration/src/camera_calibration.cpp:41:84:[m[K [01;35m[Kwarning: [m[Kleft operand of comma operator has no effect [[01;35m[K]8;;https://gcc.gnu.org/onlinedocs/gcc/Warning-Options.html#index-Wunused-value-Wunused-value]8;;[m[K]
   41 |     auto camera_info_sub = this->create_subscription<sensor_msgs::msg::CameraInfo>([01;35m[K"camera_info"[m[K, 10, [](const sensor_msgs::msg::CameraInfo::SharedPtr msg) {
      |                                                                                    [01;35m[K^~~~~~~~~~~~~[m[K
[01m[K/home/jlurobovision/eng_ws/src/camera_calibration/src/camera_calibration.cpp:41:130:[m[K [01;31m[Kerror: [m[K‘[01m[KCameraInfo[m[K’ in namespace ‘[01m[Ksensor_msgs::msg[m[K’ does not name a type
   41 |     auto camera_info_sub = this->create_subscription<sensor_msgs::msg::CameraInfo>("camera_info", 10, [](const sensor_msgs::msg::[01;31m[KCameraInfo[m[K::SharedPtr msg) {
      |                                                                                                                                  [01;31m[K^~~~~~~~~~[m[K
[01m[K/home/jlurobovision/eng_ws/src/camera_calibration/src/camera_calibration.cpp:[m[K In lambda function:
[01m[K/home/jlurobovision/eng_ws/src/camera_calibration/src/camera_calibration.cpp:43:7:[m[K [01;31m[Kerror: [m[Kexpected ‘[01m[K{[m[K’ before ‘[01m[K;[m[K’ token
   43 |     })[01;31m[K;[m[K
      |       [01;31m[K^[m[K
[01m[K/home/jlurobovision/eng_ws/src/camera_calibration/src/camera_calibration.cpp:[m[K In function ‘[01m[Kint main(int, char**)[m[K’:
[01m[K/home/jlurobovision/eng_ws/src/camera_calibration/src/camera_calibration.cpp:43:7:[m[K [01;35m[Kwarning: [m[Kright operand of comma operator has no effect [[01;35m[K]8;;https://gcc.gnu.org/onlinedocs/gcc/Warning-Options.html#index-Wunused-value-Wunused-value]8;;[m[K]
[01m[K/home/jlurobovision/eng_ws/src/camera_calibration/src/camera_calibration.cpp:43:7:[m[K [01;31m[Kerror: [m[Kexpected ‘[01m[K)[m[K’ before ‘[01m[K;[m[K’ token
   43 |     })[01;31m[K;[m[K
      |       [01;31m[K^[m[K
      |       [32m[K)[m[K
[01m[K/home/jlurobovision/eng_ws/src/camera_calibration/src/camera_calibration.cpp:41:83:[m[K [01;36m[Knote: [m[Kto match this ‘[01m[K([m[K’
   41 |     auto camera_info_sub = this->create_subscription<sensor_msgs::msg::CameraInfo>[01;36m[K([m[K"camera_info", 10, [](const sensor_msgs::msg::CameraInfo::SharedPtr msg) {
      |                                                                                   [01;36m[K^[m[K
gmake[2]: *** [CMakeFiles/camera_calibration.dir/build.make:76：CMakeFiles/camera_calibration.dir/src/camera_calibration.cpp.o] 错误 1
gmake[1]: *** [CMakeFiles/Makefile2:137：CMakeFiles/camera_calibration.dir/all] 错误 2
gmake: *** [Makefile:146：all] 错误 2
