[0.032s] Invoking command in '/home/jlurobovision/eng_ws/build/msg_interfaces': CMAKE_PREFIX_PATH=${CMAKE_PREFIX_PATH}:/opt/ros/humble /usr/bin/cmake --build /home/jlurobovision/eng_ws/build/msg_interfaces -- -j12 -l12
[0.195s] [  3%] Built target msg_interfaces__cpp
[0.225s] [ 12%] Built target msg_interfaces__rosidl_generator_c
[0.254s] [ 12%] Built target ament_cmake_python_copy_msg_interfaces
[0.281s] [ 22%] Built target msg_interfaces__rosidl_typesupport_fastrtps_cpp
[0.289s] [ 32%] Built target msg_interfaces__rosidl_typesupport_introspection_cpp
[0.336s] [ 41%] Built target msg_interfaces__rosidl_typesupport_cpp
[0.350s] [ 51%] Built target msg_interfaces__rosidl_typesupport_introspection_c
[0.351s] [ 61%] Built target msg_interfaces__rosidl_typesupport_c
[0.374s] [ 70%] Built target msg_interfaces__rosidl_typesupport_fastrtps_c
[0.421s] [ 70%] Built target msg_interfaces
[0.499s] [ 74%] Built target msg_interfaces__py
[0.550s] [ 80%] Built target msg_interfaces__rosidl_generator_py
[0.611s] [ 96%] Built target msg_interfaces__rosidl_typesupport_fastrtps_c__pyext
[0.612s] [ 96%] Built target msg_interfaces__rosidl_typesupport_introspection_c__pyext
[0.612s] [100%] Built target msg_interfaces__rosidl_typesupport_c__pyext
[0.998s] running egg_info
[1.000s] writing msg_interfaces.egg-info/PKG-INFO
[1.000s] writing dependency_links to msg_interfaces.egg-info/dependency_links.txt
[1.000s] writing top-level names to msg_interfaces.egg-info/top_level.txt
[1.011s] reading manifest file 'msg_interfaces.egg-info/SOURCES.txt'
[1.012s] writing manifest file 'msg_interfaces.egg-info/SOURCES.txt'
[1.097s] [100%] Built target ament_cmake_python_build_msg_interfaces_egg
[1.118s] Invoked command in '/home/jlurobovision/eng_ws/build/msg_interfaces' returned '0': CMAKE_PREFIX_PATH=${CMAKE_PREFIX_PATH}:/opt/ros/humble /usr/bin/cmake --build /home/jlurobovision/eng_ws/build/msg_interfaces -- -j12 -l12
[1.198s] Invoking command in '/home/jlurobovision/eng_ws/build/msg_interfaces': CMAKE_PREFIX_PATH=${CMAKE_PREFIX_PATH}:/opt/ros/humble /usr/bin/cmake --install /home/jlurobovision/eng_ws/build/msg_interfaces
[1.207s] -- Install configuration: ""
[1.208s] -- Up-to-date: /home/jlurobovision/eng_ws/install/msg_interfaces/share/ament_index/resource_index/rosidl_interfaces/msg_interfaces
[1.208s] -- Up-to-date: /home/jlurobovision/eng_ws/install/msg_interfaces/include/msg_interfaces/msg_interfaces
[1.208s] -- Up-to-date: /home/jlurobovision/eng_ws/install/msg_interfaces/include/msg_interfaces/msg_interfaces/msg
[1.208s] -- Up-to-date: /home/jlurobovision/eng_ws/install/msg_interfaces/include/msg_interfaces/msg_interfaces/msg/angle.h
[1.209s] -- Up-to-date: /home/jlurobovision/eng_ws/install/msg_interfaces/include/msg_interfaces/msg_interfaces/msg/detail
[1.209s] -- Up-to-date: /home/jlurobovision/eng_ws/install/msg_interfaces/include/msg_interfaces/msg_interfaces/msg/detail/angle__functions.c
[1.209s] -- Up-to-date: /home/jlurobovision/eng_ws/install/msg_interfaces/include/msg_interfaces/msg_interfaces/msg/detail/angle__functions.h
[1.209s] -- Up-to-date: /home/jlurobovision/eng_ws/install/msg_interfaces/include/msg_interfaces/msg_interfaces/msg/detail/angle__struct.h
[1.209s] -- Up-to-date: /home/jlurobovision/eng_ws/install/msg_interfaces/include/msg_interfaces/msg_interfaces/msg/detail/angle__type_support.h
[1.210s] -- Up-to-date: /home/jlurobovision/eng_ws/install/msg_interfaces/include/msg_interfaces/msg_interfaces/msg/rosidl_generator_c__visibility_control.h
[1.210s] -- Up-to-date: /home/jlurobovision/eng_ws/install/msg_interfaces/share/msg_interfaces/environment/library_path.sh
[1.210s] -- Up-to-date: /home/jlurobovision/eng_ws/install/msg_interfaces/share/msg_interfaces/environment/library_path.dsv
[1.210s] -- Up-to-date: /home/jlurobovision/eng_ws/install/msg_interfaces/lib/libmsg_interfaces__rosidl_generator_c.so
[1.211s] -- Up-to-date: /home/jlurobovision/eng_ws/install/msg_interfaces/include/msg_interfaces/msg_interfaces
[1.211s] -- Up-to-date: /home/jlurobovision/eng_ws/install/msg_interfaces/include/msg_interfaces/msg_interfaces/msg
[1.211s] -- Up-to-date: /home/jlurobovision/eng_ws/install/msg_interfaces/include/msg_interfaces/msg_interfaces/msg/rosidl_typesupport_fastrtps_c__visibility_control.h
[1.211s] -- Up-to-date: /home/jlurobovision/eng_ws/install/msg_interfaces/include/msg_interfaces/msg_interfaces/msg/detail
[1.211s] -- Up-to-date: /home/jlurobovision/eng_ws/install/msg_interfaces/include/msg_interfaces/msg_interfaces/msg/detail/angle__rosidl_typesupport_fastrtps_c.h
[1.212s] -- Up-to-date: /home/jlurobovision/eng_ws/install/msg_interfaces/lib/libmsg_interfaces__rosidl_typesupport_fastrtps_c.so
[1.212s] -- Up-to-date: /home/jlurobovision/eng_ws/install/msg_interfaces/include/msg_interfaces/msg_interfaces
[1.212s] -- Up-to-date: /home/jlurobovision/eng_ws/install/msg_interfaces/include/msg_interfaces/msg_interfaces/msg
[1.212s] -- Up-to-date: /home/jlurobovision/eng_ws/install/msg_interfaces/include/msg_interfaces/msg_interfaces/msg/rosidl_typesupport_introspection_c__visibility_control.h
[1.212s] -- Up-to-date: /home/jlurobovision/eng_ws/install/msg_interfaces/include/msg_interfaces/msg_interfaces/msg/detail
[1.213s] -- Up-to-date: /home/jlurobovision/eng_ws/install/msg_interfaces/include/msg_interfaces/msg_interfaces/msg/detail/angle__rosidl_typesupport_introspection_c.h
[1.213s] -- Up-to-date: /home/jlurobovision/eng_ws/install/msg_interfaces/include/msg_interfaces/msg_interfaces/msg/detail/angle__type_support.c
[1.213s] -- Up-to-date: /home/jlurobovision/eng_ws/install/msg_interfaces/lib/libmsg_interfaces__rosidl_typesupport_introspection_c.so
[1.213s] -- Up-to-date: /home/jlurobovision/eng_ws/install/msg_interfaces/lib/libmsg_interfaces__rosidl_typesupport_c.so
[1.213s] -- Up-to-date: /home/jlurobovision/eng_ws/install/msg_interfaces/include/msg_interfaces/msg_interfaces
[1.213s] -- Up-to-date: /home/jlurobovision/eng_ws/install/msg_interfaces/include/msg_interfaces/msg_interfaces/msg
[1.213s] -- Up-to-date: /home/jlurobovision/eng_ws/install/msg_interfaces/include/msg_interfaces/msg_interfaces/msg/angle.hpp
[1.213s] -- Up-to-date: /home/jlurobovision/eng_ws/install/msg_interfaces/include/msg_interfaces/msg_interfaces/msg/detail
[1.214s] -- Up-to-date: /home/jlurobovision/eng_ws/install/msg_interfaces/include/msg_interfaces/msg_interfaces/msg/detail/angle__traits.hpp
[1.214s] -- Up-to-date: /home/jlurobovision/eng_ws/install/msg_interfaces/include/msg_interfaces/msg_interfaces/msg/detail/angle__struct.hpp
[1.214s] -- Up-to-date: /home/jlurobovision/eng_ws/install/msg_interfaces/include/msg_interfaces/msg_interfaces/msg/detail/angle__builder.hpp
[1.214s] -- Up-to-date: /home/jlurobovision/eng_ws/install/msg_interfaces/include/msg_interfaces/msg_interfaces
[1.214s] -- Up-to-date: /home/jlurobovision/eng_ws/install/msg_interfaces/include/msg_interfaces/msg_interfaces/msg
[1.214s] -- Up-to-date: /home/jlurobovision/eng_ws/install/msg_interfaces/include/msg_interfaces/msg_interfaces/msg/rosidl_typesupport_fastrtps_cpp__visibility_control.h
[1.214s] -- Up-to-date: /home/jlurobovision/eng_ws/install/msg_interfaces/include/msg_interfaces/msg_interfaces/msg/detail
[1.214s] -- Up-to-date: /home/jlurobovision/eng_ws/install/msg_interfaces/include/msg_interfaces/msg_interfaces/msg/detail/angle__rosidl_typesupport_fastrtps_cpp.hpp
[1.214s] -- Up-to-date: /home/jlurobovision/eng_ws/install/msg_interfaces/include/msg_interfaces/msg_interfaces/msg/detail/dds_fastrtps
[1.214s] -- Up-to-date: /home/jlurobovision/eng_ws/install/msg_interfaces/lib/libmsg_interfaces__rosidl_typesupport_fastrtps_cpp.so
[1.215s] -- Up-to-date: /home/jlurobovision/eng_ws/install/msg_interfaces/include/msg_interfaces/msg_interfaces
[1.215s] -- Up-to-date: /home/jlurobovision/eng_ws/install/msg_interfaces/include/msg_interfaces/msg_interfaces/msg
[1.215s] -- Up-to-date: /home/jlurobovision/eng_ws/install/msg_interfaces/include/msg_interfaces/msg_interfaces/msg/detail
[1.215s] -- Up-to-date: /home/jlurobovision/eng_ws/install/msg_interfaces/include/msg_interfaces/msg_interfaces/msg/detail/angle__rosidl_typesupport_introspection_cpp.hpp
[1.215s] -- Up-to-date: /home/jlurobovision/eng_ws/install/msg_interfaces/include/msg_interfaces/msg_interfaces/msg/detail/angle__type_support.cpp
[1.215s] -- Up-to-date: /home/jlurobovision/eng_ws/install/msg_interfaces/lib/libmsg_interfaces__rosidl_typesupport_introspection_cpp.so
[1.215s] -- Up-to-date: /home/jlurobovision/eng_ws/install/msg_interfaces/lib/libmsg_interfaces__rosidl_typesupport_cpp.so
[1.215s] -- Up-to-date: /home/jlurobovision/eng_ws/install/msg_interfaces/share/msg_interfaces/environment/pythonpath.sh
[1.215s] -- Up-to-date: /home/jlurobovision/eng_ws/install/msg_interfaces/share/msg_interfaces/environment/pythonpath.dsv
[1.215s] -- Up-to-date: /home/jlurobovision/eng_ws/install/msg_interfaces/local/lib/python3.10/dist-packages/msg_interfaces-0.0.0-py3.10.egg-info
[1.215s] -- Installing: /home/jlurobovision/eng_ws/install/msg_interfaces/local/lib/python3.10/dist-packages/msg_interfaces-0.0.0-py3.10.egg-info/SOURCES.txt
[1.215s] -- Installing: /home/jlurobovision/eng_ws/install/msg_interfaces/local/lib/python3.10/dist-packages/msg_interfaces-0.0.0-py3.10.egg-info/PKG-INFO
[1.215s] -- Installing: /home/jlurobovision/eng_ws/install/msg_interfaces/local/lib/python3.10/dist-packages/msg_interfaces-0.0.0-py3.10.egg-info/dependency_links.txt
[1.215s] -- Installing: /home/jlurobovision/eng_ws/install/msg_interfaces/local/lib/python3.10/dist-packages/msg_interfaces-0.0.0-py3.10.egg-info/top_level.txt
[1.216s] -- Up-to-date: /home/jlurobovision/eng_ws/install/msg_interfaces/local/lib/python3.10/dist-packages/msg_interfaces
[1.216s] -- Up-to-date: /home/jlurobovision/eng_ws/install/msg_interfaces/local/lib/python3.10/dist-packages/msg_interfaces/msg_interfaces_s__rosidl_typesupport_c.cpython-310-x86_64-linux-gnu.so
[1.216s] -- Up-to-date: /home/jlurobovision/eng_ws/install/msg_interfaces/local/lib/python3.10/dist-packages/msg_interfaces/_msg_interfaces_s.ep.rosidl_typesupport_introspection_c.c
[1.216s] -- Up-to-date: /home/jlurobovision/eng_ws/install/msg_interfaces/local/lib/python3.10/dist-packages/msg_interfaces/msg_interfaces_s__rosidl_typesupport_introspection_c.cpython-310-x86_64-linux-gnu.so
[1.216s] -- Up-to-date: /home/jlurobovision/eng_ws/install/msg_interfaces/local/lib/python3.10/dist-packages/msg_interfaces/libmsg_interfaces__rosidl_generator_py.so
[1.216s] -- Up-to-date: /home/jlurobovision/eng_ws/install/msg_interfaces/local/lib/python3.10/dist-packages/msg_interfaces/msg
[1.216s] -- Up-to-date: /home/jlurobovision/eng_ws/install/msg_interfaces/local/lib/python3.10/dist-packages/msg_interfaces/msg/_angle_s.c
[1.216s] -- Up-to-date: /home/jlurobovision/eng_ws/install/msg_interfaces/local/lib/python3.10/dist-packages/msg_interfaces/msg/_angle.py
[1.216s] -- Up-to-date: /home/jlurobovision/eng_ws/install/msg_interfaces/local/lib/python3.10/dist-packages/msg_interfaces/msg/__init__.py
[1.216s] -- Up-to-date: /home/jlurobovision/eng_ws/install/msg_interfaces/local/lib/python3.10/dist-packages/msg_interfaces/_msg_interfaces_s.ep.rosidl_typesupport_fastrtps_c.c
[1.216s] -- Up-to-date: /home/jlurobovision/eng_ws/install/msg_interfaces/local/lib/python3.10/dist-packages/msg_interfaces/msg_interfaces_s__rosidl_typesupport_fastrtps_c.cpython-310-x86_64-linux-gnu.so
[1.216s] -- Up-to-date: /home/jlurobovision/eng_ws/install/msg_interfaces/local/lib/python3.10/dist-packages/msg_interfaces/__init__.py
[1.216s] -- Up-to-date: /home/jlurobovision/eng_ws/install/msg_interfaces/local/lib/python3.10/dist-packages/msg_interfaces/_msg_interfaces_s.ep.rosidl_typesupport_c.c
[1.252s] Listing '/home/jlurobovision/eng_ws/install/msg_interfaces/local/lib/python3.10/dist-packages/msg_interfaces'...
[1.252s] Listing '/home/jlurobovision/eng_ws/install/msg_interfaces/local/lib/python3.10/dist-packages/msg_interfaces/msg'...
[1.261s] -- Up-to-date: /home/jlurobovision/eng_ws/install/msg_interfaces/local/lib/python3.10/dist-packages/msg_interfaces/msg_interfaces_s__rosidl_typesupport_fastrtps_c.cpython-310-x86_64-linux-gnu.so
[1.261s] -- Up-to-date: /home/jlurobovision/eng_ws/install/msg_interfaces/local/lib/python3.10/dist-packages/msg_interfaces/msg_interfaces_s__rosidl_typesupport_introspection_c.cpython-310-x86_64-linux-gnu.so
[1.261s] -- Up-to-date: /home/jlurobovision/eng_ws/install/msg_interfaces/local/lib/python3.10/dist-packages/msg_interfaces/msg_interfaces_s__rosidl_typesupport_c.cpython-310-x86_64-linux-gnu.so
[1.262s] -- Up-to-date: /home/jlurobovision/eng_ws/install/msg_interfaces/lib/libmsg_interfaces__rosidl_generator_py.so
[1.262s] -- Up-to-date: /home/jlurobovision/eng_ws/install/msg_interfaces/share/msg_interfaces/msg/Angle.idl
[1.262s] -- Up-to-date: /home/jlurobovision/eng_ws/install/msg_interfaces/share/msg_interfaces/msg/Angle.msg
[1.262s] -- Up-to-date: /home/jlurobovision/eng_ws/install/msg_interfaces/share/ament_index/resource_index/package_run_dependencies/msg_interfaces
[1.262s] -- Up-to-date: /home/jlurobovision/eng_ws/install/msg_interfaces/share/ament_index/resource_index/parent_prefix_path/msg_interfaces
[1.262s] -- Up-to-date: /home/jlurobovision/eng_ws/install/msg_interfaces/share/msg_interfaces/environment/ament_prefix_path.sh
[1.262s] -- Up-to-date: /home/jlurobovision/eng_ws/install/msg_interfaces/share/msg_interfaces/environment/ament_prefix_path.dsv
[1.262s] -- Up-to-date: /home/jlurobovision/eng_ws/install/msg_interfaces/share/msg_interfaces/environment/path.sh
[1.263s] -- Up-to-date: /home/jlurobovision/eng_ws/install/msg_interfaces/share/msg_interfaces/environment/path.dsv
[1.263s] -- Up-to-date: /home/jlurobovision/eng_ws/install/msg_interfaces/share/msg_interfaces/local_setup.bash
[1.263s] -- Up-to-date: /home/jlurobovision/eng_ws/install/msg_interfaces/share/msg_interfaces/local_setup.sh
[1.263s] -- Up-to-date: /home/jlurobovision/eng_ws/install/msg_interfaces/share/msg_interfaces/local_setup.zsh
[1.263s] -- Up-to-date: /home/jlurobovision/eng_ws/install/msg_interfaces/share/msg_interfaces/local_setup.dsv
[1.264s] -- Installing: /home/jlurobovision/eng_ws/install/msg_interfaces/share/msg_interfaces/package.dsv
[1.264s] -- Up-to-date: /home/jlurobovision/eng_ws/install/msg_interfaces/share/ament_index/resource_index/packages/msg_interfaces
[1.264s] -- Up-to-date: /home/jlurobovision/eng_ws/install/msg_interfaces/share/msg_interfaces/cmake/export_msg_interfaces__rosidl_generator_cExport.cmake
[1.264s] -- Up-to-date: /home/jlurobovision/eng_ws/install/msg_interfaces/share/msg_interfaces/cmake/export_msg_interfaces__rosidl_generator_cExport-noconfig.cmake
[1.264s] -- Up-to-date: /home/jlurobovision/eng_ws/install/msg_interfaces/share/msg_interfaces/cmake/export_msg_interfaces__rosidl_typesupport_fastrtps_cExport.cmake
[1.264s] -- Up-to-date: /home/jlurobovision/eng_ws/install/msg_interfaces/share/msg_interfaces/cmake/export_msg_interfaces__rosidl_typesupport_fastrtps_cExport-noconfig.cmake
[1.264s] -- Up-to-date: /home/jlurobovision/eng_ws/install/msg_interfaces/share/msg_interfaces/cmake/msg_interfaces__rosidl_typesupport_introspection_cExport.cmake
[1.264s] -- Up-to-date: /home/jlurobovision/eng_ws/install/msg_interfaces/share/msg_interfaces/cmake/msg_interfaces__rosidl_typesupport_introspection_cExport-noconfig.cmake
[1.264s] -- Up-to-date: /home/jlurobovision/eng_ws/install/msg_interfaces/share/msg_interfaces/cmake/msg_interfaces__rosidl_typesupport_cExport.cmake
[1.265s] -- Up-to-date: /home/jlurobovision/eng_ws/install/msg_interfaces/share/msg_interfaces/cmake/msg_interfaces__rosidl_typesupport_cExport-noconfig.cmake
[1.265s] -- Up-to-date: /home/jlurobovision/eng_ws/install/msg_interfaces/share/msg_interfaces/cmake/export_msg_interfaces__rosidl_generator_cppExport.cmake
[1.265s] -- Up-to-date: /home/jlurobovision/eng_ws/install/msg_interfaces/share/msg_interfaces/cmake/export_msg_interfaces__rosidl_typesupport_fastrtps_cppExport.cmake
[1.265s] -- Up-to-date: /home/jlurobovision/eng_ws/install/msg_interfaces/share/msg_interfaces/cmake/export_msg_interfaces__rosidl_typesupport_fastrtps_cppExport-noconfig.cmake
[1.265s] -- Up-to-date: /home/jlurobovision/eng_ws/install/msg_interfaces/share/msg_interfaces/cmake/msg_interfaces__rosidl_typesupport_introspection_cppExport.cmake
[1.265s] -- Up-to-date: /home/jlurobovision/eng_ws/install/msg_interfaces/share/msg_interfaces/cmake/msg_interfaces__rosidl_typesupport_introspection_cppExport-noconfig.cmake
[1.265s] -- Up-to-date: /home/jlurobovision/eng_ws/install/msg_interfaces/share/msg_interfaces/cmake/msg_interfaces__rosidl_typesupport_cppExport.cmake
[1.265s] -- Up-to-date: /home/jlurobovision/eng_ws/install/msg_interfaces/share/msg_interfaces/cmake/msg_interfaces__rosidl_typesupport_cppExport-noconfig.cmake
[1.265s] -- Up-to-date: /home/jlurobovision/eng_ws/install/msg_interfaces/share/msg_interfaces/cmake/export_msg_interfaces__rosidl_generator_pyExport.cmake
[1.265s] -- Up-to-date: /home/jlurobovision/eng_ws/install/msg_interfaces/share/msg_interfaces/cmake/export_msg_interfaces__rosidl_generator_pyExport-noconfig.cmake
[1.265s] -- Up-to-date: /home/jlurobovision/eng_ws/install/msg_interfaces/share/msg_interfaces/cmake/rosidl_cmake-extras.cmake
[1.265s] -- Up-to-date: /home/jlurobovision/eng_ws/install/msg_interfaces/share/msg_interfaces/cmake/ament_cmake_export_include_directories-extras.cmake
[1.265s] -- Up-to-date: /home/jlurobovision/eng_ws/install/msg_interfaces/share/msg_interfaces/cmake/ament_cmake_export_libraries-extras.cmake
[1.265s] -- Up-to-date: /home/jlurobovision/eng_ws/install/msg_interfaces/share/msg_interfaces/cmake/ament_cmake_export_targets-extras.cmake
[1.265s] -- Up-to-date: /home/jlurobovision/eng_ws/install/msg_interfaces/share/msg_interfaces/cmake/rosidl_cmake_export_typesupport_targets-extras.cmake
[1.266s] -- Up-to-date: /home/jlurobovision/eng_ws/install/msg_interfaces/share/msg_interfaces/cmake/ament_cmake_export_dependencies-extras.cmake
[1.266s] -- Up-to-date: /home/jlurobovision/eng_ws/install/msg_interfaces/share/msg_interfaces/cmake/rosidl_cmake_export_typesupport_libraries-extras.cmake
[1.266s] -- Up-to-date: /home/jlurobovision/eng_ws/install/msg_interfaces/share/msg_interfaces/cmake/msg_interfacesConfig.cmake
[1.266s] -- Up-to-date: /home/jlurobovision/eng_ws/install/msg_interfaces/share/msg_interfaces/cmake/msg_interfacesConfig-version.cmake
[1.266s] -- Up-to-date: /home/jlurobovision/eng_ws/install/msg_interfaces/share/msg_interfaces/package.xml
[1.267s] Invoked command in '/home/jlurobovision/eng_ws/build/msg_interfaces' returned '0': CMAKE_PREFIX_PATH=${CMAKE_PREFIX_PATH}:/opt/ros/humble /usr/bin/cmake --install /home/jlurobovision/eng_ws/build/msg_interfaces
