[0.038s] Invoking command in '/home/jlurobovision/eng_ws/build/hik_camera': CMAKE_PREFIX_PATH=${CMAKE_PREFIX_PATH}:/opt/ros/humble /usr/bin/cmake --build /home/jlurobovision/eng_ws/build/hik_camera -- -j12 -l12
[0.112s] [35m[1mConsolidate compiler generated dependencies of target hik_camera_node[0m
[0.119s] [35m[1mConsolidate compiler generated dependencies of target hik_camera[0m
[0.177s] [ 50%] Built target hik_camera
[0.199s] [100%] Built target hik_camera_node
[0.253s] Invoked command in '/home/jlurobovision/eng_ws/build/hik_camera' returned '0': CMAKE_PREFIX_PATH=${CMAKE_PREFIX_PATH}:/opt/ros/humble /usr/bin/cmake --build /home/jlurobovision/eng_ws/build/hik_camera -- -j12 -l12
[0.310s] Invoking command in '/home/jlurobovision/eng_ws/build/hik_camera': CMAKE_PREFIX_PATH=${CMAKE_PREFIX_PATH}:/opt/ros/humble /usr/bin/cmake --install /home/jlurobovision/eng_ws/build/hik_camera
[0.328s] -- Install configuration: ""
[0.328s] -- Up-to-date: /home/jlurobovision/eng_ws/install/hik_camera/lib
[0.329s] -- Up-to-date: /home/jlurobovision/eng_ws/install/hik_camera/lib/libMvUsb3vTL.so
[0.329s] -- Up-to-date: /home/jlurobovision/eng_ws/install/hik_camera/lib/libMvCameraControl.so
[0.329s] -- Up-to-date: /home/jlurobovision/eng_ws/install/hik_camera/lib/libFormatConversion.so
[0.329s] -- Up-to-date: /home/jlurobovision/eng_ws/install/hik_camera/lib/libMediaProcess.so
[0.330s] -- Up-to-date: /home/jlurobovision/eng_ws/install/hik_camera/lib/libMVRender.so
[0.330s] -- Up-to-date: /home/jlurobovision/eng_ws/install/hik_camera/lib/hik_camera/hik_camera_node
[0.330s] -- Up-to-date: /home/jlurobovision/eng_ws/install/hik_camera/share/hik_camera/environment/library_path.sh
[0.331s] -- Up-to-date: /home/jlurobovision/eng_ws/install/hik_camera/share/hik_camera/environment/library_path.dsv
[0.332s] -- Up-to-date: /home/jlurobovision/eng_ws/install/hik_camera/lib/libhik_camera.so
[0.334s] -- Up-to-date: /home/jlurobovision/eng_ws/install/hik_camera/share/hik_camera/config
[0.335s] -- Up-to-date: /home/jlurobovision/eng_ws/install/hik_camera/share/hik_camera/config/camera_info.yaml
[0.336s] -- Up-to-date: /home/jlurobovision/eng_ws/install/hik_camera/share/hik_camera/config/camera_params.yaml
[0.337s] -- Up-to-date: /home/jlurobovision/eng_ws/install/hik_camera/share/hik_camera/launch
[0.339s] -- Up-to-date: /home/jlurobovision/eng_ws/install/hik_camera/share/hik_camera/launch/__pycache__
[0.339s] -- Up-to-date: /home/jlurobovision/eng_ws/install/hik_camera/share/hik_camera/launch/__pycache__/hik_camera.launch.cpython-310.pyc
[0.339s] -- Up-to-date: /home/jlurobovision/eng_ws/install/hik_camera/share/hik_camera/launch/hik_camera.launch.py
[0.340s] -- Up-to-date: /home/jlurobovision/eng_ws/install/hik_camera/share/ament_index/resource_index/package_run_dependencies/hik_camera
[0.341s] -- Up-to-date: /home/jlurobovision/eng_ws/install/hik_camera/share/ament_index/resource_index/parent_prefix_path/hik_camera
[0.341s] -- Up-to-date: /home/jlurobovision/eng_ws/install/hik_camera/share/hik_camera/environment/ament_prefix_path.sh
[0.341s] -- Up-to-date: /home/jlurobovision/eng_ws/install/hik_camera/share/hik_camera/environment/ament_prefix_path.dsv
[0.342s] -- Up-to-date: /home/jlurobovision/eng_ws/install/hik_camera/share/hik_camera/environment/path.sh
[0.343s] -- Up-to-date: /home/jlurobovision/eng_ws/install/hik_camera/share/hik_camera/environment/path.dsv
[0.343s] -- Up-to-date: /home/jlurobovision/eng_ws/install/hik_camera/share/hik_camera/local_setup.bash
[0.344s] -- Up-to-date: /home/jlurobovision/eng_ws/install/hik_camera/share/hik_camera/local_setup.sh
[0.344s] -- Up-to-date: /home/jlurobovision/eng_ws/install/hik_camera/share/hik_camera/local_setup.zsh
[0.345s] -- Up-to-date: /home/jlurobovision/eng_ws/install/hik_camera/share/hik_camera/local_setup.dsv
[0.345s] -- Installing: /home/jlurobovision/eng_ws/install/hik_camera/share/hik_camera/package.dsv
[0.345s] -- Up-to-date: /home/jlurobovision/eng_ws/install/hik_camera/share/ament_index/resource_index/packages/hik_camera
[0.346s] -- Up-to-date: /home/jlurobovision/eng_ws/install/hik_camera/share/ament_index/resource_index/rclcpp_components/hik_camera
[0.346s] -- Up-to-date: /home/jlurobovision/eng_ws/install/hik_camera/share/hik_camera/cmake/ament_cmake_export_dependencies-extras.cmake
[0.346s] -- Up-to-date: /home/jlurobovision/eng_ws/install/hik_camera/share/hik_camera/cmake/ament_cmake_export_libraries-extras.cmake
[0.346s] -- Up-to-date: /home/jlurobovision/eng_ws/install/hik_camera/share/hik_camera/cmake/hik_cameraConfig.cmake
[0.347s] -- Up-to-date: /home/jlurobovision/eng_ws/install/hik_camera/share/hik_camera/cmake/hik_cameraConfig-version.cmake
[0.350s] -- Up-to-date: /home/jlurobovision/eng_ws/install/hik_camera/share/hik_camera/package.xml
[0.391s] Invoked command in '/home/jlurobovision/eng_ws/build/hik_camera' returned '0': CMAKE_PREFIX_PATH=${CMAKE_PREFIX_PATH}:/opt/ros/humble /usr/bin/cmake --install /home/jlurobovision/eng_ws/build/hik_camera
