[0.019s] Invoking command in '/home/jlurobovision/eng_ws/build/camera_calibration': CMAKE_PREFIX_PATH=${CMAKE_PREFIX_PATH}:/opt/ros/humble /usr/bin/cmake --build /home/jlurobovision/eng_ws/build/camera_calibration -- -j12 -l12
[0.130s] [35m[1mConsolidate compiler generated dependencies of target camera_calibration[0m
[0.169s] [ 50%] [32mBuilding CXX object CMakeFiles/camera_calibration.dir/src/camera_calibration.cpp.o[0m
[18.179s] [100%] [32m[1mLinking CXX executable camera_calibration[0m
[20.337s] /usr/bin/ld: warning: libopencv_imgproc.so.4.5d, needed by /opt/ros/humble/lib/libcv_bridge.so, may conflict with libopencv_imgproc.so.409
[20.341s] /usr/bin/ld: warning: libopencv_core.so.4.5d, needed by /opt/ros/humble/lib/libcv_bridge.so, may conflict with libopencv_core.so.409
[21.706s] [100%] Built target camera_calibration
[21.735s] Invoked command in '/home/jlurobovision/eng_ws/build/camera_calibration' returned '0': CMAKE_PREFIX_PATH=${CMAKE_PREFIX_PATH}:/opt/ros/humble /usr/bin/cmake --build /home/jlurobovision/eng_ws/build/camera_calibration -- -j12 -l12
[21.784s] Invoking command in '/home/jlurobovision/eng_ws/build/camera_calibration': CMAKE_PREFIX_PATH=${CMAKE_PREFIX_PATH}:/opt/ros/humble /usr/bin/cmake --install /home/jlurobovision/eng_ws/build/camera_calibration
[21.791s] -- Install configuration: ""
[21.791s] -- Installing: /home/jlurobovision/eng_ws/install/camera_calibration/lib/camera_calibration/camera_calibration
[21.799s] -- Set runtime path of "/home/jlurobovision/eng_ws/install/camera_calibration/lib/camera_calibration/camera_calibration" to ""
[21.799s] -- Up-to-date: /home/jlurobovision/eng_ws/install/camera_calibration/share/ament_index/resource_index/package_run_dependencies/camera_calibration
[21.799s] -- Up-to-date: /home/jlurobovision/eng_ws/install/camera_calibration/share/ament_index/resource_index/parent_prefix_path/camera_calibration
[21.799s] -- Up-to-date: /home/jlurobovision/eng_ws/install/camera_calibration/share/camera_calibration/environment/ament_prefix_path.sh
[21.799s] -- Up-to-date: /home/jlurobovision/eng_ws/install/camera_calibration/share/camera_calibration/environment/ament_prefix_path.dsv
[21.799s] -- Up-to-date: /home/jlurobovision/eng_ws/install/camera_calibration/share/camera_calibration/environment/path.sh
[21.799s] -- Up-to-date: /home/jlurobovision/eng_ws/install/camera_calibration/share/camera_calibration/environment/path.dsv
[21.799s] -- Up-to-date: /home/jlurobovision/eng_ws/install/camera_calibration/share/camera_calibration/local_setup.bash
[21.800s] -- Up-to-date: /home/jlurobovision/eng_ws/install/camera_calibration/share/camera_calibration/local_setup.sh
[21.800s] -- Up-to-date: /home/jlurobovision/eng_ws/install/camera_calibration/share/camera_calibration/local_setup.zsh
[21.800s] -- Up-to-date: /home/jlurobovision/eng_ws/install/camera_calibration/share/camera_calibration/local_setup.dsv
[21.800s] -- Installing: /home/jlurobovision/eng_ws/install/camera_calibration/share/camera_calibration/package.dsv
[21.800s] -- Up-to-date: /home/jlurobovision/eng_ws/install/camera_calibration/share/ament_index/resource_index/packages/camera_calibration
[21.800s] -- Up-to-date: /home/jlurobovision/eng_ws/install/camera_calibration/share/camera_calibration/cmake/camera_calibrationConfig.cmake
[21.800s] -- Up-to-date: /home/jlurobovision/eng_ws/install/camera_calibration/share/camera_calibration/cmake/camera_calibrationConfig-version.cmake
[21.800s] -- Up-to-date: /home/jlurobovision/eng_ws/install/camera_calibration/share/camera_calibration/package.xml
[21.802s] Invoked command in '/home/jlurobovision/eng_ws/build/camera_calibration' returned '0': CMAKE_PREFIX_PATH=${CMAKE_PREFIX_PATH}:/opt/ros/humble /usr/bin/cmake --install /home/jlurobovision/eng_ws/build/camera_calibration
