[0.012s] Invoking command in '/home/jlurobovision/eng_ws/build/serial': /usr/bin/cmake /home/jlurobovision/eng_ws/src/serial -DCMAKE_INSTALL_PREFIX=/home/jlurobovision/eng_ws/install/serial
[0.166s] -- The C compiler identification is GNU 11.4.0
[0.302s] -- The CXX compiler identification is GNU 11.4.0
[0.312s] -- Detecting C compiler ABI info
[0.509s] -- Detecting C compiler ABI info - done
[0.537s] -- Check for working C compiler: /usr/bin/cc - skipped
[0.537s] -- Detecting C compile features
[0.538s] -- Detecting C compile features - done
[0.549s] -- Detecting CXX compiler ABI info
[0.683s] -- Detecting CXX compiler ABI info - done
[0.698s] -- Check for working CXX compiler: /usr/bin/c++ - skipped
[0.699s] -- Detecting CXX compile features
[0.699s] -- Detecting CXX compile features - done
[0.710s] [31mCMake Error at CMakeLists.txt:10 (find_package):
[0.711s]   By not providing "Findament_cmake.cmake" in CMAKE_MODULE_PATH this project
[0.711s]   has asked CMake to find a package configuration file provided by
[0.711s]   "ament_cmake", but CMake did not find one.
[0.711s] 
[0.711s]   Could not find a package configuration file provided by "ament_cmake" with
[0.712s]   any of the following names:
[0.712s] 
[0.712s]     ament_cmakeConfig.cmake
[0.712s]     ament_cmake-config.cmake
[0.712s] 
[0.712s]   Add the installation prefix of "ament_cmake" to CMAKE_PREFIX_PATH or set
[0.712s]   "ament_cmake_DIR" to a directory containing one of the above files.  If
[0.713s]   "ament_cmake" provides a separate development package or SDK, be sure it
[0.713s]   has been installed.
[0.713s] 
[0.713s] [0m
[0.714s] -- Configuring incomplete, errors occurred!
[0.714s] See also "/home/jlurobovision/eng_ws/build/serial/CMakeFiles/CMakeOutput.log".
[0.740s] Invoked command in '/home/jlurobovision/eng_ws/build/serial' returned '1': /usr/bin/cmake /home/jlurobovision/eng_ws/src/serial -DCMAKE_INSTALL_PREFIX=/home/jlurobovision/eng_ws/install/serial
