[0.061s] Invoking command in '/home/stardust/eng_ws/build/exchangestation_detector': CMAKE_PREFIX_PATH=/opt/ros/iron /usr/bin/cmake /home/stardust/eng_ws/src/exchangestation_detector -DCMAKE_INSTALL_PREFIX=/home/stardust/eng_ws/install/exchangestation_detector
[0.074s] -- Found ament_cmake: 2.0.4 (/opt/ros/iron/share/ament_cmake/cmake)
[0.213s] -- Found ament_cmake_auto: 2.0.4 (/opt/ros/iron/share/ament_cmake_auto/cmake)
[0.214s] -- Found image_transport: 4.2.3 (/opt/ros/iron/share/image_transport/cmake)
[0.249s] -- Found rosidl_generator_c: 4.0.1 (/opt/ros/iron/share/rosidl_generator_c/cmake)
[0.256s] -- Found rosidl_generator_cpp: 4.0.1 (/opt/ros/iron/share/rosidl_generator_cpp/cmake)
[0.266s] -- Using all available rosidl_typesupport_c: rosidl_typesupport_fastrtps_c;rosidl_typesupport_introspection_c
[0.280s] -- Using all available rosidl_typesupport_cpp: rosidl_typesupport_fastrtps_cpp;rosidl_typesupport_introspection_cpp
[0.438s] -- Found rmw_implementation_cmake: 7.1.0 (/opt/ros/iron/share/rmw_implementation_cmake/cmake)
[0.440s] -- Found rmw_fastrtps_cpp: 7.1.3 (/opt/ros/iron/share/rmw_fastrtps_cpp/cmake)
[0.565s] -- Using RMW implementation 'rmw_fastrtps_cpp' as default
[0.922s] -- Found cv_bridge: 3.4.0 (/opt/ros/iron/share/cv_bridge/cmake)
[0.950s] [31mCMake Error at CMakeLists.txt:20 (find_package):
[0.950s]   By not providing "Findmsg_interfaces.cmake" in CMAKE_MODULE_PATH this
[0.950s]   project has asked CMake to find a package configuration file provided by
[0.950s]   "msg_interfaces", but CMake did not find one.
[0.950s] 
[0.950s]   Could not find a package configuration file provided by "msg_interfaces"
[0.950s]   with any of the following names:
[0.951s] 
[0.951s]     msg_interfacesConfig.cmake
[0.951s]     msg_interfaces-config.cmake
[0.951s] 
[0.951s]   Add the installation prefix of "msg_interfaces" to CMAKE_PREFIX_PATH or set
[0.951s]   "msg_interfaces_DIR" to a directory containing one of the above files.  If
[0.951s]   "msg_interfaces" provides a separate development package or SDK, be sure it
[0.951s]   has been installed.
[0.951s] 
[0.951s] [0m
[0.951s] -- Configuring incomplete, errors occurred!
[0.951s] See also "/home/stardust/eng_ws/build/exchangestation_detector/CMakeFiles/CMakeOutput.log".
[0.960s] Invoked command in '/home/stardust/eng_ws/build/exchangestation_detector' returned '1': CMAKE_PREFIX_PATH=/opt/ros/iron /usr/bin/cmake /home/stardust/eng_ws/src/exchangestation_detector -DCMAKE_INSTALL_PREFIX=/home/stardust/eng_ws/install/exchangestation_detector
