[0.080s] Invoking command in '/home/stardust/eng_ws/build/exchangestation_detector': CMAKE_PREFIX_PATH=${CMAKE_PREFIX_PATH}:/opt/ros/humble /usr/bin/cmake --build /home/stardust/eng_ws/build/exchangestation_detector -- -j8 -l8
[0.146s] -- Found ament_cmake: 1.3.7 (/opt/ros/humble/share/ament_cmake/cmake)
[0.327s] -- Found ament_cmake_auto: 1.3.7 (/opt/ros/humble/share/ament_cmake_auto/cmake)
[0.330s] -- Found image_transport: 3.1.8 (/opt/ros/humble/share/image_transport/cmake)
[0.386s] -- Found rosidl_generator_c: 3.1.5 (/opt/ros/humble/share/rosidl_generator_c/cmake)
[0.389s] -- Found rosidl_adapter: 3.1.5 (/opt/ros/humble/share/rosidl_adapter/cmake)
[0.398s] -- Found rosidl_generator_cpp: 3.1.5 (/opt/ros/humble/share/rosidl_generator_cpp/cmake)
[0.414s] -- Using all available rosidl_typesupport_c: rosidl_typesupport_fastrtps_c;rosidl_typesupport_introspection_c
[0.433s] -- Using all available rosidl_typesupport_cpp: rosidl_typesupport_fastrtps_cpp;rosidl_typesupport_introspection_cpp
[0.495s] -- Found rmw_implementation_cmake: 6.1.1 (/opt/ros/humble/share/rmw_implementation_cmake/cmake)
[0.498s] -- Found rmw_fastrtps_cpp: 6.2.6 (/opt/ros/humble/share/rmw_fastrtps_cpp/cmake)
[0.636s] -- Using RMW implementation 'rmw_fastrtps_cpp' as default
[1.104s] -- Found ament_lint_auto: 0.12.10 (/opt/ros/humble/share/ament_lint_auto/cmake)
[1.120s] -- Added test 'copyright' to check source files copyright and LICENSE
[1.121s] -- Added test 'cppcheck' to perform static code analysis on C / C++ code
[1.122s] -- Configured cppcheck include dirs: $<BUILD_INTERFACE:/home/stardust/eng_ws/src/exchangestation_detector/include>
[1.122s] -- Configured cppcheck exclude dirs and/or files: 
[1.123s] -- Added test 'lint_cmake' to check CMake code style
[1.125s] -- Added test 'uncrustify' to check C / C++ code style
[1.125s] -- Configured uncrustify additional arguments: 
[1.125s] -- Added test 'xmllint' to check XML markup files
[1.129s] -- Configuring done
[1.144s] -- Generating done
[1.147s] -- Build files have been written to: /home/stardust/eng_ws/build/exchangestation_detector
[1.193s] [ 66%] [32mBuilding CXX object CMakeFiles/exchangestation_detector.dir/src/exchangestation_detector.cpp.o[0m
[1.193s] [ 66%] [32mBuilding CXX object CMakeFiles/exchangestation_detector.dir/src/detector_node.cpp.o[0m
[1.221s] [01m[K/home/stardust/eng_ws/src/exchangestation_detector/src/detector_node.cpp:2:10:[m[K [01;31m[Kfatal error: [m[Kimage_transport/image_transport.hpp: æ²¡æœ‰é‚£ä¸ªæ–‡ä»¶æˆ–ç›®å½•
[1.221s]     2 | #include [01;31m[K<image_transport/image_transport.hpp>[m[K
[1.221s]       |          [01;31m[K^~~~~~~~~~~~~~~~~~~~~~~~~~~~~~~~~~~~~[m[K
[1.221s] compilation terminated.
[1.222s] gmake[2]: *** [CMakeFiles/exchangestation_detector.dir/build.make:90ï¼šCMakeFiles/exchangestation_detector.dir/src/detector_node.cpp.o] é”™è¯¯ 1
[1.222s] gmake[2]: *** æ­£åœ¨ç­‰å¾…æœªå®Œæˆçš„ä»»åŠ¡....
[1.365s] In file included from [01m[K/home/stardust/eng_ws/src/exchangestation_detector/src/exchangestation_detector.cpp:1[m[K:
[1.365s] [01m[K/home/stardust/eng_ws/src/exchangestation_detector/include/exchangestation_detector/exchangestation_detector.hpp:16:10:[m[K [01;31m[Kfatal error: [m[Kserial/packet.hpp: æ²¡æœ‰é‚£ä¸ªæ–‡ä»¶æˆ–ç›®å½•
[1.365s]    16 | #include [01;31m[K"serial/packet.hpp"[m[K
[1.366s]       |          [01;31m[K^~~~~~~~~~~~~~~~~~~[m[K
[1.366s] compilation terminated.
[1.368s] gmake[2]: *** [CMakeFiles/exchangestation_detector.dir/build.make:76ï¼šCMakeFiles/exchangestation_detector.dir/src/exchangestation_detector.cpp.o] é”™è¯¯ 1
[1.369s] gmake[1]: *** [CMakeFiles/Makefile2:137ï¼šCMakeFiles/exchangestation_detector.dir/all] é”™è¯¯ 2
[1.369s] gmake: *** [Makefile:146ï¼šall] é”™è¯¯ 2
[1.372s] Invoked command in '/home/stardust/eng_ws/build/exchangestation_detector' returned '2': CMAKE_PREFIX_PATH=${CMAKE_PREFIX_PATH}:/opt/ros/humble /usr/bin/cmake --build /home/stardust/eng_ws/build/exchangestation_detector -- -j8 -l8
