[0.090s] Invoking command in '/home/jlurobovision/eng_ws/build/camera_calibration': CMAKE_PREFIX_PATH=${CMAKE_PREFIX_PATH}:/opt/ros/humble /usr/bin/cmake --build /home/jlurobovision/eng_ws/build/camera_calibration -- -j12 -l12
[0.393s] [35m[1mConsolidate compiler generated dependencies of target camera_calibration[0m
[0.492s] [ 50%] [32mBuilding CXX object CMakeFiles/camera_calibration.dir/src/camera_calibration.cpp.o[0m
[56.958s] [100%] [32m[1mLinking CXX executable camera_calibration[0m
[58.530s] /usr/bin/ld: warning: libopencv_imgproc.so.4.5d, needed by /opt/ros/humble/lib/libcv_bridge.so, may conflict with libopencv_imgproc.so.408
[58.531s] /usr/bin/ld: warning: libopencv_core.so.4.5d, needed by /opt/ros/humble/lib/libcv_bridge.so, may conflict with libopencv_core.so.408
[60.312s] [100%] Built target camera_calibration
[60.341s] Invoked command in '/home/jlurobovision/eng_ws/build/camera_calibration' returned '0': CMAKE_PREFIX_PATH=${CMAKE_PREFIX_PATH}:/opt/ros/humble /usr/bin/cmake --build /home/jlurobovision/eng_ws/build/camera_calibration -- -j12 -l12
[60.395s] Invoking command in '/home/jlurobovision/eng_ws/build/camera_calibration': CMAKE_PREFIX_PATH=${CMAKE_PREFIX_PATH}:/opt/ros/humble /usr/bin/cmake --install /home/jlurobovision/eng_ws/build/camera_calibration
[60.411s] -- Install configuration: ""
[60.412s] -- Installing: /home/jlurobovision/eng_ws/install/camera_calibration/lib/camera_calibration/camera_calibration
[60.427s] -- Set runtime path of "/home/jlurobovision/eng_ws/install/camera_calibration/lib/camera_calibration/camera_calibration" to ""
[60.427s] -- Up-to-date: /home/jlurobovision/eng_ws/install/camera_calibration/share/ament_index/resource_index/package_run_dependencies/camera_calibration
[60.428s] -- Up-to-date: /home/jlurobovision/eng_ws/install/camera_calibration/share/ament_index/resource_index/parent_prefix_path/camera_calibration
[60.428s] -- Up-to-date: /home/jlurobovision/eng_ws/install/camera_calibration/share/camera_calibration/environment/ament_prefix_path.sh
[60.428s] -- Up-to-date: /home/jlurobovision/eng_ws/install/camera_calibration/share/camera_calibration/environment/ament_prefix_path.dsv
[60.428s] -- Up-to-date: /home/jlurobovision/eng_ws/install/camera_calibration/share/camera_calibration/environment/path.sh
[60.428s] -- Up-to-date: /home/jlurobovision/eng_ws/install/camera_calibration/share/camera_calibration/environment/path.dsv
[60.428s] -- Up-to-date: /home/jlurobovision/eng_ws/install/camera_calibration/share/camera_calibration/local_setup.bash
[60.428s] -- Up-to-date: /home/jlurobovision/eng_ws/install/camera_calibration/share/camera_calibration/local_setup.sh
[60.428s] -- Up-to-date: /home/jlurobovision/eng_ws/install/camera_calibration/share/camera_calibration/local_setup.zsh
[60.428s] -- Up-to-date: /home/jlurobovision/eng_ws/install/camera_calibration/share/camera_calibration/local_setup.dsv
[60.428s] -- Installing: /home/jlurobovision/eng_ws/install/camera_calibration/share/camera_calibration/package.dsv
[60.428s] -- Up-to-date: /home/jlurobovision/eng_ws/install/camera_calibration/share/ament_index/resource_index/packages/camera_calibration
[60.428s] -- Up-to-date: /home/jlurobovision/eng_ws/install/camera_calibration/share/camera_calibration/cmake/camera_calibrationConfig.cmake
[60.429s] -- Up-to-date: /home/jlurobovision/eng_ws/install/camera_calibration/share/camera_calibration/cmake/camera_calibrationConfig-version.cmake
[60.429s] -- Up-to-date: /home/jlurobovision/eng_ws/install/camera_calibration/share/camera_calibration/package.xml
[60.434s] Invoked command in '/home/jlurobovision/eng_ws/build/camera_calibration' returned '0': CMAKE_PREFIX_PATH=${CMAKE_PREFIX_PATH}:/opt/ros/humble /usr/bin/cmake --install /home/jlurobovision/eng_ws/build/camera_calibration
