[0.019s] Invoking command in '/home/jlurobovision/eng_ws/build/serial': CMAKE_PREFIX_PATH=/opt/ros/humble /usr/bin/cmake --build /home/jlurobovision/eng_ws/build/serial -- -j12 -l12
[0.079s] Invoked command in '/home/jlurobovision/eng_ws/build/serial' returned '0': CMAKE_PREFIX_PATH=/opt/ros/humble /usr/bin/cmake --build /home/jlurobovision/eng_ws/build/serial -- -j12 -l12
[0.138s] Invoking command in '/home/jlurobovision/eng_ws/build/serial': CMAKE_PREFIX_PATH=/opt/ros/humble /usr/bin/cmake --install /home/jlurobovision/eng_ws/build/serial
[0.153s] -- Install configuration: ""
[0.154s] -- Up-to-date: /home/jlurobovision/eng_ws/install/serial/include
[0.154s] -- Up-to-date: /home/jlurobovision/eng_ws/install/serial/include/serial
[0.155s] -- Up-to-date: /home/jlurobovision/eng_ws/install/serial/include/serial/crc_check.hpp
[0.155s] -- Up-to-date: /home/jlurobovision/eng_ws/install/serial/include/serial/serial.hpp
[0.155s] -- Installing: /home/jlurobovision/eng_ws/install/serial/include/serial/packet.hpp
[0.155s] -- Up-to-date: /home/jlurobovision/eng_ws/install/serial/share/ament_index/resource_index/package_run_dependencies/serial
[0.155s] -- Up-to-date: /home/jlurobovision/eng_ws/install/serial/share/ament_index/resource_index/parent_prefix_path/serial
[0.155s] -- Up-to-date: /home/jlurobovision/eng_ws/install/serial/share/serial/environment/ament_prefix_path.sh
[0.155s] -- Up-to-date: /home/jlurobovision/eng_ws/install/serial/share/serial/environment/ament_prefix_path.dsv
[0.156s] -- Up-to-date: /home/jlurobovision/eng_ws/install/serial/share/serial/environment/path.sh
[0.156s] -- Up-to-date: /home/jlurobovision/eng_ws/install/serial/share/serial/environment/path.dsv
[0.156s] -- Up-to-date: /home/jlurobovision/eng_ws/install/serial/share/serial/local_setup.bash
[0.156s] -- Up-to-date: /home/jlurobovision/eng_ws/install/serial/share/serial/local_setup.sh
[0.156s] -- Up-to-date: /home/jlurobovision/eng_ws/install/serial/share/serial/local_setup.zsh
[0.157s] -- Up-to-date: /home/jlurobovision/eng_ws/install/serial/share/serial/local_setup.dsv
[0.158s] -- Up-to-date: /home/jlurobovision/eng_ws/install/serial/share/serial/package.dsv
[0.158s] -- Up-to-date: /home/jlurobovision/eng_ws/install/serial/share/ament_index/resource_index/packages/serial
[0.158s] -- Up-to-date: /home/jlurobovision/eng_ws/install/serial/share/serial/cmake/ament_cmake_export_include_directories-extras.cmake
[0.158s] -- Up-to-date: /home/jlurobovision/eng_ws/install/serial/share/serial/cmake/serialConfig.cmake
[0.158s] -- Up-to-date: /home/jlurobovision/eng_ws/install/serial/share/serial/cmake/serialConfig-version.cmake
[0.158s] -- Up-to-date: /home/jlurobovision/eng_ws/install/serial/share/serial/package.xml
[0.159s] Invoked command in '/home/jlurobovision/eng_ws/build/serial' returned '0': CMAKE_PREFIX_PATH=/opt/ros/humble /usr/bin/cmake --install /home/jlurobovision/eng_ws/build/serial
