[0.032s] Invoking command in '/home/jlurobovision/eng_ws/build/galaxy_camera': CMAKE_PREFIX_PATH=${CMAKE_PREFIX_PATH}:/opt/ros/humble /usr/bin/cmake /home/jlurobovision/eng_ws/src/galaxy_camera -DAMENT_CMAKE_SYMLINK_INSTALL=1 -DCMAKE_INSTALL_PREFIX=/home/jlurobovision/eng_ws/install/galaxy_camera
[0.142s] -- The C compiler identification is GNU 11.4.0
[0.231s] -- The CXX compiler identification is GNU 11.4.0
[0.244s] -- Detecting C compiler ABI info
[0.407s] -- Detecting C compiler ABI info - done
[0.423s] -- Check for working C compiler: /usr/bin/cc - skipped
[0.424s] -- Detecting C compile features
[0.425s] -- Detecting C compile features - done
[0.431s] -- Detecting CXX compiler ABI info
[0.537s] -- Detecting CXX compiler ABI info - done
[0.556s] -- Check for working CXX compiler: /usr/bin/c++ - skipped
[0.556s] -- Detecting CXX compile features
[0.557s] -- Detecting CXX compile features - done
[0.566s] -- Found ament_cmake_auto: 1.3.8 (/opt/ros/humble/share/ament_cmake_auto/cmake)
[0.944s] -- Found Python3: /usr/bin/python3 (found version "3.10.12") found components: Interpreter 
[1.044s] -- Override CMake install command with custom implementation using symlinks instead of copying resources
[1.335s] -- Found rosidl_generator_c: 3.1.5 (/opt/ros/humble/share/rosidl_generator_c/cmake)
[1.342s] -- Found rosidl_adapter: 3.1.5 (/opt/ros/humble/share/rosidl_adapter/cmake)
[1.354s] -- Found rosidl_generator_cpp: 3.1.5 (/opt/ros/humble/share/rosidl_generator_cpp/cmake)
[1.370s] -- Using all available rosidl_typesupport_c: rosidl_typesupport_fastrtps_c;rosidl_typesupport_introspection_c
[1.397s] -- Using all available rosidl_typesupport_cpp: rosidl_typesupport_fastrtps_cpp;rosidl_typesupport_introspection_cpp
[1.486s] -- Found rmw_implementation_cmake: 6.1.1 (/opt/ros/humble/share/rmw_implementation_cmake/cmake)
[1.490s] -- Found rmw_fastrtps_cpp: 6.2.6 (/opt/ros/humble/share/rmw_fastrtps_cpp/cmake)
[1.597s] -- Found OpenSSL: /usr/lib/x86_64-linux-gnu/libcrypto.so (found version "3.0.2")  
[1.623s] -- Found FastRTPS: /opt/ros/humble/include  
[1.698s] -- Using RMW implementation 'rmw_fastrtps_cpp' as default
[1.718s] -- Looking for pthread.h
[1.851s] -- Looking for pthread.h - found
[1.851s] -- Performing Test CMAKE_HAVE_LIBC_PTHREAD
[1.954s] -- Performing Test CMAKE_HAVE_LIBC_PTHREAD - Success
[1.956s] -- Found Threads: TRUE  
[2.573s] -- Found ament_lint_auto: 0.12.10 (/opt/ros/humble/share/ament_lint_auto/cmake)
[2.647s] -- Added test 'cppcheck' to perform static code analysis on C / C++ code
[2.647s] -- Configured cppcheck include dirs: /home/jlurobovision/eng_ws/src/galaxy_camera/GalaxySDK/include
[2.647s] -- Configured cppcheck exclude dirs and/or files: 
[2.649s] -- Added test 'flake8' to check Python code syntax and style conventions
[2.650s] -- Added test 'lint_cmake' to check CMake code style
[2.651s] -- Added test 'pep257' to check Python code against some of the docstring style conventions in PEP 257
[2.652s] -- Added test 'xmllint' to check XML markup files
[2.657s] -- Configuring done
[2.700s] -- Generating done
[2.706s] -- Build files have been written to: /home/jlurobovision/eng_ws/build/galaxy_camera
[2.759s] Invoked command in '/home/jlurobovision/eng_ws/build/galaxy_camera' returned '0': CMAKE_PREFIX_PATH=${CMAKE_PREFIX_PATH}:/opt/ros/humble /usr/bin/cmake /home/jlurobovision/eng_ws/src/galaxy_camera -DAMENT_CMAKE_SYMLINK_INSTALL=1 -DCMAKE_INSTALL_PREFIX=/home/jlurobovision/eng_ws/install/galaxy_camera
[2.763s] Invoking command in '/home/jlurobovision/eng_ws/build/galaxy_camera': CMAKE_PREFIX_PATH=${CMAKE_PREFIX_PATH}:/opt/ros/humble /usr/bin/cmake --build /home/jlurobovision/eng_ws/build/galaxy_camera -- -j12 -l12
[2.830s] [ 25%] [32mBuilding CXX object CMakeFiles/galaxy_camera.dir/src/galaxy_camera_node.cpp.o[0m
[2.830s] [ 50%] [32mBuilding CXX object CMakeFiles/galaxy_camera_node.dir/rclcpp_components/node_main_galaxy_camera_node.cpp.o[0m
[11.596s] [ 75%] [32m[1mLinking CXX executable galaxy_camera_node[0m
[11.930s] [ 75%] Built target galaxy_camera_node
[12.491s] [100%] [32m[1mLinking CXX shared library libgalaxy_camera.so[0m
[12.790s] [100%] Built target galaxy_camera
[12.810s] Invoked command in '/home/jlurobovision/eng_ws/build/galaxy_camera' returned '0': CMAKE_PREFIX_PATH=${CMAKE_PREFIX_PATH}:/opt/ros/humble /usr/bin/cmake --build /home/jlurobovision/eng_ws/build/galaxy_camera -- -j12 -l12
[12.838s] Invoking command in '/home/jlurobovision/eng_ws/build/galaxy_camera': CMAKE_PREFIX_PATH=${CMAKE_PREFIX_PATH}:/opt/ros/humble /usr/bin/cmake --install /home/jlurobovision/eng_ws/build/galaxy_camera
[12.845s] -- Install configuration: ""
[12.845s] -- Execute custom install script
[12.846s] -- Up-to-date symlink: /home/jlurobovision/eng_ws/install/galaxy_camera/lib/GxGVTL.cti
[12.846s] -- Up-to-date symlink: /home/jlurobovision/eng_ws/install/galaxy_camera/lib/GxU3VTL.cti
[12.846s] -- Up-to-date symlink: /home/jlurobovision/eng_ws/install/galaxy_camera/lib/bc4b08373788f18282ff1e747a98dd6c21a8b629.cache
[12.846s] -- Up-to-date symlink: /home/jlurobovision/eng_ws/install/galaxy_camera/lib/libgxiapi.so
[12.847s] -- Up-to-date symlink: /home/jlurobovision/eng_ws/install/galaxy_camera/lib/galaxy_camera/galaxy_camera_node
[12.847s] -- Up-to-date symlink: /home/jlurobovision/eng_ws/install/galaxy_camera/share/galaxy_camera/environment/library_path.sh
[12.847s] -- Up-to-date symlink: /home/jlurobovision/eng_ws/install/galaxy_camera/share/galaxy_camera/environment/library_path.dsv
[12.847s] -- Up-to-date symlink: /home/jlurobovision/eng_ws/install/galaxy_camera/lib/libgalaxy_camera.so
[12.848s] -- Up-to-date symlink: /home/jlurobovision/eng_ws/install/galaxy_camera/share/galaxy_camera/config/camera_info.yaml
[12.848s] -- Up-to-date symlink: /home/jlurobovision/eng_ws/install/galaxy_camera/share/galaxy_camera/config/camera_params.yaml
[12.848s] -- Up-to-date symlink: /home/jlurobovision/eng_ws/install/galaxy_camera/share/galaxy_camera/launch/__pycache__/galaxy_camera.launch.cpython-310.pyc
[12.848s] -- Up-to-date symlink: /home/jlurobovision/eng_ws/install/galaxy_camera/share/galaxy_camera/launch/galaxy_camera.launch.py
[12.849s] -- Up-to-date symlink: /home/jlurobovision/eng_ws/install/galaxy_camera/share/ament_index/resource_index/package_run_dependencies/galaxy_camera
[12.849s] -- Up-to-date symlink: /home/jlurobovision/eng_ws/install/galaxy_camera/share/ament_index/resource_index/parent_prefix_path/galaxy_camera
[12.849s] -- Up-to-date symlink: /home/jlurobovision/eng_ws/install/galaxy_camera/share/galaxy_camera/environment/ament_prefix_path.sh
[12.849s] -- Up-to-date symlink: /home/jlurobovision/eng_ws/install/galaxy_camera/share/galaxy_camera/environment/ament_prefix_path.dsv
[12.849s] -- Up-to-date symlink: /home/jlurobovision/eng_ws/install/galaxy_camera/share/galaxy_camera/environment/path.sh
[12.850s] -- Up-to-date symlink: /home/jlurobovision/eng_ws/install/galaxy_camera/share/galaxy_camera/environment/path.dsv
[12.850s] -- Up-to-date symlink: /home/jlurobovision/eng_ws/install/galaxy_camera/share/galaxy_camera/local_setup.bash
[12.850s] -- Up-to-date symlink: /home/jlurobovision/eng_ws/install/galaxy_camera/share/galaxy_camera/local_setup.sh
[12.850s] -- Up-to-date symlink: /home/jlurobovision/eng_ws/install/galaxy_camera/share/galaxy_camera/local_setup.zsh
[12.850s] -- Up-to-date symlink: /home/jlurobovision/eng_ws/install/galaxy_camera/share/galaxy_camera/local_setup.dsv
[12.851s] -- Up-to-date symlink: /home/jlurobovision/eng_ws/install/galaxy_camera/share/galaxy_camera/package.dsv
[12.851s] -- Up-to-date symlink: /home/jlurobovision/eng_ws/install/galaxy_camera/share/ament_index/resource_index/packages/galaxy_camera
[12.851s] -- Up-to-date symlink: /home/jlurobovision/eng_ws/install/galaxy_camera/share/ament_index/resource_index/rclcpp_components/galaxy_camera
[12.851s] -- Up-to-date symlink: /home/jlurobovision/eng_ws/install/galaxy_camera/share/galaxy_camera/cmake/ament_cmake_export_dependencies-extras.cmake
[12.851s] -- Up-to-date symlink: /home/jlurobovision/eng_ws/install/galaxy_camera/share/galaxy_camera/cmake/ament_cmake_export_libraries-extras.cmake
[12.852s] -- Up-to-date symlink: /home/jlurobovision/eng_ws/install/galaxy_camera/share/galaxy_camera/cmake/galaxy_cameraConfig.cmake
[12.852s] -- Up-to-date symlink: /home/jlurobovision/eng_ws/install/galaxy_camera/share/galaxy_camera/cmake/galaxy_cameraConfig-version.cmake
[12.852s] -- Up-to-date symlink: /home/jlurobovision/eng_ws/install/galaxy_camera/share/galaxy_camera/package.xml
[12.854s] Invoked command in '/home/jlurobovision/eng_ws/build/galaxy_camera' returned '0': CMAKE_PREFIX_PATH=${CMAKE_PREFIX_PATH}:/opt/ros/humble /usr/bin/cmake --install /home/jlurobovision/eng_ws/build/galaxy_camera
