[0.069s] Invoking command in '/home/stardust/eng_ws/build/exchangestation_detector': CMAKE_PREFIX_PATH=${CMAKE_PREFIX_PATH}:/opt/ros/humble /usr/bin/cmake --build /home/stardust/eng_ws/build/exchangestation_detector -- -j8 -l8
[0.100s] -- Found ament_cmake: 1.3.7 (/opt/ros/humble/share/ament_cmake/cmake)
[0.247s] -- Found ament_cmake_auto: 1.3.7 (/opt/ros/humble/share/ament_cmake_auto/cmake)
[0.247s] -- Found cv_bridge: 3.2.1 (/opt/ros/humble/share/cv_bridge/cmake)
[0.272s] -- Found rosidl_generator_c: 3.1.5 (/opt/ros/humble/share/rosidl_generator_c/cmake)
[0.274s] -- Found rosidl_adapter: 3.1.5 (/opt/ros/humble/share/rosidl_adapter/cmake)
[0.279s] -- Found rosidl_generator_cpp: 3.1.5 (/opt/ros/humble/share/rosidl_generator_cpp/cmake)
[0.288s] -- Using all available rosidl_typesupport_c: rosidl_typesupport_fastrtps_c;rosidl_typesupport_introspection_c
[0.302s] -- Using all available rosidl_typesupport_cpp: rosidl_typesupport_fastrtps_cpp;rosidl_typesupport_introspection_cpp
[0.575s] -- Found rmw_implementation_cmake: 6.1.1 (/opt/ros/humble/share/rmw_implementation_cmake/cmake)
[0.576s] -- Found rmw_fastrtps_cpp: 6.2.6 (/opt/ros/humble/share/rmw_fastrtps_cpp/cmake)
[0.692s] -- Using RMW implementation 'rmw_fastrtps_cpp' as default
[0.908s] -- Found ament_lint_auto: 0.12.10 (/opt/ros/humble/share/ament_lint_auto/cmake)
[0.915s] -- Added test 'copyright' to check source files copyright and LICENSE
[0.917s] -- Added test 'cppcheck' to perform static code analysis on C / C++ code
[0.917s] -- Configured cppcheck include dirs: 
[0.917s] -- Configured cppcheck exclude dirs and/or files: 
[0.918s] -- Added test 'lint_cmake' to check CMake code style
[0.919s] -- Added test 'uncrustify' to check C / C++ code style
[0.920s] -- Configured uncrustify additional arguments: 
[0.920s] -- Added test 'xmllint' to check XML markup files
[0.922s] -- Configuring done
[0.932s] -- Generating done
[0.935s] -- Build files have been written to: /home/stardust/eng_ws/build/exchangestation_detector
[0.979s] [ 66%] [32mBuilding CXX object CMakeFiles/exchangestation_detector.dir/src/exchangestation_detector.cpp.o[0m
[0.979s] [ 66%] [32mBuilding CXX object CMakeFiles/exchangestation_detector.dir/src/detector_node.cpp.o[0m
[0.988s] [01m[K/home/stardust/eng_ws/src/exchangestation_detector/src/detector_node.cpp:2:10:[m[K [01;31m[Kfatal error: [m[Kcv_bridge/cv_bridge.h: æ²¡æœ‰é‚£ä¸ªæ–‡ä»¶æˆ–ç›®å½•
[0.988s]     2 | #include [01;31m[K<cv_bridge/cv_bridge.h>[m[K
[0.988s]       |          [01;31m[K^~~~~~~~~~~~~~~~~~~~~~~[m[K
[0.988s] [01m[K/home/stardust/eng_ws/src/exchangestation_detector/src/exchangestation_detector.cpp:1:10:[m[K [01;31m[Kfatal error: [m[Kexchangestation_detector/exchangestation_detector.hpp: æ²¡æœ‰é‚£ä¸ªæ–‡ä»¶æˆ–ç›®å½•
[0.988s]     1 | #include [01;31m[K"exchangestation_detector/exchangestation_detector.hpp"[m[K
[0.988s]       |          [01;31m[K^~~~~~~~~~~~~~~~~~~~~~~~~~~~~~~~~~~~~~~~~~~~~~~~~~~~~~~[m[K
[0.988s] compilation terminated.
[0.988s] compilation terminated.
[0.989s] gmake[2]: *** [CMakeFiles/exchangestation_detector.dir/build.make:90ï¼šCMakeFiles/exchangestation_detector.dir/src/detector_node.cpp.o] é”™è¯¯ 1
[0.989s] gmake[2]: *** æ­£åœ¨ç­‰å¾…æœªå®Œæˆçš„ä»»åŠ¡....
[0.989s] gmake[2]: *** [CMakeFiles/exchangestation_detector.dir/build.make:76ï¼šCMakeFiles/exchangestation_detector.dir/src/exchangestation_detector.cpp.o] é”™è¯¯ 1
[0.989s] gmake[1]: *** [CMakeFiles/Makefile2:137ï¼šCMakeFiles/exchangestation_detector.dir/all] é”™è¯¯ 2
[0.990s] gmake: *** [Makefile:146ï¼šall] é”™è¯¯ 2
[0.992s] Invoked command in '/home/stardust/eng_ws/build/exchangestation_detector' returned '2': CMAKE_PREFIX_PATH=${CMAKE_PREFIX_PATH}:/opt/ros/humble /usr/bin/cmake --build /home/stardust/eng_ws/build/exchangestation_detector -- -j8 -l8
