[0.032s] Invoking command in '/home/jlurobovision/eng_ws/build/hik_camera': CMAKE_PREFIX_PATH=${CMAKE_PREFIX_PATH}:/opt/ros/humble /usr/bin/cmake /home/jlurobovision/eng_ws/src/hik_camera -DCMAKE_INSTALL_PREFIX=/home/jlurobovision/eng_ws/install/hik_camera
[0.054s] -- Found ament_cmake_auto: 1.3.8 (/opt/ros/humble/share/ament_cmake_auto/cmake)
[0.285s] -- Override CMake install command with custom implementation using symlinks instead of copying resources
[0.439s] -- Found rosidl_generator_c: 3.1.5 (/opt/ros/humble/share/rosidl_generator_c/cmake)
[0.443s] -- Found rosidl_adapter: 3.1.5 (/opt/ros/humble/share/rosidl_adapter/cmake)
[0.454s] -- Found rosidl_generator_cpp: 3.1.5 (/opt/ros/humble/share/rosidl_generator_cpp/cmake)
[0.474s] -- Using all available rosidl_typesupport_c: rosidl_typesupport_fastrtps_c;rosidl_typesupport_introspection_c
[0.510s] -- Using all available rosidl_typesupport_cpp: rosidl_typesupport_fastrtps_cpp;rosidl_typesupport_introspection_cpp
[0.677s] -- Found rmw_implementation_cmake: 6.1.1 (/opt/ros/humble/share/rmw_implementation_cmake/cmake)
[0.678s] -- Found rmw_fastrtps_cpp: 6.2.6 (/opt/ros/humble/share/rmw_fastrtps_cpp/cmake)
[0.810s] -- Using RMW implementation 'rmw_fastrtps_cpp' as default
[1.321s] -- Found ament_lint_auto: 0.12.10 (/opt/ros/humble/share/ament_lint_auto/cmake)
[1.343s] -- Added test 'cppcheck' to perform static code analysis on C / C++ code
[1.343s] -- Configured cppcheck include dirs: /home/jlurobovision/eng_ws/src/hik_camera/hikSDK/include
[1.344s] -- Configured cppcheck exclude dirs and/or files: 
[1.344s] -- Added test 'flake8' to check Python code syntax and style conventions
[1.345s] -- Added test 'lint_cmake' to check CMake code style
[1.346s] -- Added test 'pep257' to check Python code against some of the docstring style conventions in PEP 257
[1.346s] -- Added test 'xmllint' to check XML markup files
[1.349s] -- Configuring done
[1.362s] -- Generating done
[1.364s] -- Build files have been written to: /home/jlurobovision/eng_ws/build/hik_camera
[1.373s] Invoked command in '/home/jlurobovision/eng_ws/build/hik_camera' returned '0': CMAKE_PREFIX_PATH=${CMAKE_PREFIX_PATH}:/opt/ros/humble /usr/bin/cmake /home/jlurobovision/eng_ws/src/hik_camera -DCMAKE_INSTALL_PREFIX=/home/jlurobovision/eng_ws/install/hik_camera
[1.375s] Invoking command in '/home/jlurobovision/eng_ws/build/hik_camera': CMAKE_PREFIX_PATH=${CMAKE_PREFIX_PATH}:/opt/ros/humble /usr/bin/cmake --build /home/jlurobovision/eng_ws/build/hik_camera -- -j12 -l12
[1.420s] [35m[1mConsolidate compiler generated dependencies of target hik_camera[0m
[1.421s] [35m[1mConsolidate compiler generated dependencies of target hik_camera_node[0m
[1.449s] [100%] Built target hik_camera
[1.449s] [100%] Built target hik_camera_node
[1.475s] Invoked command in '/home/jlurobovision/eng_ws/build/hik_camera' returned '0': CMAKE_PREFIX_PATH=${CMAKE_PREFIX_PATH}:/opt/ros/humble /usr/bin/cmake --build /home/jlurobovision/eng_ws/build/hik_camera -- -j12 -l12
[1.502s] Invoking command in '/home/jlurobovision/eng_ws/build/hik_camera': CMAKE_PREFIX_PATH=${CMAKE_PREFIX_PATH}:/opt/ros/humble /usr/bin/cmake --install /home/jlurobovision/eng_ws/build/hik_camera
[1.515s] -- Install configuration: ""
[1.516s] -- Execute custom install script
[1.517s] -- Symlinking: /home/jlurobovision/eng_ws/install/hik_camera/lib/libFormatConversion.so
[1.539s] -- Symlinking: /home/jlurobovision/eng_ws/install/hik_camera/lib/libMVRender.so
[1.547s] -- Symlinking: /home/jlurobovision/eng_ws/install/hik_camera/lib/libMediaProcess.so
[1.554s] -- Symlinking: /home/jlurobovision/eng_ws/install/hik_camera/lib/libMvCameraControl.so
[1.561s] -- Symlinking: /home/jlurobovision/eng_ws/install/hik_camera/lib/libMvUsb3vTL.so
[1.573s] -- Symlinking: /home/jlurobovision/eng_ws/install/hik_camera/lib/hik_camera/hik_camera_node
[1.585s] -- Symlinking: /home/jlurobovision/eng_ws/install/hik_camera/share/hik_camera/environment/library_path.sh
[1.599s] -- Symlinking: /home/jlurobovision/eng_ws/install/hik_camera/share/hik_camera/environment/library_path.dsv
[1.610s] -- Symlinking: /home/jlurobovision/eng_ws/install/hik_camera/lib/libhik_camera.so
[1.617s] -- Symlinking: /home/jlurobovision/eng_ws/install/hik_camera/share/hik_camera/config/camera_info.yaml
[1.623s] -- Symlinking: /home/jlurobovision/eng_ws/install/hik_camera/share/hik_camera/config/camera_params.yaml
[1.639s] -- Symlinking: /home/jlurobovision/eng_ws/install/hik_camera/share/hik_camera/launch/__pycache__/hik_camera.launch.cpython-310.pyc
[1.649s] -- Symlinking: /home/jlurobovision/eng_ws/install/hik_camera/share/hik_camera/launch/hik_camera.launch.py
[1.664s] -- Symlinking: /home/jlurobovision/eng_ws/install/hik_camera/share/ament_index/resource_index/package_run_dependencies/hik_camera
[1.679s] -- Symlinking: /home/jlurobovision/eng_ws/install/hik_camera/share/ament_index/resource_index/parent_prefix_path/hik_camera
[1.687s] -- Symlinking: /home/jlurobovision/eng_ws/install/hik_camera/share/hik_camera/environment/ament_prefix_path.sh
[1.695s] -- Symlinking: /home/jlurobovision/eng_ws/install/hik_camera/share/hik_camera/environment/ament_prefix_path.dsv
[1.703s] -- Symlinking: /home/jlurobovision/eng_ws/install/hik_camera/share/hik_camera/environment/path.sh
[1.711s] -- Symlinking: /home/jlurobovision/eng_ws/install/hik_camera/share/hik_camera/environment/path.dsv
[1.727s] -- Symlinking: /home/jlurobovision/eng_ws/install/hik_camera/share/hik_camera/local_setup.bash
[1.745s] -- Symlinking: /home/jlurobovision/eng_ws/install/hik_camera/share/hik_camera/local_setup.sh
[1.755s] -- Symlinking: /home/jlurobovision/eng_ws/install/hik_camera/share/hik_camera/local_setup.zsh
[1.763s] -- Symlinking: /home/jlurobovision/eng_ws/install/hik_camera/share/hik_camera/local_setup.dsv
[1.776s] -- Symlinking: /home/jlurobovision/eng_ws/install/hik_camera/share/hik_camera/package.dsv
[1.789s] -- Symlinking: /home/jlurobovision/eng_ws/install/hik_camera/share/ament_index/resource_index/packages/hik_camera
[1.803s] -- Symlinking: /home/jlurobovision/eng_ws/install/hik_camera/share/ament_index/resource_index/rclcpp_components/hik_camera
[1.814s] -- Symlinking: /home/jlurobovision/eng_ws/install/hik_camera/share/hik_camera/cmake/ament_cmake_export_dependencies-extras.cmake
[1.829s] -- Symlinking: /home/jlurobovision/eng_ws/install/hik_camera/share/hik_camera/cmake/ament_cmake_export_libraries-extras.cmake
[1.845s] -- Symlinking: /home/jlurobovision/eng_ws/install/hik_camera/share/hik_camera/cmake/hik_cameraConfig.cmake
[1.858s] -- Symlinking: /home/jlurobovision/eng_ws/install/hik_camera/share/hik_camera/cmake/hik_cameraConfig-version.cmake
[1.866s] -- Symlinking: /home/jlurobovision/eng_ws/install/hik_camera/share/hik_camera/package.xml
