[35m[1mConsolidate compiler generated dependencies of target exchangestation_detector[0m
[ 40%] Built target detector_node
[ 60%] [32mBuilding CXX object CMakeFiles/exchangestation_detector.dir/src/detector_node.cpp.o[0m
[01m[K/home/jlurobovision/eng_ws/src/exchangestation_detector/src/detector_node.cpp:[m[K In member function ‘[01m[Kvoid exchangestation_detector_node::imageCallback(const SharedPtr&)[m[K’:
[01m[K/home/jlurobovision/eng_ws/src/exchangestation_detector/src/detector_node.cpp:70:12:[m[K [01;35m[Kwarning: [m[Kvariable ‘[01m[Kpacket[m[K’ set but not used [[01;35m[K]8;;https://gcc.gnu.org/onlinedocs/gcc/Warning-Options.html#index-Wunused-but-set-variable-Wunused-but-set-variable]8;;[m[K]
   70 |     Packet [01;35m[Kpacket[m[K = detector->solveAngle();
      |            [01;35m[K^~~~~~[m[K
In file included from [01m[K/opt/ros/humble/include/rclcpp_components/rclcpp_components/register_node_macro.hpp:19[m[K,
                 from [01m[K/home/jlurobovision/eng_ws/src/exchangestation_detector/src/detector_node.cpp:72[m[K:
/opt/ros/humble/include/rclcpp_components/rclcpp_components/node_factory_template.hpp: In instantiation of ‘[01m[Krclcpp_components::NodeInstanceWrapper rclcpp_components::NodeFactoryTemplate<NodeT>::create_node_instance(const rclcpp::NodeOptions&) [with NodeT = ExchangeStationDetector][m[K’:
[01m[K/opt/ros/humble/include/rclcpp_components/rclcpp_components/node_factory_template.hpp:43:3:[m[K   required from here
[01m[K/opt/ros/humble/include/rclcpp_components/rclcpp_components/node_factory_template.hpp:48:23:[m[K [01;31m[Kerror: [m[K‘[01m[Kget_node_base_interface[m[K’ is not a member of ‘[01m[KExchangeStationDetector[m[K’
   48 |       node, std::bind([01;31m[K&NodeT::get_node_base_interface[m[K, node));
      |                       [01;31m[K^~~~~~~~~~~~~~~~~~~~~~~~~~~~~~~[m[K
In file included from [01m[K/usr/include/x86_64-linux-gnu/c++/11/bits/c++allocator.h:33[m[K,
                 from [01m[K/usr/include/c++/11/bits/allocator.h:46[m[K,
                 from [01m[K/usr/include/c++/11/unordered_map:40[m[K,
                 from [01m[K/usr/include/c++/11/functional:61[m[K,
                 from [01m[K/usr/include/c++/11/pstl/glue_algorithm_defs.h:13[m[K,
                 from [01m[K/usr/include/c++/11/algorithm:74[m[K,
                 from [01m[K/usr/local/include/opencv4/opencv2/core/base.hpp:55[m[K,
                 from [01m[K/usr/local/include/opencv4/opencv2/core.hpp:53[m[K,
                 from [01m[K/usr/local/include/opencv4/opencv2/core/core.hpp:48[m[K,
                 from [01m[K/home/jlurobovision/eng_ws/src/exchangestation_detector/src/detector_node.cpp:2[m[K:
/usr/include/c++/11/ext/new_allocator.h: In instantiation of ‘[01m[Kvoid __gnu_cxx::new_allocator<_Tp>::construct(_Up*, _Args&& ...) [with _Up = ExchangeStationDetector; _Args = {const rclcpp::NodeOptions&}; _Tp = ExchangeStationDetector][m[K’:
[01m[K/usr/include/c++/11/bits/alloc_traits.h:516:17:[m[K   required from ‘[01m[Kstatic void std::allocator_traits<std::allocator<_Tp1> >::construct(std::allocator_traits<std::allocator<_Tp1> >::allocator_type&, _Up*, _Args&& ...) [with _Up = ExchangeStationDetector; _Args = {const rclcpp::NodeOptions&}; _Tp = ExchangeStationDetector; std::allocator_traits<std::allocator<_Tp1> >::allocator_type = std::allocator<ExchangeStationDetector>][m[K’
[01m[K/usr/include/c++/11/bits/shared_ptr_base.h:519:39:[m[K   required from ‘[01m[Kstd::_Sp_counted_ptr_inplace<_Tp, _Alloc, _Lp>::_Sp_counted_ptr_inplace(_Alloc, _Args&& ...) [with _Args = {const rclcpp::NodeOptions&}; _Tp = ExchangeStationDetector; _Alloc = std::allocator<ExchangeStationDetector>; __gnu_cxx::_Lock_policy _Lp = __gnu_cxx::_S_atomic][m[K’
[01m[K/usr/include/c++/11/bits/shared_ptr_base.h:650:16:[m[K   required from ‘[01m[Kstd::__shared_count<_Lp>::__shared_count(_Tp*&, std::_Sp_alloc_shared_tag<_Alloc>, _Args&& ...) [with _Tp = ExchangeStationDetector; _Alloc = std::allocator<ExchangeStationDetector>; _Args = {const rclcpp::NodeOptions&}; __gnu_cxx::_Lock_policy _Lp = __gnu_cxx::_S_atomic][m[K’
[01m[K/usr/include/c++/11/bits/shared_ptr_base.h:1342:14:[m[K   required from ‘[01m[Kstd::__shared_ptr<_Tp, _Lp>::__shared_ptr(std::_Sp_alloc_shared_tag<_Tp>, _Args&& ...) [with _Alloc = std::allocator<ExchangeStationDetector>; _Args = {const rclcpp::NodeOptions&}; _Tp = ExchangeStationDetector; __gnu_cxx::_Lock_policy _Lp = __gnu_cxx::_S_atomic][m[K’
[01m[K/usr/include/c++/11/bits/shared_ptr.h:409:59:[m[K   required from ‘[01m[Kstd::shared_ptr<_Tp>::shared_ptr(std::_Sp_alloc_shared_tag<_Tp>, _Args&& ...) [with _Alloc = std::allocator<ExchangeStationDetector>; _Args = {const rclcpp::NodeOptions&}; _Tp = ExchangeStationDetector][m[K’
[01m[K/usr/include/c++/11/bits/shared_ptr.h:862:14:[m[K   required from ‘[01m[Kstd::shared_ptr<_Tp> std::allocate_shared(const _Alloc&, _Args&& ...) [with _Tp = ExchangeStationDetector; _Alloc = std::allocator<ExchangeStationDetector>; _Args = {const rclcpp::NodeOptions&}][m[K’
[01m[K/usr/include/c++/11/bits/shared_ptr.h:878:39:[m[K   required from ‘[01m[Kstd::shared_ptr<_Tp> std::make_shared(_Args&& ...) [with _Tp = ExchangeStationDetector; _Args = {const rclcpp::NodeOptions&}][m[K’
[01m[K/opt/ros/humble/include/rclcpp_components/rclcpp_components/node_factory_template.hpp:45:40:[m[K   required from ‘[01m[Krclcpp_components::NodeInstanceWrapper rclcpp_components::NodeFactoryTemplate<NodeT>::create_node_instance(const rclcpp::NodeOptions&) [with NodeT = ExchangeStationDetector][m[K’
[01m[K/opt/ros/humble/include/rclcpp_components/rclcpp_components/node_factory_template.hpp:43:3:[m[K   required from here
[01m[K/usr/include/c++/11/ext/new_allocator.h:162:11:[m[K [01;31m[Kerror: [m[Kno matching function for call to ‘[01m[KExchangeStationDetector::ExchangeStationDetector(const rclcpp::NodeOptions&)[m[K’
  162 |         { [01;31m[K::new((void *)__p) _Up(std::forward<_Args>(__args)...)[m[K; }
      |           [01;31m[K^~~~~~~~~~~~~~~~~~~~~~~~~~~~~~~~~~~~~~~~~~~~~~~~~~~~~~[m[K
In file included from [01m[K/home/jlurobovision/eng_ws/src/exchangestation_detector/include/exchangestation_detector/detector_node.hpp:14[m[K,
                 from [01m[K/home/jlurobovision/eng_ws/src/exchangestation_detector/src/detector_node.cpp:15[m[K:
[01m[K/home/jlurobovision/eng_ws/src/exchangestation_detector/include/exchangestation_detector/exchangestation_detector.hpp:28:9:[m[K [01;36m[Knote: [m[Kcandidate: ‘[01m[KExchangeStationDetector::ExchangeStationDetector(cv::Mat&)[m[K’
   28 |         [01;36m[KExchangeStationDetector[m[K(cv::Mat& source);
      |         [01;36m[K^~~~~~~~~~~~~~~~~~~~~~~[m[K
[01m[K/home/jlurobovision/eng_ws/src/exchangestation_detector/include/exchangestation_detector/exchangestation_detector.hpp:28:42:[m[K [01;36m[Knote: [m[K  no known conversion for argument 1 from ‘[01m[Kconst rclcpp::NodeOptions[m[K’ to ‘[01m[Kcv::Mat&[m[K’
   28 |         ExchangeStationDetector([01;36m[Kcv::Mat& source[m[K);
      |                                 [01;36m[K~~~~~~~~~^~~~~~[m[K
[01m[K/home/jlurobovision/eng_ws/src/exchangestation_detector/include/exchangestation_detector/exchangestation_detector.hpp:24:9:[m[K [01;36m[Knote: [m[Kcandidate: ‘[01m[KExchangeStationDetector::ExchangeStationDetector(int, int, int)[m[K’
   24 |         [01;36m[KExchangeStationDetector[m[K(int blueThreshold, int redThreshold,int detectColor = 0);
      |         [01;36m[K^~~~~~~~~~~~~~~~~~~~~~~[m[K
[01m[K/home/jlurobovision/eng_ws/src/exchangestation_detector/include/exchangestation_detector/exchangestation_detector.hpp:24:9:[m[K [01;36m[Knote: [m[K  candidate expects 3 arguments, 1 provided
[01m[K/home/jlurobovision/eng_ws/src/exchangestation_detector/include/exchangestation_detector/exchangestation_detector.hpp:22:9:[m[K [01;36m[Knote: [m[Kcandidate: ‘[01m[KExchangeStationDetector::ExchangeStationDetector()[m[K’
   22 |         [01;36m[KExchangeStationDetector[m[K();
      |         [01;36m[K^~~~~~~~~~~~~~~~~~~~~~~[m[K
[01m[K/home/jlurobovision/eng_ws/src/exchangestation_detector/include/exchangestation_detector/exchangestation_detector.hpp:22:9:[m[K [01;36m[Knote: [m[K  candidate expects 0 arguments, 1 provided
[01m[K/home/jlurobovision/eng_ws/src/exchangestation_detector/include/exchangestation_detector/exchangestation_detector.hpp:19:7:[m[K [01;36m[Knote: [m[Kcandidate: ‘[01m[KExchangeStationDetector::ExchangeStationDetector(const ExchangeStationDetector&)[m[K’
   19 | class [01;36m[KExchangeStationDetector[m[K {
      |       [01;36m[K^~~~~~~~~~~~~~~~~~~~~~~[m[K
[01m[K/home/jlurobovision/eng_ws/src/exchangestation_detector/include/exchangestation_detector/exchangestation_detector.hpp:19:7:[m[K [01;36m[Knote: [m[K  no known conversion for argument 1 from ‘[01m[Kconst rclcpp::NodeOptions[m[K’ to ‘[01m[Kconst ExchangeStationDetector&[m[K’
[01m[K/home/jlurobovision/eng_ws/src/exchangestation_detector/include/exchangestation_detector/exchangestation_detector.hpp:19:7:[m[K [01;36m[Knote: [m[Kcandidate: ‘[01m[KExchangeStationDetector::ExchangeStationDetector(ExchangeStationDetector&&)[m[K’
[01m[K/home/jlurobovision/eng_ws/src/exchangestation_detector/include/exchangestation_detector/exchangestation_detector.hpp:19:7:[m[K [01;36m[Knote: [m[K  no known conversion for argument 1 from ‘[01m[Kconst rclcpp::NodeOptions[m[K’ to ‘[01m[KExchangeStationDetector&&[m[K’
gmake[2]: *** [CMakeFiles/exchangestation_detector.dir/build.make:76：CMakeFiles/exchangestation_detector.dir/src/detector_node.cpp.o] 错误 1
gmake[1]: *** [CMakeFiles/Makefile2:139：CMakeFiles/exchangestation_detector.dir/all] 错误 2
gmake: *** [Makefile:146：all] 错误 2
