[0.062s] Invoking command in '/home/stardust/eng_ws/build/msg_interface': CMAKE_PREFIX_PATH=/opt/ros/humble /usr/bin/cmake /home/stardust/eng_ws/src/msg_interface -DCMAKE_INSTALL_PREFIX=/home/stardust/eng_ws/install/msg_interface
[0.077s] -- Found ament_cmake: 1.3.7 (/opt/ros/humble/share/ament_cmake/cmake)
[0.225s] -- Found rosidl_default_generators: 1.2.0 (/opt/ros/humble/share/rosidl_default_generators/cmake)
[0.227s] -- Using all available rosidl_typesupport_c: rosidl_typesupport_fastrtps_c;rosidl_typesupport_introspection_c
[0.231s] -- Found rosidl_adapter: 3.1.5 (/opt/ros/humble/share/rosidl_adapter/cmake)
[0.264s] -- Using all available rosidl_typesupport_cpp: rosidl_typesupport_fastrtps_cpp;rosidl_typesupport_introspection_cpp
[0.464s] [31mCMake Error at /opt/ros/humble/share/rosidl_adapter/cmake/rosidl_adapt_interfaces.cmake:59 (message):
[0.464s]   execute_process(/usr/bin/python3.10 -m rosidl_adapter --package-name
[0.464s]   msg_interface --arguments-file
[0.464s]   /home/stardust/eng_ws/build/msg_interface/rosidl_adapter__arguments__msg_interface.json
[0.464s]   --output-dir
[0.464s]   /home/stardust/eng_ws/build/msg_interface/rosidl_adapter/msg_interface
[0.465s]   --output-file
[0.465s]   /home/stardust/eng_ws/build/msg_interface/rosidl_adapter/msg_interface.idls)
[0.465s]   returned error code 1:
[0.465s] 
[0.465s]   Traceback (most recent call last):
[0.465s] 
[0.465s]     File "/usr/lib/python3.10/runpy.py", line 196, in _run_module_as_main
[0.465s]       return _run_code(code, main_globals, None,
[0.465s]     File "/usr/lib/python3.10/runpy.py", line 86, in _run_code
[0.465s]       exec(code, run_globals)
[0.465s]     File "/opt/ros/humble/local/lib/python3.10/dist-packages/rosidl_adapter/__main__.py", line 19, in <module>
[0.465s]       sys.exit(main())
[0.465s]     File "/opt/ros/humble/local/lib/python3.10/dist-packages/rosidl_adapter/main.py", line 53, in main
[0.465s]       abs_idl_file = convert_to_idl(
[0.465s]     File "/opt/ros/humble/local/lib/python3.10/dist-packages/rosidl_adapter/__init__.py", line 19, in convert_to_idl
[0.465s]       return convert_msg_to_idl(
[0.465s]     File "/opt/ros/humble/local/lib/python3.10/dist-packages/rosidl_adapter/msg/__init__.py", line 28, in convert_msg_to_idl
[0.465s]       msg = parse_message_string(package_name, input_file.stem, content)
[0.465s]     File "/opt/ros/humble/local/lib/python3.10/dist-packages/rosidl_adapter/parser.py", line 544, in parse_message_string
[0.465s]       msg = MessageSpecification(pkg_name, msg_name, fields, constants)
[0.466s]     File "/opt/ros/humble/local/lib/python3.10/dist-packages/rosidl_adapter/parser.py", line 388, in __init__
[0.466s]       self.base_type = BaseType(
[0.466s]     File "/opt/ros/humble/local/lib/python3.10/dist-packages/rosidl_adapter/parser.py", line 205, in __init__
[0.466s]       raise InvalidResourceName(
[0.466s] 
[0.466s]   rosidl_adapter.parser.InvalidResourceName: 'angle' is an invalid message
[0.466s]   name.  It should have the pattern '^[A-Z][A-Za-z0-9]*$'
[0.466s] 
[0.466s] Call Stack (most recent call first):
[0.466s]   /opt/ros/humble/share/rosidl_cmake/cmake/rosidl_generate_interfaces.cmake:130 (rosidl_adapt_interfaces)
[0.466s]   CMakeLists.txt:19 (rosidl_generate_interfaces)
[0.466s] 
[0.466s] [0m
[0.466s] -- Configuring incomplete, errors occurred!
[0.466s] See also "/home/stardust/eng_ws/build/msg_interface/CMakeFiles/CMakeOutput.log".
[0.471s] Invoked command in '/home/stardust/eng_ws/build/msg_interface' returned '1': CMAKE_PREFIX_PATH=/opt/ros/humble /usr/bin/cmake /home/stardust/eng_ws/src/msg_interface -DCMAKE_INSTALL_PREFIX=/home/stardust/eng_ws/install/msg_interface
