Traceback (most recent call last):
  File "/home/jlurobovision/eng_ws/build/msg_interfaces/ament_cmake_python/msg_interfaces/setup.py", line 1, in <module>
    from setuptools import find_packages
  File "/usr/lib/python3/dist-packages/setuptools/__init__.py", line 242, in <module>
    monkey.patch_all()
  File "/usr/lib/python3/dist-packages/setuptools/monkey.py", line 99, in patch_all
    patch_for_msvc_specialized_compiler()
  File "/usr/lib/python3/dist-packages/setuptools/monkey.py", line 136, in patch_for_msvc_specialized_compiler
    msvc = import_module('setuptools.msvc')
  File "/usr/lib/python3.10/importlib/__init__.py", line 126, in import_module
    return _bootstrap._gcd_import(name[level:], package, level)
  File "/usr/lib/python3/dist-packages/setuptools/msvc.py", line 61, in <module>
    from distutils.msvc9compiler import Reg
  File "/usr/lib/python3.10/distutils/msvc9compiler.py", line 22, in <module>
    from distutils.ccompiler import CCompiler, gen_lib_options
  File "<frozen importlib._bootstrap>", line 1027, in _find_and_load
  File "<frozen importlib._bootstrap>", line 1006, in _find_and_load_unlocked
  File "<frozen importlib._bootstrap>", line 688, in _load_unlocked
  File "<frozen importlib._bootstrap_external>", line 879, in exec_module
  File "<frozen importlib._bootstrap_external>", line 1012, in get_code
  File "<frozen importlib._bootstrap_external>", line 672, in _compile_bytecode
KeyboardInterrupt
gmake[2]: *** [CMakeFiles/ament_cmake_python_build_msg_interfaces_egg.dir/build.make:70: CMakeFiles/ament_cmake_python_build_msg_interfaces_egg] 中断
gmake[1]: *** [CMakeFiles/Makefile2:447: CMakeFiles/ament_cmake_python_build_msg_interfaces_egg.dir/all] 中断
gmake: *** [Makefile:146: all] 中断
