[0.008s] Invoking command in '/home/jlurobovision/eng_ws/build/msg_interfaces': /usr/bin/cmake /home/jlurobovision/eng_ws/src/msg_interfaces -DCMAKE_INSTALL_PREFIX=/home/jlurobovision/eng_ws/install/msg_interfaces
[0.171s] -- The C compiler identification is GNU 11.4.0
[0.310s] -- The CXX compiler identification is GNU 11.4.0
[0.317s] -- Detecting C compiler ABI info
[0.512s] -- Detecting C compiler ABI info - done
[0.541s] -- Check for working C compiler: /usr/bin/cc - skipped
[0.541s] -- Detecting C compile features
[0.542s] -- Detecting C compile features - done
[0.553s] -- Detecting CXX compiler ABI info
[0.687s] -- Detecting CXX compiler ABI info - done
[0.702s] -- Check for working CXX compiler: /usr/bin/c++ - skipped
[0.702s] -- Detecting CXX compile features
[0.703s] -- Detecting CXX compile features - done
[0.720s] [31mCMake Error at CMakeLists.txt:9 (find_package):
[0.721s]   By not providing "Findament_cmake.cmake" in CMAKE_MODULE_PATH this project
[0.721s]   has asked CMake to find a package configuration file provided by
[0.721s]   "ament_cmake", but CMake did not find one.
[0.721s] 
[0.721s]   Could not find a package configuration file provided by "ament_cmake" with
[0.722s]   any of the following names:
[0.722s] 
[0.722s]     ament_cmakeConfig.cmake
[0.722s]     ament_cmake-config.cmake
[0.722s] 
[0.722s]   Add the installation prefix of "ament_cmake" to CMAKE_PREFIX_PATH or set
[0.722s]   "ament_cmake_DIR" to a directory containing one of the above files.  If
[0.722s]   "ament_cmake" provides a separate development package or SDK, be sure it
[0.723s]   has been installed.
[0.723s] 
[0.723s] [0m
[0.723s] -- Configuring incomplete, errors occurred!
[0.723s] See also "/home/jlurobovision/eng_ws/build/msg_interfaces/CMakeFiles/CMakeOutput.log".
[0.740s] Invoked command in '/home/jlurobovision/eng_ws/build/msg_interfaces' returned '1': /usr/bin/cmake /home/jlurobovision/eng_ws/src/msg_interfaces -DCMAKE_INSTALL_PREFIX=/home/jlurobovision/eng_ws/install/msg_interfaces
