[35m[1mConsolidate compiler generated dependencies of target exchangestation_detector[0m
[ 33%] [32mBuilding CXX object CMakeFiles/exchangestation_detector.dir/src/detector_node.cpp.o[0m
[01m[K/home/stardust/eng_ws/src/exchangestation_detector/src/detector_node.cpp:[m[K In member function ‘[01m[Kvoid exchangestation_detector_node::imageCallback(const SharedPtr&)[m[K’:
[01m[K/home/stardust/eng_ws/src/exchangestation_detector/src/detector_node.cpp:70:12:[m[K [01;35m[Kwarning: [m[Kvariable ‘[01m[Kpacket[m[K’ set but not used [[01;35m[K]8;;https://gcc.gnu.org/onlinedocs/gcc/Warning-Options.html#index-Wunused-but-set-variable-Wunused-but-set-variable]8;;[m[K]
   70 |     Packet [01;35m[Kpacket[m[K = detector->solveAngle();
      |            [01;35m[K^~~~~~[m[K
[ 66%] [32m[1mLinking CXX shared library libexchangestation_detector.so[0m
[100%] Built target exchangestation_detector
-- Install configuration: ""
-- Up-to-date: /home/stardust/eng_ws/install/exchangestation_detector/include
-- Up-to-date: /home/stardust/eng_ws/install/exchangestation_detector/include/exchangestation_detector
-- Up-to-date: /home/stardust/eng_ws/install/exchangestation_detector/include/exchangestation_detector/exchangestation_detector.hpp
-- Up-to-date: /home/stardust/eng_ws/install/exchangestation_detector/include/exchangestation_detector/detector_node.hpp
-- Up-to-date: /home/stardust/eng_ws/install/exchangestation_detector/share/ament_index/resource_index/package_run_dependencies/exchangestation_detector
-- Up-to-date: /home/stardust/eng_ws/install/exchangestation_detector/share/ament_index/resource_index/parent_prefix_path/exchangestation_detector
-- Up-to-date: /home/stardust/eng_ws/install/exchangestation_detector/share/exchangestation_detector/environment/ament_prefix_path.sh
-- Up-to-date: /home/stardust/eng_ws/install/exchangestation_detector/share/exchangestation_detector/environment/ament_prefix_path.dsv
-- Up-to-date: /home/stardust/eng_ws/install/exchangestation_detector/share/exchangestation_detector/environment/path.sh
-- Up-to-date: /home/stardust/eng_ws/install/exchangestation_detector/share/exchangestation_detector/environment/path.dsv
-- Up-to-date: /home/stardust/eng_ws/install/exchangestation_detector/share/exchangestation_detector/local_setup.bash
-- Up-to-date: /home/stardust/eng_ws/install/exchangestation_detector/share/exchangestation_detector/local_setup.sh
-- Up-to-date: /home/stardust/eng_ws/install/exchangestation_detector/share/exchangestation_detector/local_setup.zsh
-- Up-to-date: /home/stardust/eng_ws/install/exchangestation_detector/share/exchangestation_detector/local_setup.dsv
-- Installing: /home/stardust/eng_ws/install/exchangestation_detector/share/exchangestation_detector/package.dsv
-- Up-to-date: /home/stardust/eng_ws/install/exchangestation_detector/share/ament_index/resource_index/packages/exchangestation_detector
-- Up-to-date: /home/stardust/eng_ws/install/exchangestation_detector/share/ament_index/resource_index/rclcpp_components/exchangestation_detector
-- Up-to-date: /home/stardust/eng_ws/install/exchangestation_detector/share/exchangestation_detector/cmake/ament_cmake_export_dependencies-extras.cmake
-- Up-to-date: /home/stardust/eng_ws/install/exchangestation_detector/share/exchangestation_detector/cmake/ament_cmake_export_include_directories-extras.cmake
-- Up-to-date: /home/stardust/eng_ws/install/exchangestation_detector/share/exchangestation_detector/cmake/exchangestation_detectorConfig.cmake
-- Up-to-date: /home/stardust/eng_ws/install/exchangestation_detector/share/exchangestation_detector/cmake/exchangestation_detectorConfig-version.cmake
-- Up-to-date: /home/stardust/eng_ws/install/exchangestation_detector/share/exchangestation_detector/package.xml
