[0.073s] Invoking command in '/home/stardust/eng_ws/build/exchangestation_detector': CMAKE_PREFIX_PATH=${CMAKE_PREFIX_PATH}:/opt/ros/humble /usr/bin/cmake /home/stardust/eng_ws/src/exchangestation_detector -DCMAKE_INSTALL_PREFIX=/home/stardust/eng_ws/install/exchangestation_detector
[0.228s] -- The C compiler identification is GNU 11.4.0
[0.350s] -- The CXX compiler identification is GNU 11.4.0
[0.364s] -- Detecting C compiler ABI info
[0.451s] -- Detecting C compiler ABI info - done
[0.456s] -- Check for working C compiler: /usr/bin/cc - skipped
[0.457s] -- Detecting C compile features
[0.458s] -- Detecting C compile features - done
[0.462s] -- Detecting CXX compiler ABI info
[0.554s] -- Detecting CXX compiler ABI info - done
[0.560s] -- Check for working CXX compiler: /usr/bin/c++ - skipped
[0.560s] -- Detecting CXX compile features
[0.561s] -- Detecting CXX compile features - done
[0.576s] -- Found ament_cmake: 1.3.7 (/opt/ros/humble/share/ament_cmake/cmake)
[0.756s] -- Found Python3: /usr/bin/python3.10 (found version "3.10.12") found components: Interpreter 
[0.884s] -- Found OpenCV: /usr/local (found version "4.9.0") 
[0.884s] [31mCMake Error at CMakeLists.txt:11 (ament_auto_find_build_dependencies):
[0.884s]   Unknown CMake command "ament_auto_find_build_dependencies".
[0.884s] 
[0.884s] [0m
[0.884s] -- Configuring incomplete, errors occurred!
[0.884s] See also "/home/stardust/eng_ws/build/exchangestation_detector/CMakeFiles/CMakeOutput.log".
[0.889s] Invoked command in '/home/stardust/eng_ws/build/exchangestation_detector' returned '1': CMAKE_PREFIX_PATH=${CMAKE_PREFIX_PATH}:/opt/ros/humble /usr/bin/cmake /home/stardust/eng_ws/src/exchangestation_detector -DCMAKE_INSTALL_PREFIX=/home/stardust/eng_ws/install/exchangestation_detector
