[0.024s] Invoking command in '/home/jlurobovision/eng_ws/build/msg_interfaces': CMAKE_PREFIX_PATH=${CMAKE_PREFIX_PATH}:/opt/ros/humble /usr/bin/cmake --build /home/jlurobovision/eng_ws/build/msg_interfaces -- -j12 -l12
[0.104s] [35m[1mConsolidate compiler generated dependencies of target msg_interfaces__rosidl_generator_c[0m
[0.127s] [  3%] Built target msg_interfaces__cpp
[0.155s] [  3%] Built target ament_cmake_python_copy_msg_interfaces
[0.159s] [ 12%] Built target msg_interfaces__rosidl_generator_c
[0.167s] [35m[1mConsolidate compiler generated dependencies of target msg_interfaces__rosidl_typesupport_fastrtps_cpp[0m
[0.172s] [35m[1mConsolidate compiler generated dependencies of target msg_interfaces__rosidl_typesupport_cpp[0m
[0.172s] [35m[1mConsolidate compiler generated dependencies of target msg_interfaces__rosidl_typesupport_introspection_cpp[0m
[0.211s] [35m[1mConsolidate compiler generated dependencies of target msg_interfaces__rosidl_typesupport_fastrtps_c[0m
[0.211s] [ 25%] Built target msg_interfaces__rosidl_typesupport_cpp
[0.212s] [35m[1mConsolidate compiler generated dependencies of target msg_interfaces__rosidl_typesupport_c[0m
[0.212s] [ 32%] Built target msg_interfaces__rosidl_typesupport_fastrtps_cpp
[0.218s] [35m[1mConsolidate compiler generated dependencies of target msg_interfaces__rosidl_typesupport_introspection_c[0m
[0.228s] [ 41%] Built target msg_interfaces__rosidl_typesupport_introspection_cpp
[0.243s] [ 61%] Built target msg_interfaces__rosidl_typesupport_c
[0.243s] [ 61%] Built target msg_interfaces__rosidl_typesupport_fastrtps_c
[0.257s] [ 70%] Built target msg_interfaces__rosidl_typesupport_introspection_c
[0.303s] [ 70%] Built target msg_interfaces
[0.330s] [ 74%] Built target msg_interfaces__py
[0.362s] [35m[1mConsolidate compiler generated dependencies of target msg_interfaces__rosidl_generator_py[0m
[0.374s] [ 80%] Built target msg_interfaces__rosidl_generator_py
[0.407s] [35m[1mConsolidate compiler generated dependencies of target msg_interfaces__rosidl_typesupport_fastrtps_c__pyext[0m
[0.408s] [35m[1mConsolidate compiler generated dependencies of target msg_interfaces__rosidl_typesupport_introspection_c__pyext[0m
[0.408s] [35m[1mConsolidate compiler generated dependencies of target msg_interfaces__rosidl_typesupport_c__pyext[0m
[0.436s] [ 93%] Built target msg_interfaces__rosidl_typesupport_introspection_c__pyext
[0.436s] [ 93%] Built target msg_interfaces__rosidl_typesupport_fastrtps_c__pyext
[0.436s] [100%] Built target msg_interfaces__rosidl_typesupport_c__pyext
[0.855s] running egg_info
[0.856s] writing msg_interfaces.egg-info/PKG-INFO
[0.856s] writing dependency_links to msg_interfaces.egg-info/dependency_links.txt
[0.857s] writing top-level names to msg_interfaces.egg-info/top_level.txt
[0.863s] reading manifest file 'msg_interfaces.egg-info/SOURCES.txt'
[0.863s] writing manifest file 'msg_interfaces.egg-info/SOURCES.txt'
[0.901s] [100%] Built target ament_cmake_python_build_msg_interfaces_egg
[0.911s] Invoked command in '/home/jlurobovision/eng_ws/build/msg_interfaces' returned '0': CMAKE_PREFIX_PATH=${CMAKE_PREFIX_PATH}:/opt/ros/humble /usr/bin/cmake --build /home/jlurobovision/eng_ws/build/msg_interfaces -- -j12 -l12
[0.958s] Invoking command in '/home/jlurobovision/eng_ws/build/msg_interfaces': CMAKE_PREFIX_PATH=${CMAKE_PREFIX_PATH}:/opt/ros/humble /usr/bin/cmake --install /home/jlurobovision/eng_ws/build/msg_interfaces
[0.972s] -- Install configuration: ""
[0.972s] -- Up-to-date: /home/jlurobovision/eng_ws/install/msg_interfaces/share/ament_index/resource_index/rosidl_interfaces/msg_interfaces
[0.972s] -- Up-to-date: /home/jlurobovision/eng_ws/install/msg_interfaces/include/msg_interfaces/msg_interfaces
[0.972s] -- Up-to-date: /home/jlurobovision/eng_ws/install/msg_interfaces/include/msg_interfaces/msg_interfaces/msg
[0.972s] -- Up-to-date: /home/jlurobovision/eng_ws/install/msg_interfaces/include/msg_interfaces/msg_interfaces/msg/angle.h
[0.972s] -- Up-to-date: /home/jlurobovision/eng_ws/install/msg_interfaces/include/msg_interfaces/msg_interfaces/msg/detail
[0.973s] -- Up-to-date: /home/jlurobovision/eng_ws/install/msg_interfaces/include/msg_interfaces/msg_interfaces/msg/detail/angle__functions.c
[0.973s] -- Up-to-date: /home/jlurobovision/eng_ws/install/msg_interfaces/include/msg_interfaces/msg_interfaces/msg/detail/angle__functions.h
[0.973s] -- Up-to-date: /home/jlurobovision/eng_ws/install/msg_interfaces/include/msg_interfaces/msg_interfaces/msg/detail/angle__struct.h
[0.973s] -- Up-to-date: /home/jlurobovision/eng_ws/install/msg_interfaces/include/msg_interfaces/msg_interfaces/msg/detail/angle__type_support.h
[0.973s] -- Up-to-date: /home/jlurobovision/eng_ws/install/msg_interfaces/include/msg_interfaces/msg_interfaces/msg/rosidl_generator_c__visibility_control.h
[0.973s] -- Up-to-date: /home/jlurobovision/eng_ws/install/msg_interfaces/share/msg_interfaces/environment/library_path.sh
[0.973s] -- Up-to-date: /home/jlurobovision/eng_ws/install/msg_interfaces/share/msg_interfaces/environment/library_path.dsv
[0.973s] -- Up-to-date: /home/jlurobovision/eng_ws/install/msg_interfaces/lib/libmsg_interfaces__rosidl_generator_c.so
[0.973s] -- Up-to-date: /home/jlurobovision/eng_ws/install/msg_interfaces/include/msg_interfaces/msg_interfaces
[0.973s] -- Up-to-date: /home/jlurobovision/eng_ws/install/msg_interfaces/include/msg_interfaces/msg_interfaces/msg
[0.973s] -- Up-to-date: /home/jlurobovision/eng_ws/install/msg_interfaces/include/msg_interfaces/msg_interfaces/msg/rosidl_typesupport_fastrtps_c__visibility_control.h
[0.973s] -- Up-to-date: /home/jlurobovision/eng_ws/install/msg_interfaces/include/msg_interfaces/msg_interfaces/msg/detail
[0.973s] -- Up-to-date: /home/jlurobovision/eng_ws/install/msg_interfaces/include/msg_interfaces/msg_interfaces/msg/detail/angle__rosidl_typesupport_fastrtps_c.h
[0.973s] -- Up-to-date: /home/jlurobovision/eng_ws/install/msg_interfaces/lib/libmsg_interfaces__rosidl_typesupport_fastrtps_c.so
[0.974s] -- Up-to-date: /home/jlurobovision/eng_ws/install/msg_interfaces/include/msg_interfaces/msg_interfaces
[0.974s] -- Up-to-date: /home/jlurobovision/eng_ws/install/msg_interfaces/include/msg_interfaces/msg_interfaces/msg
[0.974s] -- Up-to-date: /home/jlurobovision/eng_ws/install/msg_interfaces/include/msg_interfaces/msg_interfaces/msg/rosidl_typesupport_introspection_c__visibility_control.h
[0.974s] -- Up-to-date: /home/jlurobovision/eng_ws/install/msg_interfaces/include/msg_interfaces/msg_interfaces/msg/detail
[0.974s] -- Up-to-date: /home/jlurobovision/eng_ws/install/msg_interfaces/include/msg_interfaces/msg_interfaces/msg/detail/angle__rosidl_typesupport_introspection_c.h
[0.974s] -- Up-to-date: /home/jlurobovision/eng_ws/install/msg_interfaces/include/msg_interfaces/msg_interfaces/msg/detail/angle__type_support.c
[0.974s] -- Up-to-date: /home/jlurobovision/eng_ws/install/msg_interfaces/lib/libmsg_interfaces__rosidl_typesupport_introspection_c.so
[0.974s] -- Up-to-date: /home/jlurobovision/eng_ws/install/msg_interfaces/lib/libmsg_interfaces__rosidl_typesupport_c.so
[0.974s] -- Up-to-date: /home/jlurobovision/eng_ws/install/msg_interfaces/include/msg_interfaces/msg_interfaces
[0.974s] -- Up-to-date: /home/jlurobovision/eng_ws/install/msg_interfaces/include/msg_interfaces/msg_interfaces/msg
[0.974s] -- Up-to-date: /home/jlurobovision/eng_ws/install/msg_interfaces/include/msg_interfaces/msg_interfaces/msg/angle.hpp
[0.974s] -- Up-to-date: /home/jlurobovision/eng_ws/install/msg_interfaces/include/msg_interfaces/msg_interfaces/msg/detail
[0.974s] -- Up-to-date: /home/jlurobovision/eng_ws/install/msg_interfaces/include/msg_interfaces/msg_interfaces/msg/detail/angle__traits.hpp
[0.975s] -- Up-to-date: /home/jlurobovision/eng_ws/install/msg_interfaces/include/msg_interfaces/msg_interfaces/msg/detail/angle__struct.hpp
[0.975s] -- Up-to-date: /home/jlurobovision/eng_ws/install/msg_interfaces/include/msg_interfaces/msg_interfaces/msg/detail/angle__builder.hpp
[0.975s] -- Up-to-date: /home/jlurobovision/eng_ws/install/msg_interfaces/include/msg_interfaces/msg_interfaces
[0.975s] -- Up-to-date: /home/jlurobovision/eng_ws/install/msg_interfaces/include/msg_interfaces/msg_interfaces/msg
[0.975s] -- Up-to-date: /home/jlurobovision/eng_ws/install/msg_interfaces/include/msg_interfaces/msg_interfaces/msg/rosidl_typesupport_fastrtps_cpp__visibility_control.h
[0.975s] -- Up-to-date: /home/jlurobovision/eng_ws/install/msg_interfaces/include/msg_interfaces/msg_interfaces/msg/detail
[0.975s] -- Up-to-date: /home/jlurobovision/eng_ws/install/msg_interfaces/include/msg_interfaces/msg_interfaces/msg/detail/angle__rosidl_typesupport_fastrtps_cpp.hpp
[0.975s] -- Up-to-date: /home/jlurobovision/eng_ws/install/msg_interfaces/include/msg_interfaces/msg_interfaces/msg/detail/dds_fastrtps
[0.975s] -- Up-to-date: /home/jlurobovision/eng_ws/install/msg_interfaces/lib/libmsg_interfaces__rosidl_typesupport_fastrtps_cpp.so
[0.975s] -- Up-to-date: /home/jlurobovision/eng_ws/install/msg_interfaces/include/msg_interfaces/msg_interfaces
[0.975s] -- Up-to-date: /home/jlurobovision/eng_ws/install/msg_interfaces/include/msg_interfaces/msg_interfaces/msg
[0.975s] -- Up-to-date: /home/jlurobovision/eng_ws/install/msg_interfaces/include/msg_interfaces/msg_interfaces/msg/detail
[0.976s] -- Up-to-date: /home/jlurobovision/eng_ws/install/msg_interfaces/include/msg_interfaces/msg_interfaces/msg/detail/angle__rosidl_typesupport_introspection_cpp.hpp
[0.976s] -- Up-to-date: /home/jlurobovision/eng_ws/install/msg_interfaces/include/msg_interfaces/msg_interfaces/msg/detail/angle__type_support.cpp
[0.976s] -- Up-to-date: /home/jlurobovision/eng_ws/install/msg_interfaces/lib/libmsg_interfaces__rosidl_typesupport_introspection_cpp.so
[0.976s] -- Up-to-date: /home/jlurobovision/eng_ws/install/msg_interfaces/lib/libmsg_interfaces__rosidl_typesupport_cpp.so
[0.976s] -- Up-to-date: /home/jlurobovision/eng_ws/install/msg_interfaces/share/msg_interfaces/environment/pythonpath.sh
[0.976s] -- Up-to-date: /home/jlurobovision/eng_ws/install/msg_interfaces/share/msg_interfaces/environment/pythonpath.dsv
[0.976s] -- Up-to-date: /home/jlurobovision/eng_ws/install/msg_interfaces/local/lib/python3.10/dist-packages/msg_interfaces-0.0.0-py3.10.egg-info
[0.976s] -- Installing: /home/jlurobovision/eng_ws/install/msg_interfaces/local/lib/python3.10/dist-packages/msg_interfaces-0.0.0-py3.10.egg-info/SOURCES.txt
[0.976s] -- Installing: /home/jlurobovision/eng_ws/install/msg_interfaces/local/lib/python3.10/dist-packages/msg_interfaces-0.0.0-py3.10.egg-info/PKG-INFO
[0.976s] -- Installing: /home/jlurobovision/eng_ws/install/msg_interfaces/local/lib/python3.10/dist-packages/msg_interfaces-0.0.0-py3.10.egg-info/dependency_links.txt
[0.976s] -- Installing: /home/jlurobovision/eng_ws/install/msg_interfaces/local/lib/python3.10/dist-packages/msg_interfaces-0.0.0-py3.10.egg-info/top_level.txt
[0.976s] -- Up-to-date: /home/jlurobovision/eng_ws/install/msg_interfaces/local/lib/python3.10/dist-packages/msg_interfaces
[0.976s] -- Up-to-date: /home/jlurobovision/eng_ws/install/msg_interfaces/local/lib/python3.10/dist-packages/msg_interfaces/msg_interfaces_s__rosidl_typesupport_c.cpython-310-x86_64-linux-gnu.so
[0.976s] -- Up-to-date: /home/jlurobovision/eng_ws/install/msg_interfaces/local/lib/python3.10/dist-packages/msg_interfaces/_msg_interfaces_s.ep.rosidl_typesupport_introspection_c.c
[0.976s] -- Up-to-date: /home/jlurobovision/eng_ws/install/msg_interfaces/local/lib/python3.10/dist-packages/msg_interfaces/msg_interfaces_s__rosidl_typesupport_introspection_c.cpython-310-x86_64-linux-gnu.so
[0.977s] -- Up-to-date: /home/jlurobovision/eng_ws/install/msg_interfaces/local/lib/python3.10/dist-packages/msg_interfaces/libmsg_interfaces__rosidl_generator_py.so
[0.977s] -- Up-to-date: /home/jlurobovision/eng_ws/install/msg_interfaces/local/lib/python3.10/dist-packages/msg_interfaces/msg
[0.977s] -- Up-to-date: /home/jlurobovision/eng_ws/install/msg_interfaces/local/lib/python3.10/dist-packages/msg_interfaces/msg/_angle_s.c
[0.977s] -- Up-to-date: /home/jlurobovision/eng_ws/install/msg_interfaces/local/lib/python3.10/dist-packages/msg_interfaces/msg/_angle.py
[0.977s] -- Up-to-date: /home/jlurobovision/eng_ws/install/msg_interfaces/local/lib/python3.10/dist-packages/msg_interfaces/msg/__init__.py
[0.977s] -- Up-to-date: /home/jlurobovision/eng_ws/install/msg_interfaces/local/lib/python3.10/dist-packages/msg_interfaces/_msg_interfaces_s.ep.rosidl_typesupport_fastrtps_c.c
[0.977s] -- Up-to-date: /home/jlurobovision/eng_ws/install/msg_interfaces/local/lib/python3.10/dist-packages/msg_interfaces/msg_interfaces_s__rosidl_typesupport_fastrtps_c.cpython-310-x86_64-linux-gnu.so
[0.977s] -- Up-to-date: /home/jlurobovision/eng_ws/install/msg_interfaces/local/lib/python3.10/dist-packages/msg_interfaces/__init__.py
[0.977s] -- Up-to-date: /home/jlurobovision/eng_ws/install/msg_interfaces/local/lib/python3.10/dist-packages/msg_interfaces/_msg_interfaces_s.ep.rosidl_typesupport_c.c
[1.009s] Listing '/home/jlurobovision/eng_ws/install/msg_interfaces/local/lib/python3.10/dist-packages/msg_interfaces'...
[1.009s] Listing '/home/jlurobovision/eng_ws/install/msg_interfaces/local/lib/python3.10/dist-packages/msg_interfaces/msg'...
[1.014s] -- Up-to-date: /home/jlurobovision/eng_ws/install/msg_interfaces/local/lib/python3.10/dist-packages/msg_interfaces/msg_interfaces_s__rosidl_typesupport_fastrtps_c.cpython-310-x86_64-linux-gnu.so
[1.014s] -- Up-to-date: /home/jlurobovision/eng_ws/install/msg_interfaces/local/lib/python3.10/dist-packages/msg_interfaces/msg_interfaces_s__rosidl_typesupport_introspection_c.cpython-310-x86_64-linux-gnu.so
[1.014s] -- Up-to-date: /home/jlurobovision/eng_ws/install/msg_interfaces/local/lib/python3.10/dist-packages/msg_interfaces/msg_interfaces_s__rosidl_typesupport_c.cpython-310-x86_64-linux-gnu.so
[1.014s] -- Up-to-date: /home/jlurobovision/eng_ws/install/msg_interfaces/lib/libmsg_interfaces__rosidl_generator_py.so
[1.015s] -- Up-to-date: /home/jlurobovision/eng_ws/install/msg_interfaces/share/msg_interfaces/msg/Angle.idl
[1.015s] -- Up-to-date: /home/jlurobovision/eng_ws/install/msg_interfaces/share/msg_interfaces/msg/Angle.msg
[1.015s] -- Up-to-date: /home/jlurobovision/eng_ws/install/msg_interfaces/share/ament_index/resource_index/package_run_dependencies/msg_interfaces
[1.015s] -- Up-to-date: /home/jlurobovision/eng_ws/install/msg_interfaces/share/ament_index/resource_index/parent_prefix_path/msg_interfaces
[1.015s] -- Up-to-date: /home/jlurobovision/eng_ws/install/msg_interfaces/share/msg_interfaces/environment/ament_prefix_path.sh
[1.015s] -- Up-to-date: /home/jlurobovision/eng_ws/install/msg_interfaces/share/msg_interfaces/environment/ament_prefix_path.dsv
[1.015s] -- Up-to-date: /home/jlurobovision/eng_ws/install/msg_interfaces/share/msg_interfaces/environment/path.sh
[1.015s] -- Up-to-date: /home/jlurobovision/eng_ws/install/msg_interfaces/share/msg_interfaces/environment/path.dsv
[1.015s] -- Up-to-date: /home/jlurobovision/eng_ws/install/msg_interfaces/share/msg_interfaces/local_setup.bash
[1.015s] -- Up-to-date: /home/jlurobovision/eng_ws/install/msg_interfaces/share/msg_interfaces/local_setup.sh
[1.015s] -- Up-to-date: /home/jlurobovision/eng_ws/install/msg_interfaces/share/msg_interfaces/local_setup.zsh
[1.016s] -- Up-to-date: /home/jlurobovision/eng_ws/install/msg_interfaces/share/msg_interfaces/local_setup.dsv
[1.016s] -- Installing: /home/jlurobovision/eng_ws/install/msg_interfaces/share/msg_interfaces/package.dsv
[1.016s] -- Up-to-date: /home/jlurobovision/eng_ws/install/msg_interfaces/share/ament_index/resource_index/packages/msg_interfaces
[1.016s] -- Up-to-date: /home/jlurobovision/eng_ws/install/msg_interfaces/share/msg_interfaces/cmake/export_msg_interfaces__rosidl_generator_cExport.cmake
[1.016s] -- Up-to-date: /home/jlurobovision/eng_ws/install/msg_interfaces/share/msg_interfaces/cmake/export_msg_interfaces__rosidl_generator_cExport-noconfig.cmake
[1.016s] -- Up-to-date: /home/jlurobovision/eng_ws/install/msg_interfaces/share/msg_interfaces/cmake/export_msg_interfaces__rosidl_typesupport_fastrtps_cExport.cmake
[1.016s] -- Up-to-date: /home/jlurobovision/eng_ws/install/msg_interfaces/share/msg_interfaces/cmake/export_msg_interfaces__rosidl_typesupport_fastrtps_cExport-noconfig.cmake
[1.016s] -- Up-to-date: /home/jlurobovision/eng_ws/install/msg_interfaces/share/msg_interfaces/cmake/msg_interfaces__rosidl_typesupport_introspection_cExport.cmake
[1.016s] -- Up-to-date: /home/jlurobovision/eng_ws/install/msg_interfaces/share/msg_interfaces/cmake/msg_interfaces__rosidl_typesupport_introspection_cExport-noconfig.cmake
[1.016s] -- Up-to-date: /home/jlurobovision/eng_ws/install/msg_interfaces/share/msg_interfaces/cmake/msg_interfaces__rosidl_typesupport_cExport.cmake
[1.016s] -- Up-to-date: /home/jlurobovision/eng_ws/install/msg_interfaces/share/msg_interfaces/cmake/msg_interfaces__rosidl_typesupport_cExport-noconfig.cmake
[1.017s] -- Up-to-date: /home/jlurobovision/eng_ws/install/msg_interfaces/share/msg_interfaces/cmake/export_msg_interfaces__rosidl_generator_cppExport.cmake
[1.017s] -- Up-to-date: /home/jlurobovision/eng_ws/install/msg_interfaces/share/msg_interfaces/cmake/export_msg_interfaces__rosidl_typesupport_fastrtps_cppExport.cmake
[1.017s] -- Up-to-date: /home/jlurobovision/eng_ws/install/msg_interfaces/share/msg_interfaces/cmake/export_msg_interfaces__rosidl_typesupport_fastrtps_cppExport-noconfig.cmake
[1.017s] -- Up-to-date: /home/jlurobovision/eng_ws/install/msg_interfaces/share/msg_interfaces/cmake/msg_interfaces__rosidl_typesupport_introspection_cppExport.cmake
[1.017s] -- Up-to-date: /home/jlurobovision/eng_ws/install/msg_interfaces/share/msg_interfaces/cmake/msg_interfaces__rosidl_typesupport_introspection_cppExport-noconfig.cmake
[1.017s] -- Up-to-date: /home/jlurobovision/eng_ws/install/msg_interfaces/share/msg_interfaces/cmake/msg_interfaces__rosidl_typesupport_cppExport.cmake
[1.017s] -- Up-to-date: /home/jlurobovision/eng_ws/install/msg_interfaces/share/msg_interfaces/cmake/msg_interfaces__rosidl_typesupport_cppExport-noconfig.cmake
[1.017s] -- Up-to-date: /home/jlurobovision/eng_ws/install/msg_interfaces/share/msg_interfaces/cmake/export_msg_interfaces__rosidl_generator_pyExport.cmake
[1.017s] -- Up-to-date: /home/jlurobovision/eng_ws/install/msg_interfaces/share/msg_interfaces/cmake/export_msg_interfaces__rosidl_generator_pyExport-noconfig.cmake
[1.017s] -- Up-to-date: /home/jlurobovision/eng_ws/install/msg_interfaces/share/msg_interfaces/cmake/rosidl_cmake-extras.cmake
[1.017s] -- Up-to-date: /home/jlurobovision/eng_ws/install/msg_interfaces/share/msg_interfaces/cmake/ament_cmake_export_include_directories-extras.cmake
[1.018s] -- Up-to-date: /home/jlurobovision/eng_ws/install/msg_interfaces/share/msg_interfaces/cmake/ament_cmake_export_libraries-extras.cmake
[1.018s] -- Up-to-date: /home/jlurobovision/eng_ws/install/msg_interfaces/share/msg_interfaces/cmake/ament_cmake_export_targets-extras.cmake
[1.018s] -- Up-to-date: /home/jlurobovision/eng_ws/install/msg_interfaces/share/msg_interfaces/cmake/rosidl_cmake_export_typesupport_targets-extras.cmake
[1.018s] -- Up-to-date: /home/jlurobovision/eng_ws/install/msg_interfaces/share/msg_interfaces/cmake/ament_cmake_export_dependencies-extras.cmake
[1.018s] -- Up-to-date: /home/jlurobovision/eng_ws/install/msg_interfaces/share/msg_interfaces/cmake/rosidl_cmake_export_typesupport_libraries-extras.cmake
[1.018s] -- Up-to-date: /home/jlurobovision/eng_ws/install/msg_interfaces/share/msg_interfaces/cmake/msg_interfacesConfig.cmake
[1.018s] -- Up-to-date: /home/jlurobovision/eng_ws/install/msg_interfaces/share/msg_interfaces/cmake/msg_interfacesConfig-version.cmake
[1.018s] -- Up-to-date: /home/jlurobovision/eng_ws/install/msg_interfaces/share/msg_interfaces/package.xml
[1.020s] Invoked command in '/home/jlurobovision/eng_ws/build/msg_interfaces' returned '0': CMAKE_PREFIX_PATH=${CMAKE_PREFIX_PATH}:/opt/ros/humble /usr/bin/cmake --install /home/jlurobovision/eng_ws/build/msg_interfaces
