[0.103s] Invoking command in '/home/stardust/eng_ws/build/serial': CMAKE_PREFIX_PATH=${CMAKE_PREFIX_PATH}:/opt/ros/iron /usr/bin/cmake --build /home/stardust/eng_ws/build/serial -- -j8 -l8
[0.173s] Invoked command in '/home/stardust/eng_ws/build/serial' returned '0': CMAKE_PREFIX_PATH=${CMAKE_PREFIX_PATH}:/opt/ros/iron /usr/bin/cmake --build /home/stardust/eng_ws/build/serial -- -j8 -l8
[0.236s] Invoking command in '/home/stardust/eng_ws/build/serial': CMAKE_PREFIX_PATH=${CMAKE_PREFIX_PATH}:/opt/ros/iron /usr/bin/cmake --install /home/stardust/eng_ws/build/serial
[0.248s] -- Install configuration: ""
[0.249s] -- Up-to-date: /home/stardust/eng_ws/install/serial/include
[0.249s] -- Up-to-date: /home/stardust/eng_ws/install/serial/include/serial
[0.249s] -- Up-to-date: /home/stardust/eng_ws/install/serial/include/serial/serial.h
[0.249s] -- Up-to-date: /home/stardust/eng_ws/install/serial/include/serial/packet.hpp
[0.249s] -- Up-to-date: /home/stardust/eng_ws/install/serial/share/ament_index/resource_index/package_run_dependencies/serial
[0.249s] -- Up-to-date: /home/stardust/eng_ws/install/serial/share/ament_index/resource_index/parent_prefix_path/serial
[0.250s] -- Up-to-date: /home/stardust/eng_ws/install/serial/share/serial/environment/ament_prefix_path.sh
[0.250s] -- Up-to-date: /home/stardust/eng_ws/install/serial/share/serial/environment/ament_prefix_path.dsv
[0.250s] -- Up-to-date: /home/stardust/eng_ws/install/serial/share/serial/environment/path.sh
[0.250s] -- Up-to-date: /home/stardust/eng_ws/install/serial/share/serial/environment/path.dsv
[0.250s] -- Up-to-date: /home/stardust/eng_ws/install/serial/share/serial/local_setup.bash
[0.250s] -- Up-to-date: /home/stardust/eng_ws/install/serial/share/serial/local_setup.sh
[0.250s] -- Up-to-date: /home/stardust/eng_ws/install/serial/share/serial/local_setup.zsh
[0.250s] -- Up-to-date: /home/stardust/eng_ws/install/serial/share/serial/local_setup.dsv
[0.251s] -- Installing: /home/stardust/eng_ws/install/serial/share/serial/package.dsv
[0.251s] -- Up-to-date: /home/stardust/eng_ws/install/serial/share/ament_index/resource_index/packages/serial
[0.251s] -- Up-to-date: /home/stardust/eng_ws/install/serial/share/serial/cmake/ament_cmake_export_include_directories-extras.cmake
[0.251s] -- Up-to-date: /home/stardust/eng_ws/install/serial/share/serial/cmake/serialConfig.cmake
[0.251s] -- Up-to-date: /home/stardust/eng_ws/install/serial/share/serial/cmake/serialConfig-version.cmake
[0.251s] -- Up-to-date: /home/stardust/eng_ws/install/serial/share/serial/package.xml
[0.258s] Invoked command in '/home/stardust/eng_ws/build/serial' returned '0': CMAKE_PREFIX_PATH=${CMAKE_PREFIX_PATH}:/opt/ros/iron /usr/bin/cmake --install /home/stardust/eng_ws/build/serial
