[01m[K/home/stardust/eng_ws/src/exchangestation_detector/src/detector_node.cpp:[m[K In constructor ‘[01m[Kexchangestation_detector_node::exchangestation_detector_node(const rclcpp::NodeOptions&)[m[K’:
[01m[K/home/stardust/eng_ws/src/exchangestation_detector/src/detector_node.cpp:32:90:[m[K [01;31m[Kerror: [m[K‘[01m[KSensorDataQos[m[K’ is not a member of ‘[01m[Krclcpp[m[K’; did you mean ‘[01m[KSensorDataQoS[m[K’?
   32 |     image_sub = this->create_subscription<sensor_msgs::msg::Image>("/image_raw", rclcpp::[01;31m[KSensorDataQos[m[K(),
      |                                                                                          [01;31m[K^~~~~~~~~~~~~[m[K
      |                                                                                          [32m[KSensorDataQoS[m[K
[01m[K/home/stardust/eng_ws/src/exchangestation_detector/src/detector_node.cpp:[m[K At global scope:
[01m[K/home/stardust/eng_ws/src/exchangestation_detector/src/detector_node.cpp:40:25:[m[K [01;31m[Kerror: [m[Kno declaration matches ‘[01m[KExchangeStationDetector exchangestation_detector_node::initDetector()[m[K’
   40 | ExchangeStationDetector [01;31m[Kexchangestation_detector_node[m[K::initDetector() {
      |                         [01;31m[K^~~~~~~~~~~~~~~~~~~~~~~~~~~~~[m[K
In file included from [01m[K/home/stardust/eng_ws/src/exchangestation_detector/src/detector_node.cpp:14[m[K:
[01m[K/home/stardust/eng_ws/src/exchangestation_detector/include/exchangestation_detector/detector_node.hpp:22:46:[m[K [01;36m[Knote: [m[Kcandidate is: ‘[01m[Kstd::unique_ptr<ExchangeStationDetector> exchangestation_detector_node::initDetector()[m[K’
   22 |     std::unique_ptr<ExchangeStationDetector> [01;36m[KinitDetector[m[K();
      |                                              [01;36m[K^~~~~~~~~~~~[m[K
[01m[K/home/stardust/eng_ws/src/exchangestation_detector/include/exchangestation_detector/detector_node.hpp:14:7:[m[K [01;36m[Knote: [m[K‘[01m[Kclass exchangestation_detector_node[m[K’ defined here
   14 | class [01;36m[Kexchangestation_detector_node[m[K : public rclcpp::Node {
      |       [01;36m[K^~~~~~~~~~~~~~~~~~~~~~~~~~~~~[m[K
[01m[K/home/stardust/eng_ws/src/exchangestation_detector/src/detector_node.cpp:60:6:[m[K [01;31m[Kerror: [m[Kno declaration matches ‘[01m[Kvoid ExchangeStationDetector::imageCallback(const SharedPtr&)[m[K’
   60 | void [01;31m[KExchangeStationDetector[m[K::imageCallback(const sensor_msgs::msg::Image::SharedPtr & msg) {
      |      [01;31m[K^~~~~~~~~~~~~~~~~~~~~~~[m[K
[01m[K/home/stardust/eng_ws/src/exchangestation_detector/src/detector_node.cpp:60:6:[m[K [01;36m[Knote: [m[Kno functions named ‘[01m[Kvoid ExchangeStationDetector::imageCallback(const SharedPtr&)[m[K’
In file included from [01m[K/home/stardust/eng_ws/src/exchangestation_detector/include/exchangestation_detector/detector_node.hpp:12[m[K,
                 from [01m[K/home/stardust/eng_ws/src/exchangestation_detector/src/detector_node.cpp:14[m[K:
[01m[K/home/stardust/eng_ws/src/exchangestation_detector/include/exchangestation_detector/exchangestation_detector.hpp:19:7:[m[K [01;36m[Knote: [m[K‘[01m[Kclass ExchangeStationDetector[m[K’ defined here
   19 | class [01;36m[KExchangeStationDetector[m[K {
      |       [01;36m[K^~~~~~~~~~~~~~~~~~~~~~~[m[K
gmake[2]: *** [CMakeFiles/exchangestation_detector.dir/build.make:90：CMakeFiles/exchangestation_detector.dir/src/detector_node.cpp.o] 错误 1
gmake[1]: *** [CMakeFiles/Makefile2:137：CMakeFiles/exchangestation_detector.dir/all] 错误 2
gmake: *** [Makefile:146：all] 错误 2
