[0.073s] Invoking command in '/home/stardust/eng_ws/build/exchangestation_detector': CMAKE_PREFIX_PATH=${CMAKE_PREFIX_PATH}:/opt/ros/humble /usr/bin/cmake --build /home/stardust/eng_ws/build/exchangestation_detector -- -j8 -l8
[0.129s] [35m[1mConsolidate compiler generated dependencies of target exchangestation_detector[0m
[0.163s] [ 33%] [32mBuilding CXX object CMakeFiles/exchangestation_detector.dir/src/detector_node.cpp.o[0m
[2.883s] [01m[K/home/stardust/eng_ws/src/exchangestation_detector/src/detector_node.cpp:[m[K In constructor ‘[01m[Kexchangestation_detector_node::exchangestation_detector_node(const rclcpp::NodeOptions&)[m[K’:
[2.883s] [01m[K/home/stardust/eng_ws/src/exchangestation_detector/src/detector_node.cpp:32:90:[m[K [01;31m[Kerror: [m[K‘[01m[KSensorDataQos[m[K’ is not a member of ‘[01m[Krclcpp[m[K’; did you mean ‘[01m[KSensorDataQoS[m[K’?
[2.883s]    32 |     image_sub = this->create_subscription<sensor_msgs::msg::Image>("/image_raw", rclcpp::[01;31m[KSensorDataQos[m[K(),
[2.883s]       |                                                                                          [01;31m[K^~~~~~~~~~~~~[m[K
[2.883s]       |                                                                                          [32m[KSensorDataQoS[m[K
[2.888s] [01m[K/home/stardust/eng_ws/src/exchangestation_detector/src/detector_node.cpp:[m[K At global scope:
[2.888s] [01m[K/home/stardust/eng_ws/src/exchangestation_detector/src/detector_node.cpp:40:25:[m[K [01;31m[Kerror: [m[Kno declaration matches ‘[01m[KExchangeStationDetector exchangestation_detector_node::initDetector()[m[K’
[2.889s]    40 | ExchangeStationDetector [01;31m[Kexchangestation_detector_node[m[K::initDetector() {
[2.889s]       |                         [01;31m[K^~~~~~~~~~~~~~~~~~~~~~~~~~~~~[m[K
[2.889s] In file included from [01m[K/home/stardust/eng_ws/src/exchangestation_detector/src/detector_node.cpp:14[m[K:
[2.889s] [01m[K/home/stardust/eng_ws/src/exchangestation_detector/include/exchangestation_detector/detector_node.hpp:22:46:[m[K [01;36m[Knote: [m[Kcandidate is: ‘[01m[Kstd::unique_ptr<ExchangeStationDetector> exchangestation_detector_node::initDetector()[m[K’
[2.889s]    22 |     std::unique_ptr<ExchangeStationDetector> [01;36m[KinitDetector[m[K();
[2.889s]       |                                              [01;36m[K^~~~~~~~~~~~[m[K
[2.889s] [01m[K/home/stardust/eng_ws/src/exchangestation_detector/include/exchangestation_detector/detector_node.hpp:14:7:[m[K [01;36m[Knote: [m[K‘[01m[Kclass exchangestation_detector_node[m[K’ defined here
[2.889s]    14 | class [01;36m[Kexchangestation_detector_node[m[K : public rclcpp::Node {
[2.889s]       |       [01;36m[K^~~~~~~~~~~~~~~~~~~~~~~~~~~~~[m[K
[2.889s] [01m[K/home/stardust/eng_ws/src/exchangestation_detector/src/detector_node.cpp:60:6:[m[K [01;31m[Kerror: [m[Kno declaration matches ‘[01m[Kvoid ExchangeStationDetector::imageCallback(const SharedPtr&)[m[K’
[2.889s]    60 | void [01;31m[KExchangeStationDetector[m[K::imageCallback(const sensor_msgs::msg::Image::SharedPtr & msg) {
[2.889s]       |      [01;31m[K^~~~~~~~~~~~~~~~~~~~~~~[m[K
[2.889s] [01m[K/home/stardust/eng_ws/src/exchangestation_detector/src/detector_node.cpp:60:6:[m[K [01;36m[Knote: [m[Kno functions named ‘[01m[Kvoid ExchangeStationDetector::imageCallback(const SharedPtr&)[m[K’
[2.889s] In file included from [01m[K/home/stardust/eng_ws/src/exchangestation_detector/include/exchangestation_detector/detector_node.hpp:12[m[K,
[2.889s]                  from [01m[K/home/stardust/eng_ws/src/exchangestation_detector/src/detector_node.cpp:14[m[K:
[2.889s] [01m[K/home/stardust/eng_ws/src/exchangestation_detector/include/exchangestation_detector/exchangestation_detector.hpp:19:7:[m[K [01;36m[Knote: [m[K‘[01m[Kclass ExchangeStationDetector[m[K’ defined here
[2.889s]    19 | class [01;36m[KExchangeStationDetector[m[K {
[2.889s]       |       [01;36m[K^~~~~~~~~~~~~~~~~~~~~~~[m[K
[5.144s] gmake[2]: *** [CMakeFiles/exchangestation_detector.dir/build.make:90：CMakeFiles/exchangestation_detector.dir/src/detector_node.cpp.o] 错误 1
[5.144s] gmake[1]: *** [CMakeFiles/Makefile2:137：CMakeFiles/exchangestation_detector.dir/all] 错误 2
[5.145s] gmake: *** [Makefile:146：all] 错误 2
[5.149s] Invoked command in '/home/stardust/eng_ws/build/exchangestation_detector' returned '2': CMAKE_PREFIX_PATH=${CMAKE_PREFIX_PATH}:/opt/ros/humble /usr/bin/cmake --build /home/stardust/eng_ws/build/exchangestation_detector -- -j8 -l8
