[0.093s] DEBUG:colcon:Command line arguments: ['/usr/bin/colcon', 'build']
[0.093s] DEBUG:colcon:Parsed command line arguments: Namespace(log_base=None, log_level=None, verb_name='build', build_base='build', install_base='install', merge_install=False, symlink_install=False, test_result_base=None, continue_on_error=False, executor='parallel', parallel_workers=12, event_handlers=None, ignore_user_meta=False, metas=['./colcon.meta'], base_paths=['.'], packages_ignore=None, packages_ignore_regex=None, paths=None, packages_up_to=None, packages_up_to_regex=None, packages_above=None, packages_above_and_dependencies=None, packages_above_depth=None, packages_select_by_dep=None, packages_skip_by_dep=None, packages_skip_up_to=None, packages_select_build_failed=False, packages_skip_build_finished=False, packages_select_test_failures=False, packages_skip_test_passed=False, packages_select=None, packages_skip=None, packages_select_regex=None, packages_skip_regex=None, packages_start=None, packages_end=None, allow_overriding=[], cmake_args=None, cmake_target=None, cmake_target_skip_unavailable=False, cmake_clean_cache=False, cmake_clean_first=False, cmake_force_configure=False, ament_cmake_args=None, catkin_cmake_args=None, catkin_skip_building_tests=False, verb_parser=<colcon_defaults.argument_parser.defaults.DefaultArgumentsDecorator object at 0x7f6739afce80>, verb_extension=<colcon_core.verb.build.BuildVerb object at 0x7f6739bf9ae0>, main=<bound method BuildVerb.main of <colcon_core.verb.build.BuildVerb object at 0x7f6739bf9ae0>>)
[0.319s] Level 1:colcon.colcon_core.package_discovery:discover_packages(colcon_meta) check parameters
[0.319s] Level 1:colcon.colcon_core.package_discovery:discover_packages(recursive) check parameters
[0.319s] Level 1:colcon.colcon_core.package_discovery:discover_packages(ignore) check parameters
[0.319s] Level 1:colcon.colcon_core.package_discovery:discover_packages(path) check parameters
[0.319s] Level 1:colcon.colcon_core.package_discovery:discover_packages(colcon_meta) discover
[0.319s] Level 1:colcon.colcon_core.package_discovery:discover_packages(recursive) discover
[0.319s] INFO:colcon.colcon_core.package_discovery:Crawling recursively for packages in '/home/jlurobovision/eng_ws'
[0.319s] Level 1:colcon.colcon_core.package_identification:_identify(.) by extensions ['ignore', 'ignore_ament_install']
[0.319s] Level 1:colcon.colcon_core.package_identification:_identify(.) by extension 'ignore'
[0.319s] Level 1:colcon.colcon_core.package_identification:_identify(.) by extension 'ignore_ament_install'
[0.320s] Level 1:colcon.colcon_core.package_identification:_identify(.) by extensions ['colcon_pkg']
[0.320s] Level 1:colcon.colcon_core.package_identification:_identify(.) by extension 'colcon_pkg'
[0.320s] Level 1:colcon.colcon_core.package_identification:_identify(.) by extensions ['colcon_meta']
[0.320s] Level 1:colcon.colcon_core.package_identification:_identify(.) by extension 'colcon_meta'
[0.320s] Level 1:colcon.colcon_core.package_identification:_identify(.) by extensions ['ros']
[0.320s] Level 1:colcon.colcon_core.package_identification:_identify(.) by extension 'ros'
[0.329s] Level 1:colcon.colcon_core.package_identification:_identify(.) by extensions ['cmake', 'python']
[0.329s] Level 1:colcon.colcon_core.package_identification:_identify(.) by extension 'cmake'
[0.329s] Level 1:colcon.colcon_core.package_identification:_identify(.) by extension 'python'
[0.329s] Level 1:colcon.colcon_core.package_identification:_identify(.) by extensions ['python_setup_py']
[0.329s] Level 1:colcon.colcon_core.package_identification:_identify(.) by extension 'python_setup_py'
[0.329s] Level 1:colcon.colcon_core.package_identification:_identify(build) by extensions ['ignore', 'ignore_ament_install']
[0.329s] Level 1:colcon.colcon_core.package_identification:_identify(build) by extension 'ignore'
[0.329s] Level 1:colcon.colcon_core.package_identification:_identify(build) ignored
[0.329s] Level 1:colcon.colcon_core.package_identification:_identify(install) by extensions ['ignore', 'ignore_ament_install']
[0.329s] Level 1:colcon.colcon_core.package_identification:_identify(install) by extension 'ignore'
[0.329s] Level 1:colcon.colcon_core.package_identification:_identify(install) ignored
[0.330s] Level 1:colcon.colcon_core.package_identification:_identify(log) by extensions ['ignore', 'ignore_ament_install']
[0.330s] Level 1:colcon.colcon_core.package_identification:_identify(log) by extension 'ignore'
[0.330s] Level 1:colcon.colcon_core.package_identification:_identify(log) ignored
[0.330s] Level 1:colcon.colcon_core.package_identification:_identify(src) by extensions ['ignore', 'ignore_ament_install']
[0.330s] Level 1:colcon.colcon_core.package_identification:_identify(src) by extension 'ignore'
[0.330s] Level 1:colcon.colcon_core.package_identification:_identify(src) by extension 'ignore_ament_install'
[0.330s] Level 1:colcon.colcon_core.package_identification:_identify(src) by extensions ['colcon_pkg']
[0.330s] Level 1:colcon.colcon_core.package_identification:_identify(src) by extension 'colcon_pkg'
[0.330s] Level 1:colcon.colcon_core.package_identification:_identify(src) by extensions ['colcon_meta']
[0.330s] Level 1:colcon.colcon_core.package_identification:_identify(src) by extension 'colcon_meta'
[0.330s] Level 1:colcon.colcon_core.package_identification:_identify(src) by extensions ['ros']
[0.330s] Level 1:colcon.colcon_core.package_identification:_identify(src) by extension 'ros'
[0.331s] Level 1:colcon.colcon_core.package_identification:_identify(src) by extensions ['cmake', 'python']
[0.331s] Level 1:colcon.colcon_core.package_identification:_identify(src) by extension 'cmake'
[0.331s] Level 1:colcon.colcon_core.package_identification:_identify(src) by extension 'python'
[0.331s] Level 1:colcon.colcon_core.package_identification:_identify(src) by extensions ['python_setup_py']
[0.331s] Level 1:colcon.colcon_core.package_identification:_identify(src) by extension 'python_setup_py'
[0.331s] Level 1:colcon.colcon_core.package_identification:_identify(src/exchangestation_detector) by extensions ['ignore', 'ignore_ament_install']
[0.331s] Level 1:colcon.colcon_core.package_identification:_identify(src/exchangestation_detector) by extension 'ignore'
[0.331s] Level 1:colcon.colcon_core.package_identification:_identify(src/exchangestation_detector) by extension 'ignore_ament_install'
[0.331s] Level 1:colcon.colcon_core.package_identification:_identify(src/exchangestation_detector) by extensions ['colcon_pkg']
[0.331s] Level 1:colcon.colcon_core.package_identification:_identify(src/exchangestation_detector) by extension 'colcon_pkg'
[0.331s] Level 1:colcon.colcon_core.package_identification:_identify(src/exchangestation_detector) by extensions ['colcon_meta']
[0.331s] Level 1:colcon.colcon_core.package_identification:_identify(src/exchangestation_detector) by extension 'colcon_meta'
[0.331s] Level 1:colcon.colcon_core.package_identification:_identify(src/exchangestation_detector) by extensions ['ros']
[0.331s] Level 1:colcon.colcon_core.package_identification:_identify(src/exchangestation_detector) by extension 'ros'
[0.334s] DEBUG:colcon.colcon_core.package_identification:Package 'src/exchangestation_detector' with type 'ros.ament_cmake' and name 'exchangestation_detector'
[0.334s] Level 1:colcon.colcon_core.package_identification:_identify(src/galaxy_camera) by extensions ['ignore', 'ignore_ament_install']
[0.334s] Level 1:colcon.colcon_core.package_identification:_identify(src/galaxy_camera) by extension 'ignore'
[0.334s] Level 1:colcon.colcon_core.package_identification:_identify(src/galaxy_camera) by extension 'ignore_ament_install'
[0.334s] Level 1:colcon.colcon_core.package_identification:_identify(src/galaxy_camera) by extensions ['colcon_pkg']
[0.334s] Level 1:colcon.colcon_core.package_identification:_identify(src/galaxy_camera) by extension 'colcon_pkg'
[0.335s] Level 1:colcon.colcon_core.package_identification:_identify(src/galaxy_camera) by extensions ['colcon_meta']
[0.335s] Level 1:colcon.colcon_core.package_identification:_identify(src/galaxy_camera) by extension 'colcon_meta'
[0.335s] Level 1:colcon.colcon_core.package_identification:_identify(src/galaxy_camera) by extensions ['ros']
[0.335s] Level 1:colcon.colcon_core.package_identification:_identify(src/galaxy_camera) by extension 'ros'
[0.336s] DEBUG:colcon.colcon_core.package_identification:Package 'src/galaxy_camera' with type 'ros.ament_cmake' and name 'galaxy_camera'
[0.336s] Level 1:colcon.colcon_core.package_identification:_identify(src/global_launch) by extensions ['ignore', 'ignore_ament_install']
[0.336s] Level 1:colcon.colcon_core.package_identification:_identify(src/global_launch) by extension 'ignore'
[0.336s] Level 1:colcon.colcon_core.package_identification:_identify(src/global_launch) by extension 'ignore_ament_install'
[0.336s] Level 1:colcon.colcon_core.package_identification:_identify(src/global_launch) by extensions ['colcon_pkg']
[0.336s] Level 1:colcon.colcon_core.package_identification:_identify(src/global_launch) by extension 'colcon_pkg'
[0.336s] Level 1:colcon.colcon_core.package_identification:_identify(src/global_launch) by extensions ['colcon_meta']
[0.336s] Level 1:colcon.colcon_core.package_identification:_identify(src/global_launch) by extension 'colcon_meta'
[0.336s] Level 1:colcon.colcon_core.package_identification:_identify(src/global_launch) by extensions ['ros']
[0.336s] Level 1:colcon.colcon_core.package_identification:_identify(src/global_launch) by extension 'ros'
[0.337s] DEBUG:colcon.colcon_core.package_identification:Package 'src/global_launch' with type 'ros.ament_cmake' and name 'global_launch'
[0.337s] Level 1:colcon.colcon_core.package_identification:_identify(src/hik_camera) by extensions ['ignore', 'ignore_ament_install']
[0.337s] Level 1:colcon.colcon_core.package_identification:_identify(src/hik_camera) by extension 'ignore'
[0.337s] Level 1:colcon.colcon_core.package_identification:_identify(src/hik_camera) by extension 'ignore_ament_install'
[0.337s] Level 1:colcon.colcon_core.package_identification:_identify(src/hik_camera) by extensions ['colcon_pkg']
[0.337s] Level 1:colcon.colcon_core.package_identification:_identify(src/hik_camera) by extension 'colcon_pkg'
[0.337s] Level 1:colcon.colcon_core.package_identification:_identify(src/hik_camera) by extensions ['colcon_meta']
[0.337s] Level 1:colcon.colcon_core.package_identification:_identify(src/hik_camera) by extension 'colcon_meta'
[0.337s] Level 1:colcon.colcon_core.package_identification:_identify(src/hik_camera) by extensions ['ros']
[0.337s] Level 1:colcon.colcon_core.package_identification:_identify(src/hik_camera) by extension 'ros'
[0.338s] DEBUG:colcon.colcon_core.package_identification:Package 'src/hik_camera' with type 'ros.ament_cmake' and name 'hik_camera'
[0.338s] Level 1:colcon.colcon_core.package_identification:_identify(src/msg_interfaces) by extensions ['ignore', 'ignore_ament_install']
[0.338s] Level 1:colcon.colcon_core.package_identification:_identify(src/msg_interfaces) by extension 'ignore'
[0.338s] Level 1:colcon.colcon_core.package_identification:_identify(src/msg_interfaces) by extension 'ignore_ament_install'
[0.339s] Level 1:colcon.colcon_core.package_identification:_identify(src/msg_interfaces) by extensions ['colcon_pkg']
[0.339s] Level 1:colcon.colcon_core.package_identification:_identify(src/msg_interfaces) by extension 'colcon_pkg'
[0.339s] Level 1:colcon.colcon_core.package_identification:_identify(src/msg_interfaces) by extensions ['colcon_meta']
[0.339s] Level 1:colcon.colcon_core.package_identification:_identify(src/msg_interfaces) by extension 'colcon_meta'
[0.339s] Level 1:colcon.colcon_core.package_identification:_identify(src/msg_interfaces) by extensions ['ros']
[0.339s] Level 1:colcon.colcon_core.package_identification:_identify(src/msg_interfaces) by extension 'ros'
[0.339s] DEBUG:colcon.colcon_core.package_identification:Package 'src/msg_interfaces' with type 'ros.ament_cmake' and name 'msg_interfaces'
[0.339s] Level 1:colcon.colcon_core.package_identification:_identify(src/serial) by extensions ['ignore', 'ignore_ament_install']
[0.339s] Level 1:colcon.colcon_core.package_identification:_identify(src/serial) by extension 'ignore'
[0.340s] Level 1:colcon.colcon_core.package_identification:_identify(src/serial) by extension 'ignore_ament_install'
[0.340s] Level 1:colcon.colcon_core.package_identification:_identify(src/serial) by extensions ['colcon_pkg']
[0.340s] Level 1:colcon.colcon_core.package_identification:_identify(src/serial) by extension 'colcon_pkg'
[0.340s] Level 1:colcon.colcon_core.package_identification:_identify(src/serial) by extensions ['colcon_meta']
[0.340s] Level 1:colcon.colcon_core.package_identification:_identify(src/serial) by extension 'colcon_meta'
[0.340s] Level 1:colcon.colcon_core.package_identification:_identify(src/serial) by extensions ['ros']
[0.340s] Level 1:colcon.colcon_core.package_identification:_identify(src/serial) by extension 'ros'
[0.341s] DEBUG:colcon.colcon_core.package_identification:Package 'src/serial' with type 'ros.ament_cmake' and name 'serial'
[0.341s] Level 1:colcon.colcon_core.package_discovery:discover_packages(recursive) using defaults
[0.341s] Level 1:colcon.colcon_core.package_discovery:discover_packages(ignore) discover
[0.341s] Level 1:colcon.colcon_core.package_discovery:discover_packages(ignore) using defaults
[0.341s] Level 1:colcon.colcon_core.package_discovery:discover_packages(path) discover
[0.341s] Level 1:colcon.colcon_core.package_discovery:discover_packages(path) using defaults
[0.368s] Level 1:colcon.colcon_core.package_discovery:discover_packages(prefix_path) check parameters
[0.368s] Level 1:colcon.colcon_core.package_discovery:discover_packages(prefix_path) discover
[0.369s] DEBUG:colcon.colcon_installed_package_information.package_discovery:Found 6 installed packages in /home/jlurobovision/eng_ws/install
[0.370s] DEBUG:colcon.colcon_installed_package_information.package_discovery:Found 272 installed packages in /opt/ros/humble
[0.372s] Level 1:colcon.colcon_core.package_discovery:discover_packages(prefix_path) using defaults
[0.404s] Level 5:colcon.colcon_core.verb:set package 'galaxy_camera' build argument 'cmake_args' from command line to 'None'
[0.404s] Level 5:colcon.colcon_core.verb:set package 'galaxy_camera' build argument 'cmake_target' from command line to 'None'
[0.404s] Level 5:colcon.colcon_core.verb:set package 'galaxy_camera' build argument 'cmake_target_skip_unavailable' from command line to 'False'
[0.404s] Level 5:colcon.colcon_core.verb:set package 'galaxy_camera' build argument 'cmake_clean_cache' from command line to 'False'
[0.404s] Level 5:colcon.colcon_core.verb:set package 'galaxy_camera' build argument 'cmake_clean_first' from command line to 'False'
[0.404s] Level 5:colcon.colcon_core.verb:set package 'galaxy_camera' build argument 'cmake_force_configure' from command line to 'False'
[0.404s] Level 5:colcon.colcon_core.verb:set package 'galaxy_camera' build argument 'ament_cmake_args' from command line to 'None'
[0.404s] Level 5:colcon.colcon_core.verb:set package 'galaxy_camera' build argument 'catkin_cmake_args' from command line to 'None'
[0.404s] Level 5:colcon.colcon_core.verb:set package 'galaxy_camera' build argument 'catkin_skip_building_tests' from command line to 'False'
[0.404s] DEBUG:colcon.colcon_core.verb:Building package 'galaxy_camera' with the following arguments: {'ament_cmake_args': None, 'build_base': '/home/jlurobovision/eng_ws/build/galaxy_camera', 'catkin_cmake_args': None, 'catkin_skip_building_tests': False, 'cmake_args': None, 'cmake_clean_cache': False, 'cmake_clean_first': False, 'cmake_force_configure': False, 'cmake_target': None, 'cmake_target_skip_unavailable': False, 'install_base': '/home/jlurobovision/eng_ws/install/galaxy_camera', 'merge_install': False, 'path': '/home/jlurobovision/eng_ws/src/galaxy_camera', 'symlink_install': False, 'test_result_base': None}
[0.405s] Level 5:colcon.colcon_core.verb:set package 'global_launch' build argument 'cmake_args' from command line to 'None'
[0.405s] Level 5:colcon.colcon_core.verb:set package 'global_launch' build argument 'cmake_target' from command line to 'None'
[0.405s] Level 5:colcon.colcon_core.verb:set package 'global_launch' build argument 'cmake_target_skip_unavailable' from command line to 'False'
[0.405s] Level 5:colcon.colcon_core.verb:set package 'global_launch' build argument 'cmake_clean_cache' from command line to 'False'
[0.405s] Level 5:colcon.colcon_core.verb:set package 'global_launch' build argument 'cmake_clean_first' from command line to 'False'
[0.405s] Level 5:colcon.colcon_core.verb:set package 'global_launch' build argument 'cmake_force_configure' from command line to 'False'
[0.405s] Level 5:colcon.colcon_core.verb:set package 'global_launch' build argument 'ament_cmake_args' from command line to 'None'
[0.405s] Level 5:colcon.colcon_core.verb:set package 'global_launch' build argument 'catkin_cmake_args' from command line to 'None'
[0.405s] Level 5:colcon.colcon_core.verb:set package 'global_launch' build argument 'catkin_skip_building_tests' from command line to 'False'
[0.405s] DEBUG:colcon.colcon_core.verb:Building package 'global_launch' with the following arguments: {'ament_cmake_args': None, 'build_base': '/home/jlurobovision/eng_ws/build/global_launch', 'catkin_cmake_args': None, 'catkin_skip_building_tests': False, 'cmake_args': None, 'cmake_clean_cache': False, 'cmake_clean_first': False, 'cmake_force_configure': False, 'cmake_target': None, 'cmake_target_skip_unavailable': False, 'install_base': '/home/jlurobovision/eng_ws/install/global_launch', 'merge_install': False, 'path': '/home/jlurobovision/eng_ws/src/global_launch', 'symlink_install': False, 'test_result_base': None}
[0.405s] Level 5:colcon.colcon_core.verb:set package 'hik_camera' build argument 'cmake_args' from command line to 'None'
[0.405s] Level 5:colcon.colcon_core.verb:set package 'hik_camera' build argument 'cmake_target' from command line to 'None'
[0.406s] Level 5:colcon.colcon_core.verb:set package 'hik_camera' build argument 'cmake_target_skip_unavailable' from command line to 'False'
[0.406s] Level 5:colcon.colcon_core.verb:set package 'hik_camera' build argument 'cmake_clean_cache' from command line to 'False'
[0.406s] Level 5:colcon.colcon_core.verb:set package 'hik_camera' build argument 'cmake_clean_first' from command line to 'False'
[0.406s] Level 5:colcon.colcon_core.verb:set package 'hik_camera' build argument 'cmake_force_configure' from command line to 'False'
[0.406s] Level 5:colcon.colcon_core.verb:set package 'hik_camera' build argument 'ament_cmake_args' from command line to 'None'
[0.406s] Level 5:colcon.colcon_core.verb:set package 'hik_camera' build argument 'catkin_cmake_args' from command line to 'None'
[0.406s] Level 5:colcon.colcon_core.verb:set package 'hik_camera' build argument 'catkin_skip_building_tests' from command line to 'False'
[0.406s] DEBUG:colcon.colcon_core.verb:Building package 'hik_camera' with the following arguments: {'ament_cmake_args': None, 'build_base': '/home/jlurobovision/eng_ws/build/hik_camera', 'catkin_cmake_args': None, 'catkin_skip_building_tests': False, 'cmake_args': None, 'cmake_clean_cache': False, 'cmake_clean_first': False, 'cmake_force_configure': False, 'cmake_target': None, 'cmake_target_skip_unavailable': False, 'install_base': '/home/jlurobovision/eng_ws/install/hik_camera', 'merge_install': False, 'path': '/home/jlurobovision/eng_ws/src/hik_camera', 'symlink_install': False, 'test_result_base': None}
[0.406s] Level 5:colcon.colcon_core.verb:set package 'msg_interfaces' build argument 'cmake_args' from command line to 'None'
[0.406s] Level 5:colcon.colcon_core.verb:set package 'msg_interfaces' build argument 'cmake_target' from command line to 'None'
[0.406s] Level 5:colcon.colcon_core.verb:set package 'msg_interfaces' build argument 'cmake_target_skip_unavailable' from command line to 'False'
[0.406s] Level 5:colcon.colcon_core.verb:set package 'msg_interfaces' build argument 'cmake_clean_cache' from command line to 'False'
[0.406s] Level 5:colcon.colcon_core.verb:set package 'msg_interfaces' build argument 'cmake_clean_first' from command line to 'False'
[0.406s] Level 5:colcon.colcon_core.verb:set package 'msg_interfaces' build argument 'cmake_force_configure' from command line to 'False'
[0.406s] Level 5:colcon.colcon_core.verb:set package 'msg_interfaces' build argument 'ament_cmake_args' from command line to 'None'
[0.406s] Level 5:colcon.colcon_core.verb:set package 'msg_interfaces' build argument 'catkin_cmake_args' from command line to 'None'
[0.406s] Level 5:colcon.colcon_core.verb:set package 'msg_interfaces' build argument 'catkin_skip_building_tests' from command line to 'False'
[0.407s] DEBUG:colcon.colcon_core.verb:Building package 'msg_interfaces' with the following arguments: {'ament_cmake_args': None, 'build_base': '/home/jlurobovision/eng_ws/build/msg_interfaces', 'catkin_cmake_args': None, 'catkin_skip_building_tests': False, 'cmake_args': None, 'cmake_clean_cache': False, 'cmake_clean_first': False, 'cmake_force_configure': False, 'cmake_target': None, 'cmake_target_skip_unavailable': False, 'install_base': '/home/jlurobovision/eng_ws/install/msg_interfaces', 'merge_install': False, 'path': '/home/jlurobovision/eng_ws/src/msg_interfaces', 'symlink_install': False, 'test_result_base': None}
[0.407s] Level 5:colcon.colcon_core.verb:set package 'serial' build argument 'cmake_args' from command line to 'None'
[0.407s] Level 5:colcon.colcon_core.verb:set package 'serial' build argument 'cmake_target' from command line to 'None'
[0.407s] Level 5:colcon.colcon_core.verb:set package 'serial' build argument 'cmake_target_skip_unavailable' from command line to 'False'
[0.407s] Level 5:colcon.colcon_core.verb:set package 'serial' build argument 'cmake_clean_cache' from command line to 'False'
[0.407s] Level 5:colcon.colcon_core.verb:set package 'serial' build argument 'cmake_clean_first' from command line to 'False'
[0.407s] Level 5:colcon.colcon_core.verb:set package 'serial' build argument 'cmake_force_configure' from command line to 'False'
[0.407s] Level 5:colcon.colcon_core.verb:set package 'serial' build argument 'ament_cmake_args' from command line to 'None'
[0.407s] Level 5:colcon.colcon_core.verb:set package 'serial' build argument 'catkin_cmake_args' from command line to 'None'
[0.407s] Level 5:colcon.colcon_core.verb:set package 'serial' build argument 'catkin_skip_building_tests' from command line to 'False'
[0.407s] DEBUG:colcon.colcon_core.verb:Building package 'serial' with the following arguments: {'ament_cmake_args': None, 'build_base': '/home/jlurobovision/eng_ws/build/serial', 'catkin_cmake_args': None, 'catkin_skip_building_tests': False, 'cmake_args': None, 'cmake_clean_cache': False, 'cmake_clean_first': False, 'cmake_force_configure': False, 'cmake_target': None, 'cmake_target_skip_unavailable': False, 'install_base': '/home/jlurobovision/eng_ws/install/serial', 'merge_install': False, 'path': '/home/jlurobovision/eng_ws/src/serial', 'symlink_install': False, 'test_result_base': None}
[0.408s] Level 5:colcon.colcon_core.verb:set package 'exchangestation_detector' build argument 'cmake_args' from command line to 'None'
[0.408s] Level 5:colcon.colcon_core.verb:set package 'exchangestation_detector' build argument 'cmake_target' from command line to 'None'
[0.408s] Level 5:colcon.colcon_core.verb:set package 'exchangestation_detector' build argument 'cmake_target_skip_unavailable' from command line to 'False'
[0.408s] Level 5:colcon.colcon_core.verb:set package 'exchangestation_detector' build argument 'cmake_clean_cache' from command line to 'False'
[0.408s] Level 5:colcon.colcon_core.verb:set package 'exchangestation_detector' build argument 'cmake_clean_first' from command line to 'False'
[0.408s] Level 5:colcon.colcon_core.verb:set package 'exchangestation_detector' build argument 'cmake_force_configure' from command line to 'False'
[0.408s] Level 5:colcon.colcon_core.verb:set package 'exchangestation_detector' build argument 'ament_cmake_args' from command line to 'None'
[0.408s] Level 5:colcon.colcon_core.verb:set package 'exchangestation_detector' build argument 'catkin_cmake_args' from command line to 'None'
[0.408s] Level 5:colcon.colcon_core.verb:set package 'exchangestation_detector' build argument 'catkin_skip_building_tests' from command line to 'False'
[0.408s] DEBUG:colcon.colcon_core.verb:Building package 'exchangestation_detector' with the following arguments: {'ament_cmake_args': None, 'build_base': '/home/jlurobovision/eng_ws/build/exchangestation_detector', 'catkin_cmake_args': None, 'catkin_skip_building_tests': False, 'cmake_args': None, 'cmake_clean_cache': False, 'cmake_clean_first': False, 'cmake_force_configure': False, 'cmake_target': None, 'cmake_target_skip_unavailable': False, 'install_base': '/home/jlurobovision/eng_ws/install/exchangestation_detector', 'merge_install': False, 'path': '/home/jlurobovision/eng_ws/src/exchangestation_detector', 'symlink_install': False, 'test_result_base': None}
[0.408s] INFO:colcon.colcon_core.executor:Executing jobs using 'parallel' executor
[0.409s] DEBUG:colcon.colcon_parallel_executor.executor.parallel:run_until_complete
[0.409s] INFO:colcon.colcon_ros.task.ament_cmake.build:Building ROS package in '/home/jlurobovision/eng_ws/src/msg_interfaces' with build type 'ament_cmake'
[0.410s] INFO:colcon.colcon_cmake.task.cmake.build:Building CMake package in '/home/jlurobovision/eng_ws/src/msg_interfaces'
[0.411s] INFO:colcon.colcon_core.plugin_system:Skipping extension 'colcon_core.shell.bat': Not used on non-Windows systems
[0.411s] INFO:colcon.colcon_core.shell:Skip shell extension 'powershell' for command environment: Not usable outside of PowerShell
[0.411s] DEBUG:colcon.colcon_core.shell:Skip shell extension 'dsv' for command environment
[0.414s] INFO:colcon.colcon_ros.task.ament_cmake.build:Building ROS package in '/home/jlurobovision/eng_ws/src/galaxy_camera' with build type 'ament_cmake'
[0.414s] INFO:colcon.colcon_cmake.task.cmake.build:Building CMake package in '/home/jlurobovision/eng_ws/src/galaxy_camera'
[0.415s] INFO:colcon.colcon_core.shell:Skip shell extension 'powershell' for command environment: Not usable outside of PowerShell
[0.415s] DEBUG:colcon.colcon_core.shell:Skip shell extension 'dsv' for command environment
[0.417s] INFO:colcon.colcon_ros.task.ament_cmake.build:Building ROS package in '/home/jlurobovision/eng_ws/src/global_launch' with build type 'ament_cmake'
[0.417s] INFO:colcon.colcon_cmake.task.cmake.build:Building CMake package in '/home/jlurobovision/eng_ws/src/global_launch'
[0.418s] INFO:colcon.colcon_core.shell:Skip shell extension 'powershell' for command environment: Not usable outside of PowerShell
[0.418s] DEBUG:colcon.colcon_core.shell:Skip shell extension 'dsv' for command environment
[0.420s] INFO:colcon.colcon_ros.task.ament_cmake.build:Building ROS package in '/home/jlurobovision/eng_ws/src/hik_camera' with build type 'ament_cmake'
[0.420s] INFO:colcon.colcon_cmake.task.cmake.build:Building CMake package in '/home/jlurobovision/eng_ws/src/hik_camera'
[0.421s] INFO:colcon.colcon_core.shell:Skip shell extension 'powershell' for command environment: Not usable outside of PowerShell
[0.421s] DEBUG:colcon.colcon_core.shell:Skip shell extension 'dsv' for command environment
[0.429s] DEBUG:colcon.colcon_core.event_handler.log_command:Invoking command in '/home/jlurobovision/eng_ws/build/msg_interfaces': CMAKE_PREFIX_PATH=${CMAKE_PREFIX_PATH}:/opt/ros/humble /usr/bin/cmake /home/jlurobovision/eng_ws/src/msg_interfaces -DCMAKE_INSTALL_PREFIX=/home/jlurobovision/eng_ws/install/msg_interfaces
[0.437s] DEBUG:colcon.colcon_core.event_handler.log_command:Invoking command in '/home/jlurobovision/eng_ws/build/galaxy_camera': CMAKE_PREFIX_PATH=${CMAKE_PREFIX_PATH}:/opt/ros/humble /usr/bin/cmake /home/jlurobovision/eng_ws/src/galaxy_camera -DCMAKE_INSTALL_PREFIX=/home/jlurobovision/eng_ws/install/galaxy_camera
[0.439s] DEBUG:colcon.colcon_core.event_handler.log_command:Invoking command in '/home/jlurobovision/eng_ws/build/global_launch': CMAKE_PREFIX_PATH=${CMAKE_PREFIX_PATH}:/opt/ros/humble /usr/bin/cmake /home/jlurobovision/eng_ws/src/global_launch -DCMAKE_INSTALL_PREFIX=/home/jlurobovision/eng_ws/install/global_launch
[0.442s] DEBUG:colcon.colcon_core.event_handler.log_command:Invoking command in '/home/jlurobovision/eng_ws/build/hik_camera': CMAKE_PREFIX_PATH=${CMAKE_PREFIX_PATH}:/opt/ros/humble /usr/bin/cmake /home/jlurobovision/eng_ws/src/hik_camera -DCMAKE_INSTALL_PREFIX=/home/jlurobovision/eng_ws/install/hik_camera
[1.356s] DEBUG:colcon.colcon_core.event_handler.log_command:Invoked command in '/home/jlurobovision/eng_ws/build/global_launch' returned '0': CMAKE_PREFIX_PATH=${CMAKE_PREFIX_PATH}:/opt/ros/humble /usr/bin/cmake /home/jlurobovision/eng_ws/src/global_launch -DCMAKE_INSTALL_PREFIX=/home/jlurobovision/eng_ws/install/global_launch
[1.360s] DEBUG:colcon.colcon_core.event_handler.log_command:Invoking command in '/home/jlurobovision/eng_ws/build/global_launch': CMAKE_PREFIX_PATH=${CMAKE_PREFIX_PATH}:/opt/ros/humble /usr/bin/cmake --build /home/jlurobovision/eng_ws/build/global_launch -- -j12 -l12
[1.412s] DEBUG:colcon.colcon_core.event_handler.log_command:Invoked command in '/home/jlurobovision/eng_ws/build/global_launch' returned '0': CMAKE_PREFIX_PATH=${CMAKE_PREFIX_PATH}:/opt/ros/humble /usr/bin/cmake --build /home/jlurobovision/eng_ws/build/global_launch -- -j12 -l12
[1.452s] DEBUG:colcon.colcon_core.event_handler.log_command:Invoking command in '/home/jlurobovision/eng_ws/build/global_launch': CMAKE_PREFIX_PATH=${CMAKE_PREFIX_PATH}:/opt/ros/humble /usr/bin/cmake --install /home/jlurobovision/eng_ws/build/global_launch
[1.468s] Level 1:colcon.colcon_core.environment:create_environment_scripts_only(global_launch)
[1.470s] DEBUG:colcon.colcon_core.event_handler.log_command:Invoked command in '/home/jlurobovision/eng_ws/build/global_launch' returned '0': CMAKE_PREFIX_PATH=${CMAKE_PREFIX_PATH}:/opt/ros/humble /usr/bin/cmake --install /home/jlurobovision/eng_ws/build/global_launch
[1.473s] Level 1:colcon.colcon_core.environment:checking '/home/jlurobovision/eng_ws/install/global_launch' for CMake module files
[1.474s] Level 1:colcon.colcon_core.environment:checking '/home/jlurobovision/eng_ws/install/global_launch' for CMake config files
[1.474s] Level 1:colcon.colcon_core.shell:create_environment_hook('global_launch', 'cmake_prefix_path')
[1.474s] INFO:colcon.colcon_core.shell:Creating environment hook '/home/jlurobovision/eng_ws/install/global_launch/share/global_launch/hook/cmake_prefix_path.ps1'
[1.475s] INFO:colcon.colcon_core.shell:Creating environment descriptor '/home/jlurobovision/eng_ws/install/global_launch/share/global_launch/hook/cmake_prefix_path.dsv'
[1.476s] INFO:colcon.colcon_core.shell:Creating environment hook '/home/jlurobovision/eng_ws/install/global_launch/share/global_launch/hook/cmake_prefix_path.sh'
[1.477s] Level 1:colcon.colcon_core.environment:checking '/home/jlurobovision/eng_ws/install/global_launch/bin'
[1.477s] Level 1:colcon.colcon_core.environment:checking '/home/jlurobovision/eng_ws/install/global_launch/lib/pkgconfig/global_launch.pc'
[1.477s] Level 1:colcon.colcon_core.environment:checking '/home/jlurobovision/eng_ws/install/global_launch/lib/python3.10/site-packages'
[1.478s] Level 1:colcon.colcon_core.environment:checking '/home/jlurobovision/eng_ws/install/global_launch/bin'
[1.478s] INFO:colcon.colcon_core.shell:Creating package script '/home/jlurobovision/eng_ws/install/global_launch/share/global_launch/package.ps1'
[1.479s] INFO:colcon.colcon_core.shell:Creating package descriptor '/home/jlurobovision/eng_ws/install/global_launch/share/global_launch/package.dsv'
[1.480s] INFO:colcon.colcon_core.shell:Creating package script '/home/jlurobovision/eng_ws/install/global_launch/share/global_launch/package.sh'
[1.483s] INFO:colcon.colcon_core.shell:Creating package script '/home/jlurobovision/eng_ws/install/global_launch/share/global_launch/package.bash'
[1.484s] INFO:colcon.colcon_core.shell:Creating package script '/home/jlurobovision/eng_ws/install/global_launch/share/global_launch/package.zsh'
[1.485s] Level 1:colcon.colcon_core.environment:create_file_with_runtime_dependencies(/home/jlurobovision/eng_ws/install/global_launch/share/colcon-core/packages/global_launch)
[1.507s] Level 1:colcon.colcon_core.environment:create_environment_scripts_only(global_launch)
[1.507s] Level 1:colcon.colcon_core.environment:checking '/home/jlurobovision/eng_ws/install/global_launch' for CMake module files
[1.508s] Level 1:colcon.colcon_core.environment:checking '/home/jlurobovision/eng_ws/install/global_launch' for CMake config files
[1.508s] Level 1:colcon.colcon_core.shell:create_environment_hook('global_launch', 'cmake_prefix_path')
[1.508s] INFO:colcon.colcon_core.shell:Creating environment hook '/home/jlurobovision/eng_ws/install/global_launch/share/global_launch/hook/cmake_prefix_path.ps1'
[1.509s] INFO:colcon.colcon_core.shell:Creating environment descriptor '/home/jlurobovision/eng_ws/install/global_launch/share/global_launch/hook/cmake_prefix_path.dsv'
[1.509s] INFO:colcon.colcon_core.shell:Creating environment hook '/home/jlurobovision/eng_ws/install/global_launch/share/global_launch/hook/cmake_prefix_path.sh'
[1.509s] Level 1:colcon.colcon_core.environment:checking '/home/jlurobovision/eng_ws/install/global_launch/bin'
[1.509s] Level 1:colcon.colcon_core.environment:checking '/home/jlurobovision/eng_ws/install/global_launch/lib/pkgconfig/global_launch.pc'
[1.510s] Level 1:colcon.colcon_core.environment:checking '/home/jlurobovision/eng_ws/install/global_launch/lib/python3.10/site-packages'
[1.510s] Level 1:colcon.colcon_core.environment:checking '/home/jlurobovision/eng_ws/install/global_launch/bin'
[1.510s] INFO:colcon.colcon_core.shell:Creating package script '/home/jlurobovision/eng_ws/install/global_launch/share/global_launch/package.ps1'
[1.511s] INFO:colcon.colcon_core.shell:Creating package descriptor '/home/jlurobovision/eng_ws/install/global_launch/share/global_launch/package.dsv'
[1.511s] INFO:colcon.colcon_core.shell:Creating package script '/home/jlurobovision/eng_ws/install/global_launch/share/global_launch/package.sh'
[1.511s] INFO:colcon.colcon_core.shell:Creating package script '/home/jlurobovision/eng_ws/install/global_launch/share/global_launch/package.bash'
[1.512s] INFO:colcon.colcon_core.shell:Creating package script '/home/jlurobovision/eng_ws/install/global_launch/share/global_launch/package.zsh'
[1.513s] Level 1:colcon.colcon_core.environment:create_file_with_runtime_dependencies(/home/jlurobovision/eng_ws/install/global_launch/share/colcon-core/packages/global_launch)
[2.499s] DEBUG:colcon.colcon_core.event_handler.log_command:Invoked command in '/home/jlurobovision/eng_ws/build/msg_interfaces' returned '0': CMAKE_PREFIX_PATH=${CMAKE_PREFIX_PATH}:/opt/ros/humble /usr/bin/cmake /home/jlurobovision/eng_ws/src/msg_interfaces -DCMAKE_INSTALL_PREFIX=/home/jlurobovision/eng_ws/install/msg_interfaces
[2.500s] DEBUG:colcon.colcon_core.event_handler.log_command:Invoking command in '/home/jlurobovision/eng_ws/build/msg_interfaces': CMAKE_PREFIX_PATH=${CMAKE_PREFIX_PATH}:/opt/ros/humble /usr/bin/cmake --build /home/jlurobovision/eng_ws/build/msg_interfaces -- -j12 -l12
[2.582s] DEBUG:colcon.colcon_core.event_handler.log_command:Invoked command in '/home/jlurobovision/eng_ws/build/hik_camera' returned '0': CMAKE_PREFIX_PATH=${CMAKE_PREFIX_PATH}:/opt/ros/humble /usr/bin/cmake /home/jlurobovision/eng_ws/src/hik_camera -DCMAKE_INSTALL_PREFIX=/home/jlurobovision/eng_ws/install/hik_camera
[2.585s] DEBUG:colcon.colcon_core.event_handler.log_command:Invoking command in '/home/jlurobovision/eng_ws/build/hik_camera': CMAKE_PREFIX_PATH=${CMAKE_PREFIX_PATH}:/opt/ros/humble /usr/bin/cmake --build /home/jlurobovision/eng_ws/build/hik_camera -- -j12 -l12
[2.606s] DEBUG:colcon.colcon_core.event_handler.log_command:Invoked command in '/home/jlurobovision/eng_ws/build/galaxy_camera' returned '0': CMAKE_PREFIX_PATH=${CMAKE_PREFIX_PATH}:/opt/ros/humble /usr/bin/cmake /home/jlurobovision/eng_ws/src/galaxy_camera -DCMAKE_INSTALL_PREFIX=/home/jlurobovision/eng_ws/install/galaxy_camera
[2.608s] DEBUG:colcon.colcon_core.event_handler.log_command:Invoking command in '/home/jlurobovision/eng_ws/build/galaxy_camera': CMAKE_PREFIX_PATH=${CMAKE_PREFIX_PATH}:/opt/ros/humble /usr/bin/cmake --build /home/jlurobovision/eng_ws/build/galaxy_camera -- -j12 -l12
[6.396s] DEBUG:colcon.colcon_core.event_handler.log_command:Invoked command in '/home/jlurobovision/eng_ws/build/msg_interfaces' returned '0': CMAKE_PREFIX_PATH=${CMAKE_PREFIX_PATH}:/opt/ros/humble /usr/bin/cmake --build /home/jlurobovision/eng_ws/build/msg_interfaces -- -j12 -l12
[6.452s] DEBUG:colcon.colcon_core.event_handler.log_command:Invoking command in '/home/jlurobovision/eng_ws/build/msg_interfaces': CMAKE_PREFIX_PATH=${CMAKE_PREFIX_PATH}:/opt/ros/humble /usr/bin/cmake --install /home/jlurobovision/eng_ws/build/msg_interfaces
[6.564s] Level 1:colcon.colcon_core.environment:create_environment_scripts_only(msg_interfaces)
[6.565s] Level 1:colcon.colcon_core.environment:checking '/home/jlurobovision/eng_ws/install/msg_interfaces' for CMake module files
[6.567s] DEBUG:colcon.colcon_core.event_handler.log_command:Invoked command in '/home/jlurobovision/eng_ws/build/msg_interfaces' returned '0': CMAKE_PREFIX_PATH=${CMAKE_PREFIX_PATH}:/opt/ros/humble /usr/bin/cmake --install /home/jlurobovision/eng_ws/build/msg_interfaces
[6.568s] Level 1:colcon.colcon_core.environment:checking '/home/jlurobovision/eng_ws/install/msg_interfaces' for CMake config files
[6.570s] Level 1:colcon.colcon_core.shell:create_environment_hook('msg_interfaces', 'cmake_prefix_path')
[6.572s] INFO:colcon.colcon_core.shell:Creating environment hook '/home/jlurobovision/eng_ws/install/msg_interfaces/share/msg_interfaces/hook/cmake_prefix_path.ps1'
[6.573s] INFO:colcon.colcon_core.shell:Creating environment descriptor '/home/jlurobovision/eng_ws/install/msg_interfaces/share/msg_interfaces/hook/cmake_prefix_path.dsv'
[6.574s] INFO:colcon.colcon_core.shell:Creating environment hook '/home/jlurobovision/eng_ws/install/msg_interfaces/share/msg_interfaces/hook/cmake_prefix_path.sh'
[6.576s] Level 1:colcon.colcon_core.environment:checking '/home/jlurobovision/eng_ws/install/msg_interfaces/lib'
[6.576s] Level 1:colcon.colcon_core.shell:create_environment_hook('msg_interfaces', 'ld_library_path_lib')
[6.577s] INFO:colcon.colcon_core.shell:Creating environment hook '/home/jlurobovision/eng_ws/install/msg_interfaces/share/msg_interfaces/hook/ld_library_path_lib.ps1'
[6.578s] INFO:colcon.colcon_core.shell:Creating environment descriptor '/home/jlurobovision/eng_ws/install/msg_interfaces/share/msg_interfaces/hook/ld_library_path_lib.dsv'
[6.579s] INFO:colcon.colcon_core.shell:Creating environment hook '/home/jlurobovision/eng_ws/install/msg_interfaces/share/msg_interfaces/hook/ld_library_path_lib.sh'
[6.579s] Level 1:colcon.colcon_core.environment:checking '/home/jlurobovision/eng_ws/install/msg_interfaces/bin'
[6.580s] Level 1:colcon.colcon_core.environment:checking '/home/jlurobovision/eng_ws/install/msg_interfaces/lib/pkgconfig/msg_interfaces.pc'
[6.580s] Level 1:colcon.colcon_core.environment:checking '/home/jlurobovision/eng_ws/install/msg_interfaces/lib/python3.10/site-packages'
[6.580s] Level 1:colcon.colcon_core.shell:create_environment_hook('msg_interfaces', 'pythonpath')
[6.582s] INFO:colcon.colcon_core.shell:Creating environment hook '/home/jlurobovision/eng_ws/install/msg_interfaces/share/msg_interfaces/hook/pythonpath.ps1'
[6.584s] INFO:colcon.colcon_core.shell:Creating environment descriptor '/home/jlurobovision/eng_ws/install/msg_interfaces/share/msg_interfaces/hook/pythonpath.dsv'
[6.584s] INFO:colcon.colcon_core.shell:Creating environment hook '/home/jlurobovision/eng_ws/install/msg_interfaces/share/msg_interfaces/hook/pythonpath.sh'
[6.587s] Level 1:colcon.colcon_core.environment:checking '/home/jlurobovision/eng_ws/install/msg_interfaces/bin'
[6.588s] INFO:colcon.colcon_core.shell:Creating package script '/home/jlurobovision/eng_ws/install/msg_interfaces/share/msg_interfaces/package.ps1'
[6.589s] INFO:colcon.colcon_core.shell:Creating package descriptor '/home/jlurobovision/eng_ws/install/msg_interfaces/share/msg_interfaces/package.dsv'
[6.590s] INFO:colcon.colcon_core.shell:Creating package script '/home/jlurobovision/eng_ws/install/msg_interfaces/share/msg_interfaces/package.sh'
[6.592s] INFO:colcon.colcon_core.shell:Creating package script '/home/jlurobovision/eng_ws/install/msg_interfaces/share/msg_interfaces/package.bash'
[6.592s] INFO:colcon.colcon_core.shell:Creating package script '/home/jlurobovision/eng_ws/install/msg_interfaces/share/msg_interfaces/package.zsh'
[6.593s] Level 1:colcon.colcon_core.environment:create_file_with_runtime_dependencies(/home/jlurobovision/eng_ws/install/msg_interfaces/share/colcon-core/packages/msg_interfaces)
[6.658s] Level 1:colcon.colcon_core.environment:create_environment_scripts_only(msg_interfaces)
[6.659s] Level 1:colcon.colcon_core.environment:checking '/home/jlurobovision/eng_ws/install/msg_interfaces' for CMake module files
[6.660s] Level 1:colcon.colcon_core.environment:checking '/home/jlurobovision/eng_ws/install/msg_interfaces' for CMake config files
[6.661s] Level 1:colcon.colcon_core.shell:create_environment_hook('msg_interfaces', 'cmake_prefix_path')
[6.661s] INFO:colcon.colcon_core.shell:Creating environment hook '/home/jlurobovision/eng_ws/install/msg_interfaces/share/msg_interfaces/hook/cmake_prefix_path.ps1'
[6.662s] INFO:colcon.colcon_core.shell:Creating environment descriptor '/home/jlurobovision/eng_ws/install/msg_interfaces/share/msg_interfaces/hook/cmake_prefix_path.dsv'
[6.662s] INFO:colcon.colcon_core.shell:Creating environment hook '/home/jlurobovision/eng_ws/install/msg_interfaces/share/msg_interfaces/hook/cmake_prefix_path.sh'
[6.663s] Level 1:colcon.colcon_core.environment:checking '/home/jlurobovision/eng_ws/install/msg_interfaces/lib'
[6.663s] Level 1:colcon.colcon_core.shell:create_environment_hook('msg_interfaces', 'ld_library_path_lib')
[6.664s] INFO:colcon.colcon_core.shell:Creating environment hook '/home/jlurobovision/eng_ws/install/msg_interfaces/share/msg_interfaces/hook/ld_library_path_lib.ps1'
[6.664s] INFO:colcon.colcon_core.shell:Creating environment descriptor '/home/jlurobovision/eng_ws/install/msg_interfaces/share/msg_interfaces/hook/ld_library_path_lib.dsv'
[6.665s] INFO:colcon.colcon_core.shell:Creating environment hook '/home/jlurobovision/eng_ws/install/msg_interfaces/share/msg_interfaces/hook/ld_library_path_lib.sh'
[6.665s] Level 1:colcon.colcon_core.environment:checking '/home/jlurobovision/eng_ws/install/msg_interfaces/bin'
[6.665s] Level 1:colcon.colcon_core.environment:checking '/home/jlurobovision/eng_ws/install/msg_interfaces/lib/pkgconfig/msg_interfaces.pc'
[6.666s] Level 1:colcon.colcon_core.environment:checking '/home/jlurobovision/eng_ws/install/msg_interfaces/lib/python3.10/site-packages'
[6.666s] Level 1:colcon.colcon_core.shell:create_environment_hook('msg_interfaces', 'pythonpath')
[6.667s] INFO:colcon.colcon_core.shell:Creating environment hook '/home/jlurobovision/eng_ws/install/msg_interfaces/share/msg_interfaces/hook/pythonpath.ps1'
[6.667s] INFO:colcon.colcon_core.shell:Creating environment descriptor '/home/jlurobovision/eng_ws/install/msg_interfaces/share/msg_interfaces/hook/pythonpath.dsv'
[6.668s] INFO:colcon.colcon_core.shell:Creating environment hook '/home/jlurobovision/eng_ws/install/msg_interfaces/share/msg_interfaces/hook/pythonpath.sh'
[6.670s] Level 1:colcon.colcon_core.environment:checking '/home/jlurobovision/eng_ws/install/msg_interfaces/bin'
[6.671s] INFO:colcon.colcon_core.shell:Creating package script '/home/jlurobovision/eng_ws/install/msg_interfaces/share/msg_interfaces/package.ps1'
[6.673s] INFO:colcon.colcon_core.shell:Creating package descriptor '/home/jlurobovision/eng_ws/install/msg_interfaces/share/msg_interfaces/package.dsv'
[6.674s] INFO:colcon.colcon_core.shell:Creating package script '/home/jlurobovision/eng_ws/install/msg_interfaces/share/msg_interfaces/package.sh'
[6.674s] INFO:colcon.colcon_core.shell:Creating package script '/home/jlurobovision/eng_ws/install/msg_interfaces/share/msg_interfaces/package.bash'
[6.675s] INFO:colcon.colcon_core.shell:Creating package script '/home/jlurobovision/eng_ws/install/msg_interfaces/share/msg_interfaces/package.zsh'
[6.675s] Level 1:colcon.colcon_core.environment:create_file_with_runtime_dependencies(/home/jlurobovision/eng_ws/install/msg_interfaces/share/colcon-core/packages/msg_interfaces)
[6.676s] INFO:colcon.colcon_ros.task.ament_cmake.build:Building ROS package in '/home/jlurobovision/eng_ws/src/serial' with build type 'ament_cmake'
[6.676s] INFO:colcon.colcon_cmake.task.cmake.build:Building CMake package in '/home/jlurobovision/eng_ws/src/serial'
[6.677s] INFO:colcon.colcon_core.shell:Skip shell extension 'powershell' for command environment: Not usable outside of PowerShell
[6.677s] DEBUG:colcon.colcon_core.shell:Skip shell extension 'dsv' for command environment
[6.700s] DEBUG:colcon.colcon_core.event_handler.log_command:Invoking command in '/home/jlurobovision/eng_ws/build/serial': CMAKE_PREFIX_PATH=/home/jlurobovision/eng_ws/install/msg_interfaces:/home/jlurobovision/eng_ws/install/serial:/home/jlurobovision/eng_ws/install/exchangestation_detector:/home/jlurobovision/eng_ws/install/hik_camera:/home/jlurobovision/eng_ws/install/global_launch:/home/jlurobovision/eng_ws/install/galaxy_camera:/opt/ros/humble LD_LIBRARY_PATH=/home/jlurobovision/eng_ws/install/msg_interfaces/lib:/home/jlurobovision/eng_ws/install/serial/lib:/home/jlurobovision/eng_ws/install/exchangestation_detector/lib:/home/jlurobovision/eng_ws/install/hik_camera/lib:/home/jlurobovision/eng_ws/install/galaxy_camera/lib:/opt/ros/humble/opt/rviz_ogre_vendor/lib:/opt/ros/humble/lib/x86_64-linux-gnu:/opt/ros/humble/lib PYTHONPATH=/home/jlurobovision/eng_ws/install/msg_interfaces/lib/python3.10/site-packages:/home/jlurobovision/eng_ws/install/msg_interfaces/local/lib/python3.10/dist-packages:/opt/ros/humble/lib/python3.10/site-packages:/opt/ros/humble/local/lib/python3.10/dist-packages /usr/bin/cmake /home/jlurobovision/eng_ws/src/serial -DCMAKE_INSTALL_PREFIX=/home/jlurobovision/eng_ws/install/serial
[10.480s] DEBUG:colcon.colcon_core.event_handler.log_command:Invoked command in '/home/jlurobovision/eng_ws/build/serial' returned '0': CMAKE_PREFIX_PATH=/home/jlurobovision/eng_ws/install/msg_interfaces:/home/jlurobovision/eng_ws/install/serial:/home/jlurobovision/eng_ws/install/exchangestation_detector:/home/jlurobovision/eng_ws/install/hik_camera:/home/jlurobovision/eng_ws/install/global_launch:/home/jlurobovision/eng_ws/install/galaxy_camera:/opt/ros/humble LD_LIBRARY_PATH=/home/jlurobovision/eng_ws/install/msg_interfaces/lib:/home/jlurobovision/eng_ws/install/serial/lib:/home/jlurobovision/eng_ws/install/exchangestation_detector/lib:/home/jlurobovision/eng_ws/install/hik_camera/lib:/home/jlurobovision/eng_ws/install/galaxy_camera/lib:/opt/ros/humble/opt/rviz_ogre_vendor/lib:/opt/ros/humble/lib/x86_64-linux-gnu:/opt/ros/humble/lib PYTHONPATH=/home/jlurobovision/eng_ws/install/msg_interfaces/lib/python3.10/site-packages:/home/jlurobovision/eng_ws/install/msg_interfaces/local/lib/python3.10/dist-packages:/opt/ros/humble/lib/python3.10/site-packages:/opt/ros/humble/local/lib/python3.10/dist-packages /usr/bin/cmake /home/jlurobovision/eng_ws/src/serial -DCMAKE_INSTALL_PREFIX=/home/jlurobovision/eng_ws/install/serial
[10.484s] DEBUG:colcon.colcon_core.event_handler.log_command:Invoking command in '/home/jlurobovision/eng_ws/build/serial': CMAKE_PREFIX_PATH=/home/jlurobovision/eng_ws/install/msg_interfaces:/home/jlurobovision/eng_ws/install/serial:/home/jlurobovision/eng_ws/install/exchangestation_detector:/home/jlurobovision/eng_ws/install/hik_camera:/home/jlurobovision/eng_ws/install/global_launch:/home/jlurobovision/eng_ws/install/galaxy_camera:/opt/ros/humble LD_LIBRARY_PATH=/home/jlurobovision/eng_ws/install/msg_interfaces/lib:/home/jlurobovision/eng_ws/install/serial/lib:/home/jlurobovision/eng_ws/install/exchangestation_detector/lib:/home/jlurobovision/eng_ws/install/hik_camera/lib:/home/jlurobovision/eng_ws/install/galaxy_camera/lib:/opt/ros/humble/opt/rviz_ogre_vendor/lib:/opt/ros/humble/lib/x86_64-linux-gnu:/opt/ros/humble/lib PYTHONPATH=/home/jlurobovision/eng_ws/install/msg_interfaces/lib/python3.10/site-packages:/home/jlurobovision/eng_ws/install/msg_interfaces/local/lib/python3.10/dist-packages:/opt/ros/humble/lib/python3.10/site-packages:/opt/ros/humble/local/lib/python3.10/dist-packages /usr/bin/cmake --build /home/jlurobovision/eng_ws/build/serial -- -j12 -l12
[10.491s] DEBUG:colcon.colcon_core.event_handler.log_command:Invoked command in '/home/jlurobovision/eng_ws/build/galaxy_camera' returned '0': CMAKE_PREFIX_PATH=${CMAKE_PREFIX_PATH}:/opt/ros/humble /usr/bin/cmake --build /home/jlurobovision/eng_ws/build/galaxy_camera -- -j12 -l12
[10.523s] DEBUG:colcon.colcon_core.event_handler.log_command:Invoking command in '/home/jlurobovision/eng_ws/build/galaxy_camera': CMAKE_PREFIX_PATH=${CMAKE_PREFIX_PATH}:/opt/ros/humble /usr/bin/cmake --install /home/jlurobovision/eng_ws/build/galaxy_camera
[10.545s] Level 1:colcon.colcon_core.environment:create_environment_scripts_only(galaxy_camera)
[10.546s] Level 1:colcon.colcon_core.environment:checking '/home/jlurobovision/eng_ws/install/galaxy_camera' for CMake module files
[10.546s] DEBUG:colcon.colcon_core.event_handler.log_command:Invoked command in '/home/jlurobovision/eng_ws/build/galaxy_camera' returned '0': CMAKE_PREFIX_PATH=${CMAKE_PREFIX_PATH}:/opt/ros/humble /usr/bin/cmake --install /home/jlurobovision/eng_ws/build/galaxy_camera
[10.547s] Level 1:colcon.colcon_core.environment:checking '/home/jlurobovision/eng_ws/install/galaxy_camera' for CMake config files
[10.548s] Level 1:colcon.colcon_core.shell:create_environment_hook('galaxy_camera', 'cmake_prefix_path')
[10.549s] INFO:colcon.colcon_core.shell:Creating environment hook '/home/jlurobovision/eng_ws/install/galaxy_camera/share/galaxy_camera/hook/cmake_prefix_path.ps1'
[10.551s] INFO:colcon.colcon_core.shell:Creating environment descriptor '/home/jlurobovision/eng_ws/install/galaxy_camera/share/galaxy_camera/hook/cmake_prefix_path.dsv'
[10.552s] INFO:colcon.colcon_core.shell:Creating environment hook '/home/jlurobovision/eng_ws/install/galaxy_camera/share/galaxy_camera/hook/cmake_prefix_path.sh'
[10.554s] Level 1:colcon.colcon_core.environment:checking '/home/jlurobovision/eng_ws/install/galaxy_camera/lib'
[10.554s] Level 1:colcon.colcon_core.shell:create_environment_hook('galaxy_camera', 'ld_library_path_lib')
[10.555s] INFO:colcon.colcon_core.shell:Creating environment hook '/home/jlurobovision/eng_ws/install/galaxy_camera/share/galaxy_camera/hook/ld_library_path_lib.ps1'
[10.556s] INFO:colcon.colcon_core.shell:Creating environment descriptor '/home/jlurobovision/eng_ws/install/galaxy_camera/share/galaxy_camera/hook/ld_library_path_lib.dsv'
[10.558s] INFO:colcon.colcon_core.shell:Creating environment hook '/home/jlurobovision/eng_ws/install/galaxy_camera/share/galaxy_camera/hook/ld_library_path_lib.sh'
[10.558s] Level 1:colcon.colcon_core.environment:checking '/home/jlurobovision/eng_ws/install/galaxy_camera/bin'
[10.559s] Level 1:colcon.colcon_core.environment:checking '/home/jlurobovision/eng_ws/install/galaxy_camera/lib/pkgconfig/galaxy_camera.pc'
[10.559s] Level 1:colcon.colcon_core.environment:checking '/home/jlurobovision/eng_ws/install/galaxy_camera/lib/python3.10/site-packages'
[10.559s] Level 1:colcon.colcon_core.environment:checking '/home/jlurobovision/eng_ws/install/galaxy_camera/bin'
[10.560s] INFO:colcon.colcon_core.shell:Creating package script '/home/jlurobovision/eng_ws/install/galaxy_camera/share/galaxy_camera/package.ps1'
[10.561s] INFO:colcon.colcon_core.shell:Creating package descriptor '/home/jlurobovision/eng_ws/install/galaxy_camera/share/galaxy_camera/package.dsv'
[10.562s] INFO:colcon.colcon_core.shell:Creating package script '/home/jlurobovision/eng_ws/install/galaxy_camera/share/galaxy_camera/package.sh'
[10.562s] INFO:colcon.colcon_core.shell:Creating package script '/home/jlurobovision/eng_ws/install/galaxy_camera/share/galaxy_camera/package.bash'
[10.563s] INFO:colcon.colcon_core.shell:Creating package script '/home/jlurobovision/eng_ws/install/galaxy_camera/share/galaxy_camera/package.zsh'
[10.563s] Level 1:colcon.colcon_core.environment:create_file_with_runtime_dependencies(/home/jlurobovision/eng_ws/install/galaxy_camera/share/colcon-core/packages/galaxy_camera)
[10.567s] DEBUG:colcon.colcon_core.event_handler.log_command:Invoked command in '/home/jlurobovision/eng_ws/build/hik_camera' returned '0': CMAKE_PREFIX_PATH=${CMAKE_PREFIX_PATH}:/opt/ros/humble /usr/bin/cmake --build /home/jlurobovision/eng_ws/build/hik_camera -- -j12 -l12
[10.596s] Level 1:colcon.colcon_core.environment:create_environment_scripts_only(galaxy_camera)
[10.597s] Level 1:colcon.colcon_core.environment:checking '/home/jlurobovision/eng_ws/install/galaxy_camera' for CMake module files
[10.598s] Level 1:colcon.colcon_core.environment:checking '/home/jlurobovision/eng_ws/install/galaxy_camera' for CMake config files
[10.598s] Level 1:colcon.colcon_core.shell:create_environment_hook('galaxy_camera', 'cmake_prefix_path')
[10.599s] INFO:colcon.colcon_core.shell:Creating environment hook '/home/jlurobovision/eng_ws/install/galaxy_camera/share/galaxy_camera/hook/cmake_prefix_path.ps1'
[10.599s] INFO:colcon.colcon_core.shell:Creating environment descriptor '/home/jlurobovision/eng_ws/install/galaxy_camera/share/galaxy_camera/hook/cmake_prefix_path.dsv'
[10.600s] INFO:colcon.colcon_core.shell:Creating environment hook '/home/jlurobovision/eng_ws/install/galaxy_camera/share/galaxy_camera/hook/cmake_prefix_path.sh'
[10.601s] Level 1:colcon.colcon_core.environment:checking '/home/jlurobovision/eng_ws/install/galaxy_camera/lib'
[10.601s] Level 1:colcon.colcon_core.shell:create_environment_hook('galaxy_camera', 'ld_library_path_lib')
[10.601s] INFO:colcon.colcon_core.shell:Creating environment hook '/home/jlurobovision/eng_ws/install/galaxy_camera/share/galaxy_camera/hook/ld_library_path_lib.ps1'
[10.602s] INFO:colcon.colcon_core.shell:Creating environment descriptor '/home/jlurobovision/eng_ws/install/galaxy_camera/share/galaxy_camera/hook/ld_library_path_lib.dsv'
[10.603s] INFO:colcon.colcon_core.shell:Creating environment hook '/home/jlurobovision/eng_ws/install/galaxy_camera/share/galaxy_camera/hook/ld_library_path_lib.sh'
[10.603s] Level 1:colcon.colcon_core.environment:checking '/home/jlurobovision/eng_ws/install/galaxy_camera/bin'
[10.603s] Level 1:colcon.colcon_core.environment:checking '/home/jlurobovision/eng_ws/install/galaxy_camera/lib/pkgconfig/galaxy_camera.pc'
[10.604s] Level 1:colcon.colcon_core.environment:checking '/home/jlurobovision/eng_ws/install/galaxy_camera/lib/python3.10/site-packages'
[10.604s] Level 1:colcon.colcon_core.environment:checking '/home/jlurobovision/eng_ws/install/galaxy_camera/bin'
[10.605s] INFO:colcon.colcon_core.shell:Creating package script '/home/jlurobovision/eng_ws/install/galaxy_camera/share/galaxy_camera/package.ps1'
[10.606s] INFO:colcon.colcon_core.shell:Creating package descriptor '/home/jlurobovision/eng_ws/install/galaxy_camera/share/galaxy_camera/package.dsv'
[10.607s] INFO:colcon.colcon_core.shell:Creating package script '/home/jlurobovision/eng_ws/install/galaxy_camera/share/galaxy_camera/package.sh'
[10.608s] INFO:colcon.colcon_core.shell:Creating package script '/home/jlurobovision/eng_ws/install/galaxy_camera/share/galaxy_camera/package.bash'
[10.608s] INFO:colcon.colcon_core.shell:Creating package script '/home/jlurobovision/eng_ws/install/galaxy_camera/share/galaxy_camera/package.zsh'
[10.609s] Level 1:colcon.colcon_core.environment:create_file_with_runtime_dependencies(/home/jlurobovision/eng_ws/install/galaxy_camera/share/colcon-core/packages/galaxy_camera)
[10.630s] DEBUG:colcon.colcon_core.event_handler.log_command:Invoking command in '/home/jlurobovision/eng_ws/build/hik_camera': CMAKE_PREFIX_PATH=${CMAKE_PREFIX_PATH}:/opt/ros/humble /usr/bin/cmake --install /home/jlurobovision/eng_ws/build/hik_camera
[10.678s] Level 1:colcon.colcon_core.environment:create_environment_scripts_only(hik_camera)
[10.679s] Level 1:colcon.colcon_core.environment:checking '/home/jlurobovision/eng_ws/install/hik_camera' for CMake module files
[10.680s] Level 1:colcon.colcon_core.environment:checking '/home/jlurobovision/eng_ws/install/hik_camera' for CMake config files
[10.682s] Level 1:colcon.colcon_core.shell:create_environment_hook('hik_camera', 'cmake_prefix_path')
[10.682s] INFO:colcon.colcon_core.shell:Creating environment hook '/home/jlurobovision/eng_ws/install/hik_camera/share/hik_camera/hook/cmake_prefix_path.ps1'
[10.683s] INFO:colcon.colcon_core.shell:Creating environment descriptor '/home/jlurobovision/eng_ws/install/hik_camera/share/hik_camera/hook/cmake_prefix_path.dsv'
[10.684s] INFO:colcon.colcon_core.shell:Creating environment hook '/home/jlurobovision/eng_ws/install/hik_camera/share/hik_camera/hook/cmake_prefix_path.sh'
[10.684s] Level 1:colcon.colcon_core.environment:checking '/home/jlurobovision/eng_ws/install/hik_camera/lib'
[10.685s] Level 1:colcon.colcon_core.shell:create_environment_hook('hik_camera', 'ld_library_path_lib')
[10.685s] INFO:colcon.colcon_core.shell:Creating environment hook '/home/jlurobovision/eng_ws/install/hik_camera/share/hik_camera/hook/ld_library_path_lib.ps1'
[10.686s] INFO:colcon.colcon_core.shell:Creating environment descriptor '/home/jlurobovision/eng_ws/install/hik_camera/share/hik_camera/hook/ld_library_path_lib.dsv'
[10.686s] INFO:colcon.colcon_core.shell:Creating environment hook '/home/jlurobovision/eng_ws/install/hik_camera/share/hik_camera/hook/ld_library_path_lib.sh'
[10.687s] Level 1:colcon.colcon_core.environment:checking '/home/jlurobovision/eng_ws/install/hik_camera/bin'
[10.687s] Level 1:colcon.colcon_core.environment:checking '/home/jlurobovision/eng_ws/install/hik_camera/lib/pkgconfig/hik_camera.pc'
[10.688s] Level 1:colcon.colcon_core.environment:checking '/home/jlurobovision/eng_ws/install/hik_camera/lib/python3.10/site-packages'
[10.688s] Level 1:colcon.colcon_core.environment:checking '/home/jlurobovision/eng_ws/install/hik_camera/bin'
[10.689s] INFO:colcon.colcon_core.shell:Creating package script '/home/jlurobovision/eng_ws/install/hik_camera/share/hik_camera/package.ps1'
[10.692s] DEBUG:colcon.colcon_core.event_handler.log_command:Invoked command in '/home/jlurobovision/eng_ws/build/hik_camera' returned '0': CMAKE_PREFIX_PATH=${CMAKE_PREFIX_PATH}:/opt/ros/humble /usr/bin/cmake --install /home/jlurobovision/eng_ws/build/hik_camera
[10.693s] INFO:colcon.colcon_core.shell:Creating package descriptor '/home/jlurobovision/eng_ws/install/hik_camera/share/hik_camera/package.dsv'
[10.694s] INFO:colcon.colcon_core.shell:Creating package script '/home/jlurobovision/eng_ws/install/hik_camera/share/hik_camera/package.sh'
[10.695s] INFO:colcon.colcon_core.shell:Creating package script '/home/jlurobovision/eng_ws/install/hik_camera/share/hik_camera/package.bash'
[10.695s] INFO:colcon.colcon_core.shell:Creating package script '/home/jlurobovision/eng_ws/install/hik_camera/share/hik_camera/package.zsh'
[10.696s] Level 1:colcon.colcon_core.environment:create_file_with_runtime_dependencies(/home/jlurobovision/eng_ws/install/hik_camera/share/colcon-core/packages/hik_camera)
[10.754s] Level 1:colcon.colcon_core.environment:create_environment_scripts_only(hik_camera)
[10.755s] Level 1:colcon.colcon_core.environment:checking '/home/jlurobovision/eng_ws/install/hik_camera' for CMake module files
[10.756s] Level 1:colcon.colcon_core.environment:checking '/home/jlurobovision/eng_ws/install/hik_camera' for CMake config files
[10.757s] Level 1:colcon.colcon_core.shell:create_environment_hook('hik_camera', 'cmake_prefix_path')
[10.757s] INFO:colcon.colcon_core.shell:Creating environment hook '/home/jlurobovision/eng_ws/install/hik_camera/share/hik_camera/hook/cmake_prefix_path.ps1'
[10.758s] INFO:colcon.colcon_core.shell:Creating environment descriptor '/home/jlurobovision/eng_ws/install/hik_camera/share/hik_camera/hook/cmake_prefix_path.dsv'
[10.759s] INFO:colcon.colcon_core.shell:Creating environment hook '/home/jlurobovision/eng_ws/install/hik_camera/share/hik_camera/hook/cmake_prefix_path.sh'
[10.760s] Level 1:colcon.colcon_core.environment:checking '/home/jlurobovision/eng_ws/install/hik_camera/lib'
[10.760s] Level 1:colcon.colcon_core.shell:create_environment_hook('hik_camera', 'ld_library_path_lib')
[10.760s] INFO:colcon.colcon_core.shell:Creating environment hook '/home/jlurobovision/eng_ws/install/hik_camera/share/hik_camera/hook/ld_library_path_lib.ps1'
[10.761s] INFO:colcon.colcon_core.shell:Creating environment descriptor '/home/jlurobovision/eng_ws/install/hik_camera/share/hik_camera/hook/ld_library_path_lib.dsv'
[10.762s] INFO:colcon.colcon_core.shell:Creating environment hook '/home/jlurobovision/eng_ws/install/hik_camera/share/hik_camera/hook/ld_library_path_lib.sh'
[10.762s] Level 1:colcon.colcon_core.environment:checking '/home/jlurobovision/eng_ws/install/hik_camera/bin'
[10.763s] Level 1:colcon.colcon_core.environment:checking '/home/jlurobovision/eng_ws/install/hik_camera/lib/pkgconfig/hik_camera.pc'
[10.763s] Level 1:colcon.colcon_core.environment:checking '/home/jlurobovision/eng_ws/install/hik_camera/lib/python3.10/site-packages'
[10.764s] Level 1:colcon.colcon_core.environment:checking '/home/jlurobovision/eng_ws/install/hik_camera/bin'
[10.765s] INFO:colcon.colcon_core.shell:Creating package script '/home/jlurobovision/eng_ws/install/hik_camera/share/hik_camera/package.ps1'
[10.766s] INFO:colcon.colcon_core.shell:Creating package descriptor '/home/jlurobovision/eng_ws/install/hik_camera/share/hik_camera/package.dsv'
[10.767s] INFO:colcon.colcon_core.shell:Creating package script '/home/jlurobovision/eng_ws/install/hik_camera/share/hik_camera/package.sh'
[10.768s] INFO:colcon.colcon_core.shell:Creating package script '/home/jlurobovision/eng_ws/install/hik_camera/share/hik_camera/package.bash'
[10.769s] INFO:colcon.colcon_core.shell:Creating package script '/home/jlurobovision/eng_ws/install/hik_camera/share/hik_camera/package.zsh'
[10.769s] Level 1:colcon.colcon_core.environment:create_file_with_runtime_dependencies(/home/jlurobovision/eng_ws/install/hik_camera/share/colcon-core/packages/hik_camera)
[24.753s] DEBUG:colcon.colcon_core.event_handler.log_command:Invoked command in '/home/jlurobovision/eng_ws/build/serial' returned '0': CMAKE_PREFIX_PATH=/home/jlurobovision/eng_ws/install/msg_interfaces:/home/jlurobovision/eng_ws/install/serial:/home/jlurobovision/eng_ws/install/exchangestation_detector:/home/jlurobovision/eng_ws/install/hik_camera:/home/jlurobovision/eng_ws/install/global_launch:/home/jlurobovision/eng_ws/install/galaxy_camera:/opt/ros/humble LD_LIBRARY_PATH=/home/jlurobovision/eng_ws/install/msg_interfaces/lib:/home/jlurobovision/eng_ws/install/serial/lib:/home/jlurobovision/eng_ws/install/exchangestation_detector/lib:/home/jlurobovision/eng_ws/install/hik_camera/lib:/home/jlurobovision/eng_ws/install/galaxy_camera/lib:/opt/ros/humble/opt/rviz_ogre_vendor/lib:/opt/ros/humble/lib/x86_64-linux-gnu:/opt/ros/humble/lib PYTHONPATH=/home/jlurobovision/eng_ws/install/msg_interfaces/lib/python3.10/site-packages:/home/jlurobovision/eng_ws/install/msg_interfaces/local/lib/python3.10/dist-packages:/opt/ros/humble/lib/python3.10/site-packages:/opt/ros/humble/local/lib/python3.10/dist-packages /usr/bin/cmake --build /home/jlurobovision/eng_ws/build/serial -- -j12 -l12
[24.780s] DEBUG:colcon.colcon_core.event_handler.log_command:Invoking command in '/home/jlurobovision/eng_ws/build/serial': CMAKE_PREFIX_PATH=/home/jlurobovision/eng_ws/install/msg_interfaces:/home/jlurobovision/eng_ws/install/serial:/home/jlurobovision/eng_ws/install/exchangestation_detector:/home/jlurobovision/eng_ws/install/hik_camera:/home/jlurobovision/eng_ws/install/global_launch:/home/jlurobovision/eng_ws/install/galaxy_camera:/opt/ros/humble LD_LIBRARY_PATH=/home/jlurobovision/eng_ws/install/msg_interfaces/lib:/home/jlurobovision/eng_ws/install/serial/lib:/home/jlurobovision/eng_ws/install/exchangestation_detector/lib:/home/jlurobovision/eng_ws/install/hik_camera/lib:/home/jlurobovision/eng_ws/install/galaxy_camera/lib:/opt/ros/humble/opt/rviz_ogre_vendor/lib:/opt/ros/humble/lib/x86_64-linux-gnu:/opt/ros/humble/lib PYTHONPATH=/home/jlurobovision/eng_ws/install/msg_interfaces/lib/python3.10/site-packages:/home/jlurobovision/eng_ws/install/msg_interfaces/local/lib/python3.10/dist-packages:/opt/ros/humble/lib/python3.10/site-packages:/opt/ros/humble/local/lib/python3.10/dist-packages /usr/bin/cmake --install /home/jlurobovision/eng_ws/build/serial
[24.808s] Level 1:colcon.colcon_core.environment:create_environment_scripts_only(serial)
[24.809s] Level 1:colcon.colcon_core.environment:checking '/home/jlurobovision/eng_ws/install/serial' for CMake module files
[24.809s] DEBUG:colcon.colcon_core.event_handler.log_command:Invoked command in '/home/jlurobovision/eng_ws/build/serial' returned '0': CMAKE_PREFIX_PATH=/home/jlurobovision/eng_ws/install/msg_interfaces:/home/jlurobovision/eng_ws/install/serial:/home/jlurobovision/eng_ws/install/exchangestation_detector:/home/jlurobovision/eng_ws/install/hik_camera:/home/jlurobovision/eng_ws/install/global_launch:/home/jlurobovision/eng_ws/install/galaxy_camera:/opt/ros/humble LD_LIBRARY_PATH=/home/jlurobovision/eng_ws/install/msg_interfaces/lib:/home/jlurobovision/eng_ws/install/serial/lib:/home/jlurobovision/eng_ws/install/exchangestation_detector/lib:/home/jlurobovision/eng_ws/install/hik_camera/lib:/home/jlurobovision/eng_ws/install/galaxy_camera/lib:/opt/ros/humble/opt/rviz_ogre_vendor/lib:/opt/ros/humble/lib/x86_64-linux-gnu:/opt/ros/humble/lib PYTHONPATH=/home/jlurobovision/eng_ws/install/msg_interfaces/lib/python3.10/site-packages:/home/jlurobovision/eng_ws/install/msg_interfaces/local/lib/python3.10/dist-packages:/opt/ros/humble/lib/python3.10/site-packages:/opt/ros/humble/local/lib/python3.10/dist-packages /usr/bin/cmake --install /home/jlurobovision/eng_ws/build/serial
[24.809s] Level 1:colcon.colcon_core.environment:checking '/home/jlurobovision/eng_ws/install/serial' for CMake config files
[24.810s] Level 1:colcon.colcon_core.shell:create_environment_hook('serial', 'cmake_prefix_path')
[24.810s] INFO:colcon.colcon_core.shell:Creating environment hook '/home/jlurobovision/eng_ws/install/serial/share/serial/hook/cmake_prefix_path.ps1'
[24.810s] INFO:colcon.colcon_core.shell:Creating environment descriptor '/home/jlurobovision/eng_ws/install/serial/share/serial/hook/cmake_prefix_path.dsv'
[24.811s] INFO:colcon.colcon_core.shell:Creating environment hook '/home/jlurobovision/eng_ws/install/serial/share/serial/hook/cmake_prefix_path.sh'
[24.811s] Level 1:colcon.colcon_core.environment:checking '/home/jlurobovision/eng_ws/install/serial/lib'
[24.811s] Level 1:colcon.colcon_core.shell:create_environment_hook('serial', 'ld_library_path_lib')
[24.812s] INFO:colcon.colcon_core.shell:Creating environment hook '/home/jlurobovision/eng_ws/install/serial/share/serial/hook/ld_library_path_lib.ps1'
[24.812s] INFO:colcon.colcon_core.shell:Creating environment descriptor '/home/jlurobovision/eng_ws/install/serial/share/serial/hook/ld_library_path_lib.dsv'
[24.812s] INFO:colcon.colcon_core.shell:Creating environment hook '/home/jlurobovision/eng_ws/install/serial/share/serial/hook/ld_library_path_lib.sh'
[24.813s] Level 1:colcon.colcon_core.environment:checking '/home/jlurobovision/eng_ws/install/serial/bin'
[24.813s] Level 1:colcon.colcon_core.environment:checking '/home/jlurobovision/eng_ws/install/serial/lib/pkgconfig/serial.pc'
[24.813s] Level 1:colcon.colcon_core.environment:checking '/home/jlurobovision/eng_ws/install/serial/lib/python3.10/site-packages'
[24.813s] Level 1:colcon.colcon_core.environment:checking '/home/jlurobovision/eng_ws/install/serial/bin'
[24.813s] INFO:colcon.colcon_core.shell:Creating package script '/home/jlurobovision/eng_ws/install/serial/share/serial/package.ps1'
[24.814s] INFO:colcon.colcon_core.shell:Creating package descriptor '/home/jlurobovision/eng_ws/install/serial/share/serial/package.dsv'
[24.814s] INFO:colcon.colcon_core.shell:Creating package script '/home/jlurobovision/eng_ws/install/serial/share/serial/package.sh'
[24.815s] INFO:colcon.colcon_core.shell:Creating package script '/home/jlurobovision/eng_ws/install/serial/share/serial/package.bash'
[24.815s] INFO:colcon.colcon_core.shell:Creating package script '/home/jlurobovision/eng_ws/install/serial/share/serial/package.zsh'
[24.815s] Level 1:colcon.colcon_core.environment:create_file_with_runtime_dependencies(/home/jlurobovision/eng_ws/install/serial/share/colcon-core/packages/serial)
[24.840s] Level 1:colcon.colcon_core.environment:create_environment_scripts_only(serial)
[24.840s] Level 1:colcon.colcon_core.environment:checking '/home/jlurobovision/eng_ws/install/serial' for CMake module files
[24.841s] Level 1:colcon.colcon_core.environment:checking '/home/jlurobovision/eng_ws/install/serial' for CMake config files
[24.841s] Level 1:colcon.colcon_core.shell:create_environment_hook('serial', 'cmake_prefix_path')
[24.841s] INFO:colcon.colcon_core.shell:Creating environment hook '/home/jlurobovision/eng_ws/install/serial/share/serial/hook/cmake_prefix_path.ps1'
[24.842s] INFO:colcon.colcon_core.shell:Creating environment descriptor '/home/jlurobovision/eng_ws/install/serial/share/serial/hook/cmake_prefix_path.dsv'
[24.842s] INFO:colcon.colcon_core.shell:Creating environment hook '/home/jlurobovision/eng_ws/install/serial/share/serial/hook/cmake_prefix_path.sh'
[24.843s] Level 1:colcon.colcon_core.environment:checking '/home/jlurobovision/eng_ws/install/serial/lib'
[24.843s] Level 1:colcon.colcon_core.shell:create_environment_hook('serial', 'ld_library_path_lib')
[24.843s] INFO:colcon.colcon_core.shell:Creating environment hook '/home/jlurobovision/eng_ws/install/serial/share/serial/hook/ld_library_path_lib.ps1'
[24.843s] INFO:colcon.colcon_core.shell:Creating environment descriptor '/home/jlurobovision/eng_ws/install/serial/share/serial/hook/ld_library_path_lib.dsv'
[24.844s] INFO:colcon.colcon_core.shell:Creating environment hook '/home/jlurobovision/eng_ws/install/serial/share/serial/hook/ld_library_path_lib.sh'
[24.844s] Level 1:colcon.colcon_core.environment:checking '/home/jlurobovision/eng_ws/install/serial/bin'
[24.844s] Level 1:colcon.colcon_core.environment:checking '/home/jlurobovision/eng_ws/install/serial/lib/pkgconfig/serial.pc'
[24.845s] Level 1:colcon.colcon_core.environment:checking '/home/jlurobovision/eng_ws/install/serial/lib/python3.10/site-packages'
[24.845s] Level 1:colcon.colcon_core.environment:checking '/home/jlurobovision/eng_ws/install/serial/bin'
[24.846s] INFO:colcon.colcon_core.shell:Creating package script '/home/jlurobovision/eng_ws/install/serial/share/serial/package.ps1'
[24.846s] INFO:colcon.colcon_core.shell:Creating package descriptor '/home/jlurobovision/eng_ws/install/serial/share/serial/package.dsv'
[24.847s] INFO:colcon.colcon_core.shell:Creating package script '/home/jlurobovision/eng_ws/install/serial/share/serial/package.sh'
[24.848s] INFO:colcon.colcon_core.shell:Creating package script '/home/jlurobovision/eng_ws/install/serial/share/serial/package.bash'
[24.848s] INFO:colcon.colcon_core.shell:Creating package script '/home/jlurobovision/eng_ws/install/serial/share/serial/package.zsh'
[24.848s] Level 1:colcon.colcon_core.environment:create_file_with_runtime_dependencies(/home/jlurobovision/eng_ws/install/serial/share/colcon-core/packages/serial)
[24.849s] INFO:colcon.colcon_ros.task.ament_cmake.build:Building ROS package in '/home/jlurobovision/eng_ws/src/exchangestation_detector' with build type 'ament_cmake'
[24.849s] INFO:colcon.colcon_cmake.task.cmake.build:Building CMake package in '/home/jlurobovision/eng_ws/src/exchangestation_detector'
[24.849s] INFO:colcon.colcon_core.shell:Skip shell extension 'powershell' for command environment: Not usable outside of PowerShell
[24.849s] DEBUG:colcon.colcon_core.shell:Skip shell extension 'dsv' for command environment
[24.861s] DEBUG:colcon.colcon_core.event_handler.log_command:Invoking command in '/home/jlurobovision/eng_ws/build/exchangestation_detector': CMAKE_PREFIX_PATH=/home/jlurobovision/eng_ws/install/serial:/home/jlurobovision/eng_ws/install/msg_interfaces:/home/jlurobovision/eng_ws/install/exchangestation_detector:/home/jlurobovision/eng_ws/install/hik_camera:/home/jlurobovision/eng_ws/install/global_launch:/home/jlurobovision/eng_ws/install/galaxy_camera:/opt/ros/humble LD_LIBRARY_PATH=/home/jlurobovision/eng_ws/install/serial/lib:/home/jlurobovision/eng_ws/install/msg_interfaces/lib:/home/jlurobovision/eng_ws/install/exchangestation_detector/lib:/home/jlurobovision/eng_ws/install/hik_camera/lib:/home/jlurobovision/eng_ws/install/galaxy_camera/lib:/opt/ros/humble/opt/rviz_ogre_vendor/lib:/opt/ros/humble/lib/x86_64-linux-gnu:/opt/ros/humble/lib PYTHONPATH=/home/jlurobovision/eng_ws/install/msg_interfaces/lib/python3.10/site-packages:/home/jlurobovision/eng_ws/install/msg_interfaces/local/lib/python3.10/dist-packages:/opt/ros/humble/lib/python3.10/site-packages:/opt/ros/humble/local/lib/python3.10/dist-packages /usr/bin/cmake /home/jlurobovision/eng_ws/src/exchangestation_detector -DCMAKE_INSTALL_PREFIX=/home/jlurobovision/eng_ws/install/exchangestation_detector
[26.894s] DEBUG:colcon.colcon_core.event_handler.log_command:Invoked command in '/home/jlurobovision/eng_ws/build/exchangestation_detector' returned '0': CMAKE_PREFIX_PATH=/home/jlurobovision/eng_ws/install/serial:/home/jlurobovision/eng_ws/install/msg_interfaces:/home/jlurobovision/eng_ws/install/exchangestation_detector:/home/jlurobovision/eng_ws/install/hik_camera:/home/jlurobovision/eng_ws/install/global_launch:/home/jlurobovision/eng_ws/install/galaxy_camera:/opt/ros/humble LD_LIBRARY_PATH=/home/jlurobovision/eng_ws/install/serial/lib:/home/jlurobovision/eng_ws/install/msg_interfaces/lib:/home/jlurobovision/eng_ws/install/exchangestation_detector/lib:/home/jlurobovision/eng_ws/install/hik_camera/lib:/home/jlurobovision/eng_ws/install/galaxy_camera/lib:/opt/ros/humble/opt/rviz_ogre_vendor/lib:/opt/ros/humble/lib/x86_64-linux-gnu:/opt/ros/humble/lib PYTHONPATH=/home/jlurobovision/eng_ws/install/msg_interfaces/lib/python3.10/site-packages:/home/jlurobovision/eng_ws/install/msg_interfaces/local/lib/python3.10/dist-packages:/opt/ros/humble/lib/python3.10/site-packages:/opt/ros/humble/local/lib/python3.10/dist-packages /usr/bin/cmake /home/jlurobovision/eng_ws/src/exchangestation_detector -DCMAKE_INSTALL_PREFIX=/home/jlurobovision/eng_ws/install/exchangestation_detector
[26.896s] DEBUG:colcon.colcon_core.event_handler.log_command:Invoking command in '/home/jlurobovision/eng_ws/build/exchangestation_detector': CMAKE_PREFIX_PATH=/home/jlurobovision/eng_ws/install/serial:/home/jlurobovision/eng_ws/install/msg_interfaces:/home/jlurobovision/eng_ws/install/exchangestation_detector:/home/jlurobovision/eng_ws/install/hik_camera:/home/jlurobovision/eng_ws/install/global_launch:/home/jlurobovision/eng_ws/install/galaxy_camera:/opt/ros/humble LD_LIBRARY_PATH=/home/jlurobovision/eng_ws/install/serial/lib:/home/jlurobovision/eng_ws/install/msg_interfaces/lib:/home/jlurobovision/eng_ws/install/exchangestation_detector/lib:/home/jlurobovision/eng_ws/install/hik_camera/lib:/home/jlurobovision/eng_ws/install/galaxy_camera/lib:/opt/ros/humble/opt/rviz_ogre_vendor/lib:/opt/ros/humble/lib/x86_64-linux-gnu:/opt/ros/humble/lib PYTHONPATH=/home/jlurobovision/eng_ws/install/msg_interfaces/lib/python3.10/site-packages:/home/jlurobovision/eng_ws/install/msg_interfaces/local/lib/python3.10/dist-packages:/opt/ros/humble/lib/python3.10/site-packages:/opt/ros/humble/local/lib/python3.10/dist-packages /usr/bin/cmake --build /home/jlurobovision/eng_ws/build/exchangestation_detector -- -j12 -l12
[30.650s] DEBUG:colcon.colcon_core.event_handler.log_command:Invoked command in '/home/jlurobovision/eng_ws/build/exchangestation_detector' returned '2': CMAKE_PREFIX_PATH=/home/jlurobovision/eng_ws/install/serial:/home/jlurobovision/eng_ws/install/msg_interfaces:/home/jlurobovision/eng_ws/install/exchangestation_detector:/home/jlurobovision/eng_ws/install/hik_camera:/home/jlurobovision/eng_ws/install/global_launch:/home/jlurobovision/eng_ws/install/galaxy_camera:/opt/ros/humble LD_LIBRARY_PATH=/home/jlurobovision/eng_ws/install/serial/lib:/home/jlurobovision/eng_ws/install/msg_interfaces/lib:/home/jlurobovision/eng_ws/install/exchangestation_detector/lib:/home/jlurobovision/eng_ws/install/hik_camera/lib:/home/jlurobovision/eng_ws/install/galaxy_camera/lib:/opt/ros/humble/opt/rviz_ogre_vendor/lib:/opt/ros/humble/lib/x86_64-linux-gnu:/opt/ros/humble/lib PYTHONPATH=/home/jlurobovision/eng_ws/install/msg_interfaces/lib/python3.10/site-packages:/home/jlurobovision/eng_ws/install/msg_interfaces/local/lib/python3.10/dist-packages:/opt/ros/humble/lib/python3.10/site-packages:/opt/ros/humble/local/lib/python3.10/dist-packages /usr/bin/cmake --build /home/jlurobovision/eng_ws/build/exchangestation_detector -- -j12 -l12
[30.673s] Level 1:colcon.colcon_core.environment:create_environment_scripts_only(exchangestation_detector)
[30.673s] Level 1:colcon.colcon_core.environment:checking '/home/jlurobovision/eng_ws/install/exchangestation_detector' for CMake module files
[30.674s] Level 1:colcon.colcon_core.environment:checking '/home/jlurobovision/eng_ws/install/exchangestation_detector' for CMake config files
[30.674s] Level 1:colcon.colcon_core.shell:create_environment_hook('exchangestation_detector', 'cmake_prefix_path')
[30.674s] INFO:colcon.colcon_core.shell:Creating environment hook '/home/jlurobovision/eng_ws/install/exchangestation_detector/share/exchangestation_detector/hook/cmake_prefix_path.ps1'
[30.675s] INFO:colcon.colcon_core.shell:Creating environment descriptor '/home/jlurobovision/eng_ws/install/exchangestation_detector/share/exchangestation_detector/hook/cmake_prefix_path.dsv'
[30.675s] INFO:colcon.colcon_core.shell:Creating environment hook '/home/jlurobovision/eng_ws/install/exchangestation_detector/share/exchangestation_detector/hook/cmake_prefix_path.sh'
[30.675s] Level 1:colcon.colcon_core.environment:checking '/home/jlurobovision/eng_ws/install/exchangestation_detector/lib'
[30.675s] Level 1:colcon.colcon_core.shell:create_environment_hook('exchangestation_detector', 'ld_library_path_lib')
[30.676s] INFO:colcon.colcon_core.shell:Creating environment hook '/home/jlurobovision/eng_ws/install/exchangestation_detector/share/exchangestation_detector/hook/ld_library_path_lib.ps1'
[30.676s] INFO:colcon.colcon_core.shell:Creating environment descriptor '/home/jlurobovision/eng_ws/install/exchangestation_detector/share/exchangestation_detector/hook/ld_library_path_lib.dsv'
[30.676s] INFO:colcon.colcon_core.shell:Creating environment hook '/home/jlurobovision/eng_ws/install/exchangestation_detector/share/exchangestation_detector/hook/ld_library_path_lib.sh'
[30.677s] Level 1:colcon.colcon_core.environment:checking '/home/jlurobovision/eng_ws/install/exchangestation_detector/bin'
[30.677s] Level 1:colcon.colcon_core.environment:checking '/home/jlurobovision/eng_ws/install/exchangestation_detector/lib/pkgconfig/exchangestation_detector.pc'
[30.677s] Level 1:colcon.colcon_core.environment:checking '/home/jlurobovision/eng_ws/install/exchangestation_detector/lib/python3.10/site-packages'
[30.677s] Level 1:colcon.colcon_core.environment:checking '/home/jlurobovision/eng_ws/install/exchangestation_detector/bin'
[30.678s] INFO:colcon.colcon_core.shell:Creating package script '/home/jlurobovision/eng_ws/install/exchangestation_detector/share/exchangestation_detector/package.ps1'
[30.678s] INFO:colcon.colcon_core.shell:Creating package descriptor '/home/jlurobovision/eng_ws/install/exchangestation_detector/share/exchangestation_detector/package.dsv'
[30.679s] INFO:colcon.colcon_core.shell:Creating package script '/home/jlurobovision/eng_ws/install/exchangestation_detector/share/exchangestation_detector/package.sh'
[30.679s] INFO:colcon.colcon_core.shell:Creating package script '/home/jlurobovision/eng_ws/install/exchangestation_detector/share/exchangestation_detector/package.bash'
[30.680s] INFO:colcon.colcon_core.shell:Creating package script '/home/jlurobovision/eng_ws/install/exchangestation_detector/share/exchangestation_detector/package.zsh'
[30.680s] Level 1:colcon.colcon_core.environment:create_file_with_runtime_dependencies(/home/jlurobovision/eng_ws/install/exchangestation_detector/share/colcon-core/packages/exchangestation_detector)
[30.690s] DEBUG:colcon.colcon_parallel_executor.executor.parallel:closing loop
[30.691s] DEBUG:colcon.colcon_parallel_executor.executor.parallel:loop closed
[30.691s] DEBUG:colcon.colcon_parallel_executor.executor.parallel:run_until_complete finished with '2'
[30.691s] DEBUG:colcon.colcon_core.event_reactor:joining thread
[30.699s] INFO:colcon.colcon_core.plugin_system:Skipping extension 'colcon_notification.desktop_notification.terminal_notifier': Not used on non-Darwin systems
[30.699s] INFO:colcon.colcon_core.plugin_system:Skipping extension 'colcon_notification.desktop_notification.win32': Not used on non-Windows systems
[30.699s] INFO:colcon.colcon_notification.desktop_notification:Sending desktop notification using 'notify2'
[30.710s] DEBUG:colcon.colcon_core.event_reactor:joined thread
[30.710s] INFO:colcon.colcon_core.shell:Creating prefix script '/home/jlurobovision/eng_ws/install/local_setup.ps1'
[30.711s] INFO:colcon.colcon_core.shell:Creating prefix util module '/home/jlurobovision/eng_ws/install/_local_setup_util_ps1.py'
[30.712s] INFO:colcon.colcon_core.shell:Creating prefix chain script '/home/jlurobovision/eng_ws/install/setup.ps1'
[30.714s] INFO:colcon.colcon_core.shell:Creating prefix script '/home/jlurobovision/eng_ws/install/local_setup.sh'
[30.714s] INFO:colcon.colcon_core.shell:Creating prefix util module '/home/jlurobovision/eng_ws/install/_local_setup_util_sh.py'
[30.715s] INFO:colcon.colcon_core.shell:Creating prefix chain script '/home/jlurobovision/eng_ws/install/setup.sh'
[30.716s] INFO:colcon.colcon_core.shell:Creating prefix script '/home/jlurobovision/eng_ws/install/local_setup.bash'
[30.717s] INFO:colcon.colcon_core.shell:Creating prefix chain script '/home/jlurobovision/eng_ws/install/setup.bash'
[30.719s] INFO:colcon.colcon_core.shell:Creating prefix script '/home/jlurobovision/eng_ws/install/local_setup.zsh'
[30.720s] INFO:colcon.colcon_core.shell:Creating prefix chain script '/home/jlurobovision/eng_ws/install/setup.zsh'
