[0.008s] Invoking command in '/home/jlurobovision/eng_ws/build/exchangestation_detector': CMAKE_PREFIX_PATH=/home/jlurobovision/eng_ws/install/serial:/home/jlurobovision/eng_ws/install/msg_interfaces:/home/jlurobovision/eng_ws/install/exchangestation_detector:/home/jlurobovision/eng_ws/install/hik_camera:/home/jlurobovision/eng_ws/install/global_launch:/home/jlurobovision/eng_ws/install/galaxy_camera:/opt/ros/humble LD_LIBRARY_PATH=/home/jlurobovision/eng_ws/install/serial/lib:/home/jlurobovision/eng_ws/install/msg_interfaces/lib:/home/jlurobovision/eng_ws/install/exchangestation_detector/lib:/home/jlurobovision/eng_ws/install/hik_camera/lib:/home/jlurobovision/eng_ws/install/galaxy_camera/lib:/opt/ros/humble/opt/rviz_ogre_vendor/lib:/opt/ros/humble/lib/x86_64-linux-gnu:/opt/ros/humble/lib PYTHONPATH=/home/jlurobovision/eng_ws/install/msg_interfaces/lib/python3.10/site-packages:/home/jlurobovision/eng_ws/install/msg_interfaces/local/lib/python3.10/dist-packages:/opt/ros/humble/lib/python3.10/site-packages:/opt/ros/humble/local/lib/python3.10/dist-packages /usr/bin/cmake --build /home/jlurobovision/eng_ws/build/exchangestation_detector -- -j12 -l12
[0.032s] -- Found ament_cmake: 1.3.8 (/opt/ros/humble/share/ament_cmake/cmake)
[0.155s] -- Override CMake install command with custom implementation using symlinks instead of copying resources
[0.171s] -- Found ament_cmake_auto: 1.3.8 (/opt/ros/humble/share/ament_cmake_auto/cmake)
[0.172s] -- Found image_transport: 3.1.8 (/opt/ros/humble/share/image_transport/cmake)
[0.209s] -- Found rosidl_generator_c: 3.1.5 (/opt/ros/humble/share/rosidl_generator_c/cmake)
[0.213s] -- Found rosidl_adapter: 3.1.5 (/opt/ros/humble/share/rosidl_adapter/cmake)
[0.221s] -- Found rosidl_generator_cpp: 3.1.5 (/opt/ros/humble/share/rosidl_generator_cpp/cmake)
[0.238s] -- Using all available rosidl_typesupport_c: rosidl_typesupport_fastrtps_c;rosidl_typesupport_introspection_c
[0.254s] -- Using all available rosidl_typesupport_cpp: rosidl_typesupport_fastrtps_cpp;rosidl_typesupport_introspection_cpp
[0.307s] -- Found rmw_implementation_cmake: 6.1.1 (/opt/ros/humble/share/rmw_implementation_cmake/cmake)
[0.308s] -- Found rmw_fastrtps_cpp: 6.2.6 (/opt/ros/humble/share/rmw_fastrtps_cpp/cmake)
[0.411s] -- Using RMW implementation 'rmw_fastrtps_cpp' as default
[0.724s] -- Found cv_bridge: 3.2.1 (/opt/ros/humble/share/cv_bridge/cmake)
[0.732s] -- Found serial: 0.0.0 (/home/jlurobovision/eng_ws/install/serial/share/serial/cmake)
[0.732s] -- Found msg_interfaces: 0.0.0 (/home/jlurobovision/eng_ws/install/msg_interfaces/share/msg_interfaces/cmake)
[0.884s] -- Found ament_lint_auto: 0.12.10 (/opt/ros/humble/share/ament_lint_auto/cmake)
[0.893s] -- Added test 'copyright' to check source files copyright and LICENSE
[0.894s] -- Added test 'cppcheck' to perform static code analysis on C / C++ code
[0.894s] -- Configured cppcheck include dirs: /home/jlurobovision/eng_ws/src/exchangestation_detector/include;$<BUILD_INTERFACE:/home/jlurobovision/eng_ws/src/exchangestation_detector/include>
[0.894s] -- Configured cppcheck exclude dirs and/or files: 
[0.895s] -- Added test 'flake8' to check Python code syntax and style conventions
[0.895s] -- Added test 'lint_cmake' to check CMake code style
[0.895s] -- Added test 'pep257' to check Python code against some of the docstring style conventions in PEP 257
[0.896s] -- Added test 'uncrustify' to check C / C++ code style
[0.896s] -- Configured uncrustify additional arguments: 
[0.896s] -- Added test 'xmllint' to check XML markup files
[0.898s] -- Configuring done
[0.912s] -- Generating done
[0.914s] -- Build files have been written to: /home/jlurobovision/eng_ws/build/exchangestation_detector
[0.937s] [35m[1mConsolidate compiler generated dependencies of target detector_node[0m
[0.938s] [35m[1mConsolidate compiler generated dependencies of target exchangestation_detector[0m
[0.959s] [ 60%] Built target detector_node
[0.959s] [ 60%] [32m[1mLinking CXX shared library libexchangestation_detector.so[0m
[1.709s] [100%] Built target exchangestation_detector
[1.716s] Invoked command in '/home/jlurobovision/eng_ws/build/exchangestation_detector' returned '0': CMAKE_PREFIX_PATH=/home/jlurobovision/eng_ws/install/serial:/home/jlurobovision/eng_ws/install/msg_interfaces:/home/jlurobovision/eng_ws/install/exchangestation_detector:/home/jlurobovision/eng_ws/install/hik_camera:/home/jlurobovision/eng_ws/install/global_launch:/home/jlurobovision/eng_ws/install/galaxy_camera:/opt/ros/humble LD_LIBRARY_PATH=/home/jlurobovision/eng_ws/install/serial/lib:/home/jlurobovision/eng_ws/install/msg_interfaces/lib:/home/jlurobovision/eng_ws/install/exchangestation_detector/lib:/home/jlurobovision/eng_ws/install/hik_camera/lib:/home/jlurobovision/eng_ws/install/galaxy_camera/lib:/opt/ros/humble/opt/rviz_ogre_vendor/lib:/opt/ros/humble/lib/x86_64-linux-gnu:/opt/ros/humble/lib PYTHONPATH=/home/jlurobovision/eng_ws/install/msg_interfaces/lib/python3.10/site-packages:/home/jlurobovision/eng_ws/install/msg_interfaces/local/lib/python3.10/dist-packages:/opt/ros/humble/lib/python3.10/site-packages:/opt/ros/humble/local/lib/python3.10/dist-packages /usr/bin/cmake --build /home/jlurobovision/eng_ws/build/exchangestation_detector -- -j12 -l12
[1.742s] Invoking command in '/home/jlurobovision/eng_ws/build/exchangestation_detector': CMAKE_PREFIX_PATH=/home/jlurobovision/eng_ws/install/serial:/home/jlurobovision/eng_ws/install/msg_interfaces:/home/jlurobovision/eng_ws/install/exchangestation_detector:/home/jlurobovision/eng_ws/install/hik_camera:/home/jlurobovision/eng_ws/install/global_launch:/home/jlurobovision/eng_ws/install/galaxy_camera:/opt/ros/humble LD_LIBRARY_PATH=/home/jlurobovision/eng_ws/install/serial/lib:/home/jlurobovision/eng_ws/install/msg_interfaces/lib:/home/jlurobovision/eng_ws/install/exchangestation_detector/lib:/home/jlurobovision/eng_ws/install/hik_camera/lib:/home/jlurobovision/eng_ws/install/galaxy_camera/lib:/opt/ros/humble/opt/rviz_ogre_vendor/lib:/opt/ros/humble/lib/x86_64-linux-gnu:/opt/ros/humble/lib PYTHONPATH=/home/jlurobovision/eng_ws/install/msg_interfaces/lib/python3.10/site-packages:/home/jlurobovision/eng_ws/install/msg_interfaces/local/lib/python3.10/dist-packages:/opt/ros/humble/lib/python3.10/site-packages:/opt/ros/humble/local/lib/python3.10/dist-packages /usr/bin/cmake --install /home/jlurobovision/eng_ws/build/exchangestation_detector
[1.752s] -- Install configuration: ""
[1.752s] -- Execute custom install script
[1.752s] -- Up-to-date symlink: /home/jlurobovision/eng_ws/install/exchangestation_detector/lib/exchangestation_detector/detector_node
[1.753s] -- Up-to-date symlink: /home/jlurobovision/eng_ws/install/exchangestation_detector/share/exchangestation_detector/launch/detector_node.launch.py
[1.753s] -- Up-to-date symlink: /home/jlurobovision/eng_ws/install/exchangestation_detector/include/exchangestation_detector/detector_node.hpp
[1.753s] -- Up-to-date symlink: /home/jlurobovision/eng_ws/install/exchangestation_detector/include/exchangestation_detector/exchangestation_detector.hpp
[1.753s] -- Up-to-date symlink: /home/jlurobovision/eng_ws/install/exchangestation_detector/share/exchangestation_detector/environment/library_path.sh
[1.753s] -- Up-to-date symlink: /home/jlurobovision/eng_ws/install/exchangestation_detector/share/exchangestation_detector/environment/library_path.dsv
[1.754s] -- Up-to-date symlink: /home/jlurobovision/eng_ws/install/exchangestation_detector/lib/libexchangestation_detector.so
[1.754s] -- Up-to-date symlink: /home/jlurobovision/eng_ws/install/exchangestation_detector/share/ament_index/resource_index/package_run_dependencies/exchangestation_detector
[1.754s] -- Up-to-date symlink: /home/jlurobovision/eng_ws/install/exchangestation_detector/share/ament_index/resource_index/parent_prefix_path/exchangestation_detector
[1.754s] -- Up-to-date symlink: /home/jlurobovision/eng_ws/install/exchangestation_detector/share/exchangestation_detector/environment/ament_prefix_path.sh
[1.754s] -- Up-to-date symlink: /home/jlurobovision/eng_ws/install/exchangestation_detector/share/exchangestation_detector/environment/ament_prefix_path.dsv
[1.754s] -- Up-to-date symlink: /home/jlurobovision/eng_ws/install/exchangestation_detector/share/exchangestation_detector/environment/path.sh
[1.754s] -- Up-to-date symlink: /home/jlurobovision/eng_ws/install/exchangestation_detector/share/exchangestation_detector/environment/path.dsv
[1.755s] -- Up-to-date symlink: /home/jlurobovision/eng_ws/install/exchangestation_detector/share/exchangestation_detector/local_setup.bash
[1.755s] -- Up-to-date symlink: /home/jlurobovision/eng_ws/install/exchangestation_detector/share/exchangestation_detector/local_setup.sh
[1.755s] -- Up-to-date symlink: /home/jlurobovision/eng_ws/install/exchangestation_detector/share/exchangestation_detector/local_setup.zsh
[1.755s] -- Up-to-date symlink: /home/jlurobovision/eng_ws/install/exchangestation_detector/share/exchangestation_detector/local_setup.dsv
[1.755s] -- Symlinking: /home/jlurobovision/eng_ws/install/exchangestation_detector/share/exchangestation_detector/package.dsv
[1.763s] -- Up-to-date symlink: /home/jlurobovision/eng_ws/install/exchangestation_detector/share/ament_index/resource_index/packages/exchangestation_detector
[1.763s] -- Up-to-date symlink: /home/jlurobovision/eng_ws/install/exchangestation_detector/share/ament_index/resource_index/rclcpp_components/exchangestation_detector
[1.764s] -- Up-to-date symlink: /home/jlurobovision/eng_ws/install/exchangestation_detector/share/exchangestation_detector/cmake/ament_cmake_export_dependencies-extras.cmake
[1.764s] -- Up-to-date symlink: /home/jlurobovision/eng_ws/install/exchangestation_detector/share/exchangestation_detector/cmake/ament_cmake_export_include_directories-extras.cmake
[1.764s] -- Up-to-date symlink: /home/jlurobovision/eng_ws/install/exchangestation_detector/share/exchangestation_detector/cmake/ament_cmake_export_libraries-extras.cmake
[1.764s] -- Up-to-date symlink: /home/jlurobovision/eng_ws/install/exchangestation_detector/share/exchangestation_detector/cmake/exchangestation_detectorConfig.cmake
[1.764s] -- Up-to-date symlink: /home/jlurobovision/eng_ws/install/exchangestation_detector/share/exchangestation_detector/cmake/exchangestation_detectorConfig-version.cmake
[1.764s] -- Up-to-date symlink: /home/jlurobovision/eng_ws/install/exchangestation_detector/share/exchangestation_detector/package.xml
[1.766s] Invoked command in '/home/jlurobovision/eng_ws/build/exchangestation_detector' returned '0': CMAKE_PREFIX_PATH=/home/jlurobovision/eng_ws/install/serial:/home/jlurobovision/eng_ws/install/msg_interfaces:/home/jlurobovision/eng_ws/install/exchangestation_detector:/home/jlurobovision/eng_ws/install/hik_camera:/home/jlurobovision/eng_ws/install/global_launch:/home/jlurobovision/eng_ws/install/galaxy_camera:/opt/ros/humble LD_LIBRARY_PATH=/home/jlurobovision/eng_ws/install/serial/lib:/home/jlurobovision/eng_ws/install/msg_interfaces/lib:/home/jlurobovision/eng_ws/install/exchangestation_detector/lib:/home/jlurobovision/eng_ws/install/hik_camera/lib:/home/jlurobovision/eng_ws/install/galaxy_camera/lib:/opt/ros/humble/opt/rviz_ogre_vendor/lib:/opt/ros/humble/lib/x86_64-linux-gnu:/opt/ros/humble/lib PYTHONPATH=/home/jlurobovision/eng_ws/install/msg_interfaces/lib/python3.10/site-packages:/home/jlurobovision/eng_ws/install/msg_interfaces/local/lib/python3.10/dist-packages:/opt/ros/humble/lib/python3.10/site-packages:/opt/ros/humble/local/lib/python3.10/dist-packages /usr/bin/cmake --install /home/jlurobovision/eng_ws/build/exchangestation_detector
