[0.090s] Invoking command in '/home/stardust/eng_ws/build/serial': CMAKE_PREFIX_PATH=/opt/ros/iron /usr/bin/cmake --build /home/stardust/eng_ws/build/serial -- -j8 -l8
[0.149s] -- Found ament_cmake: 2.0.4 (/opt/ros/iron/share/ament_cmake/cmake)
[0.372s] -- Found ament_cmake_auto: 2.0.4 (/opt/ros/iron/share/ament_cmake_auto/cmake)
[0.450s] -- Found ament_lint_auto: 0.14.3 (/opt/ros/iron/share/ament_lint_auto/cmake)
[0.482s] -- Added test 'cppcheck' to perform static code analysis on C / C++ code
[0.482s] -- Configured cppcheck include dirs: 
[0.482s] -- Configured cppcheck exclude dirs and/or files: 
[0.484s] -- Added test 'lint_cmake' to check CMake code style
[0.486s] -- Added test 'uncrustify' to check C / C++ code style
[0.486s] -- Configured uncrustify additional arguments: 
[0.487s] -- Added test 'xmllint' to check XML markup files
[0.491s] -- Configuring done
[0.501s] -- Generating done
[0.502s] -- Build files have been written to: /home/stardust/eng_ws/build/serial
[0.532s] Invoked command in '/home/stardust/eng_ws/build/serial' returned '0': CMAKE_PREFIX_PATH=/opt/ros/iron /usr/bin/cmake --build /home/stardust/eng_ws/build/serial -- -j8 -l8
[0.578s] Invoking command in '/home/stardust/eng_ws/build/serial': CMAKE_PREFIX_PATH=/opt/ros/iron /usr/bin/cmake --install /home/stardust/eng_ws/build/serial
[0.590s] -- Install configuration: ""
[0.590s] -- Up-to-date: /home/stardust/eng_ws/install/serial/include
[0.590s] -- Up-to-date: /home/stardust/eng_ws/install/serial/include/serial
[0.591s] -- Up-to-date: /home/stardust/eng_ws/install/serial/include/serial/serial.h
[0.591s] -- Up-to-date: /home/stardust/eng_ws/install/serial/include/serial/packet.hpp
[0.591s] -- Up-to-date: /home/stardust/eng_ws/install/serial/share/ament_index/resource_index/package_run_dependencies/serial
[0.591s] -- Installing: /home/stardust/eng_ws/install/serial/share/ament_index/resource_index/parent_prefix_path/serial
[0.591s] -- Installing: /home/stardust/eng_ws/install/serial/share/serial/environment/ament_prefix_path.sh
[0.591s] -- Up-to-date: /home/stardust/eng_ws/install/serial/share/serial/environment/ament_prefix_path.dsv
[0.591s] -- Installing: /home/stardust/eng_ws/install/serial/share/serial/environment/path.sh
[0.591s] -- Up-to-date: /home/stardust/eng_ws/install/serial/share/serial/environment/path.dsv
[0.592s] -- Up-to-date: /home/stardust/eng_ws/install/serial/share/serial/local_setup.bash
[0.592s] -- Up-to-date: /home/stardust/eng_ws/install/serial/share/serial/local_setup.sh
[0.592s] -- Up-to-date: /home/stardust/eng_ws/install/serial/share/serial/local_setup.zsh
[0.592s] -- Up-to-date: /home/stardust/eng_ws/install/serial/share/serial/local_setup.dsv
[0.592s] -- Up-to-date: /home/stardust/eng_ws/install/serial/share/serial/package.dsv
[0.592s] -- Up-to-date: /home/stardust/eng_ws/install/serial/share/ament_index/resource_index/packages/serial
[0.592s] -- Up-to-date: /home/stardust/eng_ws/install/serial/share/serial/cmake/ament_cmake_export_include_directories-extras.cmake
[0.592s] -- Installing: /home/stardust/eng_ws/install/serial/share/serial/cmake/serialConfig.cmake
[0.592s] -- Up-to-date: /home/stardust/eng_ws/install/serial/share/serial/cmake/serialConfig-version.cmake
[0.593s] -- Up-to-date: /home/stardust/eng_ws/install/serial/share/serial/package.xml
[0.594s] Invoked command in '/home/stardust/eng_ws/build/serial' returned '0': CMAKE_PREFIX_PATH=/opt/ros/iron /usr/bin/cmake --install /home/stardust/eng_ws/build/serial
