[0.020s] Invoking command in '/home/jlurobovision/eng_ws/build/camera_calibration': CMAKE_PREFIX_PATH=${CMAKE_PREFIX_PATH}:/opt/ros/humble /usr/bin/cmake --build /home/jlurobovision/eng_ws/build/camera_calibration -- -j12 -l12
[0.100s] [35m[1mConsolidate compiler generated dependencies of target camera_calibration[0m
[0.146s] [ 50%] [32mBuilding CXX object CMakeFiles/camera_calibration.dir/src/camera_calibration.cpp.o[0m
[5.830s] [01m[K/home/jlurobovision/eng_ws/src/camera_calibration/src/camera_calibration.cpp:[m[K In lambda function:
[5.830s] [01m[K/home/jlurobovision/eng_ws/src/camera_calibration/src/camera_calibration.cpp:47:52:[m[K [01;31m[Kerror: [m[Kno match for ‘[01m[Koperator=[m[K’ (operand types are ‘[01m[Kcv_bridge::CvImagePtr[m[K’ {aka ‘[01m[Kstd::shared_ptr<cv_bridge::CvImage>[m[K’} and ‘[01m[Kcv::Mat[m[K’)
[5.830s]    47 |         cv_ptr = cv_bridge::toCvCopy(msg, "bgr8")->[01;31m[Kimage[m[K;
[5.830s]       |                                                    [01;31m[K^~~~~[m[K
[5.834s] In file included from [01m[K/usr/include/c++/11/memory:77[m[K,
[5.834s]                  from [01m[K/usr/local/include/opencv4/opencv2/core/cvstd_wrapper.hpp:11[m[K,
[5.834s]                  from [01m[K/usr/local/include/opencv4/opencv2/core/cvstd.hpp:81[m[K,
[5.834s]                  from [01m[K/usr/local/include/opencv4/opencv2/core/base.hpp:58[m[K,
[5.834s]                  from [01m[K/usr/local/include/opencv4/opencv2/core.hpp:53[m[K,
[5.834s]                  from [01m[K/usr/local/include/opencv4/opencv2/opencv.hpp:52[m[K,
[5.834s]                  from [01m[K/home/jlurobovision/eng_ws/src/camera_calibration/src/camera_calibration.cpp:1[m[K:
[5.834s] [01m[K/usr/include/c++/11/bits/shared_ptr.h:363:9:[m[K [01;36m[Knote: [m[Kcandidate: ‘[01m[Ktemplate<class _Yp> std::shared_ptr<_Tp>::_Assignable<const std::shared_ptr<_Yp>&> std::shared_ptr<_Tp>::operator=(const std::shared_ptr<_Yp>&) [with _Yp = _Yp; _Tp = cv_bridge::CvImage][m[K’
[5.834s]   363 |         [01;36m[Koperator[m[K=(const shared_ptr<_Yp>& __r) noexcept
[5.834s]       |         [01;36m[K^~~~~~~~[m[K
[5.834s] [01m[K/usr/include/c++/11/bits/shared_ptr.h:363:9:[m[K [01;36m[Knote: [m[K  template argument deduction/substitution failed:
[5.834s] [01m[K/home/jlurobovision/eng_ws/src/camera_calibration/src/camera_calibration.cpp:47:52:[m[K [01;36m[Knote: [m[K  ‘[01m[Kcv::Mat[m[K’ is not derived from ‘[01m[Kconst std::shared_ptr<_Tp>[m[K’
[5.834s]    47 |         cv_ptr = cv_bridge::toCvCopy(msg, "bgr8")->[01;36m[Kimage[m[K;
[5.834s]       |                                                    [01;36m[K^~~~~[m[K
[5.834s] In file included from [01m[K/usr/include/c++/11/memory:77[m[K,
[5.835s]                  from [01m[K/usr/local/include/opencv4/opencv2/core/cvstd_wrapper.hpp:11[m[K,
[5.835s]                  from [01m[K/usr/local/include/opencv4/opencv2/core/cvstd.hpp:81[m[K,
[5.835s]                  from [01m[K/usr/local/include/opencv4/opencv2/core/base.hpp:58[m[K,
[5.835s]                  from [01m[K/usr/local/include/opencv4/opencv2/core.hpp:53[m[K,
[5.835s]                  from [01m[K/usr/local/include/opencv4/opencv2/opencv.hpp:52[m[K,
[5.835s]                  from [01m[K/home/jlurobovision/eng_ws/src/camera_calibration/src/camera_calibration.cpp:1[m[K:
[5.835s] [01m[K/usr/include/c++/11/bits/shared_ptr.h:374:9:[m[K [01;36m[Knote: [m[Kcandidate: ‘[01m[Ktemplate<class _Yp> std::shared_ptr<_Tp>::_Assignable<std::auto_ptr<_Up> > std::shared_ptr<_Tp>::operator=(std::auto_ptr<_Up>&&) [with _Yp = _Yp; _Tp = cv_bridge::CvImage][m[K’
[5.835s]   374 |         [01;36m[Koperator[m[K=(auto_ptr<_Yp>&& __r)
[5.835s]       |         [01;36m[K^~~~~~~~[m[K
[5.835s] [01m[K/usr/include/c++/11/bits/shared_ptr.h:374:9:[m[K [01;36m[Knote: [m[K  template argument deduction/substitution failed:
[5.835s] [01m[K/home/jlurobovision/eng_ws/src/camera_calibration/src/camera_calibration.cpp:47:52:[m[K [01;36m[Knote: [m[K  ‘[01m[Kcv::Mat[m[K’ is not derived from ‘[01m[Kstd::auto_ptr<_Up>[m[K’
[5.835s]    47 |         cv_ptr = cv_bridge::toCvCopy(msg, "bgr8")->[01;36m[Kimage[m[K;
[5.835s]       |                                                    [01;36m[K^~~~~[m[K
[5.835s] In file included from [01m[K/usr/include/c++/11/memory:77[m[K,
[5.835s]                  from [01m[K/usr/local/include/opencv4/opencv2/core/cvstd_wrapper.hpp:11[m[K,
[5.835s]                  from [01m[K/usr/local/include/opencv4/opencv2/core/cvstd.hpp:81[m[K,
[5.835s]                  from [01m[K/usr/local/include/opencv4/opencv2/core/base.hpp:58[m[K,
[5.836s]                  from [01m[K/usr/local/include/opencv4/opencv2/core.hpp:53[m[K,
[5.836s]                  from [01m[K/usr/local/include/opencv4/opencv2/opencv.hpp:52[m[K,
[5.836s]                  from [01m[K/home/jlurobovision/eng_ws/src/camera_calibration/src/camera_calibration.cpp:1[m[K:
[5.836s] [01m[K/usr/include/c++/11/bits/shared_ptr.h:391:9:[m[K [01;36m[Knote: [m[Kcandidate: ‘[01m[Ktemplate<class _Yp> std::shared_ptr<_Tp>::_Assignable<std::shared_ptr<_Yp> > std::shared_ptr<_Tp>::operator=(std::shared_ptr<_Yp>&&) [with _Yp = _Yp; _Tp = cv_bridge::CvImage][m[K’
[5.836s]   391 |         [01;36m[Koperator[m[K=(shared_ptr<_Yp>&& __r) noexcept
[5.836s]       |         [01;36m[K^~~~~~~~[m[K
[5.836s] [01m[K/usr/include/c++/11/bits/shared_ptr.h:391:9:[m[K [01;36m[Knote: [m[K  template argument deduction/substitution failed:
[5.836s] [01m[K/home/jlurobovision/eng_ws/src/camera_calibration/src/camera_calibration.cpp:47:52:[m[K [01;36m[Knote: [m[K  ‘[01m[Kcv::Mat[m[K’ is not derived from ‘[01m[Kstd::shared_ptr<_Tp>[m[K’
[5.836s]    47 |         cv_ptr = cv_bridge::toCvCopy(msg, "bgr8")->[01;36m[Kimage[m[K;
[5.836s]       |                                                    [01;36m[K^~~~~[m[K
[5.836s] In file included from [01m[K/usr/include/c++/11/memory:77[m[K,
[5.836s]                  from [01m[K/usr/local/include/opencv4/opencv2/core/cvstd_wrapper.hpp:11[m[K,
[5.836s]                  from [01m[K/usr/local/include/opencv4/opencv2/core/cvstd.hpp:81[m[K,
[5.836s]                  from [01m[K/usr/local/include/opencv4/opencv2/core/base.hpp:58[m[K,
[5.836s]                  from [01m[K/usr/local/include/opencv4/opencv2/core.hpp:53[m[K,
[5.836s]                  from [01m[K/usr/local/include/opencv4/opencv2/opencv.hpp:52[m[K,
[5.836s]                  from [01m[K/home/jlurobovision/eng_ws/src/camera_calibration/src/camera_calibration.cpp:1[m[K:
[5.837s] [01m[K/usr/include/c++/11/bits/shared_ptr.h:399:9:[m[K [01;36m[Knote: [m[Kcandidate: ‘[01m[Ktemplate<class _Yp, class _Del> std::shared_ptr<_Tp>::_Assignable<std::unique_ptr<_Up, _Ep> > std::shared_ptr<_Tp>::operator=(std::unique_ptr<_Up, _Ep>&&) [with _Yp = _Yp; _Del = _Del; _Tp = cv_bridge::CvImage][m[K’
[5.837s]   399 |         [01;36m[Koperator[m[K=(unique_ptr<_Yp, _Del>&& __r)
[5.837s]       |         [01;36m[K^~~~~~~~[m[K
[5.837s] [01m[K/usr/include/c++/11/bits/shared_ptr.h:399:9:[m[K [01;36m[Knote: [m[K  template argument deduction/substitution failed:
[5.837s] [01m[K/home/jlurobovision/eng_ws/src/camera_calibration/src/camera_calibration.cpp:47:52:[m[K [01;36m[Knote: [m[K  ‘[01m[Kcv::Mat[m[K’ is not derived from ‘[01m[Kstd::unique_ptr<_Tp, _Dp>[m[K’
[5.837s]    47 |         cv_ptr = cv_bridge::toCvCopy(msg, "bgr8")->[01;36m[Kimage[m[K;
[5.837s]       |                                                    [01;36m[K^~~~~[m[K
[5.837s] In file included from [01m[K/usr/include/c++/11/memory:77[m[K,
[5.837s]                  from [01m[K/usr/local/include/opencv4/opencv2/core/cvstd_wrapper.hpp:11[m[K,
[5.837s]                  from [01m[K/usr/local/include/opencv4/opencv2/core/cvstd.hpp:81[m[K,
[5.837s]                  from [01m[K/usr/local/include/opencv4/opencv2/core/base.hpp:58[m[K,
[5.837s]                  from [01m[K/usr/local/include/opencv4/opencv2/core.hpp:53[m[K,
[5.837s]                  from [01m[K/usr/local/include/opencv4/opencv2/opencv.hpp:52[m[K,
[5.837s]                  from [01m[K/home/jlurobovision/eng_ws/src/camera_calibration/src/camera_calibration.cpp:1[m[K:
[5.837s] [01m[K/usr/include/c++/11/bits/shared_ptr.h:359:19:[m[K [01;36m[Knote: [m[Kcandidate: ‘[01m[Kstd::shared_ptr<_Tp>& std::shared_ptr<_Tp>::operator=(const std::shared_ptr<_Tp>&) [with _Tp = cv_bridge::CvImage][m[K’
[5.837s]   359 |       shared_ptr& [01;36m[Koperator[m[K=(const shared_ptr&) noexcept = default;
[5.837s]       |                   [01;36m[K^~~~~~~~[m[K
[5.838s] [01m[K/usr/include/c++/11/bits/shared_ptr.h:359:29:[m[K [01;36m[Knote: [m[K  no known conversion for argument 1 from ‘[01m[Kcv::Mat[m[K’ to ‘[01m[Kconst std::shared_ptr<cv_bridge::CvImage>&[m[K’
[5.838s]   359 |       shared_ptr& operator=([01;36m[Kconst shared_ptr&[m[K) noexcept = default;
[5.838s]       |                             [01;36m[K^~~~~~~~~~~~~~~~~[m[K
[5.838s] [01m[K/usr/include/c++/11/bits/shared_ptr.h:383:7:[m[K [01;36m[Knote: [m[Kcandidate: ‘[01m[Kstd::shared_ptr<_Tp>& std::shared_ptr<_Tp>::operator=(std::shared_ptr<_Tp>&&) [with _Tp = cv_bridge::CvImage][m[K’
[5.838s]   383 |       [01;36m[Koperator[m[K=(shared_ptr&& __r) noexcept
[5.838s]       |       [01;36m[K^~~~~~~~[m[K
[5.838s] [01m[K/usr/include/c++/11/bits/shared_ptr.h:383:30:[m[K [01;36m[Knote: [m[K  no known conversion for argument 1 from ‘[01m[Kcv::Mat[m[K’ to ‘[01m[Kstd::shared_ptr<cv_bridge::CvImage>&&[m[K’
[5.838s]   383 |       operator=([01;36m[Kshared_ptr&& __r[m[K) noexcept
[5.838s]       |                 [01;36m[K~~~~~~~~~~~~~^~~[m[K
[12.338s] gmake[2]: *** [CMakeFiles/camera_calibration.dir/build.make:76：CMakeFiles/camera_calibration.dir/src/camera_calibration.cpp.o] 错误 1
[12.338s] gmake[1]: *** [CMakeFiles/Makefile2:137：CMakeFiles/camera_calibration.dir/all] 错误 2
[12.338s] gmake: *** [Makefile:146：all] 错误 2
[12.341s] Invoked command in '/home/jlurobovision/eng_ws/build/camera_calibration' returned '2': CMAKE_PREFIX_PATH=${CMAKE_PREFIX_PATH}:/opt/ros/humble /usr/bin/cmake --build /home/jlurobovision/eng_ws/build/camera_calibration -- -j12 -l12
