[0.070s] Invoking command in '/home/stardust/eng_ws/build/exchangestation_detector': CMAKE_PREFIX_PATH=${CMAKE_PREFIX_PATH}:/opt/ros/humble /usr/bin/cmake --build /home/stardust/eng_ws/build/exchangestation_detector -- -j8 -l8
[0.098s] -- Found ament_cmake: 1.3.7 (/opt/ros/humble/share/ament_cmake/cmake)
[0.240s] -- Found rclcpp: 16.0.8 (/opt/ros/humble/share/rclcpp/cmake)
[0.247s] [33mCMake Warning (dev) at /opt/ros/humble/share/ament_cmake_core/cmake/core/list_append_unique.cmake:30 (if):
[0.247s]   Policy CMP0057 is not set: Support new IN_LIST if() operator.  Run "cmake
[0.247s]   --help-policy CMP0057" for policy details.  Use the cmake_policy command to
[0.247s]   set the policy and suppress this warning.
[0.247s] 
[0.247s]   IN_LIST will be interpreted as an operator when the policy is set to NEW.
[0.247s]   Since the policy is not set the OLD behavior will be used.
[0.247s] Call Stack (most recent call first):
[0.248s]   /opt/ros/humble/share/rclcpp/cmake/ament_cmake_export_dependencies-extras.cmake:34 (list_append_unique)
[0.248s]   /opt/ros/humble/share/rclcpp/cmake/rclcppConfig.cmake:41 (include)
[0.248s]   CMakeLists.txt:11 (find_package)
[0.248s] This warning is for project developers.  Use -Wno-dev to suppress it.
[0.248s] [0m
[0.248s] [31mCMake Error at /opt/ros/humble/share/ament_cmake_core/cmake/core/list_append_unique.cmake:30 (if):
[0.248s]   if given arguments:
[0.248s] 
[0.248s]     "NOT" "element" "IN_LIST" "rclcpp_INCLUDE_DIRS"
[0.248s] 
[0.248s]   Unknown arguments specified
[0.248s] Call Stack (most recent call first):
[0.248s]   /opt/ros/humble/share/rclcpp/cmake/ament_cmake_export_dependencies-extras.cmake:34 (list_append_unique)
[0.248s]   /opt/ros/humble/share/rclcpp/cmake/rclcppConfig.cmake:41 (include)
[0.248s]   CMakeLists.txt:11 (find_package)
[0.248s] 
[0.248s] [0m
[0.248s] -- Configuring incomplete, errors occurred!
[0.248s] See also "/home/stardust/eng_ws/build/exchangestation_detector/CMakeFiles/CMakeOutput.log".
[0.250s] gmake: *** [Makefile:294：cmake_check_build_system] 错误 1
[0.253s] Invoked command in '/home/stardust/eng_ws/build/exchangestation_detector' returned '2': CMAKE_PREFIX_PATH=${CMAKE_PREFIX_PATH}:/opt/ros/humble /usr/bin/cmake --build /home/stardust/eng_ws/build/exchangestation_detector -- -j8 -l8
