-- Found ament_cmake: 1.3.7 (/opt/ros/humble/share/ament_cmake/cmake)
-- Found ament_cmake_auto: 1.3.7 (/opt/ros/humble/share/ament_cmake_auto/cmake)
-- Found image_transport: 3.1.8 (/opt/ros/humble/share/image_transport/cmake)
-- Found rosidl_generator_c: 3.1.5 (/opt/ros/humble/share/rosidl_generator_c/cmake)
-- Found rosidl_adapter: 3.1.5 (/opt/ros/humble/share/rosidl_adapter/cmake)
-- Found rosidl_generator_cpp: 3.1.5 (/opt/ros/humble/share/rosidl_generator_cpp/cmake)
-- Using all available rosidl_typesupport_c: rosidl_typesupport_fastrtps_c;rosidl_typesupport_introspection_c
-- Using all available rosidl_typesupport_cpp: rosidl_typesupport_fastrtps_cpp;rosidl_typesupport_introspection_cpp
-- Found rmw_implementation_cmake: 6.1.1 (/opt/ros/humble/share/rmw_implementation_cmake/cmake)
-- Found rmw_fastrtps_cpp: 6.2.6 (/opt/ros/humble/share/rmw_fastrtps_cpp/cmake)
-- Using RMW implementation 'rmw_fastrtps_cpp' as default
-- Found cv_bridge: 3.2.1 (/opt/ros/humble/share/cv_bridge/cmake)
-- Found serial: 0.0.0 (/home/stardust/eng_ws/install/serial/share/serial/cmake)
[31mCMake Error at CMakeLists.txt:18 (find_package):
  By not providing "Findmsg.cmake" in CMAKE_MODULE_PATH this project has
  asked CMake to find a package configuration file provided by "msg", but
  CMake did not find one.

  Could not find a package configuration file provided by "msg" with any of
  the following names:

    msgConfig.cmake
    msg-config.cmake

  Add the installation prefix of "msg" to CMAKE_PREFIX_PATH or set "msg_DIR"
  to a directory containing one of the above files.  If "msg" provides a
  separate development package or SDK, be sure it has been installed.

[0m
-- Configuring incomplete, errors occurred!
See also "/home/stardust/eng_ws/build/exchangestation_detector/CMakeFiles/CMakeOutput.log".
gmake: *** [Makefile:294：cmake_check_build_system] 错误 1
