[0.070s] Invoking command in '/home/stardust/eng_ws/build/exchangestation_detector': CMAKE_PREFIX_PATH=/home/stardust/eng_ws/install/msg_interface:/home/stardust/eng_ws/install/serial:/home/stardust/eng_ws/install/hik_camera:/opt/ros/humble /usr/bin/cmake --build /home/stardust/eng_ws/build/exchangestation_detector -- -j8 -l8
[0.101s] -- Found ament_cmake: 1.3.7 (/opt/ros/humble/share/ament_cmake/cmake)
[0.242s] -- Found ament_cmake_auto: 1.3.7 (/opt/ros/humble/share/ament_cmake_auto/cmake)
[0.243s] -- Found image_transport: 3.1.8 (/opt/ros/humble/share/image_transport/cmake)
[0.272s] -- Found rosidl_generator_c: 3.1.5 (/opt/ros/humble/share/rosidl_generator_c/cmake)
[0.274s] -- Found rosidl_adapter: 3.1.5 (/opt/ros/humble/share/rosidl_adapter/cmake)
[0.280s] -- Found rosidl_generator_cpp: 3.1.5 (/opt/ros/humble/share/rosidl_generator_cpp/cmake)
[0.290s] -- Using all available rosidl_typesupport_c: rosidl_typesupport_fastrtps_c;rosidl_typesupport_introspection_c
[0.303s] -- Using all available rosidl_typesupport_cpp: rosidl_typesupport_fastrtps_cpp;rosidl_typesupport_introspection_cpp
[0.350s] -- Found rmw_implementation_cmake: 6.1.1 (/opt/ros/humble/share/rmw_implementation_cmake/cmake)
[0.351s] -- Found rmw_fastrtps_cpp: 6.2.6 (/opt/ros/humble/share/rmw_fastrtps_cpp/cmake)
[0.470s] -- Using RMW implementation 'rmw_fastrtps_cpp' as default
[0.729s] -- Found cv_bridge: 3.2.1 (/opt/ros/humble/share/cv_bridge/cmake)
[0.735s] -- Found serial: 0.0.0 (/home/stardust/eng_ws/install/serial/share/serial/cmake)
[0.747s] [31mCMake Error at CMakeLists.txt:18 (find_package):
[0.747s]   By not providing "Findmsg.cmake" in CMAKE_MODULE_PATH this project has
[0.747s]   asked CMake to find a package configuration file provided by "msg", but
[0.747s]   CMake did not find one.
[0.747s] 
[0.747s]   Could not find a package configuration file provided by "msg" with any of
[0.747s]   the following names:
[0.747s] 
[0.747s]     msgConfig.cmake
[0.747s]     msg-config.cmake
[0.748s] 
[0.748s]   Add the installation prefix of "msg" to CMAKE_PREFIX_PATH or set "msg_DIR"
[0.748s]   to a directory containing one of the above files.  If "msg" provides a
[0.748s]   separate development package or SDK, be sure it has been installed.
[0.748s] 
[0.748s] [0m
[0.748s] -- Configuring incomplete, errors occurred!
[0.748s] See also "/home/stardust/eng_ws/build/exchangestation_detector/CMakeFiles/CMakeOutput.log".
[0.755s] gmake: *** [Makefile:294：cmake_check_build_system] 错误 1
[0.758s] Invoked command in '/home/stardust/eng_ws/build/exchangestation_detector' returned '2': CMAKE_PREFIX_PATH=/home/stardust/eng_ws/install/msg_interface:/home/stardust/eng_ws/install/serial:/home/stardust/eng_ws/install/hik_camera:/opt/ros/humble /usr/bin/cmake --build /home/stardust/eng_ws/build/exchangestation_detector -- -j8 -l8
