[0.110s] DEBUG:colcon:Command line arguments: ['/usr/bin/colcon', 'build']
[0.110s] DEBUG:colcon:Parsed command line arguments: Namespace(log_base=None, log_level=None, verb_name='build', build_base='build', install_base='install', merge_install=False, symlink_install=False, test_result_base=None, continue_on_error=False, executor='parallel', parallel_workers=12, event_handlers=None, ignore_user_meta=False, metas=['./colcon.meta'], base_paths=['.'], packages_ignore=None, packages_ignore_regex=None, paths=None, packages_up_to=None, packages_up_to_regex=None, packages_above=None, packages_above_and_dependencies=None, packages_above_depth=None, packages_select_by_dep=None, packages_skip_by_dep=None, packages_skip_up_to=None, packages_select_build_failed=False, packages_skip_build_finished=False, packages_select_test_failures=False, packages_skip_test_passed=False, packages_select=None, packages_skip=None, packages_select_regex=None, packages_skip_regex=None, packages_start=None, packages_end=None, allow_overriding=[], cmake_args=None, cmake_target=None, cmake_target_skip_unavailable=False, cmake_clean_cache=False, cmake_clean_first=False, cmake_force_configure=False, ament_cmake_args=None, catkin_cmake_args=None, catkin_skip_building_tests=False, verb_parser=<colcon_defaults.argument_parser.defaults.DefaultArgumentsDecorator object at 0x7fd638210f40>, verb_extension=<colcon_core.verb.build.BuildVerb object at 0x7fd63830dba0>, main=<bound method BuildVerb.main of <colcon_core.verb.build.BuildVerb object at 0x7fd63830dba0>>)
[0.358s] Level 1:colcon.colcon_core.package_discovery:discover_packages(colcon_meta) check parameters
[0.358s] Level 1:colcon.colcon_core.package_discovery:discover_packages(recursive) check parameters
[0.358s] Level 1:colcon.colcon_core.package_discovery:discover_packages(ignore) check parameters
[0.358s] Level 1:colcon.colcon_core.package_discovery:discover_packages(path) check parameters
[0.358s] Level 1:colcon.colcon_core.package_discovery:discover_packages(colcon_meta) discover
[0.358s] Level 1:colcon.colcon_core.package_discovery:discover_packages(recursive) discover
[0.358s] INFO:colcon.colcon_core.package_discovery:Crawling recursively for packages in '/home/jlurobovision/eng_ws'
[0.358s] Level 1:colcon.colcon_core.package_identification:_identify(.) by extensions ['ignore', 'ignore_ament_install']
[0.358s] Level 1:colcon.colcon_core.package_identification:_identify(.) by extension 'ignore'
[0.358s] Level 1:colcon.colcon_core.package_identification:_identify(.) by extension 'ignore_ament_install'
[0.358s] Level 1:colcon.colcon_core.package_identification:_identify(.) by extensions ['colcon_pkg']
[0.358s] Level 1:colcon.colcon_core.package_identification:_identify(.) by extension 'colcon_pkg'
[0.358s] Level 1:colcon.colcon_core.package_identification:_identify(.) by extensions ['colcon_meta']
[0.358s] Level 1:colcon.colcon_core.package_identification:_identify(.) by extension 'colcon_meta'
[0.358s] Level 1:colcon.colcon_core.package_identification:_identify(.) by extensions ['ros']
[0.359s] Level 1:colcon.colcon_core.package_identification:_identify(.) by extension 'ros'
[0.370s] Level 1:colcon.colcon_core.package_identification:_identify(.) by extensions ['cmake', 'python']
[0.370s] Level 1:colcon.colcon_core.package_identification:_identify(.) by extension 'cmake'
[0.370s] Level 1:colcon.colcon_core.package_identification:_identify(.) by extension 'python'
[0.371s] Level 1:colcon.colcon_core.package_identification:_identify(.) by extensions ['python_setup_py']
[0.371s] Level 1:colcon.colcon_core.package_identification:_identify(.) by extension 'python_setup_py'
[0.371s] Level 1:colcon.colcon_core.package_identification:_identify(build) by extensions ['ignore', 'ignore_ament_install']
[0.371s] Level 1:colcon.colcon_core.package_identification:_identify(build) by extension 'ignore'
[0.371s] Level 1:colcon.colcon_core.package_identification:_identify(build) ignored
[0.371s] Level 1:colcon.colcon_core.package_identification:_identify(install) by extensions ['ignore', 'ignore_ament_install']
[0.371s] Level 1:colcon.colcon_core.package_identification:_identify(install) by extension 'ignore'
[0.371s] Level 1:colcon.colcon_core.package_identification:_identify(install) ignored
[0.372s] Level 1:colcon.colcon_core.package_identification:_identify(log) by extensions ['ignore', 'ignore_ament_install']
[0.372s] Level 1:colcon.colcon_core.package_identification:_identify(log) by extension 'ignore'
[0.372s] Level 1:colcon.colcon_core.package_identification:_identify(log) ignored
[0.372s] Level 1:colcon.colcon_core.package_identification:_identify(src) by extensions ['ignore', 'ignore_ament_install']
[0.372s] Level 1:colcon.colcon_core.package_identification:_identify(src) by extension 'ignore'
[0.372s] Level 1:colcon.colcon_core.package_identification:_identify(src) by extension 'ignore_ament_install'
[0.372s] Level 1:colcon.colcon_core.package_identification:_identify(src) by extensions ['colcon_pkg']
[0.372s] Level 1:colcon.colcon_core.package_identification:_identify(src) by extension 'colcon_pkg'
[0.372s] Level 1:colcon.colcon_core.package_identification:_identify(src) by extensions ['colcon_meta']
[0.372s] Level 1:colcon.colcon_core.package_identification:_identify(src) by extension 'colcon_meta'
[0.372s] Level 1:colcon.colcon_core.package_identification:_identify(src) by extensions ['ros']
[0.372s] Level 1:colcon.colcon_core.package_identification:_identify(src) by extension 'ros'
[0.373s] Level 1:colcon.colcon_core.package_identification:_identify(src) by extensions ['cmake', 'python']
[0.373s] Level 1:colcon.colcon_core.package_identification:_identify(src) by extension 'cmake'
[0.373s] Level 1:colcon.colcon_core.package_identification:_identify(src) by extension 'python'
[0.373s] Level 1:colcon.colcon_core.package_identification:_identify(src) by extensions ['python_setup_py']
[0.373s] Level 1:colcon.colcon_core.package_identification:_identify(src) by extension 'python_setup_py'
[0.373s] Level 1:colcon.colcon_core.package_identification:_identify(src/exchangestation_detector) by extensions ['ignore', 'ignore_ament_install']
[0.373s] Level 1:colcon.colcon_core.package_identification:_identify(src/exchangestation_detector) by extension 'ignore'
[0.373s] Level 1:colcon.colcon_core.package_identification:_identify(src/exchangestation_detector) by extension 'ignore_ament_install'
[0.373s] Level 1:colcon.colcon_core.package_identification:_identify(src/exchangestation_detector) by extensions ['colcon_pkg']
[0.373s] Level 1:colcon.colcon_core.package_identification:_identify(src/exchangestation_detector) by extension 'colcon_pkg'
[0.373s] Level 1:colcon.colcon_core.package_identification:_identify(src/exchangestation_detector) by extensions ['colcon_meta']
[0.373s] Level 1:colcon.colcon_core.package_identification:_identify(src/exchangestation_detector) by extension 'colcon_meta'
[0.373s] Level 1:colcon.colcon_core.package_identification:_identify(src/exchangestation_detector) by extensions ['ros']
[0.373s] Level 1:colcon.colcon_core.package_identification:_identify(src/exchangestation_detector) by extension 'ros'
[0.377s] DEBUG:colcon.colcon_core.package_identification:Package 'src/exchangestation_detector' with type 'ros.ament_cmake' and name 'exchangestation_detector'
[0.377s] Level 1:colcon.colcon_core.package_identification:_identify(src/galaxy_camera) by extensions ['ignore', 'ignore_ament_install']
[0.377s] Level 1:colcon.colcon_core.package_identification:_identify(src/galaxy_camera) by extension 'ignore'
[0.377s] Level 1:colcon.colcon_core.package_identification:_identify(src/galaxy_camera) by extension 'ignore_ament_install'
[0.377s] Level 1:colcon.colcon_core.package_identification:_identify(src/galaxy_camera) by extensions ['colcon_pkg']
[0.377s] Level 1:colcon.colcon_core.package_identification:_identify(src/galaxy_camera) by extension 'colcon_pkg'
[0.378s] Level 1:colcon.colcon_core.package_identification:_identify(src/galaxy_camera) by extensions ['colcon_meta']
[0.378s] Level 1:colcon.colcon_core.package_identification:_identify(src/galaxy_camera) by extension 'colcon_meta'
[0.378s] Level 1:colcon.colcon_core.package_identification:_identify(src/galaxy_camera) by extensions ['ros']
[0.378s] Level 1:colcon.colcon_core.package_identification:_identify(src/galaxy_camera) by extension 'ros'
[0.379s] DEBUG:colcon.colcon_core.package_identification:Package 'src/galaxy_camera' with type 'ros.ament_cmake' and name 'galaxy_camera'
[0.379s] Level 1:colcon.colcon_core.package_identification:_identify(src/global_launch) by extensions ['ignore', 'ignore_ament_install']
[0.379s] Level 1:colcon.colcon_core.package_identification:_identify(src/global_launch) by extension 'ignore'
[0.379s] Level 1:colcon.colcon_core.package_identification:_identify(src/global_launch) by extension 'ignore_ament_install'
[0.379s] Level 1:colcon.colcon_core.package_identification:_identify(src/global_launch) by extensions ['colcon_pkg']
[0.379s] Level 1:colcon.colcon_core.package_identification:_identify(src/global_launch) by extension 'colcon_pkg'
[0.379s] Level 1:colcon.colcon_core.package_identification:_identify(src/global_launch) by extensions ['colcon_meta']
[0.379s] Level 1:colcon.colcon_core.package_identification:_identify(src/global_launch) by extension 'colcon_meta'
[0.379s] Level 1:colcon.colcon_core.package_identification:_identify(src/global_launch) by extensions ['ros']
[0.379s] Level 1:colcon.colcon_core.package_identification:_identify(src/global_launch) by extension 'ros'
[0.380s] DEBUG:colcon.colcon_core.package_identification:Package 'src/global_launch' with type 'ros.ament_cmake' and name 'global_launch'
[0.380s] Level 1:colcon.colcon_core.package_identification:_identify(src/hik_camera) by extensions ['ignore', 'ignore_ament_install']
[0.380s] Level 1:colcon.colcon_core.package_identification:_identify(src/hik_camera) by extension 'ignore'
[0.380s] Level 1:colcon.colcon_core.package_identification:_identify(src/hik_camera) by extension 'ignore_ament_install'
[0.380s] Level 1:colcon.colcon_core.package_identification:_identify(src/hik_camera) by extensions ['colcon_pkg']
[0.380s] Level 1:colcon.colcon_core.package_identification:_identify(src/hik_camera) by extension 'colcon_pkg'
[0.380s] Level 1:colcon.colcon_core.package_identification:_identify(src/hik_camera) by extensions ['colcon_meta']
[0.380s] Level 1:colcon.colcon_core.package_identification:_identify(src/hik_camera) by extension 'colcon_meta'
[0.380s] Level 1:colcon.colcon_core.package_identification:_identify(src/hik_camera) by extensions ['ros']
[0.380s] Level 1:colcon.colcon_core.package_identification:_identify(src/hik_camera) by extension 'ros'
[0.381s] DEBUG:colcon.colcon_core.package_identification:Package 'src/hik_camera' with type 'ros.ament_cmake' and name 'hik_camera'
[0.381s] Level 1:colcon.colcon_core.package_identification:_identify(src/msg_interfaces) by extensions ['ignore', 'ignore_ament_install']
[0.381s] Level 1:colcon.colcon_core.package_identification:_identify(src/msg_interfaces) by extension 'ignore'
[0.381s] Level 1:colcon.colcon_core.package_identification:_identify(src/msg_interfaces) by extension 'ignore_ament_install'
[0.382s] Level 1:colcon.colcon_core.package_identification:_identify(src/msg_interfaces) by extensions ['colcon_pkg']
[0.382s] Level 1:colcon.colcon_core.package_identification:_identify(src/msg_interfaces) by extension 'colcon_pkg'
[0.382s] Level 1:colcon.colcon_core.package_identification:_identify(src/msg_interfaces) by extensions ['colcon_meta']
[0.382s] Level 1:colcon.colcon_core.package_identification:_identify(src/msg_interfaces) by extension 'colcon_meta'
[0.382s] Level 1:colcon.colcon_core.package_identification:_identify(src/msg_interfaces) by extensions ['ros']
[0.382s] Level 1:colcon.colcon_core.package_identification:_identify(src/msg_interfaces) by extension 'ros'
[0.382s] DEBUG:colcon.colcon_core.package_identification:Package 'src/msg_interfaces' with type 'ros.ament_cmake' and name 'msg_interfaces'
[0.382s] Level 1:colcon.colcon_core.package_identification:_identify(src/serial) by extensions ['ignore', 'ignore_ament_install']
[0.382s] Level 1:colcon.colcon_core.package_identification:_identify(src/serial) by extension 'ignore'
[0.383s] Level 1:colcon.colcon_core.package_identification:_identify(src/serial) by extension 'ignore_ament_install'
[0.383s] Level 1:colcon.colcon_core.package_identification:_identify(src/serial) by extensions ['colcon_pkg']
[0.383s] Level 1:colcon.colcon_core.package_identification:_identify(src/serial) by extension 'colcon_pkg'
[0.383s] Level 1:colcon.colcon_core.package_identification:_identify(src/serial) by extensions ['colcon_meta']
[0.383s] Level 1:colcon.colcon_core.package_identification:_identify(src/serial) by extension 'colcon_meta'
[0.383s] Level 1:colcon.colcon_core.package_identification:_identify(src/serial) by extensions ['ros']
[0.383s] Level 1:colcon.colcon_core.package_identification:_identify(src/serial) by extension 'ros'
[0.384s] DEBUG:colcon.colcon_core.package_identification:Package 'src/serial' with type 'ros.ament_cmake' and name 'serial'
[0.385s] Level 1:colcon.colcon_core.package_discovery:discover_packages(recursive) using defaults
[0.385s] Level 1:colcon.colcon_core.package_discovery:discover_packages(ignore) discover
[0.385s] Level 1:colcon.colcon_core.package_discovery:discover_packages(ignore) using defaults
[0.385s] Level 1:colcon.colcon_core.package_discovery:discover_packages(path) discover
[0.385s] Level 1:colcon.colcon_core.package_discovery:discover_packages(path) using defaults
[0.448s] Level 1:colcon.colcon_core.package_discovery:discover_packages(prefix_path) check parameters
[0.448s] Level 1:colcon.colcon_core.package_discovery:discover_packages(prefix_path) discover
[0.452s] DEBUG:colcon.colcon_installed_package_information.package_discovery:Found 6 installed packages in /home/jlurobovision/eng_ws/install
[0.453s] DEBUG:colcon.colcon_installed_package_information.package_discovery:Found 273 installed packages in /opt/ros/humble
[0.455s] Level 1:colcon.colcon_core.package_discovery:discover_packages(prefix_path) using defaults
[0.498s] Level 5:colcon.colcon_core.verb:set package 'galaxy_camera' build argument 'cmake_args' from command line to 'None'
[0.498s] Level 5:colcon.colcon_core.verb:set package 'galaxy_camera' build argument 'cmake_target' from command line to 'None'
[0.498s] Level 5:colcon.colcon_core.verb:set package 'galaxy_camera' build argument 'cmake_target_skip_unavailable' from command line to 'False'
[0.498s] Level 5:colcon.colcon_core.verb:set package 'galaxy_camera' build argument 'cmake_clean_cache' from command line to 'False'
[0.498s] Level 5:colcon.colcon_core.verb:set package 'galaxy_camera' build argument 'cmake_clean_first' from command line to 'False'
[0.498s] Level 5:colcon.colcon_core.verb:set package 'galaxy_camera' build argument 'cmake_force_configure' from command line to 'False'
[0.498s] Level 5:colcon.colcon_core.verb:set package 'galaxy_camera' build argument 'ament_cmake_args' from command line to 'None'
[0.498s] Level 5:colcon.colcon_core.verb:set package 'galaxy_camera' build argument 'catkin_cmake_args' from command line to 'None'
[0.498s] Level 5:colcon.colcon_core.verb:set package 'galaxy_camera' build argument 'catkin_skip_building_tests' from command line to 'False'
[0.498s] DEBUG:colcon.colcon_core.verb:Building package 'galaxy_camera' with the following arguments: {'ament_cmake_args': None, 'build_base': '/home/jlurobovision/eng_ws/build/galaxy_camera', 'catkin_cmake_args': None, 'catkin_skip_building_tests': False, 'cmake_args': None, 'cmake_clean_cache': False, 'cmake_clean_first': False, 'cmake_force_configure': False, 'cmake_target': None, 'cmake_target_skip_unavailable': False, 'install_base': '/home/jlurobovision/eng_ws/install/galaxy_camera', 'merge_install': False, 'path': '/home/jlurobovision/eng_ws/src/galaxy_camera', 'symlink_install': False, 'test_result_base': None}
[0.498s] Level 5:colcon.colcon_core.verb:set package 'global_launch' build argument 'cmake_args' from command line to 'None'
[0.499s] Level 5:colcon.colcon_core.verb:set package 'global_launch' build argument 'cmake_target' from command line to 'None'
[0.499s] Level 5:colcon.colcon_core.verb:set package 'global_launch' build argument 'cmake_target_skip_unavailable' from command line to 'False'
[0.499s] Level 5:colcon.colcon_core.verb:set package 'global_launch' build argument 'cmake_clean_cache' from command line to 'False'
[0.499s] Level 5:colcon.colcon_core.verb:set package 'global_launch' build argument 'cmake_clean_first' from command line to 'False'
[0.499s] Level 5:colcon.colcon_core.verb:set package 'global_launch' build argument 'cmake_force_configure' from command line to 'False'
[0.499s] Level 5:colcon.colcon_core.verb:set package 'global_launch' build argument 'ament_cmake_args' from command line to 'None'
[0.499s] Level 5:colcon.colcon_core.verb:set package 'global_launch' build argument 'catkin_cmake_args' from command line to 'None'
[0.499s] Level 5:colcon.colcon_core.verb:set package 'global_launch' build argument 'catkin_skip_building_tests' from command line to 'False'
[0.499s] DEBUG:colcon.colcon_core.verb:Building package 'global_launch' with the following arguments: {'ament_cmake_args': None, 'build_base': '/home/jlurobovision/eng_ws/build/global_launch', 'catkin_cmake_args': None, 'catkin_skip_building_tests': False, 'cmake_args': None, 'cmake_clean_cache': False, 'cmake_clean_first': False, 'cmake_force_configure': False, 'cmake_target': None, 'cmake_target_skip_unavailable': False, 'install_base': '/home/jlurobovision/eng_ws/install/global_launch', 'merge_install': False, 'path': '/home/jlurobovision/eng_ws/src/global_launch', 'symlink_install': False, 'test_result_base': None}
[0.499s] Level 5:colcon.colcon_core.verb:set package 'hik_camera' build argument 'cmake_args' from command line to 'None'
[0.499s] Level 5:colcon.colcon_core.verb:set package 'hik_camera' build argument 'cmake_target' from command line to 'None'
[0.499s] Level 5:colcon.colcon_core.verb:set package 'hik_camera' build argument 'cmake_target_skip_unavailable' from command line to 'False'
[0.499s] Level 5:colcon.colcon_core.verb:set package 'hik_camera' build argument 'cmake_clean_cache' from command line to 'False'
[0.499s] Level 5:colcon.colcon_core.verb:set package 'hik_camera' build argument 'cmake_clean_first' from command line to 'False'
[0.499s] Level 5:colcon.colcon_core.verb:set package 'hik_camera' build argument 'cmake_force_configure' from command line to 'False'
[0.499s] Level 5:colcon.colcon_core.verb:set package 'hik_camera' build argument 'ament_cmake_args' from command line to 'None'
[0.499s] Level 5:colcon.colcon_core.verb:set package 'hik_camera' build argument 'catkin_cmake_args' from command line to 'None'
[0.499s] Level 5:colcon.colcon_core.verb:set package 'hik_camera' build argument 'catkin_skip_building_tests' from command line to 'False'
[0.499s] DEBUG:colcon.colcon_core.verb:Building package 'hik_camera' with the following arguments: {'ament_cmake_args': None, 'build_base': '/home/jlurobovision/eng_ws/build/hik_camera', 'catkin_cmake_args': None, 'catkin_skip_building_tests': False, 'cmake_args': None, 'cmake_clean_cache': False, 'cmake_clean_first': False, 'cmake_force_configure': False, 'cmake_target': None, 'cmake_target_skip_unavailable': False, 'install_base': '/home/jlurobovision/eng_ws/install/hik_camera', 'merge_install': False, 'path': '/home/jlurobovision/eng_ws/src/hik_camera', 'symlink_install': False, 'test_result_base': None}
[0.500s] Level 5:colcon.colcon_core.verb:set package 'msg_interfaces' build argument 'cmake_args' from command line to 'None'
[0.500s] Level 5:colcon.colcon_core.verb:set package 'msg_interfaces' build argument 'cmake_target' from command line to 'None'
[0.500s] Level 5:colcon.colcon_core.verb:set package 'msg_interfaces' build argument 'cmake_target_skip_unavailable' from command line to 'False'
[0.500s] Level 5:colcon.colcon_core.verb:set package 'msg_interfaces' build argument 'cmake_clean_cache' from command line to 'False'
[0.500s] Level 5:colcon.colcon_core.verb:set package 'msg_interfaces' build argument 'cmake_clean_first' from command line to 'False'
[0.500s] Level 5:colcon.colcon_core.verb:set package 'msg_interfaces' build argument 'cmake_force_configure' from command line to 'False'
[0.500s] Level 5:colcon.colcon_core.verb:set package 'msg_interfaces' build argument 'ament_cmake_args' from command line to 'None'
[0.500s] Level 5:colcon.colcon_core.verb:set package 'msg_interfaces' build argument 'catkin_cmake_args' from command line to 'None'
[0.500s] Level 5:colcon.colcon_core.verb:set package 'msg_interfaces' build argument 'catkin_skip_building_tests' from command line to 'False'
[0.500s] DEBUG:colcon.colcon_core.verb:Building package 'msg_interfaces' with the following arguments: {'ament_cmake_args': None, 'build_base': '/home/jlurobovision/eng_ws/build/msg_interfaces', 'catkin_cmake_args': None, 'catkin_skip_building_tests': False, 'cmake_args': None, 'cmake_clean_cache': False, 'cmake_clean_first': False, 'cmake_force_configure': False, 'cmake_target': None, 'cmake_target_skip_unavailable': False, 'install_base': '/home/jlurobovision/eng_ws/install/msg_interfaces', 'merge_install': False, 'path': '/home/jlurobovision/eng_ws/src/msg_interfaces', 'symlink_install': False, 'test_result_base': None}
[0.500s] Level 5:colcon.colcon_core.verb:set package 'serial' build argument 'cmake_args' from command line to 'None'
[0.500s] Level 5:colcon.colcon_core.verb:set package 'serial' build argument 'cmake_target' from command line to 'None'
[0.500s] Level 5:colcon.colcon_core.verb:set package 'serial' build argument 'cmake_target_skip_unavailable' from command line to 'False'
[0.500s] Level 5:colcon.colcon_core.verb:set package 'serial' build argument 'cmake_clean_cache' from command line to 'False'
[0.500s] Level 5:colcon.colcon_core.verb:set package 'serial' build argument 'cmake_clean_first' from command line to 'False'
[0.500s] Level 5:colcon.colcon_core.verb:set package 'serial' build argument 'cmake_force_configure' from command line to 'False'
[0.501s] Level 5:colcon.colcon_core.verb:set package 'serial' build argument 'ament_cmake_args' from command line to 'None'
[0.501s] Level 5:colcon.colcon_core.verb:set package 'serial' build argument 'catkin_cmake_args' from command line to 'None'
[0.501s] Level 5:colcon.colcon_core.verb:set package 'serial' build argument 'catkin_skip_building_tests' from command line to 'False'
[0.501s] DEBUG:colcon.colcon_core.verb:Building package 'serial' with the following arguments: {'ament_cmake_args': None, 'build_base': '/home/jlurobovision/eng_ws/build/serial', 'catkin_cmake_args': None, 'catkin_skip_building_tests': False, 'cmake_args': None, 'cmake_clean_cache': False, 'cmake_clean_first': False, 'cmake_force_configure': False, 'cmake_target': None, 'cmake_target_skip_unavailable': False, 'install_base': '/home/jlurobovision/eng_ws/install/serial', 'merge_install': False, 'path': '/home/jlurobovision/eng_ws/src/serial', 'symlink_install': False, 'test_result_base': None}
[0.501s] Level 5:colcon.colcon_core.verb:set package 'exchangestation_detector' build argument 'cmake_args' from command line to 'None'
[0.501s] Level 5:colcon.colcon_core.verb:set package 'exchangestation_detector' build argument 'cmake_target' from command line to 'None'
[0.501s] Level 5:colcon.colcon_core.verb:set package 'exchangestation_detector' build argument 'cmake_target_skip_unavailable' from command line to 'False'
[0.501s] Level 5:colcon.colcon_core.verb:set package 'exchangestation_detector' build argument 'cmake_clean_cache' from command line to 'False'
[0.501s] Level 5:colcon.colcon_core.verb:set package 'exchangestation_detector' build argument 'cmake_clean_first' from command line to 'False'
[0.501s] Level 5:colcon.colcon_core.verb:set package 'exchangestation_detector' build argument 'cmake_force_configure' from command line to 'False'
[0.501s] Level 5:colcon.colcon_core.verb:set package 'exchangestation_detector' build argument 'ament_cmake_args' from command line to 'None'
[0.501s] Level 5:colcon.colcon_core.verb:set package 'exchangestation_detector' build argument 'catkin_cmake_args' from command line to 'None'
[0.501s] Level 5:colcon.colcon_core.verb:set package 'exchangestation_detector' build argument 'catkin_skip_building_tests' from command line to 'False'
[0.501s] DEBUG:colcon.colcon_core.verb:Building package 'exchangestation_detector' with the following arguments: {'ament_cmake_args': None, 'build_base': '/home/jlurobovision/eng_ws/build/exchangestation_detector', 'catkin_cmake_args': None, 'catkin_skip_building_tests': False, 'cmake_args': None, 'cmake_clean_cache': False, 'cmake_clean_first': False, 'cmake_force_configure': False, 'cmake_target': None, 'cmake_target_skip_unavailable': False, 'install_base': '/home/jlurobovision/eng_ws/install/exchangestation_detector', 'merge_install': False, 'path': '/home/jlurobovision/eng_ws/src/exchangestation_detector', 'symlink_install': False, 'test_result_base': None}
[0.501s] INFO:colcon.colcon_core.executor:Executing jobs using 'parallel' executor
[0.503s] DEBUG:colcon.colcon_parallel_executor.executor.parallel:run_until_complete
[0.503s] INFO:colcon.colcon_ros.task.ament_cmake.build:Building ROS package in '/home/jlurobovision/eng_ws/src/msg_interfaces' with build type 'ament_cmake'
[0.503s] INFO:colcon.colcon_cmake.task.cmake.build:Building CMake package in '/home/jlurobovision/eng_ws/src/msg_interfaces'
[0.505s] INFO:colcon.colcon_core.plugin_system:Skipping extension 'colcon_core.shell.bat': Not used on non-Windows systems
[0.505s] INFO:colcon.colcon_core.shell:Skip shell extension 'powershell' for command environment: Not usable outside of PowerShell
[0.505s] DEBUG:colcon.colcon_core.shell:Skip shell extension 'dsv' for command environment
[0.508s] INFO:colcon.colcon_ros.task.ament_cmake.build:Building ROS package in '/home/jlurobovision/eng_ws/src/galaxy_camera' with build type 'ament_cmake'
[0.509s] INFO:colcon.colcon_cmake.task.cmake.build:Building CMake package in '/home/jlurobovision/eng_ws/src/galaxy_camera'
[0.509s] INFO:colcon.colcon_core.shell:Skip shell extension 'powershell' for command environment: Not usable outside of PowerShell
[0.509s] DEBUG:colcon.colcon_core.shell:Skip shell extension 'dsv' for command environment
[0.511s] INFO:colcon.colcon_ros.task.ament_cmake.build:Building ROS package in '/home/jlurobovision/eng_ws/src/global_launch' with build type 'ament_cmake'
[0.512s] INFO:colcon.colcon_cmake.task.cmake.build:Building CMake package in '/home/jlurobovision/eng_ws/src/global_launch'
[0.512s] INFO:colcon.colcon_core.shell:Skip shell extension 'powershell' for command environment: Not usable outside of PowerShell
[0.512s] DEBUG:colcon.colcon_core.shell:Skip shell extension 'dsv' for command environment
[0.514s] INFO:colcon.colcon_ros.task.ament_cmake.build:Building ROS package in '/home/jlurobovision/eng_ws/src/hik_camera' with build type 'ament_cmake'
[0.514s] INFO:colcon.colcon_cmake.task.cmake.build:Building CMake package in '/home/jlurobovision/eng_ws/src/hik_camera'
[0.515s] INFO:colcon.colcon_core.shell:Skip shell extension 'powershell' for command environment: Not usable outside of PowerShell
[0.515s] DEBUG:colcon.colcon_core.shell:Skip shell extension 'dsv' for command environment
[0.523s] DEBUG:colcon.colcon_core.event_handler.log_command:Invoking command in '/home/jlurobovision/eng_ws/build/msg_interfaces': CMAKE_PREFIX_PATH=${CMAKE_PREFIX_PATH}:/opt/ros/humble /usr/bin/cmake --build /home/jlurobovision/eng_ws/build/msg_interfaces -- -j12 -l12
[0.528s] DEBUG:colcon.colcon_core.event_handler.log_command:Invoking command in '/home/jlurobovision/eng_ws/build/galaxy_camera': CMAKE_PREFIX_PATH=${CMAKE_PREFIX_PATH}:/opt/ros/humble /usr/bin/cmake --build /home/jlurobovision/eng_ws/build/galaxy_camera -- -j12 -l12
[0.532s] DEBUG:colcon.colcon_core.event_handler.log_command:Invoking command in '/home/jlurobovision/eng_ws/build/global_launch': CMAKE_PREFIX_PATH=${CMAKE_PREFIX_PATH}:/opt/ros/humble /usr/bin/cmake --build /home/jlurobovision/eng_ws/build/global_launch -- -j12 -l12
[0.538s] DEBUG:colcon.colcon_core.event_handler.log_command:Invoking command in '/home/jlurobovision/eng_ws/build/hik_camera': CMAKE_PREFIX_PATH=${CMAKE_PREFIX_PATH}:/opt/ros/humble /usr/bin/cmake --build /home/jlurobovision/eng_ws/build/hik_camera -- -j12 -l12
[0.583s] DEBUG:colcon.colcon_core.event_handler.log_command:Invoked command in '/home/jlurobovision/eng_ws/build/global_launch' returned '0': CMAKE_PREFIX_PATH=${CMAKE_PREFIX_PATH}:/opt/ros/humble /usr/bin/cmake --build /home/jlurobovision/eng_ws/build/global_launch -- -j12 -l12
[0.632s] DEBUG:colcon.colcon_core.event_handler.log_command:Invoking command in '/home/jlurobovision/eng_ws/build/global_launch': CMAKE_PREFIX_PATH=${CMAKE_PREFIX_PATH}:/opt/ros/humble /usr/bin/cmake --install /home/jlurobovision/eng_ws/build/global_launch
[0.639s] DEBUG:colcon.colcon_core.event_handler.log_command:Invoked command in '/home/jlurobovision/eng_ws/build/galaxy_camera' returned '0': CMAKE_PREFIX_PATH=${CMAKE_PREFIX_PATH}:/opt/ros/humble /usr/bin/cmake --build /home/jlurobovision/eng_ws/build/galaxy_camera -- -j12 -l12
[0.657s] DEBUG:colcon.colcon_core.event_handler.log_command:Invoked command in '/home/jlurobovision/eng_ws/build/hik_camera' returned '0': CMAKE_PREFIX_PATH=${CMAKE_PREFIX_PATH}:/opt/ros/humble /usr/bin/cmake --build /home/jlurobovision/eng_ws/build/hik_camera -- -j12 -l12
[0.657s] Level 1:colcon.colcon_core.environment:create_environment_scripts_only(global_launch)
[0.658s] DEBUG:colcon.colcon_core.event_handler.log_command:Invoked command in '/home/jlurobovision/eng_ws/build/global_launch' returned '0': CMAKE_PREFIX_PATH=${CMAKE_PREFIX_PATH}:/opt/ros/humble /usr/bin/cmake --install /home/jlurobovision/eng_ws/build/global_launch
[0.661s] Level 1:colcon.colcon_core.environment:checking '/home/jlurobovision/eng_ws/install/global_launch' for CMake module files
[0.661s] Level 1:colcon.colcon_core.environment:checking '/home/jlurobovision/eng_ws/install/global_launch' for CMake config files
[0.661s] Level 1:colcon.colcon_core.shell:create_environment_hook('global_launch', 'cmake_prefix_path')
[0.662s] INFO:colcon.colcon_core.shell:Creating environment hook '/home/jlurobovision/eng_ws/install/global_launch/share/global_launch/hook/cmake_prefix_path.ps1'
[0.662s] INFO:colcon.colcon_core.shell:Creating environment descriptor '/home/jlurobovision/eng_ws/install/global_launch/share/global_launch/hook/cmake_prefix_path.dsv'
[0.663s] INFO:colcon.colcon_core.shell:Creating environment hook '/home/jlurobovision/eng_ws/install/global_launch/share/global_launch/hook/cmake_prefix_path.sh'
[0.664s] Level 1:colcon.colcon_core.environment:checking '/home/jlurobovision/eng_ws/install/global_launch/bin'
[0.664s] Level 1:colcon.colcon_core.environment:checking '/home/jlurobovision/eng_ws/install/global_launch/lib/pkgconfig/global_launch.pc'
[0.664s] Level 1:colcon.colcon_core.environment:checking '/home/jlurobovision/eng_ws/install/global_launch/lib/python3.10/site-packages'
[0.664s] Level 1:colcon.colcon_core.environment:checking '/home/jlurobovision/eng_ws/install/global_launch/bin'
[0.665s] INFO:colcon.colcon_core.shell:Creating package script '/home/jlurobovision/eng_ws/install/global_launch/share/global_launch/package.ps1'
[0.665s] INFO:colcon.colcon_core.shell:Creating package descriptor '/home/jlurobovision/eng_ws/install/global_launch/share/global_launch/package.dsv'
[0.666s] INFO:colcon.colcon_core.shell:Creating package script '/home/jlurobovision/eng_ws/install/global_launch/share/global_launch/package.sh'
[0.667s] INFO:colcon.colcon_core.shell:Creating package script '/home/jlurobovision/eng_ws/install/global_launch/share/global_launch/package.bash'
[0.668s] INFO:colcon.colcon_core.shell:Creating package script '/home/jlurobovision/eng_ws/install/global_launch/share/global_launch/package.zsh'
[0.668s] Level 1:colcon.colcon_core.environment:create_file_with_runtime_dependencies(/home/jlurobovision/eng_ws/install/global_launch/share/colcon-core/packages/global_launch)
[0.674s] DEBUG:colcon.colcon_core.event_handler.log_command:Invoking command in '/home/jlurobovision/eng_ws/build/galaxy_camera': CMAKE_PREFIX_PATH=${CMAKE_PREFIX_PATH}:/opt/ros/humble /usr/bin/cmake --install /home/jlurobovision/eng_ws/build/galaxy_camera
[0.679s] DEBUG:colcon.colcon_core.event_handler.log_command:Invoking command in '/home/jlurobovision/eng_ws/build/hik_camera': CMAKE_PREFIX_PATH=${CMAKE_PREFIX_PATH}:/opt/ros/humble /usr/bin/cmake --install /home/jlurobovision/eng_ws/build/hik_camera
[0.685s] Level 1:colcon.colcon_core.environment:create_environment_scripts_only(galaxy_camera)
[0.686s] Level 1:colcon.colcon_core.environment:checking '/home/jlurobovision/eng_ws/install/galaxy_camera' for CMake module files
[0.689s] Level 1:colcon.colcon_core.environment:checking '/home/jlurobovision/eng_ws/install/galaxy_camera' for CMake config files
[0.691s] DEBUG:colcon.colcon_core.event_handler.log_command:Invoked command in '/home/jlurobovision/eng_ws/build/galaxy_camera' returned '0': CMAKE_PREFIX_PATH=${CMAKE_PREFIX_PATH}:/opt/ros/humble /usr/bin/cmake --install /home/jlurobovision/eng_ws/build/galaxy_camera
[0.692s] Level 1:colcon.colcon_core.shell:create_environment_hook('galaxy_camera', 'cmake_prefix_path')
[0.692s] INFO:colcon.colcon_core.shell:Creating environment hook '/home/jlurobovision/eng_ws/install/galaxy_camera/share/galaxy_camera/hook/cmake_prefix_path.ps1'
[0.693s] INFO:colcon.colcon_core.shell:Creating environment descriptor '/home/jlurobovision/eng_ws/install/galaxy_camera/share/galaxy_camera/hook/cmake_prefix_path.dsv'
[0.694s] INFO:colcon.colcon_core.shell:Creating environment hook '/home/jlurobovision/eng_ws/install/galaxy_camera/share/galaxy_camera/hook/cmake_prefix_path.sh'
[0.695s] Level 1:colcon.colcon_core.environment:checking '/home/jlurobovision/eng_ws/install/galaxy_camera/lib'
[0.695s] Level 1:colcon.colcon_core.shell:create_environment_hook('galaxy_camera', 'ld_library_path_lib')
[0.696s] INFO:colcon.colcon_core.shell:Creating environment hook '/home/jlurobovision/eng_ws/install/galaxy_camera/share/galaxy_camera/hook/ld_library_path_lib.ps1'
[0.697s] INFO:colcon.colcon_core.shell:Creating environment descriptor '/home/jlurobovision/eng_ws/install/galaxy_camera/share/galaxy_camera/hook/ld_library_path_lib.dsv'
[0.697s] INFO:colcon.colcon_core.shell:Creating environment hook '/home/jlurobovision/eng_ws/install/galaxy_camera/share/galaxy_camera/hook/ld_library_path_lib.sh'
[0.698s] Level 1:colcon.colcon_core.environment:checking '/home/jlurobovision/eng_ws/install/galaxy_camera/bin'
[0.698s] Level 1:colcon.colcon_core.environment:checking '/home/jlurobovision/eng_ws/install/galaxy_camera/lib/pkgconfig/galaxy_camera.pc'
[0.698s] Level 1:colcon.colcon_core.environment:checking '/home/jlurobovision/eng_ws/install/galaxy_camera/lib/python3.10/site-packages'
[0.699s] Level 1:colcon.colcon_core.environment:checking '/home/jlurobovision/eng_ws/install/galaxy_camera/bin'
[0.699s] INFO:colcon.colcon_core.shell:Creating package script '/home/jlurobovision/eng_ws/install/galaxy_camera/share/galaxy_camera/package.ps1'
[0.700s] INFO:colcon.colcon_core.shell:Creating package descriptor '/home/jlurobovision/eng_ws/install/galaxy_camera/share/galaxy_camera/package.dsv'
[0.701s] INFO:colcon.colcon_core.shell:Creating package script '/home/jlurobovision/eng_ws/install/galaxy_camera/share/galaxy_camera/package.sh'
[0.702s] INFO:colcon.colcon_core.shell:Creating package script '/home/jlurobovision/eng_ws/install/galaxy_camera/share/galaxy_camera/package.bash'
[0.703s] INFO:colcon.colcon_core.shell:Creating package script '/home/jlurobovision/eng_ws/install/galaxy_camera/share/galaxy_camera/package.zsh'
[0.705s] Level 1:colcon.colcon_core.environment:create_file_with_runtime_dependencies(/home/jlurobovision/eng_ws/install/galaxy_camera/share/colcon-core/packages/galaxy_camera)
[0.708s] Level 1:colcon.colcon_core.environment:create_environment_scripts_only(global_launch)
[0.709s] Level 1:colcon.colcon_core.environment:checking '/home/jlurobovision/eng_ws/install/global_launch' for CMake module files
[0.710s] Level 1:colcon.colcon_core.environment:checking '/home/jlurobovision/eng_ws/install/global_launch' for CMake config files
[0.710s] Level 1:colcon.colcon_core.shell:create_environment_hook('global_launch', 'cmake_prefix_path')
[0.711s] INFO:colcon.colcon_core.shell:Creating environment hook '/home/jlurobovision/eng_ws/install/global_launch/share/global_launch/hook/cmake_prefix_path.ps1'
[0.712s] INFO:colcon.colcon_core.shell:Creating environment descriptor '/home/jlurobovision/eng_ws/install/global_launch/share/global_launch/hook/cmake_prefix_path.dsv'
[0.712s] INFO:colcon.colcon_core.shell:Creating environment hook '/home/jlurobovision/eng_ws/install/global_launch/share/global_launch/hook/cmake_prefix_path.sh'
[0.713s] Level 1:colcon.colcon_core.environment:checking '/home/jlurobovision/eng_ws/install/global_launch/bin'
[0.713s] Level 1:colcon.colcon_core.environment:checking '/home/jlurobovision/eng_ws/install/global_launch/lib/pkgconfig/global_launch.pc'
[0.714s] Level 1:colcon.colcon_core.environment:checking '/home/jlurobovision/eng_ws/install/global_launch/lib/python3.10/site-packages'
[0.714s] Level 1:colcon.colcon_core.environment:checking '/home/jlurobovision/eng_ws/install/global_launch/bin'
[0.715s] INFO:colcon.colcon_core.shell:Creating package script '/home/jlurobovision/eng_ws/install/global_launch/share/global_launch/package.ps1'
[0.716s] INFO:colcon.colcon_core.shell:Creating package descriptor '/home/jlurobovision/eng_ws/install/global_launch/share/global_launch/package.dsv'
[0.717s] INFO:colcon.colcon_core.shell:Creating package script '/home/jlurobovision/eng_ws/install/global_launch/share/global_launch/package.sh'
[0.717s] INFO:colcon.colcon_core.shell:Creating package script '/home/jlurobovision/eng_ws/install/global_launch/share/global_launch/package.bash'
[0.718s] INFO:colcon.colcon_core.shell:Creating package script '/home/jlurobovision/eng_ws/install/global_launch/share/global_launch/package.zsh'
[0.718s] Level 1:colcon.colcon_core.environment:create_file_with_runtime_dependencies(/home/jlurobovision/eng_ws/install/global_launch/share/colcon-core/packages/global_launch)
[0.719s] Level 1:colcon.colcon_core.environment:create_environment_scripts_only(hik_camera)
[0.720s] Level 1:colcon.colcon_core.environment:checking '/home/jlurobovision/eng_ws/install/hik_camera' for CMake module files
[0.721s] Level 1:colcon.colcon_core.environment:checking '/home/jlurobovision/eng_ws/install/hik_camera' for CMake config files
[0.721s] DEBUG:colcon.colcon_core.event_handler.log_command:Invoked command in '/home/jlurobovision/eng_ws/build/hik_camera' returned '0': CMAKE_PREFIX_PATH=${CMAKE_PREFIX_PATH}:/opt/ros/humble /usr/bin/cmake --install /home/jlurobovision/eng_ws/build/hik_camera
[0.722s] Level 1:colcon.colcon_core.shell:create_environment_hook('hik_camera', 'cmake_prefix_path')
[0.722s] INFO:colcon.colcon_core.shell:Creating environment hook '/home/jlurobovision/eng_ws/install/hik_camera/share/hik_camera/hook/cmake_prefix_path.ps1'
[0.723s] INFO:colcon.colcon_core.shell:Creating environment descriptor '/home/jlurobovision/eng_ws/install/hik_camera/share/hik_camera/hook/cmake_prefix_path.dsv'
[0.723s] INFO:colcon.colcon_core.shell:Creating environment hook '/home/jlurobovision/eng_ws/install/hik_camera/share/hik_camera/hook/cmake_prefix_path.sh'
[0.724s] Level 1:colcon.colcon_core.environment:checking '/home/jlurobovision/eng_ws/install/hik_camera/lib'
[0.724s] Level 1:colcon.colcon_core.shell:create_environment_hook('hik_camera', 'ld_library_path_lib')
[0.724s] INFO:colcon.colcon_core.shell:Creating environment hook '/home/jlurobovision/eng_ws/install/hik_camera/share/hik_camera/hook/ld_library_path_lib.ps1'
[0.725s] INFO:colcon.colcon_core.shell:Creating environment descriptor '/home/jlurobovision/eng_ws/install/hik_camera/share/hik_camera/hook/ld_library_path_lib.dsv'
[0.725s] INFO:colcon.colcon_core.shell:Creating environment hook '/home/jlurobovision/eng_ws/install/hik_camera/share/hik_camera/hook/ld_library_path_lib.sh'
[0.726s] Level 1:colcon.colcon_core.environment:checking '/home/jlurobovision/eng_ws/install/hik_camera/bin'
[0.726s] Level 1:colcon.colcon_core.environment:checking '/home/jlurobovision/eng_ws/install/hik_camera/lib/pkgconfig/hik_camera.pc'
[0.726s] Level 1:colcon.colcon_core.environment:checking '/home/jlurobovision/eng_ws/install/hik_camera/lib/python3.10/site-packages'
[0.727s] Level 1:colcon.colcon_core.environment:checking '/home/jlurobovision/eng_ws/install/hik_camera/bin'
[0.727s] INFO:colcon.colcon_core.shell:Creating package script '/home/jlurobovision/eng_ws/install/hik_camera/share/hik_camera/package.ps1'
[0.729s] INFO:colcon.colcon_core.shell:Creating package descriptor '/home/jlurobovision/eng_ws/install/hik_camera/share/hik_camera/package.dsv'
[0.730s] INFO:colcon.colcon_core.shell:Creating package script '/home/jlurobovision/eng_ws/install/hik_camera/share/hik_camera/package.sh'
[0.731s] INFO:colcon.colcon_core.shell:Creating package script '/home/jlurobovision/eng_ws/install/hik_camera/share/hik_camera/package.bash'
[0.732s] INFO:colcon.colcon_core.shell:Creating package script '/home/jlurobovision/eng_ws/install/hik_camera/share/hik_camera/package.zsh'
[0.732s] Level 1:colcon.colcon_core.environment:create_file_with_runtime_dependencies(/home/jlurobovision/eng_ws/install/hik_camera/share/colcon-core/packages/hik_camera)
[0.743s] Level 1:colcon.colcon_core.environment:create_environment_scripts_only(galaxy_camera)
[0.743s] Level 1:colcon.colcon_core.environment:checking '/home/jlurobovision/eng_ws/install/galaxy_camera' for CMake module files
[0.744s] Level 1:colcon.colcon_core.environment:checking '/home/jlurobovision/eng_ws/install/galaxy_camera' for CMake config files
[0.745s] Level 1:colcon.colcon_core.shell:create_environment_hook('galaxy_camera', 'cmake_prefix_path')
[0.745s] INFO:colcon.colcon_core.shell:Creating environment hook '/home/jlurobovision/eng_ws/install/galaxy_camera/share/galaxy_camera/hook/cmake_prefix_path.ps1'
[0.746s] INFO:colcon.colcon_core.shell:Creating environment descriptor '/home/jlurobovision/eng_ws/install/galaxy_camera/share/galaxy_camera/hook/cmake_prefix_path.dsv'
[0.746s] INFO:colcon.colcon_core.shell:Creating environment hook '/home/jlurobovision/eng_ws/install/galaxy_camera/share/galaxy_camera/hook/cmake_prefix_path.sh'
[0.747s] Level 1:colcon.colcon_core.environment:checking '/home/jlurobovision/eng_ws/install/galaxy_camera/lib'
[0.747s] Level 1:colcon.colcon_core.shell:create_environment_hook('galaxy_camera', 'ld_library_path_lib')
[0.748s] INFO:colcon.colcon_core.shell:Creating environment hook '/home/jlurobovision/eng_ws/install/galaxy_camera/share/galaxy_camera/hook/ld_library_path_lib.ps1'
[0.748s] INFO:colcon.colcon_core.shell:Creating environment descriptor '/home/jlurobovision/eng_ws/install/galaxy_camera/share/galaxy_camera/hook/ld_library_path_lib.dsv'
[0.749s] INFO:colcon.colcon_core.shell:Creating environment hook '/home/jlurobovision/eng_ws/install/galaxy_camera/share/galaxy_camera/hook/ld_library_path_lib.sh'
[0.749s] Level 1:colcon.colcon_core.environment:checking '/home/jlurobovision/eng_ws/install/galaxy_camera/bin'
[0.749s] Level 1:colcon.colcon_core.environment:checking '/home/jlurobovision/eng_ws/install/galaxy_camera/lib/pkgconfig/galaxy_camera.pc'
[0.749s] Level 1:colcon.colcon_core.environment:checking '/home/jlurobovision/eng_ws/install/galaxy_camera/lib/python3.10/site-packages'
[0.750s] Level 1:colcon.colcon_core.environment:checking '/home/jlurobovision/eng_ws/install/galaxy_camera/bin'
[0.751s] INFO:colcon.colcon_core.shell:Creating package script '/home/jlurobovision/eng_ws/install/galaxy_camera/share/galaxy_camera/package.ps1'
[0.752s] INFO:colcon.colcon_core.shell:Creating package descriptor '/home/jlurobovision/eng_ws/install/galaxy_camera/share/galaxy_camera/package.dsv'
[0.753s] INFO:colcon.colcon_core.shell:Creating package script '/home/jlurobovision/eng_ws/install/galaxy_camera/share/galaxy_camera/package.sh'
[0.753s] INFO:colcon.colcon_core.shell:Creating package script '/home/jlurobovision/eng_ws/install/galaxy_camera/share/galaxy_camera/package.bash'
[0.754s] INFO:colcon.colcon_core.shell:Creating package script '/home/jlurobovision/eng_ws/install/galaxy_camera/share/galaxy_camera/package.zsh'
[0.754s] Level 1:colcon.colcon_core.environment:create_file_with_runtime_dependencies(/home/jlurobovision/eng_ws/install/galaxy_camera/share/colcon-core/packages/galaxy_camera)
[0.764s] Level 1:colcon.colcon_core.environment:create_environment_scripts_only(hik_camera)
[0.764s] Level 1:colcon.colcon_core.environment:checking '/home/jlurobovision/eng_ws/install/hik_camera' for CMake module files
[0.764s] Level 1:colcon.colcon_core.environment:checking '/home/jlurobovision/eng_ws/install/hik_camera' for CMake config files
[0.765s] Level 1:colcon.colcon_core.shell:create_environment_hook('hik_camera', 'cmake_prefix_path')
[0.765s] INFO:colcon.colcon_core.shell:Creating environment hook '/home/jlurobovision/eng_ws/install/hik_camera/share/hik_camera/hook/cmake_prefix_path.ps1'
[0.765s] INFO:colcon.colcon_core.shell:Creating environment descriptor '/home/jlurobovision/eng_ws/install/hik_camera/share/hik_camera/hook/cmake_prefix_path.dsv'
[0.766s] INFO:colcon.colcon_core.shell:Creating environment hook '/home/jlurobovision/eng_ws/install/hik_camera/share/hik_camera/hook/cmake_prefix_path.sh'
[0.766s] Level 1:colcon.colcon_core.environment:checking '/home/jlurobovision/eng_ws/install/hik_camera/lib'
[0.766s] Level 1:colcon.colcon_core.shell:create_environment_hook('hik_camera', 'ld_library_path_lib')
[0.767s] INFO:colcon.colcon_core.shell:Creating environment hook '/home/jlurobovision/eng_ws/install/hik_camera/share/hik_camera/hook/ld_library_path_lib.ps1'
[0.767s] INFO:colcon.colcon_core.shell:Creating environment descriptor '/home/jlurobovision/eng_ws/install/hik_camera/share/hik_camera/hook/ld_library_path_lib.dsv'
[0.768s] INFO:colcon.colcon_core.shell:Creating environment hook '/home/jlurobovision/eng_ws/install/hik_camera/share/hik_camera/hook/ld_library_path_lib.sh'
[0.769s] Level 1:colcon.colcon_core.environment:checking '/home/jlurobovision/eng_ws/install/hik_camera/bin'
[0.769s] Level 1:colcon.colcon_core.environment:checking '/home/jlurobovision/eng_ws/install/hik_camera/lib/pkgconfig/hik_camera.pc'
[0.770s] Level 1:colcon.colcon_core.environment:checking '/home/jlurobovision/eng_ws/install/hik_camera/lib/python3.10/site-packages'
[0.770s] Level 1:colcon.colcon_core.environment:checking '/home/jlurobovision/eng_ws/install/hik_camera/bin'
[0.771s] INFO:colcon.colcon_core.shell:Creating package script '/home/jlurobovision/eng_ws/install/hik_camera/share/hik_camera/package.ps1'
[0.772s] INFO:colcon.colcon_core.shell:Creating package descriptor '/home/jlurobovision/eng_ws/install/hik_camera/share/hik_camera/package.dsv'
[0.773s] INFO:colcon.colcon_core.shell:Creating package script '/home/jlurobovision/eng_ws/install/hik_camera/share/hik_camera/package.sh'
[0.774s] INFO:colcon.colcon_core.shell:Creating package script '/home/jlurobovision/eng_ws/install/hik_camera/share/hik_camera/package.bash'
[0.774s] INFO:colcon.colcon_core.shell:Creating package script '/home/jlurobovision/eng_ws/install/hik_camera/share/hik_camera/package.zsh'
[0.775s] Level 1:colcon.colcon_core.environment:create_file_with_runtime_dependencies(/home/jlurobovision/eng_ws/install/hik_camera/share/colcon-core/packages/hik_camera)
[1.119s] DEBUG:colcon.colcon_core.event_handler.log_command:Invoked command in '/home/jlurobovision/eng_ws/build/msg_interfaces' returned '0': CMAKE_PREFIX_PATH=${CMAKE_PREFIX_PATH}:/opt/ros/humble /usr/bin/cmake --build /home/jlurobovision/eng_ws/build/msg_interfaces -- -j12 -l12
[1.173s] DEBUG:colcon.colcon_core.event_handler.log_command:Invoking command in '/home/jlurobovision/eng_ws/build/msg_interfaces': CMAKE_PREFIX_PATH=${CMAKE_PREFIX_PATH}:/opt/ros/humble /usr/bin/cmake --install /home/jlurobovision/eng_ws/build/msg_interfaces
[1.246s] Level 1:colcon.colcon_core.environment:create_environment_scripts_only(msg_interfaces)
[1.247s] Level 1:colcon.colcon_core.environment:checking '/home/jlurobovision/eng_ws/install/msg_interfaces' for CMake module files
[1.247s] DEBUG:colcon.colcon_core.event_handler.log_command:Invoked command in '/home/jlurobovision/eng_ws/build/msg_interfaces' returned '0': CMAKE_PREFIX_PATH=${CMAKE_PREFIX_PATH}:/opt/ros/humble /usr/bin/cmake --install /home/jlurobovision/eng_ws/build/msg_interfaces
[1.248s] Level 1:colcon.colcon_core.environment:checking '/home/jlurobovision/eng_ws/install/msg_interfaces' for CMake config files
[1.249s] Level 1:colcon.colcon_core.shell:create_environment_hook('msg_interfaces', 'cmake_prefix_path')
[1.249s] INFO:colcon.colcon_core.shell:Creating environment hook '/home/jlurobovision/eng_ws/install/msg_interfaces/share/msg_interfaces/hook/cmake_prefix_path.ps1'
[1.252s] INFO:colcon.colcon_core.shell:Creating environment descriptor '/home/jlurobovision/eng_ws/install/msg_interfaces/share/msg_interfaces/hook/cmake_prefix_path.dsv'
[1.254s] INFO:colcon.colcon_core.shell:Creating environment hook '/home/jlurobovision/eng_ws/install/msg_interfaces/share/msg_interfaces/hook/cmake_prefix_path.sh'
[1.254s] Level 1:colcon.colcon_core.environment:checking '/home/jlurobovision/eng_ws/install/msg_interfaces/lib'
[1.255s] Level 1:colcon.colcon_core.shell:create_environment_hook('msg_interfaces', 'ld_library_path_lib')
[1.256s] INFO:colcon.colcon_core.shell:Creating environment hook '/home/jlurobovision/eng_ws/install/msg_interfaces/share/msg_interfaces/hook/ld_library_path_lib.ps1'
[1.257s] INFO:colcon.colcon_core.shell:Creating environment descriptor '/home/jlurobovision/eng_ws/install/msg_interfaces/share/msg_interfaces/hook/ld_library_path_lib.dsv'
[1.257s] INFO:colcon.colcon_core.shell:Creating environment hook '/home/jlurobovision/eng_ws/install/msg_interfaces/share/msg_interfaces/hook/ld_library_path_lib.sh'
[1.258s] Level 1:colcon.colcon_core.environment:checking '/home/jlurobovision/eng_ws/install/msg_interfaces/bin'
[1.258s] Level 1:colcon.colcon_core.environment:checking '/home/jlurobovision/eng_ws/install/msg_interfaces/lib/pkgconfig/msg_interfaces.pc'
[1.258s] Level 1:colcon.colcon_core.environment:checking '/home/jlurobovision/eng_ws/install/msg_interfaces/lib/python3.10/site-packages'
[1.258s] Level 1:colcon.colcon_core.shell:create_environment_hook('msg_interfaces', 'pythonpath')
[1.259s] INFO:colcon.colcon_core.shell:Creating environment hook '/home/jlurobovision/eng_ws/install/msg_interfaces/share/msg_interfaces/hook/pythonpath.ps1'
[1.259s] INFO:colcon.colcon_core.shell:Creating environment descriptor '/home/jlurobovision/eng_ws/install/msg_interfaces/share/msg_interfaces/hook/pythonpath.dsv'
[1.259s] INFO:colcon.colcon_core.shell:Creating environment hook '/home/jlurobovision/eng_ws/install/msg_interfaces/share/msg_interfaces/hook/pythonpath.sh'
[1.260s] Level 1:colcon.colcon_core.environment:checking '/home/jlurobovision/eng_ws/install/msg_interfaces/bin'
[1.260s] INFO:colcon.colcon_core.shell:Creating package script '/home/jlurobovision/eng_ws/install/msg_interfaces/share/msg_interfaces/package.ps1'
[1.261s] INFO:colcon.colcon_core.shell:Creating package descriptor '/home/jlurobovision/eng_ws/install/msg_interfaces/share/msg_interfaces/package.dsv'
[1.261s] INFO:colcon.colcon_core.shell:Creating package script '/home/jlurobovision/eng_ws/install/msg_interfaces/share/msg_interfaces/package.sh'
[1.262s] INFO:colcon.colcon_core.shell:Creating package script '/home/jlurobovision/eng_ws/install/msg_interfaces/share/msg_interfaces/package.bash'
[1.262s] INFO:colcon.colcon_core.shell:Creating package script '/home/jlurobovision/eng_ws/install/msg_interfaces/share/msg_interfaces/package.zsh'
[1.262s] Level 1:colcon.colcon_core.environment:create_file_with_runtime_dependencies(/home/jlurobovision/eng_ws/install/msg_interfaces/share/colcon-core/packages/msg_interfaces)
[1.305s] Level 1:colcon.colcon_core.environment:create_environment_scripts_only(msg_interfaces)
[1.305s] Level 1:colcon.colcon_core.environment:checking '/home/jlurobovision/eng_ws/install/msg_interfaces' for CMake module files
[1.306s] Level 1:colcon.colcon_core.environment:checking '/home/jlurobovision/eng_ws/install/msg_interfaces' for CMake config files
[1.306s] Level 1:colcon.colcon_core.shell:create_environment_hook('msg_interfaces', 'cmake_prefix_path')
[1.306s] INFO:colcon.colcon_core.shell:Creating environment hook '/home/jlurobovision/eng_ws/install/msg_interfaces/share/msg_interfaces/hook/cmake_prefix_path.ps1'
[1.307s] INFO:colcon.colcon_core.shell:Creating environment descriptor '/home/jlurobovision/eng_ws/install/msg_interfaces/share/msg_interfaces/hook/cmake_prefix_path.dsv'
[1.307s] INFO:colcon.colcon_core.shell:Creating environment hook '/home/jlurobovision/eng_ws/install/msg_interfaces/share/msg_interfaces/hook/cmake_prefix_path.sh'
[1.307s] Level 1:colcon.colcon_core.environment:checking '/home/jlurobovision/eng_ws/install/msg_interfaces/lib'
[1.308s] Level 1:colcon.colcon_core.shell:create_environment_hook('msg_interfaces', 'ld_library_path_lib')
[1.308s] INFO:colcon.colcon_core.shell:Creating environment hook '/home/jlurobovision/eng_ws/install/msg_interfaces/share/msg_interfaces/hook/ld_library_path_lib.ps1'
[1.308s] INFO:colcon.colcon_core.shell:Creating environment descriptor '/home/jlurobovision/eng_ws/install/msg_interfaces/share/msg_interfaces/hook/ld_library_path_lib.dsv'
[1.308s] INFO:colcon.colcon_core.shell:Creating environment hook '/home/jlurobovision/eng_ws/install/msg_interfaces/share/msg_interfaces/hook/ld_library_path_lib.sh'
[1.309s] Level 1:colcon.colcon_core.environment:checking '/home/jlurobovision/eng_ws/install/msg_interfaces/bin'
[1.309s] Level 1:colcon.colcon_core.environment:checking '/home/jlurobovision/eng_ws/install/msg_interfaces/lib/pkgconfig/msg_interfaces.pc'
[1.309s] Level 1:colcon.colcon_core.environment:checking '/home/jlurobovision/eng_ws/install/msg_interfaces/lib/python3.10/site-packages'
[1.309s] Level 1:colcon.colcon_core.shell:create_environment_hook('msg_interfaces', 'pythonpath')
[1.309s] INFO:colcon.colcon_core.shell:Creating environment hook '/home/jlurobovision/eng_ws/install/msg_interfaces/share/msg_interfaces/hook/pythonpath.ps1'
[1.309s] INFO:colcon.colcon_core.shell:Creating environment descriptor '/home/jlurobovision/eng_ws/install/msg_interfaces/share/msg_interfaces/hook/pythonpath.dsv'
[1.310s] INFO:colcon.colcon_core.shell:Creating environment hook '/home/jlurobovision/eng_ws/install/msg_interfaces/share/msg_interfaces/hook/pythonpath.sh'
[1.310s] Level 1:colcon.colcon_core.environment:checking '/home/jlurobovision/eng_ws/install/msg_interfaces/bin'
[1.310s] INFO:colcon.colcon_core.shell:Creating package script '/home/jlurobovision/eng_ws/install/msg_interfaces/share/msg_interfaces/package.ps1'
[1.311s] INFO:colcon.colcon_core.shell:Creating package descriptor '/home/jlurobovision/eng_ws/install/msg_interfaces/share/msg_interfaces/package.dsv'
[1.311s] INFO:colcon.colcon_core.shell:Creating package script '/home/jlurobovision/eng_ws/install/msg_interfaces/share/msg_interfaces/package.sh'
[1.312s] INFO:colcon.colcon_core.shell:Creating package script '/home/jlurobovision/eng_ws/install/msg_interfaces/share/msg_interfaces/package.bash'
[1.312s] INFO:colcon.colcon_core.shell:Creating package script '/home/jlurobovision/eng_ws/install/msg_interfaces/share/msg_interfaces/package.zsh'
[1.312s] Level 1:colcon.colcon_core.environment:create_file_with_runtime_dependencies(/home/jlurobovision/eng_ws/install/msg_interfaces/share/colcon-core/packages/msg_interfaces)
[1.313s] INFO:colcon.colcon_ros.task.ament_cmake.build:Building ROS package in '/home/jlurobovision/eng_ws/src/serial' with build type 'ament_cmake'
[1.313s] INFO:colcon.colcon_cmake.task.cmake.build:Building CMake package in '/home/jlurobovision/eng_ws/src/serial'
[1.313s] INFO:colcon.colcon_core.shell:Skip shell extension 'powershell' for command environment: Not usable outside of PowerShell
[1.313s] DEBUG:colcon.colcon_core.shell:Skip shell extension 'dsv' for command environment
[1.324s] DEBUG:colcon.colcon_core.event_handler.log_command:Invoking command in '/home/jlurobovision/eng_ws/build/serial': CMAKE_PREFIX_PATH=/home/jlurobovision/eng_ws/install/msg_interfaces:/home/jlurobovision/eng_ws/install/exchangestation_detector:/home/jlurobovision/eng_ws/install/serial:/home/jlurobovision/eng_ws/install/hik_camera:/home/jlurobovision/eng_ws/install/global_launch:/home/jlurobovision/eng_ws/install/galaxy_camera:/opt/ros/humble LD_LIBRARY_PATH=/home/jlurobovision/eng_ws/install/msg_interfaces/lib:/home/jlurobovision/eng_ws/install/exchangestation_detector/lib:/home/jlurobovision/eng_ws/install/serial/lib:/home/jlurobovision/eng_ws/install/hik_camera/lib:/home/jlurobovision/eng_ws/install/galaxy_camera/lib:/opt/ros/humble/opt/rviz_ogre_vendor/lib:/opt/ros/humble/lib/x86_64-linux-gnu:/opt/ros/humble/lib PYTHONPATH=/home/jlurobovision/eng_ws/install/msg_interfaces/lib/python3.10/site-packages:/home/jlurobovision/eng_ws/install/msg_interfaces/local/lib/python3.10/dist-packages:/opt/ros/humble/lib/python3.10/site-packages:/opt/ros/humble/local/lib/python3.10/dist-packages /usr/bin/cmake --build /home/jlurobovision/eng_ws/build/serial -- -j12 -l12
[1.399s] DEBUG:colcon.colcon_core.event_handler.log_command:Invoked command in '/home/jlurobovision/eng_ws/build/serial' returned '0': CMAKE_PREFIX_PATH=/home/jlurobovision/eng_ws/install/msg_interfaces:/home/jlurobovision/eng_ws/install/exchangestation_detector:/home/jlurobovision/eng_ws/install/serial:/home/jlurobovision/eng_ws/install/hik_camera:/home/jlurobovision/eng_ws/install/global_launch:/home/jlurobovision/eng_ws/install/galaxy_camera:/opt/ros/humble LD_LIBRARY_PATH=/home/jlurobovision/eng_ws/install/msg_interfaces/lib:/home/jlurobovision/eng_ws/install/exchangestation_detector/lib:/home/jlurobovision/eng_ws/install/serial/lib:/home/jlurobovision/eng_ws/install/hik_camera/lib:/home/jlurobovision/eng_ws/install/galaxy_camera/lib:/opt/ros/humble/opt/rviz_ogre_vendor/lib:/opt/ros/humble/lib/x86_64-linux-gnu:/opt/ros/humble/lib PYTHONPATH=/home/jlurobovision/eng_ws/install/msg_interfaces/lib/python3.10/site-packages:/home/jlurobovision/eng_ws/install/msg_interfaces/local/lib/python3.10/dist-packages:/opt/ros/humble/lib/python3.10/site-packages:/opt/ros/humble/local/lib/python3.10/dist-packages /usr/bin/cmake --build /home/jlurobovision/eng_ws/build/serial -- -j12 -l12
[1.421s] DEBUG:colcon.colcon_core.event_handler.log_command:Invoking command in '/home/jlurobovision/eng_ws/build/serial': CMAKE_PREFIX_PATH=/home/jlurobovision/eng_ws/install/msg_interfaces:/home/jlurobovision/eng_ws/install/exchangestation_detector:/home/jlurobovision/eng_ws/install/serial:/home/jlurobovision/eng_ws/install/hik_camera:/home/jlurobovision/eng_ws/install/global_launch:/home/jlurobovision/eng_ws/install/galaxy_camera:/opt/ros/humble LD_LIBRARY_PATH=/home/jlurobovision/eng_ws/install/msg_interfaces/lib:/home/jlurobovision/eng_ws/install/exchangestation_detector/lib:/home/jlurobovision/eng_ws/install/serial/lib:/home/jlurobovision/eng_ws/install/hik_camera/lib:/home/jlurobovision/eng_ws/install/galaxy_camera/lib:/opt/ros/humble/opt/rviz_ogre_vendor/lib:/opt/ros/humble/lib/x86_64-linux-gnu:/opt/ros/humble/lib PYTHONPATH=/home/jlurobovision/eng_ws/install/msg_interfaces/lib/python3.10/site-packages:/home/jlurobovision/eng_ws/install/msg_interfaces/local/lib/python3.10/dist-packages:/opt/ros/humble/lib/python3.10/site-packages:/opt/ros/humble/local/lib/python3.10/dist-packages /usr/bin/cmake --install /home/jlurobovision/eng_ws/build/serial
[1.432s] Level 1:colcon.colcon_core.environment:create_environment_scripts_only(serial)
[1.433s] Level 1:colcon.colcon_core.environment:checking '/home/jlurobovision/eng_ws/install/serial' for CMake module files
[1.433s] DEBUG:colcon.colcon_core.event_handler.log_command:Invoked command in '/home/jlurobovision/eng_ws/build/serial' returned '0': CMAKE_PREFIX_PATH=/home/jlurobovision/eng_ws/install/msg_interfaces:/home/jlurobovision/eng_ws/install/exchangestation_detector:/home/jlurobovision/eng_ws/install/serial:/home/jlurobovision/eng_ws/install/hik_camera:/home/jlurobovision/eng_ws/install/global_launch:/home/jlurobovision/eng_ws/install/galaxy_camera:/opt/ros/humble LD_LIBRARY_PATH=/home/jlurobovision/eng_ws/install/msg_interfaces/lib:/home/jlurobovision/eng_ws/install/exchangestation_detector/lib:/home/jlurobovision/eng_ws/install/serial/lib:/home/jlurobovision/eng_ws/install/hik_camera/lib:/home/jlurobovision/eng_ws/install/galaxy_camera/lib:/opt/ros/humble/opt/rviz_ogre_vendor/lib:/opt/ros/humble/lib/x86_64-linux-gnu:/opt/ros/humble/lib PYTHONPATH=/home/jlurobovision/eng_ws/install/msg_interfaces/lib/python3.10/site-packages:/home/jlurobovision/eng_ws/install/msg_interfaces/local/lib/python3.10/dist-packages:/opt/ros/humble/lib/python3.10/site-packages:/opt/ros/humble/local/lib/python3.10/dist-packages /usr/bin/cmake --install /home/jlurobovision/eng_ws/build/serial
[1.434s] Level 1:colcon.colcon_core.environment:checking '/home/jlurobovision/eng_ws/install/serial' for CMake config files
[1.434s] Level 1:colcon.colcon_core.shell:create_environment_hook('serial', 'cmake_prefix_path')
[1.435s] INFO:colcon.colcon_core.shell:Creating environment hook '/home/jlurobovision/eng_ws/install/serial/share/serial/hook/cmake_prefix_path.ps1'
[1.436s] INFO:colcon.colcon_core.shell:Creating environment descriptor '/home/jlurobovision/eng_ws/install/serial/share/serial/hook/cmake_prefix_path.dsv'
[1.437s] INFO:colcon.colcon_core.shell:Creating environment hook '/home/jlurobovision/eng_ws/install/serial/share/serial/hook/cmake_prefix_path.sh'
[1.438s] Level 1:colcon.colcon_core.environment:checking '/home/jlurobovision/eng_ws/install/serial/lib'
[1.438s] Level 1:colcon.colcon_core.shell:create_environment_hook('serial', 'ld_library_path_lib')
[1.439s] INFO:colcon.colcon_core.shell:Creating environment hook '/home/jlurobovision/eng_ws/install/serial/share/serial/hook/ld_library_path_lib.ps1'
[1.441s] INFO:colcon.colcon_core.shell:Creating environment descriptor '/home/jlurobovision/eng_ws/install/serial/share/serial/hook/ld_library_path_lib.dsv'
[1.442s] INFO:colcon.colcon_core.shell:Creating environment hook '/home/jlurobovision/eng_ws/install/serial/share/serial/hook/ld_library_path_lib.sh'
[1.443s] Level 1:colcon.colcon_core.environment:checking '/home/jlurobovision/eng_ws/install/serial/bin'
[1.443s] Level 1:colcon.colcon_core.environment:checking '/home/jlurobovision/eng_ws/install/serial/lib/pkgconfig/serial.pc'
[1.443s] Level 1:colcon.colcon_core.environment:checking '/home/jlurobovision/eng_ws/install/serial/lib/python3.10/site-packages'
[1.443s] Level 1:colcon.colcon_core.environment:checking '/home/jlurobovision/eng_ws/install/serial/bin'
[1.444s] INFO:colcon.colcon_core.shell:Creating package script '/home/jlurobovision/eng_ws/install/serial/share/serial/package.ps1'
[1.444s] INFO:colcon.colcon_core.shell:Creating package descriptor '/home/jlurobovision/eng_ws/install/serial/share/serial/package.dsv'
[1.445s] INFO:colcon.colcon_core.shell:Creating package script '/home/jlurobovision/eng_ws/install/serial/share/serial/package.sh'
[1.446s] INFO:colcon.colcon_core.shell:Creating package script '/home/jlurobovision/eng_ws/install/serial/share/serial/package.bash'
[1.447s] INFO:colcon.colcon_core.shell:Creating package script '/home/jlurobovision/eng_ws/install/serial/share/serial/package.zsh'
[1.447s] Level 1:colcon.colcon_core.environment:create_file_with_runtime_dependencies(/home/jlurobovision/eng_ws/install/serial/share/colcon-core/packages/serial)
[1.481s] Level 1:colcon.colcon_core.environment:create_environment_scripts_only(serial)
[1.481s] Level 1:colcon.colcon_core.environment:checking '/home/jlurobovision/eng_ws/install/serial' for CMake module files
[1.482s] Level 1:colcon.colcon_core.environment:checking '/home/jlurobovision/eng_ws/install/serial' for CMake config files
[1.482s] Level 1:colcon.colcon_core.shell:create_environment_hook('serial', 'cmake_prefix_path')
[1.482s] INFO:colcon.colcon_core.shell:Creating environment hook '/home/jlurobovision/eng_ws/install/serial/share/serial/hook/cmake_prefix_path.ps1'
[1.483s] INFO:colcon.colcon_core.shell:Creating environment descriptor '/home/jlurobovision/eng_ws/install/serial/share/serial/hook/cmake_prefix_path.dsv'
[1.483s] INFO:colcon.colcon_core.shell:Creating environment hook '/home/jlurobovision/eng_ws/install/serial/share/serial/hook/cmake_prefix_path.sh'
[1.484s] Level 1:colcon.colcon_core.environment:checking '/home/jlurobovision/eng_ws/install/serial/lib'
[1.484s] Level 1:colcon.colcon_core.shell:create_environment_hook('serial', 'ld_library_path_lib')
[1.484s] INFO:colcon.colcon_core.shell:Creating environment hook '/home/jlurobovision/eng_ws/install/serial/share/serial/hook/ld_library_path_lib.ps1'
[1.485s] INFO:colcon.colcon_core.shell:Creating environment descriptor '/home/jlurobovision/eng_ws/install/serial/share/serial/hook/ld_library_path_lib.dsv'
[1.485s] INFO:colcon.colcon_core.shell:Creating environment hook '/home/jlurobovision/eng_ws/install/serial/share/serial/hook/ld_library_path_lib.sh'
[1.486s] Level 1:colcon.colcon_core.environment:checking '/home/jlurobovision/eng_ws/install/serial/bin'
[1.486s] Level 1:colcon.colcon_core.environment:checking '/home/jlurobovision/eng_ws/install/serial/lib/pkgconfig/serial.pc'
[1.486s] Level 1:colcon.colcon_core.environment:checking '/home/jlurobovision/eng_ws/install/serial/lib/python3.10/site-packages'
[1.486s] Level 1:colcon.colcon_core.environment:checking '/home/jlurobovision/eng_ws/install/serial/bin'
[1.487s] INFO:colcon.colcon_core.shell:Creating package script '/home/jlurobovision/eng_ws/install/serial/share/serial/package.ps1'
[1.488s] INFO:colcon.colcon_core.shell:Creating package descriptor '/home/jlurobovision/eng_ws/install/serial/share/serial/package.dsv'
[1.488s] INFO:colcon.colcon_core.shell:Creating package script '/home/jlurobovision/eng_ws/install/serial/share/serial/package.sh'
[1.489s] INFO:colcon.colcon_core.shell:Creating package script '/home/jlurobovision/eng_ws/install/serial/share/serial/package.bash'
[1.489s] INFO:colcon.colcon_core.shell:Creating package script '/home/jlurobovision/eng_ws/install/serial/share/serial/package.zsh'
[1.489s] Level 1:colcon.colcon_core.environment:create_file_with_runtime_dependencies(/home/jlurobovision/eng_ws/install/serial/share/colcon-core/packages/serial)
[1.490s] INFO:colcon.colcon_ros.task.ament_cmake.build:Building ROS package in '/home/jlurobovision/eng_ws/src/exchangestation_detector' with build type 'ament_cmake'
[1.490s] INFO:colcon.colcon_cmake.task.cmake.build:Building CMake package in '/home/jlurobovision/eng_ws/src/exchangestation_detector'
[1.490s] INFO:colcon.colcon_core.shell:Skip shell extension 'powershell' for command environment: Not usable outside of PowerShell
[1.490s] DEBUG:colcon.colcon_core.shell:Skip shell extension 'dsv' for command environment
[1.501s] DEBUG:colcon.colcon_core.event_handler.log_command:Invoking command in '/home/jlurobovision/eng_ws/build/exchangestation_detector': CMAKE_PREFIX_PATH=/home/jlurobovision/eng_ws/install/serial:/home/jlurobovision/eng_ws/install/msg_interfaces:/home/jlurobovision/eng_ws/install/exchangestation_detector:/home/jlurobovision/eng_ws/install/hik_camera:/home/jlurobovision/eng_ws/install/global_launch:/home/jlurobovision/eng_ws/install/galaxy_camera:/opt/ros/humble LD_LIBRARY_PATH=/home/jlurobovision/eng_ws/install/serial/lib:/home/jlurobovision/eng_ws/install/msg_interfaces/lib:/home/jlurobovision/eng_ws/install/exchangestation_detector/lib:/home/jlurobovision/eng_ws/install/hik_camera/lib:/home/jlurobovision/eng_ws/install/galaxy_camera/lib:/opt/ros/humble/opt/rviz_ogre_vendor/lib:/opt/ros/humble/lib/x86_64-linux-gnu:/opt/ros/humble/lib PYTHONPATH=/home/jlurobovision/eng_ws/install/msg_interfaces/lib/python3.10/site-packages:/home/jlurobovision/eng_ws/install/msg_interfaces/local/lib/python3.10/dist-packages:/opt/ros/humble/lib/python3.10/site-packages:/opt/ros/humble/local/lib/python3.10/dist-packages /usr/bin/cmake --build /home/jlurobovision/eng_ws/build/exchangestation_detector -- -j12 -l12
[4.300s] DEBUG:colcon.colcon_core.event_handler.log_command:Invoked command in '/home/jlurobovision/eng_ws/build/exchangestation_detector' returned '0': CMAKE_PREFIX_PATH=/home/jlurobovision/eng_ws/install/serial:/home/jlurobovision/eng_ws/install/msg_interfaces:/home/jlurobovision/eng_ws/install/exchangestation_detector:/home/jlurobovision/eng_ws/install/hik_camera:/home/jlurobovision/eng_ws/install/global_launch:/home/jlurobovision/eng_ws/install/galaxy_camera:/opt/ros/humble LD_LIBRARY_PATH=/home/jlurobovision/eng_ws/install/serial/lib:/home/jlurobovision/eng_ws/install/msg_interfaces/lib:/home/jlurobovision/eng_ws/install/exchangestation_detector/lib:/home/jlurobovision/eng_ws/install/hik_camera/lib:/home/jlurobovision/eng_ws/install/galaxy_camera/lib:/opt/ros/humble/opt/rviz_ogre_vendor/lib:/opt/ros/humble/lib/x86_64-linux-gnu:/opt/ros/humble/lib PYTHONPATH=/home/jlurobovision/eng_ws/install/msg_interfaces/lib/python3.10/site-packages:/home/jlurobovision/eng_ws/install/msg_interfaces/local/lib/python3.10/dist-packages:/opt/ros/humble/lib/python3.10/site-packages:/opt/ros/humble/local/lib/python3.10/dist-packages /usr/bin/cmake --build /home/jlurobovision/eng_ws/build/exchangestation_detector -- -j12 -l12
[4.323s] DEBUG:colcon.colcon_core.event_handler.log_command:Invoking command in '/home/jlurobovision/eng_ws/build/exchangestation_detector': CMAKE_PREFIX_PATH=/home/jlurobovision/eng_ws/install/serial:/home/jlurobovision/eng_ws/install/msg_interfaces:/home/jlurobovision/eng_ws/install/exchangestation_detector:/home/jlurobovision/eng_ws/install/hik_camera:/home/jlurobovision/eng_ws/install/global_launch:/home/jlurobovision/eng_ws/install/galaxy_camera:/opt/ros/humble LD_LIBRARY_PATH=/home/jlurobovision/eng_ws/install/serial/lib:/home/jlurobovision/eng_ws/install/msg_interfaces/lib:/home/jlurobovision/eng_ws/install/exchangestation_detector/lib:/home/jlurobovision/eng_ws/install/hik_camera/lib:/home/jlurobovision/eng_ws/install/galaxy_camera/lib:/opt/ros/humble/opt/rviz_ogre_vendor/lib:/opt/ros/humble/lib/x86_64-linux-gnu:/opt/ros/humble/lib PYTHONPATH=/home/jlurobovision/eng_ws/install/msg_interfaces/lib/python3.10/site-packages:/home/jlurobovision/eng_ws/install/msg_interfaces/local/lib/python3.10/dist-packages:/opt/ros/humble/lib/python3.10/site-packages:/opt/ros/humble/local/lib/python3.10/dist-packages /usr/bin/cmake --install /home/jlurobovision/eng_ws/build/exchangestation_detector
[4.344s] Level 1:colcon.colcon_core.environment:create_environment_scripts_only(exchangestation_detector)
[4.345s] Level 1:colcon.colcon_core.environment:checking '/home/jlurobovision/eng_ws/install/exchangestation_detector' for CMake module files
[4.345s] DEBUG:colcon.colcon_core.event_handler.log_command:Invoked command in '/home/jlurobovision/eng_ws/build/exchangestation_detector' returned '0': CMAKE_PREFIX_PATH=/home/jlurobovision/eng_ws/install/serial:/home/jlurobovision/eng_ws/install/msg_interfaces:/home/jlurobovision/eng_ws/install/exchangestation_detector:/home/jlurobovision/eng_ws/install/hik_camera:/home/jlurobovision/eng_ws/install/global_launch:/home/jlurobovision/eng_ws/install/galaxy_camera:/opt/ros/humble LD_LIBRARY_PATH=/home/jlurobovision/eng_ws/install/serial/lib:/home/jlurobovision/eng_ws/install/msg_interfaces/lib:/home/jlurobovision/eng_ws/install/exchangestation_detector/lib:/home/jlurobovision/eng_ws/install/hik_camera/lib:/home/jlurobovision/eng_ws/install/galaxy_camera/lib:/opt/ros/humble/opt/rviz_ogre_vendor/lib:/opt/ros/humble/lib/x86_64-linux-gnu:/opt/ros/humble/lib PYTHONPATH=/home/jlurobovision/eng_ws/install/msg_interfaces/lib/python3.10/site-packages:/home/jlurobovision/eng_ws/install/msg_interfaces/local/lib/python3.10/dist-packages:/opt/ros/humble/lib/python3.10/site-packages:/opt/ros/humble/local/lib/python3.10/dist-packages /usr/bin/cmake --install /home/jlurobovision/eng_ws/build/exchangestation_detector
[4.346s] Level 1:colcon.colcon_core.environment:checking '/home/jlurobovision/eng_ws/install/exchangestation_detector' for CMake config files
[4.346s] Level 1:colcon.colcon_core.shell:create_environment_hook('exchangestation_detector', 'cmake_prefix_path')
[4.346s] INFO:colcon.colcon_core.shell:Creating environment hook '/home/jlurobovision/eng_ws/install/exchangestation_detector/share/exchangestation_detector/hook/cmake_prefix_path.ps1'
[4.346s] INFO:colcon.colcon_core.shell:Creating environment descriptor '/home/jlurobovision/eng_ws/install/exchangestation_detector/share/exchangestation_detector/hook/cmake_prefix_path.dsv'
[4.347s] INFO:colcon.colcon_core.shell:Creating environment hook '/home/jlurobovision/eng_ws/install/exchangestation_detector/share/exchangestation_detector/hook/cmake_prefix_path.sh'
[4.347s] Level 1:colcon.colcon_core.environment:checking '/home/jlurobovision/eng_ws/install/exchangestation_detector/lib'
[4.347s] Level 1:colcon.colcon_core.shell:create_environment_hook('exchangestation_detector', 'ld_library_path_lib')
[4.347s] INFO:colcon.colcon_core.shell:Creating environment hook '/home/jlurobovision/eng_ws/install/exchangestation_detector/share/exchangestation_detector/hook/ld_library_path_lib.ps1'
[4.348s] INFO:colcon.colcon_core.shell:Creating environment descriptor '/home/jlurobovision/eng_ws/install/exchangestation_detector/share/exchangestation_detector/hook/ld_library_path_lib.dsv'
[4.348s] INFO:colcon.colcon_core.shell:Creating environment hook '/home/jlurobovision/eng_ws/install/exchangestation_detector/share/exchangestation_detector/hook/ld_library_path_lib.sh'
[4.348s] Level 1:colcon.colcon_core.environment:checking '/home/jlurobovision/eng_ws/install/exchangestation_detector/bin'
[4.348s] Level 1:colcon.colcon_core.environment:checking '/home/jlurobovision/eng_ws/install/exchangestation_detector/lib/pkgconfig/exchangestation_detector.pc'
[4.348s] Level 1:colcon.colcon_core.environment:checking '/home/jlurobovision/eng_ws/install/exchangestation_detector/lib/python3.10/site-packages'
[4.349s] Level 1:colcon.colcon_core.environment:checking '/home/jlurobovision/eng_ws/install/exchangestation_detector/bin'
[4.349s] INFO:colcon.colcon_core.shell:Creating package script '/home/jlurobovision/eng_ws/install/exchangestation_detector/share/exchangestation_detector/package.ps1'
[4.349s] INFO:colcon.colcon_core.shell:Creating package descriptor '/home/jlurobovision/eng_ws/install/exchangestation_detector/share/exchangestation_detector/package.dsv'
[4.350s] INFO:colcon.colcon_core.shell:Creating package script '/home/jlurobovision/eng_ws/install/exchangestation_detector/share/exchangestation_detector/package.sh'
[4.350s] INFO:colcon.colcon_core.shell:Creating package script '/home/jlurobovision/eng_ws/install/exchangestation_detector/share/exchangestation_detector/package.bash'
[4.350s] INFO:colcon.colcon_core.shell:Creating package script '/home/jlurobovision/eng_ws/install/exchangestation_detector/share/exchangestation_detector/package.zsh'
[4.350s] Level 1:colcon.colcon_core.environment:create_file_with_runtime_dependencies(/home/jlurobovision/eng_ws/install/exchangestation_detector/share/colcon-core/packages/exchangestation_detector)
[4.389s] Level 1:colcon.colcon_core.environment:create_environment_scripts_only(exchangestation_detector)
[4.389s] Level 1:colcon.colcon_core.environment:checking '/home/jlurobovision/eng_ws/install/exchangestation_detector' for CMake module files
[4.390s] Level 1:colcon.colcon_core.environment:checking '/home/jlurobovision/eng_ws/install/exchangestation_detector' for CMake config files
[4.390s] Level 1:colcon.colcon_core.shell:create_environment_hook('exchangestation_detector', 'cmake_prefix_path')
[4.391s] INFO:colcon.colcon_core.shell:Creating environment hook '/home/jlurobovision/eng_ws/install/exchangestation_detector/share/exchangestation_detector/hook/cmake_prefix_path.ps1'
[4.391s] INFO:colcon.colcon_core.shell:Creating environment descriptor '/home/jlurobovision/eng_ws/install/exchangestation_detector/share/exchangestation_detector/hook/cmake_prefix_path.dsv'
[4.392s] INFO:colcon.colcon_core.shell:Creating environment hook '/home/jlurobovision/eng_ws/install/exchangestation_detector/share/exchangestation_detector/hook/cmake_prefix_path.sh'
[4.392s] Level 1:colcon.colcon_core.environment:checking '/home/jlurobovision/eng_ws/install/exchangestation_detector/lib'
[4.392s] Level 1:colcon.colcon_core.shell:create_environment_hook('exchangestation_detector', 'ld_library_path_lib')
[4.393s] INFO:colcon.colcon_core.shell:Creating environment hook '/home/jlurobovision/eng_ws/install/exchangestation_detector/share/exchangestation_detector/hook/ld_library_path_lib.ps1'
[4.393s] INFO:colcon.colcon_core.shell:Creating environment descriptor '/home/jlurobovision/eng_ws/install/exchangestation_detector/share/exchangestation_detector/hook/ld_library_path_lib.dsv'
[4.393s] INFO:colcon.colcon_core.shell:Creating environment hook '/home/jlurobovision/eng_ws/install/exchangestation_detector/share/exchangestation_detector/hook/ld_library_path_lib.sh'
[4.393s] Level 1:colcon.colcon_core.environment:checking '/home/jlurobovision/eng_ws/install/exchangestation_detector/bin'
[4.394s] Level 1:colcon.colcon_core.environment:checking '/home/jlurobovision/eng_ws/install/exchangestation_detector/lib/pkgconfig/exchangestation_detector.pc'
[4.394s] Level 1:colcon.colcon_core.environment:checking '/home/jlurobovision/eng_ws/install/exchangestation_detector/lib/python3.10/site-packages'
[4.394s] Level 1:colcon.colcon_core.environment:checking '/home/jlurobovision/eng_ws/install/exchangestation_detector/bin'
[4.394s] INFO:colcon.colcon_core.shell:Creating package script '/home/jlurobovision/eng_ws/install/exchangestation_detector/share/exchangestation_detector/package.ps1'
[4.395s] INFO:colcon.colcon_core.shell:Creating package descriptor '/home/jlurobovision/eng_ws/install/exchangestation_detector/share/exchangestation_detector/package.dsv'
[4.395s] INFO:colcon.colcon_core.shell:Creating package script '/home/jlurobovision/eng_ws/install/exchangestation_detector/share/exchangestation_detector/package.sh'
[4.396s] INFO:colcon.colcon_core.shell:Creating package script '/home/jlurobovision/eng_ws/install/exchangestation_detector/share/exchangestation_detector/package.bash'
[4.396s] INFO:colcon.colcon_core.shell:Creating package script '/home/jlurobovision/eng_ws/install/exchangestation_detector/share/exchangestation_detector/package.zsh'
[4.396s] Level 1:colcon.colcon_core.environment:create_file_with_runtime_dependencies(/home/jlurobovision/eng_ws/install/exchangestation_detector/share/colcon-core/packages/exchangestation_detector)
[4.397s] DEBUG:colcon.colcon_parallel_executor.executor.parallel:closing loop
[4.397s] DEBUG:colcon.colcon_parallel_executor.executor.parallel:loop closed
[4.397s] DEBUG:colcon.colcon_parallel_executor.executor.parallel:run_until_complete finished with '0'
[4.397s] DEBUG:colcon.colcon_core.event_reactor:joining thread
[4.403s] INFO:colcon.colcon_core.plugin_system:Skipping extension 'colcon_notification.desktop_notification.terminal_notifier': Not used on non-Darwin systems
[4.403s] INFO:colcon.colcon_core.plugin_system:Skipping extension 'colcon_notification.desktop_notification.win32': Not used on non-Windows systems
[4.403s] INFO:colcon.colcon_notification.desktop_notification:Sending desktop notification using 'notify2'
[4.414s] DEBUG:colcon.colcon_core.event_reactor:joined thread
[4.414s] INFO:colcon.colcon_core.shell:Creating prefix script '/home/jlurobovision/eng_ws/install/local_setup.ps1'
[4.415s] INFO:colcon.colcon_core.shell:Creating prefix util module '/home/jlurobovision/eng_ws/install/_local_setup_util_ps1.py'
[4.416s] INFO:colcon.colcon_core.shell:Creating prefix chain script '/home/jlurobovision/eng_ws/install/setup.ps1'
[4.417s] INFO:colcon.colcon_core.shell:Creating prefix script '/home/jlurobovision/eng_ws/install/local_setup.sh'
[4.418s] INFO:colcon.colcon_core.shell:Creating prefix util module '/home/jlurobovision/eng_ws/install/_local_setup_util_sh.py'
[4.418s] INFO:colcon.colcon_core.shell:Creating prefix chain script '/home/jlurobovision/eng_ws/install/setup.sh'
[4.420s] INFO:colcon.colcon_core.shell:Creating prefix script '/home/jlurobovision/eng_ws/install/local_setup.bash'
[4.420s] INFO:colcon.colcon_core.shell:Creating prefix chain script '/home/jlurobovision/eng_ws/install/setup.bash'
[4.421s] INFO:colcon.colcon_core.shell:Creating prefix script '/home/jlurobovision/eng_ws/install/local_setup.zsh'
[4.422s] INFO:colcon.colcon_core.shell:Creating prefix chain script '/home/jlurobovision/eng_ws/install/setup.zsh'
