[0.033s] Invoking command in '/home/jlurobovision/eng_ws/build/msg_interfaces': CMAKE_PREFIX_PATH=${CMAKE_PREFIX_PATH}:/opt/ros/humble /usr/bin/cmake --build /home/jlurobovision/eng_ws/build/msg_interfaces -- -j12 -l12
[0.190s] [  9%] Built target msg_interfaces__cpp
[0.193s] [ 12%] Built target msg_interfaces__rosidl_generator_c
[0.229s] [ 12%] Built target ament_cmake_python_symlink_msg_interfaces
[0.294s] [ 22%] Built target msg_interfaces__rosidl_typesupport_introspection_c
[0.309s] [ 32%] Built target msg_interfaces__rosidl_typesupport_c
[0.311s] [ 41%] Built target msg_interfaces__rosidl_typesupport_cpp
[0.311s] [ 61%] Built target msg_interfaces__rosidl_typesupport_fastrtps_cpp
[0.311s] [ 61%] Built target msg_interfaces__rosidl_typesupport_fastrtps_c
[0.318s] [ 70%] Built target msg_interfaces__rosidl_typesupport_introspection_cpp
[0.419s] [ 70%] Built target msg_interfaces
[0.522s] [ 74%] Built target msg_interfaces__py
[0.647s] [ 80%] Built target msg_interfaces__rosidl_generator_py
[0.770s] [ 87%] Built target msg_interfaces__rosidl_typesupport_c__pyext
[0.802s] [ 93%] Built target msg_interfaces__rosidl_typesupport_introspection_c__pyext
[0.811s] [100%] Built target msg_interfaces__rosidl_typesupport_fastrtps_c__pyext
[1.956s] running egg_info
[1.961s] writing msg_interfaces.egg-info/PKG-INFO
[1.962s] writing dependency_links to msg_interfaces.egg-info/dependency_links.txt
[1.962s] writing top-level names to msg_interfaces.egg-info/top_level.txt
[1.975s] reading manifest file 'msg_interfaces.egg-info/SOURCES.txt'
[1.976s] writing manifest file 'msg_interfaces.egg-info/SOURCES.txt'
[2.219s] [100%] Built target ament_cmake_python_build_msg_interfaces_egg
[2.256s] Invoked command in '/home/jlurobovision/eng_ws/build/msg_interfaces' returned '0': CMAKE_PREFIX_PATH=${CMAKE_PREFIX_PATH}:/opt/ros/humble /usr/bin/cmake --build /home/jlurobovision/eng_ws/build/msg_interfaces -- -j12 -l12
[2.425s] Invoking command in '/home/jlurobovision/eng_ws/build/msg_interfaces': CMAKE_PREFIX_PATH=${CMAKE_PREFIX_PATH}:/opt/ros/humble /usr/bin/cmake --install /home/jlurobovision/eng_ws/build/msg_interfaces
[2.438s] -- Install configuration: ""
[2.440s] -- Execute custom install script
[2.441s] -- Up-to-date symlink: /home/jlurobovision/eng_ws/install/msg_interfaces/share/ament_index/resource_index/rosidl_interfaces/msg_interfaces
[2.442s] -- Up-to-date symlink: /home/jlurobovision/eng_ws/install/msg_interfaces/include/msg_interfaces/msg_interfaces/msg/angle.h
[2.442s] -- Up-to-date symlink: /home/jlurobovision/eng_ws/install/msg_interfaces/include/msg_interfaces/msg_interfaces/msg/detail/angle__functions.h
[2.442s] -- Up-to-date symlink: /home/jlurobovision/eng_ws/install/msg_interfaces/include/msg_interfaces/msg_interfaces/msg/detail/angle__struct.h
[2.442s] -- Up-to-date symlink: /home/jlurobovision/eng_ws/install/msg_interfaces/include/msg_interfaces/msg_interfaces/msg/detail/angle__type_support.h
[2.442s] -- Up-to-date symlink: /home/jlurobovision/eng_ws/install/msg_interfaces/include/msg_interfaces/msg_interfaces/msg/rosidl_generator_c__visibility_control.h
[2.442s] -- Up-to-date symlink: /home/jlurobovision/eng_ws/install/msg_interfaces/share/msg_interfaces/environment/library_path.sh
[2.443s] -- Up-to-date symlink: /home/jlurobovision/eng_ws/install/msg_interfaces/share/msg_interfaces/environment/library_path.dsv
[2.443s] -- Up-to-date symlink: /home/jlurobovision/eng_ws/install/msg_interfaces/include/msg_interfaces/msg_interfaces/msg/detail/angle__rosidl_typesupport_fastrtps_c.h
[2.443s] -- Up-to-date symlink: /home/jlurobovision/eng_ws/install/msg_interfaces/include/msg_interfaces/msg_interfaces/msg/rosidl_typesupport_fastrtps_c__visibility_control.h
[2.444s] -- Up-to-date symlink: /home/jlurobovision/eng_ws/install/msg_interfaces/include/msg_interfaces/msg_interfaces/msg/detail/angle__rosidl_typesupport_introspection_c.h
[2.444s] -- Up-to-date symlink: /home/jlurobovision/eng_ws/install/msg_interfaces/include/msg_interfaces/msg_interfaces/msg/rosidl_typesupport_introspection_c__visibility_control.h
[2.444s] -- Up-to-date symlink: /home/jlurobovision/eng_ws/install/msg_interfaces/include/msg_interfaces/msg_interfaces/msg/angle.hpp
[2.444s] -- Up-to-date symlink: /home/jlurobovision/eng_ws/install/msg_interfaces/include/msg_interfaces/msg_interfaces/msg/detail/angle__builder.hpp
[2.444s] -- Up-to-date symlink: /home/jlurobovision/eng_ws/install/msg_interfaces/include/msg_interfaces/msg_interfaces/msg/detail/angle__struct.hpp
[2.445s] -- Up-to-date symlink: /home/jlurobovision/eng_ws/install/msg_interfaces/include/msg_interfaces/msg_interfaces/msg/detail/angle__traits.hpp
[2.445s] -- Up-to-date symlink: /home/jlurobovision/eng_ws/install/msg_interfaces/include/msg_interfaces/msg_interfaces/msg/detail/angle__rosidl_typesupport_fastrtps_cpp.hpp
[2.445s] -- Up-to-date symlink: /home/jlurobovision/eng_ws/install/msg_interfaces/include/msg_interfaces/msg_interfaces/msg/rosidl_typesupport_fastrtps_cpp__visibility_control.h
[2.446s] -- Up-to-date symlink: /home/jlurobovision/eng_ws/install/msg_interfaces/include/msg_interfaces/msg_interfaces/msg/detail/angle__rosidl_typesupport_introspection_cpp.hpp
[2.446s] -- Up-to-date symlink: /home/jlurobovision/eng_ws/install/msg_interfaces/share/msg_interfaces/environment/pythonpath.sh
[2.446s] -- Up-to-date symlink: /home/jlurobovision/eng_ws/install/msg_interfaces/share/msg_interfaces/environment/pythonpath.dsv
[2.446s] -- Up-to-date symlink: /home/jlurobovision/eng_ws/install/msg_interfaces/local/lib/python3.10/dist-packages/msg_interfaces-0.0.0-py3.10.egg-info/PKG-INFO
[2.446s] -- Up-to-date symlink: /home/jlurobovision/eng_ws/install/msg_interfaces/local/lib/python3.10/dist-packages/msg_interfaces-0.0.0-py3.10.egg-info/SOURCES.txt
[2.446s] -- Up-to-date symlink: /home/jlurobovision/eng_ws/install/msg_interfaces/local/lib/python3.10/dist-packages/msg_interfaces-0.0.0-py3.10.egg-info/dependency_links.txt
[2.446s] -- Up-to-date symlink: /home/jlurobovision/eng_ws/install/msg_interfaces/local/lib/python3.10/dist-packages/msg_interfaces-0.0.0-py3.10.egg-info/top_level.txt
[2.447s] -- Up-to-date symlink: /home/jlurobovision/eng_ws/install/msg_interfaces/local/lib/python3.10/dist-packages/msg_interfaces/__init__.py
[2.447s] -- Up-to-date symlink: /home/jlurobovision/eng_ws/install/msg_interfaces/local/lib/python3.10/dist-packages/msg_interfaces/_msg_interfaces_s.ep.rosidl_typesupport_c.c
[2.447s] -- Up-to-date symlink: /home/jlurobovision/eng_ws/install/msg_interfaces/local/lib/python3.10/dist-packages/msg_interfaces/_msg_interfaces_s.ep.rosidl_typesupport_fastrtps_c.c
[2.447s] -- Up-to-date symlink: /home/jlurobovision/eng_ws/install/msg_interfaces/local/lib/python3.10/dist-packages/msg_interfaces/_msg_interfaces_s.ep.rosidl_typesupport_introspection_c.c
[2.448s] -- Up-to-date symlink: /home/jlurobovision/eng_ws/install/msg_interfaces/local/lib/python3.10/dist-packages/msg_interfaces/libmsg_interfaces__rosidl_generator_py.so
[2.448s] -- Up-to-date symlink: /home/jlurobovision/eng_ws/install/msg_interfaces/local/lib/python3.10/dist-packages/msg_interfaces/msg/__init__.py
[2.448s] -- Up-to-date symlink: /home/jlurobovision/eng_ws/install/msg_interfaces/local/lib/python3.10/dist-packages/msg_interfaces/msg/_angle.py
[2.448s] -- Up-to-date symlink: /home/jlurobovision/eng_ws/install/msg_interfaces/local/lib/python3.10/dist-packages/msg_interfaces/msg/_angle_s.c
[2.448s] -- Up-to-date symlink: /home/jlurobovision/eng_ws/install/msg_interfaces/local/lib/python3.10/dist-packages/msg_interfaces/msg_interfaces_s__rosidl_typesupport_c.cpython-310-x86_64-linux-gnu.so
[2.448s] -- Up-to-date symlink: /home/jlurobovision/eng_ws/install/msg_interfaces/local/lib/python3.10/dist-packages/msg_interfaces/msg_interfaces_s__rosidl_typesupport_fastrtps_c.cpython-310-x86_64-linux-gnu.so
[2.449s] -- Up-to-date symlink: /home/jlurobovision/eng_ws/install/msg_interfaces/local/lib/python3.10/dist-packages/msg_interfaces/msg_interfaces_s__rosidl_typesupport_introspection_c.cpython-310-x86_64-linux-gnu.so
[2.449s] -- Up-to-date symlink: /home/jlurobovision/eng_ws/install/msg_interfaces/local/lib/python3.10/dist-packages/msg_interfaces/msg_interfaces_s__rosidl_typesupport_fastrtps_c.cpython-310-x86_64-linux-gnu.so
[2.449s] -- Up-to-date symlink: /home/jlurobovision/eng_ws/install/msg_interfaces/local/lib/python3.10/dist-packages/msg_interfaces/msg_interfaces_s__rosidl_typesupport_introspection_c.cpython-310-x86_64-linux-gnu.so
[2.450s] -- Up-to-date symlink: /home/jlurobovision/eng_ws/install/msg_interfaces/local/lib/python3.10/dist-packages/msg_interfaces/msg_interfaces_s__rosidl_typesupport_c.cpython-310-x86_64-linux-gnu.so
[2.450s] -- Up-to-date symlink: /home/jlurobovision/eng_ws/install/msg_interfaces/share/msg_interfaces/msg/Angle.idl
[2.450s] -- Up-to-date symlink: /home/jlurobovision/eng_ws/install/msg_interfaces/share/msg_interfaces/msg/Angle.msg
[2.450s] -- Up-to-date symlink: /home/jlurobovision/eng_ws/install/msg_interfaces/share/ament_index/resource_index/package_run_dependencies/msg_interfaces
[2.451s] -- Up-to-date symlink: /home/jlurobovision/eng_ws/install/msg_interfaces/share/ament_index/resource_index/parent_prefix_path/msg_interfaces
[2.451s] -- Up-to-date symlink: /home/jlurobovision/eng_ws/install/msg_interfaces/share/msg_interfaces/environment/ament_prefix_path.sh
[2.451s] -- Up-to-date symlink: /home/jlurobovision/eng_ws/install/msg_interfaces/share/msg_interfaces/environment/ament_prefix_path.dsv
[2.451s] -- Up-to-date symlink: /home/jlurobovision/eng_ws/install/msg_interfaces/share/msg_interfaces/environment/path.sh
[2.451s] -- Up-to-date symlink: /home/jlurobovision/eng_ws/install/msg_interfaces/share/msg_interfaces/environment/path.dsv
[2.451s] -- Up-to-date symlink: /home/jlurobovision/eng_ws/install/msg_interfaces/share/msg_interfaces/local_setup.bash
[2.452s] -- Up-to-date symlink: /home/jlurobovision/eng_ws/install/msg_interfaces/share/msg_interfaces/local_setup.sh
[2.452s] -- Up-to-date symlink: /home/jlurobovision/eng_ws/install/msg_interfaces/share/msg_interfaces/local_setup.zsh
[2.452s] -- Up-to-date symlink: /home/jlurobovision/eng_ws/install/msg_interfaces/share/msg_interfaces/local_setup.dsv
[2.452s] -- Symlinking: /home/jlurobovision/eng_ws/install/msg_interfaces/share/msg_interfaces/package.dsv
[2.475s] -- Up-to-date symlink: /home/jlurobovision/eng_ws/install/msg_interfaces/share/ament_index/resource_index/packages/msg_interfaces
[2.475s] -- Up-to-date symlink: /home/jlurobovision/eng_ws/install/msg_interfaces/share/msg_interfaces/cmake/rosidl_cmake-extras.cmake
[2.476s] -- Up-to-date symlink: /home/jlurobovision/eng_ws/install/msg_interfaces/share/msg_interfaces/cmake/ament_cmake_export_include_directories-extras.cmake
[2.476s] -- Up-to-date symlink: /home/jlurobovision/eng_ws/install/msg_interfaces/share/msg_interfaces/cmake/ament_cmake_export_libraries-extras.cmake
[2.476s] -- Up-to-date symlink: /home/jlurobovision/eng_ws/install/msg_interfaces/share/msg_interfaces/cmake/ament_cmake_export_targets-extras.cmake
[2.476s] -- Up-to-date symlink: /home/jlurobovision/eng_ws/install/msg_interfaces/share/msg_interfaces/cmake/rosidl_cmake_export_typesupport_targets-extras.cmake
[2.476s] -- Up-to-date symlink: /home/jlurobovision/eng_ws/install/msg_interfaces/share/msg_interfaces/cmake/ament_cmake_export_dependencies-extras.cmake
[2.476s] -- Up-to-date symlink: /home/jlurobovision/eng_ws/install/msg_interfaces/share/msg_interfaces/cmake/rosidl_cmake_export_typesupport_libraries-extras.cmake
[2.477s] -- Up-to-date symlink: /home/jlurobovision/eng_ws/install/msg_interfaces/share/msg_interfaces/cmake/msg_interfacesConfig.cmake
[2.477s] -- Up-to-date symlink: /home/jlurobovision/eng_ws/install/msg_interfaces/share/msg_interfaces/cmake/msg_interfacesConfig-version.cmake
[2.477s] -- Up-to-date symlink: /home/jlurobovision/eng_ws/install/msg_interfaces/share/msg_interfaces/package.xml
[2.478s] -- Up-to-date: /home/jlurobovision/eng_ws/install/msg_interfaces/lib/libmsg_interfaces__rosidl_generator_c.so
[2.479s] -- Up-to-date: /home/jlurobovision/eng_ws/install/msg_interfaces/lib/libmsg_interfaces__rosidl_typesupport_fastrtps_c.so
[2.479s] -- Up-to-date: /home/jlurobovision/eng_ws/install/msg_interfaces/lib/libmsg_interfaces__rosidl_typesupport_introspection_c.so
[2.479s] -- Up-to-date: /home/jlurobovision/eng_ws/install/msg_interfaces/lib/libmsg_interfaces__rosidl_typesupport_c.so
[2.480s] -- Up-to-date: /home/jlurobovision/eng_ws/install/msg_interfaces/lib/libmsg_interfaces__rosidl_typesupport_fastrtps_cpp.so
[2.480s] -- Up-to-date: /home/jlurobovision/eng_ws/install/msg_interfaces/lib/libmsg_interfaces__rosidl_typesupport_introspection_cpp.so
[2.481s] -- Up-to-date: /home/jlurobovision/eng_ws/install/msg_interfaces/lib/libmsg_interfaces__rosidl_typesupport_cpp.so
[2.556s] Listing '/home/jlurobovision/eng_ws/install/msg_interfaces/local/lib/python3.10/dist-packages/msg_interfaces'...
[2.557s] Listing '/home/jlurobovision/eng_ws/install/msg_interfaces/local/lib/python3.10/dist-packages/msg_interfaces/msg'...
[2.576s] -- Up-to-date: /home/jlurobovision/eng_ws/install/msg_interfaces/lib/libmsg_interfaces__rosidl_generator_py.so
[2.577s] -- Up-to-date: /home/jlurobovision/eng_ws/install/msg_interfaces/share/msg_interfaces/cmake/export_msg_interfaces__rosidl_generator_cExport.cmake
[2.577s] -- Up-to-date: /home/jlurobovision/eng_ws/install/msg_interfaces/share/msg_interfaces/cmake/export_msg_interfaces__rosidl_generator_cExport-noconfig.cmake
[2.577s] -- Up-to-date: /home/jlurobovision/eng_ws/install/msg_interfaces/share/msg_interfaces/cmake/export_msg_interfaces__rosidl_typesupport_fastrtps_cExport.cmake
[2.577s] -- Up-to-date: /home/jlurobovision/eng_ws/install/msg_interfaces/share/msg_interfaces/cmake/export_msg_interfaces__rosidl_typesupport_fastrtps_cExport-noconfig.cmake
[2.578s] -- Up-to-date: /home/jlurobovision/eng_ws/install/msg_interfaces/share/msg_interfaces/cmake/msg_interfaces__rosidl_typesupport_introspection_cExport.cmake
[2.578s] -- Up-to-date: /home/jlurobovision/eng_ws/install/msg_interfaces/share/msg_interfaces/cmake/msg_interfaces__rosidl_typesupport_introspection_cExport-noconfig.cmake
[2.578s] -- Up-to-date: /home/jlurobovision/eng_ws/install/msg_interfaces/share/msg_interfaces/cmake/msg_interfaces__rosidl_typesupport_cExport.cmake
[2.578s] -- Up-to-date: /home/jlurobovision/eng_ws/install/msg_interfaces/share/msg_interfaces/cmake/msg_interfaces__rosidl_typesupport_cExport-noconfig.cmake
[2.578s] -- Up-to-date: /home/jlurobovision/eng_ws/install/msg_interfaces/share/msg_interfaces/cmake/export_msg_interfaces__rosidl_generator_cppExport.cmake
[2.578s] -- Up-to-date: /home/jlurobovision/eng_ws/install/msg_interfaces/share/msg_interfaces/cmake/export_msg_interfaces__rosidl_typesupport_fastrtps_cppExport.cmake
[2.578s] -- Up-to-date: /home/jlurobovision/eng_ws/install/msg_interfaces/share/msg_interfaces/cmake/export_msg_interfaces__rosidl_typesupport_fastrtps_cppExport-noconfig.cmake
[2.579s] -- Up-to-date: /home/jlurobovision/eng_ws/install/msg_interfaces/share/msg_interfaces/cmake/msg_interfaces__rosidl_typesupport_introspection_cppExport.cmake
[2.579s] -- Up-to-date: /home/jlurobovision/eng_ws/install/msg_interfaces/share/msg_interfaces/cmake/msg_interfaces__rosidl_typesupport_introspection_cppExport-noconfig.cmake
[2.579s] -- Up-to-date: /home/jlurobovision/eng_ws/install/msg_interfaces/share/msg_interfaces/cmake/msg_interfaces__rosidl_typesupport_cppExport.cmake
[2.579s] -- Up-to-date: /home/jlurobovision/eng_ws/install/msg_interfaces/share/msg_interfaces/cmake/msg_interfaces__rosidl_typesupport_cppExport-noconfig.cmake
[2.579s] -- Up-to-date: /home/jlurobovision/eng_ws/install/msg_interfaces/share/msg_interfaces/cmake/export_msg_interfaces__rosidl_generator_pyExport.cmake
[2.579s] -- Up-to-date: /home/jlurobovision/eng_ws/install/msg_interfaces/share/msg_interfaces/cmake/export_msg_interfaces__rosidl_generator_pyExport-noconfig.cmake
[2.585s] Invoked command in '/home/jlurobovision/eng_ws/build/msg_interfaces' returned '0': CMAKE_PREFIX_PATH=${CMAKE_PREFIX_PATH}:/opt/ros/humble /usr/bin/cmake --install /home/jlurobovision/eng_ws/build/msg_interfaces
