[0.021s] Invoking command in '/home/jlurobovision/eng_ws/build/hik_camera': CMAKE_PREFIX_PATH=${CMAKE_PREFIX_PATH}:/opt/ros/humble /usr/bin/cmake /home/jlurobovision/eng_ws/src/hik_camera -DCMAKE_INSTALL_PREFIX=/home/jlurobovision/eng_ws/install/hik_camera
[0.081s] -- The C compiler identification is GNU 11.4.0
[0.150s] -- The CXX compiler identification is GNU 11.4.0
[0.159s] -- Detecting C compiler ABI info
[0.244s] -- Detecting C compiler ABI info - done
[0.261s] -- Check for working C compiler: /usr/bin/cc - skipped
[0.261s] -- Detecting C compile features
[0.262s] -- Detecting C compile features - done
[0.266s] -- Detecting CXX compiler ABI info
[0.419s] -- Detecting CXX compiler ABI info - done
[0.441s] -- Check for working CXX compiler: /usr/bin/c++ - skipped
[0.442s] -- Detecting CXX compile features
[0.443s] -- Detecting CXX compile features - done
[0.447s] -- Found ament_cmake_auto: 1.3.8 (/opt/ros/humble/share/ament_cmake_auto/cmake)
[0.667s] -- Found Python3: /usr/bin/python3 (found version "3.10.12") found components: Interpreter 
[0.945s] -- Found rosidl_generator_c: 3.1.5 (/opt/ros/humble/share/rosidl_generator_c/cmake)
[0.952s] -- Found rosidl_adapter: 3.1.5 (/opt/ros/humble/share/rosidl_adapter/cmake)
[0.962s] -- Found rosidl_generator_cpp: 3.1.5 (/opt/ros/humble/share/rosidl_generator_cpp/cmake)
[0.982s] -- Using all available rosidl_typesupport_c: rosidl_typesupport_fastrtps_c;rosidl_typesupport_introspection_c
[1.006s] -- Using all available rosidl_typesupport_cpp: rosidl_typesupport_fastrtps_cpp;rosidl_typesupport_introspection_cpp
[1.092s] -- Found rmw_implementation_cmake: 6.1.1 (/opt/ros/humble/share/rmw_implementation_cmake/cmake)
[1.096s] -- Found rmw_fastrtps_cpp: 6.2.6 (/opt/ros/humble/share/rmw_fastrtps_cpp/cmake)
[1.215s] -- Found OpenSSL: /usr/lib/x86_64-linux-gnu/libcrypto.so (found version "3.0.2")  
[1.255s] -- Found FastRTPS: /opt/ros/humble/include  
[1.312s] -- Using RMW implementation 'rmw_fastrtps_cpp' as default
[1.328s] -- Looking for pthread.h
[1.424s] -- Looking for pthread.h - found
[1.424s] -- Performing Test CMAKE_HAVE_LIBC_PTHREAD
[1.541s] -- Performing Test CMAKE_HAVE_LIBC_PTHREAD - Success
[1.542s] -- Found Threads: TRUE  
[2.094s] -- Found ament_lint_auto: 0.12.10 (/opt/ros/humble/share/ament_lint_auto/cmake)
[2.122s] -- Added test 'cppcheck' to perform static code analysis on C / C++ code
[2.123s] -- Configured cppcheck include dirs: /home/jlurobovision/eng_ws/src/hik_camera/hikSDK/include
[2.123s] -- Configured cppcheck exclude dirs and/or files: 
[2.123s] -- Added test 'flake8' to check Python code syntax and style conventions
[2.124s] -- Added test 'lint_cmake' to check CMake code style
[2.125s] -- Added test 'pep257' to check Python code against some of the docstring style conventions in PEP 257
[2.126s] -- Added test 'xmllint' to check XML markup files
[2.131s] -- Configuring done
[2.146s] -- Generating done
[2.147s] -- Build files have been written to: /home/jlurobovision/eng_ws/build/hik_camera
[2.161s] Invoked command in '/home/jlurobovision/eng_ws/build/hik_camera' returned '0': CMAKE_PREFIX_PATH=${CMAKE_PREFIX_PATH}:/opt/ros/humble /usr/bin/cmake /home/jlurobovision/eng_ws/src/hik_camera -DCMAKE_INSTALL_PREFIX=/home/jlurobovision/eng_ws/install/hik_camera
[2.164s] Invoking command in '/home/jlurobovision/eng_ws/build/hik_camera': CMAKE_PREFIX_PATH=${CMAKE_PREFIX_PATH}:/opt/ros/humble /usr/bin/cmake --build /home/jlurobovision/eng_ws/build/hik_camera -- -j12 -l12
[2.222s] [ 25%] [32mBuilding CXX object CMakeFiles/hik_camera_node.dir/rclcpp_components/node_main_hik_camera_node.cpp.o[0m
[2.224s] [ 50%] [32mBuilding CXX object CMakeFiles/hik_camera.dir/src/hik_camera_node.cpp.o[0m
[9.231s] [ 75%] [32m[1mLinking CXX executable hik_camera_node[0m
[9.443s] [ 75%] Built target hik_camera_node
[9.865s] [100%] [32m[1mLinking CXX shared library libhik_camera.so[0m
[10.113s] [100%] Built target hik_camera
[10.146s] Invoked command in '/home/jlurobovision/eng_ws/build/hik_camera' returned '0': CMAKE_PREFIX_PATH=${CMAKE_PREFIX_PATH}:/opt/ros/humble /usr/bin/cmake --build /home/jlurobovision/eng_ws/build/hik_camera -- -j12 -l12
[10.209s] Invoking command in '/home/jlurobovision/eng_ws/build/hik_camera': CMAKE_PREFIX_PATH=${CMAKE_PREFIX_PATH}:/opt/ros/humble /usr/bin/cmake --install /home/jlurobovision/eng_ws/build/hik_camera
[10.239s] -- Install configuration: ""
[10.254s] -- Up-to-date: /home/jlurobovision/eng_ws/install/hik_camera/lib
[10.254s] -- Up-to-date: /home/jlurobovision/eng_ws/install/hik_camera/lib/libMvUsb3vTL.so
[10.254s] -- Up-to-date: /home/jlurobovision/eng_ws/install/hik_camera/lib/libMvCameraControl.so
[10.254s] -- Up-to-date: /home/jlurobovision/eng_ws/install/hik_camera/lib/libFormatConversion.so
[10.254s] -- Up-to-date: /home/jlurobovision/eng_ws/install/hik_camera/lib/libMediaProcess.so
[10.254s] -- Up-to-date: /home/jlurobovision/eng_ws/install/hik_camera/lib/libMVRender.so
[10.255s] -- Installing: /home/jlurobovision/eng_ws/install/hik_camera/lib/hik_camera/hik_camera_node
[10.255s] -- Set runtime path of "/home/jlurobovision/eng_ws/install/hik_camera/lib/hik_camera/hik_camera_node" to ""
[10.255s] -- Up-to-date: /home/jlurobovision/eng_ws/install/hik_camera/share/hik_camera/environment/library_path.sh
[10.255s] -- Installing: /home/jlurobovision/eng_ws/install/hik_camera/share/hik_camera/environment/library_path.dsv
[10.255s] -- Installing: /home/jlurobovision/eng_ws/install/hik_camera/lib/libhik_camera.so
[10.255s] -- Set runtime path of "/home/jlurobovision/eng_ws/install/hik_camera/lib/libhik_camera.so" to ""
[10.255s] -- Up-to-date: /home/jlurobovision/eng_ws/install/hik_camera/share/hik_camera/config
[10.256s] -- Up-to-date: /home/jlurobovision/eng_ws/install/hik_camera/share/hik_camera/config/camera_info.yaml
[10.256s] -- Up-to-date: /home/jlurobovision/eng_ws/install/hik_camera/share/hik_camera/config/camera_params.yaml
[10.256s] -- Up-to-date: /home/jlurobovision/eng_ws/install/hik_camera/share/hik_camera/launch
[10.256s] -- Up-to-date: /home/jlurobovision/eng_ws/install/hik_camera/share/hik_camera/launch/__pycache__
[10.256s] -- Up-to-date: /home/jlurobovision/eng_ws/install/hik_camera/share/hik_camera/launch/__pycache__/hik_camera.launch.cpython-310.pyc
[10.256s] -- Up-to-date: /home/jlurobovision/eng_ws/install/hik_camera/share/hik_camera/launch/hik_camera.launch.py
[10.256s] -- Installing: /home/jlurobovision/eng_ws/install/hik_camera/share/ament_index/resource_index/package_run_dependencies/hik_camera
[10.256s] -- Installing: /home/jlurobovision/eng_ws/install/hik_camera/share/ament_index/resource_index/parent_prefix_path/hik_camera
[10.256s] -- Up-to-date: /home/jlurobovision/eng_ws/install/hik_camera/share/hik_camera/environment/ament_prefix_path.sh
[10.257s] -- Installing: /home/jlurobovision/eng_ws/install/hik_camera/share/hik_camera/environment/ament_prefix_path.dsv
[10.257s] -- Up-to-date: /home/jlurobovision/eng_ws/install/hik_camera/share/hik_camera/environment/path.sh
[10.257s] -- Installing: /home/jlurobovision/eng_ws/install/hik_camera/share/hik_camera/environment/path.dsv
[10.257s] -- Installing: /home/jlurobovision/eng_ws/install/hik_camera/share/hik_camera/local_setup.bash
[10.259s] -- Installing: /home/jlurobovision/eng_ws/install/hik_camera/share/hik_camera/local_setup.sh
[10.269s] -- Installing: /home/jlurobovision/eng_ws/install/hik_camera/share/hik_camera/local_setup.zsh
[10.270s] -- Installing: /home/jlurobovision/eng_ws/install/hik_camera/share/hik_camera/local_setup.dsv
[10.270s] -- Installing: /home/jlurobovision/eng_ws/install/hik_camera/share/hik_camera/package.dsv
[10.270s] -- Installing: /home/jlurobovision/eng_ws/install/hik_camera/share/ament_index/resource_index/packages/hik_camera
[10.270s] -- Installing: /home/jlurobovision/eng_ws/install/hik_camera/share/ament_index/resource_index/rclcpp_components/hik_camera
[10.270s] -- Installing: /home/jlurobovision/eng_ws/install/hik_camera/share/hik_camera/cmake/ament_cmake_export_dependencies-extras.cmake
[10.271s] -- Installing: /home/jlurobovision/eng_ws/install/hik_camera/share/hik_camera/cmake/ament_cmake_export_libraries-extras.cmake
[10.271s] -- Installing: /home/jlurobovision/eng_ws/install/hik_camera/share/hik_camera/cmake/hik_cameraConfig.cmake
[10.271s] -- Installing: /home/jlurobovision/eng_ws/install/hik_camera/share/hik_camera/cmake/hik_cameraConfig-version.cmake
[10.271s] -- Up-to-date: /home/jlurobovision/eng_ws/install/hik_camera/share/hik_camera/package.xml
[10.271s] Invoked command in '/home/jlurobovision/eng_ws/build/hik_camera' returned '0': CMAKE_PREFIX_PATH=${CMAKE_PREFIX_PATH}:/opt/ros/humble /usr/bin/cmake --install /home/jlurobovision/eng_ws/build/hik_camera
