[35m[1mConsolidate compiler generated dependencies of target exchangestation_detector[0m
[ 33%] [32mBuilding CXX object CMakeFiles/exchangestation_detector.dir/src/detector_node.cpp.o[0m
[ 66%] [32m[1mLinking CXX shared library libexchangestation_detector.so[0m
[100%] Built target exchangestation_detector
-- Install configuration: ""
-- Installing: /home/stardust/eng_ws/install/exchangestation_detector/include
-- Installing: /home/stardust/eng_ws/install/exchangestation_detector/include/exchangestation_detector
-- Installing: /home/stardust/eng_ws/install/exchangestation_detector/include/exchangestation_detector/exchangestation_detector.hpp
-- Installing: /home/stardust/eng_ws/install/exchangestation_detector/include/exchangestation_detector/detector_node.hpp
-- Installing: /home/stardust/eng_ws/install/exchangestation_detector/share/ament_index/resource_index/package_run_dependencies/exchangestation_detector
-- Installing: /home/stardust/eng_ws/install/exchangestation_detector/share/ament_index/resource_index/parent_prefix_path/exchangestation_detector
-- Installing: /home/stardust/eng_ws/install/exchangestation_detector/share/exchangestation_detector/environment/ament_prefix_path.sh
-- Installing: /home/stardust/eng_ws/install/exchangestation_detector/share/exchangestation_detector/environment/ament_prefix_path.dsv
-- Installing: /home/stardust/eng_ws/install/exchangestation_detector/share/exchangestation_detector/environment/path.sh
-- Installing: /home/stardust/eng_ws/install/exchangestation_detector/share/exchangestation_detector/environment/path.dsv
-- Installing: /home/stardust/eng_ws/install/exchangestation_detector/share/exchangestation_detector/local_setup.bash
-- Installing: /home/stardust/eng_ws/install/exchangestation_detector/share/exchangestation_detector/local_setup.sh
-- Installing: /home/stardust/eng_ws/install/exchangestation_detector/share/exchangestation_detector/local_setup.zsh
-- Installing: /home/stardust/eng_ws/install/exchangestation_detector/share/exchangestation_detector/local_setup.dsv
-- Installing: /home/stardust/eng_ws/install/exchangestation_detector/share/exchangestation_detector/package.dsv
-- Installing: /home/stardust/eng_ws/install/exchangestation_detector/share/ament_index/resource_index/packages/exchangestation_detector
-- Installing: /home/stardust/eng_ws/install/exchangestation_detector/share/ament_index/resource_index/rclcpp_components/exchangestation_detector
-- Installing: /home/stardust/eng_ws/install/exchangestation_detector/share/exchangestation_detector/cmake/ament_cmake_export_dependencies-extras.cmake
-- Installing: /home/stardust/eng_ws/install/exchangestation_detector/share/exchangestation_detector/cmake/ament_cmake_export_include_directories-extras.cmake
-- Installing: /home/stardust/eng_ws/install/exchangestation_detector/share/exchangestation_detector/cmake/exchangestation_detectorConfig.cmake
-- Installing: /home/stardust/eng_ws/install/exchangestation_detector/share/exchangestation_detector/cmake/exchangestation_detectorConfig-version.cmake
-- Installing: /home/stardust/eng_ws/install/exchangestation_detector/share/exchangestation_detector/package.xml
