[0.009s] Invoking command in '/home/jlurobovision/eng_ws/build/exchangestation_detector': CMAKE_PREFIX_PATH=/home/jlurobovision/eng_ws/install/serial:/home/jlurobovision/eng_ws/install/msg_interfaces:/home/jlurobovision/eng_ws/install/exchangestation_detector:/home/jlurobovision/eng_ws/install/hik_camera:/home/jlurobovision/eng_ws/install/global_launch:/home/jlurobovision/eng_ws/install/galaxy_camera:/home/jlurobovision/eng_ws/install/camera_calibration:/opt/ros/humble LD_LIBRARY_PATH=/home/jlurobovision/eng_ws/install/serial/lib:/home/jlurobovision/eng_ws/install/msg_interfaces/lib:/home/jlurobovision/eng_ws/install/exchangestation_detector/lib:/home/jlurobovision/eng_ws/install/hik_camera/lib:/home/jlurobovision/eng_ws/install/galaxy_camera/lib:/opt/ros/humble/opt/rviz_ogre_vendor/lib:/opt/ros/humble/lib/x86_64-linux-gnu:/opt/ros/humble/lib PYTHONPATH=/home/jlurobovision/eng_ws/install/msg_interfaces/lib/python3.10/site-packages:/home/jlurobovision/eng_ws/install/msg_interfaces/local/lib/python3.10/dist-packages:/opt/ros/humble/lib/python3.10/site-packages:/opt/ros/humble/local/lib/python3.10/dist-packages /usr/bin/cmake --build /home/jlurobovision/eng_ws/build/exchangestation_detector -- -j12 -l12
[0.078s] [35m[1mConsolidate compiler generated dependencies of target exchangestation_detector[0m
[0.090s] [ 40%] Built target detector_node
[0.100s] [ 60%] [32mBuilding CXX object CMakeFiles/exchangestation_detector.dir/src/exchangestation_detector.cpp.o[0m
[1.308s] [01m[K/home/jlurobovision/eng_ws/src/exchangestation_detector/src/exchangestation_detector.cpp:[m[K In constructor ‘[01m[KExchangeStationDetector::ExchangeStationDetector(int, int, int)[m[K’:
[1.308s] [01m[K/home/jlurobovision/eng_ws/src/exchangestation_detector/src/exchangestation_detector.cpp:45:46:[m[K [01;31m[Kerror: [m[Kno match for ‘[01m[Koperator<<[m[K’ (operand types are ‘[01m[Kstd::basic_ostream<char>[m[K’ and ‘[01m[Kstd::vector<double, std::allocator<double> >[m[K’)
[1.309s]    45 |             [32m[Kstd::cout << "distortion_coeff:"[m[K [01;31m[K<<[m[K [34m[KdistortionCoeffData[m[K << std::endl;
[1.309s]       |             [32m[K~~~~~~~~~~~~~~~~~~~~~~~~~~~~~~~~[m[K [01;31m[K^~[m[K [34m[K~~~~~~~~~~~~~~~~~~~[m[K
[1.309s]       |                       [32m[K|[m[K                         [34m[K|[m[K
[1.309s]       |                       [32m[Kstd::basic_ostream<char>[m[K  [34m[Kstd::vector<double, std::allocator<double> >[m[K
[1.309s] In file included from [01m[K/usr/include/c++/11/iostream:39[m[K,
[1.309s]                  from [01m[K/home/jlurobovision/eng_ws/src/exchangestation_detector/include/exchangestation_detector/exchangestation_detector.hpp:10[m[K,
[1.309s]                  from [01m[K/home/jlurobovision/eng_ws/src/exchangestation_detector/src/exchangestation_detector.cpp:1[m[K:
[1.309s] [01m[K/usr/include/c++/11/ostream:108:7:[m[K [01;36m[Knote: [m[Kcandidate: ‘[01m[Kstd::basic_ostream<_CharT, _Traits>::__ostream_type& std::basic_ostream<_CharT, _Traits>::operator<<(std::basic_ostream<_CharT, _Traits>::__ostream_type& (*)(std::basic_ostream<_CharT, _Traits>::__ostream_type&)) [with _CharT = char; _Traits = std::char_traits<char>; std::basic_ostream<_CharT, _Traits>::__ostream_type = std::basic_ostream<char>][m[K’
[1.309s]   108 |       [01;36m[Koperator[m[K<<(__ostream_type& (*__pf)(__ostream_type&))
[1.309s]       |       [01;36m[K^~~~~~~~[m[K
[1.309s] [01m[K/usr/include/c++/11/ostream:108:36:[m[K [01;36m[Knote: [m[K  no known conversion for argument 1 from ‘[01m[Kstd::vector<double, std::allocator<double> >[m[K’ to ‘[01m[Kstd::basic_ostream<char>::__ostream_type& (*)(std::basic_ostream<char>::__ostream_type&)[m[K’ {aka ‘[01m[Kstd::basic_ostream<char>& (*)(std::basic_ostream<char>&)[m[K’}
[1.309s]   108 |       operator<<([01;36m[K__ostream_type& (*__pf)(__ostream_type&)[m[K)
[1.309s]       |                  [01;36m[K~~~~~~~~~~~~~~~~~~^~~~~~~~~~~~~~~~~~~~~~[m[K
[1.311s] [01m[K/usr/include/c++/11/ostream:117:7:[m[K [01;36m[Knote: [m[Kcandidate: ‘[01m[Kstd::basic_ostream<_CharT, _Traits>::__ostream_type& std::basic_ostream<_CharT, _Traits>::operator<<(std::basic_ostream<_CharT, _Traits>::__ios_type& (*)(std::basic_ostream<_CharT, _Traits>::__ios_type&)) [with _CharT = char; _Traits = std::char_traits<char>; std::basic_ostream<_CharT, _Traits>::__ostream_type = std::basic_ostream<char>; std::basic_ostream<_CharT, _Traits>::__ios_type = std::basic_ios<char>][m[K’
[1.311s]   117 |       [01;36m[Koperator[m[K<<(__ios_type& (*__pf)(__ios_type&))
[1.311s]       |       [01;36m[K^~~~~~~~[m[K
[1.311s] [01m[K/usr/include/c++/11/ostream:117:32:[m[K [01;36m[Knote: [m[K  no known conversion for argument 1 from ‘[01m[Kstd::vector<double, std::allocator<double> >[m[K’ to ‘[01m[Kstd::basic_ostream<char>::__ios_type& (*)(std::basic_ostream<char>::__ios_type&)[m[K’ {aka ‘[01m[Kstd::basic_ios<char>& (*)(std::basic_ios<char>&)[m[K’}
[1.311s]   117 |       operator<<([01;36m[K__ios_type& (*__pf)(__ios_type&)[m[K)
[1.311s]       |                  [01;36m[K~~~~~~~~~~~~~~^~~~~~~~~~~~~~~~~~[m[K
[1.312s] [01m[K/usr/include/c++/11/ostream:127:7:[m[K [01;36m[Knote: [m[Kcandidate: ‘[01m[Kstd::basic_ostream<_CharT, _Traits>::__ostream_type& std::basic_ostream<_CharT, _Traits>::operator<<(std::ios_base& (*)(std::ios_base&)) [with _CharT = char; _Traits = std::char_traits<char>; std::basic_ostream<_CharT, _Traits>::__ostream_type = std::basic_ostream<char>][m[K’
[1.312s]   127 |       [01;36m[Koperator[m[K<<(ios_base& (*__pf) (ios_base&))
[1.312s]       |       [01;36m[K^~~~~~~~[m[K
[1.312s] [01m[K/usr/include/c++/11/ostream:127:30:[m[K [01;36m[Knote: [m[K  no known conversion for argument 1 from ‘[01m[Kstd::vector<double, std::allocator<double> >[m[K’ to ‘[01m[Kstd::ios_base& (*)(std::ios_base&)[m[K’
[1.312s]   127 |       operator<<([01;36m[Kios_base& (*__pf) (ios_base&)[m[K)
[1.312s]       |                  [01;36m[K~~~~~~~~~~~~^~~~~~~~~~~~~~~~~[m[K
[1.312s] [01m[K/usr/include/c++/11/ostream:166:7:[m[K [01;36m[Knote: [m[Kcandidate: ‘[01m[Kstd::basic_ostream<_CharT, _Traits>::__ostream_type& std::basic_ostream<_CharT, _Traits>::operator<<(long int) [with _CharT = char; _Traits = std::char_traits<char>; std::basic_ostream<_CharT, _Traits>::__ostream_type = std::basic_ostream<char>][m[K’
[1.312s]   166 |       [01;36m[Koperator[m[K<<(long __n)
[1.312s]       |       [01;36m[K^~~~~~~~[m[K
[1.312s] [01m[K/usr/include/c++/11/ostream:166:23:[m[K [01;36m[Knote: [m[K  no known conversion for argument 1 from ‘[01m[Kstd::vector<double, std::allocator<double> >[m[K’ to ‘[01m[Klong int[m[K’
[1.313s]   166 |       operator<<([01;36m[Klong __n[m[K)
[1.313s]       |                  [01;36m[K~~~~~^~~[m[K
[1.313s] [01m[K/usr/include/c++/11/ostream:170:7:[m[K [01;36m[Knote: [m[Kcandidate: ‘[01m[Kstd::basic_ostream<_CharT, _Traits>::__ostream_type& std::basic_ostream<_CharT, _Traits>::operator<<(long unsigned int) [with _CharT = char; _Traits = std::char_traits<char>; std::basic_ostream<_CharT, _Traits>::__ostream_type = std::basic_ostream<char>][m[K’
[1.313s]   170 |       [01;36m[Koperator[m[K<<(unsigned long __n)
[1.313s]       |       [01;36m[K^~~~~~~~[m[K
[1.313s] [01m[K/usr/include/c++/11/ostream:170:32:[m[K [01;36m[Knote: [m[K  no known conversion for argument 1 from ‘[01m[Kstd::vector<double, std::allocator<double> >[m[K’ to ‘[01m[Klong unsigned int[m[K’
[1.314s]   170 |       operator<<([01;36m[Kunsigned long __n[m[K)
[1.314s]       |                  [01;36m[K~~~~~~~~~~~~~~^~~[m[K
[1.314s] [01m[K/usr/include/c++/11/ostream:174:7:[m[K [01;36m[Knote: [m[Kcandidate: ‘[01m[Kstd::basic_ostream<_CharT, _Traits>::__ostream_type& std::basic_ostream<_CharT, _Traits>::operator<<(bool) [with _CharT = char; _Traits = std::char_traits<char>; std::basic_ostream<_CharT, _Traits>::__ostream_type = std::basic_ostream<char>][m[K’
[1.314s]   174 |       [01;36m[Koperator[m[K<<(bool __n)
[1.314s]       |       [01;36m[K^~~~~~~~[m[K
[1.314s] [01m[K/usr/include/c++/11/ostream:174:23:[m[K [01;36m[Knote: [m[K  no known conversion for argument 1 from ‘[01m[Kstd::vector<double, std::allocator<double> >[m[K’ to ‘[01m[Kbool[m[K’
[1.314s]   174 |       operator<<([01;36m[Kbool __n[m[K)
[1.314s]       |                  [01;36m[K~~~~~^~~[m[K
[1.314s] In file included from [01m[K/usr/include/c++/11/ostream:829[m[K,
[1.314s]                  from [01m[K/usr/include/c++/11/iostream:39[m[K,
[1.314s]                  from [01m[K/home/jlurobovision/eng_ws/src/exchangestation_detector/include/exchangestation_detector/exchangestation_detector.hpp:10[m[K,
[1.314s]                  from [01m[K/home/jlurobovision/eng_ws/src/exchangestation_detector/src/exchangestation_detector.cpp:1[m[K:
[1.314s] [01m[K/usr/include/c++/11/bits/ostream.tcc:91:5:[m[K [01;36m[Knote: [m[Kcandidate: ‘[01m[Kstd::basic_ostream<_CharT, _Traits>& std::basic_ostream<_CharT, _Traits>::operator<<(short int) [with _CharT = char; _Traits = std::char_traits<char>][m[K’
[1.314s]    91 |     [01;36m[Kbasic_ostream<_CharT, _Traits>[m[K::
[1.314s]       |     [01;36m[K^~~~~~~~~~~~~~~~~~~~~~~~~~~~~~[m[K
[1.314s] [01m[K/usr/include/c++/11/bits/ostream.tcc:92:22:[m[K [01;36m[Knote: [m[K  no known conversion for argument 1 from ‘[01m[Kstd::vector<double, std::allocator<double> >[m[K’ to ‘[01m[Kshort int[m[K’
[1.315s]    92 |     operator<<([01;36m[Kshort __n[m[K)
[1.315s]       |                [01;36m[K~~~~~~^~~[m[K
[1.315s] In file included from [01m[K/usr/include/c++/11/iostream:39[m[K,
[1.315s]                  from [01m[K/home/jlurobovision/eng_ws/src/exchangestation_detector/include/exchangestation_detector/exchangestation_detector.hpp:10[m[K,
[1.315s]                  from [01m[K/home/jlurobovision/eng_ws/src/exchangestation_detector/src/exchangestation_detector.cpp:1[m[K:
[1.315s] [01m[K/usr/include/c++/11/ostream:181:7:[m[K [01;36m[Knote: [m[Kcandidate: ‘[01m[Kstd::basic_ostream<_CharT, _Traits>::__ostream_type& std::basic_ostream<_CharT, _Traits>::operator<<(short unsigned int) [with _CharT = char; _Traits = std::char_traits<char>; std::basic_ostream<_CharT, _Traits>::__ostream_type = std::basic_ostream<char>][m[K’
[1.315s]   181 |       [01;36m[Koperator[m[K<<(unsigned short __n)
[1.315s]       |       [01;36m[K^~~~~~~~[m[K
[1.315s] [01m[K/usr/include/c++/11/ostream:181:33:[m[K [01;36m[Knote: [m[K  no known conversion for argument 1 from ‘[01m[Kstd::vector<double, std::allocator<double> >[m[K’ to ‘[01m[Kshort unsigned int[m[K’
[1.315s]   181 |       operator<<([01;36m[Kunsigned short __n[m[K)
[1.315s]       |                  [01;36m[K~~~~~~~~~~~~~~~^~~[m[K
[1.315s] In file included from [01m[K/usr/include/c++/11/ostream:829[m[K,
[1.315s]                  from [01m[K/usr/include/c++/11/iostream:39[m[K,
[1.315s]                  from [01m[K/home/jlurobovision/eng_ws/src/exchangestation_detector/include/exchangestation_detector/exchangestation_detector.hpp:10[m[K,
[1.315s]                  from [01m[K/home/jlurobovision/eng_ws/src/exchangestation_detector/src/exchangestation_detector.cpp:1[m[K:
[1.315s] [01m[K/usr/include/c++/11/bits/ostream.tcc:105:5:[m[K [01;36m[Knote: [m[Kcandidate: ‘[01m[Kstd::basic_ostream<_CharT, _Traits>& std::basic_ostream<_CharT, _Traits>::operator<<(int) [with _CharT = char; _Traits = std::char_traits<char>][m[K’
[1.316s]   105 |     [01;36m[Kbasic_ostream<_CharT, _Traits>[m[K::
[1.316s]       |     [01;36m[K^~~~~~~~~~~~~~~~~~~~~~~~~~~~~~[m[K
[1.316s] [01m[K/usr/include/c++/11/bits/ostream.tcc:106:20:[m[K [01;36m[Knote: [m[K  no known conversion for argument 1 from ‘[01m[Kstd::vector<double, std::allocator<double> >[m[K’ to ‘[01m[Kint[m[K’
[1.316s]   106 |     operator<<([01;36m[Kint __n[m[K)
[1.316s]       |                [01;36m[K~~~~^~~[m[K
[1.316s] In file included from [01m[K/usr/include/c++/11/iostream:39[m[K,
[1.316s]                  from [01m[K/home/jlurobovision/eng_ws/src/exchangestation_detector/include/exchangestation_detector/exchangestation_detector.hpp:10[m[K,
[1.316s]                  from [01m[K/home/jlurobovision/eng_ws/src/exchangestation_detector/src/exchangestation_detector.cpp:1[m[K:
[1.316s] [01m[K/usr/include/c++/11/ostream:192:7:[m[K [01;36m[Knote: [m[Kcandidate: ‘[01m[Kstd::basic_ostream<_CharT, _Traits>::__ostream_type& std::basic_ostream<_CharT, _Traits>::operator<<(unsigned int) [with _CharT = char; _Traits = std::char_traits<char>; std::basic_ostream<_CharT, _Traits>::__ostream_type = std::basic_ostream<char>][m[K’
[1.316s]   192 |       [01;36m[Koperator[m[K<<(unsigned int __n)
[1.316s]       |       [01;36m[K^~~~~~~~[m[K
[1.316s] [01m[K/usr/include/c++/11/ostream:192:31:[m[K [01;36m[Knote: [m[K  no known conversion for argument 1 from ‘[01m[Kstd::vector<double, std::allocator<double> >[m[K’ to ‘[01m[Kunsigned int[m[K’
[1.316s]   192 |       operator<<([01;36m[Kunsigned int __n[m[K)
[1.316s]       |                  [01;36m[K~~~~~~~~~~~~~^~~[m[K
[1.316s] [01m[K/usr/include/c++/11/ostream:201:7:[m[K [01;36m[Knote: [m[Kcandidate: ‘[01m[Kstd::basic_ostream<_CharT, _Traits>::__ostream_type& std::basic_ostream<_CharT, _Traits>::operator<<(long long int) [with _CharT = char; _Traits = std::char_traits<char>; std::basic_ostream<_CharT, _Traits>::__ostream_type = std::basic_ostream<char>][m[K’
[1.316s]   201 |       [01;36m[Koperator[m[K<<(long long __n)
[1.316s]       |       [01;36m[K^~~~~~~~[m[K
[1.317s] [01m[K/usr/include/c++/11/ostream:201:28:[m[K [01;36m[Knote: [m[K  no known conversion for argument 1 from ‘[01m[Kstd::vector<double, std::allocator<double> >[m[K’ to ‘[01m[Klong long int[m[K’
[1.317s]   201 |       operator<<([01;36m[Klong long __n[m[K)
[1.317s]       |                  [01;36m[K~~~~~~~~~~^~~[m[K
[1.317s] [01m[K/usr/include/c++/11/ostream:205:7:[m[K [01;36m[Knote: [m[Kcandidate: ‘[01m[Kstd::basic_ostream<_CharT, _Traits>::__ostream_type& std::basic_ostream<_CharT, _Traits>::operator<<(long long unsigned int) [with _CharT = char; _Traits = std::char_traits<char>; std::basic_ostream<_CharT, _Traits>::__ostream_type = std::basic_ostream<char>][m[K’
[1.317s]   205 |       [01;36m[Koperator[m[K<<(unsigned long long __n)
[1.317s]       |       [01;36m[K^~~~~~~~[m[K
[1.317s] [01m[K/usr/include/c++/11/ostream:205:37:[m[K [01;36m[Knote: [m[K  no known conversion for argument 1 from ‘[01m[Kstd::vector<double, std::allocator<double> >[m[K’ to ‘[01m[Klong long unsigned int[m[K’
[1.317s]   205 |       operator<<([01;36m[Kunsigned long long __n[m[K)
[1.317s]       |                  [01;36m[K~~~~~~~~~~~~~~~~~~~^~~[m[K
[1.317s] [01m[K/usr/include/c++/11/ostream:220:7:[m[K [01;36m[Knote: [m[Kcandidate: ‘[01m[Kstd::basic_ostream<_CharT, _Traits>::__ostream_type& std::basic_ostream<_CharT, _Traits>::operator<<(double) [with _CharT = char; _Traits = std::char_traits<char>; std::basic_ostream<_CharT, _Traits>::__ostream_type = std::basic_ostream<char>][m[K’
[1.317s]   220 |       [01;36m[Koperator[m[K<<(double __f)
[1.317s]       |       [01;36m[K^~~~~~~~[m[K
[1.317s] [01m[K/usr/include/c++/11/ostream:220:25:[m[K [01;36m[Knote: [m[K  no known conversion for argument 1 from ‘[01m[Kstd::vector<double, std::allocator<double> >[m[K’ to ‘[01m[Kdouble[m[K’
[1.317s]   220 |       operator<<([01;36m[Kdouble __f[m[K)
[1.317s]       |                  [01;36m[K~~~~~~~^~~[m[K
[1.317s] [01m[K/usr/include/c++/11/ostream:224:7:[m[K [01;36m[Knote: [m[Kcandidate: ‘[01m[Kstd::basic_ostream<_CharT, _Traits>::__ostream_type& std::basic_ostream<_CharT, _Traits>::operator<<(float) [with _CharT = char; _Traits = std::char_traits<char>; std::basic_ostream<_CharT, _Traits>::__ostream_type = std::basic_ostream<char>][m[K’
[1.317s]   224 |       [01;36m[Koperator[m[K<<(float __f)
[1.318s]       |       [01;36m[K^~~~~~~~[m[K
[1.318s] [01m[K/usr/include/c++/11/ostream:224:24:[m[K [01;36m[Knote: [m[K  no known conversion for argument 1 from ‘[01m[Kstd::vector<double, std::allocator<double> >[m[K’ to ‘[01m[Kfloat[m[K’
[1.318s]   224 |       operator<<([01;36m[Kfloat __f[m[K)
[1.318s]       |                  [01;36m[K~~~~~~^~~[m[K
[1.318s] [01m[K/usr/include/c++/11/ostream:232:7:[m[K [01;36m[Knote: [m[Kcandidate: ‘[01m[Kstd::basic_ostream<_CharT, _Traits>::__ostream_type& std::basic_ostream<_CharT, _Traits>::operator<<(long double) [with _CharT = char; _Traits = std::char_traits<char>; std::basic_ostream<_CharT, _Traits>::__ostream_type = std::basic_ostream<char>][m[K’
[1.318s]   232 |       [01;36m[Koperator[m[K<<(long double __f)
[1.318s]       |       [01;36m[K^~~~~~~~[m[K
[1.318s] [01m[K/usr/include/c++/11/ostream:232:30:[m[K [01;36m[Knote: [m[K  no known conversion for argument 1 from ‘[01m[Kstd::vector<double, std::allocator<double> >[m[K’ to ‘[01m[Klong double[m[K’
[1.318s]   232 |       operator<<([01;36m[Klong double __f[m[K)
[1.318s]       |                  [01;36m[K~~~~~~~~~~~~^~~[m[K
[1.318s] [01m[K/usr/include/c++/11/ostream:245:7:[m[K [01;36m[Knote: [m[Kcandidate: ‘[01m[Kstd::basic_ostream<_CharT, _Traits>::__ostream_type& std::basic_ostream<_CharT, _Traits>::operator<<(const void*) [with _CharT = char; _Traits = std::char_traits<char>; std::basic_ostream<_CharT, _Traits>::__ostream_type = std::basic_ostream<char>][m[K’
[1.318s]   245 |       [01;36m[Koperator[m[K<<(const void* __p)
[1.318s]       |       [01;36m[K^~~~~~~~[m[K
[1.319s] [01m[K/usr/include/c++/11/ostream:245:30:[m[K [01;36m[Knote: [m[K  no known conversion for argument 1 from ‘[01m[Kstd::vector<double, std::allocator<double> >[m[K’ to ‘[01m[Kconst void*[m[K’
[1.319s]   245 |       operator<<([01;36m[Kconst void* __p[m[K)
[1.319s]       |                  [01;36m[K~~~~~~~~~~~~^~~[m[K
[1.319s] [01m[K/usr/include/c++/11/ostream:250:7:[m[K [01;36m[Knote: [m[Kcandidate: ‘[01m[Kstd::basic_ostream<_CharT, _Traits>::__ostream_type& std::basic_ostream<_CharT, _Traits>::operator<<(std::nullptr_t) [with _CharT = char; _Traits = std::char_traits<char>; std::basic_ostream<_CharT, _Traits>::__ostream_type = std::basic_ostream<char>; std::nullptr_t = std::nullptr_t][m[K’
[1.319s]   250 |       [01;36m[Koperator[m[K<<(nullptr_t)
[1.319s]       |       [01;36m[K^~~~~~~~[m[K
[1.319s] [01m[K/usr/include/c++/11/ostream:250:18:[m[K [01;36m[Knote: [m[K  no known conversion for argument 1 from ‘[01m[Kstd::vector<double, std::allocator<double> >[m[K’ to ‘[01m[Kstd::nullptr_t[m[K’
[1.319s]   250 |       operator<<([01;36m[Knullptr_t[m[K)
[1.319s]       |                  [01;36m[K^~~~~~~~~[m[K
[1.320s] In file included from [01m[K/usr/include/c++/11/ostream:829[m[K,
[1.320s]                  from [01m[K/usr/include/c++/11/iostream:39[m[K,
[1.320s]                  from [01m[K/home/jlurobovision/eng_ws/src/exchangestation_detector/include/exchangestation_detector/exchangestation_detector.hpp:10[m[K,
[1.320s]                  from [01m[K/home/jlurobovision/eng_ws/src/exchangestation_detector/src/exchangestation_detector.cpp:1[m[K:
[1.320s] [01m[K/usr/include/c++/11/bits/ostream.tcc:119:5:[m[K [01;36m[Knote: [m[Kcandidate: ‘[01m[Kstd::basic_ostream<_CharT, _Traits>& std::basic_ostream<_CharT, _Traits>::operator<<(std::basic_ostream<_CharT, _Traits>::__streambuf_type*) [with _CharT = char; _Traits = std::char_traits<char>; std::basic_ostream<_CharT, _Traits>::__streambuf_type = std::basic_streambuf<char>][m[K’
[1.320s]   119 |     [01;36m[Kbasic_ostream<_CharT, _Traits>[m[K::
[1.320s]       |     [01;36m[K^~~~~~~~~~~~~~~~~~~~~~~~~~~~~~[m[K
[1.320s] [01m[K/usr/include/c++/11/bits/ostream.tcc:120:34:[m[K [01;36m[Knote: [m[K  no known conversion for argument 1 from ‘[01m[Kstd::vector<double, std::allocator<double> >[m[K’ to ‘[01m[Kstd::basic_ostream<char>::__streambuf_type*[m[K’ {aka ‘[01m[Kstd::basic_streambuf<char>*[m[K’}
[1.320s]   120 |     operator<<([01;36m[K__streambuf_type* __sbin[m[K)
[1.320s]       |                [01;36m[K~~~~~~~~~~~~~~~~~~^~~~~~[m[K
[1.321s] In file included from [01m[K/usr/local/include/opencv4/opencv2/core/matx.hpp:542[m[K,
[1.321s]                  from [01m[K/usr/local/include/opencv4/opencv2/core.hpp:56[m[K,
[1.321s]                  from [01m[K/usr/local/include/opencv4/opencv2/core/core.hpp:48[m[K,
[1.321s]                  from [01m[K/home/jlurobovision/eng_ws/src/exchangestation_detector/include/exchangestation_detector/exchangestation_detector.hpp:11[m[K,
[1.321s]                  from [01m[K/home/jlurobovision/eng_ws/src/exchangestation_detector/src/exchangestation_detector.cpp:1[m[K:
[1.321s] [01m[K/usr/local/include/opencv4/opencv2/core/matx.inl.hpp:119:33:[m[K [01;36m[Knote: [m[Kcandidate: ‘[01m[Ktemplate<class _Tp, class _T2, int m, int n> cv::MatxCommaInitializer<_Tp, m, n> cv::operator<<(const cv::Matx<_Tp1, m, n>&, _T2)[m[K’
[1.321s]   119 | MatxCommaInitializer<_Tp, m, n> [01;36m[Koperator[m[K << (const Matx<_Tp, m, n>& mtx, _T2 val)
[1.321s]       |                                 [01;36m[K^~~~~~~~[m[K
[1.321s] [01m[K/usr/local/include/opencv4/opencv2/core/matx.inl.hpp:119:33:[m[K [01;36m[Knote: [m[K  template argument deduction/substitution failed:
[1.321s] [01m[K/home/jlurobovision/eng_ws/src/exchangestation_detector/src/exchangestation_detector.cpp:45:49:[m[K [01;36m[Knote: [m[K  ‘[01m[Kstd::basic_ostream<char>[m[K’ is not derived from ‘[01m[Kconst cv::Matx<_Tp1, m, n>[m[K’
[1.322s]    45 |             std::cout << "distortion_coeff:" << [01;36m[KdistortionCoeffData[m[K << std::endl;
[1.322s]       |                                                 [01;36m[K^~~~~~~~~~~~~~~~~~~[m[K
[1.322s] In file included from [01m[K/usr/local/include/opencv4/opencv2/core/matx.hpp:542[m[K,
[1.322s]                  from [01m[K/usr/local/include/opencv4/opencv2/core.hpp:56[m[K,
[1.322s]                  from [01m[K/usr/local/include/opencv4/opencv2/core/core.hpp:48[m[K,
[1.322s]                  from [01m[K/home/jlurobovision/eng_ws/src/exchangestation_detector/include/exchangestation_detector/exchangestation_detector.hpp:11[m[K,
[1.322s]                  from [01m[K/home/jlurobovision/eng_ws/src/exchangestation_detector/src/exchangestation_detector.cpp:1[m[K:
[1.322s] [01m[K/usr/local/include/opencv4/opencv2/core/matx.inl.hpp:742:30:[m[K [01;36m[Knote: [m[Kcandidate: ‘[01m[Ktemplate<class _Tp, class _T2, int cn> cv::VecCommaInitializer<_Tp, cn> cv::operator<<(const cv::Vec<_Tp, n>&, _T2)[m[K’
[1.322s]   742 | VecCommaInitializer<_Tp, cn> [01;36m[Koperator[m[K << (const Vec<_Tp, cn>& vec, _T2 val)
[1.322s]       |                              [01;36m[K^~~~~~~~[m[K
[1.323s] [01m[K/usr/local/include/opencv4/opencv2/core/matx.inl.hpp:742:30:[m[K [01;36m[Knote: [m[K  template argument deduction/substitution failed:
[1.323s] [01m[K/home/jlurobovision/eng_ws/src/exchangestation_detector/src/exchangestation_detector.cpp:45:49:[m[K [01;36m[Knote: [m[K  ‘[01m[Kstd::basic_ostream<char>[m[K’ is not derived from ‘[01m[Kconst cv::Vec<_Tp, n>[m[K’
[1.323s]    45 |             std::cout << "distortion_coeff:" << [01;36m[KdistortionCoeffData[m[K << std::endl;
[1.323s]       |                                                 [01;36m[K^~~~~~~~~~~~~~~~~~~[m[K
[1.323s] In file included from [01m[K/usr/local/include/opencv4/opencv2/core/mat.hpp:3795[m[K,
[1.323s]                  from [01m[K/usr/local/include/opencv4/opencv2/core.hpp:58[m[K,
[1.323s]                  from [01m[K/usr/local/include/opencv4/opencv2/core/core.hpp:48[m[K,
[1.323s]                  from [01m[K/home/jlurobovision/eng_ws/src/exchangestation_detector/include/exchangestation_detector/exchangestation_detector.hpp:11[m[K,
[1.323s]                  from [01m[K/home/jlurobovision/eng_ws/src/exchangestation_detector/src/exchangestation_detector.cpp:1[m[K:
[1.323s] [01m[K/usr/local/include/opencv4/opencv2/core/mat.inl.hpp:2997:27:[m[K [01;36m[Knote: [m[Kcandidate: ‘[01m[Ktemplate<class _Tp, class T2> cv::MatCommaInitializer_<_Tp> cv::operator<<(const cv::Mat_<_Tp>&, T2)[m[K’
[1.323s]  2997 | MatCommaInitializer_<_Tp> [01;36m[Koperator[m[K << (const Mat_<_Tp>& m, T2 val)
[1.323s]       |                           [01;36m[K^~~~~~~~[m[K
[1.324s] [01m[K/usr/local/include/opencv4/opencv2/core/mat.inl.hpp:2997:27:[m[K [01;36m[Knote: [m[K  template argument deduction/substitution failed:
[1.324s] [01m[K/home/jlurobovision/eng_ws/src/exchangestation_detector/src/exchangestation_detector.cpp:45:49:[m[K [01;36m[Knote: [m[K  ‘[01m[Kstd::basic_ostream<char>[m[K’ is not derived from ‘[01m[Kconst cv::Mat_<_Tp>[m[K’
[1.324s]    45 |             std::cout << "distortion_coeff:" << [01;36m[KdistortionCoeffData[m[K << std::endl;
[1.324s]       |                                                 [01;36m[K^~~~~~~~~~~~~~~~~~~[m[K
[1.324s] In file included from [01m[K/usr/local/include/opencv4/opencv2/core.hpp:59[m[K,
[1.324s]                  from [01m[K/usr/local/include/opencv4/opencv2/core/core.hpp:48[m[K,
[1.324s]                  from [01m[K/home/jlurobovision/eng_ws/src/exchangestation_detector/include/exchangestation_detector/exchangestation_detector.hpp:11[m[K,
[1.324s]                  from [01m[K/home/jlurobovision/eng_ws/src/exchangestation_detector/src/exchangestation_detector.cpp:1[m[K:
[1.324s] [01m[K/usr/local/include/opencv4/opencv2/core/persistence.hpp:1196:14:[m[K [01;36m[Knote: [m[Kcandidate: ‘[01m[Ktemplate<class _Tp> cv::FileStorage& cv::operator<<(cv::FileStorage&, const _Tp&)[m[K’
[1.324s]  1196 | FileStorage& [01;36m[Koperator[m[K << (FileStorage& fs, const _Tp& value)
[1.324s]       |              [01;36m[K^~~~~~~~[m[K
[1.324s] [01m[K/usr/local/include/opencv4/opencv2/core/persistence.hpp:1196:14:[m[K [01;36m[Knote: [m[K  template argument deduction/substitution failed:
[1.324s] [01m[K/home/jlurobovision/eng_ws/src/exchangestation_detector/src/exchangestation_detector.cpp:45:23:[m[K [01;36m[Knote: [m[K  cannot convert ‘[01m[Kstd::operator<< <std::char_traits<char> >(std::cout, ((const char*)"distortion_coeff:"))[m[K’ (type ‘[01m[Kstd::basic_ostream<char>[m[K’) to type ‘[01m[Kcv::FileStorage&[m[K’
[1.324s]    45 |             [01;36m[Kstd::cout << "distortion_coeff:"[m[K << distortionCoeffData << std::endl;
[1.324s]       |             [01;36m[K~~~~~~~~~~^~~~~~~~~~~~~~~~~~~~~~[m[K
[1.324s] In file included from [01m[K/usr/local/include/opencv4/opencv2/core.hpp:3389[m[K,
[1.325s]                  from [01m[K/usr/local/include/opencv4/opencv2/core/core.hpp:48[m[K,
[1.325s]                  from [01m[K/home/jlurobovision/eng_ws/src/exchangestation_detector/include/exchangestation_detector/exchangestation_detector.hpp:11[m[K,
[1.325s]                  from [01m[K/home/jlurobovision/eng_ws/src/exchangestation_detector/src/exchangestation_detector.cpp:1[m[K:
[1.325s] [01m[K/usr/local/include/opencv4/opencv2/core/cvstd.inl.hpp:99:15:[m[K [01;36m[Knote: [m[Kcandidate: ‘[01m[Ktemplate<class _Tp> std::ostream& cv::operator<<(std::ostream&, const cv::Complex<_Tp>&)[m[K’
[1.325s]    99 | std::ostream& [01;36m[Koperator[m[K << (std::ostream& out, const Complex<_Tp>& c)
[1.325s]       |               [01;36m[K^~~~~~~~[m[K
[1.325s] [01m[K/usr/local/include/opencv4/opencv2/core/cvstd.inl.hpp:99:15:[m[K [01;36m[Knote: [m[K  template argument deduction/substitution failed:
[1.325s] [01m[K/home/jlurobovision/eng_ws/src/exchangestation_detector/src/exchangestation_detector.cpp:45:49:[m[K [01;36m[Knote: [m[K  ‘[01m[Kstd::vector<double, std::allocator<double> >[m[K’ is not derived from ‘[01m[Kconst cv::Complex<_Tp>[m[K’
[1.325s]    45 |             std::cout << "distortion_coeff:" << [01;36m[KdistortionCoeffData[m[K << std::endl;
[1.325s]       |                                                 [01;36m[K^~~~~~~~~~~~~~~~~~~[m[K
[1.325s] In file included from [01m[K/usr/local/include/opencv4/opencv2/core.hpp:3389[m[K,
[1.325s]                  from [01m[K/usr/local/include/opencv4/opencv2/core/core.hpp:48[m[K,
[1.325s]                  from [01m[K/home/jlurobovision/eng_ws/src/exchangestation_detector/include/exchangestation_detector/exchangestation_detector.hpp:11[m[K,
[1.325s]                  from [01m[K/home/jlurobovision/eng_ws/src/exchangestation_detector/src/exchangestation_detector.cpp:1[m[K:
[1.325s] [01m[K/usr/local/include/opencv4/opencv2/core/cvstd.inl.hpp:105:15:[m[K [01;36m[Knote: [m[Kcandidate: ‘[01m[Ktemplate<class _Tp> std::ostream& cv::operator<<(std::ostream&, const std::vector<cv::Point_<_Tp> >&)[m[K’
[1.325s]   105 | std::ostream& [01;36m[Koperator[m[K << (std::ostream& out, const std::vector<Point_<_Tp> >& vec)
[1.326s]       |               [01;36m[K^~~~~~~~[m[K
[1.326s] [01m[K/usr/local/include/opencv4/opencv2/core/cvstd.inl.hpp:105:15:[m[K [01;36m[Knote: [m[K  template argument deduction/substitution failed:
[1.326s] [01m[K/home/jlurobovision/eng_ws/src/exchangestation_detector/src/exchangestation_detector.cpp:45:49:[m[K [01;36m[Knote: [m[K  mismatched types ‘[01m[Kcv::Point_<_Tp>[m[K’ and ‘[01m[Kdouble[m[K’
[1.326s]    45 |             std::cout << "distortion_coeff:" << [01;36m[KdistortionCoeffData[m[K << std::endl;
[1.326s]       |                                                 [01;36m[K^~~~~~~~~~~~~~~~~~~[m[K
[1.326s] In file included from [01m[K/usr/local/include/opencv4/opencv2/core.hpp:3389[m[K,
[1.326s]                  from [01m[K/usr/local/include/opencv4/opencv2/core/core.hpp:48[m[K,
[1.326s]                  from [01m[K/home/jlurobovision/eng_ws/src/exchangestation_detector/include/exchangestation_detector/exchangestation_detector.hpp:11[m[K,
[1.326s]                  from [01m[K/home/jlurobovision/eng_ws/src/exchangestation_detector/src/exchangestation_detector.cpp:1[m[K:
[1.326s] [01m[K/usr/local/include/opencv4/opencv2/core/cvstd.inl.hpp:112:15:[m[K [01;36m[Knote: [m[Kcandidate: ‘[01m[Ktemplate<class _Tp> std::ostream& cv::operator<<(std::ostream&, const std::vector<cv::Point3_<_Tp> >&)[m[K’
[1.326s]   112 | std::ostream& [01;36m[Koperator[m[K << (std::ostream& out, const std::vector<Point3_<_Tp> >& vec)
[1.326s]       |               [01;36m[K^~~~~~~~[m[K
[1.326s] [01m[K/usr/local/include/opencv4/opencv2/core/cvstd.inl.hpp:112:15:[m[K [01;36m[Knote: [m[K  template argument deduction/substitution failed:
[1.326s] [01m[K/home/jlurobovision/eng_ws/src/exchangestation_detector/src/exchangestation_detector.cpp:45:49:[m[K [01;36m[Knote: [m[K  mismatched types ‘[01m[Kcv::Point3_<_Tp>[m[K’ and ‘[01m[Kdouble[m[K’
[1.327s]    45 |             std::cout << "distortion_coeff:" << [01;36m[KdistortionCoeffData[m[K << std::endl;
[1.327s]       |                                                 [01;36m[K^~~~~~~~~~~~~~~~~~~[m[K
[1.327s] In file included from [01m[K/usr/local/include/opencv4/opencv2/core.hpp:3389[m[K,
[1.327s]                  from [01m[K/usr/local/include/opencv4/opencv2/core/core.hpp:48[m[K,
[1.327s]                  from [01m[K/home/jlurobovision/eng_ws/src/exchangestation_detector/include/exchangestation_detector/exchangestation_detector.hpp:11[m[K,
[1.327s]                  from [01m[K/home/jlurobovision/eng_ws/src/exchangestation_detector/src/exchangestation_detector.cpp:1[m[K:
[1.327s] [01m[K/usr/local/include/opencv4/opencv2/core/cvstd.inl.hpp:119:15:[m[K [01;36m[Knote: [m[Kcandidate: ‘[01m[Ktemplate<class _Tp, int m, int n> std::ostream& cv::operator<<(std::ostream&, const cv::Matx<_Tp, m, n>&)[m[K’
[1.327s]   119 | std::ostream& [01;36m[Koperator[m[K << (std::ostream& out, const Matx<_Tp, m, n>& matx)
[1.327s]       |               [01;36m[K^~~~~~~~[m[K
[1.327s] [01m[K/usr/local/include/opencv4/opencv2/core/cvstd.inl.hpp:119:15:[m[K [01;36m[Knote: [m[K  template argument deduction/substitution failed:
[1.327s] [01m[K/home/jlurobovision/eng_ws/src/exchangestation_detector/src/exchangestation_detector.cpp:45:49:[m[K [01;36m[Knote: [m[K  ‘[01m[Kstd::vector<double, std::allocator<double> >[m[K’ is not derived from ‘[01m[Kconst cv::Matx<_Tp, m, n>[m[K’
[1.327s]    45 |             std::cout << "distortion_coeff:" << [01;36m[KdistortionCoeffData[m[K << std::endl;
[1.327s]       |                                                 [01;36m[K^~~~~~~~~~~~~~~~~~~[m[K
[1.327s] In file included from [01m[K/usr/local/include/opencv4/opencv2/core.hpp:3389[m[K,
[1.327s]                  from [01m[K/usr/local/include/opencv4/opencv2/core/core.hpp:48[m[K,
[1.327s]                  from [01m[K/home/jlurobovision/eng_ws/src/exchangestation_detector/include/exchangestation_detector/exchangestation_detector.hpp:11[m[K,
[1.327s]                  from [01m[K/home/jlurobovision/eng_ws/src/exchangestation_detector/src/exchangestation_detector.cpp:1[m[K:
[1.328s] [01m[K/usr/local/include/opencv4/opencv2/core/cvstd.inl.hpp:125:15:[m[K [01;36m[Knote: [m[Kcandidate: ‘[01m[Ktemplate<class _Tp> std::ostream& cv::operator<<(std::ostream&, const cv::Point_<_Tp>&)[m[K’
[1.328s]   125 | std::ostream& [01;36m[Koperator[m[K << (std::ostream& out, const Point_<_Tp>& p)
[1.328s]       |               [01;36m[K^~~~~~~~[m[K
[1.328s] [01m[K/usr/local/include/opencv4/opencv2/core/cvstd.inl.hpp:125:15:[m[K [01;36m[Knote: [m[K  template argument deduction/substitution failed:
[1.328s] [01m[K/home/jlurobovision/eng_ws/src/exchangestation_detector/src/exchangestation_detector.cpp:45:49:[m[K [01;36m[Knote: [m[K  ‘[01m[Kstd::vector<double, std::allocator<double> >[m[K’ is not derived from ‘[01m[Kconst cv::Point_<_Tp>[m[K’
[1.328s]    45 |             std::cout << "distortion_coeff:" << [01;36m[KdistortionCoeffData[m[K << std::endl;
[1.328s]       |                                                 [01;36m[K^~~~~~~~~~~~~~~~~~~[m[K
[1.328s] In file included from [01m[K/usr/local/include/opencv4/opencv2/core.hpp:3389[m[K,
[1.328s]                  from [01m[K/usr/local/include/opencv4/opencv2/core/core.hpp:48[m[K,
[1.328s]                  from [01m[K/home/jlurobovision/eng_ws/src/exchangestation_detector/include/exchangestation_detector/exchangestation_detector.hpp:11[m[K,
[1.328s]                  from [01m[K/home/jlurobovision/eng_ws/src/exchangestation_detector/src/exchangestation_detector.cpp:1[m[K:
[1.328s] [01m[K/usr/local/include/opencv4/opencv2/core/cvstd.inl.hpp:132:15:[m[K [01;36m[Knote: [m[Kcandidate: ‘[01m[Ktemplate<class _Tp> std::ostream& cv::operator<<(std::ostream&, const cv::Point3_<_Tp>&)[m[K’
[1.328s]   132 | std::ostream& [01;36m[Koperator[m[K << (std::ostream& out, const Point3_<_Tp>& p)
[1.328s]       |               [01;36m[K^~~~~~~~[m[K
[1.328s] [01m[K/usr/local/include/opencv4/opencv2/core/cvstd.inl.hpp:132:15:[m[K [01;36m[Knote: [m[K  template argument deduction/substitution failed:
[1.328s] [01m[K/home/jlurobovision/eng_ws/src/exchangestation_detector/src/exchangestation_detector.cpp:45:49:[m[K [01;36m[Knote: [m[K  ‘[01m[Kstd::vector<double, std::allocator<double> >[m[K’ is not derived from ‘[01m[Kconst cv::Point3_<_Tp>[m[K’
[1.328s]    45 |             std::cout << "distortion_coeff:" << [01;36m[KdistortionCoeffData[m[K << std::endl;
[1.329s]       |                                                 [01;36m[K^~~~~~~~~~~~~~~~~~~[m[K
[1.329s] In file included from [01m[K/usr/local/include/opencv4/opencv2/core.hpp:3389[m[K,
[1.329s]                  from [01m[K/usr/local/include/opencv4/opencv2/core/core.hpp:48[m[K,
[1.329s]                  from [01m[K/home/jlurobovision/eng_ws/src/exchangestation_detector/include/exchangestation_detector/exchangestation_detector.hpp:11[m[K,
[1.329s]                  from [01m[K/home/jlurobovision/eng_ws/src/exchangestation_detector/src/exchangestation_detector.cpp:1[m[K:
[1.329s] [01m[K/usr/local/include/opencv4/opencv2/core/cvstd.inl.hpp:139:15:[m[K [01;36m[Knote: [m[Kcandidate: ‘[01m[Ktemplate<class _Tp, int n> std::ostream& cv::operator<<(std::ostream&, const cv::Vec<_Tp, m>&)[m[K’
[1.329s]   139 | std::ostream& [01;36m[Koperator[m[K << (std::ostream& out, const Vec<_Tp, n>& vec)
[1.329s]       |               [01;36m[K^~~~~~~~[m[K
[1.329s] [01m[K/usr/local/include/opencv4/opencv2/core/cvstd.inl.hpp:139:15:[m[K [01;36m[Knote: [m[K  template argument deduction/substitution failed:
[1.329s] [01m[K/home/jlurobovision/eng_ws/src/exchangestation_detector/src/exchangestation_detector.cpp:45:49:[m[K [01;36m[Knote: [m[K  ‘[01m[Kstd::vector<double, std::allocator<double> >[m[K’ is not derived from ‘[01m[Kconst cv::Vec<_Tp, m>[m[K’
[1.329s]    45 |             std::cout << "distortion_coeff:" << [01;36m[KdistortionCoeffData[m[K << std::endl;
[1.329s]       |                                                 [01;36m[K^~~~~~~~~~~~~~~~~~~[m[K
[1.329s] In file included from [01m[K/usr/local/include/opencv4/opencv2/core.hpp:3389[m[K,
[1.329s]                  from [01m[K/usr/local/include/opencv4/opencv2/core/core.hpp:48[m[K,
[1.329s]                  from [01m[K/home/jlurobovision/eng_ws/src/exchangestation_detector/include/exchangestation_detector/exchangestation_detector.hpp:11[m[K,
[1.329s]                  from [01m[K/home/jlurobovision/eng_ws/src/exchangestation_detector/src/exchangestation_detector.cpp:1[m[K:
[1.330s] [01m[K/usr/local/include/opencv4/opencv2/core/cvstd.inl.hpp:161:15:[m[K [01;36m[Knote: [m[Kcandidate: ‘[01m[Ktemplate<class _Tp> std::ostream& cv::operator<<(std::ostream&, const cv::Size_<_Tp>&)[m[K’
[1.330s]   161 | std::ostream& [01;36m[Koperator[m[K << (std::ostream& out, const Size_<_Tp>& size)
[1.330s]       |               [01;36m[K^~~~~~~~[m[K
[1.330s] [01m[K/usr/local/include/opencv4/opencv2/core/cvstd.inl.hpp:161:15:[m[K [01;36m[Knote: [m[K  template argument deduction/substitution failed:
[1.330s] [01m[K/home/jlurobovision/eng_ws/src/exchangestation_detector/src/exchangestation_detector.cpp:45:49:[m[K [01;36m[Knote: [m[K  ‘[01m[Kstd::vector<double, std::allocator<double> >[m[K’ is not derived from ‘[01m[Kconst cv::Size_<_Tp>[m[K’
[1.330s]    45 |             std::cout << "distortion_coeff:" << [01;36m[KdistortionCoeffData[m[K << std::endl;
[1.330s]       |                                                 [01;36m[K^~~~~~~~~~~~~~~~~~~[m[K
[1.330s] In file included from [01m[K/usr/local/include/opencv4/opencv2/core.hpp:3389[m[K,
[1.330s]                  from [01m[K/usr/local/include/opencv4/opencv2/core/core.hpp:48[m[K,
[1.330s]                  from [01m[K/home/jlurobovision/eng_ws/src/exchangestation_detector/include/exchangestation_detector/exchangestation_detector.hpp:11[m[K,
[1.330s]                  from [01m[K/home/jlurobovision/eng_ws/src/exchangestation_detector/src/exchangestation_detector.cpp:1[m[K:
[1.330s] [01m[K/usr/local/include/opencv4/opencv2/core/cvstd.inl.hpp:167:15:[m[K [01;36m[Knote: [m[Kcandidate: ‘[01m[Ktemplate<class _Tp> std::ostream& cv::operator<<(std::ostream&, const cv::Rect_<_Tp>&)[m[K’
[1.330s]   167 | std::ostream& [01;36m[Koperator[m[K << (std::ostream& out, const Rect_<_Tp>& rect)
[1.330s]       |               [01;36m[K^~~~~~~~[m[K
[1.330s] [01m[K/usr/local/include/opencv4/opencv2/core/cvstd.inl.hpp:167:15:[m[K [01;36m[Knote: [m[K  template argument deduction/substitution failed:
[1.330s] [01m[K/home/jlurobovision/eng_ws/src/exchangestation_detector/src/exchangestation_detector.cpp:45:49:[m[K [01;36m[Knote: [m[K  ‘[01m[Kstd::vector<double, std::allocator<double> >[m[K’ is not derived from ‘[01m[Kconst cv::Rect_<_Tp>[m[K’
[1.330s]    45 |             std::cout << "distortion_coeff:" << [01;36m[KdistortionCoeffData[m[K << std::endl;
[1.330s]       |                                                 [01;36m[K^~~~~~~~~~~~~~~~~~~[m[K
[1.331s] In file included from [01m[K/usr/include/c++/11/bits/basic_string.h:48[m[K,
[1.331s]                  from [01m[K/usr/include/c++/11/string:55[m[K,
[1.331s]                  from [01m[K/usr/include/c++/11/bits/locale_classes.h:40[m[K,
[1.331s]                  from [01m[K/usr/include/c++/11/bits/ios_base.h:41[m[K,
[1.331s]                  from [01m[K/usr/include/c++/11/ios:42[m[K,
[1.331s]                  from [01m[K/usr/include/c++/11/ostream:38[m[K,
[1.331s]                  from [01m[K/usr/include/c++/11/iostream:39[m[K,
[1.331s]                  from [01m[K/home/jlurobovision/eng_ws/src/exchangestation_detector/include/exchangestation_detector/exchangestation_detector.hpp:10[m[K,
[1.331s]                  from [01m[K/home/jlurobovision/eng_ws/src/exchangestation_detector/src/exchangestation_detector.cpp:1[m[K:
[1.331s] [01m[K/usr/include/c++/11/string_view:667:5:[m[K [01;36m[Knote: [m[Kcandidate: ‘[01m[Ktemplate<class _CharT, class _Traits> std::basic_ostream<_CharT, _Traits>& std::operator<<(std::basic_ostream<_CharT, _Traits>&, std::basic_string_view<_CharT, _Traits>)[m[K’
[1.331s]   667 |     [01;36m[Koperator[m[K<<(basic_ostream<_CharT, _Traits>& __os,
[1.331s]       |     [01;36m[K^~~~~~~~[m[K
[1.331s] [01m[K/usr/include/c++/11/string_view:667:5:[m[K [01;36m[Knote: [m[K  template argument deduction/substitution failed:
[1.331s] [01m[K/home/jlurobovision/eng_ws/src/exchangestation_detector/src/exchangestation_detector.cpp:45:49:[m[K [01;36m[Knote: [m[K  ‘[01m[Kstd::vector<double, std::allocator<double> >[m[K’ is not derived from ‘[01m[Kstd::basic_string_view<_CharT, _Traits>[m[K’
[1.331s]    45 |             std::cout << "distortion_coeff:" << [01;36m[KdistortionCoeffData[m[K << std::endl;
[1.331s]       |                                                 [01;36m[K^~~~~~~~~~~~~~~~~~~[m[K
[1.331s] In file included from [01m[K/usr/include/c++/11/string:55[m[K,
[1.332s]                  from [01m[K/usr/include/c++/11/bits/locale_classes.h:40[m[K,
[1.332s]                  from [01m[K/usr/include/c++/11/bits/ios_base.h:41[m[K,
[1.332s]                  from [01m[K/usr/include/c++/11/ios:42[m[K,
[1.332s]                  from [01m[K/usr/include/c++/11/ostream:38[m[K,
[1.332s]                  from [01m[K/usr/include/c++/11/iostream:39[m[K,
[1.332s]                  from [01m[K/home/jlurobovision/eng_ws/src/exchangestation_detector/include/exchangestation_detector/exchangestation_detector.hpp:10[m[K,
[1.332s]                  from [01m[K/home/jlurobovision/eng_ws/src/exchangestation_detector/src/exchangestation_detector.cpp:1[m[K:
[1.332s] [01m[K/usr/include/c++/11/bits/basic_string.h:6531:5:[m[K [01;36m[Knote: [m[Kcandidate: ‘[01m[Ktemplate<class _CharT, class _Traits, class _Alloc> std::basic_ostream<_CharT, _Traits>& std::operator<<(std::basic_ostream<_CharT, _Traits>&, const std::__cxx11::basic_string<_CharT, _Traits, _Allocator>&)[m[K’
[1.332s]  6531 |     [01;36m[Koperator[m[K<<(basic_ostream<_CharT, _Traits>& __os,
[1.332s]       |     [01;36m[K^~~~~~~~[m[K
[1.332s] [01m[K/usr/include/c++/11/bits/basic_string.h:6531:5:[m[K [01;36m[Knote: [m[K  template argument deduction/substitution failed:
[1.332s] [01m[K/home/jlurobovision/eng_ws/src/exchangestation_detector/src/exchangestation_detector.cpp:45:49:[m[K [01;36m[Knote: [m[K  ‘[01m[Kstd::vector<double, std::allocator<double> >[m[K’ is not derived from ‘[01m[Kconst std::__cxx11::basic_string<_CharT, _Traits, _Allocator>[m[K’
[1.332s]    45 |             std::cout << "distortion_coeff:" << [01;36m[KdistortionCoeffData[m[K << std::endl;
[1.332s]       |                                                 [01;36m[K^~~~~~~~~~~~~~~~~~~[m[K
[1.332s] In file included from [01m[K/usr/include/c++/11/bits/ios_base.h:46[m[K,
[1.332s]                  from [01m[K/usr/include/c++/11/ios:42[m[K,
[1.333s]                  from [01m[K/usr/include/c++/11/ostream:38[m[K,
[1.333s]                  from [01m[K/usr/include/c++/11/iostream:39[m[K,
[1.333s]                  from [01m[K/home/jlurobovision/eng_ws/src/exchangestation_detector/include/exchangestation_detector/exchangestation_detector.hpp:10[m[K,
[1.333s]                  from [01m[K/home/jlurobovision/eng_ws/src/exchangestation_detector/src/exchangestation_detector.cpp:1[m[K:
[1.333s] [01m[K/usr/include/c++/11/system_error:279:5:[m[K [01;36m[Knote: [m[Kcandidate: ‘[01m[Ktemplate<class _CharT, class _Traits> std::basic_ostream<_CharT, _Traits>& std::operator<<(std::basic_ostream<_CharT, _Traits>&, const std::error_code&)[m[K’
[1.333s]   279 |     [01;36m[Koperator[m[K<<(basic_ostream<_CharT, _Traits>& __os, const error_code& __e)
[1.333s]       |     [01;36m[K^~~~~~~~[m[K
[1.333s] [01m[K/usr/include/c++/11/system_error:279:5:[m[K [01;36m[Knote: [m[K  template argument deduction/substitution failed:
[1.333s] [01m[K/home/jlurobovision/eng_ws/src/exchangestation_detector/src/exchangestation_detector.cpp:45:49:[m[K [01;36m[Knote: [m[K  cannot convert ‘[01m[KdistortionCoeffData[m[K’ (type ‘[01m[Kstd::vector<double, std::allocator<double> >[m[K’) to type ‘[01m[Kconst std::error_code&[m[K’
[1.333s]    45 |             std::cout << "distortion_coeff:" << [01;36m[KdistortionCoeffData[m[K << std::endl;
[1.333s]       |                                                 [01;36m[K^~~~~~~~~~~~~~~~~~~[m[K
[1.333s] In file included from [01m[K/usr/include/c++/11/iostream:39[m[K,
[1.333s]                  from [01m[K/home/jlurobovision/eng_ws/src/exchangestation_detector/include/exchangestation_detector/exchangestation_detector.hpp:10[m[K,
[1.333s]                  from [01m[K/home/jlurobovision/eng_ws/src/exchangestation_detector/src/exchangestation_detector.cpp:1[m[K:
[1.333s] [01m[K/usr/include/c++/11/ostream:513:5:[m[K [01;36m[Knote: [m[Kcandidate: ‘[01m[Ktemplate<class _CharT, class _Traits> std::basic_ostream<_CharT, _Traits>& std::operator<<(std::basic_ostream<_CharT, _Traits>&, _CharT)[m[K’
[1.333s]   513 |     [01;36m[Koperator[m[K<<(basic_ostream<_CharT, _Traits>& __out, _CharT __c)
[1.333s]       |     [01;36m[K^~~~~~~~[m[K
[1.333s] [01m[K/usr/include/c++/11/ostream:513:5:[m[K [01;36m[Knote: [m[K  template argument deduction/substitution failed:
[1.334s] [01m[K/home/jlurobovision/eng_ws/src/exchangestation_detector/src/exchangestation_detector.cpp:45:49:[m[K [01;36m[Knote: [m[K  deduced conflicting types for parameter ‘[01m[K_CharT[m[K’ (‘[01m[Kchar[m[K’ and ‘[01m[Kstd::vector<double, std::allocator<double> >[m[K’)
[1.334s]    45 |             std::cout << "distortion_coeff:" << [01;36m[KdistortionCoeffData[m[K << std::endl;
[1.334s]       |                                                 [01;36m[K^~~~~~~~~~~~~~~~~~~[m[K
[1.334s] In file included from [01m[K/usr/include/c++/11/iostream:39[m[K,
[1.334s]                  from [01m[K/home/jlurobovision/eng_ws/src/exchangestation_detector/include/exchangestation_detector/exchangestation_detector.hpp:10[m[K,
[1.334s]                  from [01m[K/home/jlurobovision/eng_ws/src/exchangestation_detector/src/exchangestation_detector.cpp:1[m[K:
[1.334s] [01m[K/usr/include/c++/11/ostream:518:5:[m[K [01;36m[Knote: [m[Kcandidate: ‘[01m[Ktemplate<class _CharT, class _Traits> std::basic_ostream<_CharT, _Traits>& std::operator<<(std::basic_ostream<_CharT, _Traits>&, char)[m[K’
[1.334s]   518 |     [01;36m[Koperator[m[K<<(basic_ostream<_CharT, _Traits>& __out, char __c)
[1.334s]       |     [01;36m[K^~~~~~~~[m[K
[1.334s] [01m[K/usr/include/c++/11/ostream:518:5:[m[K [01;36m[Knote: [m[K  template argument deduction/substitution failed:
[1.334s] [01m[K/home/jlurobovision/eng_ws/src/exchangestation_detector/src/exchangestation_detector.cpp:45:49:[m[K [01;36m[Knote: [m[K  cannot convert ‘[01m[KdistortionCoeffData[m[K’ (type ‘[01m[Kstd::vector<double, std::allocator<double> >[m[K’) to type ‘[01m[Kchar[m[K’
[1.334s]    45 |             std::cout << "distortion_coeff:" << [01;36m[KdistortionCoeffData[m[K << std::endl;
[1.334s]       |                                                 [01;36m[K^~~~~~~~~~~~~~~~~~~[m[K
[1.334s] In file included from [01m[K/usr/include/c++/11/iostream:39[m[K,
[1.335s]                  from [01m[K/home/jlurobovision/eng_ws/src/exchangestation_detector/include/exchangestation_detector/exchangestation_detector.hpp:10[m[K,
[1.335s]                  from [01m[K/home/jlurobovision/eng_ws/src/exchangestation_detector/src/exchangestation_detector.cpp:1[m[K:
[1.335s] [01m[K/usr/include/c++/11/ostream:524:5:[m[K [01;36m[Knote: [m[Kcandidate: ‘[01m[Ktemplate<class _Traits> std::basic_ostream<char, _Traits>& std::operator<<(std::basic_ostream<char, _Traits>&, char)[m[K’
[1.335s]   524 |     [01;36m[Koperator[m[K<<(basic_ostream<char, _Traits>& __out, char __c)
[1.335s]       |     [01;36m[K^~~~~~~~[m[K
[1.335s] [01m[K/usr/include/c++/11/ostream:524:5:[m[K [01;36m[Knote: [m[K  template argument deduction/substitution failed:
[1.335s] [01m[K/home/jlurobovision/eng_ws/src/exchangestation_detector/src/exchangestation_detector.cpp:45:49:[m[K [01;36m[Knote: [m[K  cannot convert ‘[01m[KdistortionCoeffData[m[K’ (type ‘[01m[Kstd::vector<double, std::allocator<double> >[m[K’) to type ‘[01m[Kchar[m[K’
[1.335s]    45 |             std::cout << "distortion_coeff:" << [01;36m[KdistortionCoeffData[m[K << std::endl;
[1.335s]       |                                                 [01;36m[K^~~~~~~~~~~~~~~~~~~[m[K
[1.335s] In file included from [01m[K/usr/include/c++/11/iostream:39[m[K,
[1.335s]                  from [01m[K/home/jlurobovision/eng_ws/src/exchangestation_detector/include/exchangestation_detector/exchangestation_detector.hpp:10[m[K,
[1.336s]                  from [01m[K/home/jlurobovision/eng_ws/src/exchangestation_detector/src/exchangestation_detector.cpp:1[m[K:
[1.336s] [01m[K/usr/include/c++/11/ostream:530:5:[m[K [01;36m[Knote: [m[Kcandidate: ‘[01m[Ktemplate<class _Traits> std::basic_ostream<char, _Traits>& std::operator<<(std::basic_ostream<char, _Traits>&, signed char)[m[K’
[1.336s]   530 |     [01;36m[Koperator[m[K<<(basic_ostream<char, _Traits>& __out, signed char __c)
[1.336s]       |     [01;36m[K^~~~~~~~[m[K
[1.336s] [01m[K/usr/include/c++/11/ostream:530:5:[m[K [01;36m[Knote: [m[K  template argument deduction/substitution failed:
[1.336s] [01m[K/home/jlurobovision/eng_ws/src/exchangestation_detector/src/exchangestation_detector.cpp:45:49:[m[K [01;36m[Knote: [m[K  cannot convert ‘[01m[KdistortionCoeffData[m[K’ (type ‘[01m[Kstd::vector<double, std::allocator<double> >[m[K’) to type ‘[01m[Ksigned char[m[K’
[1.336s]    45 |             std::cout << "distortion_coeff:" << [01;36m[KdistortionCoeffData[m[K << std::endl;
[1.336s]       |                                                 [01;36m[K^~~~~~~~~~~~~~~~~~~[m[K
[1.336s] In file included from [01m[K/usr/include/c++/11/iostream:39[m[K,
[1.336s]                  from [01m[K/home/jlurobovision/eng_ws/src/exchangestation_detector/include/exchangestation_detector/exchangestation_detector.hpp:10[m[K,
[1.336s]                  from [01m[K/home/jlurobovision/eng_ws/src/exchangestation_detector/src/exchangestation_detector.cpp:1[m[K:
[1.336s] [01m[K/usr/include/c++/11/ostream:535:5:[m[K [01;36m[Knote: [m[Kcandidate: ‘[01m[Ktemplate<class _Traits> std::basic_ostream<char, _Traits>& std::operator<<(std::basic_ostream<char, _Traits>&, unsigned char)[m[K’
[1.336s]   535 |     [01;36m[Koperator[m[K<<(basic_ostream<char, _Traits>& __out, unsigned char __c)
[1.336s]       |     [01;36m[K^~~~~~~~[m[K
[1.336s] [01m[K/usr/include/c++/11/ostream:535:5:[m[K [01;36m[Knote: [m[K  template argument deduction/substitution failed:
[1.336s] [01m[K/home/jlurobovision/eng_ws/src/exchangestation_detector/src/exchangestation_detector.cpp:45:49:[m[K [01;36m[Knote: [m[K  cannot convert ‘[01m[KdistortionCoeffData[m[K’ (type ‘[01m[Kstd::vector<double, std::allocator<double> >[m[K’) to type ‘[01m[Kunsigned char[m[K’
[1.336s]    45 |             std::cout << "distortion_coeff:" << [01;36m[KdistortionCoeffData[m[K << std::endl;
[1.337s]       |                                                 [01;36m[K^~~~~~~~~~~~~~~~~~~[m[K
[1.337s] In file included from [01m[K/usr/include/c++/11/iostream:39[m[K,
[1.337s]                  from [01m[K/home/jlurobovision/eng_ws/src/exchangestation_detector/include/exchangestation_detector/exchangestation_detector.hpp:10[m[K,
[1.337s]                  from [01m[K/home/jlurobovision/eng_ws/src/exchangestation_detector/src/exchangestation_detector.cpp:1[m[K:
[1.337s] [01m[K/usr/include/c++/11/ostream:594:5:[m[K [01;36m[Knote: [m[Kcandidate: ‘[01m[Ktemplate<class _CharT, class _Traits> std::basic_ostream<_CharT, _Traits>& std::operator<<(std::basic_ostream<_CharT, _Traits>&, const _CharT*)[m[K’
[1.337s]   594 |     [01;36m[Koperator[m[K<<(basic_ostream<_CharT, _Traits>& __out, const _CharT* __s)
[1.337s]       |     [01;36m[K^~~~~~~~[m[K
[1.337s] [01m[K/usr/include/c++/11/ostream:594:5:[m[K [01;36m[Knote: [m[K  template argument deduction/substitution failed:
[1.337s] [01m[K/home/jlurobovision/eng_ws/src/exchangestation_detector/src/exchangestation_detector.cpp:45:49:[m[K [01;36m[Knote: [m[K  mismatched types ‘[01m[Kconst _CharT*[m[K’ and ‘[01m[Kstd::vector<double, std::allocator<double> >[m[K’
[1.337s]    45 |             std::cout << "distortion_coeff:" << [01;36m[KdistortionCoeffData[m[K << std::endl;
[1.337s]       |                                                 [01;36m[K^~~~~~~~~~~~~~~~~~~[m[K
[1.337s] In file included from [01m[K/usr/include/c++/11/ostream:829[m[K,
[1.337s]                  from [01m[K/usr/include/c++/11/iostream:39[m[K,
[1.337s]                  from [01m[K/home/jlurobovision/eng_ws/src/exchangestation_detector/include/exchangestation_detector/exchangestation_detector.hpp:10[m[K,
[1.337s]                  from [01m[K/home/jlurobovision/eng_ws/src/exchangestation_detector/src/exchangestation_detector.cpp:1[m[K:
[1.337s] [01m[K/usr/include/c++/11/bits/ostream.tcc:321:5:[m[K [01;36m[Knote: [m[Kcandidate: ‘[01m[Ktemplate<class _CharT, class _Traits> std::basic_ostream<_CharT, _Traits>& std::operator<<(std::basic_ostream<_CharT, _Traits>&, const char*)[m[K’
[1.338s]   321 |     [01;36m[Koperator[m[K<<(basic_ostream<_CharT, _Traits>& __out, const char* __s)
[1.338s]       |     [01;36m[K^~~~~~~~[m[K
[1.338s] [01m[K/usr/include/c++/11/bits/ostream.tcc:321:5:[m[K [01;36m[Knote: [m[K  template argument deduction/substitution failed:
[1.338s] [01m[K/home/jlurobovision/eng_ws/src/exchangestation_detector/src/exchangestation_detector.cpp:45:49:[m[K [01;36m[Knote: [m[K  cannot convert ‘[01m[KdistortionCoeffData[m[K’ (type ‘[01m[Kstd::vector<double, std::allocator<double> >[m[K’) to type ‘[01m[Kconst char*[m[K’
[1.338s]    45 |             std::cout << "distortion_coeff:" << [01;36m[KdistortionCoeffData[m[K << std::endl;
[1.338s]       |                                                 [01;36m[K^~~~~~~~~~~~~~~~~~~[m[K
[1.338s] In file included from [01m[K/usr/include/c++/11/iostream:39[m[K,
[1.338s]                  from [01m[K/home/jlurobovision/eng_ws/src/exchangestation_detector/include/exchangestation_detector/exchangestation_detector.hpp:10[m[K,
[1.338s]                  from [01m[K/home/jlurobovision/eng_ws/src/exchangestation_detector/src/exchangestation_detector.cpp:1[m[K:
[1.338s] [01m[K/usr/include/c++/11/ostream:611:5:[m[K [01;36m[Knote: [m[Kcandidate: ‘[01m[Ktemplate<class _Traits> std::basic_ostream<char, _Traits>& std::operator<<(std::basic_ostream<char, _Traits>&, const char*)[m[K’
[1.338s]   611 |     [01;36m[Koperator[m[K<<(basic_ostream<char, _Traits>& __out, const char* __s)
[1.338s]       |     [01;36m[K^~~~~~~~[m[K
[1.338s] [01m[K/usr/include/c++/11/ostream:611:5:[m[K [01;36m[Knote: [m[K  template argument deduction/substitution failed:
[1.338s] [01m[K/home/jlurobovision/eng_ws/src/exchangestation_detector/src/exchangestation_detector.cpp:45:49:[m[K [01;36m[Knote: [m[K  cannot convert ‘[01m[KdistortionCoeffData[m[K’ (type ‘[01m[Kstd::vector<double, std::allocator<double> >[m[K’) to type ‘[01m[Kconst char*[m[K’
[1.338s]    45 |             std::cout << "distortion_coeff:" << [01;36m[KdistortionCoeffData[m[K << std::endl;
[1.339s]       |                                                 [01;36m[K^~~~~~~~~~~~~~~~~~~[m[K
[1.339s] In file included from [01m[K/usr/include/c++/11/iostream:39[m[K,
[1.339s]                  from [01m[K/home/jlurobovision/eng_ws/src/exchangestation_detector/include/exchangestation_detector/exchangestation_detector.hpp:10[m[K,
[1.339s]                  from [01m[K/home/jlurobovision/eng_ws/src/exchangestation_detector/src/exchangestation_detector.cpp:1[m[K:
[1.339s] [01m[K/usr/include/c++/11/ostream:624:5:[m[K [01;36m[Knote: [m[Kcandidate: ‘[01m[Ktemplate<class _Traits> std::basic_ostream<char, _Traits>& std::operator<<(std::basic_ostream<char, _Traits>&, const signed char*)[m[K’
[1.339s]   624 |     [01;36m[Koperator[m[K<<(basic_ostream<char, _Traits>& __out, const signed char* __s)
[1.339s]       |     [01;36m[K^~~~~~~~[m[K
[1.339s] [01m[K/usr/include/c++/11/ostream:624:5:[m[K [01;36m[Knote: [m[K  template argument deduction/substitution failed:
[1.339s] [01m[K/home/jlurobovision/eng_ws/src/exchangestation_detector/src/exchangestation_detector.cpp:45:49:[m[K [01;36m[Knote: [m[K  cannot convert ‘[01m[KdistortionCoeffData[m[K’ (type ‘[01m[Kstd::vector<double, std::allocator<double> >[m[K’) to type ‘[01m[Kconst signed char*[m[K’
[1.339s]    45 |             std::cout << "distortion_coeff:" << [01;36m[KdistortionCoeffData[m[K << std::endl;
[1.339s]       |                                                 [01;36m[K^~~~~~~~~~~~~~~~~~~[m[K
[1.339s] In file included from [01m[K/usr/include/c++/11/iostream:39[m[K,
[1.339s]                  from [01m[K/home/jlurobovision/eng_ws/src/exchangestation_detector/include/exchangestation_detector/exchangestation_detector.hpp:10[m[K,
[1.339s]                  from [01m[K/home/jlurobovision/eng_ws/src/exchangestation_detector/src/exchangestation_detector.cpp:1[m[K:
[1.339s] [01m[K/usr/include/c++/11/ostream:629:5:[m[K [01;36m[Knote: [m[Kcandidate: ‘[01m[Ktemplate<class _Traits> std::basic_ostream<char, _Traits>& std::operator<<(std::basic_ostream<char, _Traits>&, const unsigned char*)[m[K’
[1.339s]   629 |     [01;36m[Koperator[m[K<<(basic_ostream<char, _Traits>& __out, const unsigned char* __s)
[1.339s]       |     [01;36m[K^~~~~~~~[m[K
[1.340s] [01m[K/usr/include/c++/11/ostream:629:5:[m[K [01;36m[Knote: [m[K  template argument deduction/substitution failed:
[1.340s] [01m[K/home/jlurobovision/eng_ws/src/exchangestation_detector/src/exchangestation_detector.cpp:45:49:[m[K [01;36m[Knote: [m[K  cannot convert ‘[01m[KdistortionCoeffData[m[K’ (type ‘[01m[Kstd::vector<double, std::allocator<double> >[m[K’) to type ‘[01m[Kconst unsigned char*[m[K’
[1.340s]    45 |             std::cout << "distortion_coeff:" << [01;36m[KdistortionCoeffData[m[K << std::endl;
[1.340s]       |                                                 [01;36m[K^~~~~~~~~~~~~~~~~~~[m[K
[1.340s] In file included from [01m[K/usr/include/c++/11/iostream:39[m[K,
[1.340s]                  from [01m[K/home/jlurobovision/eng_ws/src/exchangestation_detector/include/exchangestation_detector/exchangestation_detector.hpp:10[m[K,
[1.340s]                  from [01m[K/home/jlurobovision/eng_ws/src/exchangestation_detector/src/exchangestation_detector.cpp:1[m[K:
[1.340s] [01m[K/usr/include/c++/11/ostream:750:5:[m[K [01;36m[Knote: [m[Kcandidate: ‘[01m[Ktemplate<class _Ostream, class _Tp> _Ostream&& std::operator<<(_Ostream&&, const _Tp&)[m[K’
[1.340s]   750 |     [01;36m[Koperator[m[K<<(_Ostream&& __os, const _Tp& __x)
[1.340s]       |     [01;36m[K^~~~~~~~[m[K
[1.340s] [01m[K/usr/include/c++/11/ostream:750:5:[m[K [01;36m[Knote: [m[K  template argument deduction/substitution failed:
[1.340s] /usr/include/c++/11/ostream: In substitution of ‘[01m[Ktemplate<class _Ostream, class _Tp> _Ostream&& std::operator<<(_Ostream&&, const _Tp&) [with _Ostream = std::basic_ostream<char>&; _Tp = std::vector<double, std::allocator<double> >][m[K’:
[1.340s] [01m[K/home/jlurobovision/eng_ws/src/exchangestation_detector/src/exchangestation_detector.cpp:45:49:[m[K   required from here
[1.340s] [01m[K/usr/include/c++/11/ostream:750:5:[m[K [01;31m[Kerror: [m[Kno type named ‘[01m[Ktype[m[K’ in ‘[01m[Kstruct std::enable_if<false, void>[m[K’
[1.341s] In file included from [01m[K/usr/local/include/opencv4/opencv2/core/hal/interface.h:15[m[K,
[1.341s]                  from [01m[K/usr/local/include/opencv4/opencv2/core/cvdef.h:190[m[K,
[1.341s]                  from [01m[K/usr/local/include/opencv4/opencv2/core.hpp:52[m[K,
[1.341s]                  from [01m[K/usr/local/include/opencv4/opencv2/core/core.hpp:48[m[K,
[1.341s]                  from [01m[K/home/jlurobovision/eng_ws/src/exchangestation_detector/include/exchangestation_detector/exchangestation_detector.hpp:11[m[K,
[1.341s]                  from [01m[K/home/jlurobovision/eng_ws/src/exchangestation_detector/src/exchangestation_detector.cpp:1[m[K:
[1.341s] [01m[K/usr/include/c++/11/cstddef:126:5:[m[K [01;36m[Knote: [m[Kcandidate: ‘[01m[Ktemplate<class _IntegerType> constexpr std::__byte_op_t<_IntegerType> std::operator<<(std::byte, _IntegerType)[m[K’
[1.341s]   126 |     [01;36m[Koperator[m[K<<(byte __b, _IntegerType __shift) noexcept
[1.341s]       |     [01;36m[K^~~~~~~~[m[K
[1.341s] [01m[K/usr/include/c++/11/cstddef:126:5:[m[K [01;36m[Knote: [m[K  template argument deduction/substitution failed:
[1.341s] [01m[K/home/jlurobovision/eng_ws/src/exchangestation_detector/src/exchangestation_detector.cpp:45:23:[m[K [01;36m[Knote: [m[K  cannot convert ‘[01m[Kstd::operator<< <std::char_traits<char> >(std::cout, ((const char*)"distortion_coeff:"))[m[K’ (type ‘[01m[Kstd::basic_ostream<char>[m[K’) to type ‘[01m[Kstd::byte[m[K’
[1.341s]    45 |             [01;36m[Kstd::cout << "distortion_coeff:"[m[K << distortionCoeffData << std::endl;
[1.341s]       |             [01;36m[K~~~~~~~~~~^~~~~~~~~~~~~~~~~~~~~~[m[K
[1.341s] In file included from [01m[K/usr/include/c++/11/memory:77[m[K,
[1.341s]                  from [01m[K/usr/local/include/opencv4/opencv2/core/cvstd_wrapper.hpp:11[m[K,
[1.341s]                  from [01m[K/usr/local/include/opencv4/opencv2/core/cvstd.hpp:81[m[K,
[1.342s]                  from [01m[K/usr/local/include/opencv4/opencv2/core/base.hpp:58[m[K,
[1.342s]                  from [01m[K/usr/local/include/opencv4/opencv2/core.hpp:53[m[K,
[1.342s]                  from [01m[K/usr/local/include/opencv4/opencv2/core/core.hpp:48[m[K,
[1.342s]                  from [01m[K/home/jlurobovision/eng_ws/src/exchangestation_detector/include/exchangestation_detector/exchangestation_detector.hpp:11[m[K,
[1.342s]                  from [01m[K/home/jlurobovision/eng_ws/src/exchangestation_detector/src/exchangestation_detector.cpp:1[m[K:
[1.342s] [01m[K/usr/include/c++/11/bits/shared_ptr.h:70:5:[m[K [01;36m[Knote: [m[Kcandidate: ‘[01m[Ktemplate<class _Ch, class _Tr, class _Tp, __gnu_cxx::_Lock_policy _Lp> std::basic_ostream<_CharT, _Traits>& std::operator<<(std::basic_ostream<_CharT, _Traits>&, const std::__shared_ptr<_Tp, _Lp>&)[m[K’
[1.342s]    70 |     [01;36m[Koperator[m[K<<(std::basic_ostream<_Ch, _Tr>& __os,
[1.342s]       |     [01;36m[K^~~~~~~~[m[K
[1.342s] [01m[K/usr/include/c++/11/bits/shared_ptr.h:70:5:[m[K [01;36m[Knote: [m[K  template argument deduction/substitution failed:
[1.342s] [01m[K/home/jlurobovision/eng_ws/src/exchangestation_detector/src/exchangestation_detector.cpp:45:49:[m[K [01;36m[Knote: [m[K  ‘[01m[Kstd::vector<double, std::allocator<double> >[m[K’ is not derived from ‘[01m[Kconst std::__shared_ptr<_Tp, _Lp>[m[K’
[1.342s]    45 |             std::cout << "distortion_coeff:" << [01;36m[KdistortionCoeffData[m[K << std::endl;
[1.342s]       |                                                 [01;36m[K^~~~~~~~~~~~~~~~~~~[m[K
[1.342s] In file included from [01m[K/usr/local/include/opencv4/opencv2/core/cvstd.inl.hpp:47[m[K,
[1.342s]                  from [01m[K/usr/local/include/opencv4/opencv2/core.hpp:3389[m[K,
[1.342s]                  from [01m[K/usr/local/include/opencv4/opencv2/core/core.hpp:48[m[K,
[1.342s]                  from [01m[K/home/jlurobovision/eng_ws/src/exchangestation_detector/include/exchangestation_detector/exchangestation_detector.hpp:11[m[K,
[1.342s]                  from [01m[K/home/jlurobovision/eng_ws/src/exchangestation_detector/src/exchangestation_detector.cpp:1[m[K:
[1.343s] [01m[K/usr/include/c++/11/complex:555:5:[m[K [01;36m[Knote: [m[Kcandidate: ‘[01m[Ktemplate<class _Tp, class _CharT, class _Traits> std::basic_ostream<_CharT, _Traits>& std::operator<<(std::basic_ostream<_CharT, _Traits>&, const std::complex<_Tp>&)[m[K’
[1.343s]   555 |     [01;36m[Koperator[m[K<<(basic_ostream<_CharT, _Traits>& __os, const complex<_Tp>& __x)
[1.343s]       |     [01;36m[K^~~~~~~~[m[K
[1.343s] [01m[K/usr/include/c++/11/complex:555:5:[m[K [01;36m[Knote: [m[K  template argument deduction/substitution failed:
[1.343s] [01m[K/home/jlurobovision/eng_ws/src/exchangestation_detector/src/exchangestation_detector.cpp:45:49:[m[K [01;36m[Knote: [m[K  ‘[01m[Kstd::vector<double, std::allocator<double> >[m[K’ is not derived from ‘[01m[Kconst std::complex<_Tp>[m[K’
[1.343s]    45 |             std::cout << "distortion_coeff:" << [01;36m[KdistortionCoeffData[m[K << std::endl;
[1.343s]       |                                                 [01;36m[K^~~~~~~~~~~~~~~~~~~[m[K
[1.343s] In file included from [01m[K/usr/local/include/opencv4/opencv2/core.hpp:59[m[K,
[1.343s]                  from [01m[K/usr/local/include/opencv4/opencv2/core/core.hpp:48[m[K,
[1.343s]                  from [01m[K/home/jlurobovision/eng_ws/src/exchangestation_detector/include/exchangestation_detector/exchangestation_detector.hpp:11[m[K,
[1.343s]                  from [01m[K/home/jlurobovision/eng_ws/src/exchangestation_detector/src/exchangestation_detector.cpp:1[m[K:
[1.343s] [01m[K/usr/local/include/opencv4/opencv2/core/persistence.hpp:793:25:[m[K [01;36m[Knote: [m[Kcandidate: ‘[01m[Kcv::FileStorage& cv::operator<<(cv::FileStorage&, const String&)[m[K’
[1.343s]   793 | CV_EXPORTS FileStorage& [01;36m[Koperator[m[K << (FileStorage& fs, const String& str);
[1.343s]       |                         [01;36m[K^~~~~~~~[m[K
[1.343s] [01m[K/usr/local/include/opencv4/opencv2/core/persistence.hpp:793:51:[m[K [01;36m[Knote: [m[K  no known conversion for argument 1 from ‘[01m[Kstd::basic_ostream<char>[m[K’ to ‘[01m[Kcv::FileStorage&[m[K’
[1.343s]   793 | CV_EXPORTS FileStorage& operator << ([01;36m[KFileStorage& fs[m[K, const String& str);
[1.343s]       |                                      [01;36m[K~~~~~~~~~~~~~^~[m[K
[1.343s] [01m[K/usr/local/include/opencv4/opencv2/core/persistence.hpp:1211:14:[m[K [01;36m[Knote: [m[Kcandidate: ‘[01m[Kcv::FileStorage& cv::operator<<(cv::FileStorage&, const char*)[m[K’
[1.344s]  1211 | FileStorage& [01;36m[Koperator[m[K << (FileStorage& fs, const char* str)
[1.344s]       |              [01;36m[K^~~~~~~~[m[K
[1.344s] [01m[K/usr/local/include/opencv4/opencv2/core/persistence.hpp:1211:40:[m[K [01;36m[Knote: [m[K  no known conversion for argument 1 from ‘[01m[Kstd::basic_ostream<char>[m[K’ to ‘[01m[Kcv::FileStorage&[m[K’
[1.344s]  1211 | FileStorage& operator << ([01;36m[KFileStorage& fs[m[K, const char* str)
[1.344s]       |                           [01;36m[K~~~~~~~~~~~~~^~[m[K
[1.344s] [01m[K/usr/local/include/opencv4/opencv2/core/persistence.hpp:1219:14:[m[K [01;36m[Knote: [m[Kcandidate: ‘[01m[Kcv::FileStorage& cv::operator<<(cv::FileStorage&, char*)[m[K’
[1.344s]  1219 | FileStorage& [01;36m[Koperator[m[K << (FileStorage& fs, char* value)
[1.344s]       |              [01;36m[K^~~~~~~~[m[K
[1.344s] [01m[K/usr/local/include/opencv4/opencv2/core/persistence.hpp:1219:40:[m[K [01;36m[Knote: [m[K  no known conversion for argument 1 from ‘[01m[Kstd::basic_ostream<char>[m[K’ to ‘[01m[Kcv::FileStorage&[m[K’
[1.344s]  1219 | FileStorage& operator << ([01;36m[KFileStorage& fs[m[K, char* value)
[1.344s]       |                           [01;36m[K~~~~~~~~~~~~~^~[m[K
[1.344s] In file included from [01m[K/usr/local/include/opencv4/opencv2/core/core.hpp:48[m[K,
[1.344s]                  from [01m[K/home/jlurobovision/eng_ws/src/exchangestation_detector/include/exchangestation_detector/exchangestation_detector.hpp:11[m[K,
[1.344s]                  from [01m[K/home/jlurobovision/eng_ws/src/exchangestation_detector/src/exchangestation_detector.cpp:1[m[K:
[1.344s] [01m[K/usr/local/include/opencv4/opencv2/core.hpp:3137:9:[m[K [01;36m[Knote: [m[Kcandidate: ‘[01m[Kcv::String& cv::operator<<(cv::String&, cv::Ptr<cv::Formatted>)[m[K’
[1.344s]  3137 | String& [01;36m[Koperator[m[K << (String& out, Ptr<Formatted> fmtd)
[1.344s]       |         [01;36m[K^~~~~~~~[m[K
[1.344s] [01m[K/usr/local/include/opencv4/opencv2/core.hpp:3137:30:[m[K [01;36m[Knote: [m[K  no known conversion for argument 1 from ‘[01m[Kstd::basic_ostream<char>[m[K’ to ‘[01m[Kcv::String&[m[K’ {aka ‘[01m[Kstd::__cxx11::basic_string<char>&[m[K’}
[1.344s]  3137 | String& operator << ([01;36m[KString& out[m[K, Ptr<Formatted> fmtd)
[1.345s]       |                      [01;36m[K~~~~~~~~^~~[m[K
[1.345s] [01m[K/usr/local/include/opencv4/opencv2/core.hpp:3146:9:[m[K [01;36m[Knote: [m[Kcandidate: ‘[01m[Kcv::String& cv::operator<<(cv::String&, const cv::Mat&)[m[K’
[1.345s]  3146 | String& [01;36m[Koperator[m[K << (String& out, const Mat& mtx)
[1.345s]       |         [01;36m[K^~~~~~~~[m[K
[1.345s] [01m[K/usr/local/include/opencv4/opencv2/core.hpp:3146:30:[m[K [01;36m[Knote: [m[K  no known conversion for argument 1 from ‘[01m[Kstd::basic_ostream<char>[m[K’ to ‘[01m[Kcv::String&[m[K’ {aka ‘[01m[Kstd::__cxx11::basic_string<char>&[m[K’}
[1.345s]  3146 | String& operator << ([01;36m[KString& out[m[K, const Mat& mtx)
[1.345s]       |                      [01;36m[K~~~~~~~~^~~[m[K
[1.345s] In file included from [01m[K/usr/local/include/opencv4/opencv2/core.hpp:3389[m[K,
[1.345s]                  from [01m[K/usr/local/include/opencv4/opencv2/core/core.hpp:48[m[K,
[1.345s]                  from [01m[K/home/jlurobovision/eng_ws/src/exchangestation_detector/include/exchangestation_detector/exchangestation_detector.hpp:11[m[K,
[1.345s]                  from [01m[K/home/jlurobovision/eng_ws/src/exchangestation_detector/src/exchangestation_detector.cpp:1[m[K:
[1.345s] [01m[K/usr/local/include/opencv4/opencv2/core/cvstd.inl.hpp:78:15:[m[K [01;36m[Knote: [m[Kcandidate: ‘[01m[Kstd::ostream& cv::operator<<(std::ostream&, cv::Ptr<cv::Formatted>)[m[K’
[1.345s]    78 | std::ostream& [01;36m[Koperator[m[K << (std::ostream& out, Ptr<Formatted> fmtd)
[1.345s]       |               [01;36m[K^~~~~~~~[m[K
[1.345s] [01m[K/usr/local/include/opencv4/opencv2/core/cvstd.inl.hpp:78:62:[m[K [01;36m[Knote: [m[K  no known conversion for argument 2 from ‘[01m[Kstd::vector<double, std::allocator<double> >[m[K’ to ‘[01m[Kcv::Ptr<cv::Formatted>[m[K’
[1.345s]    78 | std::ostream& operator << (std::ostream& out, [01;36m[KPtr<Formatted> fmtd[m[K)
[1.345s]       |                                               [01;36m[K~~~~~~~~~~~~~~~^~~~[m[K
[1.345s] [01m[K/usr/local/include/opencv4/opencv2/core/cvstd.inl.hpp:87:15:[m[K [01;36m[Knote: [m[Kcandidate: ‘[01m[Kstd::ostream& cv::operator<<(std::ostream&, const cv::Mat&)[m[K’
[1.346s]    87 | std::ostream& [01;36m[Koperator[m[K << (std::ostream& out, const Mat& mtx)
[1.346s]       |               [01;36m[K^~~~~~~~[m[K
[1.346s] [01m[K/usr/local/include/opencv4/opencv2/core/cvstd.inl.hpp:87:58:[m[K [01;36m[Knote: [m[K  no known conversion for argument 2 from ‘[01m[Kstd::vector<double, std::allocator<double> >[m[K’ to ‘[01m[Kconst cv::Mat&[m[K’
[1.346s]    87 | std::ostream& operator << (std::ostream& out, [01;36m[Kconst Mat& mtx[m[K)
[1.346s]       |                                               [01;36m[K~~~~~~~~~~~^~~[m[K
[1.346s] [01m[K/usr/local/include/opencv4/opencv2/core/cvstd.inl.hpp:93:15:[m[K [01;36m[Knote: [m[Kcandidate: ‘[01m[Kstd::ostream& cv::operator<<(std::ostream&, const cv::UMat&)[m[K’
[1.346s]    93 | std::ostream& [01;36m[Koperator[m[K << (std::ostream& out, const UMat& m)
[1.346s]       |               [01;36m[K^~~~~~~~[m[K
[1.346s] [01m[K/usr/local/include/opencv4/opencv2/core/cvstd.inl.hpp:93:59:[m[K [01;36m[Knote: [m[K  no known conversion for argument 2 from ‘[01m[Kstd::vector<double, std::allocator<double> >[m[K’ to ‘[01m[Kconst cv::UMat&[m[K’
[1.346s]    93 | std::ostream& operator << (std::ostream& out, [01;36m[Kconst UMat& m[m[K)
[1.346s]       |                                               [01;36m[K~~~~~~~~~~~~^[m[K
[1.346s] [01m[K/usr/local/include/opencv4/opencv2/core/cvstd.inl.hpp:172:29:[m[K [01;36m[Knote: [m[Kcandidate: ‘[01m[Kstd::ostream& cv::operator<<(std::ostream&, const cv::MatSize&)[m[K’
[1.346s]   172 | static inline std::ostream& [01;36m[Koperator[m[K << (std::ostream& out, const MatSize& msize)
[1.346s]       |                             [01;36m[K^~~~~~~~[m[K
[1.346s] [01m[K/usr/local/include/opencv4/opencv2/core/cvstd.inl.hpp:172:76:[m[K [01;36m[Knote: [m[K  no known conversion for argument 2 from ‘[01m[Kstd::vector<double, std::allocator<double> >[m[K’ to ‘[01m[Kconst cv::MatSize&[m[K’
[1.346s]   172 | static inline std::ostream& operator << (std::ostream& out, [01;36m[Kconst MatSize& msize[m[K)
[1.346s]       |                                                             [01;36m[K~~~~~~~~~~~~~~~^~~~~[m[K
[1.347s] [01m[K/usr/local/include/opencv4/opencv2/core/cvstd.inl.hpp:184:29:[m[K [01;36m[Knote: [m[Kcandidate: ‘[01m[Kstd::ostream& cv::operator<<(std::ostream&, cv::Range&)[m[K’
[1.347s]   184 | static inline std::ostream &[01;36m[Koperator[m[K<< (std::ostream &s, cv::Range &r)
[1.347s]       |                             [01;36m[K^~~~~~~~[m[K
[1.347s] [01m[K/usr/local/include/opencv4/opencv2/core/cvstd.inl.hpp:184:69:[m[K [01;36m[Knote: [m[K  no known conversion for argument 2 from ‘[01m[Kstd::vector<double, std::allocator<double> >[m[K’ to ‘[01m[Kcv::Range&[m[K’
[1.347s]   184 | static inline std::ostream &operator<< (std::ostream &s, [01;36m[Kcv::Range &r[m[K)
[1.347s]       |                                                          [01;36m[K~~~~~~~~~~~^[m[K
[1.347s] In file included from [01m[K/usr/local/include/opencv4/opencv2/core.hpp:3390[m[K,
[1.347s]                  from [01m[K/usr/local/include/opencv4/opencv2/core/core.hpp:48[m[K,
[1.347s]                  from [01m[K/home/jlurobovision/eng_ws/src/exchangestation_detector/include/exchangestation_detector/exchangestation_detector.hpp:11[m[K,
[1.347s]                  from [01m[K/home/jlurobovision/eng_ws/src/exchangestation_detector/src/exchangestation_detector.cpp:1[m[K:
[1.347s] [01m[K/usr/local/include/opencv4/opencv2/core/utility.hpp:398:15:[m[K [01;36m[Knote: [m[Kcandidate: ‘[01m[Kstd::ostream& cv::operator<<(std::ostream&, const cv::TickMeter&)[m[K’
[1.347s]   398 | std::ostream& [01;36m[Koperator[m[K << (std::ostream& out, const TickMeter& tm)
[1.347s]       |               [01;36m[K^~~~~~~~[m[K
[1.347s] [01m[K/usr/local/include/opencv4/opencv2/core/utility.hpp:398:64:[m[K [01;36m[Knote: [m[K  no known conversion for argument 2 from ‘[01m[Kstd::vector<double, std::allocator<double> >[m[K’ to ‘[01m[Kconst cv::TickMeter&[m[K’
[1.347s]   398 | std::ostream& operator << (std::ostream& out, [01;36m[Kconst TickMeter& tm[m[K)
[1.347s]       |                                               [01;36m[K~~~~~~~~~~~~~~~~~^~[m[K
[1.347s] [01m[K/home/jlurobovision/eng_ws/src/exchangestation_detector/src/exchangestation_detector.cpp:[m[K In member function ‘[01m[Kvoid ExchangeStationDetector::getImage(cv::Mat&)[m[K’:
[1.347s] [01m[K/home/jlurobovision/eng_ws/src/exchangestation_detector/src/exchangestation_detector.cpp:113:9:[m[K [01;35m[Kwarning: [m[Kunused variable ‘[01m[KwindowWidth[m[K’ [[01;35m[K]8;;https://gcc.gnu.org/onlinedocs/gcc/Warning-Options.html#index-Wunused-variable-Wunused-variable]8;;[m[K]
[1.348s]   113 |     int [01;35m[KwindowWidth[m[K = 800;
[1.348s]       |         [01;35m[K^~~~~~~~~~~[m[K
[1.348s] [01m[K/home/jlurobovision/eng_ws/src/exchangestation_detector/src/exchangestation_detector.cpp:114:9:[m[K [01;35m[Kwarning: [m[Kunused variable ‘[01m[KwindowHeight[m[K’ [[01;35m[K]8;;https://gcc.gnu.org/onlinedocs/gcc/Warning-Options.html#index-Wunused-variable-Wunused-variable]8;;[m[K]
[1.348s]   114 |     int [01;35m[KwindowHeight[m[K = 600;
[1.348s]       |         [01;35m[K^~~~~~~~~~~~[m[K
[1.348s] [01m[K/home/jlurobovision/eng_ws/src/exchangestation_detector/src/exchangestation_detector.cpp:[m[K In member function ‘[01m[Kvoid ExchangeStationDetector::selectContours()[m[K’:
[1.348s] [01m[K/home/jlurobovision/eng_ws/src/exchangestation_detector/src/exchangestation_detector.cpp:196:12:[m[K [01;35m[Kwarning: [m[Kunused variable ‘[01m[KminDis[m[K’ [[01;35m[K]8;;https://gcc.gnu.org/onlinedocs/gcc/Warning-Options.html#index-Wunused-variable-Wunused-variable]8;;[m[K]
[1.348s]   196 |     double [01;35m[KminDis[m[K = 0, maxDis = 400; // Compare between contours
[1.348s]       |            [01;35m[K^~~~~~[m[K
[1.348s] [01m[K/home/jlurobovision/eng_ws/src/exchangestation_detector/src/exchangestation_detector.cpp:196:24:[m[K [01;35m[Kwarning: [m[Kunused variable ‘[01m[KmaxDis[m[K’ [[01;35m[K]8;;https://gcc.gnu.org/onlinedocs/gcc/Warning-Options.html#index-Wunused-variable-Wunused-variable]8;;[m[K]
[1.348s]   196 |     double minDis = 0, [01;35m[KmaxDis[m[K = 400; // Compare between contours
[1.348s]       |                        [01;35m[K^~~~~~[m[K
[1.714s] gmake[2]: *** [CMakeFiles/exchangestation_detector.dir/build.make:90：CMakeFiles/exchangestation_detector.dir/src/exchangestation_detector.cpp.o] 错误 1
[1.714s] gmake[1]: *** [CMakeFiles/Makefile2:139：CMakeFiles/exchangestation_detector.dir/all] 错误 2
[1.714s] gmake: *** [Makefile:146：all] 错误 2
[1.717s] Invoked command in '/home/jlurobovision/eng_ws/build/exchangestation_detector' returned '2': CMAKE_PREFIX_PATH=/home/jlurobovision/eng_ws/install/serial:/home/jlurobovision/eng_ws/install/msg_interfaces:/home/jlurobovision/eng_ws/install/exchangestation_detector:/home/jlurobovision/eng_ws/install/hik_camera:/home/jlurobovision/eng_ws/install/global_launch:/home/jlurobovision/eng_ws/install/galaxy_camera:/home/jlurobovision/eng_ws/install/camera_calibration:/opt/ros/humble LD_LIBRARY_PATH=/home/jlurobovision/eng_ws/install/serial/lib:/home/jlurobovision/eng_ws/install/msg_interfaces/lib:/home/jlurobovision/eng_ws/install/exchangestation_detector/lib:/home/jlurobovision/eng_ws/install/hik_camera/lib:/home/jlurobovision/eng_ws/install/galaxy_camera/lib:/opt/ros/humble/opt/rviz_ogre_vendor/lib:/opt/ros/humble/lib/x86_64-linux-gnu:/opt/ros/humble/lib PYTHONPATH=/home/jlurobovision/eng_ws/install/msg_interfaces/lib/python3.10/site-packages:/home/jlurobovision/eng_ws/install/msg_interfaces/local/lib/python3.10/dist-packages:/opt/ros/humble/lib/python3.10/site-packages:/opt/ros/humble/local/lib/python3.10/dist-packages /usr/bin/cmake --build /home/jlurobovision/eng_ws/build/exchangestation_detector -- -j12 -l12
