[0.033s] Invoking command in '/home/jlurobovision/eng_ws/build/hik_camera': CMAKE_PREFIX_PATH=/home/jlurobovision/eng_ws/install/camera_calibration:/home/jlurobovision/eng_ws/install/exchangestation_detector:/home/jlurobovision/eng_ws/install/serial:/home/jlurobovision/eng_ws/install/msg_interfaces:/home/jlurobovision/eng_ws/install/hik_camera:/home/jlurobovision/eng_ws/install/global_launch:/home/jlurobovision/eng_ws/install/galaxy_camera:/opt/ros/humble /usr/bin/cmake --build /home/jlurobovision/eng_ws/build/hik_camera -- -j12 -l12
[0.157s] [ 75%] Built target hik_camera_node
[0.157s] [100%] Built target hik_camera
[0.173s] Invoked command in '/home/jlurobovision/eng_ws/build/hik_camera' returned '0': CMAKE_PREFIX_PATH=/home/jlurobovision/eng_ws/install/camera_calibration:/home/jlurobovision/eng_ws/install/exchangestation_detector:/home/jlurobovision/eng_ws/install/serial:/home/jlurobovision/eng_ws/install/msg_interfaces:/home/jlurobovision/eng_ws/install/hik_camera:/home/jlurobovision/eng_ws/install/global_launch:/home/jlurobovision/eng_ws/install/galaxy_camera:/opt/ros/humble /usr/bin/cmake --build /home/jlurobovision/eng_ws/build/hik_camera -- -j12 -l12
[0.236s] Invoking command in '/home/jlurobovision/eng_ws/build/hik_camera': CMAKE_PREFIX_PATH=/home/jlurobovision/eng_ws/install/camera_calibration:/home/jlurobovision/eng_ws/install/exchangestation_detector:/home/jlurobovision/eng_ws/install/serial:/home/jlurobovision/eng_ws/install/msg_interfaces:/home/jlurobovision/eng_ws/install/hik_camera:/home/jlurobovision/eng_ws/install/global_launch:/home/jlurobovision/eng_ws/install/galaxy_camera:/opt/ros/humble /usr/bin/cmake --install /home/jlurobovision/eng_ws/build/hik_camera
[0.263s] -- Install configuration: ""
[0.263s] -- Execute custom install script
[0.264s] -- Up-to-date symlink: /home/jlurobovision/eng_ws/install/hik_camera/lib/libFormatConversion.so
[0.264s] -- Up-to-date symlink: /home/jlurobovision/eng_ws/install/hik_camera/lib/libMVRender.so
[0.264s] -- Up-to-date symlink: /home/jlurobovision/eng_ws/install/hik_camera/lib/libMediaProcess.so
[0.265s] -- Up-to-date symlink: /home/jlurobovision/eng_ws/install/hik_camera/lib/libMvCameraControl.so
[0.265s] -- Up-to-date symlink: /home/jlurobovision/eng_ws/install/hik_camera/lib/libMvUsb3vTL.so
[0.265s] -- Up-to-date symlink: /home/jlurobovision/eng_ws/install/hik_camera/lib/hik_camera/hik_camera_node
[0.266s] -- Up-to-date symlink: /home/jlurobovision/eng_ws/install/hik_camera/share/hik_camera/environment/library_path.sh
[0.266s] -- Up-to-date symlink: /home/jlurobovision/eng_ws/install/hik_camera/share/hik_camera/environment/library_path.dsv
[0.267s] -- Up-to-date symlink: /home/jlurobovision/eng_ws/install/hik_camera/lib/libhik_camera.so
[0.267s] -- Up-to-date symlink: /home/jlurobovision/eng_ws/install/hik_camera/share/hik_camera/config/camera_info.yaml
[0.268s] -- Up-to-date symlink: /home/jlurobovision/eng_ws/install/hik_camera/share/hik_camera/config/camera_params.yaml
[0.269s] -- Up-to-date symlink: /home/jlurobovision/eng_ws/install/hik_camera/share/hik_camera/launch/__pycache__/hik_camera.launch.cpython-310.pyc
[0.269s] -- Up-to-date symlink: /home/jlurobovision/eng_ws/install/hik_camera/share/hik_camera/launch/hik_camera.launch.py
[0.269s] -- Up-to-date symlink: /home/jlurobovision/eng_ws/install/hik_camera/share/ament_index/resource_index/package_run_dependencies/hik_camera
[0.270s] -- Up-to-date symlink: /home/jlurobovision/eng_ws/install/hik_camera/share/ament_index/resource_index/parent_prefix_path/hik_camera
[0.270s] -- Up-to-date symlink: /home/jlurobovision/eng_ws/install/hik_camera/share/hik_camera/environment/ament_prefix_path.sh
[0.270s] -- Up-to-date symlink: /home/jlurobovision/eng_ws/install/hik_camera/share/hik_camera/environment/ament_prefix_path.dsv
[0.271s] -- Up-to-date symlink: /home/jlurobovision/eng_ws/install/hik_camera/share/hik_camera/environment/path.sh
[0.271s] -- Up-to-date symlink: /home/jlurobovision/eng_ws/install/hik_camera/share/hik_camera/environment/path.dsv
[0.272s] -- Up-to-date symlink: /home/jlurobovision/eng_ws/install/hik_camera/share/hik_camera/local_setup.bash
[0.272s] -- Up-to-date symlink: /home/jlurobovision/eng_ws/install/hik_camera/share/hik_camera/local_setup.sh
[0.272s] -- Up-to-date symlink: /home/jlurobovision/eng_ws/install/hik_camera/share/hik_camera/local_setup.zsh
[0.272s] -- Up-to-date symlink: /home/jlurobovision/eng_ws/install/hik_camera/share/hik_camera/local_setup.dsv
[0.273s] -- Symlinking: /home/jlurobovision/eng_ws/install/hik_camera/share/hik_camera/package.dsv
[0.294s] -- Up-to-date symlink: /home/jlurobovision/eng_ws/install/hik_camera/share/ament_index/resource_index/packages/hik_camera
[0.294s] -- Up-to-date symlink: /home/jlurobovision/eng_ws/install/hik_camera/share/ament_index/resource_index/rclcpp_components/hik_camera
[0.294s] -- Up-to-date symlink: /home/jlurobovision/eng_ws/install/hik_camera/share/hik_camera/cmake/ament_cmake_export_dependencies-extras.cmake
[0.294s] -- Up-to-date symlink: /home/jlurobovision/eng_ws/install/hik_camera/share/hik_camera/cmake/ament_cmake_export_libraries-extras.cmake
[0.294s] -- Up-to-date symlink: /home/jlurobovision/eng_ws/install/hik_camera/share/hik_camera/cmake/hik_cameraConfig.cmake
[0.295s] -- Up-to-date symlink: /home/jlurobovision/eng_ws/install/hik_camera/share/hik_camera/cmake/hik_cameraConfig-version.cmake
[0.295s] -- Up-to-date symlink: /home/jlurobovision/eng_ws/install/hik_camera/share/hik_camera/package.xml
[0.299s] Invoked command in '/home/jlurobovision/eng_ws/build/hik_camera' returned '0': CMAKE_PREFIX_PATH=/home/jlurobovision/eng_ws/install/camera_calibration:/home/jlurobovision/eng_ws/install/exchangestation_detector:/home/jlurobovision/eng_ws/install/serial:/home/jlurobovision/eng_ws/install/msg_interfaces:/home/jlurobovision/eng_ws/install/hik_camera:/home/jlurobovision/eng_ws/install/global_launch:/home/jlurobovision/eng_ws/install/galaxy_camera:/opt/ros/humble /usr/bin/cmake --install /home/jlurobovision/eng_ws/build/hik_camera
