-- Found ament_cmake: 2.0.4 (/opt/ros/iron/share/ament_cmake/cmake)
-- Found ament_cmake_auto: 2.0.4 (/opt/ros/iron/share/ament_cmake_auto/cmake)
-- Found image_transport: 4.2.3 (/opt/ros/iron/share/image_transport/cmake)
-- Found rosidl_generator_c: 4.0.1 (/opt/ros/iron/share/rosidl_generator_c/cmake)
-- Found rosidl_generator_cpp: 4.0.1 (/opt/ros/iron/share/rosidl_generator_cpp/cmake)
-- Using all available rosidl_typesupport_c: rosidl_typesupport_fastrtps_c;rosidl_typesupport_introspection_c
-- Using all available rosidl_typesupport_cpp: rosidl_typesupport_fastrtps_cpp;rosidl_typesupport_introspection_cpp
-- Found rmw_implementation_cmake: 7.1.0 (/opt/ros/iron/share/rmw_implementation_cmake/cmake)
-- Found rmw_fastrtps_cpp: 7.1.3 (/opt/ros/iron/share/rmw_fastrtps_cpp/cmake)
-- Using RMW implementation 'rmw_fastrtps_cpp' as default
-- Found cv_bridge: 3.4.0 (/opt/ros/iron/share/cv_bridge/cmake)
-- Found serial: 0.0.0 (/home/stardust/eng_ws/install/serial/share/serial/cmake)
-- Found msg_interfaces: 0.0.0 (/home/stardust/eng_ws/install/msg_interfaces/share/msg_interfaces/cmake)
-- Found ament_lint_auto: 0.14.3 (/opt/ros/iron/share/ament_lint_auto/cmake)
-- Added test 'copyright' to check source files copyright and LICENSE
-- Added test 'cppcheck' to perform static code analysis on C / C++ code
-- Configured cppcheck include dirs: $<BUILD_INTERFACE:/home/stardust/eng_ws/src/exchangestation_detector/include>
-- Configured cppcheck exclude dirs and/or files: 
-- Added test 'lint_cmake' to check CMake code style
-- Added test 'uncrustify' to check C / C++ code style
-- Configured uncrustify additional arguments: 
-- Added test 'xmllint' to check XML markup files
-- Configuring done
-- Generating done
-- Build files have been written to: /home/stardust/eng_ws/build/exchangestation_detector
[35m[1mConsolidate compiler generated dependencies of target exchangestation_detector[0m
[100%] Built target exchangestation_detector
-- Install configuration: ""
-- Up-to-date: /home/stardust/eng_ws/install/exchangestation_detector/include
-- Up-to-date: /home/stardust/eng_ws/install/exchangestation_detector/include/exchangestation_detector
-- Up-to-date: /home/stardust/eng_ws/install/exchangestation_detector/include/exchangestation_detector/exchangestation_detector.hpp
-- Up-to-date: /home/stardust/eng_ws/install/exchangestation_detector/include/exchangestation_detector/detector_node.hpp
-- Up-to-date: /home/stardust/eng_ws/install/exchangestation_detector/share/ament_index/resource_index/package_run_dependencies/exchangestation_detector
-- Installing: /home/stardust/eng_ws/install/exchangestation_detector/share/ament_index/resource_index/parent_prefix_path/exchangestation_detector
-- Up-to-date: /home/stardust/eng_ws/install/exchangestation_detector/share/exchangestation_detector/environment/ament_prefix_path.sh
-- Up-to-date: /home/stardust/eng_ws/install/exchangestation_detector/share/exchangestation_detector/environment/ament_prefix_path.dsv
-- Up-to-date: /home/stardust/eng_ws/install/exchangestation_detector/share/exchangestation_detector/environment/path.sh
-- Up-to-date: /home/stardust/eng_ws/install/exchangestation_detector/share/exchangestation_detector/environment/path.dsv
-- Up-to-date: /home/stardust/eng_ws/install/exchangestation_detector/share/exchangestation_detector/local_setup.bash
-- Up-to-date: /home/stardust/eng_ws/install/exchangestation_detector/share/exchangestation_detector/local_setup.sh
-- Up-to-date: /home/stardust/eng_ws/install/exchangestation_detector/share/exchangestation_detector/local_setup.zsh
-- Up-to-date: /home/stardust/eng_ws/install/exchangestation_detector/share/exchangestation_detector/local_setup.dsv
-- Installing: /home/stardust/eng_ws/install/exchangestation_detector/share/exchangestation_detector/package.dsv
-- Up-to-date: /home/stardust/eng_ws/install/exchangestation_detector/share/ament_index/resource_index/packages/exchangestation_detector
-- Installing: /home/stardust/eng_ws/install/exchangestation_detector/share/ament_index/resource_index/rclcpp_components/exchangestation_detector
-- Up-to-date: /home/stardust/eng_ws/install/exchangestation_detector/share/exchangestation_detector/cmake/ament_cmake_export_dependencies-extras.cmake
-- Up-to-date: /home/stardust/eng_ws/install/exchangestation_detector/share/exchangestation_detector/cmake/ament_cmake_export_include_directories-extras.cmake
-- Up-to-date: /home/stardust/eng_ws/install/exchangestation_detector/share/exchangestation_detector/cmake/exchangestation_detectorConfig.cmake
-- Up-to-date: /home/stardust/eng_ws/install/exchangestation_detector/share/exchangestation_detector/cmake/exchangestation_detectorConfig-version.cmake
-- Up-to-date: /home/stardust/eng_ws/install/exchangestation_detector/share/exchangestation_detector/package.xml
