[0.076s] Invoking command in '/home/stardust/eng_ws/build/exchangestation_detector': CMAKE_PREFIX_PATH=${CMAKE_PREFIX_PATH}:/opt/ros/iron /usr/bin/cmake --build /home/stardust/eng_ws/build/exchangestation_detector -- -j8 -l8
[0.105s] -- Found ament_cmake: 2.0.4 (/opt/ros/iron/share/ament_cmake/cmake)
[0.250s] -- Found ament_cmake_auto: 2.0.4 (/opt/ros/iron/share/ament_cmake_auto/cmake)
[0.251s] -- Found image_transport: 4.2.3 (/opt/ros/iron/share/image_transport/cmake)
[0.282s] -- Found rosidl_generator_c: 4.0.1 (/opt/ros/iron/share/rosidl_generator_c/cmake)
[0.291s] -- Found rosidl_generator_cpp: 4.0.1 (/opt/ros/iron/share/rosidl_generator_cpp/cmake)
[0.303s] -- Using all available rosidl_typesupport_c: rosidl_typesupport_fastrtps_c;rosidl_typesupport_introspection_c
[0.322s] -- Using all available rosidl_typesupport_cpp: rosidl_typesupport_fastrtps_cpp;rosidl_typesupport_introspection_cpp
[0.467s] -- Found rmw_implementation_cmake: 7.1.0 (/opt/ros/iron/share/rmw_implementation_cmake/cmake)
[0.469s] -- Found rmw_fastrtps_cpp: 7.1.3 (/opt/ros/iron/share/rmw_fastrtps_cpp/cmake)
[0.595s] -- Using RMW implementation 'rmw_fastrtps_cpp' as default
[0.976s] -- Found cv_bridge: 3.4.0 (/opt/ros/iron/share/cv_bridge/cmake)
[0.989s] -- Found serial: 0.0.0 (/home/stardust/eng_ws/install/serial/share/serial/cmake)
[0.990s] -- Found msg_interfaces: 0.0.0 (/home/stardust/eng_ws/install/msg_interfaces/share/msg_interfaces/cmake)
[1.182s] -- Found ament_lint_auto: 0.14.3 (/opt/ros/iron/share/ament_lint_auto/cmake)
[1.203s] -- Added test 'copyright' to check source files copyright and LICENSE
[1.205s] -- Added test 'cppcheck' to perform static code analysis on C / C++ code
[1.205s] -- Configured cppcheck include dirs: $<BUILD_INTERFACE:/home/stardust/eng_ws/src/exchangestation_detector/include>
[1.205s] -- Configured cppcheck exclude dirs and/or files: 
[1.207s] -- Added test 'lint_cmake' to check CMake code style
[1.209s] -- Added test 'uncrustify' to check C / C++ code style
[1.209s] -- Configured uncrustify additional arguments: 
[1.210s] -- Added test 'xmllint' to check XML markup files
[1.216s] -- Configuring done
[1.244s] -- Generating done
[1.247s] -- Build files have been written to: /home/stardust/eng_ws/build/exchangestation_detector
[1.281s] [35m[1mConsolidate compiler generated dependencies of target exchangestation_detector[0m
[1.314s] [100%] Built target exchangestation_detector
[1.332s] Invoked command in '/home/stardust/eng_ws/build/exchangestation_detector' returned '0': CMAKE_PREFIX_PATH=${CMAKE_PREFIX_PATH}:/opt/ros/iron /usr/bin/cmake --build /home/stardust/eng_ws/build/exchangestation_detector -- -j8 -l8
[1.384s] Invoking command in '/home/stardust/eng_ws/build/exchangestation_detector': CMAKE_PREFIX_PATH=${CMAKE_PREFIX_PATH}:/opt/ros/iron /usr/bin/cmake --install /home/stardust/eng_ws/build/exchangestation_detector
[1.392s] -- Install configuration: ""
[1.392s] -- Up-to-date: /home/stardust/eng_ws/install/exchangestation_detector/include
[1.392s] -- Up-to-date: /home/stardust/eng_ws/install/exchangestation_detector/include/exchangestation_detector
[1.392s] -- Up-to-date: /home/stardust/eng_ws/install/exchangestation_detector/include/exchangestation_detector/exchangestation_detector.hpp
[1.392s] -- Up-to-date: /home/stardust/eng_ws/install/exchangestation_detector/include/exchangestation_detector/detector_node.hpp
[1.393s] -- Up-to-date: /home/stardust/eng_ws/install/exchangestation_detector/share/ament_index/resource_index/package_run_dependencies/exchangestation_detector
[1.393s] -- Installing: /home/stardust/eng_ws/install/exchangestation_detector/share/ament_index/resource_index/parent_prefix_path/exchangestation_detector
[1.393s] -- Up-to-date: /home/stardust/eng_ws/install/exchangestation_detector/share/exchangestation_detector/environment/ament_prefix_path.sh
[1.393s] -- Up-to-date: /home/stardust/eng_ws/install/exchangestation_detector/share/exchangestation_detector/environment/ament_prefix_path.dsv
[1.394s] -- Up-to-date: /home/stardust/eng_ws/install/exchangestation_detector/share/exchangestation_detector/environment/path.sh
[1.394s] -- Up-to-date: /home/stardust/eng_ws/install/exchangestation_detector/share/exchangestation_detector/environment/path.dsv
[1.394s] -- Up-to-date: /home/stardust/eng_ws/install/exchangestation_detector/share/exchangestation_detector/local_setup.bash
[1.394s] -- Up-to-date: /home/stardust/eng_ws/install/exchangestation_detector/share/exchangestation_detector/local_setup.sh
[1.394s] -- Up-to-date: /home/stardust/eng_ws/install/exchangestation_detector/share/exchangestation_detector/local_setup.zsh
[1.395s] -- Up-to-date: /home/stardust/eng_ws/install/exchangestation_detector/share/exchangestation_detector/local_setup.dsv
[1.395s] -- Installing: /home/stardust/eng_ws/install/exchangestation_detector/share/exchangestation_detector/package.dsv
[1.395s] -- Up-to-date: /home/stardust/eng_ws/install/exchangestation_detector/share/ament_index/resource_index/packages/exchangestation_detector
[1.395s] -- Installing: /home/stardust/eng_ws/install/exchangestation_detector/share/ament_index/resource_index/rclcpp_components/exchangestation_detector
[1.395s] -- Up-to-date: /home/stardust/eng_ws/install/exchangestation_detector/share/exchangestation_detector/cmake/ament_cmake_export_dependencies-extras.cmake
[1.395s] -- Up-to-date: /home/stardust/eng_ws/install/exchangestation_detector/share/exchangestation_detector/cmake/ament_cmake_export_include_directories-extras.cmake
[1.395s] -- Up-to-date: /home/stardust/eng_ws/install/exchangestation_detector/share/exchangestation_detector/cmake/exchangestation_detectorConfig.cmake
[1.395s] -- Up-to-date: /home/stardust/eng_ws/install/exchangestation_detector/share/exchangestation_detector/cmake/exchangestation_detectorConfig-version.cmake
[1.395s] -- Up-to-date: /home/stardust/eng_ws/install/exchangestation_detector/share/exchangestation_detector/package.xml
[1.397s] Invoked command in '/home/stardust/eng_ws/build/exchangestation_detector' returned '0': CMAKE_PREFIX_PATH=${CMAKE_PREFIX_PATH}:/opt/ros/iron /usr/bin/cmake --install /home/stardust/eng_ws/build/exchangestation_detector
