[0.101s] DEBUG:colcon:Command line arguments: ['/usr/bin/colcon', 'build']
[0.103s] DEBUG:colcon:Parsed command line arguments: Namespace(log_base=None, log_level=None, verb_name='build', build_base='build', install_base='install', merge_install=False, symlink_install=False, test_result_base=None, continue_on_error=False, executor='parallel', parallel_workers=12, event_handlers=None, ignore_user_meta=False, metas=['./colcon.meta'], base_paths=['.'], packages_ignore=None, packages_ignore_regex=None, paths=None, packages_up_to=None, packages_up_to_regex=None, packages_above=None, packages_above_and_dependencies=None, packages_above_depth=None, packages_select_by_dep=None, packages_skip_by_dep=None, packages_skip_up_to=None, packages_select_build_failed=False, packages_skip_build_finished=False, packages_select_test_failures=False, packages_skip_test_passed=False, packages_select=None, packages_skip=None, packages_select_regex=None, packages_skip_regex=None, packages_start=None, packages_end=None, allow_overriding=[], cmake_args=None, cmake_target=None, cmake_target_skip_unavailable=False, cmake_clean_cache=False, cmake_clean_first=False, cmake_force_configure=False, ament_cmake_args=None, catkin_cmake_args=None, catkin_skip_building_tests=False, verb_parser=<colcon_defaults.argument_parser.defaults.DefaultArgumentsDecorator object at 0x7f547de24e80>, verb_extension=<colcon_core.verb.build.BuildVerb object at 0x7f547df21ae0>, main=<bound method BuildVerb.main of <colcon_core.verb.build.BuildVerb object at 0x7f547df21ae0>>)
[0.356s] Level 1:colcon.colcon_core.package_discovery:discover_packages(colcon_meta) check parameters
[0.357s] Level 1:colcon.colcon_core.package_discovery:discover_packages(recursive) check parameters
[0.357s] Level 1:colcon.colcon_core.package_discovery:discover_packages(ignore) check parameters
[0.357s] Level 1:colcon.colcon_core.package_discovery:discover_packages(path) check parameters
[0.357s] Level 1:colcon.colcon_core.package_discovery:discover_packages(colcon_meta) discover
[0.357s] Level 1:colcon.colcon_core.package_discovery:discover_packages(recursive) discover
[0.357s] INFO:colcon.colcon_core.package_discovery:Crawling recursively for packages in '/home/jlurobovision/eng_ws'
[0.357s] Level 1:colcon.colcon_core.package_identification:_identify(.) by extensions ['ignore', 'ignore_ament_install']
[0.357s] Level 1:colcon.colcon_core.package_identification:_identify(.) by extension 'ignore'
[0.357s] Level 1:colcon.colcon_core.package_identification:_identify(.) by extension 'ignore_ament_install'
[0.358s] Level 1:colcon.colcon_core.package_identification:_identify(.) by extensions ['colcon_pkg']
[0.358s] Level 1:colcon.colcon_core.package_identification:_identify(.) by extension 'colcon_pkg'
[0.358s] Level 1:colcon.colcon_core.package_identification:_identify(.) by extensions ['colcon_meta']
[0.358s] Level 1:colcon.colcon_core.package_identification:_identify(.) by extension 'colcon_meta'
[0.358s] Level 1:colcon.colcon_core.package_identification:_identify(.) by extensions ['ros']
[0.358s] Level 1:colcon.colcon_core.package_identification:_identify(.) by extension 'ros'
[0.369s] Level 1:colcon.colcon_core.package_identification:_identify(.) by extensions ['cmake', 'python']
[0.369s] Level 1:colcon.colcon_core.package_identification:_identify(.) by extension 'cmake'
[0.369s] Level 1:colcon.colcon_core.package_identification:_identify(.) by extension 'python'
[0.369s] Level 1:colcon.colcon_core.package_identification:_identify(.) by extensions ['python_setup_py']
[0.369s] Level 1:colcon.colcon_core.package_identification:_identify(.) by extension 'python_setup_py'
[0.369s] Level 1:colcon.colcon_core.package_identification:_identify(build) by extensions ['ignore', 'ignore_ament_install']
[0.369s] Level 1:colcon.colcon_core.package_identification:_identify(build) by extension 'ignore'
[0.369s] Level 1:colcon.colcon_core.package_identification:_identify(build) ignored
[0.370s] Level 1:colcon.colcon_core.package_identification:_identify(install) by extensions ['ignore', 'ignore_ament_install']
[0.370s] Level 1:colcon.colcon_core.package_identification:_identify(install) by extension 'ignore'
[0.370s] Level 1:colcon.colcon_core.package_identification:_identify(install) ignored
[0.370s] Level 1:colcon.colcon_core.package_identification:_identify(log) by extensions ['ignore', 'ignore_ament_install']
[0.370s] Level 1:colcon.colcon_core.package_identification:_identify(log) by extension 'ignore'
[0.370s] Level 1:colcon.colcon_core.package_identification:_identify(log) ignored
[0.370s] Level 1:colcon.colcon_core.package_identification:_identify(src) by extensions ['ignore', 'ignore_ament_install']
[0.371s] Level 1:colcon.colcon_core.package_identification:_identify(src) by extension 'ignore'
[0.371s] Level 1:colcon.colcon_core.package_identification:_identify(src) by extension 'ignore_ament_install'
[0.371s] Level 1:colcon.colcon_core.package_identification:_identify(src) by extensions ['colcon_pkg']
[0.371s] Level 1:colcon.colcon_core.package_identification:_identify(src) by extension 'colcon_pkg'
[0.371s] Level 1:colcon.colcon_core.package_identification:_identify(src) by extensions ['colcon_meta']
[0.371s] Level 1:colcon.colcon_core.package_identification:_identify(src) by extension 'colcon_meta'
[0.371s] Level 1:colcon.colcon_core.package_identification:_identify(src) by extensions ['ros']
[0.371s] Level 1:colcon.colcon_core.package_identification:_identify(src) by extension 'ros'
[0.371s] Level 1:colcon.colcon_core.package_identification:_identify(src) by extensions ['cmake', 'python']
[0.371s] Level 1:colcon.colcon_core.package_identification:_identify(src) by extension 'cmake'
[0.371s] Level 1:colcon.colcon_core.package_identification:_identify(src) by extension 'python'
[0.371s] Level 1:colcon.colcon_core.package_identification:_identify(src) by extensions ['python_setup_py']
[0.372s] Level 1:colcon.colcon_core.package_identification:_identify(src) by extension 'python_setup_py'
[0.372s] Level 1:colcon.colcon_core.package_identification:_identify(src/exchangestation_detector) by extensions ['ignore', 'ignore_ament_install']
[0.372s] Level 1:colcon.colcon_core.package_identification:_identify(src/exchangestation_detector) by extension 'ignore'
[0.372s] Level 1:colcon.colcon_core.package_identification:_identify(src/exchangestation_detector) by extension 'ignore_ament_install'
[0.372s] Level 1:colcon.colcon_core.package_identification:_identify(src/exchangestation_detector) by extensions ['colcon_pkg']
[0.372s] Level 1:colcon.colcon_core.package_identification:_identify(src/exchangestation_detector) by extension 'colcon_pkg'
[0.372s] Level 1:colcon.colcon_core.package_identification:_identify(src/exchangestation_detector) by extensions ['colcon_meta']
[0.372s] Level 1:colcon.colcon_core.package_identification:_identify(src/exchangestation_detector) by extension 'colcon_meta'
[0.372s] Level 1:colcon.colcon_core.package_identification:_identify(src/exchangestation_detector) by extensions ['ros']
[0.372s] Level 1:colcon.colcon_core.package_identification:_identify(src/exchangestation_detector) by extension 'ros'
[0.375s] DEBUG:colcon.colcon_core.package_identification:Package 'src/exchangestation_detector' with type 'ros.ament_cmake' and name 'exchangestation_detector'
[0.375s] Level 1:colcon.colcon_core.package_identification:_identify(src/galaxy_camera) by extensions ['ignore', 'ignore_ament_install']
[0.375s] Level 1:colcon.colcon_core.package_identification:_identify(src/galaxy_camera) by extension 'ignore'
[0.376s] Level 1:colcon.colcon_core.package_identification:_identify(src/galaxy_camera) by extension 'ignore_ament_install'
[0.376s] Level 1:colcon.colcon_core.package_identification:_identify(src/galaxy_camera) by extensions ['colcon_pkg']
[0.376s] Level 1:colcon.colcon_core.package_identification:_identify(src/galaxy_camera) by extension 'colcon_pkg'
[0.376s] Level 1:colcon.colcon_core.package_identification:_identify(src/galaxy_camera) by extensions ['colcon_meta']
[0.376s] Level 1:colcon.colcon_core.package_identification:_identify(src/galaxy_camera) by extension 'colcon_meta'
[0.376s] Level 1:colcon.colcon_core.package_identification:_identify(src/galaxy_camera) by extensions ['ros']
[0.376s] Level 1:colcon.colcon_core.package_identification:_identify(src/galaxy_camera) by extension 'ros'
[0.377s] DEBUG:colcon.colcon_core.package_identification:Package 'src/galaxy_camera' with type 'ros.ament_cmake' and name 'galaxy_camera'
[0.377s] Level 1:colcon.colcon_core.package_identification:_identify(src/global_launch) by extensions ['ignore', 'ignore_ament_install']
[0.377s] Level 1:colcon.colcon_core.package_identification:_identify(src/global_launch) by extension 'ignore'
[0.377s] Level 1:colcon.colcon_core.package_identification:_identify(src/global_launch) by extension 'ignore_ament_install'
[0.377s] Level 1:colcon.colcon_core.package_identification:_identify(src/global_launch) by extensions ['colcon_pkg']
[0.377s] Level 1:colcon.colcon_core.package_identification:_identify(src/global_launch) by extension 'colcon_pkg'
[0.377s] Level 1:colcon.colcon_core.package_identification:_identify(src/global_launch) by extensions ['colcon_meta']
[0.377s] Level 1:colcon.colcon_core.package_identification:_identify(src/global_launch) by extension 'colcon_meta'
[0.377s] Level 1:colcon.colcon_core.package_identification:_identify(src/global_launch) by extensions ['ros']
[0.377s] Level 1:colcon.colcon_core.package_identification:_identify(src/global_launch) by extension 'ros'
[0.378s] DEBUG:colcon.colcon_core.package_identification:Package 'src/global_launch' with type 'ros.ament_cmake' and name 'global_launch'
[0.378s] Level 1:colcon.colcon_core.package_identification:_identify(src/hik_camera) by extensions ['ignore', 'ignore_ament_install']
[0.378s] Level 1:colcon.colcon_core.package_identification:_identify(src/hik_camera) by extension 'ignore'
[0.378s] Level 1:colcon.colcon_core.package_identification:_identify(src/hik_camera) by extension 'ignore_ament_install'
[0.378s] Level 1:colcon.colcon_core.package_identification:_identify(src/hik_camera) by extensions ['colcon_pkg']
[0.378s] Level 1:colcon.colcon_core.package_identification:_identify(src/hik_camera) by extension 'colcon_pkg'
[0.378s] Level 1:colcon.colcon_core.package_identification:_identify(src/hik_camera) by extensions ['colcon_meta']
[0.378s] Level 1:colcon.colcon_core.package_identification:_identify(src/hik_camera) by extension 'colcon_meta'
[0.378s] Level 1:colcon.colcon_core.package_identification:_identify(src/hik_camera) by extensions ['ros']
[0.378s] Level 1:colcon.colcon_core.package_identification:_identify(src/hik_camera) by extension 'ros'
[0.379s] DEBUG:colcon.colcon_core.package_identification:Package 'src/hik_camera' with type 'ros.ament_cmake' and name 'hik_camera'
[0.379s] Level 1:colcon.colcon_core.package_identification:_identify(src/msg_interfaces) by extensions ['ignore', 'ignore_ament_install']
[0.379s] Level 1:colcon.colcon_core.package_identification:_identify(src/msg_interfaces) by extension 'ignore'
[0.379s] Level 1:colcon.colcon_core.package_identification:_identify(src/msg_interfaces) by extension 'ignore_ament_install'
[0.380s] Level 1:colcon.colcon_core.package_identification:_identify(src/msg_interfaces) by extensions ['colcon_pkg']
[0.380s] Level 1:colcon.colcon_core.package_identification:_identify(src/msg_interfaces) by extension 'colcon_pkg'
[0.380s] Level 1:colcon.colcon_core.package_identification:_identify(src/msg_interfaces) by extensions ['colcon_meta']
[0.380s] Level 1:colcon.colcon_core.package_identification:_identify(src/msg_interfaces) by extension 'colcon_meta'
[0.380s] Level 1:colcon.colcon_core.package_identification:_identify(src/msg_interfaces) by extensions ['ros']
[0.380s] Level 1:colcon.colcon_core.package_identification:_identify(src/msg_interfaces) by extension 'ros'
[0.380s] DEBUG:colcon.colcon_core.package_identification:Package 'src/msg_interfaces' with type 'ros.ament_cmake' and name 'msg_interfaces'
[0.380s] Level 1:colcon.colcon_core.package_identification:_identify(src/serial) by extensions ['ignore', 'ignore_ament_install']
[0.380s] Level 1:colcon.colcon_core.package_identification:_identify(src/serial) by extension 'ignore'
[0.380s] Level 1:colcon.colcon_core.package_identification:_identify(src/serial) by extension 'ignore_ament_install'
[0.380s] Level 1:colcon.colcon_core.package_identification:_identify(src/serial) by extensions ['colcon_pkg']
[0.380s] Level 1:colcon.colcon_core.package_identification:_identify(src/serial) by extension 'colcon_pkg'
[0.381s] Level 1:colcon.colcon_core.package_identification:_identify(src/serial) by extensions ['colcon_meta']
[0.381s] Level 1:colcon.colcon_core.package_identification:_identify(src/serial) by extension 'colcon_meta'
[0.381s] Level 1:colcon.colcon_core.package_identification:_identify(src/serial) by extensions ['ros']
[0.381s] Level 1:colcon.colcon_core.package_identification:_identify(src/serial) by extension 'ros'
[0.382s] DEBUG:colcon.colcon_core.package_identification:Package 'src/serial' with type 'ros.ament_cmake' and name 'serial'
[0.382s] Level 1:colcon.colcon_core.package_discovery:discover_packages(recursive) using defaults
[0.382s] Level 1:colcon.colcon_core.package_discovery:discover_packages(ignore) discover
[0.382s] Level 1:colcon.colcon_core.package_discovery:discover_packages(ignore) using defaults
[0.382s] Level 1:colcon.colcon_core.package_discovery:discover_packages(path) discover
[0.382s] Level 1:colcon.colcon_core.package_discovery:discover_packages(path) using defaults
[0.431s] Level 1:colcon.colcon_core.package_discovery:discover_packages(prefix_path) check parameters
[0.431s] Level 1:colcon.colcon_core.package_discovery:discover_packages(prefix_path) discover
[0.434s] DEBUG:colcon.colcon_installed_package_information.package_discovery:Found 6 installed packages in /home/jlurobovision/eng_ws/install
[0.436s] DEBUG:colcon.colcon_installed_package_information.package_discovery:Found 272 installed packages in /opt/ros/humble
[0.439s] Level 1:colcon.colcon_core.package_discovery:discover_packages(prefix_path) using defaults
[0.488s] Level 5:colcon.colcon_core.verb:set package 'galaxy_camera' build argument 'cmake_args' from command line to 'None'
[0.488s] Level 5:colcon.colcon_core.verb:set package 'galaxy_camera' build argument 'cmake_target' from command line to 'None'
[0.488s] Level 5:colcon.colcon_core.verb:set package 'galaxy_camera' build argument 'cmake_target_skip_unavailable' from command line to 'False'
[0.488s] Level 5:colcon.colcon_core.verb:set package 'galaxy_camera' build argument 'cmake_clean_cache' from command line to 'False'
[0.488s] Level 5:colcon.colcon_core.verb:set package 'galaxy_camera' build argument 'cmake_clean_first' from command line to 'False'
[0.489s] Level 5:colcon.colcon_core.verb:set package 'galaxy_camera' build argument 'cmake_force_configure' from command line to 'False'
[0.489s] Level 5:colcon.colcon_core.verb:set package 'galaxy_camera' build argument 'ament_cmake_args' from command line to 'None'
[0.489s] Level 5:colcon.colcon_core.verb:set package 'galaxy_camera' build argument 'catkin_cmake_args' from command line to 'None'
[0.489s] Level 5:colcon.colcon_core.verb:set package 'galaxy_camera' build argument 'catkin_skip_building_tests' from command line to 'False'
[0.489s] DEBUG:colcon.colcon_core.verb:Building package 'galaxy_camera' with the following arguments: {'ament_cmake_args': None, 'build_base': '/home/jlurobovision/eng_ws/build/galaxy_camera', 'catkin_cmake_args': None, 'catkin_skip_building_tests': False, 'cmake_args': None, 'cmake_clean_cache': False, 'cmake_clean_first': False, 'cmake_force_configure': False, 'cmake_target': None, 'cmake_target_skip_unavailable': False, 'install_base': '/home/jlurobovision/eng_ws/install/galaxy_camera', 'merge_install': False, 'path': '/home/jlurobovision/eng_ws/src/galaxy_camera', 'symlink_install': False, 'test_result_base': None}
[0.489s] Level 5:colcon.colcon_core.verb:set package 'global_launch' build argument 'cmake_args' from command line to 'None'
[0.490s] Level 5:colcon.colcon_core.verb:set package 'global_launch' build argument 'cmake_target' from command line to 'None'
[0.490s] Level 5:colcon.colcon_core.verb:set package 'global_launch' build argument 'cmake_target_skip_unavailable' from command line to 'False'
[0.490s] Level 5:colcon.colcon_core.verb:set package 'global_launch' build argument 'cmake_clean_cache' from command line to 'False'
[0.490s] Level 5:colcon.colcon_core.verb:set package 'global_launch' build argument 'cmake_clean_first' from command line to 'False'
[0.490s] Level 5:colcon.colcon_core.verb:set package 'global_launch' build argument 'cmake_force_configure' from command line to 'False'
[0.490s] Level 5:colcon.colcon_core.verb:set package 'global_launch' build argument 'ament_cmake_args' from command line to 'None'
[0.490s] Level 5:colcon.colcon_core.verb:set package 'global_launch' build argument 'catkin_cmake_args' from command line to 'None'
[0.490s] Level 5:colcon.colcon_core.verb:set package 'global_launch' build argument 'catkin_skip_building_tests' from command line to 'False'
[0.490s] DEBUG:colcon.colcon_core.verb:Building package 'global_launch' with the following arguments: {'ament_cmake_args': None, 'build_base': '/home/jlurobovision/eng_ws/build/global_launch', 'catkin_cmake_args': None, 'catkin_skip_building_tests': False, 'cmake_args': None, 'cmake_clean_cache': False, 'cmake_clean_first': False, 'cmake_force_configure': False, 'cmake_target': None, 'cmake_target_skip_unavailable': False, 'install_base': '/home/jlurobovision/eng_ws/install/global_launch', 'merge_install': False, 'path': '/home/jlurobovision/eng_ws/src/global_launch', 'symlink_install': False, 'test_result_base': None}
[0.491s] Level 5:colcon.colcon_core.verb:set package 'hik_camera' build argument 'cmake_args' from command line to 'None'
[0.491s] Level 5:colcon.colcon_core.verb:set package 'hik_camera' build argument 'cmake_target' from command line to 'None'
[0.491s] Level 5:colcon.colcon_core.verb:set package 'hik_camera' build argument 'cmake_target_skip_unavailable' from command line to 'False'
[0.491s] Level 5:colcon.colcon_core.verb:set package 'hik_camera' build argument 'cmake_clean_cache' from command line to 'False'
[0.491s] Level 5:colcon.colcon_core.verb:set package 'hik_camera' build argument 'cmake_clean_first' from command line to 'False'
[0.491s] Level 5:colcon.colcon_core.verb:set package 'hik_camera' build argument 'cmake_force_configure' from command line to 'False'
[0.491s] Level 5:colcon.colcon_core.verb:set package 'hik_camera' build argument 'ament_cmake_args' from command line to 'None'
[0.491s] Level 5:colcon.colcon_core.verb:set package 'hik_camera' build argument 'catkin_cmake_args' from command line to 'None'
[0.491s] Level 5:colcon.colcon_core.verb:set package 'hik_camera' build argument 'catkin_skip_building_tests' from command line to 'False'
[0.491s] DEBUG:colcon.colcon_core.verb:Building package 'hik_camera' with the following arguments: {'ament_cmake_args': None, 'build_base': '/home/jlurobovision/eng_ws/build/hik_camera', 'catkin_cmake_args': None, 'catkin_skip_building_tests': False, 'cmake_args': None, 'cmake_clean_cache': False, 'cmake_clean_first': False, 'cmake_force_configure': False, 'cmake_target': None, 'cmake_target_skip_unavailable': False, 'install_base': '/home/jlurobovision/eng_ws/install/hik_camera', 'merge_install': False, 'path': '/home/jlurobovision/eng_ws/src/hik_camera', 'symlink_install': False, 'test_result_base': None}
[0.491s] Level 5:colcon.colcon_core.verb:set package 'msg_interfaces' build argument 'cmake_args' from command line to 'None'
[0.491s] Level 5:colcon.colcon_core.verb:set package 'msg_interfaces' build argument 'cmake_target' from command line to 'None'
[0.492s] Level 5:colcon.colcon_core.verb:set package 'msg_interfaces' build argument 'cmake_target_skip_unavailable' from command line to 'False'
[0.492s] Level 5:colcon.colcon_core.verb:set package 'msg_interfaces' build argument 'cmake_clean_cache' from command line to 'False'
[0.492s] Level 5:colcon.colcon_core.verb:set package 'msg_interfaces' build argument 'cmake_clean_first' from command line to 'False'
[0.492s] Level 5:colcon.colcon_core.verb:set package 'msg_interfaces' build argument 'cmake_force_configure' from command line to 'False'
[0.492s] Level 5:colcon.colcon_core.verb:set package 'msg_interfaces' build argument 'ament_cmake_args' from command line to 'None'
[0.492s] Level 5:colcon.colcon_core.verb:set package 'msg_interfaces' build argument 'catkin_cmake_args' from command line to 'None'
[0.492s] Level 5:colcon.colcon_core.verb:set package 'msg_interfaces' build argument 'catkin_skip_building_tests' from command line to 'False'
[0.492s] DEBUG:colcon.colcon_core.verb:Building package 'msg_interfaces' with the following arguments: {'ament_cmake_args': None, 'build_base': '/home/jlurobovision/eng_ws/build/msg_interfaces', 'catkin_cmake_args': None, 'catkin_skip_building_tests': False, 'cmake_args': None, 'cmake_clean_cache': False, 'cmake_clean_first': False, 'cmake_force_configure': False, 'cmake_target': None, 'cmake_target_skip_unavailable': False, 'install_base': '/home/jlurobovision/eng_ws/install/msg_interfaces', 'merge_install': False, 'path': '/home/jlurobovision/eng_ws/src/msg_interfaces', 'symlink_install': False, 'test_result_base': None}
[0.492s] Level 5:colcon.colcon_core.verb:set package 'serial' build argument 'cmake_args' from command line to 'None'
[0.492s] Level 5:colcon.colcon_core.verb:set package 'serial' build argument 'cmake_target' from command line to 'None'
[0.492s] Level 5:colcon.colcon_core.verb:set package 'serial' build argument 'cmake_target_skip_unavailable' from command line to 'False'
[0.492s] Level 5:colcon.colcon_core.verb:set package 'serial' build argument 'cmake_clean_cache' from command line to 'False'
[0.492s] Level 5:colcon.colcon_core.verb:set package 'serial' build argument 'cmake_clean_first' from command line to 'False'
[0.492s] Level 5:colcon.colcon_core.verb:set package 'serial' build argument 'cmake_force_configure' from command line to 'False'
[0.492s] Level 5:colcon.colcon_core.verb:set package 'serial' build argument 'ament_cmake_args' from command line to 'None'
[0.492s] Level 5:colcon.colcon_core.verb:set package 'serial' build argument 'catkin_cmake_args' from command line to 'None'
[0.492s] Level 5:colcon.colcon_core.verb:set package 'serial' build argument 'catkin_skip_building_tests' from command line to 'False'
[0.492s] DEBUG:colcon.colcon_core.verb:Building package 'serial' with the following arguments: {'ament_cmake_args': None, 'build_base': '/home/jlurobovision/eng_ws/build/serial', 'catkin_cmake_args': None, 'catkin_skip_building_tests': False, 'cmake_args': None, 'cmake_clean_cache': False, 'cmake_clean_first': False, 'cmake_force_configure': False, 'cmake_target': None, 'cmake_target_skip_unavailable': False, 'install_base': '/home/jlurobovision/eng_ws/install/serial', 'merge_install': False, 'path': '/home/jlurobovision/eng_ws/src/serial', 'symlink_install': False, 'test_result_base': None}
[0.493s] Level 5:colcon.colcon_core.verb:set package 'exchangestation_detector' build argument 'cmake_args' from command line to 'None'
[0.493s] Level 5:colcon.colcon_core.verb:set package 'exchangestation_detector' build argument 'cmake_target' from command line to 'None'
[0.493s] Level 5:colcon.colcon_core.verb:set package 'exchangestation_detector' build argument 'cmake_target_skip_unavailable' from command line to 'False'
[0.493s] Level 5:colcon.colcon_core.verb:set package 'exchangestation_detector' build argument 'cmake_clean_cache' from command line to 'False'
[0.493s] Level 5:colcon.colcon_core.verb:set package 'exchangestation_detector' build argument 'cmake_clean_first' from command line to 'False'
[0.493s] Level 5:colcon.colcon_core.verb:set package 'exchangestation_detector' build argument 'cmake_force_configure' from command line to 'False'
[0.493s] Level 5:colcon.colcon_core.verb:set package 'exchangestation_detector' build argument 'ament_cmake_args' from command line to 'None'
[0.493s] Level 5:colcon.colcon_core.verb:set package 'exchangestation_detector' build argument 'catkin_cmake_args' from command line to 'None'
[0.493s] Level 5:colcon.colcon_core.verb:set package 'exchangestation_detector' build argument 'catkin_skip_building_tests' from command line to 'False'
[0.493s] DEBUG:colcon.colcon_core.verb:Building package 'exchangestation_detector' with the following arguments: {'ament_cmake_args': None, 'build_base': '/home/jlurobovision/eng_ws/build/exchangestation_detector', 'catkin_cmake_args': None, 'catkin_skip_building_tests': False, 'cmake_args': None, 'cmake_clean_cache': False, 'cmake_clean_first': False, 'cmake_force_configure': False, 'cmake_target': None, 'cmake_target_skip_unavailable': False, 'install_base': '/home/jlurobovision/eng_ws/install/exchangestation_detector', 'merge_install': False, 'path': '/home/jlurobovision/eng_ws/src/exchangestation_detector', 'symlink_install': False, 'test_result_base': None}
[0.493s] INFO:colcon.colcon_core.executor:Executing jobs using 'parallel' executor
[0.495s] DEBUG:colcon.colcon_parallel_executor.executor.parallel:run_until_complete
[0.496s] INFO:colcon.colcon_ros.task.ament_cmake.build:Building ROS package in '/home/jlurobovision/eng_ws/src/msg_interfaces' with build type 'ament_cmake'
[0.496s] INFO:colcon.colcon_cmake.task.cmake.build:Building CMake package in '/home/jlurobovision/eng_ws/src/msg_interfaces'
[0.498s] INFO:colcon.colcon_core.plugin_system:Skipping extension 'colcon_core.shell.bat': Not used on non-Windows systems
[0.498s] INFO:colcon.colcon_core.shell:Skip shell extension 'powershell' for command environment: Not usable outside of PowerShell
[0.498s] DEBUG:colcon.colcon_core.shell:Skip shell extension 'dsv' for command environment
[0.504s] INFO:colcon.colcon_ros.task.ament_cmake.build:Building ROS package in '/home/jlurobovision/eng_ws/src/galaxy_camera' with build type 'ament_cmake'
[0.504s] INFO:colcon.colcon_cmake.task.cmake.build:Building CMake package in '/home/jlurobovision/eng_ws/src/galaxy_camera'
[0.505s] INFO:colcon.colcon_core.shell:Skip shell extension 'powershell' for command environment: Not usable outside of PowerShell
[0.505s] DEBUG:colcon.colcon_core.shell:Skip shell extension 'dsv' for command environment
[0.510s] INFO:colcon.colcon_ros.task.ament_cmake.build:Building ROS package in '/home/jlurobovision/eng_ws/src/global_launch' with build type 'ament_cmake'
[0.510s] INFO:colcon.colcon_cmake.task.cmake.build:Building CMake package in '/home/jlurobovision/eng_ws/src/global_launch'
[0.510s] INFO:colcon.colcon_core.shell:Skip shell extension 'powershell' for command environment: Not usable outside of PowerShell
[0.510s] DEBUG:colcon.colcon_core.shell:Skip shell extension 'dsv' for command environment
[0.514s] INFO:colcon.colcon_ros.task.ament_cmake.build:Building ROS package in '/home/jlurobovision/eng_ws/src/hik_camera' with build type 'ament_cmake'
[0.514s] INFO:colcon.colcon_cmake.task.cmake.build:Building CMake package in '/home/jlurobovision/eng_ws/src/hik_camera'
[0.514s] INFO:colcon.colcon_core.shell:Skip shell extension 'powershell' for command environment: Not usable outside of PowerShell
[0.514s] DEBUG:colcon.colcon_core.shell:Skip shell extension 'dsv' for command environment
[0.529s] DEBUG:colcon.colcon_core.event_handler.log_command:Invoking command in '/home/jlurobovision/eng_ws/build/msg_interfaces': CMAKE_PREFIX_PATH=${CMAKE_PREFIX_PATH}:/opt/ros/humble /usr/bin/cmake --build /home/jlurobovision/eng_ws/build/msg_interfaces -- -j12 -l12
[0.533s] DEBUG:colcon.colcon_core.event_handler.log_command:Invoking command in '/home/jlurobovision/eng_ws/build/galaxy_camera': CMAKE_PREFIX_PATH=${CMAKE_PREFIX_PATH}:/opt/ros/humble /usr/bin/cmake --build /home/jlurobovision/eng_ws/build/galaxy_camera -- -j12 -l12
[0.542s] DEBUG:colcon.colcon_core.event_handler.log_command:Invoking command in '/home/jlurobovision/eng_ws/build/global_launch': CMAKE_PREFIX_PATH=${CMAKE_PREFIX_PATH}:/opt/ros/humble /usr/bin/cmake --build /home/jlurobovision/eng_ws/build/global_launch -- -j12 -l12
[0.548s] DEBUG:colcon.colcon_core.event_handler.log_command:Invoking command in '/home/jlurobovision/eng_ws/build/hik_camera': CMAKE_PREFIX_PATH=${CMAKE_PREFIX_PATH}:/opt/ros/humble /usr/bin/cmake --build /home/jlurobovision/eng_ws/build/hik_camera -- -j12 -l12
[0.600s] DEBUG:colcon.colcon_core.event_handler.log_command:Invoked command in '/home/jlurobovision/eng_ws/build/global_launch' returned '0': CMAKE_PREFIX_PATH=${CMAKE_PREFIX_PATH}:/opt/ros/humble /usr/bin/cmake --build /home/jlurobovision/eng_ws/build/global_launch -- -j12 -l12
[0.673s] DEBUG:colcon.colcon_core.event_handler.log_command:Invoking command in '/home/jlurobovision/eng_ws/build/global_launch': CMAKE_PREFIX_PATH=${CMAKE_PREFIX_PATH}:/opt/ros/humble /usr/bin/cmake --install /home/jlurobovision/eng_ws/build/global_launch
[0.715s] DEBUG:colcon.colcon_core.event_handler.log_command:Invoked command in '/home/jlurobovision/eng_ws/build/galaxy_camera' returned '0': CMAKE_PREFIX_PATH=${CMAKE_PREFIX_PATH}:/opt/ros/humble /usr/bin/cmake --build /home/jlurobovision/eng_ws/build/galaxy_camera -- -j12 -l12
[0.729s] DEBUG:colcon.colcon_core.event_handler.log_command:Invoked command in '/home/jlurobovision/eng_ws/build/hik_camera' returned '0': CMAKE_PREFIX_PATH=${CMAKE_PREFIX_PATH}:/opt/ros/humble /usr/bin/cmake --build /home/jlurobovision/eng_ws/build/hik_camera -- -j12 -l12
[0.730s] Level 1:colcon.colcon_core.environment:create_environment_scripts_only(global_launch)
[0.736s] DEBUG:colcon.colcon_core.event_handler.log_command:Invoked command in '/home/jlurobovision/eng_ws/build/global_launch' returned '0': CMAKE_PREFIX_PATH=${CMAKE_PREFIX_PATH}:/opt/ros/humble /usr/bin/cmake --install /home/jlurobovision/eng_ws/build/global_launch
[0.742s] Level 1:colcon.colcon_core.environment:checking '/home/jlurobovision/eng_ws/install/global_launch' for CMake module files
[0.744s] Level 1:colcon.colcon_core.environment:checking '/home/jlurobovision/eng_ws/install/global_launch' for CMake config files
[0.744s] Level 1:colcon.colcon_core.shell:create_environment_hook('global_launch', 'cmake_prefix_path')
[0.745s] INFO:colcon.colcon_core.shell:Creating environment hook '/home/jlurobovision/eng_ws/install/global_launch/share/global_launch/hook/cmake_prefix_path.ps1'
[0.749s] INFO:colcon.colcon_core.shell:Creating environment descriptor '/home/jlurobovision/eng_ws/install/global_launch/share/global_launch/hook/cmake_prefix_path.dsv'
[0.750s] INFO:colcon.colcon_core.shell:Creating environment hook '/home/jlurobovision/eng_ws/install/global_launch/share/global_launch/hook/cmake_prefix_path.sh'
[0.755s] Level 1:colcon.colcon_core.environment:checking '/home/jlurobovision/eng_ws/install/global_launch/bin'
[0.755s] Level 1:colcon.colcon_core.environment:checking '/home/jlurobovision/eng_ws/install/global_launch/lib/pkgconfig/global_launch.pc'
[0.756s] Level 1:colcon.colcon_core.environment:checking '/home/jlurobovision/eng_ws/install/global_launch/lib/python3.10/site-packages'
[0.756s] Level 1:colcon.colcon_core.environment:checking '/home/jlurobovision/eng_ws/install/global_launch/bin'
[0.758s] INFO:colcon.colcon_core.shell:Creating package script '/home/jlurobovision/eng_ws/install/global_launch/share/global_launch/package.ps1'
[0.761s] INFO:colcon.colcon_core.shell:Creating package descriptor '/home/jlurobovision/eng_ws/install/global_launch/share/global_launch/package.dsv'
[0.762s] INFO:colcon.colcon_core.shell:Creating package script '/home/jlurobovision/eng_ws/install/global_launch/share/global_launch/package.sh'
[0.765s] INFO:colcon.colcon_core.shell:Creating package script '/home/jlurobovision/eng_ws/install/global_launch/share/global_launch/package.bash'
[0.767s] INFO:colcon.colcon_core.shell:Creating package script '/home/jlurobovision/eng_ws/install/global_launch/share/global_launch/package.zsh'
[0.769s] Level 1:colcon.colcon_core.environment:create_file_with_runtime_dependencies(/home/jlurobovision/eng_ws/install/global_launch/share/colcon-core/packages/global_launch)
[0.786s] DEBUG:colcon.colcon_core.event_handler.log_command:Invoking command in '/home/jlurobovision/eng_ws/build/galaxy_camera': CMAKE_PREFIX_PATH=${CMAKE_PREFIX_PATH}:/opt/ros/humble /usr/bin/cmake --install /home/jlurobovision/eng_ws/build/galaxy_camera
[0.803s] DEBUG:colcon.colcon_core.event_handler.log_command:Invoking command in '/home/jlurobovision/eng_ws/build/hik_camera': CMAKE_PREFIX_PATH=${CMAKE_PREFIX_PATH}:/opt/ros/humble /usr/bin/cmake --install /home/jlurobovision/eng_ws/build/hik_camera
[0.809s] Level 1:colcon.colcon_core.environment:create_environment_scripts_only(galaxy_camera)
[0.810s] Level 1:colcon.colcon_core.environment:checking '/home/jlurobovision/eng_ws/install/galaxy_camera' for CMake module files
[0.810s] Level 1:colcon.colcon_core.environment:checking '/home/jlurobovision/eng_ws/install/galaxy_camera' for CMake config files
[0.811s] Level 1:colcon.colcon_core.shell:create_environment_hook('galaxy_camera', 'cmake_prefix_path')
[0.811s] INFO:colcon.colcon_core.shell:Creating environment hook '/home/jlurobovision/eng_ws/install/galaxy_camera/share/galaxy_camera/hook/cmake_prefix_path.ps1'
[0.812s] INFO:colcon.colcon_core.shell:Creating environment descriptor '/home/jlurobovision/eng_ws/install/galaxy_camera/share/galaxy_camera/hook/cmake_prefix_path.dsv'
[0.813s] INFO:colcon.colcon_core.shell:Creating environment hook '/home/jlurobovision/eng_ws/install/galaxy_camera/share/galaxy_camera/hook/cmake_prefix_path.sh'
[0.814s] Level 1:colcon.colcon_core.environment:checking '/home/jlurobovision/eng_ws/install/galaxy_camera/lib'
[0.814s] Level 1:colcon.colcon_core.shell:create_environment_hook('galaxy_camera', 'ld_library_path_lib')
[0.815s] INFO:colcon.colcon_core.shell:Creating environment hook '/home/jlurobovision/eng_ws/install/galaxy_camera/share/galaxy_camera/hook/ld_library_path_lib.ps1'
[0.816s] DEBUG:colcon.colcon_core.event_handler.log_command:Invoked command in '/home/jlurobovision/eng_ws/build/galaxy_camera' returned '0': CMAKE_PREFIX_PATH=${CMAKE_PREFIX_PATH}:/opt/ros/humble /usr/bin/cmake --install /home/jlurobovision/eng_ws/build/galaxy_camera
[0.831s] INFO:colcon.colcon_core.shell:Creating environment descriptor '/home/jlurobovision/eng_ws/install/galaxy_camera/share/galaxy_camera/hook/ld_library_path_lib.dsv'
[0.831s] INFO:colcon.colcon_core.shell:Creating environment hook '/home/jlurobovision/eng_ws/install/galaxy_camera/share/galaxy_camera/hook/ld_library_path_lib.sh'
[0.832s] Level 1:colcon.colcon_core.environment:checking '/home/jlurobovision/eng_ws/install/galaxy_camera/bin'
[0.832s] Level 1:colcon.colcon_core.environment:checking '/home/jlurobovision/eng_ws/install/galaxy_camera/lib/pkgconfig/galaxy_camera.pc'
[0.832s] Level 1:colcon.colcon_core.environment:checking '/home/jlurobovision/eng_ws/install/galaxy_camera/lib/python3.10/site-packages'
[0.833s] Level 1:colcon.colcon_core.environment:checking '/home/jlurobovision/eng_ws/install/galaxy_camera/bin'
[0.833s] INFO:colcon.colcon_core.shell:Creating package script '/home/jlurobovision/eng_ws/install/galaxy_camera/share/galaxy_camera/package.ps1'
[0.834s] INFO:colcon.colcon_core.shell:Creating package descriptor '/home/jlurobovision/eng_ws/install/galaxy_camera/share/galaxy_camera/package.dsv'
[0.835s] INFO:colcon.colcon_core.shell:Creating package script '/home/jlurobovision/eng_ws/install/galaxy_camera/share/galaxy_camera/package.sh'
[0.836s] INFO:colcon.colcon_core.shell:Creating package script '/home/jlurobovision/eng_ws/install/galaxy_camera/share/galaxy_camera/package.bash'
[0.836s] INFO:colcon.colcon_core.shell:Creating package script '/home/jlurobovision/eng_ws/install/galaxy_camera/share/galaxy_camera/package.zsh'
[0.837s] Level 1:colcon.colcon_core.environment:create_file_with_runtime_dependencies(/home/jlurobovision/eng_ws/install/galaxy_camera/share/colcon-core/packages/galaxy_camera)
[0.841s] Level 1:colcon.colcon_core.environment:create_environment_scripts_only(global_launch)
[0.842s] Level 1:colcon.colcon_core.environment:checking '/home/jlurobovision/eng_ws/install/global_launch' for CMake module files
[0.843s] Level 1:colcon.colcon_core.environment:checking '/home/jlurobovision/eng_ws/install/global_launch' for CMake config files
[0.843s] Level 1:colcon.colcon_core.shell:create_environment_hook('global_launch', 'cmake_prefix_path')
[0.844s] INFO:colcon.colcon_core.shell:Creating environment hook '/home/jlurobovision/eng_ws/install/global_launch/share/global_launch/hook/cmake_prefix_path.ps1'
[0.844s] INFO:colcon.colcon_core.shell:Creating environment descriptor '/home/jlurobovision/eng_ws/install/global_launch/share/global_launch/hook/cmake_prefix_path.dsv'
[0.845s] INFO:colcon.colcon_core.shell:Creating environment hook '/home/jlurobovision/eng_ws/install/global_launch/share/global_launch/hook/cmake_prefix_path.sh'
[0.846s] Level 1:colcon.colcon_core.environment:checking '/home/jlurobovision/eng_ws/install/global_launch/bin'
[0.846s] Level 1:colcon.colcon_core.environment:checking '/home/jlurobovision/eng_ws/install/global_launch/lib/pkgconfig/global_launch.pc'
[0.846s] Level 1:colcon.colcon_core.environment:checking '/home/jlurobovision/eng_ws/install/global_launch/lib/python3.10/site-packages'
[0.847s] Level 1:colcon.colcon_core.environment:checking '/home/jlurobovision/eng_ws/install/global_launch/bin'
[0.847s] INFO:colcon.colcon_core.shell:Creating package script '/home/jlurobovision/eng_ws/install/global_launch/share/global_launch/package.ps1'
[0.848s] INFO:colcon.colcon_core.shell:Creating package descriptor '/home/jlurobovision/eng_ws/install/global_launch/share/global_launch/package.dsv'
[0.849s] INFO:colcon.colcon_core.shell:Creating package script '/home/jlurobovision/eng_ws/install/global_launch/share/global_launch/package.sh'
[0.850s] INFO:colcon.colcon_core.shell:Creating package script '/home/jlurobovision/eng_ws/install/global_launch/share/global_launch/package.bash'
[0.851s] INFO:colcon.colcon_core.shell:Creating package script '/home/jlurobovision/eng_ws/install/global_launch/share/global_launch/package.zsh'
[0.851s] Level 1:colcon.colcon_core.environment:create_file_with_runtime_dependencies(/home/jlurobovision/eng_ws/install/global_launch/share/colcon-core/packages/global_launch)
[0.854s] Level 1:colcon.colcon_core.environment:create_environment_scripts_only(hik_camera)
[0.856s] DEBUG:colcon.colcon_core.event_handler.log_command:Invoked command in '/home/jlurobovision/eng_ws/build/hik_camera' returned '0': CMAKE_PREFIX_PATH=${CMAKE_PREFIX_PATH}:/opt/ros/humble /usr/bin/cmake --install /home/jlurobovision/eng_ws/build/hik_camera
[0.858s] Level 1:colcon.colcon_core.environment:checking '/home/jlurobovision/eng_ws/install/hik_camera' for CMake module files
[0.860s] Level 1:colcon.colcon_core.environment:checking '/home/jlurobovision/eng_ws/install/hik_camera' for CMake config files
[0.861s] Level 1:colcon.colcon_core.shell:create_environment_hook('hik_camera', 'cmake_prefix_path')
[0.862s] INFO:colcon.colcon_core.shell:Creating environment hook '/home/jlurobovision/eng_ws/install/hik_camera/share/hik_camera/hook/cmake_prefix_path.ps1'
[0.864s] INFO:colcon.colcon_core.shell:Creating environment descriptor '/home/jlurobovision/eng_ws/install/hik_camera/share/hik_camera/hook/cmake_prefix_path.dsv'
[0.865s] INFO:colcon.colcon_core.shell:Creating environment hook '/home/jlurobovision/eng_ws/install/hik_camera/share/hik_camera/hook/cmake_prefix_path.sh'
[0.866s] Level 1:colcon.colcon_core.environment:checking '/home/jlurobovision/eng_ws/install/hik_camera/lib'
[0.866s] Level 1:colcon.colcon_core.shell:create_environment_hook('hik_camera', 'ld_library_path_lib')
[0.867s] INFO:colcon.colcon_core.shell:Creating environment hook '/home/jlurobovision/eng_ws/install/hik_camera/share/hik_camera/hook/ld_library_path_lib.ps1'
[0.869s] INFO:colcon.colcon_core.shell:Creating environment descriptor '/home/jlurobovision/eng_ws/install/hik_camera/share/hik_camera/hook/ld_library_path_lib.dsv'
[0.872s] INFO:colcon.colcon_core.shell:Creating environment hook '/home/jlurobovision/eng_ws/install/hik_camera/share/hik_camera/hook/ld_library_path_lib.sh'
[0.874s] Level 1:colcon.colcon_core.environment:checking '/home/jlurobovision/eng_ws/install/hik_camera/bin'
[0.875s] Level 1:colcon.colcon_core.environment:checking '/home/jlurobovision/eng_ws/install/hik_camera/lib/pkgconfig/hik_camera.pc'
[0.876s] Level 1:colcon.colcon_core.environment:checking '/home/jlurobovision/eng_ws/install/hik_camera/lib/python3.10/site-packages'
[0.876s] Level 1:colcon.colcon_core.environment:checking '/home/jlurobovision/eng_ws/install/hik_camera/bin'
[0.878s] INFO:colcon.colcon_core.shell:Creating package script '/home/jlurobovision/eng_ws/install/hik_camera/share/hik_camera/package.ps1'
[0.881s] INFO:colcon.colcon_core.shell:Creating package descriptor '/home/jlurobovision/eng_ws/install/hik_camera/share/hik_camera/package.dsv'
[0.882s] INFO:colcon.colcon_core.shell:Creating package script '/home/jlurobovision/eng_ws/install/hik_camera/share/hik_camera/package.sh'
[0.883s] INFO:colcon.colcon_core.shell:Creating package script '/home/jlurobovision/eng_ws/install/hik_camera/share/hik_camera/package.bash'
[0.884s] INFO:colcon.colcon_core.shell:Creating package script '/home/jlurobovision/eng_ws/install/hik_camera/share/hik_camera/package.zsh'
[0.885s] Level 1:colcon.colcon_core.environment:create_file_with_runtime_dependencies(/home/jlurobovision/eng_ws/install/hik_camera/share/colcon-core/packages/hik_camera)
[0.909s] Level 1:colcon.colcon_core.environment:create_environment_scripts_only(galaxy_camera)
[0.910s] Level 1:colcon.colcon_core.environment:checking '/home/jlurobovision/eng_ws/install/galaxy_camera' for CMake module files
[0.911s] Level 1:colcon.colcon_core.environment:checking '/home/jlurobovision/eng_ws/install/galaxy_camera' for CMake config files
[0.912s] Level 1:colcon.colcon_core.shell:create_environment_hook('galaxy_camera', 'cmake_prefix_path')
[0.912s] INFO:colcon.colcon_core.shell:Creating environment hook '/home/jlurobovision/eng_ws/install/galaxy_camera/share/galaxy_camera/hook/cmake_prefix_path.ps1'
[0.913s] INFO:colcon.colcon_core.shell:Creating environment descriptor '/home/jlurobovision/eng_ws/install/galaxy_camera/share/galaxy_camera/hook/cmake_prefix_path.dsv'
[0.914s] INFO:colcon.colcon_core.shell:Creating environment hook '/home/jlurobovision/eng_ws/install/galaxy_camera/share/galaxy_camera/hook/cmake_prefix_path.sh'
[0.915s] Level 1:colcon.colcon_core.environment:checking '/home/jlurobovision/eng_ws/install/galaxy_camera/lib'
[0.915s] Level 1:colcon.colcon_core.shell:create_environment_hook('galaxy_camera', 'ld_library_path_lib')
[0.917s] INFO:colcon.colcon_core.shell:Creating environment hook '/home/jlurobovision/eng_ws/install/galaxy_camera/share/galaxy_camera/hook/ld_library_path_lib.ps1'
[0.919s] INFO:colcon.colcon_core.shell:Creating environment descriptor '/home/jlurobovision/eng_ws/install/galaxy_camera/share/galaxy_camera/hook/ld_library_path_lib.dsv'
[0.923s] INFO:colcon.colcon_core.shell:Creating environment hook '/home/jlurobovision/eng_ws/install/galaxy_camera/share/galaxy_camera/hook/ld_library_path_lib.sh'
[0.927s] Level 1:colcon.colcon_core.environment:checking '/home/jlurobovision/eng_ws/install/galaxy_camera/bin'
[0.928s] Level 1:colcon.colcon_core.environment:checking '/home/jlurobovision/eng_ws/install/galaxy_camera/lib/pkgconfig/galaxy_camera.pc'
[0.929s] Level 1:colcon.colcon_core.environment:checking '/home/jlurobovision/eng_ws/install/galaxy_camera/lib/python3.10/site-packages'
[0.930s] Level 1:colcon.colcon_core.environment:checking '/home/jlurobovision/eng_ws/install/galaxy_camera/bin'
[0.931s] INFO:colcon.colcon_core.shell:Creating package script '/home/jlurobovision/eng_ws/install/galaxy_camera/share/galaxy_camera/package.ps1'
[0.933s] INFO:colcon.colcon_core.shell:Creating package descriptor '/home/jlurobovision/eng_ws/install/galaxy_camera/share/galaxy_camera/package.dsv'
[0.935s] INFO:colcon.colcon_core.shell:Creating package script '/home/jlurobovision/eng_ws/install/galaxy_camera/share/galaxy_camera/package.sh'
[0.936s] INFO:colcon.colcon_core.shell:Creating package script '/home/jlurobovision/eng_ws/install/galaxy_camera/share/galaxy_camera/package.bash'
[0.937s] INFO:colcon.colcon_core.shell:Creating package script '/home/jlurobovision/eng_ws/install/galaxy_camera/share/galaxy_camera/package.zsh'
[0.938s] Level 1:colcon.colcon_core.environment:create_file_with_runtime_dependencies(/home/jlurobovision/eng_ws/install/galaxy_camera/share/colcon-core/packages/galaxy_camera)
[0.965s] Level 1:colcon.colcon_core.environment:create_environment_scripts_only(hik_camera)
[0.967s] Level 1:colcon.colcon_core.environment:checking '/home/jlurobovision/eng_ws/install/hik_camera' for CMake module files
[0.969s] Level 1:colcon.colcon_core.environment:checking '/home/jlurobovision/eng_ws/install/hik_camera' for CMake config files
[0.970s] Level 1:colcon.colcon_core.shell:create_environment_hook('hik_camera', 'cmake_prefix_path')
[0.971s] INFO:colcon.colcon_core.shell:Creating environment hook '/home/jlurobovision/eng_ws/install/hik_camera/share/hik_camera/hook/cmake_prefix_path.ps1'
[0.974s] INFO:colcon.colcon_core.shell:Creating environment descriptor '/home/jlurobovision/eng_ws/install/hik_camera/share/hik_camera/hook/cmake_prefix_path.dsv'
[0.977s] INFO:colcon.colcon_core.shell:Creating environment hook '/home/jlurobovision/eng_ws/install/hik_camera/share/hik_camera/hook/cmake_prefix_path.sh'
[0.979s] Level 1:colcon.colcon_core.environment:checking '/home/jlurobovision/eng_ws/install/hik_camera/lib'
[0.979s] Level 1:colcon.colcon_core.shell:create_environment_hook('hik_camera', 'ld_library_path_lib')
[0.979s] INFO:colcon.colcon_core.shell:Creating environment hook '/home/jlurobovision/eng_ws/install/hik_camera/share/hik_camera/hook/ld_library_path_lib.ps1'
[0.980s] INFO:colcon.colcon_core.shell:Creating environment descriptor '/home/jlurobovision/eng_ws/install/hik_camera/share/hik_camera/hook/ld_library_path_lib.dsv'
[0.981s] INFO:colcon.colcon_core.shell:Creating environment hook '/home/jlurobovision/eng_ws/install/hik_camera/share/hik_camera/hook/ld_library_path_lib.sh'
[0.982s] Level 1:colcon.colcon_core.environment:checking '/home/jlurobovision/eng_ws/install/hik_camera/bin'
[0.982s] Level 1:colcon.colcon_core.environment:checking '/home/jlurobovision/eng_ws/install/hik_camera/lib/pkgconfig/hik_camera.pc'
[0.982s] Level 1:colcon.colcon_core.environment:checking '/home/jlurobovision/eng_ws/install/hik_camera/lib/python3.10/site-packages'
[0.983s] Level 1:colcon.colcon_core.environment:checking '/home/jlurobovision/eng_ws/install/hik_camera/bin'
[0.984s] INFO:colcon.colcon_core.shell:Creating package script '/home/jlurobovision/eng_ws/install/hik_camera/share/hik_camera/package.ps1'
[0.985s] INFO:colcon.colcon_core.shell:Creating package descriptor '/home/jlurobovision/eng_ws/install/hik_camera/share/hik_camera/package.dsv'
[0.986s] INFO:colcon.colcon_core.shell:Creating package script '/home/jlurobovision/eng_ws/install/hik_camera/share/hik_camera/package.sh'
[0.987s] INFO:colcon.colcon_core.shell:Creating package script '/home/jlurobovision/eng_ws/install/hik_camera/share/hik_camera/package.bash'
[0.987s] INFO:colcon.colcon_core.shell:Creating package script '/home/jlurobovision/eng_ws/install/hik_camera/share/hik_camera/package.zsh'
[0.988s] Level 1:colcon.colcon_core.environment:create_file_with_runtime_dependencies(/home/jlurobovision/eng_ws/install/hik_camera/share/colcon-core/packages/hik_camera)
[1.354s] DEBUG:colcon.colcon_core.event_handler.log_command:Invoked command in '/home/jlurobovision/eng_ws/build/msg_interfaces' returned '0': CMAKE_PREFIX_PATH=${CMAKE_PREFIX_PATH}:/opt/ros/humble /usr/bin/cmake --build /home/jlurobovision/eng_ws/build/msg_interfaces -- -j12 -l12
[1.409s] DEBUG:colcon.colcon_core.event_handler.log_command:Invoking command in '/home/jlurobovision/eng_ws/build/msg_interfaces': CMAKE_PREFIX_PATH=${CMAKE_PREFIX_PATH}:/opt/ros/humble /usr/bin/cmake --install /home/jlurobovision/eng_ws/build/msg_interfaces
[1.485s] Level 1:colcon.colcon_core.environment:create_environment_scripts_only(msg_interfaces)
[1.485s] Level 1:colcon.colcon_core.environment:checking '/home/jlurobovision/eng_ws/install/msg_interfaces' for CMake module files
[1.486s] Level 1:colcon.colcon_core.environment:checking '/home/jlurobovision/eng_ws/install/msg_interfaces' for CMake config files
[1.488s] DEBUG:colcon.colcon_core.event_handler.log_command:Invoked command in '/home/jlurobovision/eng_ws/build/msg_interfaces' returned '0': CMAKE_PREFIX_PATH=${CMAKE_PREFIX_PATH}:/opt/ros/humble /usr/bin/cmake --install /home/jlurobovision/eng_ws/build/msg_interfaces
[1.488s] Level 1:colcon.colcon_core.shell:create_environment_hook('msg_interfaces', 'cmake_prefix_path')
[1.489s] INFO:colcon.colcon_core.shell:Creating environment hook '/home/jlurobovision/eng_ws/install/msg_interfaces/share/msg_interfaces/hook/cmake_prefix_path.ps1'
[1.490s] INFO:colcon.colcon_core.shell:Creating environment descriptor '/home/jlurobovision/eng_ws/install/msg_interfaces/share/msg_interfaces/hook/cmake_prefix_path.dsv'
[1.491s] INFO:colcon.colcon_core.shell:Creating environment hook '/home/jlurobovision/eng_ws/install/msg_interfaces/share/msg_interfaces/hook/cmake_prefix_path.sh'
[1.491s] Level 1:colcon.colcon_core.environment:checking '/home/jlurobovision/eng_ws/install/msg_interfaces/lib'
[1.491s] Level 1:colcon.colcon_core.shell:create_environment_hook('msg_interfaces', 'ld_library_path_lib')
[1.492s] INFO:colcon.colcon_core.shell:Creating environment hook '/home/jlurobovision/eng_ws/install/msg_interfaces/share/msg_interfaces/hook/ld_library_path_lib.ps1'
[1.492s] INFO:colcon.colcon_core.shell:Creating environment descriptor '/home/jlurobovision/eng_ws/install/msg_interfaces/share/msg_interfaces/hook/ld_library_path_lib.dsv'
[1.492s] INFO:colcon.colcon_core.shell:Creating environment hook '/home/jlurobovision/eng_ws/install/msg_interfaces/share/msg_interfaces/hook/ld_library_path_lib.sh'
[1.493s] Level 1:colcon.colcon_core.environment:checking '/home/jlurobovision/eng_ws/install/msg_interfaces/bin'
[1.493s] Level 1:colcon.colcon_core.environment:checking '/home/jlurobovision/eng_ws/install/msg_interfaces/lib/pkgconfig/msg_interfaces.pc'
[1.493s] Level 1:colcon.colcon_core.environment:checking '/home/jlurobovision/eng_ws/install/msg_interfaces/lib/python3.10/site-packages'
[1.493s] Level 1:colcon.colcon_core.shell:create_environment_hook('msg_interfaces', 'pythonpath')
[1.494s] INFO:colcon.colcon_core.shell:Creating environment hook '/home/jlurobovision/eng_ws/install/msg_interfaces/share/msg_interfaces/hook/pythonpath.ps1'
[1.494s] INFO:colcon.colcon_core.shell:Creating environment descriptor '/home/jlurobovision/eng_ws/install/msg_interfaces/share/msg_interfaces/hook/pythonpath.dsv'
[1.494s] INFO:colcon.colcon_core.shell:Creating environment hook '/home/jlurobovision/eng_ws/install/msg_interfaces/share/msg_interfaces/hook/pythonpath.sh'
[1.495s] Level 1:colcon.colcon_core.environment:checking '/home/jlurobovision/eng_ws/install/msg_interfaces/bin'
[1.495s] INFO:colcon.colcon_core.shell:Creating package script '/home/jlurobovision/eng_ws/install/msg_interfaces/share/msg_interfaces/package.ps1'
[1.496s] INFO:colcon.colcon_core.shell:Creating package descriptor '/home/jlurobovision/eng_ws/install/msg_interfaces/share/msg_interfaces/package.dsv'
[1.496s] INFO:colcon.colcon_core.shell:Creating package script '/home/jlurobovision/eng_ws/install/msg_interfaces/share/msg_interfaces/package.sh'
[1.497s] INFO:colcon.colcon_core.shell:Creating package script '/home/jlurobovision/eng_ws/install/msg_interfaces/share/msg_interfaces/package.bash'
[1.497s] INFO:colcon.colcon_core.shell:Creating package script '/home/jlurobovision/eng_ws/install/msg_interfaces/share/msg_interfaces/package.zsh'
[1.497s] Level 1:colcon.colcon_core.environment:create_file_with_runtime_dependencies(/home/jlurobovision/eng_ws/install/msg_interfaces/share/colcon-core/packages/msg_interfaces)
[1.545s] Level 1:colcon.colcon_core.environment:create_environment_scripts_only(msg_interfaces)
[1.545s] Level 1:colcon.colcon_core.environment:checking '/home/jlurobovision/eng_ws/install/msg_interfaces' for CMake module files
[1.545s] Level 1:colcon.colcon_core.environment:checking '/home/jlurobovision/eng_ws/install/msg_interfaces' for CMake config files
[1.546s] Level 1:colcon.colcon_core.shell:create_environment_hook('msg_interfaces', 'cmake_prefix_path')
[1.546s] INFO:colcon.colcon_core.shell:Creating environment hook '/home/jlurobovision/eng_ws/install/msg_interfaces/share/msg_interfaces/hook/cmake_prefix_path.ps1'
[1.546s] INFO:colcon.colcon_core.shell:Creating environment descriptor '/home/jlurobovision/eng_ws/install/msg_interfaces/share/msg_interfaces/hook/cmake_prefix_path.dsv'
[1.547s] INFO:colcon.colcon_core.shell:Creating environment hook '/home/jlurobovision/eng_ws/install/msg_interfaces/share/msg_interfaces/hook/cmake_prefix_path.sh'
[1.547s] Level 1:colcon.colcon_core.environment:checking '/home/jlurobovision/eng_ws/install/msg_interfaces/lib'
[1.547s] Level 1:colcon.colcon_core.shell:create_environment_hook('msg_interfaces', 'ld_library_path_lib')
[1.547s] INFO:colcon.colcon_core.shell:Creating environment hook '/home/jlurobovision/eng_ws/install/msg_interfaces/share/msg_interfaces/hook/ld_library_path_lib.ps1'
[1.548s] INFO:colcon.colcon_core.shell:Creating environment descriptor '/home/jlurobovision/eng_ws/install/msg_interfaces/share/msg_interfaces/hook/ld_library_path_lib.dsv'
[1.548s] INFO:colcon.colcon_core.shell:Creating environment hook '/home/jlurobovision/eng_ws/install/msg_interfaces/share/msg_interfaces/hook/ld_library_path_lib.sh'
[1.548s] Level 1:colcon.colcon_core.environment:checking '/home/jlurobovision/eng_ws/install/msg_interfaces/bin'
[1.548s] Level 1:colcon.colcon_core.environment:checking '/home/jlurobovision/eng_ws/install/msg_interfaces/lib/pkgconfig/msg_interfaces.pc'
[1.548s] Level 1:colcon.colcon_core.environment:checking '/home/jlurobovision/eng_ws/install/msg_interfaces/lib/python3.10/site-packages'
[1.548s] Level 1:colcon.colcon_core.shell:create_environment_hook('msg_interfaces', 'pythonpath')
[1.549s] INFO:colcon.colcon_core.shell:Creating environment hook '/home/jlurobovision/eng_ws/install/msg_interfaces/share/msg_interfaces/hook/pythonpath.ps1'
[1.549s] INFO:colcon.colcon_core.shell:Creating environment descriptor '/home/jlurobovision/eng_ws/install/msg_interfaces/share/msg_interfaces/hook/pythonpath.dsv'
[1.549s] INFO:colcon.colcon_core.shell:Creating environment hook '/home/jlurobovision/eng_ws/install/msg_interfaces/share/msg_interfaces/hook/pythonpath.sh'
[1.549s] Level 1:colcon.colcon_core.environment:checking '/home/jlurobovision/eng_ws/install/msg_interfaces/bin'
[1.550s] INFO:colcon.colcon_core.shell:Creating package script '/home/jlurobovision/eng_ws/install/msg_interfaces/share/msg_interfaces/package.ps1'
[1.550s] INFO:colcon.colcon_core.shell:Creating package descriptor '/home/jlurobovision/eng_ws/install/msg_interfaces/share/msg_interfaces/package.dsv'
[1.551s] INFO:colcon.colcon_core.shell:Creating package script '/home/jlurobovision/eng_ws/install/msg_interfaces/share/msg_interfaces/package.sh'
[1.551s] INFO:colcon.colcon_core.shell:Creating package script '/home/jlurobovision/eng_ws/install/msg_interfaces/share/msg_interfaces/package.bash'
[1.551s] INFO:colcon.colcon_core.shell:Creating package script '/home/jlurobovision/eng_ws/install/msg_interfaces/share/msg_interfaces/package.zsh'
[1.552s] Level 1:colcon.colcon_core.environment:create_file_with_runtime_dependencies(/home/jlurobovision/eng_ws/install/msg_interfaces/share/colcon-core/packages/msg_interfaces)
[1.553s] INFO:colcon.colcon_ros.task.ament_cmake.build:Building ROS package in '/home/jlurobovision/eng_ws/src/serial' with build type 'ament_cmake'
[1.553s] INFO:colcon.colcon_cmake.task.cmake.build:Building CMake package in '/home/jlurobovision/eng_ws/src/serial'
[1.554s] INFO:colcon.colcon_core.shell:Skip shell extension 'powershell' for command environment: Not usable outside of PowerShell
[1.554s] DEBUG:colcon.colcon_core.shell:Skip shell extension 'dsv' for command environment
[1.566s] DEBUG:colcon.colcon_core.event_handler.log_command:Invoking command in '/home/jlurobovision/eng_ws/build/serial': CMAKE_PREFIX_PATH=/home/jlurobovision/eng_ws/install/msg_interfaces:/home/jlurobovision/eng_ws/install/serial:/home/jlurobovision/eng_ws/install/exchangestation_detector:/home/jlurobovision/eng_ws/install/hik_camera:/home/jlurobovision/eng_ws/install/global_launch:/home/jlurobovision/eng_ws/install/galaxy_camera:/opt/ros/humble LD_LIBRARY_PATH=/home/jlurobovision/eng_ws/install/msg_interfaces/lib:/home/jlurobovision/eng_ws/install/serial/lib:/home/jlurobovision/eng_ws/install/exchangestation_detector/lib:/home/jlurobovision/eng_ws/install/hik_camera/lib:/home/jlurobovision/eng_ws/install/galaxy_camera/lib:/opt/ros/humble/opt/rviz_ogre_vendor/lib:/opt/ros/humble/lib/x86_64-linux-gnu:/opt/ros/humble/lib PYTHONPATH=/home/jlurobovision/eng_ws/install/msg_interfaces/lib/python3.10/site-packages:/home/jlurobovision/eng_ws/install/msg_interfaces/local/lib/python3.10/dist-packages:/opt/ros/humble/lib/python3.10/site-packages:/opt/ros/humble/local/lib/python3.10/dist-packages /usr/bin/cmake --build /home/jlurobovision/eng_ws/build/serial -- -j12 -l12
[12.741s] DEBUG:colcon.colcon_core.event_handler.log_command:Invoked command in '/home/jlurobovision/eng_ws/build/serial' returned '0': CMAKE_PREFIX_PATH=/home/jlurobovision/eng_ws/install/msg_interfaces:/home/jlurobovision/eng_ws/install/serial:/home/jlurobovision/eng_ws/install/exchangestation_detector:/home/jlurobovision/eng_ws/install/hik_camera:/home/jlurobovision/eng_ws/install/global_launch:/home/jlurobovision/eng_ws/install/galaxy_camera:/opt/ros/humble LD_LIBRARY_PATH=/home/jlurobovision/eng_ws/install/msg_interfaces/lib:/home/jlurobovision/eng_ws/install/serial/lib:/home/jlurobovision/eng_ws/install/exchangestation_detector/lib:/home/jlurobovision/eng_ws/install/hik_camera/lib:/home/jlurobovision/eng_ws/install/galaxy_camera/lib:/opt/ros/humble/opt/rviz_ogre_vendor/lib:/opt/ros/humble/lib/x86_64-linux-gnu:/opt/ros/humble/lib PYTHONPATH=/home/jlurobovision/eng_ws/install/msg_interfaces/lib/python3.10/site-packages:/home/jlurobovision/eng_ws/install/msg_interfaces/local/lib/python3.10/dist-packages:/opt/ros/humble/lib/python3.10/site-packages:/opt/ros/humble/local/lib/python3.10/dist-packages /usr/bin/cmake --build /home/jlurobovision/eng_ws/build/serial -- -j12 -l12
[12.762s] DEBUG:colcon.colcon_core.event_handler.log_command:Invoking command in '/home/jlurobovision/eng_ws/build/serial': CMAKE_PREFIX_PATH=/home/jlurobovision/eng_ws/install/msg_interfaces:/home/jlurobovision/eng_ws/install/serial:/home/jlurobovision/eng_ws/install/exchangestation_detector:/home/jlurobovision/eng_ws/install/hik_camera:/home/jlurobovision/eng_ws/install/global_launch:/home/jlurobovision/eng_ws/install/galaxy_camera:/opt/ros/humble LD_LIBRARY_PATH=/home/jlurobovision/eng_ws/install/msg_interfaces/lib:/home/jlurobovision/eng_ws/install/serial/lib:/home/jlurobovision/eng_ws/install/exchangestation_detector/lib:/home/jlurobovision/eng_ws/install/hik_camera/lib:/home/jlurobovision/eng_ws/install/galaxy_camera/lib:/opt/ros/humble/opt/rviz_ogre_vendor/lib:/opt/ros/humble/lib/x86_64-linux-gnu:/opt/ros/humble/lib PYTHONPATH=/home/jlurobovision/eng_ws/install/msg_interfaces/lib/python3.10/site-packages:/home/jlurobovision/eng_ws/install/msg_interfaces/local/lib/python3.10/dist-packages:/opt/ros/humble/lib/python3.10/site-packages:/opt/ros/humble/local/lib/python3.10/dist-packages /usr/bin/cmake --install /home/jlurobovision/eng_ws/build/serial
[12.780s] Level 1:colcon.colcon_core.environment:create_environment_scripts_only(serial)
[12.780s] Level 1:colcon.colcon_core.environment:checking '/home/jlurobovision/eng_ws/install/serial' for CMake module files
[12.781s] DEBUG:colcon.colcon_core.event_handler.log_command:Invoked command in '/home/jlurobovision/eng_ws/build/serial' returned '0': CMAKE_PREFIX_PATH=/home/jlurobovision/eng_ws/install/msg_interfaces:/home/jlurobovision/eng_ws/install/serial:/home/jlurobovision/eng_ws/install/exchangestation_detector:/home/jlurobovision/eng_ws/install/hik_camera:/home/jlurobovision/eng_ws/install/global_launch:/home/jlurobovision/eng_ws/install/galaxy_camera:/opt/ros/humble LD_LIBRARY_PATH=/home/jlurobovision/eng_ws/install/msg_interfaces/lib:/home/jlurobovision/eng_ws/install/serial/lib:/home/jlurobovision/eng_ws/install/exchangestation_detector/lib:/home/jlurobovision/eng_ws/install/hik_camera/lib:/home/jlurobovision/eng_ws/install/galaxy_camera/lib:/opt/ros/humble/opt/rviz_ogre_vendor/lib:/opt/ros/humble/lib/x86_64-linux-gnu:/opt/ros/humble/lib PYTHONPATH=/home/jlurobovision/eng_ws/install/msg_interfaces/lib/python3.10/site-packages:/home/jlurobovision/eng_ws/install/msg_interfaces/local/lib/python3.10/dist-packages:/opt/ros/humble/lib/python3.10/site-packages:/opt/ros/humble/local/lib/python3.10/dist-packages /usr/bin/cmake --install /home/jlurobovision/eng_ws/build/serial
[12.781s] Level 1:colcon.colcon_core.environment:checking '/home/jlurobovision/eng_ws/install/serial' for CMake config files
[12.781s] Level 1:colcon.colcon_core.shell:create_environment_hook('serial', 'cmake_prefix_path')
[12.781s] INFO:colcon.colcon_core.shell:Creating environment hook '/home/jlurobovision/eng_ws/install/serial/share/serial/hook/cmake_prefix_path.ps1'
[12.782s] INFO:colcon.colcon_core.shell:Creating environment descriptor '/home/jlurobovision/eng_ws/install/serial/share/serial/hook/cmake_prefix_path.dsv'
[12.782s] INFO:colcon.colcon_core.shell:Creating environment hook '/home/jlurobovision/eng_ws/install/serial/share/serial/hook/cmake_prefix_path.sh'
[12.782s] Level 1:colcon.colcon_core.environment:checking '/home/jlurobovision/eng_ws/install/serial/lib'
[12.782s] Level 1:colcon.colcon_core.shell:create_environment_hook('serial', 'ld_library_path_lib')
[12.783s] INFO:colcon.colcon_core.shell:Creating environment hook '/home/jlurobovision/eng_ws/install/serial/share/serial/hook/ld_library_path_lib.ps1'
[12.783s] INFO:colcon.colcon_core.shell:Creating environment descriptor '/home/jlurobovision/eng_ws/install/serial/share/serial/hook/ld_library_path_lib.dsv'
[12.783s] INFO:colcon.colcon_core.shell:Creating environment hook '/home/jlurobovision/eng_ws/install/serial/share/serial/hook/ld_library_path_lib.sh'
[12.783s] Level 1:colcon.colcon_core.environment:checking '/home/jlurobovision/eng_ws/install/serial/bin'
[12.783s] Level 1:colcon.colcon_core.environment:checking '/home/jlurobovision/eng_ws/install/serial/lib/pkgconfig/serial.pc'
[12.784s] Level 1:colcon.colcon_core.environment:checking '/home/jlurobovision/eng_ws/install/serial/lib/python3.10/site-packages'
[12.784s] Level 1:colcon.colcon_core.environment:checking '/home/jlurobovision/eng_ws/install/serial/bin'
[12.784s] INFO:colcon.colcon_core.shell:Creating package script '/home/jlurobovision/eng_ws/install/serial/share/serial/package.ps1'
[12.784s] INFO:colcon.colcon_core.shell:Creating package descriptor '/home/jlurobovision/eng_ws/install/serial/share/serial/package.dsv'
[12.785s] INFO:colcon.colcon_core.shell:Creating package script '/home/jlurobovision/eng_ws/install/serial/share/serial/package.sh'
[12.785s] INFO:colcon.colcon_core.shell:Creating package script '/home/jlurobovision/eng_ws/install/serial/share/serial/package.bash'
[12.785s] INFO:colcon.colcon_core.shell:Creating package script '/home/jlurobovision/eng_ws/install/serial/share/serial/package.zsh'
[12.786s] Level 1:colcon.colcon_core.environment:create_file_with_runtime_dependencies(/home/jlurobovision/eng_ws/install/serial/share/colcon-core/packages/serial)
[12.811s] Level 1:colcon.colcon_core.environment:create_environment_scripts_only(serial)
[12.812s] Level 1:colcon.colcon_core.environment:checking '/home/jlurobovision/eng_ws/install/serial' for CMake module files
[12.812s] Level 1:colcon.colcon_core.environment:checking '/home/jlurobovision/eng_ws/install/serial' for CMake config files
[12.813s] Level 1:colcon.colcon_core.shell:create_environment_hook('serial', 'cmake_prefix_path')
[12.813s] INFO:colcon.colcon_core.shell:Creating environment hook '/home/jlurobovision/eng_ws/install/serial/share/serial/hook/cmake_prefix_path.ps1'
[12.813s] INFO:colcon.colcon_core.shell:Creating environment descriptor '/home/jlurobovision/eng_ws/install/serial/share/serial/hook/cmake_prefix_path.dsv'
[12.814s] INFO:colcon.colcon_core.shell:Creating environment hook '/home/jlurobovision/eng_ws/install/serial/share/serial/hook/cmake_prefix_path.sh'
[12.814s] Level 1:colcon.colcon_core.environment:checking '/home/jlurobovision/eng_ws/install/serial/lib'
[12.814s] Level 1:colcon.colcon_core.shell:create_environment_hook('serial', 'ld_library_path_lib')
[12.815s] INFO:colcon.colcon_core.shell:Creating environment hook '/home/jlurobovision/eng_ws/install/serial/share/serial/hook/ld_library_path_lib.ps1'
[12.815s] INFO:colcon.colcon_core.shell:Creating environment descriptor '/home/jlurobovision/eng_ws/install/serial/share/serial/hook/ld_library_path_lib.dsv'
[12.815s] INFO:colcon.colcon_core.shell:Creating environment hook '/home/jlurobovision/eng_ws/install/serial/share/serial/hook/ld_library_path_lib.sh'
[12.816s] Level 1:colcon.colcon_core.environment:checking '/home/jlurobovision/eng_ws/install/serial/bin'
[12.816s] Level 1:colcon.colcon_core.environment:checking '/home/jlurobovision/eng_ws/install/serial/lib/pkgconfig/serial.pc'
[12.816s] Level 1:colcon.colcon_core.environment:checking '/home/jlurobovision/eng_ws/install/serial/lib/python3.10/site-packages'
[12.816s] Level 1:colcon.colcon_core.environment:checking '/home/jlurobovision/eng_ws/install/serial/bin'
[12.817s] INFO:colcon.colcon_core.shell:Creating package script '/home/jlurobovision/eng_ws/install/serial/share/serial/package.ps1'
[12.817s] INFO:colcon.colcon_core.shell:Creating package descriptor '/home/jlurobovision/eng_ws/install/serial/share/serial/package.dsv'
[12.818s] INFO:colcon.colcon_core.shell:Creating package script '/home/jlurobovision/eng_ws/install/serial/share/serial/package.sh'
[12.818s] INFO:colcon.colcon_core.shell:Creating package script '/home/jlurobovision/eng_ws/install/serial/share/serial/package.bash'
[12.819s] INFO:colcon.colcon_core.shell:Creating package script '/home/jlurobovision/eng_ws/install/serial/share/serial/package.zsh'
[12.819s] Level 1:colcon.colcon_core.environment:create_file_with_runtime_dependencies(/home/jlurobovision/eng_ws/install/serial/share/colcon-core/packages/serial)
[12.820s] INFO:colcon.colcon_ros.task.ament_cmake.build:Building ROS package in '/home/jlurobovision/eng_ws/src/exchangestation_detector' with build type 'ament_cmake'
[12.820s] INFO:colcon.colcon_cmake.task.cmake.build:Building CMake package in '/home/jlurobovision/eng_ws/src/exchangestation_detector'
[12.820s] INFO:colcon.colcon_core.shell:Skip shell extension 'powershell' for command environment: Not usable outside of PowerShell
[12.821s] DEBUG:colcon.colcon_core.shell:Skip shell extension 'dsv' for command environment
[12.833s] DEBUG:colcon.colcon_core.event_handler.log_command:Invoking command in '/home/jlurobovision/eng_ws/build/exchangestation_detector': CMAKE_PREFIX_PATH=/home/jlurobovision/eng_ws/install/serial:/home/jlurobovision/eng_ws/install/msg_interfaces:/home/jlurobovision/eng_ws/install/exchangestation_detector:/home/jlurobovision/eng_ws/install/hik_camera:/home/jlurobovision/eng_ws/install/global_launch:/home/jlurobovision/eng_ws/install/galaxy_camera:/opt/ros/humble LD_LIBRARY_PATH=/home/jlurobovision/eng_ws/install/serial/lib:/home/jlurobovision/eng_ws/install/msg_interfaces/lib:/home/jlurobovision/eng_ws/install/exchangestation_detector/lib:/home/jlurobovision/eng_ws/install/hik_camera/lib:/home/jlurobovision/eng_ws/install/galaxy_camera/lib:/opt/ros/humble/opt/rviz_ogre_vendor/lib:/opt/ros/humble/lib/x86_64-linux-gnu:/opt/ros/humble/lib PYTHONPATH=/home/jlurobovision/eng_ws/install/msg_interfaces/lib/python3.10/site-packages:/home/jlurobovision/eng_ws/install/msg_interfaces/local/lib/python3.10/dist-packages:/opt/ros/humble/lib/python3.10/site-packages:/opt/ros/humble/local/lib/python3.10/dist-packages /usr/bin/cmake --build /home/jlurobovision/eng_ws/build/exchangestation_detector -- -j12 -l12
[25.881s] DEBUG:colcon.colcon_core.event_handler.log_command:Invoked command in '/home/jlurobovision/eng_ws/build/exchangestation_detector' returned '0': CMAKE_PREFIX_PATH=/home/jlurobovision/eng_ws/install/serial:/home/jlurobovision/eng_ws/install/msg_interfaces:/home/jlurobovision/eng_ws/install/exchangestation_detector:/home/jlurobovision/eng_ws/install/hik_camera:/home/jlurobovision/eng_ws/install/global_launch:/home/jlurobovision/eng_ws/install/galaxy_camera:/opt/ros/humble LD_LIBRARY_PATH=/home/jlurobovision/eng_ws/install/serial/lib:/home/jlurobovision/eng_ws/install/msg_interfaces/lib:/home/jlurobovision/eng_ws/install/exchangestation_detector/lib:/home/jlurobovision/eng_ws/install/hik_camera/lib:/home/jlurobovision/eng_ws/install/galaxy_camera/lib:/opt/ros/humble/opt/rviz_ogre_vendor/lib:/opt/ros/humble/lib/x86_64-linux-gnu:/opt/ros/humble/lib PYTHONPATH=/home/jlurobovision/eng_ws/install/msg_interfaces/lib/python3.10/site-packages:/home/jlurobovision/eng_ws/install/msg_interfaces/local/lib/python3.10/dist-packages:/opt/ros/humble/lib/python3.10/site-packages:/opt/ros/humble/local/lib/python3.10/dist-packages /usr/bin/cmake --build /home/jlurobovision/eng_ws/build/exchangestation_detector -- -j12 -l12
[25.903s] DEBUG:colcon.colcon_core.event_handler.log_command:Invoking command in '/home/jlurobovision/eng_ws/build/exchangestation_detector': CMAKE_PREFIX_PATH=/home/jlurobovision/eng_ws/install/serial:/home/jlurobovision/eng_ws/install/msg_interfaces:/home/jlurobovision/eng_ws/install/exchangestation_detector:/home/jlurobovision/eng_ws/install/hik_camera:/home/jlurobovision/eng_ws/install/global_launch:/home/jlurobovision/eng_ws/install/galaxy_camera:/opt/ros/humble LD_LIBRARY_PATH=/home/jlurobovision/eng_ws/install/serial/lib:/home/jlurobovision/eng_ws/install/msg_interfaces/lib:/home/jlurobovision/eng_ws/install/exchangestation_detector/lib:/home/jlurobovision/eng_ws/install/hik_camera/lib:/home/jlurobovision/eng_ws/install/galaxy_camera/lib:/opt/ros/humble/opt/rviz_ogre_vendor/lib:/opt/ros/humble/lib/x86_64-linux-gnu:/opt/ros/humble/lib PYTHONPATH=/home/jlurobovision/eng_ws/install/msg_interfaces/lib/python3.10/site-packages:/home/jlurobovision/eng_ws/install/msg_interfaces/local/lib/python3.10/dist-packages:/opt/ros/humble/lib/python3.10/site-packages:/opt/ros/humble/local/lib/python3.10/dist-packages /usr/bin/cmake --install /home/jlurobovision/eng_ws/build/exchangestation_detector
[25.926s] Level 1:colcon.colcon_core.environment:create_environment_scripts_only(exchangestation_detector)
[25.926s] Level 1:colcon.colcon_core.environment:checking '/home/jlurobovision/eng_ws/install/exchangestation_detector' for CMake module files
[25.926s] DEBUG:colcon.colcon_core.event_handler.log_command:Invoked command in '/home/jlurobovision/eng_ws/build/exchangestation_detector' returned '0': CMAKE_PREFIX_PATH=/home/jlurobovision/eng_ws/install/serial:/home/jlurobovision/eng_ws/install/msg_interfaces:/home/jlurobovision/eng_ws/install/exchangestation_detector:/home/jlurobovision/eng_ws/install/hik_camera:/home/jlurobovision/eng_ws/install/global_launch:/home/jlurobovision/eng_ws/install/galaxy_camera:/opt/ros/humble LD_LIBRARY_PATH=/home/jlurobovision/eng_ws/install/serial/lib:/home/jlurobovision/eng_ws/install/msg_interfaces/lib:/home/jlurobovision/eng_ws/install/exchangestation_detector/lib:/home/jlurobovision/eng_ws/install/hik_camera/lib:/home/jlurobovision/eng_ws/install/galaxy_camera/lib:/opt/ros/humble/opt/rviz_ogre_vendor/lib:/opt/ros/humble/lib/x86_64-linux-gnu:/opt/ros/humble/lib PYTHONPATH=/home/jlurobovision/eng_ws/install/msg_interfaces/lib/python3.10/site-packages:/home/jlurobovision/eng_ws/install/msg_interfaces/local/lib/python3.10/dist-packages:/opt/ros/humble/lib/python3.10/site-packages:/opt/ros/humble/local/lib/python3.10/dist-packages /usr/bin/cmake --install /home/jlurobovision/eng_ws/build/exchangestation_detector
[25.927s] Level 1:colcon.colcon_core.environment:checking '/home/jlurobovision/eng_ws/install/exchangestation_detector' for CMake config files
[25.927s] Level 1:colcon.colcon_core.shell:create_environment_hook('exchangestation_detector', 'cmake_prefix_path')
[25.927s] INFO:colcon.colcon_core.shell:Creating environment hook '/home/jlurobovision/eng_ws/install/exchangestation_detector/share/exchangestation_detector/hook/cmake_prefix_path.ps1'
[25.927s] INFO:colcon.colcon_core.shell:Creating environment descriptor '/home/jlurobovision/eng_ws/install/exchangestation_detector/share/exchangestation_detector/hook/cmake_prefix_path.dsv'
[25.928s] INFO:colcon.colcon_core.shell:Creating environment hook '/home/jlurobovision/eng_ws/install/exchangestation_detector/share/exchangestation_detector/hook/cmake_prefix_path.sh'
[25.928s] Level 1:colcon.colcon_core.environment:checking '/home/jlurobovision/eng_ws/install/exchangestation_detector/lib'
[25.928s] Level 1:colcon.colcon_core.shell:create_environment_hook('exchangestation_detector', 'ld_library_path_lib')
[25.928s] INFO:colcon.colcon_core.shell:Creating environment hook '/home/jlurobovision/eng_ws/install/exchangestation_detector/share/exchangestation_detector/hook/ld_library_path_lib.ps1'
[25.929s] INFO:colcon.colcon_core.shell:Creating environment descriptor '/home/jlurobovision/eng_ws/install/exchangestation_detector/share/exchangestation_detector/hook/ld_library_path_lib.dsv'
[25.929s] INFO:colcon.colcon_core.shell:Creating environment hook '/home/jlurobovision/eng_ws/install/exchangestation_detector/share/exchangestation_detector/hook/ld_library_path_lib.sh'
[25.929s] Level 1:colcon.colcon_core.environment:checking '/home/jlurobovision/eng_ws/install/exchangestation_detector/bin'
[25.929s] Level 1:colcon.colcon_core.environment:checking '/home/jlurobovision/eng_ws/install/exchangestation_detector/lib/pkgconfig/exchangestation_detector.pc'
[25.929s] Level 1:colcon.colcon_core.environment:checking '/home/jlurobovision/eng_ws/install/exchangestation_detector/lib/python3.10/site-packages'
[25.930s] Level 1:colcon.colcon_core.environment:checking '/home/jlurobovision/eng_ws/install/exchangestation_detector/bin'
[25.930s] INFO:colcon.colcon_core.shell:Creating package script '/home/jlurobovision/eng_ws/install/exchangestation_detector/share/exchangestation_detector/package.ps1'
[25.930s] INFO:colcon.colcon_core.shell:Creating package descriptor '/home/jlurobovision/eng_ws/install/exchangestation_detector/share/exchangestation_detector/package.dsv'
[25.931s] INFO:colcon.colcon_core.shell:Creating package script '/home/jlurobovision/eng_ws/install/exchangestation_detector/share/exchangestation_detector/package.sh'
[25.931s] INFO:colcon.colcon_core.shell:Creating package script '/home/jlurobovision/eng_ws/install/exchangestation_detector/share/exchangestation_detector/package.bash'
[25.931s] INFO:colcon.colcon_core.shell:Creating package script '/home/jlurobovision/eng_ws/install/exchangestation_detector/share/exchangestation_detector/package.zsh'
[25.931s] Level 1:colcon.colcon_core.environment:create_file_with_runtime_dependencies(/home/jlurobovision/eng_ws/install/exchangestation_detector/share/colcon-core/packages/exchangestation_detector)
[25.955s] Level 1:colcon.colcon_core.environment:create_environment_scripts_only(exchangestation_detector)
[25.955s] Level 1:colcon.colcon_core.environment:checking '/home/jlurobovision/eng_ws/install/exchangestation_detector' for CMake module files
[25.956s] Level 1:colcon.colcon_core.environment:checking '/home/jlurobovision/eng_ws/install/exchangestation_detector' for CMake config files
[25.956s] Level 1:colcon.colcon_core.shell:create_environment_hook('exchangestation_detector', 'cmake_prefix_path')
[25.956s] INFO:colcon.colcon_core.shell:Creating environment hook '/home/jlurobovision/eng_ws/install/exchangestation_detector/share/exchangestation_detector/hook/cmake_prefix_path.ps1'
[25.957s] INFO:colcon.colcon_core.shell:Creating environment descriptor '/home/jlurobovision/eng_ws/install/exchangestation_detector/share/exchangestation_detector/hook/cmake_prefix_path.dsv'
[25.957s] INFO:colcon.colcon_core.shell:Creating environment hook '/home/jlurobovision/eng_ws/install/exchangestation_detector/share/exchangestation_detector/hook/cmake_prefix_path.sh'
[25.958s] Level 1:colcon.colcon_core.environment:checking '/home/jlurobovision/eng_ws/install/exchangestation_detector/lib'
[25.958s] Level 1:colcon.colcon_core.shell:create_environment_hook('exchangestation_detector', 'ld_library_path_lib')
[25.958s] INFO:colcon.colcon_core.shell:Creating environment hook '/home/jlurobovision/eng_ws/install/exchangestation_detector/share/exchangestation_detector/hook/ld_library_path_lib.ps1'
[25.958s] INFO:colcon.colcon_core.shell:Creating environment descriptor '/home/jlurobovision/eng_ws/install/exchangestation_detector/share/exchangestation_detector/hook/ld_library_path_lib.dsv'
[25.958s] INFO:colcon.colcon_core.shell:Creating environment hook '/home/jlurobovision/eng_ws/install/exchangestation_detector/share/exchangestation_detector/hook/ld_library_path_lib.sh'
[25.959s] Level 1:colcon.colcon_core.environment:checking '/home/jlurobovision/eng_ws/install/exchangestation_detector/bin'
[25.959s] Level 1:colcon.colcon_core.environment:checking '/home/jlurobovision/eng_ws/install/exchangestation_detector/lib/pkgconfig/exchangestation_detector.pc'
[25.959s] Level 1:colcon.colcon_core.environment:checking '/home/jlurobovision/eng_ws/install/exchangestation_detector/lib/python3.10/site-packages'
[25.959s] Level 1:colcon.colcon_core.environment:checking '/home/jlurobovision/eng_ws/install/exchangestation_detector/bin'
[25.960s] INFO:colcon.colcon_core.shell:Creating package script '/home/jlurobovision/eng_ws/install/exchangestation_detector/share/exchangestation_detector/package.ps1'
[25.960s] INFO:colcon.colcon_core.shell:Creating package descriptor '/home/jlurobovision/eng_ws/install/exchangestation_detector/share/exchangestation_detector/package.dsv'
[25.961s] INFO:colcon.colcon_core.shell:Creating package script '/home/jlurobovision/eng_ws/install/exchangestation_detector/share/exchangestation_detector/package.sh'
[25.961s] INFO:colcon.colcon_core.shell:Creating package script '/home/jlurobovision/eng_ws/install/exchangestation_detector/share/exchangestation_detector/package.bash'
[25.961s] INFO:colcon.colcon_core.shell:Creating package script '/home/jlurobovision/eng_ws/install/exchangestation_detector/share/exchangestation_detector/package.zsh'
[25.962s] Level 1:colcon.colcon_core.environment:create_file_with_runtime_dependencies(/home/jlurobovision/eng_ws/install/exchangestation_detector/share/colcon-core/packages/exchangestation_detector)
[25.962s] DEBUG:colcon.colcon_parallel_executor.executor.parallel:closing loop
[25.962s] DEBUG:colcon.colcon_parallel_executor.executor.parallel:loop closed
[25.962s] DEBUG:colcon.colcon_parallel_executor.executor.parallel:run_until_complete finished with '0'
[25.962s] DEBUG:colcon.colcon_core.event_reactor:joining thread
[25.967s] INFO:colcon.colcon_core.plugin_system:Skipping extension 'colcon_notification.desktop_notification.terminal_notifier': Not used on non-Darwin systems
[25.967s] INFO:colcon.colcon_core.plugin_system:Skipping extension 'colcon_notification.desktop_notification.win32': Not used on non-Windows systems
[25.967s] INFO:colcon.colcon_notification.desktop_notification:Sending desktop notification using 'notify2'
[25.981s] DEBUG:colcon.colcon_core.event_reactor:joined thread
[25.982s] INFO:colcon.colcon_core.shell:Creating prefix script '/home/jlurobovision/eng_ws/install/local_setup.ps1'
[25.983s] INFO:colcon.colcon_core.shell:Creating prefix util module '/home/jlurobovision/eng_ws/install/_local_setup_util_ps1.py'
[25.984s] INFO:colcon.colcon_core.shell:Creating prefix chain script '/home/jlurobovision/eng_ws/install/setup.ps1'
[25.985s] INFO:colcon.colcon_core.shell:Creating prefix script '/home/jlurobovision/eng_ws/install/local_setup.sh'
[25.987s] INFO:colcon.colcon_core.shell:Creating prefix util module '/home/jlurobovision/eng_ws/install/_local_setup_util_sh.py'
[25.988s] INFO:colcon.colcon_core.shell:Creating prefix chain script '/home/jlurobovision/eng_ws/install/setup.sh'
[25.989s] INFO:colcon.colcon_core.shell:Creating prefix script '/home/jlurobovision/eng_ws/install/local_setup.bash'
[25.989s] INFO:colcon.colcon_core.shell:Creating prefix chain script '/home/jlurobovision/eng_ws/install/setup.bash'
[25.991s] INFO:colcon.colcon_core.shell:Creating prefix script '/home/jlurobovision/eng_ws/install/local_setup.zsh'
[25.991s] INFO:colcon.colcon_core.shell:Creating prefix chain script '/home/jlurobovision/eng_ws/install/setup.zsh'
