[0.091s] Invoking command in '/home/stardust/eng_ws/build/exchangestation_detector': CMAKE_PREFIX_PATH=${CMAKE_PREFIX_PATH}:/opt/ros/iron /usr/bin/cmake --build /home/stardust/eng_ws/build/exchangestation_detector -- -j8 -l8
[0.155s] [35m[1mConsolidate compiler generated dependencies of target exchangestation_detector[0m
[0.189s] [ 33%] [32mBuilding CXX object CMakeFiles/exchangestation_detector.dir/src/detector_node.cpp.o[0m
[3.770s] [01m[K/home/stardust/eng_ws/src/exchangestation_detector/src/detector_node.cpp:[m[K In member function ‘[01m[Kvoid exchangestation_detector_node::imageCallback(const SharedPtr&)[m[K’:
[3.770s] [01m[K/home/stardust/eng_ws/src/exchangestation_detector/src/detector_node.cpp:70:12:[m[K [01;35m[Kwarning: [m[Kvariable ‘[01m[Kpacket[m[K’ set but not used [[01;35m[K]8;;https://gcc.gnu.org/onlinedocs/gcc/Warning-Options.html#index-Wunused-but-set-variable-Wunused-but-set-variable]8;;[m[K]
[3.770s]    70 |     Packet [01;35m[Kpacket[m[K = detector->solveAngle();
[3.770s]       |            [01;35m[K^~~~~~[m[K
[11.454s] [ 66%] [32m[1mLinking CXX shared library libexchangestation_detector.so[0m
[12.286s] [100%] Built target exchangestation_detector
[12.300s] Invoked command in '/home/stardust/eng_ws/build/exchangestation_detector' returned '0': CMAKE_PREFIX_PATH=${CMAKE_PREFIX_PATH}:/opt/ros/iron /usr/bin/cmake --build /home/stardust/eng_ws/build/exchangestation_detector -- -j8 -l8
[12.363s] Invoking command in '/home/stardust/eng_ws/build/exchangestation_detector': CMAKE_PREFIX_PATH=${CMAKE_PREFIX_PATH}:/opt/ros/iron /usr/bin/cmake --install /home/stardust/eng_ws/build/exchangestation_detector
[12.374s] -- Install configuration: ""
[12.374s] -- Up-to-date: /home/stardust/eng_ws/install/exchangestation_detector/include
[12.374s] -- Up-to-date: /home/stardust/eng_ws/install/exchangestation_detector/include/exchangestation_detector
[12.374s] -- Up-to-date: /home/stardust/eng_ws/install/exchangestation_detector/include/exchangestation_detector/exchangestation_detector.hpp
[12.374s] -- Installing: /home/stardust/eng_ws/install/exchangestation_detector/include/exchangestation_detector/detector_node.hpp
[12.375s] -- Up-to-date: /home/stardust/eng_ws/install/exchangestation_detector/share/ament_index/resource_index/package_run_dependencies/exchangestation_detector
[12.375s] -- Up-to-date: /home/stardust/eng_ws/install/exchangestation_detector/share/ament_index/resource_index/parent_prefix_path/exchangestation_detector
[12.376s] -- Up-to-date: /home/stardust/eng_ws/install/exchangestation_detector/share/exchangestation_detector/environment/ament_prefix_path.sh
[12.376s] -- Up-to-date: /home/stardust/eng_ws/install/exchangestation_detector/share/exchangestation_detector/environment/ament_prefix_path.dsv
[12.376s] -- Up-to-date: /home/stardust/eng_ws/install/exchangestation_detector/share/exchangestation_detector/environment/path.sh
[12.376s] -- Up-to-date: /home/stardust/eng_ws/install/exchangestation_detector/share/exchangestation_detector/environment/path.dsv
[12.377s] -- Up-to-date: /home/stardust/eng_ws/install/exchangestation_detector/share/exchangestation_detector/local_setup.bash
[12.377s] -- Up-to-date: /home/stardust/eng_ws/install/exchangestation_detector/share/exchangestation_detector/local_setup.sh
[12.377s] -- Up-to-date: /home/stardust/eng_ws/install/exchangestation_detector/share/exchangestation_detector/local_setup.zsh
[12.377s] -- Up-to-date: /home/stardust/eng_ws/install/exchangestation_detector/share/exchangestation_detector/local_setup.dsv
[12.377s] -- Installing: /home/stardust/eng_ws/install/exchangestation_detector/share/exchangestation_detector/package.dsv
[12.377s] -- Up-to-date: /home/stardust/eng_ws/install/exchangestation_detector/share/ament_index/resource_index/packages/exchangestation_detector
[12.377s] -- Up-to-date: /home/stardust/eng_ws/install/exchangestation_detector/share/ament_index/resource_index/rclcpp_components/exchangestation_detector
[12.378s] -- Up-to-date: /home/stardust/eng_ws/install/exchangestation_detector/share/exchangestation_detector/cmake/ament_cmake_export_dependencies-extras.cmake
[12.378s] -- Up-to-date: /home/stardust/eng_ws/install/exchangestation_detector/share/exchangestation_detector/cmake/ament_cmake_export_include_directories-extras.cmake
[12.378s] -- Up-to-date: /home/stardust/eng_ws/install/exchangestation_detector/share/exchangestation_detector/cmake/exchangestation_detectorConfig.cmake
[12.379s] -- Up-to-date: /home/stardust/eng_ws/install/exchangestation_detector/share/exchangestation_detector/cmake/exchangestation_detectorConfig-version.cmake
[12.379s] -- Up-to-date: /home/stardust/eng_ws/install/exchangestation_detector/share/exchangestation_detector/package.xml
[12.383s] Invoked command in '/home/stardust/eng_ws/build/exchangestation_detector' returned '0': CMAKE_PREFIX_PATH=${CMAKE_PREFIX_PATH}:/opt/ros/iron /usr/bin/cmake --install /home/stardust/eng_ws/build/exchangestation_detector
