[0.077s] Invoking command in '/home/stardust/eng_ws/build/serial': CMAKE_PREFIX_PATH=/opt/ros/iron /usr/bin/cmake /home/stardust/eng_ws/src/serial -DCMAKE_INSTALL_PREFIX=/home/stardust/eng_ws/install/serial
[0.167s] -- The C compiler identification is GNU 11.4.0
[0.245s] -- The CXX compiler identification is GNU 11.4.0
[0.259s] -- Detecting C compiler ABI info
[0.367s] -- Detecting C compiler ABI info - done
[0.376s] -- Check for working C compiler: /usr/bin/cc - skipped
[0.377s] -- Detecting C compile features
[0.377s] -- Detecting C compile features - done
[0.380s] -- Detecting CXX compiler ABI info
[0.501s] -- Detecting CXX compiler ABI info - done
[0.513s] -- Check for working CXX compiler: /usr/bin/c++ - skipped
[0.513s] -- Detecting CXX compile features
[0.513s] -- Detecting CXX compile features - done
[0.516s] -- Found ament_cmake: 2.0.4 (/opt/ros/iron/share/ament_cmake/cmake)
[0.717s] -- Found Python3: /usr/bin/python3.10 (found version "3.10.12") found components: Interpreter 
[0.822s] -- Found ament_cmake_auto: 2.0.4 (/opt/ros/iron/share/ament_cmake_auto/cmake)
[0.906s] -- Found ament_lint_auto: 0.14.3 (/opt/ros/iron/share/ament_lint_auto/cmake)
[0.935s] -- Added test 'cppcheck' to perform static code analysis on C / C++ code
[0.935s] -- Configured cppcheck include dirs: 
[0.935s] -- Configured cppcheck exclude dirs and/or files: 
[0.936s] -- Added test 'lint_cmake' to check CMake code style
[0.939s] -- Added test 'uncrustify' to check C / C++ code style
[0.939s] -- Configured uncrustify additional arguments: 
[0.941s] -- Added test 'xmllint' to check XML markup files
[0.944s] -- Configuring done
[0.949s] -- Generating done
[0.950s] -- Build files have been written to: /home/stardust/eng_ws/build/serial
[0.960s] Invoked command in '/home/stardust/eng_ws/build/serial' returned '0': CMAKE_PREFIX_PATH=/opt/ros/iron /usr/bin/cmake /home/stardust/eng_ws/src/serial -DCMAKE_INSTALL_PREFIX=/home/stardust/eng_ws/install/serial
[0.964s] Invoking command in '/home/stardust/eng_ws/build/serial': CMAKE_PREFIX_PATH=/opt/ros/iron /usr/bin/cmake --build /home/stardust/eng_ws/build/serial -- -j8 -l8
[1.022s] Invoked command in '/home/stardust/eng_ws/build/serial' returned '0': CMAKE_PREFIX_PATH=/opt/ros/iron /usr/bin/cmake --build /home/stardust/eng_ws/build/serial -- -j8 -l8
[1.075s] Invoking command in '/home/stardust/eng_ws/build/serial': CMAKE_PREFIX_PATH=/opt/ros/iron /usr/bin/cmake --install /home/stardust/eng_ws/build/serial
[1.086s] -- Install configuration: ""
[1.087s] -- Up-to-date: /home/stardust/eng_ws/install/serial/include
[1.087s] -- Up-to-date: /home/stardust/eng_ws/install/serial/include/serial
[1.087s] -- Up-to-date: /home/stardust/eng_ws/install/serial/include/serial/serial.h
[1.088s] -- Up-to-date: /home/stardust/eng_ws/install/serial/include/serial/packet.hpp
[1.088s] -- Installing: /home/stardust/eng_ws/install/serial/share/ament_index/resource_index/package_run_dependencies/serial
[1.088s] -- Installing: /home/stardust/eng_ws/install/serial/share/ament_index/resource_index/parent_prefix_path/serial
[1.089s] -- Up-to-date: /home/stardust/eng_ws/install/serial/share/serial/environment/ament_prefix_path.sh
[1.089s] -- Installing: /home/stardust/eng_ws/install/serial/share/serial/environment/ament_prefix_path.dsv
[1.089s] -- Up-to-date: /home/stardust/eng_ws/install/serial/share/serial/environment/path.sh
[1.089s] -- Installing: /home/stardust/eng_ws/install/serial/share/serial/environment/path.dsv
[1.090s] -- Installing: /home/stardust/eng_ws/install/serial/share/serial/local_setup.bash
[1.090s] -- Installing: /home/stardust/eng_ws/install/serial/share/serial/local_setup.sh
[1.090s] -- Installing: /home/stardust/eng_ws/install/serial/share/serial/local_setup.zsh
[1.091s] -- Installing: /home/stardust/eng_ws/install/serial/share/serial/local_setup.dsv
[1.091s] -- Installing: /home/stardust/eng_ws/install/serial/share/serial/package.dsv
[1.092s] -- Installing: /home/stardust/eng_ws/install/serial/share/ament_index/resource_index/packages/serial
[1.092s] -- Installing: /home/stardust/eng_ws/install/serial/share/serial/cmake/ament_cmake_export_include_directories-extras.cmake
[1.093s] -- Installing: /home/stardust/eng_ws/install/serial/share/serial/cmake/serialConfig.cmake
[1.093s] -- Installing: /home/stardust/eng_ws/install/serial/share/serial/cmake/serialConfig-version.cmake
[1.094s] -- Up-to-date: /home/stardust/eng_ws/install/serial/share/serial/package.xml
[1.097s] Invoked command in '/home/stardust/eng_ws/build/serial' returned '0': CMAKE_PREFIX_PATH=/opt/ros/iron /usr/bin/cmake --install /home/stardust/eng_ws/build/serial
