[0.012s] Invoking command in '/home/jlurobovision/eng_ws/build/exchangestation_detector': CMAKE_PREFIX_PATH=/home/jlurobovision/eng_ws/install/msg_interfaces:/home/jlurobovision/eng_ws/install/serial:/home/jlurobovision/eng_ws/install/exchangestation_detector:/home/jlurobovision/eng_ws/install/hik_camera:/home/jlurobovision/eng_ws/install/global_launch:/home/jlurobovision/eng_ws/install/galaxy_camera:/opt/ros/humble LD_LIBRARY_PATH=/home/jlurobovision/eng_ws/install/msg_interfaces/lib:/home/jlurobovision/eng_ws/install/serial/lib:/home/jlurobovision/eng_ws/install/exchangestation_detector/lib:/home/jlurobovision/eng_ws/install/hik_camera/lib:/home/jlurobovision/eng_ws/install/galaxy_camera/lib:/opt/ros/humble/opt/rviz_ogre_vendor/lib:/opt/ros/humble/lib/x86_64-linux-gnu:/opt/ros/humble/lib PYTHONPATH=/home/jlurobovision/eng_ws/install/msg_interfaces/lib/python3.10/site-packages:/home/jlurobovision/eng_ws/install/msg_interfaces/local/lib/python3.10/dist-packages:/opt/ros/humble/lib/python3.10/site-packages:/opt/ros/humble/local/lib/python3.10/dist-packages /usr/bin/cmake --build /home/jlurobovision/eng_ws/build/exchangestation_detector -- -j12 -l12
[0.049s] -- Found ament_cmake: 1.3.8 (/opt/ros/humble/share/ament_cmake/cmake)
[0.225s] -- Found ament_cmake_auto: 1.3.8 (/opt/ros/humble/share/ament_cmake_auto/cmake)
[0.228s] -- Found image_transport: 3.1.8 (/opt/ros/humble/share/image_transport/cmake)
[0.285s] -- Found rosidl_generator_c: 3.1.5 (/opt/ros/humble/share/rosidl_generator_c/cmake)
[0.288s] -- Found rosidl_adapter: 3.1.5 (/opt/ros/humble/share/rosidl_adapter/cmake)
[0.297s] -- Found rosidl_generator_cpp: 3.1.5 (/opt/ros/humble/share/rosidl_generator_cpp/cmake)
[0.312s] -- Using all available rosidl_typesupport_c: rosidl_typesupport_fastrtps_c;rosidl_typesupport_introspection_c
[0.334s] -- Using all available rosidl_typesupport_cpp: rosidl_typesupport_fastrtps_cpp;rosidl_typesupport_introspection_cpp
[0.416s] -- Found rmw_implementation_cmake: 6.1.1 (/opt/ros/humble/share/rmw_implementation_cmake/cmake)
[0.419s] -- Found rmw_fastrtps_cpp: 6.2.6 (/opt/ros/humble/share/rmw_fastrtps_cpp/cmake)
[0.665s] -- Using RMW implementation 'rmw_fastrtps_cpp' as default
[1.393s] -- Found cv_bridge: 3.2.1 (/opt/ros/humble/share/cv_bridge/cmake)
[1.414s] -- Found serial: 0.0.0 (/home/jlurobovision/eng_ws/install/serial/share/serial/cmake)
[1.416s] -- Found msg_interfaces: 0.0.0 (/home/jlurobovision/eng_ws/install/msg_interfaces/share/msg_interfaces/cmake)
[1.830s] -- Found ament_lint_auto: 0.12.10 (/opt/ros/humble/share/ament_lint_auto/cmake)
[1.843s] -- Added test 'copyright' to check source files copyright and LICENSE
[1.844s] -- Added test 'cppcheck' to perform static code analysis on C / C++ code
[1.844s] -- Configured cppcheck include dirs: /home/jlurobovision/eng_ws/src/exchangestation_detector/include;$<BUILD_INTERFACE:/home/jlurobovision/eng_ws/src/exchangestation_detector/include>
[1.844s] -- Configured cppcheck exclude dirs and/or files: 
[1.844s] -- Added test 'flake8' to check Python code syntax and style conventions
[1.845s] -- Added test 'lint_cmake' to check CMake code style
[1.845s] -- Added test 'pep257' to check Python code against some of the docstring style conventions in PEP 257
[1.846s] -- Added test 'uncrustify' to check C / C++ code style
[1.846s] -- Configured uncrustify additional arguments: 
[1.846s] -- Added test 'xmllint' to check XML markup files
[1.850s] -- Configuring done
[1.873s] -- Generating done
[1.878s] -- Build files have been written to: /home/jlurobovision/eng_ws/build/exchangestation_detector
[1.915s] [35m[1mConsolidate compiler generated dependencies of target detector_node[0m
[1.915s] [35m[1mConsolidate compiler generated dependencies of target exchangestation_detector[0m
[1.934s] [ 40%] Built target detector_node
[1.937s] [ 80%] [32mBuilding CXX object CMakeFiles/exchangestation_detector.dir/src/exchangestation_detector.cpp.o[0m
[1.937s] [ 80%] [32mBuilding CXX object CMakeFiles/exchangestation_detector.dir/src/detector_node.cpp.o[0m
[2.143s] In file included from [01m[K/home/jlurobovision/eng_ws/src/exchangestation_detector/src/exchangestation_detector.cpp:1[m[K:
[2.143s] [01m[K/home/jlurobovision/eng_ws/src/exchangestation_detector/include/exchangestation_detector/exchangestation_detector.hpp:16:10:[m[K [01;31m[Kfatal error: [m[Kserial/packet.hpp: 没有那个文件或目录
[2.143s]    16 | #include [01;31m[K"serial/packet.hpp"[m[K
[2.143s]       |          [01;31m[K^~~~~~~~~~~~~~~~~~~[m[K
[2.143s] compilation terminated.
[2.146s] gmake[2]: *** [CMakeFiles/exchangestation_detector.dir/build.make:90：CMakeFiles/exchangestation_detector.dir/src/exchangestation_detector.cpp.o] 错误 1
[2.146s] gmake[2]: *** 正在等待未完成的任务....
[2.305s] In file included from [01m[K/home/jlurobovision/eng_ws/src/exchangestation_detector/include/exchangestation_detector/detector_node.hpp:14[m[K,
[2.305s]                  from [01m[K/home/jlurobovision/eng_ws/src/exchangestation_detector/src/detector_node.cpp:15[m[K:
[2.305s] [01m[K/home/jlurobovision/eng_ws/src/exchangestation_detector/include/exchangestation_detector/exchangestation_detector.hpp:16:10:[m[K [01;31m[Kfatal error: [m[Kserial/packet.hpp: 没有那个文件或目录
[2.305s]    16 | #include [01;31m[K"serial/packet.hpp"[m[K
[2.306s]       |          [01;31m[K^~~~~~~~~~~~~~~~~~~[m[K
[2.306s] compilation terminated.
[2.316s] gmake[2]: *** [CMakeFiles/exchangestation_detector.dir/build.make:76：CMakeFiles/exchangestation_detector.dir/src/detector_node.cpp.o] 错误 1
[2.316s] gmake[1]: *** [CMakeFiles/Makefile2:139：CMakeFiles/exchangestation_detector.dir/all] 错误 2
[2.316s] gmake: *** [Makefile:146：all] 错误 2
[2.319s] Invoked command in '/home/jlurobovision/eng_ws/build/exchangestation_detector' returned '2': CMAKE_PREFIX_PATH=/home/jlurobovision/eng_ws/install/msg_interfaces:/home/jlurobovision/eng_ws/install/serial:/home/jlurobovision/eng_ws/install/exchangestation_detector:/home/jlurobovision/eng_ws/install/hik_camera:/home/jlurobovision/eng_ws/install/global_launch:/home/jlurobovision/eng_ws/install/galaxy_camera:/opt/ros/humble LD_LIBRARY_PATH=/home/jlurobovision/eng_ws/install/msg_interfaces/lib:/home/jlurobovision/eng_ws/install/serial/lib:/home/jlurobovision/eng_ws/install/exchangestation_detector/lib:/home/jlurobovision/eng_ws/install/hik_camera/lib:/home/jlurobovision/eng_ws/install/galaxy_camera/lib:/opt/ros/humble/opt/rviz_ogre_vendor/lib:/opt/ros/humble/lib/x86_64-linux-gnu:/opt/ros/humble/lib PYTHONPATH=/home/jlurobovision/eng_ws/install/msg_interfaces/lib/python3.10/site-packages:/home/jlurobovision/eng_ws/install/msg_interfaces/local/lib/python3.10/dist-packages:/opt/ros/humble/lib/python3.10/site-packages:/opt/ros/humble/local/lib/python3.10/dist-packages /usr/bin/cmake --build /home/jlurobovision/eng_ws/build/exchangestation_detector -- -j12 -l12
