-- Found ament_cmake: 2.0.4 (/opt/ros/iron/share/ament_cmake/cmake)
-- Found rosidl_default_generators: 1.5.0 (/opt/ros/iron/share/rosidl_default_generators/cmake)
-- Using all available rosidl_typesupport_c: rosidl_typesupport_fastrtps_c;rosidl_typesupport_introspection_c
-- Using all available rosidl_typesupport_cpp: rosidl_typesupport_fastrtps_cpp;rosidl_typesupport_introspection_cpp
-- Found rosidl_adapter: 4.0.1 (/opt/ros/iron/share/rosidl_adapter/cmake)
-- Found ament_cmake_ros: 0.11.2 (/opt/ros/iron/share/ament_cmake_ros/cmake)
-- Using all available rosidl_typesupport_c: rosidl_typesupport_fastrtps_c;rosidl_typesupport_introspection_c
-- Using all available rosidl_typesupport_cpp: rosidl_typesupport_fastrtps_cpp;rosidl_typesupport_introspection_cpp
-- Found python_cmake_module: 0.10.2 (/opt/ros/iron/share/python_cmake_module/cmake)
-- Using PYTHON_EXECUTABLE: /usr/bin/python3
-- Using PYTHON_INCLUDE_DIRS: /usr/include/python3.10
-- Using PYTHON_LIBRARIES: /usr/lib/x86_64-linux-gnu/libpython3.10.so
-- Found ament_lint_auto: 0.14.3 (/opt/ros/iron/share/ament_lint_auto/cmake)
-- Added test 'lint_cmake' to check CMake code style
-- Added test 'xmllint' to check XML markup files
-- Configuring done
-- Generating done
-- Build files have been written to: /home/stardust/eng_ws/build/msg_interfaces
[  2%] [34m[1mGenerating type hashes for ROS interfaces[0m
[  2%] Built target ament_cmake_python_copy_msg_interfaces
[  2%] Built target msg_interfaces__rosidl_generator_type_description
[  5%] [34m[1mGenerating C code for ROS interfaces[0m
[  8%] [34m[1mGenerating C++ code for ROS interfaces[0m
running egg_info
writing msg_interfaces.egg-info/PKG-INFO
writing dependency_links to msg_interfaces.egg-info/dependency_links.txt
writing top-level names to msg_interfaces.egg-info/top_level.txt
reading manifest file 'msg_interfaces.egg-info/SOURCES.txt'
writing manifest file 'msg_interfaces.egg-info/SOURCES.txt'
[  8%] Built target ament_cmake_python_build_msg_interfaces_egg
[  8%] Built target msg_interfaces__cpp
[35m[1mConsolidate compiler generated dependencies of target msg_interfaces__rosidl_generator_c[0m
[ 11%] [32mBuilding C object CMakeFiles/msg_interfaces__rosidl_generator_c.dir/rosidl_generator_c/msg_interfaces/msg/detail/angle__type_support.c.o[0m
[ 14%] [32mBuilding C object CMakeFiles/msg_interfaces__rosidl_generator_c.dir/rosidl_generator_c/msg_interfaces/msg/detail/angle__description.c.o[0m
[ 17%] [32mBuilding C object CMakeFiles/msg_interfaces__rosidl_generator_c.dir/rosidl_generator_c/msg_interfaces/msg/detail/angle__functions.c.o[0m
[ 20%] [32m[1mLinking C shared library libmsg_interfaces__rosidl_generator_c.so[0m
[ 20%] Built target msg_interfaces__rosidl_generator_c
[ 23%] [34m[1mGenerating C type support dispatch for ROS interfaces[0m
[ 29%] [34m[1mGenerating C++ introspection for ROS interfaces[0m
[ 29%] [34m[1mGenerating C introspection for ROS interfaces[0m
[ 32%] [34m[1mGenerating C++ type support dispatch for ROS interfaces[0m
[ 35%] [34m[1mGenerating C type support for eProsima Fast-RTPS[0m
[ 38%] [34m[1mGenerating C++ type support for eProsima Fast-RTPS[0m
[35m[1mConsolidate compiler generated dependencies of target msg_interfaces__rosidl_typesupport_introspection_cpp[0m
[35m[1mConsolidate compiler generated dependencies of target msg_interfaces__rosidl_typesupport_c[0m
[ 41%] [32mBuilding CXX object CMakeFiles/msg_interfaces__rosidl_typesupport_introspection_cpp.dir/rosidl_typesupport_introspection_cpp/msg_interfaces/msg/detail/angle__type_support.cpp.o[0m
[ 44%] [32mBuilding CXX object CMakeFiles/msg_interfaces__rosidl_typesupport_c.dir/rosidl_typesupport_c/msg_interfaces/msg/angle__type_support.cpp.o[0m
[35m[1mConsolidate compiler generated dependencies of target msg_interfaces__rosidl_typesupport_fastrtps_c[0m
[35m[1mConsolidate compiler generated dependencies of target msg_interfaces__rosidl_typesupport_introspection_c[0m
[ 47%] [32mBuilding CXX object CMakeFiles/msg_interfaces__rosidl_typesupport_fastrtps_c.dir/rosidl_typesupport_fastrtps_c/msg_interfaces/msg/detail/angle__type_support_c.cpp.o[0m
[35m[1mConsolidate compiler generated dependencies of target msg_interfaces__rosidl_typesupport_cpp[0m
[ 50%] [32mBuilding C object CMakeFiles/msg_interfaces__rosidl_typesupport_introspection_c.dir/rosidl_typesupport_introspection_c/msg_interfaces/msg/detail/angle__type_support.c.o[0m
[ 52%] [32mBuilding CXX object CMakeFiles/msg_interfaces__rosidl_typesupport_cpp.dir/rosidl_typesupport_cpp/msg_interfaces/msg/angle__type_support.cpp.o[0m
[ 55%] [32m[1mLinking CXX shared library libmsg_interfaces__rosidl_typesupport_c.so[0m
[35m[1mConsolidate compiler generated dependencies of target msg_interfaces__rosidl_typesupport_fastrtps_cpp[0m
[ 58%] [32mBuilding CXX object CMakeFiles/msg_interfaces__rosidl_typesupport_fastrtps_cpp.dir/rosidl_typesupport_fastrtps_cpp/msg_interfaces/msg/detail/dds_fastrtps/angle__type_support.cpp.o[0m
[ 61%] [32m[1mLinking C shared library libmsg_interfaces__rosidl_typesupport_introspection_c.so[0m
[ 61%] Built target msg_interfaces__rosidl_typesupport_c
[ 61%] Built target msg_interfaces__rosidl_typesupport_introspection_c
[ 64%] [32m[1mLinking CXX shared library libmsg_interfaces__rosidl_typesupport_introspection_cpp.so[0m
[ 67%] [32m[1mLinking CXX shared library libmsg_interfaces__rosidl_typesupport_fastrtps_c.so[0m
[ 70%] [32m[1mLinking CXX shared library libmsg_interfaces__rosidl_typesupport_cpp.so[0m
[ 70%] Built target msg_interfaces__rosidl_typesupport_introspection_cpp
[ 70%] Built target msg_interfaces__rosidl_typesupport_cpp
[ 70%] Built target msg_interfaces__rosidl_typesupport_fastrtps_c
[ 73%] [32m[1mLinking CXX shared library libmsg_interfaces__rosidl_typesupport_fastrtps_cpp.so[0m
[ 73%] Built target msg_interfaces__rosidl_typesupport_fastrtps_cpp
[ 73%] Built target msg_interfaces
[ 76%] [34m[1mGenerating Python code for ROS interfaces[0m
[ 76%] Built target msg_interfaces__py
[35m[1mConsolidate compiler generated dependencies of target msg_interfaces__rosidl_generator_py[0m
[ 79%] [32mBuilding C object CMakeFiles/msg_interfaces__rosidl_generator_py.dir/rosidl_generator_py/msg_interfaces/msg/_angle_s.c.o[0m
[ 82%] [32m[1mLinking C shared library rosidl_generator_py/msg_interfaces/libmsg_interfaces__rosidl_generator_py.so[0m
[ 82%] Built target msg_interfaces__rosidl_generator_py
[35m[1mConsolidate compiler generated dependencies of target msg_interfaces__rosidl_typesupport_introspection_c__pyext[0m
[35m[1mConsolidate compiler generated dependencies of target msg_interfaces__rosidl_typesupport_c__pyext[0m
[35m[1mConsolidate compiler generated dependencies of target msg_interfaces__rosidl_typesupport_fastrtps_c__pyext[0m
[ 85%] [32mBuilding C object CMakeFiles/msg_interfaces__rosidl_typesupport_c__pyext.dir/rosidl_generator_py/msg_interfaces/_msg_interfaces_s.ep.rosidl_typesupport_c.c.o[0m
[ 88%] [32mBuilding C object CMakeFiles/msg_interfaces__rosidl_typesupport_fastrtps_c__pyext.dir/rosidl_generator_py/msg_interfaces/_msg_interfaces_s.ep.rosidl_typesupport_fastrtps_c.c.o[0m
[ 91%] [32mBuilding C object CMakeFiles/msg_interfaces__rosidl_typesupport_introspection_c__pyext.dir/rosidl_generator_py/msg_interfaces/_msg_interfaces_s.ep.rosidl_typesupport_introspection_c.c.o[0m
[ 94%] [32m[1mLinking C shared library rosidl_generator_py/msg_interfaces/msg_interfaces_s__rosidl_typesupport_introspection_c.cpython-310-x86_64-linux-gnu.so[0m
[ 97%] [32m[1mLinking C shared library rosidl_generator_py/msg_interfaces/msg_interfaces_s__rosidl_typesupport_c.cpython-310-x86_64-linux-gnu.so[0m
[100%] [32m[1mLinking C shared library rosidl_generator_py/msg_interfaces/msg_interfaces_s__rosidl_typesupport_fastrtps_c.cpython-310-x86_64-linux-gnu.so[0m
[100%] Built target msg_interfaces__rosidl_typesupport_introspection_c__pyext
[100%] Built target msg_interfaces__rosidl_typesupport_c__pyext
[100%] Built target msg_interfaces__rosidl_typesupport_fastrtps_c__pyext
-- Install configuration: ""
-- Up-to-date: /home/stardust/eng_ws/install/msg_interfaces/share/ament_index/resource_index/rosidl_interfaces/msg_interfaces
-- Installing: /home/stardust/eng_ws/install/msg_interfaces/share/msg_interfaces/msg/Angle.json
-- Up-to-date: /home/stardust/eng_ws/install/msg_interfaces/include/msg_interfaces/msg_interfaces
-- Up-to-date: /home/stardust/eng_ws/install/msg_interfaces/include/msg_interfaces/msg_interfaces/msg
-- Installing: /home/stardust/eng_ws/install/msg_interfaces/include/msg_interfaces/msg_interfaces/msg/angle.h
-- Up-to-date: /home/stardust/eng_ws/install/msg_interfaces/include/msg_interfaces/msg_interfaces/msg/detail
-- Installing: /home/stardust/eng_ws/install/msg_interfaces/include/msg_interfaces/msg_interfaces/msg/detail/angle__type_support.h
-- Installing: /home/stardust/eng_ws/install/msg_interfaces/include/msg_interfaces/msg_interfaces/msg/detail/angle__functions.c
-- Installing: /home/stardust/eng_ws/install/msg_interfaces/include/msg_interfaces/msg_interfaces/msg/detail/angle__description.c
-- Installing: /home/stardust/eng_ws/install/msg_interfaces/include/msg_interfaces/msg_interfaces/msg/detail/angle__type_support.c
-- Installing: /home/stardust/eng_ws/install/msg_interfaces/include/msg_interfaces/msg_interfaces/msg/detail/angle__struct.h
-- Installing: /home/stardust/eng_ws/install/msg_interfaces/include/msg_interfaces/msg_interfaces/msg/detail/angle__functions.h
-- Up-to-date: /home/stardust/eng_ws/install/msg_interfaces/include/msg_interfaces/msg_interfaces/msg/rosidl_generator_c__visibility_control.h
-- Installing: /home/stardust/eng_ws/install/msg_interfaces/share/msg_interfaces/environment/library_path.sh
-- Up-to-date: /home/stardust/eng_ws/install/msg_interfaces/share/msg_interfaces/environment/library_path.dsv
-- Installing: /home/stardust/eng_ws/install/msg_interfaces/lib/libmsg_interfaces__rosidl_generator_c.so
-- Set runtime path of "/home/stardust/eng_ws/install/msg_interfaces/lib/libmsg_interfaces__rosidl_generator_c.so" to ""
-- Up-to-date: /home/stardust/eng_ws/install/msg_interfaces/include/msg_interfaces/msg_interfaces
-- Up-to-date: /home/stardust/eng_ws/install/msg_interfaces/include/msg_interfaces/msg_interfaces/msg
-- Up-to-date: /home/stardust/eng_ws/install/msg_interfaces/include/msg_interfaces/msg_interfaces/msg/rosidl_typesupport_fastrtps_c__visibility_control.h
-- Up-to-date: /home/stardust/eng_ws/install/msg_interfaces/include/msg_interfaces/msg_interfaces/msg/detail
-- Installing: /home/stardust/eng_ws/install/msg_interfaces/include/msg_interfaces/msg_interfaces/msg/detail/angle__rosidl_typesupport_fastrtps_c.h
-- Installing: /home/stardust/eng_ws/install/msg_interfaces/lib/libmsg_interfaces__rosidl_typesupport_fastrtps_c.so
-- Set runtime path of "/home/stardust/eng_ws/install/msg_interfaces/lib/libmsg_interfaces__rosidl_typesupport_fastrtps_c.so" to ""
-- Up-to-date: /home/stardust/eng_ws/install/msg_interfaces/include/msg_interfaces/msg_interfaces
-- Up-to-date: /home/stardust/eng_ws/install/msg_interfaces/include/msg_interfaces/msg_interfaces/msg
-- Up-to-date: /home/stardust/eng_ws/install/msg_interfaces/include/msg_interfaces/msg_interfaces/msg/detail
-- Installing: /home/stardust/eng_ws/install/msg_interfaces/include/msg_interfaces/msg_interfaces/msg/detail/angle__type_support.c
-- Installing: /home/stardust/eng_ws/install/msg_interfaces/include/msg_interfaces/msg_interfaces/msg/detail/angle__rosidl_typesupport_introspection_c.h
-- Up-to-date: /home/stardust/eng_ws/install/msg_interfaces/include/msg_interfaces/msg_interfaces/msg/rosidl_typesupport_introspection_c__visibility_control.h
-- Installing: /home/stardust/eng_ws/install/msg_interfaces/lib/libmsg_interfaces__rosidl_typesupport_introspection_c.so
-- Set runtime path of "/home/stardust/eng_ws/install/msg_interfaces/lib/libmsg_interfaces__rosidl_typesupport_introspection_c.so" to ""
-- Installing: /home/stardust/eng_ws/install/msg_interfaces/lib/libmsg_interfaces__rosidl_typesupport_c.so
-- Set runtime path of "/home/stardust/eng_ws/install/msg_interfaces/lib/libmsg_interfaces__rosidl_typesupport_c.so" to ""
-- Up-to-date: /home/stardust/eng_ws/install/msg_interfaces/include/msg_interfaces/msg_interfaces
-- Up-to-date: /home/stardust/eng_ws/install/msg_interfaces/include/msg_interfaces/msg_interfaces/msg
-- Installing: /home/stardust/eng_ws/install/msg_interfaces/include/msg_interfaces/msg_interfaces/msg/angle.hpp
-- Up-to-date: /home/stardust/eng_ws/install/msg_interfaces/include/msg_interfaces/msg_interfaces/msg/detail
-- Installing: /home/stardust/eng_ws/install/msg_interfaces/include/msg_interfaces/msg_interfaces/msg/detail/angle__builder.hpp
-- Installing: /home/stardust/eng_ws/install/msg_interfaces/include/msg_interfaces/msg_interfaces/msg/detail/angle__traits.hpp
-- Installing: /home/stardust/eng_ws/install/msg_interfaces/include/msg_interfaces/msg_interfaces/msg/detail/angle__struct.hpp
-- Up-to-date: /home/stardust/eng_ws/install/msg_interfaces/include/msg_interfaces/msg_interfaces
-- Up-to-date: /home/stardust/eng_ws/install/msg_interfaces/include/msg_interfaces/msg_interfaces/msg
-- Up-to-date: /home/stardust/eng_ws/install/msg_interfaces/include/msg_interfaces/msg_interfaces/msg/rosidl_typesupport_fastrtps_cpp__visibility_control.h
-- Up-to-date: /home/stardust/eng_ws/install/msg_interfaces/include/msg_interfaces/msg_interfaces/msg/detail
-- Installing: /home/stardust/eng_ws/install/msg_interfaces/include/msg_interfaces/msg_interfaces/msg/detail/angle__rosidl_typesupport_fastrtps_cpp.hpp
-- Up-to-date: /home/stardust/eng_ws/install/msg_interfaces/include/msg_interfaces/msg_interfaces/msg/detail/dds_fastrtps
-- Installing: /home/stardust/eng_ws/install/msg_interfaces/lib/libmsg_interfaces__rosidl_typesupport_fastrtps_cpp.so
-- Set runtime path of "/home/stardust/eng_ws/install/msg_interfaces/lib/libmsg_interfaces__rosidl_typesupport_fastrtps_cpp.so" to ""
-- Up-to-date: /home/stardust/eng_ws/install/msg_interfaces/include/msg_interfaces/msg_interfaces
-- Up-to-date: /home/stardust/eng_ws/install/msg_interfaces/include/msg_interfaces/msg_interfaces/msg
-- Up-to-date: /home/stardust/eng_ws/install/msg_interfaces/include/msg_interfaces/msg_interfaces/msg/detail
-- Installing: /home/stardust/eng_ws/install/msg_interfaces/include/msg_interfaces/msg_interfaces/msg/detail/angle__type_support.cpp
-- Installing: /home/stardust/eng_ws/install/msg_interfaces/include/msg_interfaces/msg_interfaces/msg/detail/angle__rosidl_typesupport_introspection_cpp.hpp
-- Installing: /home/stardust/eng_ws/install/msg_interfaces/lib/libmsg_interfaces__rosidl_typesupport_introspection_cpp.so
-- Set runtime path of "/home/stardust/eng_ws/install/msg_interfaces/lib/libmsg_interfaces__rosidl_typesupport_introspection_cpp.so" to ""
-- Installing: /home/stardust/eng_ws/install/msg_interfaces/lib/libmsg_interfaces__rosidl_typesupport_cpp.so
-- Set runtime path of "/home/stardust/eng_ws/install/msg_interfaces/lib/libmsg_interfaces__rosidl_typesupport_cpp.so" to ""
-- Up-to-date: /home/stardust/eng_ws/install/msg_interfaces/share/msg_interfaces/environment/pythonpath.sh
-- Up-to-date: /home/stardust/eng_ws/install/msg_interfaces/share/msg_interfaces/environment/pythonpath.dsv
-- Up-to-date: /home/stardust/eng_ws/install/msg_interfaces/local/lib/python3.10/dist-packages/msg_interfaces-0.0.0-py3.10.egg-info
-- Installing: /home/stardust/eng_ws/install/msg_interfaces/local/lib/python3.10/dist-packages/msg_interfaces-0.0.0-py3.10.egg-info/PKG-INFO
-- Installing: /home/stardust/eng_ws/install/msg_interfaces/local/lib/python3.10/dist-packages/msg_interfaces-0.0.0-py3.10.egg-info/dependency_links.txt
-- Installing: /home/stardust/eng_ws/install/msg_interfaces/local/lib/python3.10/dist-packages/msg_interfaces-0.0.0-py3.10.egg-info/SOURCES.txt
-- Installing: /home/stardust/eng_ws/install/msg_interfaces/local/lib/python3.10/dist-packages/msg_interfaces-0.0.0-py3.10.egg-info/top_level.txt
-- Up-to-date: /home/stardust/eng_ws/install/msg_interfaces/local/lib/python3.10/dist-packages/msg_interfaces
-- Up-to-date: /home/stardust/eng_ws/install/msg_interfaces/local/lib/python3.10/dist-packages/msg_interfaces/msg
-- Installing: /home/stardust/eng_ws/install/msg_interfaces/local/lib/python3.10/dist-packages/msg_interfaces/msg/__init__.py
-- Installing: /home/stardust/eng_ws/install/msg_interfaces/local/lib/python3.10/dist-packages/msg_interfaces/msg/_angle_s.c
-- Installing: /home/stardust/eng_ws/install/msg_interfaces/local/lib/python3.10/dist-packages/msg_interfaces/msg/_angle.py
-- Installing: /home/stardust/eng_ws/install/msg_interfaces/local/lib/python3.10/dist-packages/msg_interfaces/msg_interfaces_s__rosidl_typesupport_introspection_c.cpython-310-x86_64-linux-gnu.so
-- Installing: /home/stardust/eng_ws/install/msg_interfaces/local/lib/python3.10/dist-packages/msg_interfaces/_msg_interfaces_s.ep.rosidl_typesupport_c.c
-- Installing: /home/stardust/eng_ws/install/msg_interfaces/local/lib/python3.10/dist-packages/msg_interfaces/_msg_interfaces_s.ep.rosidl_typesupport_introspection_c.c
-- Installing: /home/stardust/eng_ws/install/msg_interfaces/local/lib/python3.10/dist-packages/msg_interfaces/msg_interfaces_s__rosidl_typesupport_fastrtps_c.cpython-310-x86_64-linux-gnu.so
-- Installing: /home/stardust/eng_ws/install/msg_interfaces/local/lib/python3.10/dist-packages/msg_interfaces/__init__.py
-- Installing: /home/stardust/eng_ws/install/msg_interfaces/local/lib/python3.10/dist-packages/msg_interfaces/_msg_interfaces_s.ep.rosidl_typesupport_fastrtps_c.c
-- Installing: /home/stardust/eng_ws/install/msg_interfaces/local/lib/python3.10/dist-packages/msg_interfaces/msg_interfaces_s__rosidl_typesupport_c.cpython-310-x86_64-linux-gnu.so
-- Installing: /home/stardust/eng_ws/install/msg_interfaces/local/lib/python3.10/dist-packages/msg_interfaces/libmsg_interfaces__rosidl_generator_py.so
Listing '/home/stardust/eng_ws/install/msg_interfaces/local/lib/python3.10/dist-packages/msg_interfaces'...
Compiling '/home/stardust/eng_ws/install/msg_interfaces/local/lib/python3.10/dist-packages/msg_interfaces/__init__.py'...
Listing '/home/stardust/eng_ws/install/msg_interfaces/local/lib/python3.10/dist-packages/msg_interfaces/msg'...
Compiling '/home/stardust/eng_ws/install/msg_interfaces/local/lib/python3.10/dist-packages/msg_interfaces/msg/__init__.py'...
Compiling '/home/stardust/eng_ws/install/msg_interfaces/local/lib/python3.10/dist-packages/msg_interfaces/msg/_angle.py'...
-- Installing: /home/stardust/eng_ws/install/msg_interfaces/local/lib/python3.10/dist-packages/msg_interfaces/msg_interfaces_s__rosidl_typesupport_fastrtps_c.cpython-310-x86_64-linux-gnu.so
-- Set runtime path of "/home/stardust/eng_ws/install/msg_interfaces/local/lib/python3.10/dist-packages/msg_interfaces/msg_interfaces_s__rosidl_typesupport_fastrtps_c.cpython-310-x86_64-linux-gnu.so" to ""
-- Installing: /home/stardust/eng_ws/install/msg_interfaces/local/lib/python3.10/dist-packages/msg_interfaces/msg_interfaces_s__rosidl_typesupport_introspection_c.cpython-310-x86_64-linux-gnu.so
-- Set runtime path of "/home/stardust/eng_ws/install/msg_interfaces/local/lib/python3.10/dist-packages/msg_interfaces/msg_interfaces_s__rosidl_typesupport_introspection_c.cpython-310-x86_64-linux-gnu.so" to ""
-- Installing: /home/stardust/eng_ws/install/msg_interfaces/local/lib/python3.10/dist-packages/msg_interfaces/msg_interfaces_s__rosidl_typesupport_c.cpython-310-x86_64-linux-gnu.so
-- Set runtime path of "/home/stardust/eng_ws/install/msg_interfaces/local/lib/python3.10/dist-packages/msg_interfaces/msg_interfaces_s__rosidl_typesupport_c.cpython-310-x86_64-linux-gnu.so" to ""
-- Installing: /home/stardust/eng_ws/install/msg_interfaces/lib/libmsg_interfaces__rosidl_generator_py.so
-- Set runtime path of "/home/stardust/eng_ws/install/msg_interfaces/lib/libmsg_interfaces__rosidl_generator_py.so" to ""
-- Up-to-date: /home/stardust/eng_ws/install/msg_interfaces/share/msg_interfaces/msg/Angle.idl
-- Up-to-date: /home/stardust/eng_ws/install/msg_interfaces/share/msg_interfaces/msg/Angle.msg
-- Up-to-date: /home/stardust/eng_ws/install/msg_interfaces/share/ament_index/resource_index/package_run_dependencies/msg_interfaces
-- Installing: /home/stardust/eng_ws/install/msg_interfaces/share/ament_index/resource_index/parent_prefix_path/msg_interfaces
-- Installing: /home/stardust/eng_ws/install/msg_interfaces/share/msg_interfaces/environment/ament_prefix_path.sh
-- Up-to-date: /home/stardust/eng_ws/install/msg_interfaces/share/msg_interfaces/environment/ament_prefix_path.dsv
-- Installing: /home/stardust/eng_ws/install/msg_interfaces/share/msg_interfaces/environment/path.sh
-- Up-to-date: /home/stardust/eng_ws/install/msg_interfaces/share/msg_interfaces/environment/path.dsv
-- Up-to-date: /home/stardust/eng_ws/install/msg_interfaces/share/msg_interfaces/local_setup.bash
-- Up-to-date: /home/stardust/eng_ws/install/msg_interfaces/share/msg_interfaces/local_setup.sh
-- Up-to-date: /home/stardust/eng_ws/install/msg_interfaces/share/msg_interfaces/local_setup.zsh
-- Up-to-date: /home/stardust/eng_ws/install/msg_interfaces/share/msg_interfaces/local_setup.dsv
-- Installing: /home/stardust/eng_ws/install/msg_interfaces/share/msg_interfaces/package.dsv
-- Up-to-date: /home/stardust/eng_ws/install/msg_interfaces/share/ament_index/resource_index/packages/msg_interfaces
-- Up-to-date: /home/stardust/eng_ws/install/msg_interfaces/share/msg_interfaces/cmake/export_msg_interfaces__rosidl_generator_cExport.cmake
-- Up-to-date: /home/stardust/eng_ws/install/msg_interfaces/share/msg_interfaces/cmake/export_msg_interfaces__rosidl_generator_cExport-noconfig.cmake
-- Up-to-date: /home/stardust/eng_ws/install/msg_interfaces/share/msg_interfaces/cmake/export_msg_interfaces__rosidl_typesupport_fastrtps_cExport.cmake
-- Up-to-date: /home/stardust/eng_ws/install/msg_interfaces/share/msg_interfaces/cmake/export_msg_interfaces__rosidl_typesupport_fastrtps_cExport-noconfig.cmake
-- Old export file "/home/stardust/eng_ws/install/msg_interfaces/share/msg_interfaces/cmake/msg_interfaces__rosidl_typesupport_introspection_cExport.cmake" will be replaced.  Removing files [/home/stardust/eng_ws/install/msg_interfaces/share/msg_interfaces/cmake/msg_interfaces__rosidl_typesupport_introspection_cExport-noconfig.cmake].
-- Installing: /home/stardust/eng_ws/install/msg_interfaces/share/msg_interfaces/cmake/msg_interfaces__rosidl_typesupport_introspection_cExport.cmake
-- Installing: /home/stardust/eng_ws/install/msg_interfaces/share/msg_interfaces/cmake/msg_interfaces__rosidl_typesupport_introspection_cExport-noconfig.cmake
-- Up-to-date: /home/stardust/eng_ws/install/msg_interfaces/share/msg_interfaces/cmake/msg_interfaces__rosidl_typesupport_cExport.cmake
-- Up-to-date: /home/stardust/eng_ws/install/msg_interfaces/share/msg_interfaces/cmake/msg_interfaces__rosidl_typesupport_cExport-noconfig.cmake
-- Installing: /home/stardust/eng_ws/install/msg_interfaces/share/msg_interfaces/cmake/export_msg_interfaces__rosidl_generator_cppExport.cmake
-- Old export file "/home/stardust/eng_ws/install/msg_interfaces/share/msg_interfaces/cmake/export_msg_interfaces__rosidl_typesupport_fastrtps_cppExport.cmake" will be replaced.  Removing files [/home/stardust/eng_ws/install/msg_interfaces/share/msg_interfaces/cmake/export_msg_interfaces__rosidl_typesupport_fastrtps_cppExport-noconfig.cmake].
-- Installing: /home/stardust/eng_ws/install/msg_interfaces/share/msg_interfaces/cmake/export_msg_interfaces__rosidl_typesupport_fastrtps_cppExport.cmake
-- Installing: /home/stardust/eng_ws/install/msg_interfaces/share/msg_interfaces/cmake/export_msg_interfaces__rosidl_typesupport_fastrtps_cppExport-noconfig.cmake
-- Old export file "/home/stardust/eng_ws/install/msg_interfaces/share/msg_interfaces/cmake/msg_interfaces__rosidl_typesupport_introspection_cppExport.cmake" will be replaced.  Removing files [/home/stardust/eng_ws/install/msg_interfaces/share/msg_interfaces/cmake/msg_interfaces__rosidl_typesupport_introspection_cppExport-noconfig.cmake].
-- Installing: /home/stardust/eng_ws/install/msg_interfaces/share/msg_interfaces/cmake/msg_interfaces__rosidl_typesupport_introspection_cppExport.cmake
-- Installing: /home/stardust/eng_ws/install/msg_interfaces/share/msg_interfaces/cmake/msg_interfaces__rosidl_typesupport_introspection_cppExport-noconfig.cmake
-- Old export file "/home/stardust/eng_ws/install/msg_interfaces/share/msg_interfaces/cmake/msg_interfaces__rosidl_typesupport_cppExport.cmake" will be replaced.  Removing files [/home/stardust/eng_ws/install/msg_interfaces/share/msg_interfaces/cmake/msg_interfaces__rosidl_typesupport_cppExport-noconfig.cmake].
-- Installing: /home/stardust/eng_ws/install/msg_interfaces/share/msg_interfaces/cmake/msg_interfaces__rosidl_typesupport_cppExport.cmake
-- Installing: /home/stardust/eng_ws/install/msg_interfaces/share/msg_interfaces/cmake/msg_interfaces__rosidl_typesupport_cppExport-noconfig.cmake
-- Up-to-date: /home/stardust/eng_ws/install/msg_interfaces/share/msg_interfaces/cmake/export_msg_interfaces__rosidl_generator_pyExport.cmake
-- Up-to-date: /home/stardust/eng_ws/install/msg_interfaces/share/msg_interfaces/cmake/export_msg_interfaces__rosidl_generator_pyExport-noconfig.cmake
-- Up-to-date: /home/stardust/eng_ws/install/msg_interfaces/share/msg_interfaces/cmake/rosidl_cmake-extras.cmake
-- Up-to-date: /home/stardust/eng_ws/install/msg_interfaces/share/msg_interfaces/cmake/ament_cmake_export_include_directories-extras.cmake
-- Up-to-date: /home/stardust/eng_ws/install/msg_interfaces/share/msg_interfaces/cmake/ament_cmake_export_libraries-extras.cmake
-- Up-to-date: /home/stardust/eng_ws/install/msg_interfaces/share/msg_interfaces/cmake/ament_cmake_export_targets-extras.cmake
-- Up-to-date: /home/stardust/eng_ws/install/msg_interfaces/share/msg_interfaces/cmake/rosidl_cmake_export_typesupport_targets-extras.cmake
-- Up-to-date: /home/stardust/eng_ws/install/msg_interfaces/share/msg_interfaces/cmake/ament_cmake_export_dependencies-extras.cmake
-- Up-to-date: /home/stardust/eng_ws/install/msg_interfaces/share/msg_interfaces/cmake/rosidl_cmake_export_typesupport_libraries-extras.cmake
-- Installing: /home/stardust/eng_ws/install/msg_interfaces/share/msg_interfaces/cmake/msg_interfacesConfig.cmake
-- Up-to-date: /home/stardust/eng_ws/install/msg_interfaces/share/msg_interfaces/cmake/msg_interfacesConfig-version.cmake
-- Up-to-date: /home/stardust/eng_ws/install/msg_interfaces/share/msg_interfaces/package.xml
