[0.146s] Invoking command in '/home/stardust/eng_ws/build/msg_interfaces': CMAKE_PREFIX_PATH=/opt/ros/iron /usr/bin/cmake --build /home/stardust/eng_ws/build/msg_interfaces -- -j8 -l8
[0.212s] -- Found ament_cmake: 2.0.4 (/opt/ros/iron/share/ament_cmake/cmake)
[0.435s] -- Found rosidl_default_generators: 1.5.0 (/opt/ros/iron/share/rosidl_default_generators/cmake)
[0.446s] -- Using all available rosidl_typesupport_c: rosidl_typesupport_fastrtps_c;rosidl_typesupport_introspection_c
[0.534s] -- Using all available rosidl_typesupport_cpp: rosidl_typesupport_fastrtps_cpp;rosidl_typesupport_introspection_cpp
[0.595s] -- Found rosidl_adapter: 4.0.1 (/opt/ros/iron/share/rosidl_adapter/cmake)
[0.934s] -- Found ament_cmake_ros: 0.11.2 (/opt/ros/iron/share/ament_cmake_ros/cmake)
[1.140s] -- Using all available rosidl_typesupport_c: rosidl_typesupport_fastrtps_c;rosidl_typesupport_introspection_c
[1.391s] -- Using all available rosidl_typesupport_cpp: rosidl_typesupport_fastrtps_cpp;rosidl_typesupport_introspection_cpp
[1.424s] -- Found python_cmake_module: 0.10.2 (/opt/ros/iron/share/python_cmake_module/cmake)
[1.449s] -- Using PYTHON_EXECUTABLE: /usr/bin/python3
[1.449s] -- Using PYTHON_INCLUDE_DIRS: /usr/include/python3.10
[1.449s] -- Using PYTHON_LIBRARIES: /usr/lib/x86_64-linux-gnu/libpython3.10.so
[1.464s] -- Found ament_lint_auto: 0.14.3 (/opt/ros/iron/share/ament_lint_auto/cmake)
[1.491s] -- Added test 'lint_cmake' to check CMake code style
[1.493s] -- Added test 'xmllint' to check XML markup files
[1.498s] -- Configuring done
[1.564s] -- Generating done
[1.571s] -- Build files have been written to: /home/stardust/eng_ws/build/msg_interfaces
[1.618s] [  2%] [34m[1mGenerating type hashes for ROS interfaces[0m
[1.641s] [  2%] Built target ament_cmake_python_copy_msg_interfaces
[1.855s] [  2%] Built target msg_interfaces__rosidl_generator_type_description
[1.867s] [  5%] [34m[1mGenerating C code for ROS interfaces[0m
[1.889s] [  8%] [34m[1mGenerating C++ code for ROS interfaces[0m
[1.955s] running egg_info
[1.956s] writing msg_interfaces.egg-info/PKG-INFO
[1.957s] writing dependency_links to msg_interfaces.egg-info/dependency_links.txt
[1.957s] writing top-level names to msg_interfaces.egg-info/top_level.txt
[1.962s] reading manifest file 'msg_interfaces.egg-info/SOURCES.txt'
[1.963s] writing manifest file 'msg_interfaces.egg-info/SOURCES.txt'
[1.998s] [  8%] Built target ament_cmake_python_build_msg_interfaces_egg
[2.176s] [  8%] Built target msg_interfaces__cpp
[2.188s] [35m[1mConsolidate compiler generated dependencies of target msg_interfaces__rosidl_generator_c[0m
[2.205s] [ 11%] [32mBuilding C object CMakeFiles/msg_interfaces__rosidl_generator_c.dir/rosidl_generator_c/msg_interfaces/msg/detail/angle__type_support.c.o[0m
[2.206s] [ 14%] [32mBuilding C object CMakeFiles/msg_interfaces__rosidl_generator_c.dir/rosidl_generator_c/msg_interfaces/msg/detail/angle__description.c.o[0m
[2.206s] [ 17%] [32mBuilding C object CMakeFiles/msg_interfaces__rosidl_generator_c.dir/rosidl_generator_c/msg_interfaces/msg/detail/angle__functions.c.o[0m
[2.320s] [ 20%] [32m[1mLinking C shared library libmsg_interfaces__rosidl_generator_c.so[0m
[2.398s] [ 20%] Built target msg_interfaces__rosidl_generator_c
[2.419s] [ 23%] [34m[1mGenerating C type support dispatch for ROS interfaces[0m
[2.430s] [ 29%] [34m[1mGenerating C++ introspection for ROS interfaces[0m
[2.430s] [ 29%] [34m[1mGenerating C introspection for ROS interfaces[0m
[2.433s] [ 32%] [34m[1mGenerating C++ type support dispatch for ROS interfaces[0m
[2.441s] [ 35%] [34m[1mGenerating C type support for eProsima Fast-RTPS[0m
[2.450s] [ 38%] [34m[1mGenerating C++ type support for eProsima Fast-RTPS[0m
[2.724s] [35m[1mConsolidate compiler generated dependencies of target msg_interfaces__rosidl_typesupport_introspection_cpp[0m
[2.750s] [35m[1mConsolidate compiler generated dependencies of target msg_interfaces__rosidl_typesupport_c[0m
[2.761s] [ 41%] [32mBuilding CXX object CMakeFiles/msg_interfaces__rosidl_typesupport_introspection_cpp.dir/rosidl_typesupport_introspection_cpp/msg_interfaces/msg/detail/angle__type_support.cpp.o[0m
[2.771s] [ 44%] [32mBuilding CXX object CMakeFiles/msg_interfaces__rosidl_typesupport_c.dir/rosidl_typesupport_c/msg_interfaces/msg/angle__type_support.cpp.o[0m
[2.786s] [35m[1mConsolidate compiler generated dependencies of target msg_interfaces__rosidl_typesupport_fastrtps_c[0m
[2.811s] [35m[1mConsolidate compiler generated dependencies of target msg_interfaces__rosidl_typesupport_introspection_c[0m
[2.820s] [ 47%] [32mBuilding CXX object CMakeFiles/msg_interfaces__rosidl_typesupport_fastrtps_c.dir/rosidl_typesupport_fastrtps_c/msg_interfaces/msg/detail/angle__type_support_c.cpp.o[0m
[2.825s] [35m[1mConsolidate compiler generated dependencies of target msg_interfaces__rosidl_typesupport_cpp[0m
[2.845s] [ 50%] [32mBuilding C object CMakeFiles/msg_interfaces__rosidl_typesupport_introspection_c.dir/rosidl_typesupport_introspection_c/msg_interfaces/msg/detail/angle__type_support.c.o[0m
[2.849s] [ 52%] [32mBuilding CXX object CMakeFiles/msg_interfaces__rosidl_typesupport_cpp.dir/rosidl_typesupport_cpp/msg_interfaces/msg/angle__type_support.cpp.o[0m
[2.853s] [ 55%] [32m[1mLinking CXX shared library libmsg_interfaces__rosidl_typesupport_c.so[0m
[2.870s] [35m[1mConsolidate compiler generated dependencies of target msg_interfaces__rosidl_typesupport_fastrtps_cpp[0m
[2.893s] [ 58%] [32mBuilding CXX object CMakeFiles/msg_interfaces__rosidl_typesupport_fastrtps_cpp.dir/rosidl_typesupport_fastrtps_cpp/msg_interfaces/msg/detail/dds_fastrtps/angle__type_support.cpp.o[0m
[2.909s] [ 61%] [32m[1mLinking C shared library libmsg_interfaces__rosidl_typesupport_introspection_c.so[0m
[3.024s] [ 61%] Built target msg_interfaces__rosidl_typesupport_c
[3.036s] [ 61%] Built target msg_interfaces__rosidl_typesupport_introspection_c
[3.336s] [ 64%] [32m[1mLinking CXX shared library libmsg_interfaces__rosidl_typesupport_introspection_cpp.so[0m
[3.368s] [ 67%] [32m[1mLinking CXX shared library libmsg_interfaces__rosidl_typesupport_fastrtps_c.so[0m
[3.428s] [ 70%] [32m[1mLinking CXX shared library libmsg_interfaces__rosidl_typesupport_cpp.so[0m
[3.448s] [ 70%] Built target msg_interfaces__rosidl_typesupport_introspection_cpp
[3.507s] [ 70%] Built target msg_interfaces__rosidl_typesupport_cpp
[3.525s] [ 70%] Built target msg_interfaces__rosidl_typesupport_fastrtps_c
[3.640s] [ 73%] [32m[1mLinking CXX shared library libmsg_interfaces__rosidl_typesupport_fastrtps_cpp.so[0m
[3.749s] [ 73%] Built target msg_interfaces__rosidl_typesupport_fastrtps_cpp
[3.781s] [ 73%] Built target msg_interfaces
[3.815s] [ 76%] [34m[1mGenerating Python code for ROS interfaces[0m
[4.181s] [ 76%] Built target msg_interfaces__py
[4.208s] [35m[1mConsolidate compiler generated dependencies of target msg_interfaces__rosidl_generator_py[0m
[4.236s] [ 79%] [32mBuilding C object CMakeFiles/msg_interfaces__rosidl_generator_py.dir/rosidl_generator_py/msg_interfaces/msg/_angle_s.c.o[0m
[4.453s] [ 82%] [32m[1mLinking C shared library rosidl_generator_py/msg_interfaces/libmsg_interfaces__rosidl_generator_py.so[0m
[4.501s] [ 82%] Built target msg_interfaces__rosidl_generator_py
[4.517s] [35m[1mConsolidate compiler generated dependencies of target msg_interfaces__rosidl_typesupport_introspection_c__pyext[0m
[4.517s] [35m[1mConsolidate compiler generated dependencies of target msg_interfaces__rosidl_typesupport_c__pyext[0m
[4.517s] [35m[1mConsolidate compiler generated dependencies of target msg_interfaces__rosidl_typesupport_fastrtps_c__pyext[0m
[4.538s] [ 85%] [32mBuilding C object CMakeFiles/msg_interfaces__rosidl_typesupport_c__pyext.dir/rosidl_generator_py/msg_interfaces/_msg_interfaces_s.ep.rosidl_typesupport_c.c.o[0m
[4.538s] [ 88%] [32mBuilding C object CMakeFiles/msg_interfaces__rosidl_typesupport_fastrtps_c__pyext.dir/rosidl_generator_py/msg_interfaces/_msg_interfaces_s.ep.rosidl_typesupport_fastrtps_c.c.o[0m
[4.539s] [ 91%] [32mBuilding C object CMakeFiles/msg_interfaces__rosidl_typesupport_introspection_c__pyext.dir/rosidl_generator_py/msg_interfaces/_msg_interfaces_s.ep.rosidl_typesupport_introspection_c.c.o[0m
[4.660s] [ 94%] [32m[1mLinking C shared library rosidl_generator_py/msg_interfaces/msg_interfaces_s__rosidl_typesupport_introspection_c.cpython-310-x86_64-linux-gnu.so[0m
[4.664s] [ 97%] [32m[1mLinking C shared library rosidl_generator_py/msg_interfaces/msg_interfaces_s__rosidl_typesupport_c.cpython-310-x86_64-linux-gnu.so[0m
[4.666s] [100%] [32m[1mLinking C shared library rosidl_generator_py/msg_interfaces/msg_interfaces_s__rosidl_typesupport_fastrtps_c.cpython-310-x86_64-linux-gnu.so[0m
[4.707s] [100%] Built target msg_interfaces__rosidl_typesupport_introspection_c__pyext
[4.708s] [100%] Built target msg_interfaces__rosidl_typesupport_c__pyext
[4.711s] [100%] Built target msg_interfaces__rosidl_typesupport_fastrtps_c__pyext
[4.730s] Invoked command in '/home/stardust/eng_ws/build/msg_interfaces' returned '0': CMAKE_PREFIX_PATH=/opt/ros/iron /usr/bin/cmake --build /home/stardust/eng_ws/build/msg_interfaces -- -j8 -l8
[4.824s] Invoking command in '/home/stardust/eng_ws/build/msg_interfaces': CMAKE_PREFIX_PATH=/opt/ros/iron /usr/bin/cmake --install /home/stardust/eng_ws/build/msg_interfaces
[4.835s] -- Install configuration: ""
[4.835s] -- Up-to-date: /home/stardust/eng_ws/install/msg_interfaces/share/ament_index/resource_index/rosidl_interfaces/msg_interfaces
[4.836s] -- Installing: /home/stardust/eng_ws/install/msg_interfaces/share/msg_interfaces/msg/Angle.json
[4.836s] -- Up-to-date: /home/stardust/eng_ws/install/msg_interfaces/include/msg_interfaces/msg_interfaces
[4.837s] -- Up-to-date: /home/stardust/eng_ws/install/msg_interfaces/include/msg_interfaces/msg_interfaces/msg
[4.837s] -- Installing: /home/stardust/eng_ws/install/msg_interfaces/include/msg_interfaces/msg_interfaces/msg/angle.h
[4.837s] -- Up-to-date: /home/stardust/eng_ws/install/msg_interfaces/include/msg_interfaces/msg_interfaces/msg/detail
[4.837s] -- Installing: /home/stardust/eng_ws/install/msg_interfaces/include/msg_interfaces/msg_interfaces/msg/detail/angle__type_support.h
[4.837s] -- Installing: /home/stardust/eng_ws/install/msg_interfaces/include/msg_interfaces/msg_interfaces/msg/detail/angle__functions.c
[4.838s] -- Installing: /home/stardust/eng_ws/install/msg_interfaces/include/msg_interfaces/msg_interfaces/msg/detail/angle__description.c
[4.838s] -- Installing: /home/stardust/eng_ws/install/msg_interfaces/include/msg_interfaces/msg_interfaces/msg/detail/angle__type_support.c
[4.839s] -- Installing: /home/stardust/eng_ws/install/msg_interfaces/include/msg_interfaces/msg_interfaces/msg/detail/angle__struct.h
[4.839s] -- Installing: /home/stardust/eng_ws/install/msg_interfaces/include/msg_interfaces/msg_interfaces/msg/detail/angle__functions.h
[4.839s] -- Up-to-date: /home/stardust/eng_ws/install/msg_interfaces/include/msg_interfaces/msg_interfaces/msg/rosidl_generator_c__visibility_control.h
[4.839s] -- Installing: /home/stardust/eng_ws/install/msg_interfaces/share/msg_interfaces/environment/library_path.sh
[4.840s] -- Up-to-date: /home/stardust/eng_ws/install/msg_interfaces/share/msg_interfaces/environment/library_path.dsv
[4.841s] -- Installing: /home/stardust/eng_ws/install/msg_interfaces/lib/libmsg_interfaces__rosidl_generator_c.so
[4.842s] -- Set runtime path of "/home/stardust/eng_ws/install/msg_interfaces/lib/libmsg_interfaces__rosidl_generator_c.so" to ""
[4.842s] -- Up-to-date: /home/stardust/eng_ws/install/msg_interfaces/include/msg_interfaces/msg_interfaces
[4.842s] -- Up-to-date: /home/stardust/eng_ws/install/msg_interfaces/include/msg_interfaces/msg_interfaces/msg
[4.842s] -- Up-to-date: /home/stardust/eng_ws/install/msg_interfaces/include/msg_interfaces/msg_interfaces/msg/rosidl_typesupport_fastrtps_c__visibility_control.h
[4.843s] -- Up-to-date: /home/stardust/eng_ws/install/msg_interfaces/include/msg_interfaces/msg_interfaces/msg/detail
[4.843s] -- Installing: /home/stardust/eng_ws/install/msg_interfaces/include/msg_interfaces/msg_interfaces/msg/detail/angle__rosidl_typesupport_fastrtps_c.h
[4.843s] -- Installing: /home/stardust/eng_ws/install/msg_interfaces/lib/libmsg_interfaces__rosidl_typesupport_fastrtps_c.so
[4.843s] -- Set runtime path of "/home/stardust/eng_ws/install/msg_interfaces/lib/libmsg_interfaces__rosidl_typesupport_fastrtps_c.so" to ""
[4.844s] -- Up-to-date: /home/stardust/eng_ws/install/msg_interfaces/include/msg_interfaces/msg_interfaces
[4.844s] -- Up-to-date: /home/stardust/eng_ws/install/msg_interfaces/include/msg_interfaces/msg_interfaces/msg
[4.844s] -- Up-to-date: /home/stardust/eng_ws/install/msg_interfaces/include/msg_interfaces/msg_interfaces/msg/detail
[4.844s] -- Installing: /home/stardust/eng_ws/install/msg_interfaces/include/msg_interfaces/msg_interfaces/msg/detail/angle__type_support.c
[4.844s] -- Installing: /home/stardust/eng_ws/install/msg_interfaces/include/msg_interfaces/msg_interfaces/msg/detail/angle__rosidl_typesupport_introspection_c.h
[4.845s] -- Up-to-date: /home/stardust/eng_ws/install/msg_interfaces/include/msg_interfaces/msg_interfaces/msg/rosidl_typesupport_introspection_c__visibility_control.h
[4.846s] -- Installing: /home/stardust/eng_ws/install/msg_interfaces/lib/libmsg_interfaces__rosidl_typesupport_introspection_c.so
[4.846s] -- Set runtime path of "/home/stardust/eng_ws/install/msg_interfaces/lib/libmsg_interfaces__rosidl_typesupport_introspection_c.so" to ""
[4.846s] -- Installing: /home/stardust/eng_ws/install/msg_interfaces/lib/libmsg_interfaces__rosidl_typesupport_c.so
[4.847s] -- Set runtime path of "/home/stardust/eng_ws/install/msg_interfaces/lib/libmsg_interfaces__rosidl_typesupport_c.so" to ""
[4.847s] -- Up-to-date: /home/stardust/eng_ws/install/msg_interfaces/include/msg_interfaces/msg_interfaces
[4.847s] -- Up-to-date: /home/stardust/eng_ws/install/msg_interfaces/include/msg_interfaces/msg_interfaces/msg
[4.848s] -- Installing: /home/stardust/eng_ws/install/msg_interfaces/include/msg_interfaces/msg_interfaces/msg/angle.hpp
[4.848s] -- Up-to-date: /home/stardust/eng_ws/install/msg_interfaces/include/msg_interfaces/msg_interfaces/msg/detail
[4.848s] -- Installing: /home/stardust/eng_ws/install/msg_interfaces/include/msg_interfaces/msg_interfaces/msg/detail/angle__builder.hpp
[4.848s] -- Installing: /home/stardust/eng_ws/install/msg_interfaces/include/msg_interfaces/msg_interfaces/msg/detail/angle__traits.hpp
[4.849s] -- Installing: /home/stardust/eng_ws/install/msg_interfaces/include/msg_interfaces/msg_interfaces/msg/detail/angle__struct.hpp
[4.849s] -- Up-to-date: /home/stardust/eng_ws/install/msg_interfaces/include/msg_interfaces/msg_interfaces
[4.850s] -- Up-to-date: /home/stardust/eng_ws/install/msg_interfaces/include/msg_interfaces/msg_interfaces/msg
[4.850s] -- Up-to-date: /home/stardust/eng_ws/install/msg_interfaces/include/msg_interfaces/msg_interfaces/msg/rosidl_typesupport_fastrtps_cpp__visibility_control.h
[4.850s] -- Up-to-date: /home/stardust/eng_ws/install/msg_interfaces/include/msg_interfaces/msg_interfaces/msg/detail
[4.850s] -- Installing: /home/stardust/eng_ws/install/msg_interfaces/include/msg_interfaces/msg_interfaces/msg/detail/angle__rosidl_typesupport_fastrtps_cpp.hpp
[4.850s] -- Up-to-date: /home/stardust/eng_ws/install/msg_interfaces/include/msg_interfaces/msg_interfaces/msg/detail/dds_fastrtps
[4.851s] -- Installing: /home/stardust/eng_ws/install/msg_interfaces/lib/libmsg_interfaces__rosidl_typesupport_fastrtps_cpp.so
[4.851s] -- Set runtime path of "/home/stardust/eng_ws/install/msg_interfaces/lib/libmsg_interfaces__rosidl_typesupport_fastrtps_cpp.so" to ""
[4.852s] -- Up-to-date: /home/stardust/eng_ws/install/msg_interfaces/include/msg_interfaces/msg_interfaces
[4.852s] -- Up-to-date: /home/stardust/eng_ws/install/msg_interfaces/include/msg_interfaces/msg_interfaces/msg
[4.852s] -- Up-to-date: /home/stardust/eng_ws/install/msg_interfaces/include/msg_interfaces/msg_interfaces/msg/detail
[4.852s] -- Installing: /home/stardust/eng_ws/install/msg_interfaces/include/msg_interfaces/msg_interfaces/msg/detail/angle__type_support.cpp
[4.853s] -- Installing: /home/stardust/eng_ws/install/msg_interfaces/include/msg_interfaces/msg_interfaces/msg/detail/angle__rosidl_typesupport_introspection_cpp.hpp
[4.853s] -- Installing: /home/stardust/eng_ws/install/msg_interfaces/lib/libmsg_interfaces__rosidl_typesupport_introspection_cpp.so
[4.854s] -- Set runtime path of "/home/stardust/eng_ws/install/msg_interfaces/lib/libmsg_interfaces__rosidl_typesupport_introspection_cpp.so" to ""
[4.854s] -- Installing: /home/stardust/eng_ws/install/msg_interfaces/lib/libmsg_interfaces__rosidl_typesupport_cpp.so
[4.856s] -- Set runtime path of "/home/stardust/eng_ws/install/msg_interfaces/lib/libmsg_interfaces__rosidl_typesupport_cpp.so" to ""
[4.856s] -- Up-to-date: /home/stardust/eng_ws/install/msg_interfaces/share/msg_interfaces/environment/pythonpath.sh
[4.856s] -- Up-to-date: /home/stardust/eng_ws/install/msg_interfaces/share/msg_interfaces/environment/pythonpath.dsv
[4.856s] -- Up-to-date: /home/stardust/eng_ws/install/msg_interfaces/local/lib/python3.10/dist-packages/msg_interfaces-0.0.0-py3.10.egg-info
[4.857s] -- Installing: /home/stardust/eng_ws/install/msg_interfaces/local/lib/python3.10/dist-packages/msg_interfaces-0.0.0-py3.10.egg-info/PKG-INFO
[4.857s] -- Installing: /home/stardust/eng_ws/install/msg_interfaces/local/lib/python3.10/dist-packages/msg_interfaces-0.0.0-py3.10.egg-info/dependency_links.txt
[4.857s] -- Installing: /home/stardust/eng_ws/install/msg_interfaces/local/lib/python3.10/dist-packages/msg_interfaces-0.0.0-py3.10.egg-info/SOURCES.txt
[4.858s] -- Installing: /home/stardust/eng_ws/install/msg_interfaces/local/lib/python3.10/dist-packages/msg_interfaces-0.0.0-py3.10.egg-info/top_level.txt
[4.858s] -- Up-to-date: /home/stardust/eng_ws/install/msg_interfaces/local/lib/python3.10/dist-packages/msg_interfaces
[4.858s] -- Up-to-date: /home/stardust/eng_ws/install/msg_interfaces/local/lib/python3.10/dist-packages/msg_interfaces/msg
[4.859s] -- Installing: /home/stardust/eng_ws/install/msg_interfaces/local/lib/python3.10/dist-packages/msg_interfaces/msg/__init__.py
[4.859s] -- Installing: /home/stardust/eng_ws/install/msg_interfaces/local/lib/python3.10/dist-packages/msg_interfaces/msg/_angle_s.c
[4.859s] -- Installing: /home/stardust/eng_ws/install/msg_interfaces/local/lib/python3.10/dist-packages/msg_interfaces/msg/_angle.py
[4.860s] -- Installing: /home/stardust/eng_ws/install/msg_interfaces/local/lib/python3.10/dist-packages/msg_interfaces/msg_interfaces_s__rosidl_typesupport_introspection_c.cpython-310-x86_64-linux-gnu.so
[4.860s] -- Installing: /home/stardust/eng_ws/install/msg_interfaces/local/lib/python3.10/dist-packages/msg_interfaces/_msg_interfaces_s.ep.rosidl_typesupport_c.c
[4.861s] -- Installing: /home/stardust/eng_ws/install/msg_interfaces/local/lib/python3.10/dist-packages/msg_interfaces/_msg_interfaces_s.ep.rosidl_typesupport_introspection_c.c
[4.861s] -- Installing: /home/stardust/eng_ws/install/msg_interfaces/local/lib/python3.10/dist-packages/msg_interfaces/msg_interfaces_s__rosidl_typesupport_fastrtps_c.cpython-310-x86_64-linux-gnu.so
[4.861s] -- Installing: /home/stardust/eng_ws/install/msg_interfaces/local/lib/python3.10/dist-packages/msg_interfaces/__init__.py
[4.861s] -- Installing: /home/stardust/eng_ws/install/msg_interfaces/local/lib/python3.10/dist-packages/msg_interfaces/_msg_interfaces_s.ep.rosidl_typesupport_fastrtps_c.c
[4.862s] -- Installing: /home/stardust/eng_ws/install/msg_interfaces/local/lib/python3.10/dist-packages/msg_interfaces/msg_interfaces_s__rosidl_typesupport_c.cpython-310-x86_64-linux-gnu.so
[4.862s] -- Installing: /home/stardust/eng_ws/install/msg_interfaces/local/lib/python3.10/dist-packages/msg_interfaces/libmsg_interfaces__rosidl_generator_py.so
[4.920s] Listing '/home/stardust/eng_ws/install/msg_interfaces/local/lib/python3.10/dist-packages/msg_interfaces'...
[4.920s] Compiling '/home/stardust/eng_ws/install/msg_interfaces/local/lib/python3.10/dist-packages/msg_interfaces/__init__.py'...
[4.920s] Listing '/home/stardust/eng_ws/install/msg_interfaces/local/lib/python3.10/dist-packages/msg_interfaces/msg'...
[4.920s] Compiling '/home/stardust/eng_ws/install/msg_interfaces/local/lib/python3.10/dist-packages/msg_interfaces/msg/__init__.py'...
[4.920s] Compiling '/home/stardust/eng_ws/install/msg_interfaces/local/lib/python3.10/dist-packages/msg_interfaces/msg/_angle.py'...
[4.926s] -- Installing: /home/stardust/eng_ws/install/msg_interfaces/local/lib/python3.10/dist-packages/msg_interfaces/msg_interfaces_s__rosidl_typesupport_fastrtps_c.cpython-310-x86_64-linux-gnu.so
[4.927s] -- Set runtime path of "/home/stardust/eng_ws/install/msg_interfaces/local/lib/python3.10/dist-packages/msg_interfaces/msg_interfaces_s__rosidl_typesupport_fastrtps_c.cpython-310-x86_64-linux-gnu.so" to ""
[4.927s] -- Installing: /home/stardust/eng_ws/install/msg_interfaces/local/lib/python3.10/dist-packages/msg_interfaces/msg_interfaces_s__rosidl_typesupport_introspection_c.cpython-310-x86_64-linux-gnu.so
[4.928s] -- Set runtime path of "/home/stardust/eng_ws/install/msg_interfaces/local/lib/python3.10/dist-packages/msg_interfaces/msg_interfaces_s__rosidl_typesupport_introspection_c.cpython-310-x86_64-linux-gnu.so" to ""
[4.928s] -- Installing: /home/stardust/eng_ws/install/msg_interfaces/local/lib/python3.10/dist-packages/msg_interfaces/msg_interfaces_s__rosidl_typesupport_c.cpython-310-x86_64-linux-gnu.so
[4.929s] -- Set runtime path of "/home/stardust/eng_ws/install/msg_interfaces/local/lib/python3.10/dist-packages/msg_interfaces/msg_interfaces_s__rosidl_typesupport_c.cpython-310-x86_64-linux-gnu.so" to ""
[4.931s] -- Installing: /home/stardust/eng_ws/install/msg_interfaces/lib/libmsg_interfaces__rosidl_generator_py.so
[4.932s] -- Set runtime path of "/home/stardust/eng_ws/install/msg_interfaces/lib/libmsg_interfaces__rosidl_generator_py.so" to ""
[4.932s] -- Up-to-date: /home/stardust/eng_ws/install/msg_interfaces/share/msg_interfaces/msg/Angle.idl
[4.932s] -- Up-to-date: /home/stardust/eng_ws/install/msg_interfaces/share/msg_interfaces/msg/Angle.msg
[4.933s] -- Up-to-date: /home/stardust/eng_ws/install/msg_interfaces/share/ament_index/resource_index/package_run_dependencies/msg_interfaces
[4.933s] -- Installing: /home/stardust/eng_ws/install/msg_interfaces/share/ament_index/resource_index/parent_prefix_path/msg_interfaces
[4.933s] -- Installing: /home/stardust/eng_ws/install/msg_interfaces/share/msg_interfaces/environment/ament_prefix_path.sh
[4.934s] -- Up-to-date: /home/stardust/eng_ws/install/msg_interfaces/share/msg_interfaces/environment/ament_prefix_path.dsv
[4.934s] -- Installing: /home/stardust/eng_ws/install/msg_interfaces/share/msg_interfaces/environment/path.sh
[4.935s] -- Up-to-date: /home/stardust/eng_ws/install/msg_interfaces/share/msg_interfaces/environment/path.dsv
[4.935s] -- Up-to-date: /home/stardust/eng_ws/install/msg_interfaces/share/msg_interfaces/local_setup.bash
[4.935s] -- Up-to-date: /home/stardust/eng_ws/install/msg_interfaces/share/msg_interfaces/local_setup.sh
[4.935s] -- Up-to-date: /home/stardust/eng_ws/install/msg_interfaces/share/msg_interfaces/local_setup.zsh
[4.935s] -- Up-to-date: /home/stardust/eng_ws/install/msg_interfaces/share/msg_interfaces/local_setup.dsv
[4.936s] -- Installing: /home/stardust/eng_ws/install/msg_interfaces/share/msg_interfaces/package.dsv
[4.936s] -- Up-to-date: /home/stardust/eng_ws/install/msg_interfaces/share/ament_index/resource_index/packages/msg_interfaces
[4.937s] -- Up-to-date: /home/stardust/eng_ws/install/msg_interfaces/share/msg_interfaces/cmake/export_msg_interfaces__rosidl_generator_cExport.cmake
[4.937s] -- Up-to-date: /home/stardust/eng_ws/install/msg_interfaces/share/msg_interfaces/cmake/export_msg_interfaces__rosidl_generator_cExport-noconfig.cmake
[4.937s] -- Up-to-date: /home/stardust/eng_ws/install/msg_interfaces/share/msg_interfaces/cmake/export_msg_interfaces__rosidl_typesupport_fastrtps_cExport.cmake
[4.937s] -- Up-to-date: /home/stardust/eng_ws/install/msg_interfaces/share/msg_interfaces/cmake/export_msg_interfaces__rosidl_typesupport_fastrtps_cExport-noconfig.cmake
[4.938s] -- Old export file "/home/stardust/eng_ws/install/msg_interfaces/share/msg_interfaces/cmake/msg_interfaces__rosidl_typesupport_introspection_cExport.cmake" will be replaced.  Removing files [/home/stardust/eng_ws/install/msg_interfaces/share/msg_interfaces/cmake/msg_interfaces__rosidl_typesupport_introspection_cExport-noconfig.cmake].
[4.938s] -- Installing: /home/stardust/eng_ws/install/msg_interfaces/share/msg_interfaces/cmake/msg_interfaces__rosidl_typesupport_introspection_cExport.cmake
[4.939s] -- Installing: /home/stardust/eng_ws/install/msg_interfaces/share/msg_interfaces/cmake/msg_interfaces__rosidl_typesupport_introspection_cExport-noconfig.cmake
[4.939s] -- Up-to-date: /home/stardust/eng_ws/install/msg_interfaces/share/msg_interfaces/cmake/msg_interfaces__rosidl_typesupport_cExport.cmake
[4.939s] -- Up-to-date: /home/stardust/eng_ws/install/msg_interfaces/share/msg_interfaces/cmake/msg_interfaces__rosidl_typesupport_cExport-noconfig.cmake
[4.940s] -- Installing: /home/stardust/eng_ws/install/msg_interfaces/share/msg_interfaces/cmake/export_msg_interfaces__rosidl_generator_cppExport.cmake
[4.940s] -- Old export file "/home/stardust/eng_ws/install/msg_interfaces/share/msg_interfaces/cmake/export_msg_interfaces__rosidl_typesupport_fastrtps_cppExport.cmake" will be replaced.  Removing files [/home/stardust/eng_ws/install/msg_interfaces/share/msg_interfaces/cmake/export_msg_interfaces__rosidl_typesupport_fastrtps_cppExport-noconfig.cmake].
[4.940s] -- Installing: /home/stardust/eng_ws/install/msg_interfaces/share/msg_interfaces/cmake/export_msg_interfaces__rosidl_typesupport_fastrtps_cppExport.cmake
[4.941s] -- Installing: /home/stardust/eng_ws/install/msg_interfaces/share/msg_interfaces/cmake/export_msg_interfaces__rosidl_typesupport_fastrtps_cppExport-noconfig.cmake
[4.941s] -- Old export file "/home/stardust/eng_ws/install/msg_interfaces/share/msg_interfaces/cmake/msg_interfaces__rosidl_typesupport_introspection_cppExport.cmake" will be replaced.  Removing files [/home/stardust/eng_ws/install/msg_interfaces/share/msg_interfaces/cmake/msg_interfaces__rosidl_typesupport_introspection_cppExport-noconfig.cmake].
[4.942s] -- Installing: /home/stardust/eng_ws/install/msg_interfaces/share/msg_interfaces/cmake/msg_interfaces__rosidl_typesupport_introspection_cppExport.cmake
[4.942s] -- Installing: /home/stardust/eng_ws/install/msg_interfaces/share/msg_interfaces/cmake/msg_interfaces__rosidl_typesupport_introspection_cppExport-noconfig.cmake
[4.943s] -- Old export file "/home/stardust/eng_ws/install/msg_interfaces/share/msg_interfaces/cmake/msg_interfaces__rosidl_typesupport_cppExport.cmake" will be replaced.  Removing files [/home/stardust/eng_ws/install/msg_interfaces/share/msg_interfaces/cmake/msg_interfaces__rosidl_typesupport_cppExport-noconfig.cmake].
[4.943s] -- Installing: /home/stardust/eng_ws/install/msg_interfaces/share/msg_interfaces/cmake/msg_interfaces__rosidl_typesupport_cppExport.cmake
[4.943s] -- Installing: /home/stardust/eng_ws/install/msg_interfaces/share/msg_interfaces/cmake/msg_interfaces__rosidl_typesupport_cppExport-noconfig.cmake
[4.944s] -- Up-to-date: /home/stardust/eng_ws/install/msg_interfaces/share/msg_interfaces/cmake/export_msg_interfaces__rosidl_generator_pyExport.cmake
[4.944s] -- Up-to-date: /home/stardust/eng_ws/install/msg_interfaces/share/msg_interfaces/cmake/export_msg_interfaces__rosidl_generator_pyExport-noconfig.cmake
[4.945s] -- Up-to-date: /home/stardust/eng_ws/install/msg_interfaces/share/msg_interfaces/cmake/rosidl_cmake-extras.cmake
[4.945s] -- Up-to-date: /home/stardust/eng_ws/install/msg_interfaces/share/msg_interfaces/cmake/ament_cmake_export_include_directories-extras.cmake
[4.945s] -- Up-to-date: /home/stardust/eng_ws/install/msg_interfaces/share/msg_interfaces/cmake/ament_cmake_export_libraries-extras.cmake
[4.945s] -- Up-to-date: /home/stardust/eng_ws/install/msg_interfaces/share/msg_interfaces/cmake/ament_cmake_export_targets-extras.cmake
[4.945s] -- Up-to-date: /home/stardust/eng_ws/install/msg_interfaces/share/msg_interfaces/cmake/rosidl_cmake_export_typesupport_targets-extras.cmake
[4.945s] -- Up-to-date: /home/stardust/eng_ws/install/msg_interfaces/share/msg_interfaces/cmake/ament_cmake_export_dependencies-extras.cmake
[4.946s] -- Up-to-date: /home/stardust/eng_ws/install/msg_interfaces/share/msg_interfaces/cmake/rosidl_cmake_export_typesupport_libraries-extras.cmake
[4.946s] -- Installing: /home/stardust/eng_ws/install/msg_interfaces/share/msg_interfaces/cmake/msg_interfacesConfig.cmake
[4.946s] -- Up-to-date: /home/stardust/eng_ws/install/msg_interfaces/share/msg_interfaces/cmake/msg_interfacesConfig-version.cmake
[4.946s] -- Up-to-date: /home/stardust/eng_ws/install/msg_interfaces/share/msg_interfaces/package.xml
[4.950s] Invoked command in '/home/stardust/eng_ws/build/msg_interfaces' returned '0': CMAKE_PREFIX_PATH=/opt/ros/iron /usr/bin/cmake --install /home/stardust/eng_ws/build/msg_interfaces
