[0.024s] Invoking command in '/home/jlurobovision/eng_ws/build/serial': CMAKE_PREFIX_PATH=/opt/ros/humble /usr/bin/cmake /home/jlurobovision/eng_ws/src/serial -DCMAKE_INSTALL_PREFIX=/home/jlurobovision/eng_ws/install/serial
[0.069s] -- Found ament_cmake: 1.3.0 (/usr/share/ament_cmake/cmake)
[0.619s] -- Found ament_cmake_auto: 1.3.0 (/usr/share/ament_cmake_auto/cmake)
[0.710s] -- Found ament_lint_auto: 0.12.10 (/opt/ros/humble/share/ament_lint_auto/cmake)
[0.725s] -- Added test 'cppcheck' to perform static code analysis on C / C++ code
[0.725s] -- Configured cppcheck include dirs: 
[0.725s] -- Configured cppcheck exclude dirs and/or files: 
[0.725s] -- Added test 'lint_cmake' to check CMake code style
[0.726s] -- Added test 'uncrustify' to check C / C++ code style
[0.726s] -- Configured uncrustify additional arguments: 
[0.726s] -- Added test 'xmllint' to check XML markup files
[0.730s] -- Configuring done
[0.735s] -- Generating done
[0.736s] -- Build files have been written to: /home/jlurobovision/eng_ws/build/serial
[0.744s] Invoked command in '/home/jlurobovision/eng_ws/build/serial' returned '0': CMAKE_PREFIX_PATH=/opt/ros/humble /usr/bin/cmake /home/jlurobovision/eng_ws/src/serial -DCMAKE_INSTALL_PREFIX=/home/jlurobovision/eng_ws/install/serial
[0.751s] Invoking command in '/home/jlurobovision/eng_ws/build/serial': CMAKE_PREFIX_PATH=/opt/ros/humble /usr/bin/cmake --build /home/jlurobovision/eng_ws/build/serial -- -j12 -l12
[0.803s] Invoked command in '/home/jlurobovision/eng_ws/build/serial' returned '0': CMAKE_PREFIX_PATH=/opt/ros/humble /usr/bin/cmake --build /home/jlurobovision/eng_ws/build/serial -- -j12 -l12
[0.859s] Invoking command in '/home/jlurobovision/eng_ws/build/serial': CMAKE_PREFIX_PATH=/opt/ros/humble /usr/bin/cmake --install /home/jlurobovision/eng_ws/build/serial
[0.866s] -- Install configuration: ""
[0.866s] -- Installing: /home/jlurobovision/eng_ws/install/serial/include
[0.866s] -- Installing: /home/jlurobovision/eng_ws/install/serial/include/serial
[0.866s] -- Installing: /home/jlurobovision/eng_ws/install/serial/include/serial/crc_check.hpp
[0.866s] -- Installing: /home/jlurobovision/eng_ws/install/serial/include/serial/serial.hpp
[0.867s] -- Installing: /home/jlurobovision/eng_ws/install/serial/include/serial/packet.hpp
[0.867s] -- Installing: /home/jlurobovision/eng_ws/install/serial/share/ament_index/resource_index/package_run_dependencies/serial
[0.867s] -- Installing: /home/jlurobovision/eng_ws/install/serial/share/ament_index/resource_index/parent_prefix_path/serial
[0.867s] -- Installing: /home/jlurobovision/eng_ws/install/serial/share/serial/environment/ament_prefix_path.sh
[0.867s] -- Installing: /home/jlurobovision/eng_ws/install/serial/share/serial/environment/ament_prefix_path.dsv
[0.867s] -- Installing: /home/jlurobovision/eng_ws/install/serial/share/serial/environment/path.sh
[0.868s] -- Installing: /home/jlurobovision/eng_ws/install/serial/share/serial/environment/path.dsv
[0.868s] -- Installing: /home/jlurobovision/eng_ws/install/serial/share/serial/local_setup.bash
[0.868s] -- Installing: /home/jlurobovision/eng_ws/install/serial/share/serial/local_setup.sh
[0.868s] -- Installing: /home/jlurobovision/eng_ws/install/serial/share/serial/local_setup.zsh
[0.868s] -- Installing: /home/jlurobovision/eng_ws/install/serial/share/serial/local_setup.dsv
[0.868s] -- Installing: /home/jlurobovision/eng_ws/install/serial/share/serial/package.dsv
[0.868s] -- Installing: /home/jlurobovision/eng_ws/install/serial/share/ament_index/resource_index/packages/serial
[0.869s] -- Installing: /home/jlurobovision/eng_ws/install/serial/share/serial/cmake/ament_cmake_export_include_directories-extras.cmake
[0.869s] -- Installing: /home/jlurobovision/eng_ws/install/serial/share/serial/cmake/serialConfig.cmake
[0.869s] -- Installing: /home/jlurobovision/eng_ws/install/serial/share/serial/cmake/serialConfig-version.cmake
[0.869s] -- Installing: /home/jlurobovision/eng_ws/install/serial/share/serial/package.xml
[0.871s] Invoked command in '/home/jlurobovision/eng_ws/build/serial' returned '0': CMAKE_PREFIX_PATH=/opt/ros/humble /usr/bin/cmake --install /home/jlurobovision/eng_ws/build/serial
