-- Found ament_cmake: 1.3.8 (/opt/ros/humble/share/ament_cmake/cmake)
-- Override CMake install command with custom implementation using symlinks instead of copying resources
-- Found ament_cmake_auto: 1.3.8 (/opt/ros/humble/share/ament_cmake_auto/cmake)
-- Found image_transport: 3.1.8 (/opt/ros/humble/share/image_transport/cmake)
-- Found rosidl_generator_c: 3.1.5 (/opt/ros/humble/share/rosidl_generator_c/cmake)
-- Found rosidl_adapter: 3.1.5 (/opt/ros/humble/share/rosidl_adapter/cmake)
-- Found rosidl_generator_cpp: 3.1.5 (/opt/ros/humble/share/rosidl_generator_cpp/cmake)
-- Using all available rosidl_typesupport_c: rosidl_typesupport_fastrtps_c;rosidl_typesupport_introspection_c
-- Using all available rosidl_typesupport_cpp: rosidl_typesupport_fastrtps_cpp;rosidl_typesupport_introspection_cpp
-- Found rmw_implementation_cmake: 6.1.1 (/opt/ros/humble/share/rmw_implementation_cmake/cmake)
-- Found rmw_fastrtps_cpp: 6.2.6 (/opt/ros/humble/share/rmw_fastrtps_cpp/cmake)
-- Using RMW implementation 'rmw_fastrtps_cpp' as default
-- Found cv_bridge: 3.2.1 (/opt/ros/humble/share/cv_bridge/cmake)
-- Found serial: 0.0.0 (/home/jlurobovision/eng_ws/install/serial/share/serial/cmake)
-- Found msg_interfaces: 0.0.0 (/home/jlurobovision/eng_ws/install/msg_interfaces/share/msg_interfaces/cmake)
-- Found ament_lint_auto: 0.12.10 (/opt/ros/humble/share/ament_lint_auto/cmake)
-- Added test 'copyright' to check source files copyright and LICENSE
-- Added test 'cppcheck' to perform static code analysis on C / C++ code
-- Configured cppcheck include dirs: /home/jlurobovision/eng_ws/src/exchangestation_detector/include;$<BUILD_INTERFACE:/home/jlurobovision/eng_ws/src/exchangestation_detector/include>
-- Configured cppcheck exclude dirs and/or files: 
-- Added test 'flake8' to check Python code syntax and style conventions
-- Added test 'lint_cmake' to check CMake code style
-- Added test 'pep257' to check Python code against some of the docstring style conventions in PEP 257
-- Added test 'uncrustify' to check C / C++ code style
-- Configured uncrustify additional arguments: 
-- Added test 'xmllint' to check XML markup files
-- Configuring done
-- Generating done
-- Build files have been written to: /home/jlurobovision/eng_ws/build/exchangestation_detector
[35m[1mConsolidate compiler generated dependencies of target detector_node[0m
[35m[1mConsolidate compiler generated dependencies of target exchangestation_detector[0m
[100%] Built target detector_node
[100%] Built target exchangestation_detector
-- Install configuration: ""
-- Execute custom install script
-- Up-to-date symlink: /home/jlurobovision/eng_ws/install/exchangestation_detector/lib/exchangestation_detector/detector_node
-- Up-to-date symlink: /home/jlurobovision/eng_ws/install/exchangestation_detector/share/exchangestation_detector/launch/detector_node.launch.py
-- Up-to-date symlink: /home/jlurobovision/eng_ws/install/exchangestation_detector/include/exchangestation_detector/detector_node.hpp
-- Up-to-date symlink: /home/jlurobovision/eng_ws/install/exchangestation_detector/include/exchangestation_detector/exchangestation_detector.hpp
-- Up-to-date symlink: /home/jlurobovision/eng_ws/install/exchangestation_detector/share/exchangestation_detector/environment/library_path.sh
-- Up-to-date symlink: /home/jlurobovision/eng_ws/install/exchangestation_detector/share/exchangestation_detector/environment/library_path.dsv
-- Up-to-date symlink: /home/jlurobovision/eng_ws/install/exchangestation_detector/lib/libexchangestation_detector.so
-- Up-to-date symlink: /home/jlurobovision/eng_ws/install/exchangestation_detector/share/ament_index/resource_index/package_run_dependencies/exchangestation_detector
-- Up-to-date symlink: /home/jlurobovision/eng_ws/install/exchangestation_detector/share/ament_index/resource_index/parent_prefix_path/exchangestation_detector
-- Up-to-date symlink: /home/jlurobovision/eng_ws/install/exchangestation_detector/share/exchangestation_detector/environment/ament_prefix_path.sh
-- Up-to-date symlink: /home/jlurobovision/eng_ws/install/exchangestation_detector/share/exchangestation_detector/environment/ament_prefix_path.dsv
-- Up-to-date symlink: /home/jlurobovision/eng_ws/install/exchangestation_detector/share/exchangestation_detector/environment/path.sh
-- Up-to-date symlink: /home/jlurobovision/eng_ws/install/exchangestation_detector/share/exchangestation_detector/environment/path.dsv
-- Up-to-date symlink: /home/jlurobovision/eng_ws/install/exchangestation_detector/share/exchangestation_detector/local_setup.bash
-- Up-to-date symlink: /home/jlurobovision/eng_ws/install/exchangestation_detector/share/exchangestation_detector/local_setup.sh
-- Up-to-date symlink: /home/jlurobovision/eng_ws/install/exchangestation_detector/share/exchangestation_detector/local_setup.zsh
-- Up-to-date symlink: /home/jlurobovision/eng_ws/install/exchangestation_detector/share/exchangestation_detector/local_setup.dsv
-- Symlinking: /home/jlurobovision/eng_ws/install/exchangestation_detector/share/exchangestation_detector/package.dsv
-- Up-to-date symlink: /home/jlurobovision/eng_ws/install/exchangestation_detector/share/ament_index/resource_index/packages/exchangestation_detector
-- Up-to-date symlink: /home/jlurobovision/eng_ws/install/exchangestation_detector/share/ament_index/resource_index/rclcpp_components/exchangestation_detector
-- Up-to-date symlink: /home/jlurobovision/eng_ws/install/exchangestation_detector/share/exchangestation_detector/cmake/ament_cmake_export_dependencies-extras.cmake
-- Up-to-date symlink: /home/jlurobovision/eng_ws/install/exchangestation_detector/share/exchangestation_detector/cmake/ament_cmake_export_include_directories-extras.cmake
-- Up-to-date symlink: /home/jlurobovision/eng_ws/install/exchangestation_detector/share/exchangestation_detector/cmake/ament_cmake_export_libraries-extras.cmake
-- Up-to-date symlink: /home/jlurobovision/eng_ws/install/exchangestation_detector/share/exchangestation_detector/cmake/exchangestation_detectorConfig.cmake
-- Up-to-date symlink: /home/jlurobovision/eng_ws/install/exchangestation_detector/share/exchangestation_detector/cmake/exchangestation_detectorConfig-version.cmake
-- Up-to-date symlink: /home/jlurobovision/eng_ws/install/exchangestation_detector/share/exchangestation_detector/package.xml
