[0.078s] Invoking command in '/home/stardust/eng_ws/build/exchangestation_detector': CMAKE_PREFIX_PATH=/home/stardust/eng_ws/install/msg_interface:/home/stardust/eng_ws/install/serial:/home/stardust/eng_ws/install/hik_camera:/opt/ros/humble /usr/bin/cmake --build /home/stardust/eng_ws/build/exchangestation_detector -- -j8 -l8
[0.141s] -- Found ament_cmake: 1.3.7 (/opt/ros/humble/share/ament_cmake/cmake)
[0.289s] -- Found ament_cmake_auto: 1.3.7 (/opt/ros/humble/share/ament_cmake_auto/cmake)
[0.291s] -- Found image_transport: 3.1.8 (/opt/ros/humble/share/image_transport/cmake)
[0.332s] -- Found rosidl_generator_c: 3.1.5 (/opt/ros/humble/share/rosidl_generator_c/cmake)
[0.335s] -- Found rosidl_adapter: 3.1.5 (/opt/ros/humble/share/rosidl_adapter/cmake)
[0.343s] -- Found rosidl_generator_cpp: 3.1.5 (/opt/ros/humble/share/rosidl_generator_cpp/cmake)
[0.355s] -- Using all available rosidl_typesupport_c: rosidl_typesupport_fastrtps_c;rosidl_typesupport_introspection_c
[0.371s] -- Using all available rosidl_typesupport_cpp: rosidl_typesupport_fastrtps_cpp;rosidl_typesupport_introspection_cpp
[0.427s] -- Found rmw_implementation_cmake: 6.1.1 (/opt/ros/humble/share/rmw_implementation_cmake/cmake)
[0.430s] -- Found rmw_fastrtps_cpp: 6.2.6 (/opt/ros/humble/share/rmw_fastrtps_cpp/cmake)
[0.551s] -- Using RMW implementation 'rmw_fastrtps_cpp' as default
[0.823s] [31mCMake Error at /opt/ros/humble/share/ament_cmake_target_dependencies/cmake/ament_target_dependencies.cmake:77 (message):
[0.823s]   ament_target_dependencies() the passed package name 'cv_bridge' was not
[0.823s]   found before
[0.823s] Call Stack (most recent call first):
[0.823s]   CMakeLists.txt:21 (ament_target_dependencies)
[0.823s] 
[0.823s] [0m
[0.823s] -- Configuring incomplete, errors occurred!
[0.824s] See also "/home/stardust/eng_ws/build/exchangestation_detector/CMakeFiles/CMakeOutput.log".
[0.830s] gmake: *** [Makefile:294：cmake_check_build_system] 错误 1
[0.833s] Invoked command in '/home/stardust/eng_ws/build/exchangestation_detector' returned '2': CMAKE_PREFIX_PATH=/home/stardust/eng_ws/install/msg_interface:/home/stardust/eng_ws/install/serial:/home/stardust/eng_ws/install/hik_camera:/opt/ros/humble /usr/bin/cmake --build /home/stardust/eng_ws/build/exchangestation_detector -- -j8 -l8
