[0.015s] Invoking command in '/home/jlurobovision/eng_ws/build/msg_interfaces': CMAKE_PREFIX_PATH=${CMAKE_PREFIX_PATH}:/opt/ros/humble /usr/bin/cmake --build /home/jlurobovision/eng_ws/build/msg_interfaces -- -j12 -l12
[0.074s] [  9%] Built target msg_interfaces__cpp
[0.075s] [ 12%] Built target msg_interfaces__rosidl_generator_c
[0.083s] [ 12%] Built target ament_cmake_python_symlink_msg_interfaces
[0.098s] [ 22%] Built target msg_interfaces__rosidl_typesupport_fastrtps_cpp
[0.100s] [ 32%] Built target msg_interfaces__rosidl_typesupport_introspection_cpp
[0.103s] [ 41%] Built target msg_interfaces__rosidl_typesupport_cpp
[0.115s] [ 51%] Built target msg_interfaces__rosidl_typesupport_introspection_c
[0.116s] [ 61%] Built target msg_interfaces__rosidl_typesupport_c
[0.120s] [ 70%] Built target msg_interfaces__rosidl_typesupport_fastrtps_c
[0.156s] [ 70%] Built target msg_interfaces
[0.189s] [ 74%] Built target msg_interfaces__py
[0.226s] [ 80%] Built target msg_interfaces__rosidl_generator_py
[0.282s] [ 93%] Built target msg_interfaces__rosidl_typesupport_c__pyext
[0.282s] [ 93%] Built target msg_interfaces__rosidl_typesupport_fastrtps_c__pyext
[0.287s] [100%] Built target msg_interfaces__rosidl_typesupport_introspection_c__pyext
[0.724s] running egg_info
[0.725s] writing msg_interfaces.egg-info/PKG-INFO
[0.725s] writing dependency_links to msg_interfaces.egg-info/dependency_links.txt
[0.725s] writing top-level names to msg_interfaces.egg-info/top_level.txt
[0.730s] reading manifest file 'msg_interfaces.egg-info/SOURCES.txt'
[0.731s] writing manifest file 'msg_interfaces.egg-info/SOURCES.txt'
[0.762s] [100%] Built target ament_cmake_python_build_msg_interfaces_egg
[0.777s] Invoked command in '/home/jlurobovision/eng_ws/build/msg_interfaces' returned '0': CMAKE_PREFIX_PATH=${CMAKE_PREFIX_PATH}:/opt/ros/humble /usr/bin/cmake --build /home/jlurobovision/eng_ws/build/msg_interfaces -- -j12 -l12
[0.836s] Invoking command in '/home/jlurobovision/eng_ws/build/msg_interfaces': CMAKE_PREFIX_PATH=${CMAKE_PREFIX_PATH}:/opt/ros/humble /usr/bin/cmake --install /home/jlurobovision/eng_ws/build/msg_interfaces
[0.848s] -- Install configuration: ""
[0.849s] -- Execute custom install script
[0.849s] -- Up-to-date symlink: /home/jlurobovision/eng_ws/install/msg_interfaces/share/ament_index/resource_index/rosidl_interfaces/msg_interfaces
[0.849s] -- Up-to-date symlink: /home/jlurobovision/eng_ws/install/msg_interfaces/include/msg_interfaces/msg_interfaces/msg/angle.h
[0.849s] -- Up-to-date symlink: /home/jlurobovision/eng_ws/install/msg_interfaces/include/msg_interfaces/msg_interfaces/msg/detail/angle__functions.h
[0.850s] -- Up-to-date symlink: /home/jlurobovision/eng_ws/install/msg_interfaces/include/msg_interfaces/msg_interfaces/msg/detail/angle__struct.h
[0.850s] -- Up-to-date symlink: /home/jlurobovision/eng_ws/install/msg_interfaces/include/msg_interfaces/msg_interfaces/msg/detail/angle__type_support.h
[0.850s] -- Up-to-date symlink: /home/jlurobovision/eng_ws/install/msg_interfaces/include/msg_interfaces/msg_interfaces/msg/rosidl_generator_c__visibility_control.h
[0.850s] -- Up-to-date symlink: /home/jlurobovision/eng_ws/install/msg_interfaces/share/msg_interfaces/environment/library_path.sh
[0.851s] -- Up-to-date symlink: /home/jlurobovision/eng_ws/install/msg_interfaces/share/msg_interfaces/environment/library_path.dsv
[0.851s] -- Up-to-date symlink: /home/jlurobovision/eng_ws/install/msg_interfaces/include/msg_interfaces/msg_interfaces/msg/detail/angle__rosidl_typesupport_fastrtps_c.h
[0.852s] -- Up-to-date symlink: /home/jlurobovision/eng_ws/install/msg_interfaces/include/msg_interfaces/msg_interfaces/msg/rosidl_typesupport_fastrtps_c__visibility_control.h
[0.852s] -- Up-to-date symlink: /home/jlurobovision/eng_ws/install/msg_interfaces/include/msg_interfaces/msg_interfaces/msg/detail/angle__rosidl_typesupport_introspection_c.h
[0.852s] -- Up-to-date symlink: /home/jlurobovision/eng_ws/install/msg_interfaces/include/msg_interfaces/msg_interfaces/msg/rosidl_typesupport_introspection_c__visibility_control.h
[0.853s] -- Up-to-date symlink: /home/jlurobovision/eng_ws/install/msg_interfaces/include/msg_interfaces/msg_interfaces/msg/angle.hpp
[0.853s] -- Up-to-date symlink: /home/jlurobovision/eng_ws/install/msg_interfaces/include/msg_interfaces/msg_interfaces/msg/detail/angle__builder.hpp
[0.853s] -- Up-to-date symlink: /home/jlurobovision/eng_ws/install/msg_interfaces/include/msg_interfaces/msg_interfaces/msg/detail/angle__struct.hpp
[0.853s] -- Up-to-date symlink: /home/jlurobovision/eng_ws/install/msg_interfaces/include/msg_interfaces/msg_interfaces/msg/detail/angle__traits.hpp
[0.853s] -- Up-to-date symlink: /home/jlurobovision/eng_ws/install/msg_interfaces/include/msg_interfaces/msg_interfaces/msg/detail/angle__rosidl_typesupport_fastrtps_cpp.hpp
[0.854s] -- Up-to-date symlink: /home/jlurobovision/eng_ws/install/msg_interfaces/include/msg_interfaces/msg_interfaces/msg/rosidl_typesupport_fastrtps_cpp__visibility_control.h
[0.854s] -- Up-to-date symlink: /home/jlurobovision/eng_ws/install/msg_interfaces/include/msg_interfaces/msg_interfaces/msg/detail/angle__rosidl_typesupport_introspection_cpp.hpp
[0.854s] -- Up-to-date symlink: /home/jlurobovision/eng_ws/install/msg_interfaces/share/msg_interfaces/environment/pythonpath.sh
[0.854s] -- Up-to-date symlink: /home/jlurobovision/eng_ws/install/msg_interfaces/share/msg_interfaces/environment/pythonpath.dsv
[0.855s] -- Up-to-date symlink: /home/jlurobovision/eng_ws/install/msg_interfaces/local/lib/python3.10/dist-packages/msg_interfaces-0.0.0-py3.10.egg-info/PKG-INFO
[0.855s] -- Up-to-date symlink: /home/jlurobovision/eng_ws/install/msg_interfaces/local/lib/python3.10/dist-packages/msg_interfaces-0.0.0-py3.10.egg-info/SOURCES.txt
[0.855s] -- Up-to-date symlink: /home/jlurobovision/eng_ws/install/msg_interfaces/local/lib/python3.10/dist-packages/msg_interfaces-0.0.0-py3.10.egg-info/dependency_links.txt
[0.855s] -- Up-to-date symlink: /home/jlurobovision/eng_ws/install/msg_interfaces/local/lib/python3.10/dist-packages/msg_interfaces-0.0.0-py3.10.egg-info/top_level.txt
[0.856s] -- Up-to-date symlink: /home/jlurobovision/eng_ws/install/msg_interfaces/local/lib/python3.10/dist-packages/msg_interfaces/__init__.py
[0.856s] -- Up-to-date symlink: /home/jlurobovision/eng_ws/install/msg_interfaces/local/lib/python3.10/dist-packages/msg_interfaces/_msg_interfaces_s.ep.rosidl_typesupport_c.c
[0.856s] -- Up-to-date symlink: /home/jlurobovision/eng_ws/install/msg_interfaces/local/lib/python3.10/dist-packages/msg_interfaces/_msg_interfaces_s.ep.rosidl_typesupport_fastrtps_c.c
[0.856s] -- Up-to-date symlink: /home/jlurobovision/eng_ws/install/msg_interfaces/local/lib/python3.10/dist-packages/msg_interfaces/_msg_interfaces_s.ep.rosidl_typesupport_introspection_c.c
[0.856s] -- Up-to-date symlink: /home/jlurobovision/eng_ws/install/msg_interfaces/local/lib/python3.10/dist-packages/msg_interfaces/libmsg_interfaces__rosidl_generator_py.so
[0.856s] -- Up-to-date symlink: /home/jlurobovision/eng_ws/install/msg_interfaces/local/lib/python3.10/dist-packages/msg_interfaces/msg/__init__.py
[0.857s] -- Up-to-date symlink: /home/jlurobovision/eng_ws/install/msg_interfaces/local/lib/python3.10/dist-packages/msg_interfaces/msg/_angle.py
[0.857s] -- Up-to-date symlink: /home/jlurobovision/eng_ws/install/msg_interfaces/local/lib/python3.10/dist-packages/msg_interfaces/msg/_angle_s.c
[0.857s] -- Up-to-date symlink: /home/jlurobovision/eng_ws/install/msg_interfaces/local/lib/python3.10/dist-packages/msg_interfaces/msg_interfaces_s__rosidl_typesupport_c.cpython-310-x86_64-linux-gnu.so
[0.857s] -- Up-to-date symlink: /home/jlurobovision/eng_ws/install/msg_interfaces/local/lib/python3.10/dist-packages/msg_interfaces/msg_interfaces_s__rosidl_typesupport_fastrtps_c.cpython-310-x86_64-linux-gnu.so
[0.857s] -- Up-to-date symlink: /home/jlurobovision/eng_ws/install/msg_interfaces/local/lib/python3.10/dist-packages/msg_interfaces/msg_interfaces_s__rosidl_typesupport_introspection_c.cpython-310-x86_64-linux-gnu.so
[0.857s] -- Up-to-date symlink: /home/jlurobovision/eng_ws/install/msg_interfaces/local/lib/python3.10/dist-packages/msg_interfaces/msg_interfaces_s__rosidl_typesupport_fastrtps_c.cpython-310-x86_64-linux-gnu.so
[0.858s] -- Up-to-date symlink: /home/jlurobovision/eng_ws/install/msg_interfaces/local/lib/python3.10/dist-packages/msg_interfaces/msg_interfaces_s__rosidl_typesupport_introspection_c.cpython-310-x86_64-linux-gnu.so
[0.858s] -- Up-to-date symlink: /home/jlurobovision/eng_ws/install/msg_interfaces/local/lib/python3.10/dist-packages/msg_interfaces/msg_interfaces_s__rosidl_typesupport_c.cpython-310-x86_64-linux-gnu.so
[0.860s] -- Up-to-date symlink: /home/jlurobovision/eng_ws/install/msg_interfaces/share/msg_interfaces/msg/Angle.idl
[0.860s] -- Up-to-date symlink: /home/jlurobovision/eng_ws/install/msg_interfaces/share/msg_interfaces/msg/Angle.msg
[0.860s] -- Up-to-date symlink: /home/jlurobovision/eng_ws/install/msg_interfaces/share/ament_index/resource_index/package_run_dependencies/msg_interfaces
[0.860s] -- Up-to-date symlink: /home/jlurobovision/eng_ws/install/msg_interfaces/share/ament_index/resource_index/parent_prefix_path/msg_interfaces
[0.861s] -- Up-to-date symlink: /home/jlurobovision/eng_ws/install/msg_interfaces/share/msg_interfaces/environment/ament_prefix_path.sh
[0.861s] -- Up-to-date symlink: /home/jlurobovision/eng_ws/install/msg_interfaces/share/msg_interfaces/environment/ament_prefix_path.dsv
[0.861s] -- Up-to-date symlink: /home/jlurobovision/eng_ws/install/msg_interfaces/share/msg_interfaces/environment/path.sh
[0.861s] -- Up-to-date symlink: /home/jlurobovision/eng_ws/install/msg_interfaces/share/msg_interfaces/environment/path.dsv
[0.861s] -- Up-to-date symlink: /home/jlurobovision/eng_ws/install/msg_interfaces/share/msg_interfaces/local_setup.bash
[0.861s] -- Up-to-date symlink: /home/jlurobovision/eng_ws/install/msg_interfaces/share/msg_interfaces/local_setup.sh
[0.861s] -- Up-to-date symlink: /home/jlurobovision/eng_ws/install/msg_interfaces/share/msg_interfaces/local_setup.zsh
[0.861s] -- Up-to-date symlink: /home/jlurobovision/eng_ws/install/msg_interfaces/share/msg_interfaces/local_setup.dsv
[0.861s] -- Symlinking: /home/jlurobovision/eng_ws/install/msg_interfaces/share/msg_interfaces/package.dsv
[0.875s] -- Up-to-date symlink: /home/jlurobovision/eng_ws/install/msg_interfaces/share/ament_index/resource_index/packages/msg_interfaces
[0.875s] -- Up-to-date symlink: /home/jlurobovision/eng_ws/install/msg_interfaces/share/msg_interfaces/cmake/rosidl_cmake-extras.cmake
[0.875s] -- Up-to-date symlink: /home/jlurobovision/eng_ws/install/msg_interfaces/share/msg_interfaces/cmake/ament_cmake_export_include_directories-extras.cmake
[0.876s] -- Up-to-date symlink: /home/jlurobovision/eng_ws/install/msg_interfaces/share/msg_interfaces/cmake/ament_cmake_export_libraries-extras.cmake
[0.876s] -- Up-to-date symlink: /home/jlurobovision/eng_ws/install/msg_interfaces/share/msg_interfaces/cmake/ament_cmake_export_targets-extras.cmake
[0.876s] -- Up-to-date symlink: /home/jlurobovision/eng_ws/install/msg_interfaces/share/msg_interfaces/cmake/rosidl_cmake_export_typesupport_targets-extras.cmake
[0.877s] -- Up-to-date symlink: /home/jlurobovision/eng_ws/install/msg_interfaces/share/msg_interfaces/cmake/ament_cmake_export_dependencies-extras.cmake
[0.877s] -- Up-to-date symlink: /home/jlurobovision/eng_ws/install/msg_interfaces/share/msg_interfaces/cmake/rosidl_cmake_export_typesupport_libraries-extras.cmake
[0.877s] -- Up-to-date symlink: /home/jlurobovision/eng_ws/install/msg_interfaces/share/msg_interfaces/cmake/msg_interfacesConfig.cmake
[0.877s] -- Up-to-date symlink: /home/jlurobovision/eng_ws/install/msg_interfaces/share/msg_interfaces/cmake/msg_interfacesConfig-version.cmake
[0.878s] -- Up-to-date symlink: /home/jlurobovision/eng_ws/install/msg_interfaces/share/msg_interfaces/package.xml
[0.878s] -- Up-to-date: /home/jlurobovision/eng_ws/install/msg_interfaces/lib/libmsg_interfaces__rosidl_generator_c.so
[0.878s] -- Up-to-date: /home/jlurobovision/eng_ws/install/msg_interfaces/lib/libmsg_interfaces__rosidl_typesupport_fastrtps_c.so
[0.879s] -- Up-to-date: /home/jlurobovision/eng_ws/install/msg_interfaces/lib/libmsg_interfaces__rosidl_typesupport_introspection_c.so
[0.879s] -- Up-to-date: /home/jlurobovision/eng_ws/install/msg_interfaces/lib/libmsg_interfaces__rosidl_typesupport_c.so
[0.879s] -- Up-to-date: /home/jlurobovision/eng_ws/install/msg_interfaces/lib/libmsg_interfaces__rosidl_typesupport_fastrtps_cpp.so
[0.879s] -- Up-to-date: /home/jlurobovision/eng_ws/install/msg_interfaces/lib/libmsg_interfaces__rosidl_typesupport_introspection_cpp.so
[0.880s] -- Up-to-date: /home/jlurobovision/eng_ws/install/msg_interfaces/lib/libmsg_interfaces__rosidl_typesupport_cpp.so
[0.918s] Listing '/home/jlurobovision/eng_ws/install/msg_interfaces/local/lib/python3.10/dist-packages/msg_interfaces'...
[0.918s] Listing '/home/jlurobovision/eng_ws/install/msg_interfaces/local/lib/python3.10/dist-packages/msg_interfaces/msg'...
[0.934s] -- Up-to-date: /home/jlurobovision/eng_ws/install/msg_interfaces/lib/libmsg_interfaces__rosidl_generator_py.so
[0.935s] -- Up-to-date: /home/jlurobovision/eng_ws/install/msg_interfaces/share/msg_interfaces/cmake/export_msg_interfaces__rosidl_generator_cExport.cmake
[0.935s] -- Up-to-date: /home/jlurobovision/eng_ws/install/msg_interfaces/share/msg_interfaces/cmake/export_msg_interfaces__rosidl_generator_cExport-noconfig.cmake
[0.935s] -- Up-to-date: /home/jlurobovision/eng_ws/install/msg_interfaces/share/msg_interfaces/cmake/export_msg_interfaces__rosidl_typesupport_fastrtps_cExport.cmake
[0.936s] -- Up-to-date: /home/jlurobovision/eng_ws/install/msg_interfaces/share/msg_interfaces/cmake/export_msg_interfaces__rosidl_typesupport_fastrtps_cExport-noconfig.cmake
[0.936s] -- Up-to-date: /home/jlurobovision/eng_ws/install/msg_interfaces/share/msg_interfaces/cmake/msg_interfaces__rosidl_typesupport_introspection_cExport.cmake
[0.936s] -- Up-to-date: /home/jlurobovision/eng_ws/install/msg_interfaces/share/msg_interfaces/cmake/msg_interfaces__rosidl_typesupport_introspection_cExport-noconfig.cmake
[0.936s] -- Up-to-date: /home/jlurobovision/eng_ws/install/msg_interfaces/share/msg_interfaces/cmake/msg_interfaces__rosidl_typesupport_cExport.cmake
[0.936s] -- Up-to-date: /home/jlurobovision/eng_ws/install/msg_interfaces/share/msg_interfaces/cmake/msg_interfaces__rosidl_typesupport_cExport-noconfig.cmake
[0.936s] -- Up-to-date: /home/jlurobovision/eng_ws/install/msg_interfaces/share/msg_interfaces/cmake/export_msg_interfaces__rosidl_generator_cppExport.cmake
[0.936s] -- Up-to-date: /home/jlurobovision/eng_ws/install/msg_interfaces/share/msg_interfaces/cmake/export_msg_interfaces__rosidl_typesupport_fastrtps_cppExport.cmake
[0.937s] -- Up-to-date: /home/jlurobovision/eng_ws/install/msg_interfaces/share/msg_interfaces/cmake/export_msg_interfaces__rosidl_typesupport_fastrtps_cppExport-noconfig.cmake
[0.937s] -- Up-to-date: /home/jlurobovision/eng_ws/install/msg_interfaces/share/msg_interfaces/cmake/msg_interfaces__rosidl_typesupport_introspection_cppExport.cmake
[0.937s] -- Up-to-date: /home/jlurobovision/eng_ws/install/msg_interfaces/share/msg_interfaces/cmake/msg_interfaces__rosidl_typesupport_introspection_cppExport-noconfig.cmake
[0.937s] -- Up-to-date: /home/jlurobovision/eng_ws/install/msg_interfaces/share/msg_interfaces/cmake/msg_interfaces__rosidl_typesupport_cppExport.cmake
[0.937s] -- Up-to-date: /home/jlurobovision/eng_ws/install/msg_interfaces/share/msg_interfaces/cmake/msg_interfaces__rosidl_typesupport_cppExport-noconfig.cmake
[0.937s] -- Up-to-date: /home/jlurobovision/eng_ws/install/msg_interfaces/share/msg_interfaces/cmake/export_msg_interfaces__rosidl_generator_pyExport.cmake
[0.937s] -- Up-to-date: /home/jlurobovision/eng_ws/install/msg_interfaces/share/msg_interfaces/cmake/export_msg_interfaces__rosidl_generator_pyExport-noconfig.cmake
[0.944s] Invoked command in '/home/jlurobovision/eng_ws/build/msg_interfaces' returned '0': CMAKE_PREFIX_PATH=${CMAKE_PREFIX_PATH}:/opt/ros/humble /usr/bin/cmake --install /home/jlurobovision/eng_ws/build/msg_interfaces
