[0.010s] Invoking command in '/home/jlurobovision/eng_ws/build/exchangestation_detector': CMAKE_PREFIX_PATH=/home/jlurobovision/eng_ws/install/serial:/home/jlurobovision/eng_ws/install/msg_interfaces:/home/jlurobovision/eng_ws/install/exchangestation_detector:/home/jlurobovision/eng_ws/install/hik_camera:/home/jlurobovision/eng_ws/install/global_launch:/home/jlurobovision/eng_ws/install/galaxy_camera:/opt/ros/humble LD_LIBRARY_PATH=/home/jlurobovision/eng_ws/install/serial/lib:/home/jlurobovision/eng_ws/install/msg_interfaces/lib:/home/jlurobovision/eng_ws/install/exchangestation_detector/lib:/home/jlurobovision/eng_ws/install/hik_camera/lib:/home/jlurobovision/eng_ws/install/galaxy_camera/lib:/opt/ros/humble/opt/rviz_ogre_vendor/lib:/opt/ros/humble/lib/x86_64-linux-gnu:/opt/ros/humble/lib PYTHONPATH=/home/jlurobovision/eng_ws/install/msg_interfaces/lib/python3.10/site-packages:/home/jlurobovision/eng_ws/install/msg_interfaces/local/lib/python3.10/dist-packages:/opt/ros/humble/lib/python3.10/site-packages:/opt/ros/humble/local/lib/python3.10/dist-packages /usr/bin/cmake --build /home/jlurobovision/eng_ws/build/exchangestation_detector -- -j12 -l12
[0.072s] [ 60%] Built target exchangestation_detector
[0.072s] [100%] Built target detector_node
[0.082s] Invoked command in '/home/jlurobovision/eng_ws/build/exchangestation_detector' returned '0': CMAKE_PREFIX_PATH=/home/jlurobovision/eng_ws/install/serial:/home/jlurobovision/eng_ws/install/msg_interfaces:/home/jlurobovision/eng_ws/install/exchangestation_detector:/home/jlurobovision/eng_ws/install/hik_camera:/home/jlurobovision/eng_ws/install/global_launch:/home/jlurobovision/eng_ws/install/galaxy_camera:/opt/ros/humble LD_LIBRARY_PATH=/home/jlurobovision/eng_ws/install/serial/lib:/home/jlurobovision/eng_ws/install/msg_interfaces/lib:/home/jlurobovision/eng_ws/install/exchangestation_detector/lib:/home/jlurobovision/eng_ws/install/hik_camera/lib:/home/jlurobovision/eng_ws/install/galaxy_camera/lib:/opt/ros/humble/opt/rviz_ogre_vendor/lib:/opt/ros/humble/lib/x86_64-linux-gnu:/opt/ros/humble/lib PYTHONPATH=/home/jlurobovision/eng_ws/install/msg_interfaces/lib/python3.10/site-packages:/home/jlurobovision/eng_ws/install/msg_interfaces/local/lib/python3.10/dist-packages:/opt/ros/humble/lib/python3.10/site-packages:/opt/ros/humble/local/lib/python3.10/dist-packages /usr/bin/cmake --build /home/jlurobovision/eng_ws/build/exchangestation_detector -- -j12 -l12
[0.109s] Invoking command in '/home/jlurobovision/eng_ws/build/exchangestation_detector': CMAKE_PREFIX_PATH=/home/jlurobovision/eng_ws/install/serial:/home/jlurobovision/eng_ws/install/msg_interfaces:/home/jlurobovision/eng_ws/install/exchangestation_detector:/home/jlurobovision/eng_ws/install/hik_camera:/home/jlurobovision/eng_ws/install/global_launch:/home/jlurobovision/eng_ws/install/galaxy_camera:/opt/ros/humble LD_LIBRARY_PATH=/home/jlurobovision/eng_ws/install/serial/lib:/home/jlurobovision/eng_ws/install/msg_interfaces/lib:/home/jlurobovision/eng_ws/install/exchangestation_detector/lib:/home/jlurobovision/eng_ws/install/hik_camera/lib:/home/jlurobovision/eng_ws/install/galaxy_camera/lib:/opt/ros/humble/opt/rviz_ogre_vendor/lib:/opt/ros/humble/lib/x86_64-linux-gnu:/opt/ros/humble/lib PYTHONPATH=/home/jlurobovision/eng_ws/install/msg_interfaces/lib/python3.10/site-packages:/home/jlurobovision/eng_ws/install/msg_interfaces/local/lib/python3.10/dist-packages:/opt/ros/humble/lib/python3.10/site-packages:/opt/ros/humble/local/lib/python3.10/dist-packages /usr/bin/cmake --install /home/jlurobovision/eng_ws/build/exchangestation_detector
[0.119s] -- Install configuration: ""
[0.119s] -- Up-to-date: /home/jlurobovision/eng_ws/install/exchangestation_detector/lib/exchangestation_detector/detector_node
[0.120s] -- Up-to-date: /home/jlurobovision/eng_ws/install/exchangestation_detector/share/exchangestation_detector/launch
[0.120s] -- Up-to-date: /home/jlurobovision/eng_ws/install/exchangestation_detector/share/exchangestation_detector/launch/detector_node.launch.py
[0.120s] -- Up-to-date: /home/jlurobovision/eng_ws/install/exchangestation_detector/include
[0.120s] -- Up-to-date: /home/jlurobovision/eng_ws/install/exchangestation_detector/include/exchangestation_detector
[0.120s] -- Up-to-date: /home/jlurobovision/eng_ws/install/exchangestation_detector/include/exchangestation_detector/detector_node.hpp
[0.121s] -- Up-to-date: /home/jlurobovision/eng_ws/install/exchangestation_detector/include/exchangestation_detector/exchangestation_detector.hpp
[0.121s] -- Up-to-date: /home/jlurobovision/eng_ws/install/exchangestation_detector/share/exchangestation_detector/environment/library_path.sh
[0.121s] -- Up-to-date: /home/jlurobovision/eng_ws/install/exchangestation_detector/share/exchangestation_detector/environment/library_path.dsv
[0.121s] -- Up-to-date: /home/jlurobovision/eng_ws/install/exchangestation_detector/lib/libexchangestation_detector.so
[0.121s] -- Up-to-date: /home/jlurobovision/eng_ws/install/exchangestation_detector/share/ament_index/resource_index/package_run_dependencies/exchangestation_detector
[0.121s] -- Up-to-date: /home/jlurobovision/eng_ws/install/exchangestation_detector/share/ament_index/resource_index/parent_prefix_path/exchangestation_detector
[0.121s] -- Up-to-date: /home/jlurobovision/eng_ws/install/exchangestation_detector/share/exchangestation_detector/environment/ament_prefix_path.sh
[0.122s] -- Up-to-date: /home/jlurobovision/eng_ws/install/exchangestation_detector/share/exchangestation_detector/environment/ament_prefix_path.dsv
[0.122s] -- Up-to-date: /home/jlurobovision/eng_ws/install/exchangestation_detector/share/exchangestation_detector/environment/path.sh
[0.122s] -- Up-to-date: /home/jlurobovision/eng_ws/install/exchangestation_detector/share/exchangestation_detector/environment/path.dsv
[0.123s] -- Up-to-date: /home/jlurobovision/eng_ws/install/exchangestation_detector/share/exchangestation_detector/local_setup.bash
[0.124s] -- Up-to-date: /home/jlurobovision/eng_ws/install/exchangestation_detector/share/exchangestation_detector/local_setup.sh
[0.124s] -- Up-to-date: /home/jlurobovision/eng_ws/install/exchangestation_detector/share/exchangestation_detector/local_setup.zsh
[0.124s] -- Up-to-date: /home/jlurobovision/eng_ws/install/exchangestation_detector/share/exchangestation_detector/local_setup.dsv
[0.125s] -- Installing: /home/jlurobovision/eng_ws/install/exchangestation_detector/share/exchangestation_detector/package.dsv
[0.126s] -- Up-to-date: /home/jlurobovision/eng_ws/install/exchangestation_detector/share/ament_index/resource_index/packages/exchangestation_detector
[0.126s] -- Up-to-date: /home/jlurobovision/eng_ws/install/exchangestation_detector/share/ament_index/resource_index/rclcpp_components/exchangestation_detector
[0.126s] -- Up-to-date: /home/jlurobovision/eng_ws/install/exchangestation_detector/share/exchangestation_detector/cmake/ament_cmake_export_dependencies-extras.cmake
[0.127s] -- Up-to-date: /home/jlurobovision/eng_ws/install/exchangestation_detector/share/exchangestation_detector/cmake/ament_cmake_export_include_directories-extras.cmake
[0.127s] -- Up-to-date: /home/jlurobovision/eng_ws/install/exchangestation_detector/share/exchangestation_detector/cmake/ament_cmake_export_libraries-extras.cmake
[0.127s] -- Up-to-date: /home/jlurobovision/eng_ws/install/exchangestation_detector/share/exchangestation_detector/cmake/exchangestation_detectorConfig.cmake
[0.127s] -- Up-to-date: /home/jlurobovision/eng_ws/install/exchangestation_detector/share/exchangestation_detector/cmake/exchangestation_detectorConfig-version.cmake
[0.128s] -- Up-to-date: /home/jlurobovision/eng_ws/install/exchangestation_detector/share/exchangestation_detector/package.xml
[0.129s] Invoked command in '/home/jlurobovision/eng_ws/build/exchangestation_detector' returned '0': CMAKE_PREFIX_PATH=/home/jlurobovision/eng_ws/install/serial:/home/jlurobovision/eng_ws/install/msg_interfaces:/home/jlurobovision/eng_ws/install/exchangestation_detector:/home/jlurobovision/eng_ws/install/hik_camera:/home/jlurobovision/eng_ws/install/global_launch:/home/jlurobovision/eng_ws/install/galaxy_camera:/opt/ros/humble LD_LIBRARY_PATH=/home/jlurobovision/eng_ws/install/serial/lib:/home/jlurobovision/eng_ws/install/msg_interfaces/lib:/home/jlurobovision/eng_ws/install/exchangestation_detector/lib:/home/jlurobovision/eng_ws/install/hik_camera/lib:/home/jlurobovision/eng_ws/install/galaxy_camera/lib:/opt/ros/humble/opt/rviz_ogre_vendor/lib:/opt/ros/humble/lib/x86_64-linux-gnu:/opt/ros/humble/lib PYTHONPATH=/home/jlurobovision/eng_ws/install/msg_interfaces/lib/python3.10/site-packages:/home/jlurobovision/eng_ws/install/msg_interfaces/local/lib/python3.10/dist-packages:/opt/ros/humble/lib/python3.10/site-packages:/opt/ros/humble/local/lib/python3.10/dist-packages /usr/bin/cmake --install /home/jlurobovision/eng_ws/build/exchangestation_detector
