[0.165s] Invoking command in '/home/stardust/eng_ws/build/msg_interfaces': CMAKE_PREFIX_PATH=${CMAKE_PREFIX_PATH}:/opt/ros/iron /usr/bin/cmake --build /home/stardust/eng_ws/build/msg_interfaces -- -j8 -l8
[0.307s] [  2%] Built target msg_interfaces__rosidl_generator_type_description
[0.317s] [  2%] Built target ament_cmake_python_copy_msg_interfaces
[0.331s] [35m[1mConsolidate compiler generated dependencies of target msg_interfaces__rosidl_generator_c[0m
[0.348s] [  5%] Built target msg_interfaces__cpp
[0.350s] [ 20%] Built target msg_interfaces__rosidl_generator_c
[0.379s] [35m[1mConsolidate compiler generated dependencies of target msg_interfaces__rosidl_typesupport_introspection_c[0m
[0.379s] [35m[1mConsolidate compiler generated dependencies of target msg_interfaces__rosidl_typesupport_fastrtps_c[0m
[0.386s] [35m[1mConsolidate compiler generated dependencies of target msg_interfaces__rosidl_typesupport_fastrtps_cpp[0m
[0.395s] [35m[1mConsolidate compiler generated dependencies of target msg_interfaces__rosidl_typesupport_cpp[0m
[0.395s] [35m[1mConsolidate compiler generated dependencies of target msg_interfaces__rosidl_typesupport_c[0m
[0.404s] [ 29%] Built target msg_interfaces__rosidl_typesupport_introspection_c
[0.411s] [35m[1mConsolidate compiler generated dependencies of target msg_interfaces__rosidl_typesupport_introspection_cpp[0m
[0.412s] [ 38%] Built target msg_interfaces__rosidl_typesupport_fastrtps_c
[0.415s] [ 47%] Built target msg_interfaces__rosidl_typesupport_c
[0.417s] [ 55%] Built target msg_interfaces__rosidl_typesupport_fastrtps_cpp
[0.431s] [ 64%] Built target msg_interfaces__rosidl_typesupport_cpp
[0.438s] [ 73%] Built target msg_interfaces__rosidl_typesupport_introspection_cpp
[0.479s] [ 73%] Built target msg_interfaces
[0.530s] [ 76%] Built target msg_interfaces__py
[0.554s] [35m[1mConsolidate compiler generated dependencies of target msg_interfaces__rosidl_generator_py[0m
[0.590s] [ 82%] Built target msg_interfaces__rosidl_generator_py
[0.609s] [35m[1mConsolidate compiler generated dependencies of target msg_interfaces__rosidl_typesupport_c__pyext[0m
[0.616s] [35m[1mConsolidate compiler generated dependencies of target msg_interfaces__rosidl_typesupport_fastrtps_c__pyext[0m
[0.637s] [ 88%] Built target msg_interfaces__rosidl_typesupport_c__pyext
[0.649s] [ 94%] Built target msg_interfaces__rosidl_typesupport_fastrtps_c__pyext
[0.654s] [35m[1mConsolidate compiler generated dependencies of target msg_interfaces__rosidl_typesupport_introspection_c__pyext[0m
[0.654s] running egg_info
[0.655s] writing msg_interfaces.egg-info/PKG-INFO
[0.655s] writing dependency_links to msg_interfaces.egg-info/dependency_links.txt
[0.655s] writing top-level names to msg_interfaces.egg-info/top_level.txt
[0.659s] reading manifest file 'msg_interfaces.egg-info/SOURCES.txt'
[0.660s] writing manifest file 'msg_interfaces.egg-info/SOURCES.txt'
[0.679s] [100%] Built target msg_interfaces__rosidl_typesupport_introspection_c__pyext
[0.704s] [100%] Built target ament_cmake_python_build_msg_interfaces_egg
[0.793s] Invoked command in '/home/stardust/eng_ws/build/msg_interfaces' returned '0': CMAKE_PREFIX_PATH=${CMAKE_PREFIX_PATH}:/opt/ros/iron /usr/bin/cmake --build /home/stardust/eng_ws/build/msg_interfaces -- -j8 -l8
[0.918s] Invoking command in '/home/stardust/eng_ws/build/msg_interfaces': CMAKE_PREFIX_PATH=${CMAKE_PREFIX_PATH}:/opt/ros/iron /usr/bin/cmake --install /home/stardust/eng_ws/build/msg_interfaces
[0.930s] -- Install configuration: ""
[0.930s] -- Up-to-date: /home/stardust/eng_ws/install/msg_interfaces/share/ament_index/resource_index/rosidl_interfaces/msg_interfaces
[0.930s] -- Up-to-date: /home/stardust/eng_ws/install/msg_interfaces/share/msg_interfaces/msg/Angle.json
[0.930s] -- Up-to-date: /home/stardust/eng_ws/install/msg_interfaces/include/msg_interfaces/msg_interfaces
[0.930s] -- Up-to-date: /home/stardust/eng_ws/install/msg_interfaces/include/msg_interfaces/msg_interfaces/msg
[0.931s] -- Up-to-date: /home/stardust/eng_ws/install/msg_interfaces/include/msg_interfaces/msg_interfaces/msg/angle.h
[0.931s] -- Up-to-date: /home/stardust/eng_ws/install/msg_interfaces/include/msg_interfaces/msg_interfaces/msg/detail
[0.931s] -- Up-to-date: /home/stardust/eng_ws/install/msg_interfaces/include/msg_interfaces/msg_interfaces/msg/detail/angle__type_support.h
[0.931s] -- Up-to-date: /home/stardust/eng_ws/install/msg_interfaces/include/msg_interfaces/msg_interfaces/msg/detail/angle__functions.c
[0.931s] -- Up-to-date: /home/stardust/eng_ws/install/msg_interfaces/include/msg_interfaces/msg_interfaces/msg/detail/angle__description.c
[0.931s] -- Up-to-date: /home/stardust/eng_ws/install/msg_interfaces/include/msg_interfaces/msg_interfaces/msg/detail/angle__type_support.c
[0.931s] -- Up-to-date: /home/stardust/eng_ws/install/msg_interfaces/include/msg_interfaces/msg_interfaces/msg/detail/angle__struct.h
[0.931s] -- Up-to-date: /home/stardust/eng_ws/install/msg_interfaces/include/msg_interfaces/msg_interfaces/msg/detail/angle__functions.h
[0.931s] -- Up-to-date: /home/stardust/eng_ws/install/msg_interfaces/include/msg_interfaces/msg_interfaces/msg/rosidl_generator_c__visibility_control.h
[0.932s] -- Up-to-date: /home/stardust/eng_ws/install/msg_interfaces/share/msg_interfaces/environment/library_path.sh
[0.932s] -- Up-to-date: /home/stardust/eng_ws/install/msg_interfaces/share/msg_interfaces/environment/library_path.dsv
[0.932s] -- Up-to-date: /home/stardust/eng_ws/install/msg_interfaces/lib/libmsg_interfaces__rosidl_generator_c.so
[0.932s] -- Up-to-date: /home/stardust/eng_ws/install/msg_interfaces/include/msg_interfaces/msg_interfaces
[0.932s] -- Up-to-date: /home/stardust/eng_ws/install/msg_interfaces/include/msg_interfaces/msg_interfaces/msg
[0.932s] -- Up-to-date: /home/stardust/eng_ws/install/msg_interfaces/include/msg_interfaces/msg_interfaces/msg/rosidl_typesupport_fastrtps_c__visibility_control.h
[0.932s] -- Up-to-date: /home/stardust/eng_ws/install/msg_interfaces/include/msg_interfaces/msg_interfaces/msg/detail
[0.932s] -- Up-to-date: /home/stardust/eng_ws/install/msg_interfaces/include/msg_interfaces/msg_interfaces/msg/detail/angle__rosidl_typesupport_fastrtps_c.h
[0.933s] -- Up-to-date: /home/stardust/eng_ws/install/msg_interfaces/lib/libmsg_interfaces__rosidl_typesupport_fastrtps_c.so
[0.933s] -- Up-to-date: /home/stardust/eng_ws/install/msg_interfaces/include/msg_interfaces/msg_interfaces
[0.934s] -- Up-to-date: /home/stardust/eng_ws/install/msg_interfaces/include/msg_interfaces/msg_interfaces/msg
[0.934s] -- Up-to-date: /home/stardust/eng_ws/install/msg_interfaces/include/msg_interfaces/msg_interfaces/msg/detail
[0.934s] -- Up-to-date: /home/stardust/eng_ws/install/msg_interfaces/include/msg_interfaces/msg_interfaces/msg/detail/angle__type_support.c
[0.934s] -- Up-to-date: /home/stardust/eng_ws/install/msg_interfaces/include/msg_interfaces/msg_interfaces/msg/detail/angle__rosidl_typesupport_introspection_c.h
[0.935s] -- Up-to-date: /home/stardust/eng_ws/install/msg_interfaces/include/msg_interfaces/msg_interfaces/msg/rosidl_typesupport_introspection_c__visibility_control.h
[0.935s] -- Up-to-date: /home/stardust/eng_ws/install/msg_interfaces/lib/libmsg_interfaces__rosidl_typesupport_introspection_c.so
[0.935s] -- Up-to-date: /home/stardust/eng_ws/install/msg_interfaces/lib/libmsg_interfaces__rosidl_typesupport_c.so
[0.935s] -- Up-to-date: /home/stardust/eng_ws/install/msg_interfaces/include/msg_interfaces/msg_interfaces
[0.935s] -- Up-to-date: /home/stardust/eng_ws/install/msg_interfaces/include/msg_interfaces/msg_interfaces/msg
[0.935s] -- Up-to-date: /home/stardust/eng_ws/install/msg_interfaces/include/msg_interfaces/msg_interfaces/msg/angle.hpp
[0.935s] -- Up-to-date: /home/stardust/eng_ws/install/msg_interfaces/include/msg_interfaces/msg_interfaces/msg/detail
[0.936s] -- Up-to-date: /home/stardust/eng_ws/install/msg_interfaces/include/msg_interfaces/msg_interfaces/msg/detail/angle__builder.hpp
[0.936s] -- Up-to-date: /home/stardust/eng_ws/install/msg_interfaces/include/msg_interfaces/msg_interfaces/msg/detail/angle__traits.hpp
[0.936s] -- Up-to-date: /home/stardust/eng_ws/install/msg_interfaces/include/msg_interfaces/msg_interfaces/msg/detail/angle__struct.hpp
[0.936s] -- Up-to-date: /home/stardust/eng_ws/install/msg_interfaces/include/msg_interfaces/msg_interfaces
[0.936s] -- Up-to-date: /home/stardust/eng_ws/install/msg_interfaces/include/msg_interfaces/msg_interfaces/msg
[0.937s] -- Up-to-date: /home/stardust/eng_ws/install/msg_interfaces/include/msg_interfaces/msg_interfaces/msg/rosidl_typesupport_fastrtps_cpp__visibility_control.h
[0.937s] -- Up-to-date: /home/stardust/eng_ws/install/msg_interfaces/include/msg_interfaces/msg_interfaces/msg/detail
[0.937s] -- Up-to-date: /home/stardust/eng_ws/install/msg_interfaces/include/msg_interfaces/msg_interfaces/msg/detail/angle__rosidl_typesupport_fastrtps_cpp.hpp
[0.937s] -- Up-to-date: /home/stardust/eng_ws/install/msg_interfaces/include/msg_interfaces/msg_interfaces/msg/detail/dds_fastrtps
[0.937s] -- Up-to-date: /home/stardust/eng_ws/install/msg_interfaces/lib/libmsg_interfaces__rosidl_typesupport_fastrtps_cpp.so
[0.938s] -- Up-to-date: /home/stardust/eng_ws/install/msg_interfaces/include/msg_interfaces/msg_interfaces
[0.938s] -- Up-to-date: /home/stardust/eng_ws/install/msg_interfaces/include/msg_interfaces/msg_interfaces/msg
[0.938s] -- Up-to-date: /home/stardust/eng_ws/install/msg_interfaces/include/msg_interfaces/msg_interfaces/msg/detail
[0.938s] -- Up-to-date: /home/stardust/eng_ws/install/msg_interfaces/include/msg_interfaces/msg_interfaces/msg/detail/angle__type_support.cpp
[0.939s] -- Up-to-date: /home/stardust/eng_ws/install/msg_interfaces/include/msg_interfaces/msg_interfaces/msg/detail/angle__rosidl_typesupport_introspection_cpp.hpp
[0.939s] -- Up-to-date: /home/stardust/eng_ws/install/msg_interfaces/lib/libmsg_interfaces__rosidl_typesupport_introspection_cpp.so
[0.939s] -- Up-to-date: /home/stardust/eng_ws/install/msg_interfaces/lib/libmsg_interfaces__rosidl_typesupport_cpp.so
[0.939s] -- Up-to-date: /home/stardust/eng_ws/install/msg_interfaces/share/msg_interfaces/environment/pythonpath.sh
[0.939s] -- Up-to-date: /home/stardust/eng_ws/install/msg_interfaces/share/msg_interfaces/environment/pythonpath.dsv
[0.939s] -- Up-to-date: /home/stardust/eng_ws/install/msg_interfaces/lib/python3.10/site-packages/msg_interfaces-0.0.0-py3.10.egg-info
[0.939s] -- Installing: /home/stardust/eng_ws/install/msg_interfaces/lib/python3.10/site-packages/msg_interfaces-0.0.0-py3.10.egg-info/PKG-INFO
[0.939s] -- Installing: /home/stardust/eng_ws/install/msg_interfaces/lib/python3.10/site-packages/msg_interfaces-0.0.0-py3.10.egg-info/dependency_links.txt
[0.939s] -- Installing: /home/stardust/eng_ws/install/msg_interfaces/lib/python3.10/site-packages/msg_interfaces-0.0.0-py3.10.egg-info/SOURCES.txt
[0.939s] -- Installing: /home/stardust/eng_ws/install/msg_interfaces/lib/python3.10/site-packages/msg_interfaces-0.0.0-py3.10.egg-info/top_level.txt
[0.939s] -- Up-to-date: /home/stardust/eng_ws/install/msg_interfaces/lib/python3.10/site-packages/msg_interfaces
[0.939s] -- Up-to-date: /home/stardust/eng_ws/install/msg_interfaces/lib/python3.10/site-packages/msg_interfaces/msg
[0.939s] -- Up-to-date: /home/stardust/eng_ws/install/msg_interfaces/lib/python3.10/site-packages/msg_interfaces/msg/__init__.py
[0.939s] -- Up-to-date: /home/stardust/eng_ws/install/msg_interfaces/lib/python3.10/site-packages/msg_interfaces/msg/_angle_s.c
[0.939s] -- Up-to-date: /home/stardust/eng_ws/install/msg_interfaces/lib/python3.10/site-packages/msg_interfaces/msg/_angle.py
[0.940s] -- Up-to-date: /home/stardust/eng_ws/install/msg_interfaces/lib/python3.10/site-packages/msg_interfaces/msg_interfaces_s__rosidl_typesupport_introspection_c.cpython-310-x86_64-linux-gnu.so
[0.940s] -- Up-to-date: /home/stardust/eng_ws/install/msg_interfaces/lib/python3.10/site-packages/msg_interfaces/_msg_interfaces_s.ep.rosidl_typesupport_c.c
[0.940s] -- Up-to-date: /home/stardust/eng_ws/install/msg_interfaces/lib/python3.10/site-packages/msg_interfaces/_msg_interfaces_s.ep.rosidl_typesupport_introspection_c.c
[0.940s] -- Up-to-date: /home/stardust/eng_ws/install/msg_interfaces/lib/python3.10/site-packages/msg_interfaces/msg_interfaces_s__rosidl_typesupport_fastrtps_c.cpython-310-x86_64-linux-gnu.so
[0.940s] -- Up-to-date: /home/stardust/eng_ws/install/msg_interfaces/lib/python3.10/site-packages/msg_interfaces/__init__.py
[0.940s] -- Up-to-date: /home/stardust/eng_ws/install/msg_interfaces/lib/python3.10/site-packages/msg_interfaces/_msg_interfaces_s.ep.rosidl_typesupport_fastrtps_c.c
[0.940s] -- Up-to-date: /home/stardust/eng_ws/install/msg_interfaces/lib/python3.10/site-packages/msg_interfaces/msg_interfaces_s__rosidl_typesupport_c.cpython-310-x86_64-linux-gnu.so
[0.940s] -- Up-to-date: /home/stardust/eng_ws/install/msg_interfaces/lib/python3.10/site-packages/msg_interfaces/libmsg_interfaces__rosidl_generator_py.so
[0.980s] Listing '/home/stardust/eng_ws/install/msg_interfaces/lib/python3.10/site-packages/msg_interfaces'...
[0.980s] Listing '/home/stardust/eng_ws/install/msg_interfaces/lib/python3.10/site-packages/msg_interfaces/msg'...
[0.986s] -- Up-to-date: /home/stardust/eng_ws/install/msg_interfaces/lib/python3.10/site-packages/msg_interfaces/msg_interfaces_s__rosidl_typesupport_fastrtps_c.cpython-310-x86_64-linux-gnu.so
[0.986s] -- Up-to-date: /home/stardust/eng_ws/install/msg_interfaces/lib/python3.10/site-packages/msg_interfaces/msg_interfaces_s__rosidl_typesupport_introspection_c.cpython-310-x86_64-linux-gnu.so
[0.987s] -- Up-to-date: /home/stardust/eng_ws/install/msg_interfaces/lib/python3.10/site-packages/msg_interfaces/msg_interfaces_s__rosidl_typesupport_c.cpython-310-x86_64-linux-gnu.so
[0.988s] -- Up-to-date: /home/stardust/eng_ws/install/msg_interfaces/lib/libmsg_interfaces__rosidl_generator_py.so
[0.988s] -- Up-to-date: /home/stardust/eng_ws/install/msg_interfaces/share/msg_interfaces/msg/Angle.idl
[0.988s] -- Up-to-date: /home/stardust/eng_ws/install/msg_interfaces/share/msg_interfaces/msg/Angle.msg
[0.988s] -- Up-to-date: /home/stardust/eng_ws/install/msg_interfaces/share/ament_index/resource_index/package_run_dependencies/msg_interfaces
[0.989s] -- Up-to-date: /home/stardust/eng_ws/install/msg_interfaces/share/ament_index/resource_index/parent_prefix_path/msg_interfaces
[0.989s] -- Up-to-date: /home/stardust/eng_ws/install/msg_interfaces/share/msg_interfaces/environment/ament_prefix_path.sh
[0.989s] -- Up-to-date: /home/stardust/eng_ws/install/msg_interfaces/share/msg_interfaces/environment/ament_prefix_path.dsv
[0.989s] -- Up-to-date: /home/stardust/eng_ws/install/msg_interfaces/share/msg_interfaces/environment/path.sh
[0.989s] -- Up-to-date: /home/stardust/eng_ws/install/msg_interfaces/share/msg_interfaces/environment/path.dsv
[0.990s] -- Up-to-date: /home/stardust/eng_ws/install/msg_interfaces/share/msg_interfaces/local_setup.bash
[0.990s] -- Up-to-date: /home/stardust/eng_ws/install/msg_interfaces/share/msg_interfaces/local_setup.sh
[0.991s] -- Up-to-date: /home/stardust/eng_ws/install/msg_interfaces/share/msg_interfaces/local_setup.zsh
[0.991s] -- Up-to-date: /home/stardust/eng_ws/install/msg_interfaces/share/msg_interfaces/local_setup.dsv
[0.991s] -- Installing: /home/stardust/eng_ws/install/msg_interfaces/share/msg_interfaces/package.dsv
[0.992s] -- Up-to-date: /home/stardust/eng_ws/install/msg_interfaces/share/ament_index/resource_index/packages/msg_interfaces
[0.992s] -- Up-to-date: /home/stardust/eng_ws/install/msg_interfaces/share/msg_interfaces/cmake/export_msg_interfaces__rosidl_generator_cExport.cmake
[0.993s] -- Up-to-date: /home/stardust/eng_ws/install/msg_interfaces/share/msg_interfaces/cmake/export_msg_interfaces__rosidl_generator_cExport-noconfig.cmake
[0.993s] -- Up-to-date: /home/stardust/eng_ws/install/msg_interfaces/share/msg_interfaces/cmake/export_msg_interfaces__rosidl_typesupport_fastrtps_cExport.cmake
[0.993s] -- Up-to-date: /home/stardust/eng_ws/install/msg_interfaces/share/msg_interfaces/cmake/export_msg_interfaces__rosidl_typesupport_fastrtps_cExport-noconfig.cmake
[0.994s] -- Up-to-date: /home/stardust/eng_ws/install/msg_interfaces/share/msg_interfaces/cmake/msg_interfaces__rosidl_typesupport_introspection_cExport.cmake
[0.994s] -- Up-to-date: /home/stardust/eng_ws/install/msg_interfaces/share/msg_interfaces/cmake/msg_interfaces__rosidl_typesupport_introspection_cExport-noconfig.cmake
[0.995s] -- Up-to-date: /home/stardust/eng_ws/install/msg_interfaces/share/msg_interfaces/cmake/msg_interfaces__rosidl_typesupport_cExport.cmake
[0.996s] -- Up-to-date: /home/stardust/eng_ws/install/msg_interfaces/share/msg_interfaces/cmake/msg_interfaces__rosidl_typesupport_cExport-noconfig.cmake
[0.996s] -- Up-to-date: /home/stardust/eng_ws/install/msg_interfaces/share/msg_interfaces/cmake/export_msg_interfaces__rosidl_generator_cppExport.cmake
[0.997s] -- Up-to-date: /home/stardust/eng_ws/install/msg_interfaces/share/msg_interfaces/cmake/export_msg_interfaces__rosidl_typesupport_fastrtps_cppExport.cmake
[0.998s] -- Up-to-date: /home/stardust/eng_ws/install/msg_interfaces/share/msg_interfaces/cmake/export_msg_interfaces__rosidl_typesupport_fastrtps_cppExport-noconfig.cmake
[0.998s] -- Up-to-date: /home/stardust/eng_ws/install/msg_interfaces/share/msg_interfaces/cmake/msg_interfaces__rosidl_typesupport_introspection_cppExport.cmake
[0.999s] -- Up-to-date: /home/stardust/eng_ws/install/msg_interfaces/share/msg_interfaces/cmake/msg_interfaces__rosidl_typesupport_introspection_cppExport-noconfig.cmake
[1.000s] -- Up-to-date: /home/stardust/eng_ws/install/msg_interfaces/share/msg_interfaces/cmake/msg_interfaces__rosidl_typesupport_cppExport.cmake
[1.000s] -- Up-to-date: /home/stardust/eng_ws/install/msg_interfaces/share/msg_interfaces/cmake/msg_interfaces__rosidl_typesupport_cppExport-noconfig.cmake
[1.002s] -- Up-to-date: /home/stardust/eng_ws/install/msg_interfaces/share/msg_interfaces/cmake/export_msg_interfaces__rosidl_generator_pyExport.cmake
[1.003s] -- Up-to-date: /home/stardust/eng_ws/install/msg_interfaces/share/msg_interfaces/cmake/export_msg_interfaces__rosidl_generator_pyExport-noconfig.cmake
[1.004s] -- Up-to-date: /home/stardust/eng_ws/install/msg_interfaces/share/msg_interfaces/cmake/rosidl_cmake-extras.cmake
[1.004s] -- Up-to-date: /home/stardust/eng_ws/install/msg_interfaces/share/msg_interfaces/cmake/ament_cmake_export_include_directories-extras.cmake
[1.004s] -- Up-to-date: /home/stardust/eng_ws/install/msg_interfaces/share/msg_interfaces/cmake/ament_cmake_export_libraries-extras.cmake
[1.004s] -- Up-to-date: /home/stardust/eng_ws/install/msg_interfaces/share/msg_interfaces/cmake/ament_cmake_export_targets-extras.cmake
[1.004s] -- Up-to-date: /home/stardust/eng_ws/install/msg_interfaces/share/msg_interfaces/cmake/rosidl_cmake_export_typesupport_targets-extras.cmake
[1.004s] -- Up-to-date: /home/stardust/eng_ws/install/msg_interfaces/share/msg_interfaces/cmake/ament_cmake_export_dependencies-extras.cmake
[1.005s] -- Up-to-date: /home/stardust/eng_ws/install/msg_interfaces/share/msg_interfaces/cmake/rosidl_cmake_export_typesupport_libraries-extras.cmake
[1.005s] -- Up-to-date: /home/stardust/eng_ws/install/msg_interfaces/share/msg_interfaces/cmake/msg_interfacesConfig.cmake
[1.005s] -- Up-to-date: /home/stardust/eng_ws/install/msg_interfaces/share/msg_interfaces/cmake/msg_interfacesConfig-version.cmake
[1.005s] -- Up-to-date: /home/stardust/eng_ws/install/msg_interfaces/share/msg_interfaces/package.xml
[1.009s] Invoked command in '/home/stardust/eng_ws/build/msg_interfaces' returned '0': CMAKE_PREFIX_PATH=${CMAKE_PREFIX_PATH}:/opt/ros/iron /usr/bin/cmake --install /home/stardust/eng_ws/build/msg_interfaces
