[0.071s] Invoking command in '/home/stardust/eng_ws/build/msg_interfaces': CMAKE_PREFIX_PATH=/opt/ros/iron /usr/bin/cmake --build /home/stardust/eng_ws/build/msg_interfaces -- -j8 -l8
[0.137s] [  2%] [34m[1mGenerating type hashes for ROS interfaces[0m
[0.145s] [  2%] Built target ament_cmake_python_copy_msg_interfaces
[0.375s] [  2%] Built target msg_interfaces__rosidl_generator_type_description
[0.388s] [  5%] [34m[1mGenerating C code for ROS interfaces[0m
[0.404s] [  8%] [34m[1mGenerating C++ code for ROS interfaces[0m
[0.414s] running egg_info
[0.415s] creating msg_interfaces.egg-info
[0.416s] writing msg_interfaces.egg-info/PKG-INFO
[0.416s] writing dependency_links to msg_interfaces.egg-info/dependency_links.txt
[0.416s] writing top-level names to msg_interfaces.egg-info/top_level.txt
[0.416s] writing manifest file 'msg_interfaces.egg-info/SOURCES.txt'
[0.419s] reading manifest file 'msg_interfaces.egg-info/SOURCES.txt'
[0.420s] writing manifest file 'msg_interfaces.egg-info/SOURCES.txt'
[0.458s] [  8%] Built target ament_cmake_python_build_msg_interfaces_egg
[0.674s] [  8%] Built target msg_interfaces__cpp
[0.679s] [ 11%] [32mBuilding C object CMakeFiles/msg_interfaces__rosidl_generator_c.dir/rosidl_generator_c/msg_interfaces/msg/detail/angle__functions.c.o[0m
[0.679s] [ 14%] [32mBuilding C object CMakeFiles/msg_interfaces__rosidl_generator_c.dir/rosidl_generator_c/msg_interfaces/msg/detail/angle__description.c.o[0m
[0.679s] [ 17%] [32mBuilding C object CMakeFiles/msg_interfaces__rosidl_generator_c.dir/rosidl_generator_c/msg_interfaces/msg/detail/angle__type_support.c.o[0m
[0.739s] [ 20%] [32m[1mLinking C shared library libmsg_interfaces__rosidl_generator_c.so[0m
[0.785s] [ 20%] Built target msg_interfaces__rosidl_generator_c
[0.798s] [ 23%] [34m[1mGenerating C type support dispatch for ROS interfaces[0m
[0.798s] [ 26%] [34m[1mGenerating C introspection for ROS interfaces[0m
[0.799s] [ 29%] [34m[1mGenerating C type support for eProsima Fast-RTPS[0m
[0.799s] [ 32%] [34m[1mGenerating C++ type support dispatch for ROS interfaces[0m
[0.800s] [ 38%] [34m[1mGenerating C++ type support for eProsima Fast-RTPS[0m
[0.800s] [ 38%] [34m[1mGenerating C++ introspection for ROS interfaces[0m
[1.039s] [ 41%] [32mBuilding CXX object CMakeFiles/msg_interfaces__rosidl_typesupport_c.dir/rosidl_typesupport_c/msg_interfaces/msg/angle__type_support.cpp.o[0m
[1.067s] [ 47%] [32mBuilding C object CMakeFiles/msg_interfaces__rosidl_typesupport_introspection_c.dir/rosidl_typesupport_introspection_c/msg_interfaces/msg/detail/angle__type_support.c.o[0m
[1.067s] [ 50%] [32mBuilding CXX object CMakeFiles/msg_interfaces__rosidl_typesupport_fastrtps_c.dir/rosidl_typesupport_fastrtps_c/msg_interfaces/msg/detail/angle__type_support_c.cpp.o[0m
[1.068s] [ 50%] [32mBuilding CXX object CMakeFiles/msg_interfaces__rosidl_typesupport_introspection_cpp.dir/rosidl_typesupport_introspection_cpp/msg_interfaces/msg/detail/angle__type_support.cpp.o[0m
[1.080s] [ 52%] [32mBuilding CXX object CMakeFiles/msg_interfaces__rosidl_typesupport_cpp.dir/rosidl_typesupport_cpp/msg_interfaces/msg/angle__type_support.cpp.o[0m
[1.100s] [ 55%] [32m[1mLinking CXX shared library libmsg_interfaces__rosidl_typesupport_c.so[0m
[1.115s] [ 58%] [32m[1mLinking C shared library libmsg_interfaces__rosidl_typesupport_introspection_c.so[0m
[1.118s] [ 61%] [32mBuilding CXX object CMakeFiles/msg_interfaces__rosidl_typesupport_fastrtps_cpp.dir/rosidl_typesupport_fastrtps_cpp/msg_interfaces/msg/detail/dds_fastrtps/angle__type_support.cpp.o[0m
[1.164s] [ 61%] Built target msg_interfaces__rosidl_typesupport_c
[1.165s] [ 61%] Built target msg_interfaces__rosidl_typesupport_introspection_c
[1.453s] [ 64%] [32m[1mLinking CXX shared library libmsg_interfaces__rosidl_typesupport_fastrtps_c.so[0m
[1.465s] [ 70%] [32m[1mLinking CXX shared library libmsg_interfaces__rosidl_typesupport_introspection_cpp.so[0m
[1.465s] [ 70%] [32m[1mLinking CXX shared library libmsg_interfaces__rosidl_typesupport_cpp.so[0m
[1.534s] [ 70%] Built target msg_interfaces__rosidl_typesupport_introspection_cpp
[1.534s] [ 70%] Built target msg_interfaces__rosidl_typesupport_cpp
[1.576s] [ 70%] Built target msg_interfaces__rosidl_typesupport_fastrtps_c
[1.668s] [ 73%] [32m[1mLinking CXX shared library libmsg_interfaces__rosidl_typesupport_fastrtps_cpp.so[0m
[1.748s] [ 73%] Built target msg_interfaces__rosidl_typesupport_fastrtps_cpp
[1.775s] [ 73%] Built target msg_interfaces
[1.801s] [ 76%] [34m[1mGenerating Python code for ROS interfaces[0m
[2.100s] [ 76%] Built target msg_interfaces__py
[2.129s] [ 79%] [32mBuilding C object CMakeFiles/msg_interfaces__rosidl_generator_py.dir/rosidl_generator_py/msg_interfaces/msg/_angle_s.c.o[0m
[2.262s] [ 82%] [32m[1mLinking C shared library rosidl_generator_py/msg_interfaces/libmsg_interfaces__rosidl_generator_py.so[0m
[2.312s] [ 82%] Built target msg_interfaces__rosidl_generator_py
[2.339s] [ 85%] [32mBuilding C object CMakeFiles/msg_interfaces__rosidl_typesupport_c__pyext.dir/rosidl_generator_py/msg_interfaces/_msg_interfaces_s.ep.rosidl_typesupport_c.c.o[0m
[2.339s] [ 91%] [32mBuilding C object CMakeFiles/msg_interfaces__rosidl_typesupport_fastrtps_c__pyext.dir/rosidl_generator_py/msg_interfaces/_msg_interfaces_s.ep.rosidl_typesupport_fastrtps_c.c.o[0m
[2.339s] [ 91%] [32mBuilding C object CMakeFiles/msg_interfaces__rosidl_typesupport_introspection_c__pyext.dir/rosidl_generator_py/msg_interfaces/_msg_interfaces_s.ep.rosidl_typesupport_introspection_c.c.o[0m
[2.437s] [ 94%] [32m[1mLinking C shared library rosidl_generator_py/msg_interfaces/msg_interfaces_s__rosidl_typesupport_c.cpython-310-x86_64-linux-gnu.so[0m
[2.438s] [ 97%] [32m[1mLinking C shared library rosidl_generator_py/msg_interfaces/msg_interfaces_s__rosidl_typesupport_introspection_c.cpython-310-x86_64-linux-gnu.so[0m
[2.443s] [100%] [32m[1mLinking C shared library rosidl_generator_py/msg_interfaces/msg_interfaces_s__rosidl_typesupport_fastrtps_c.cpython-310-x86_64-linux-gnu.so[0m
[2.481s] [100%] Built target msg_interfaces__rosidl_typesupport_c__pyext
[2.482s] [100%] Built target msg_interfaces__rosidl_typesupport_introspection_c__pyext
[2.491s] [100%] Built target msg_interfaces__rosidl_typesupport_fastrtps_c__pyext
[2.509s] Invoked command in '/home/stardust/eng_ws/build/msg_interfaces' returned '0': CMAKE_PREFIX_PATH=/opt/ros/iron /usr/bin/cmake --build /home/stardust/eng_ws/build/msg_interfaces -- -j8 -l8
[2.611s] Invoking command in '/home/stardust/eng_ws/build/msg_interfaces': CMAKE_PREFIX_PATH=/opt/ros/iron /usr/bin/cmake --install /home/stardust/eng_ws/build/msg_interfaces
[2.620s] -- Install configuration: ""
[2.621s] -- Installing: /home/stardust/eng_ws/install/msg_interfaces/share/ament_index/resource_index/rosidl_interfaces/msg_interfaces
[2.621s] -- Installing: /home/stardust/eng_ws/install/msg_interfaces/share/msg_interfaces/msg/Angle.json
[2.621s] -- Up-to-date: /home/stardust/eng_ws/install/msg_interfaces/include/msg_interfaces/msg_interfaces
[2.621s] -- Up-to-date: /home/stardust/eng_ws/install/msg_interfaces/include/msg_interfaces/msg_interfaces/msg
[2.621s] -- Installing: /home/stardust/eng_ws/install/msg_interfaces/include/msg_interfaces/msg_interfaces/msg/angle.h
[2.622s] -- Up-to-date: /home/stardust/eng_ws/install/msg_interfaces/include/msg_interfaces/msg_interfaces/msg/detail
[2.622s] -- Installing: /home/stardust/eng_ws/install/msg_interfaces/include/msg_interfaces/msg_interfaces/msg/detail/angle__type_support.h
[2.622s] -- Installing: /home/stardust/eng_ws/install/msg_interfaces/include/msg_interfaces/msg_interfaces/msg/detail/angle__functions.c
[2.622s] -- Installing: /home/stardust/eng_ws/install/msg_interfaces/include/msg_interfaces/msg_interfaces/msg/detail/angle__description.c
[2.622s] -- Installing: /home/stardust/eng_ws/install/msg_interfaces/include/msg_interfaces/msg_interfaces/msg/detail/angle__type_support.c
[2.623s] -- Installing: /home/stardust/eng_ws/install/msg_interfaces/include/msg_interfaces/msg_interfaces/msg/detail/angle__struct.h
[2.623s] -- Installing: /home/stardust/eng_ws/install/msg_interfaces/include/msg_interfaces/msg_interfaces/msg/detail/angle__functions.h
[2.623s] -- Installing: /home/stardust/eng_ws/install/msg_interfaces/include/msg_interfaces/msg_interfaces/msg/rosidl_generator_c__visibility_control.h
[2.624s] -- Up-to-date: /home/stardust/eng_ws/install/msg_interfaces/share/msg_interfaces/environment/library_path.sh
[2.624s] -- Installing: /home/stardust/eng_ws/install/msg_interfaces/share/msg_interfaces/environment/library_path.dsv
[2.635s] -- Installing: /home/stardust/eng_ws/install/msg_interfaces/lib/libmsg_interfaces__rosidl_generator_c.so
[2.636s] -- Set runtime path of "/home/stardust/eng_ws/install/msg_interfaces/lib/libmsg_interfaces__rosidl_generator_c.so" to ""
[2.636s] -- Up-to-date: /home/stardust/eng_ws/install/msg_interfaces/include/msg_interfaces/msg_interfaces
[2.636s] -- Up-to-date: /home/stardust/eng_ws/install/msg_interfaces/include/msg_interfaces/msg_interfaces/msg
[2.636s] -- Installing: /home/stardust/eng_ws/install/msg_interfaces/include/msg_interfaces/msg_interfaces/msg/rosidl_typesupport_fastrtps_c__visibility_control.h
[2.637s] -- Up-to-date: /home/stardust/eng_ws/install/msg_interfaces/include/msg_interfaces/msg_interfaces/msg/detail
[2.637s] -- Installing: /home/stardust/eng_ws/install/msg_interfaces/include/msg_interfaces/msg_interfaces/msg/detail/angle__rosidl_typesupport_fastrtps_c.h
[2.637s] -- Installing: /home/stardust/eng_ws/install/msg_interfaces/lib/libmsg_interfaces__rosidl_typesupport_fastrtps_c.so
[2.638s] -- Set runtime path of "/home/stardust/eng_ws/install/msg_interfaces/lib/libmsg_interfaces__rosidl_typesupport_fastrtps_c.so" to ""
[2.638s] -- Up-to-date: /home/stardust/eng_ws/install/msg_interfaces/include/msg_interfaces/msg_interfaces
[2.638s] -- Up-to-date: /home/stardust/eng_ws/install/msg_interfaces/include/msg_interfaces/msg_interfaces/msg
[2.639s] -- Up-to-date: /home/stardust/eng_ws/install/msg_interfaces/include/msg_interfaces/msg_interfaces/msg/detail
[2.639s] -- Installing: /home/stardust/eng_ws/install/msg_interfaces/include/msg_interfaces/msg_interfaces/msg/detail/angle__type_support.c
[2.639s] -- Installing: /home/stardust/eng_ws/install/msg_interfaces/include/msg_interfaces/msg_interfaces/msg/detail/angle__rosidl_typesupport_introspection_c.h
[2.639s] -- Installing: /home/stardust/eng_ws/install/msg_interfaces/include/msg_interfaces/msg_interfaces/msg/rosidl_typesupport_introspection_c__visibility_control.h
[2.640s] -- Installing: /home/stardust/eng_ws/install/msg_interfaces/lib/libmsg_interfaces__rosidl_typesupport_introspection_c.so
[2.641s] -- Set runtime path of "/home/stardust/eng_ws/install/msg_interfaces/lib/libmsg_interfaces__rosidl_typesupport_introspection_c.so" to ""
[2.641s] -- Installing: /home/stardust/eng_ws/install/msg_interfaces/lib/libmsg_interfaces__rosidl_typesupport_c.so
[2.642s] -- Set runtime path of "/home/stardust/eng_ws/install/msg_interfaces/lib/libmsg_interfaces__rosidl_typesupport_c.so" to ""
[2.642s] -- Up-to-date: /home/stardust/eng_ws/install/msg_interfaces/include/msg_interfaces/msg_interfaces
[2.642s] -- Up-to-date: /home/stardust/eng_ws/install/msg_interfaces/include/msg_interfaces/msg_interfaces/msg
[2.642s] -- Installing: /home/stardust/eng_ws/install/msg_interfaces/include/msg_interfaces/msg_interfaces/msg/angle.hpp
[2.643s] -- Up-to-date: /home/stardust/eng_ws/install/msg_interfaces/include/msg_interfaces/msg_interfaces/msg/detail
[2.643s] -- Installing: /home/stardust/eng_ws/install/msg_interfaces/include/msg_interfaces/msg_interfaces/msg/detail/angle__builder.hpp
[2.643s] -- Installing: /home/stardust/eng_ws/install/msg_interfaces/include/msg_interfaces/msg_interfaces/msg/detail/angle__traits.hpp
[2.644s] -- Installing: /home/stardust/eng_ws/install/msg_interfaces/include/msg_interfaces/msg_interfaces/msg/detail/angle__struct.hpp
[2.644s] -- Up-to-date: /home/stardust/eng_ws/install/msg_interfaces/include/msg_interfaces/msg_interfaces
[2.644s] -- Up-to-date: /home/stardust/eng_ws/install/msg_interfaces/include/msg_interfaces/msg_interfaces/msg
[2.644s] -- Installing: /home/stardust/eng_ws/install/msg_interfaces/include/msg_interfaces/msg_interfaces/msg/rosidl_typesupport_fastrtps_cpp__visibility_control.h
[2.645s] -- Up-to-date: /home/stardust/eng_ws/install/msg_interfaces/include/msg_interfaces/msg_interfaces/msg/detail
[2.645s] -- Installing: /home/stardust/eng_ws/install/msg_interfaces/include/msg_interfaces/msg_interfaces/msg/detail/angle__rosidl_typesupport_fastrtps_cpp.hpp
[2.645s] -- Up-to-date: /home/stardust/eng_ws/install/msg_interfaces/include/msg_interfaces/msg_interfaces/msg/detail/dds_fastrtps
[2.646s] -- Installing: /home/stardust/eng_ws/install/msg_interfaces/lib/libmsg_interfaces__rosidl_typesupport_fastrtps_cpp.so
[2.647s] -- Set runtime path of "/home/stardust/eng_ws/install/msg_interfaces/lib/libmsg_interfaces__rosidl_typesupport_fastrtps_cpp.so" to ""
[2.647s] -- Up-to-date: /home/stardust/eng_ws/install/msg_interfaces/include/msg_interfaces/msg_interfaces
[2.647s] -- Up-to-date: /home/stardust/eng_ws/install/msg_interfaces/include/msg_interfaces/msg_interfaces/msg
[2.648s] -- Up-to-date: /home/stardust/eng_ws/install/msg_interfaces/include/msg_interfaces/msg_interfaces/msg/detail
[2.648s] -- Installing: /home/stardust/eng_ws/install/msg_interfaces/include/msg_interfaces/msg_interfaces/msg/detail/angle__type_support.cpp
[2.648s] -- Installing: /home/stardust/eng_ws/install/msg_interfaces/include/msg_interfaces/msg_interfaces/msg/detail/angle__rosidl_typesupport_introspection_cpp.hpp
[2.648s] -- Installing: /home/stardust/eng_ws/install/msg_interfaces/lib/libmsg_interfaces__rosidl_typesupport_introspection_cpp.so
[2.649s] -- Set runtime path of "/home/stardust/eng_ws/install/msg_interfaces/lib/libmsg_interfaces__rosidl_typesupport_introspection_cpp.so" to ""
[2.649s] -- Installing: /home/stardust/eng_ws/install/msg_interfaces/lib/libmsg_interfaces__rosidl_typesupport_cpp.so
[2.650s] -- Set runtime path of "/home/stardust/eng_ws/install/msg_interfaces/lib/libmsg_interfaces__rosidl_typesupport_cpp.so" to ""
[2.650s] -- Installing: /home/stardust/eng_ws/install/msg_interfaces/share/msg_interfaces/environment/pythonpath.sh
[2.650s] -- Installing: /home/stardust/eng_ws/install/msg_interfaces/share/msg_interfaces/environment/pythonpath.dsv
[2.651s] -- Installing: /home/stardust/eng_ws/install/msg_interfaces/lib/python3.10/site-packages/msg_interfaces-0.0.0-py3.10.egg-info
[2.651s] -- Installing: /home/stardust/eng_ws/install/msg_interfaces/lib/python3.10/site-packages/msg_interfaces-0.0.0-py3.10.egg-info/PKG-INFO
[2.651s] -- Installing: /home/stardust/eng_ws/install/msg_interfaces/lib/python3.10/site-packages/msg_interfaces-0.0.0-py3.10.egg-info/dependency_links.txt
[2.651s] -- Installing: /home/stardust/eng_ws/install/msg_interfaces/lib/python3.10/site-packages/msg_interfaces-0.0.0-py3.10.egg-info/SOURCES.txt
[2.651s] -- Installing: /home/stardust/eng_ws/install/msg_interfaces/lib/python3.10/site-packages/msg_interfaces-0.0.0-py3.10.egg-info/top_level.txt
[2.652s] -- Installing: /home/stardust/eng_ws/install/msg_interfaces/lib/python3.10/site-packages/msg_interfaces
[2.652s] -- Installing: /home/stardust/eng_ws/install/msg_interfaces/lib/python3.10/site-packages/msg_interfaces/msg
[2.652s] -- Installing: /home/stardust/eng_ws/install/msg_interfaces/lib/python3.10/site-packages/msg_interfaces/msg/__init__.py
[2.652s] -- Installing: /home/stardust/eng_ws/install/msg_interfaces/lib/python3.10/site-packages/msg_interfaces/msg/_angle_s.c
[2.652s] -- Installing: /home/stardust/eng_ws/install/msg_interfaces/lib/python3.10/site-packages/msg_interfaces/msg/_angle.py
[2.653s] -- Installing: /home/stardust/eng_ws/install/msg_interfaces/lib/python3.10/site-packages/msg_interfaces/msg_interfaces_s__rosidl_typesupport_introspection_c.cpython-310-x86_64-linux-gnu.so
[2.653s] -- Installing: /home/stardust/eng_ws/install/msg_interfaces/lib/python3.10/site-packages/msg_interfaces/_msg_interfaces_s.ep.rosidl_typesupport_c.c
[2.653s] -- Installing: /home/stardust/eng_ws/install/msg_interfaces/lib/python3.10/site-packages/msg_interfaces/_msg_interfaces_s.ep.rosidl_typesupport_introspection_c.c
[2.653s] -- Installing: /home/stardust/eng_ws/install/msg_interfaces/lib/python3.10/site-packages/msg_interfaces/msg_interfaces_s__rosidl_typesupport_fastrtps_c.cpython-310-x86_64-linux-gnu.so
[2.654s] -- Installing: /home/stardust/eng_ws/install/msg_interfaces/lib/python3.10/site-packages/msg_interfaces/__init__.py
[2.654s] -- Installing: /home/stardust/eng_ws/install/msg_interfaces/lib/python3.10/site-packages/msg_interfaces/_msg_interfaces_s.ep.rosidl_typesupport_fastrtps_c.c
[2.654s] -- Installing: /home/stardust/eng_ws/install/msg_interfaces/lib/python3.10/site-packages/msg_interfaces/msg_interfaces_s__rosidl_typesupport_c.cpython-310-x86_64-linux-gnu.so
[2.654s] -- Installing: /home/stardust/eng_ws/install/msg_interfaces/lib/python3.10/site-packages/msg_interfaces/libmsg_interfaces__rosidl_generator_py.so
[2.690s] Listing '/home/stardust/eng_ws/install/msg_interfaces/lib/python3.10/site-packages/msg_interfaces'...
[2.690s] Compiling '/home/stardust/eng_ws/install/msg_interfaces/lib/python3.10/site-packages/msg_interfaces/__init__.py'...
[2.690s] Listing '/home/stardust/eng_ws/install/msg_interfaces/lib/python3.10/site-packages/msg_interfaces/msg'...
[2.691s] Compiling '/home/stardust/eng_ws/install/msg_interfaces/lib/python3.10/site-packages/msg_interfaces/msg/__init__.py'...
[2.691s] Compiling '/home/stardust/eng_ws/install/msg_interfaces/lib/python3.10/site-packages/msg_interfaces/msg/_angle.py'...
[2.695s] -- Installing: /home/stardust/eng_ws/install/msg_interfaces/lib/python3.10/site-packages/msg_interfaces/msg_interfaces_s__rosidl_typesupport_fastrtps_c.cpython-310-x86_64-linux-gnu.so
[2.696s] -- Set runtime path of "/home/stardust/eng_ws/install/msg_interfaces/lib/python3.10/site-packages/msg_interfaces/msg_interfaces_s__rosidl_typesupport_fastrtps_c.cpython-310-x86_64-linux-gnu.so" to ""
[2.696s] -- Installing: /home/stardust/eng_ws/install/msg_interfaces/lib/python3.10/site-packages/msg_interfaces/msg_interfaces_s__rosidl_typesupport_introspection_c.cpython-310-x86_64-linux-gnu.so
[2.696s] -- Set runtime path of "/home/stardust/eng_ws/install/msg_interfaces/lib/python3.10/site-packages/msg_interfaces/msg_interfaces_s__rosidl_typesupport_introspection_c.cpython-310-x86_64-linux-gnu.so" to ""
[2.697s] -- Installing: /home/stardust/eng_ws/install/msg_interfaces/lib/python3.10/site-packages/msg_interfaces/msg_interfaces_s__rosidl_typesupport_c.cpython-310-x86_64-linux-gnu.so
[2.697s] -- Set runtime path of "/home/stardust/eng_ws/install/msg_interfaces/lib/python3.10/site-packages/msg_interfaces/msg_interfaces_s__rosidl_typesupport_c.cpython-310-x86_64-linux-gnu.so" to ""
[2.698s] -- Installing: /home/stardust/eng_ws/install/msg_interfaces/lib/libmsg_interfaces__rosidl_generator_py.so
[2.699s] -- Set runtime path of "/home/stardust/eng_ws/install/msg_interfaces/lib/libmsg_interfaces__rosidl_generator_py.so" to ""
[2.699s] -- Installing: /home/stardust/eng_ws/install/msg_interfaces/share/msg_interfaces/msg/Angle.idl
[2.700s] -- Up-to-date: /home/stardust/eng_ws/install/msg_interfaces/share/msg_interfaces/msg/Angle.msg
[2.700s] -- Installing: /home/stardust/eng_ws/install/msg_interfaces/share/ament_index/resource_index/package_run_dependencies/msg_interfaces
[2.700s] -- Installing: /home/stardust/eng_ws/install/msg_interfaces/share/ament_index/resource_index/parent_prefix_path/msg_interfaces
[2.700s] -- Up-to-date: /home/stardust/eng_ws/install/msg_interfaces/share/msg_interfaces/environment/ament_prefix_path.sh
[2.700s] -- Installing: /home/stardust/eng_ws/install/msg_interfaces/share/msg_interfaces/environment/ament_prefix_path.dsv
[2.701s] -- Up-to-date: /home/stardust/eng_ws/install/msg_interfaces/share/msg_interfaces/environment/path.sh
[2.701s] -- Installing: /home/stardust/eng_ws/install/msg_interfaces/share/msg_interfaces/environment/path.dsv
[2.701s] -- Installing: /home/stardust/eng_ws/install/msg_interfaces/share/msg_interfaces/local_setup.bash
[2.701s] -- Installing: /home/stardust/eng_ws/install/msg_interfaces/share/msg_interfaces/local_setup.sh
[2.701s] -- Installing: /home/stardust/eng_ws/install/msg_interfaces/share/msg_interfaces/local_setup.zsh
[2.702s] -- Installing: /home/stardust/eng_ws/install/msg_interfaces/share/msg_interfaces/local_setup.dsv
[2.702s] -- Installing: /home/stardust/eng_ws/install/msg_interfaces/share/msg_interfaces/package.dsv
[2.702s] -- Installing: /home/stardust/eng_ws/install/msg_interfaces/share/ament_index/resource_index/packages/msg_interfaces
[2.703s] -- Installing: /home/stardust/eng_ws/install/msg_interfaces/share/msg_interfaces/cmake/export_msg_interfaces__rosidl_generator_cExport.cmake
[2.703s] -- Installing: /home/stardust/eng_ws/install/msg_interfaces/share/msg_interfaces/cmake/export_msg_interfaces__rosidl_generator_cExport-noconfig.cmake
[2.704s] -- Installing: /home/stardust/eng_ws/install/msg_interfaces/share/msg_interfaces/cmake/export_msg_interfaces__rosidl_typesupport_fastrtps_cExport.cmake
[2.704s] -- Installing: /home/stardust/eng_ws/install/msg_interfaces/share/msg_interfaces/cmake/export_msg_interfaces__rosidl_typesupport_fastrtps_cExport-noconfig.cmake
[2.705s] -- Installing: /home/stardust/eng_ws/install/msg_interfaces/share/msg_interfaces/cmake/msg_interfaces__rosidl_typesupport_introspection_cExport.cmake
[2.705s] -- Installing: /home/stardust/eng_ws/install/msg_interfaces/share/msg_interfaces/cmake/msg_interfaces__rosidl_typesupport_introspection_cExport-noconfig.cmake
[2.705s] -- Installing: /home/stardust/eng_ws/install/msg_interfaces/share/msg_interfaces/cmake/msg_interfaces__rosidl_typesupport_cExport.cmake
[2.706s] -- Installing: /home/stardust/eng_ws/install/msg_interfaces/share/msg_interfaces/cmake/msg_interfaces__rosidl_typesupport_cExport-noconfig.cmake
[2.706s] -- Installing: /home/stardust/eng_ws/install/msg_interfaces/share/msg_interfaces/cmake/export_msg_interfaces__rosidl_generator_cppExport.cmake
[2.707s] -- Installing: /home/stardust/eng_ws/install/msg_interfaces/share/msg_interfaces/cmake/export_msg_interfaces__rosidl_typesupport_fastrtps_cppExport.cmake
[2.707s] -- Installing: /home/stardust/eng_ws/install/msg_interfaces/share/msg_interfaces/cmake/export_msg_interfaces__rosidl_typesupport_fastrtps_cppExport-noconfig.cmake
[2.708s] -- Installing: /home/stardust/eng_ws/install/msg_interfaces/share/msg_interfaces/cmake/msg_interfaces__rosidl_typesupport_introspection_cppExport.cmake
[2.708s] -- Installing: /home/stardust/eng_ws/install/msg_interfaces/share/msg_interfaces/cmake/msg_interfaces__rosidl_typesupport_introspection_cppExport-noconfig.cmake
[2.709s] -- Installing: /home/stardust/eng_ws/install/msg_interfaces/share/msg_interfaces/cmake/msg_interfaces__rosidl_typesupport_cppExport.cmake
[2.709s] -- Installing: /home/stardust/eng_ws/install/msg_interfaces/share/msg_interfaces/cmake/msg_interfaces__rosidl_typesupport_cppExport-noconfig.cmake
[2.710s] -- Installing: /home/stardust/eng_ws/install/msg_interfaces/share/msg_interfaces/cmake/export_msg_interfaces__rosidl_generator_pyExport.cmake
[2.710s] -- Installing: /home/stardust/eng_ws/install/msg_interfaces/share/msg_interfaces/cmake/export_msg_interfaces__rosidl_generator_pyExport-noconfig.cmake
[2.710s] -- Installing: /home/stardust/eng_ws/install/msg_interfaces/share/msg_interfaces/cmake/rosidl_cmake-extras.cmake
[2.710s] -- Installing: /home/stardust/eng_ws/install/msg_interfaces/share/msg_interfaces/cmake/ament_cmake_export_include_directories-extras.cmake
[2.711s] -- Installing: /home/stardust/eng_ws/install/msg_interfaces/share/msg_interfaces/cmake/ament_cmake_export_libraries-extras.cmake
[2.711s] -- Installing: /home/stardust/eng_ws/install/msg_interfaces/share/msg_interfaces/cmake/ament_cmake_export_targets-extras.cmake
[2.711s] -- Installing: /home/stardust/eng_ws/install/msg_interfaces/share/msg_interfaces/cmake/rosidl_cmake_export_typesupport_targets-extras.cmake
[2.712s] -- Installing: /home/stardust/eng_ws/install/msg_interfaces/share/msg_interfaces/cmake/ament_cmake_export_dependencies-extras.cmake
[2.712s] -- Installing: /home/stardust/eng_ws/install/msg_interfaces/share/msg_interfaces/cmake/rosidl_cmake_export_typesupport_libraries-extras.cmake
[2.712s] -- Installing: /home/stardust/eng_ws/install/msg_interfaces/share/msg_interfaces/cmake/msg_interfacesConfig.cmake
[2.712s] -- Installing: /home/stardust/eng_ws/install/msg_interfaces/share/msg_interfaces/cmake/msg_interfacesConfig-version.cmake
[2.713s] -- Up-to-date: /home/stardust/eng_ws/install/msg_interfaces/share/msg_interfaces/package.xml
[2.716s] Invoked command in '/home/stardust/eng_ws/build/msg_interfaces' returned '0': CMAKE_PREFIX_PATH=/opt/ros/iron /usr/bin/cmake --install /home/stardust/eng_ws/build/msg_interfaces
